Running only task # 398
Using max depth 33
 |                                        | 0 / 416 (0.0%)Function count: 142
0.0363691
0.038735
0.0785813
0.0835668
0.0813375
0.0867916
0.0356025
0.0375595
0.0784697
0.083667
0.0798342
0.0853838
0.0866366
0.0950872
 34.4 ±  0.0 ms - Piece loop time
 50.8 ± 43.7 ms - Set time
 26.5 ±  1.5 ms - Child looking time
0.0508151
0.0538887
0.0716881
582.7 ±  0.0 ms - Total time
527.6 ±  0.0 ms - Build f time
 15.5 ±  0.4 ms - Apply f time
463.3 ±  5.8 ms - Real f time 
 96.2 ±  8.6 ms - Add time
  2.9 ±  0.2 ms - Find child
  3.7 ±  0.2 ms - Add child
 82.2 ±  0.9 ms - Hash
 82.7 ± 36.8 ms - Map
 18.2 ±  0.9 ms - getState
0.0965456
0.101649
0.158105
740.8 ±  0.0 ms - Total time
624.2 ±  0.0 ms - Build f time
 26.0 ±  0.6 ms - Apply f time
552.4 ±  6.2 ms - Real f time 
127.3 ±  8.6 ms - Add time
  5.8 ±  0.3 ms - Find child
  7.1 ±  0.3 ms - Add child
109.4 ±  1.1 ms - Hash
100.3 ± 36.8 ms - Map
 31.6 ±  1.0 ms - getState
0.0822571
0.0878428
0.151606
892.5 ±  0.0 ms - Total time
706.4 ±  0.0 ms - Build f time
 38.6 ±  0.7 ms - Apply f time
628.1 ±  6.4 ms - Real f time 
162.8 ±  8.6 ms - Add time
  9.3 ±  0.4 ms - Find child
 11.7 ±  0.4 ms - Add child
136.8 ±  1.2 ms - Hash
117.7 ± 36.8 ms - Map
 46.2 ±  1.0 ms - getState
0.0364663
0.0385393
0.0558175
948.3 ±  0.0 ms - Total time
742.9 ±  0.0 ms - Build f time
 43.5 ±  0.7 ms - Apply f time
664.7 ±  6.4 ms - Real f time 
174.1 ±  8.7 ms - Add time
 10.7 ±  0.4 ms - Find child
 13.6 ±  0.4 ms - Add child
146.2 ±  1.2 ms - Hash
124.9 ± 36.8 ms - Map
 50.7 ±  1.1 ms - getState
0.082782
0.0880965
0.145207
1093.6 ±  0.0 ms - Total time
825.7 ±  0.0 ms - Build f time
 54.5 ±  0.8 ms - Apply f time
740.4 ±  6.6 ms - Real f time 
205.1 ±  8.7 ms - Add time
 13.3 ±  0.5 ms - Find child
 17.6 ±  0.6 ms - Add child
172.0 ±  1.3 ms - Hash
144.4 ± 36.9 ms - Map
 64.1 ±  1.1 ms - getState
0.0825203
0.0881029
0.146994
1240.6 ±  0.0 ms - Total time
908.2 ±  0.0 ms - Build f time
 65.9 ±  0.9 ms - Apply f time
819.6 ±  6.8 ms - Real f time 
237.5 ±  8.7 ms - Add time
 16.8 ±  0.5 ms - Find child
 21.1 ±  0.6 ms - Add child
200.2 ±  1.4 ms - Hash
161.7 ± 36.8 ms - Map
 78.1 ±  1.2 ms - getState
0.0828439
0.0883998
0.148983
1389.6 ±  0.0 ms - Total time
991.1 ±  0.0 ms - Build f time
 76.9 ±  0.9 ms - Apply f time
900.0 ±  6.9 ms - Real f time 
269.3 ±  8.7 ms - Add time
 19.9 ±  0.5 ms - Find child
 25.3 ±  0.7 ms - Add child
227.4 ±  1.5 ms - Hash
217.6 ± 52.4 ms - Map
 91.8 ±  1.2 ms - getState
Dag sizes: 42542 99031 106810 43579 98748 106471 104077 
brutePieces time: 0.883249
117.2 ±  0.0 ms - Piece loop time
 67.3 ± 44.2 ms - Set time
 84.4 ±  1.8 ms - Child looking time
Nodes:  601258
Pieces: 85405
makePieces time: 0.118558
Memory: 6.6 + 24.0 + 19.2 + 39.0 + 5.8 MB
 17.7 ±  1.3 ms - Greedy fill time
composePieces time: 1.50496
                                                                                