Running only task # 374
Using max depth 33
 |                                        | 0 / 416 (0.0%)Function count: 142
0.0776585
0.083016
0.121827
0.130599
0.0395755
0.0421456
0.0774925
0.0830052
0.132974
0.141483
0.0426556
0.0454402
0.111289
0.121072
 61.8 ±  0.0 ms - Piece loop time
 39.8 ± 31.3 ms - Set time
 52.5 ±  1.9 ms - Child looking time
0.0754458
0.0804372
0.14753
794.6 ±  0.0 ms - Total time
678.9 ±  0.0 ms - Build f time
 27.5 ±  0.6 ms - Apply f time
530.9 ±  4.1 ms - Real f time 
149.5 ±  2.7 ms - Add time
  5.1 ±  0.3 ms - Find child
  6.4 ±  0.3 ms - Add child
117.4 ±  1.1 ms - Hash
121.6 ± 41.1 ms - Map
 35.0 ±  0.9 ms - getState
0.127498
0.135693
0.245989
1040.6 ±  0.0 ms - Total time
806.4 ±  0.0 ms - Build f time
 46.3 ±  0.8 ms - Apply f time
644.9 ±  5.4 ms - Real f time 
207.6 ±  2.9 ms - Add time
  9.8 ±  0.4 ms - Find child
 12.6 ±  0.4 ms - Add child
164.3 ±  1.4 ms - Hash
151.6 ± 41.1 ms - Map
 64.9 ±  1.0 ms - getState
0.0424667
0.0449151
0.0696828
1110.3 ±  0.0 ms - Total time
848.9 ±  0.0 ms - Build f time
 51.7 ±  0.8 ms - Apply f time
682.5 ±  5.5 ms - Real f time 
222.8 ±  3.0 ms - Add time
 11.4 ±  0.4 ms - Find child
 14.4 ±  0.4 ms - Add child
176.4 ±  1.4 ms - Hash
161.5 ± 41.1 ms - Map
 71.7 ±  1.1 ms - getState
0.0799361
0.0852878
0.158554
1268.9 ±  0.0 ms - Total time
928.8 ±  0.0 ms - Build f time
 66.6 ±  0.9 ms - Apply f time
757.0 ±  5.6 ms - Real f time 
259.1 ±  3.2 ms - Add time
 15.2 ±  0.4 ms - Find child
 19.6 ±  0.5 ms - Add child
203.8 ±  1.5 ms - Hash
181.5 ± 41.1 ms - Map
 92.4 ±  1.2 ms - getState
0.139889
0.148403
0.267577
1536.5 ±  0.0 ms - Total time
1068.7 ±  0.0 ms - Build f time
 87.2 ±  1.1 ms - Apply f time
879.4 ±  6.3 ms - Real f time 
325.1 ±  3.7 ms - Add time
 20.0 ±  0.5 ms - Find child
 26.8 ±  0.6 ms - Add child
251.8 ±  1.7 ms - Hash
208.4 ± 41.1 ms - Map
124.7 ±  1.4 ms - getState
0.0397932
0.0423067
0.0675868
1604.2 ±  0.0 ms - Total time
1108.5 ±  0.0 ms - Build f time
 92.5 ±  1.1 ms - Apply f time
917.5 ±  6.4 ms - Real f time 
338.7 ±  3.7 ms - Add time
 21.5 ±  0.5 ms - Find child
 29.1 ±  0.6 ms - Add child
264.5 ±  1.7 ms - Hash
254.3 ± 56.2 ms - Map
131.5 ±  1.4 ms - getState
0.111704
0.121762
0.221764
1826.0 ±  0.0 ms - Total time
1220.2 ±  0.0 ms - Build f time
112.0 ±  1.2 ms - Apply f time
1018.4 ±  6.6 ms - Real f time 
391.1 ±  3.8 ms - Add time
 27.3 ±  0.6 ms - Find child
 36.9 ±  0.7 ms - Add child
302.9 ±  1.8 ms - Hash
280.7 ± 56.1 ms - Map
160.4 ±  1.5 ms - getState
Dag sizes: 103721 152513 47929 107363 159256 48151 176582 
brutePieces time: 1.18412
181.6 ±  0.0 ms - Piece loop time
115.2 ± 62.4 ms - Set time
145.4 ±  2.3 ms - Child looking time
Nodes:  795515
Pieces: 141376
makePieces time: 0.182953
Memory: 10.0 + 30.2 + 25.5 + 42.1 + 9.3 MB
 30.5 ±  1.4 ms - Greedy fill time
composePieces time: 3.42734
                                                                                