Running only task # 127
Using max depth 4
 |                                        | 0 / 416 (0.0%)Function count: 142
0.03039
0.0339389
0.0409416
0.0458357
0.0639894
0.0714176
0.084714
0.0927299
 22.4 ±  0.0 ms - Piece loop time
 42.0 ± 37.7 ms - Set time
 18.3 ±  0.8 ms - Child looking time
0.617776
0.674251
0.831774
1075.8 ±  0.0 ms - Total time
837.8 ±  0.0 ms - Build f time
 69.1 ±  1.3 ms - Apply f time
781.7 ±  4.2 ms - Real f time 
172.3 ±  2.0 ms - Add time
 19.8 ±  0.5 ms - Find child
 23.5 ±  0.6 ms - Add child
157.0 ±  1.8 ms - Hash
161.6 ± 39.0 ms - Map
 67.1 ±  1.0 ms - getState
0.893249
0.979153
1.24944
2325.3 ±  0.0 ms - Total time
1731.1 ±  0.0 ms - Build f time
155.4 ±  1.6 ms - Apply f time
1611.8 ±  7.4 ms - Real f time 
387.9 ± 13.2 ms - Add time
 46.3 ±  0.8 ms - Find child
 56.1 ±  0.9 ms - Add child
346.4 ±  2.4 ms - Hash
307.6 ± 38.9 ms - Map
160.7 ±  1.4 ms - getState
1.45806
1.61026
2.00011
4325.4 ±  0.0 ms - Total time
3189.1 ±  0.0 ms - Build f time
279.0 ±  2.1 ms - Apply f time
2878.4 ± 10.0 ms - Real f time 
691.0 ± 13.5 ms - Add time
 72.6 ±  1.2 ms - Find child
 92.0 ±  1.1 ms - Add child
686.6 ±  3.2 ms - Hash
505.2 ± 39.7 ms - Map
303.5 ±  2.2 ms - getState
1.66132
1.80381
2.29933
6624.8 ±  0.0 ms - Total time
4850.4 ±  0.0 ms - Build f time
409.9 ±  2.6 ms - Apply f time
4329.5 ± 24.0 ms - Real f time 
1033.3 ± 14.3 ms - Add time
105.8 ±  1.4 ms - Find child
131.1 ±  1.3 ms - Add child
1127.5 ±  9.0 ms - Hash
733.6 ± 39.8 ms - Map
456.6 ±  2.9 ms - getState
Dag sizes: 418900 572387 682086 749251 
brutePieces time: 6.38389
1356.3 ±  0.0 ms - Piece loop time
383.1 ± 24.7 ms - Set time
926.3 ±  4.9 ms - Child looking time
Nodes:  2422624
Pieces: 204781
makePieces time: 1.3579
Memory: 34.4 + 151.9 + 77.5 + 59.7 + 36.9 MB
  0.6 ±  0.0 ms - Greedy fill time
composePieces time: 0.259052
                                                                                