Running only task # 384
Using max depth 33
 |                                        | 0 / 416 (0.0%)Function count: 142
0.137624
0.15423
0.110636
0.123077
0.125591
0.140196
0.103205
0.11205
0.0758615
0.0821637
0.0968742
0.105033
0.13406
0.150663
0.109362
0.121731
0.127254
0.142686
0.108918
0.118011
0.0749011
0.0806275
0.0997807
0.108252
0.133992
0.152513
164.6 ±  0.0 ms - Piece loop time
 51.2 ± 35.0 ms - Set time
138.9 ±  2.9 ms - Child looking time
0.142005
0.158712
0.196386
1793.8 ±  0.0 ms - Total time
1580.1 ±  0.0 ms - Build f time
 63.5 ±  0.9 ms - Apply f time
1247.0 ±  9.2 ms - Real f time 
341.4 ±  8.4 ms - Add time
  6.8 ±  0.3 ms - Find child
  9.4 ±  0.3 ms - Add child
260.4 ±  1.7 ms - Hash
195.6 ± 44.8 ms - Map
 71.3 ±  0.8 ms - getState
0.129635
0.142797
0.172459
1966.2 ±  0.0 ms - Total time
1709.7 ±  0.0 ms - Build f time
 72.4 ±  1.0 ms - Apply f time
1358.0 ± 12.2 ms - Real f time 
373.1 ±  8.5 ms - Add time
  9.1 ±  0.3 ms - Find child
 11.9 ±  0.4 ms - Add child
285.7 ±  1.7 ms - Hash
215.2 ± 44.8 ms - Map
 87.7 ±  0.9 ms - getState
0.126864
0.142002
0.183883
2150.2 ±  0.0 ms - Total time
1836.6 ±  0.0 ms - Build f time
 84.5 ±  1.1 ms - Apply f time
1463.6 ± 12.4 ms - Real f time 
406.8 ±  8.6 ms - Add time
 12.1 ±  0.4 ms - Find child
 15.7 ±  0.4 ms - Add child
312.8 ±  1.8 ms - Hash
236.8 ± 44.7 ms - Map
111.9 ±  1.4 ms - getState
0.117687
0.12672
0.151093
2301.3 ±  0.0 ms - Total time
1954.2 ±  0.0 ms - Build f time
 91.3 ±  1.1 ms - Apply f time
1555.6 ± 12.5 ms - Real f time 
433.1 ±  8.6 ms - Add time
 14.3 ±  0.4 ms - Find child
 18.4 ±  0.5 ms - Add child
334.9 ±  1.9 ms - Hash
252.8 ± 44.7 ms - Map
126.2 ±  1.5 ms - getState
0.0783606
0.0843308
0.0992161
2400.6 ±  0.0 ms - Total time
2032.6 ±  0.0 ms - Build f time
 95.5 ±  1.2 ms - Apply f time
1617.9 ± 12.5 ms - Real f time 
450.8 ±  8.7 ms - Add time
 15.6 ±  0.4 ms - Find child
 20.4 ±  0.5 ms - Add child
351.1 ±  1.9 ms - Hash
263.7 ± 44.7 ms - Map
134.1 ±  1.5 ms - getState
0.104321
0.113023
0.135668
2536.3 ±  0.0 ms - Total time
2136.9 ±  0.0 ms - Build f time
102.3 ±  1.2 ms - Apply f time
1701.1 ± 12.7 ms - Real f time 
474.0 ±  8.7 ms - Add time
 17.7 ±  0.6 ms - Find child
 22.9 ±  0.5 ms - Add child
373.0 ±  2.0 ms - Hash
281.9 ± 44.8 ms - Map
146.9 ±  1.6 ms - getState
0.146142
0.162409
0.200139
2736.4 ±  0.0 ms - Total time
2283.1 ±  0.0 ms - Build f time
113.0 ±  1.3 ms - Apply f time
1822.2 ± 13.0 ms - Real f time 
520.7 ± 12.3 ms - Add time
 20.3 ±  0.7 ms - Find child
 26.7 ±  0.6 ms - Add child
402.8 ±  2.1 ms - Hash
324.7 ± 49.0 ms - Map
168.4 ±  1.7 ms - getState
0.140395
0.153959
0.190744
2927.2 ±  0.0 ms - Total time
2423.5 ±  0.0 ms - Build f time
123.3 ±  1.3 ms - Apply f time
1937.5 ± 13.2 ms - Real f time 
553.7 ± 12.3 ms - Add time
 23.2 ±  0.7 ms - Find child
 30.0 ±  0.6 ms - Add child
428.7 ±  2.2 ms - Hash
346.9 ± 49.0 ms - Map
187.5 ±  1.7 ms - getState
0.145726
0.161442
0.192932
3120.2 ±  0.0 ms - Total time
2569.2 ±  0.0 ms - Build f time
132.8 ±  1.4 ms - Apply f time
2054.1 ± 13.3 ms - Real f time 
589.4 ± 12.4 ms - Add time
 25.8 ±  0.7 ms - Find child
 33.4 ±  0.7 ms - Add child
457.3 ±  2.5 ms - Hash
367.6 ± 49.0 ms - Map
206.8 ±  1.7 ms - getState
0.112579
0.121878
0.146905
3267.1 ±  0.0 ms - Total time
2681.8 ±  0.0 ms - Build f time
139.8 ±  1.4 ms - Apply f time
2142.6 ± 13.4 ms - Real f time 
615.1 ± 12.4 ms - Add time
 28.1 ±  0.7 ms - Find child
 36.6 ±  0.7 ms - Add child
480.2 ±  2.5 ms - Hash
383.6 ± 49.0 ms - Map
221.6 ±  1.8 ms - getState
0.0785671
0.0845847
0.0993133
3366.5 ±  0.0 ms - Total time
2760.3 ±  0.0 ms - Build f time
144.1 ±  1.5 ms - Apply f time
2206.4 ± 13.5 ms - Real f time 
632.9 ± 12.4 ms - Add time
 29.6 ±  0.8 ms - Find child
 38.6 ±  0.7 ms - Add child
497.0 ±  2.6 ms - Hash
395.4 ± 49.0 ms - Map
234.6 ±  5.2 ms - getState
0.102577
0.111829
0.136834
3503.4 ±  0.0 ms - Total time
2862.9 ±  0.0 ms - Build f time
151.6 ±  1.5 ms - Apply f time
2289.2 ± 13.6 ms - Real f time 
658.3 ± 12.4 ms - Add time
 31.4 ±  0.8 ms - Find child
 41.5 ±  0.7 ms - Add child
518.5 ±  2.6 ms - Hash
410.9 ± 49.0 ms - Map
248.6 ±  5.2 ms - getState
0.138806
0.157099
0.190004
3693.4 ±  0.0 ms - Total time
3001.7 ±  0.0 ms - Build f time
162.9 ±  1.7 ms - Apply f time
2400.6 ± 13.7 ms - Real f time 
707.2 ± 18.2 ms - Add time
 34.0 ±  0.8 ms - Find child
 44.7 ±  0.8 ms - Add child
545.1 ±  2.7 ms - Hash
431.6 ± 49.1 ms - Map
270.6 ±  5.3 ms - getState
Dag sizes: 95569 78946 77996 64245 44497 62017 96431 81354 80950 64217 44763 62237 83370 
brutePieces time: 2.10426
327.2 ±  0.0 ms - Piece loop time
 69.5 ± 36.8 ms - Set time
274.9 ±  3.6 ms - Child looking time
Nodes:  936592
Pieces: 48168
makePieces time: 0.32852
Memory: 13.1 + 58.8 + 30.0 + 69.5 + 12.8 MB
  1.6 ±  0.0 ms - Greedy fill time
composePieces time: 0.272509
                                                                                