Running only task # 280
Using max depth 3
 |                                        | 0 / 416 (0.0%)Function count: 142
0.0919472
0.0997253
0.0469423
0.0507494
0.0503965
0.0547975
0.050842
0.055494
0.0566483
0.0621382
 29.5 ±  0.0 ms - Piece loop time
 42.0 ± 35.4 ms - Set time
 21.5 ±  1.0 ms - Child looking time
0.0937111
0.10099
0.16294
486.0 ±  0.0 ms - Total time
390.5 ±  0.0 ms - Build f time
 19.8 ±  0.5 ms - Apply f time
319.9 ±  3.4 ms - Real f time 
 85.3 ±  1.5 ms - Add time
  3.2 ±  0.2 ms - Find child
  4.3 ±  0.2 ms - Add child
 87.7 ±  1.0 ms - Hash
 87.7 ± 50.3 ms - Map
 25.3 ±  0.4 ms - getState
0.0475514
0.0513645
0.0797377
565.8 ±  0.0 ms - Total time
438.0 ±  0.0 ms - Build f time
 27.1 ±  0.8 ms - Apply f time
363.9 ±  3.5 ms - Real f time 
101.5 ±  1.6 ms - Add time
  5.3 ±  0.3 ms - Find child
  6.7 ±  0.3 ms - Add child
102.0 ±  1.0 ms - Hash
 96.4 ± 50.3 ms - Map
 33.1 ±  0.5 ms - getState
0.0610702
0.0655133
0.0959479
661.8 ±  0.0 ms - Total time
499.1 ±  0.0 ms - Build f time
 34.4 ±  0.8 ms - Apply f time
423.0 ±  4.6 ms - Real f time 
120.9 ±  1.7 ms - Add time
  7.2 ±  0.3 ms - Find child
  9.5 ±  0.3 ms - Add child
118.5 ±  1.1 ms - Hash
107.5 ± 50.3 ms - Map
 41.5 ±  0.6 ms - getState
0.0537726
0.0582082
0.0888631
750.7 ±  0.0 ms - Total time
552.9 ±  0.0 ms - Build f time
 42.5 ±  0.9 ms - Apply f time
473.1 ±  4.8 ms - Real f time 
138.8 ±  1.7 ms - Add time
  9.2 ±  0.3 ms - Find child
 12.6 ±  0.4 ms - Add child
134.1 ±  1.2 ms - Hash
118.9 ± 50.3 ms - Map
 50.0 ±  0.6 ms - getState
0.0536689
0.0579499
0.0922986
843.0 ±  0.0 ms - Total time
606.5 ±  0.0 ms - Build f time
 50.2 ±  0.9 ms - Apply f time
521.9 ±  4.8 ms - Real f time 
158.1 ±  1.8 ms - Add time
 11.4 ±  0.4 ms - Find child
 15.4 ±  0.4 ms - Add child
151.6 ±  1.3 ms - Hash
130.3 ± 50.4 ms - Map
 59.0 ±  0.7 ms - getState
Dag sizes: 78595 58560 65743 65932 65549 
brutePieces time: 0.523831
 70.1 ±  0.0 ms - Piece loop time
 59.7 ± 42.6 ms - Set time
 49.2 ±  1.3 ms - Child looking time
Nodes:  334379
Pieces: 77284
makePieces time: 0.071324
Memory: 4.0 + 14.5 + 10.7 + 26.3 + 4.0 MB
  5.3 ±  0.0 ms - Greedy fill time
composePieces time: 0.416022
                                                                                