Running only task # 337
Using max depth 33
 |                                        | 0 / 416 (0.0%)Function count: 142
0.0247147
0.0274984
0.0265011
0.0293826
0.0270082
0.0300025
0.0244354
0.0270094
0.0241023
0.026716
0.0293796
0.0325024
0.0228116
0.0253523
0.0240195
0.0264352
0.0277088
0.0306773
 33.3 ±  0.0 ms - Piece loop time
 46.0 ± 36.9 ms - Set time
 29.0 ±  1.1 ms - Child looking time
0.0354891
0.0391113
0.0656101
321.4 ±  0.0 ms - Total time
266.2 ±  0.0 ms - Build f time
 17.6 ±  0.4 ms - Apply f time
250.8 ±  2.6 ms - Real f time 
 68.3 ±  4.7 ms - Add time
  3.3 ±  0.2 ms - Find child
  4.6 ±  0.2 ms - Add child
 43.3 ±  0.8 ms - Hash
 71.0 ± 35.8 ms - Map
 18.0 ±  0.7 ms - getState
0.0464989
0.0507459
0.0780437
399.5 ±  0.0 ms - Total time
312.7 ±  0.0 ms - Build f time
 24.8 ±  0.5 ms - Apply f time
294.2 ±  2.7 ms - Real f time 
 86.7 ±  4.7 ms - Add time
  5.7 ±  0.3 ms - Find child
  7.9 ±  0.3 ms - Add child
 54.9 ±  0.9 ms - Hash
 83.2 ± 35.9 ms - Map
 26.0 ±  0.7 ms - getState
0.0345217
0.038116
0.0605493
460.1 ±  0.0 ms - Total time
347.2 ±  0.0 ms - Build f time
 31.1 ±  0.6 ms - Apply f time
328.4 ±  2.8 ms - Real f time 
106.5 ±  6.0 ms - Add time
  7.8 ±  0.3 ms - Find child
 10.5 ±  0.4 ms - Add child
 64.3 ±  1.0 ms - Hash
 92.0 ± 35.9 ms - Map
 31.7 ±  0.8 ms - getState
0.0469244
0.0510729
0.0731071
533.2 ±  0.0 ms - Total time
394.1 ±  0.0 ms - Build f time
 37.6 ±  0.7 ms - Apply f time
372.6 ±  3.0 ms - Real f time 
123.5 ±  6.0 ms - Add time
  9.7 ±  0.3 ms - Find child
 13.4 ±  0.4 ms - Add child
 74.2 ±  1.1 ms - Hash
101.2 ± 35.9 ms - Map
 41.3 ±  3.1 ms - getState
0.0382212
0.0419626
0.0650314
598.3 ±  0.0 ms - Total time
432.3 ±  0.0 ms - Build f time
 44.3 ±  0.7 ms - Apply f time
409.0 ±  3.1 ms - Real f time 
138.6 ±  6.1 ms - Add time
 12.0 ±  0.4 ms - Find child
 16.6 ±  0.5 ms - Add child
 84.4 ±  1.1 ms - Hash
111.1 ± 35.9 ms - Map
 47.8 ±  3.1 ms - getState
0.0411277
0.0476334
0.0762612
674.6 ±  0.0 ms - Total time
473.5 ±  0.0 ms - Build f time
 53.3 ±  0.8 ms - Apply f time
450.4 ±  3.2 ms - Real f time 
156.9 ±  6.1 ms - Add time
 15.0 ±  0.4 ms - Find child
 20.5 ±  0.5 ms - Add child
 95.9 ±  1.2 ms - Hash
122.3 ± 35.9 ms - Map
 56.2 ±  3.1 ms - getState
0.0342059
0.0376522
0.059096
733.7 ±  0.0 ms - Total time
507.7 ±  0.0 ms - Build f time
 60.3 ±  0.9 ms - Apply f time
484.3 ±  3.3 ms - Real f time 
170.7 ±  6.1 ms - Add time
 16.9 ±  0.5 ms - Find child
 23.0 ±  0.5 ms - Add child
105.3 ±  1.2 ms - Hash
129.5 ± 35.9 ms - Map
 63.3 ±  3.2 ms - getState
0.0364552
0.0399684
0.0610108
794.7 ±  0.0 ms - Total time
544.1 ±  0.0 ms - Build f time
 66.5 ±  0.9 ms - Apply f time
521.5 ±  3.4 ms - Real f time 
185.4 ±  6.1 ms - Add time
 19.2 ±  0.5 ms - Find child
 25.9 ±  0.6 ms - Add child
114.7 ±  1.3 ms - Hash
137.6 ± 35.9 ms - Map
 70.1 ±  3.2 ms - getState
0.0414322
0.0458821
0.0730586
867.8 ±  0.0 ms - Total time
585.5 ±  0.0 ms - Build f time
 74.0 ±  0.9 ms - Apply f time
561.6 ±  3.5 ms - Real f time 
203.7 ±  6.2 ms - Add time
 21.7 ±  0.5 ms - Find child
 29.3 ±  0.6 ms - Add child
125.9 ±  1.3 ms - Hash
148.6 ± 35.9 ms - Map
 77.4 ±  3.2 ms - getState
Dag sizes: 57998 64685 52436 53376 59384 63909 51744 52738 64271 
brutePieces time: 0.617901
111.1 ±  0.0 ms - Piece loop time
 57.4 ± 38.5 ms - Set time
 85.0 ±  1.8 ms - Child looking time
Nodes:  520541
Pieces: 70972
makePieces time: 0.112296
Memory: 3.4 + 26.3 + 16.7 + 46.1 + 6.4 MB
 33.1 ±  8.1 ms - Greedy fill time
composePieces time: 0.858698
                                                                                