Running only task # 253
Using max depth 33
 |                                        | 0 / 416 (0.0%)Function count: 142
0.146029
0.156782
0.0478839
0.050921
0.147836
0.156794
0.0445548
0.0476172
0.135316
0.145765
0.0512085
0.0542217
0.156979
0.168142
0.0511559
0.0539637
0.183674
0.196566
 65.6 ±  0.0 ms - Piece loop time
 47.3 ± 40.0 ms - Set time
 55.1 ±  2.0 ms - Child looking time
0.133593
0.143223
0.232674
1264.0 ±  0.0 ms - Total time
1098.2 ±  0.0 ms - Build f time
 36.4 ±  0.8 ms - Apply f time
828.6 ±  7.6 ms - Real f time 
252.6 ± 14.3 ms - Add time
  5.3 ±  0.3 ms - Find child
  8.0 ±  0.3 ms - Add child
214.6 ±  4.2 ms - Hash
177.1 ± 57.6 ms - Map
 57.1 ±  1.4 ms - getState
0.0453805
0.0481509
0.0669196
1330.9 ±  0.0 ms - Total time
1143.6 ±  0.0 ms - Build f time
 41.2 ±  0.9 ms - Apply f time
869.3 ±  8.1 ms - Real f time 
266.5 ± 14.3 ms - Add time
  6.5 ±  0.3 ms - Find child
  9.8 ±  0.3 ms - Add child
227.1 ±  4.2 ms - Hash
183.5 ± 57.5 ms - Map
 63.9 ±  1.4 ms - getState
0.149484
0.158053
0.26423
1595.2 ±  0.0 ms - Total time
1293.1 ±  0.0 ms - Build f time
 55.8 ±  1.0 ms - Apply f time
992.2 ±  8.8 ms - Real f time 
325.9 ± 14.3 ms - Add time
  9.3 ±  0.4 ms - Find child
 13.6 ±  0.4 ms - Add child
286.4 ±  4.3 ms - Hash
202.6 ± 57.6 ms - Map
 94.5 ±  1.5 ms - getState
0.0425268
0.0452411
0.0634737
1658.7 ±  0.0 ms - Total time
1335.6 ±  0.0 ms - Build f time
 59.8 ±  1.1 ms - Apply f time
1029.9 ±  8.9 ms - Real f time 
339.8 ± 14.3 ms - Add time
 10.5 ±  0.4 ms - Find child
 15.3 ±  0.4 ms - Add child
298.3 ±  4.3 ms - Hash
208.4 ± 57.5 ms - Map
100.8 ±  1.5 ms - getState
0.135051
0.144612
0.242851
1901.6 ±  0.0 ms - Total time
1470.7 ±  0.0 ms - Build f time
 74.9 ±  1.2 ms - Apply f time
1143.4 ±  9.3 ms - Real f time 
395.0 ± 14.4 ms - Add time
 13.8 ±  0.4 ms - Find child
 20.2 ±  0.5 ms - Add child
345.9 ±  4.4 ms - Hash
232.2 ± 57.5 ms - Map
129.9 ±  1.6 ms - getState
0.0479001
0.0517157
0.0723745
1974.0 ±  0.0 ms - Total time
1518.6 ±  0.0 ms - Build f time
 80.3 ±  1.2 ms - Apply f time
1185.4 ±  9.4 ms - Real f time 
410.2 ± 14.5 ms - Add time
 15.2 ±  0.5 ms - Find child
 22.2 ±  0.5 ms - Add child
359.1 ±  4.4 ms - Hash
241.4 ± 57.6 ms - Map
136.8 ±  1.7 ms - getState
0.153092
0.166185
0.275553
2249.6 ±  0.0 ms - Total time
1671.7 ±  0.0 ms - Build f time
 94.9 ±  1.3 ms - Apply f time
1306.9 ±  9.7 ms - Real f time 
469.7 ± 14.5 ms - Add time
 18.7 ±  0.8 ms - Find child
 26.4 ±  0.6 ms - Add child
418.6 ±  4.4 ms - Hash
264.2 ± 57.5 ms - Map
169.9 ±  1.8 ms - getState
0.0433198
0.0460205
0.0649026
2314.5 ±  0.0 ms - Total time
1715.0 ±  0.0 ms - Build f time
 99.3 ±  1.3 ms - Apply f time
1343.8 ±  9.8 ms - Real f time 
483.3 ± 14.5 ms - Add time
 19.8 ±  0.8 ms - Find child
 28.5 ±  0.6 ms - Add child
430.8 ±  4.5 ms - Hash
270.1 ± 57.5 ms - Map
176.3 ±  1.8 ms - getState
0.199089
0.21173
0.360096
2674.6 ±  0.0 ms - Total time
1914.1 ±  0.0 ms - Build f time
119.2 ±  1.4 ms - Apply f time
1498.9 ± 10.6 ms - Real f time 
576.7 ± 16.8 ms - Add time
 24.4 ±  0.8 ms - Find child
 33.9 ±  0.6 ms - Add child
507.8 ±  4.5 ms - Hash
313.9 ± 59.4 ms - Map
222.0 ±  2.0 ms - getState
Dag sizes: 123593 41860 101886 38784 124369 41834 102212 39050 133833 
brutePieces time: 1.64964
176.7 ±  0.0 ms - Piece loop time
 57.1 ± 35.2 ms - Set time
147.4 ±  2.2 ms - Child looking time
Nodes:  747421
Pieces: 97959
makePieces time: 0.178239
Memory: 16.5 + 32.8 + 23.9 + 49.7 + 8.1 MB
 22.5 ±  2.4 ms - Greedy fill time
composePieces time: 2.22421
                                                                                