Running only task # 177
Using max depth 23
 |                                        | 0 / 416 (0.0%)Function count: 142
0.00783918
0.00825537
0.0088134
0.00923723
0.00514937
0.00534607
0.00690966
0.0071977
0.00774275
0.00814292
0.00688999
0.0072013
0.00697431
0.00727183
0.00877547
0.00919948
0.00911858
0.0100612
0.0129574
0.0138106
0.0086658
0.00909209
0.00755836
0.00792295
0.00648995
0.00686485
 59.1 ±  0.0 ms - Piece loop time
 57.9 ± 54.1 ms - Set time
 53.5 ±  1.5 ms - Child looking time
0.00676981
0.00706017
0.00726811
117.1 ±  0.0 ms - Total time
110.6 ±  0.0 ms - Build f time
  1.8 ±  0.1 ms - Apply f time
107.1 ±  5.7 ms - Real f time 
 16.3 ±  0.7 ms - Add time
  0.5 ±  0.1 ms - Find child
  0.7 ±  0.1 ms - Add child
 18.7 ±  0.5 ms - Hash
 52.4 ± 37.3 ms - Map
  2.8 ±  0.2 ms - getState
0.00901307
0.00960692
0.0100168
127.1 ±  0.0 ms - Total time
119.7 ±  0.0 ms - Build f time
  2.5 ±  0.4 ms - Apply f time
116.3 ±  5.7 ms - Real f time 
 17.8 ±  0.7 ms - Add time
  0.6 ±  0.1 ms - Find child
  0.8 ±  0.1 ms - Add child
 20.4 ±  0.5 ms - Hash
 53.8 ± 37.3 ms - Map
  3.1 ±  0.2 ms - getState
0.0049736
0.00515601
0.00533321
132.5 ±  0.0 ms - Total time
124.6 ±  0.0 ms - Build f time
  2.6 ±  0.4 ms - Apply f time
121.5 ±  5.7 ms - Real f time 
 18.4 ±  0.7 ms - Add time
  0.7 ±  0.1 ms - Find child
  0.9 ±  0.1 ms - Add child
 21.3 ±  0.5 ms - Hash
 54.6 ± 37.3 ms - Map
  3.3 ±  0.2 ms - getState
0.0069854
0.0072835
0.00752891
140.0 ±  0.0 ms - Total time
131.6 ±  0.0 ms - Build f time
  2.9 ±  0.4 ms - Apply f time
128.2 ±  5.7 ms - Real f time 
 19.5 ±  0.7 ms - Add time
  0.7 ±  0.1 ms - Find child
  1.0 ±  0.1 ms - Add child
 22.8 ±  0.5 ms - Hash
 55.7 ± 37.2 ms - Map
  3.6 ±  0.2 ms - getState
0.00797795
0.0085986
0.00910866
149.1 ±  0.0 ms - Total time
139.6 ±  0.0 ms - Build f time
  3.3 ±  0.4 ms - Apply f time
136.3 ±  5.8 ms - Real f time 
 21.2 ±  0.7 ms - Add time
  0.9 ±  0.1 ms - Find child
  1.2 ±  0.1 ms - Add child
 24.5 ±  0.5 ms - Hash
 56.7 ± 37.2 ms - Map
  4.0 ±  0.2 ms - getState
0.00825603
0.00859589
0.00885276
158.0 ±  0.0 ms - Total time
147.9 ±  0.0 ms - Build f time
  3.5 ±  0.4 ms - Apply f time
143.9 ±  5.8 ms - Real f time 
 22.4 ±  0.7 ms - Add time
  1.0 ±  0.1 ms - Find child
  1.3 ±  0.1 ms - Add child
 26.0 ±  0.6 ms - Hash
 57.9 ± 37.2 ms - Map
  4.2 ±  0.2 ms - getState
0.00670972
0.00697498
0.00718587
165.2 ±  0.0 ms - Total time
154.6 ±  0.0 ms - Build f time
  3.7 ±  0.4 ms - Apply f time
150.7 ±  5.8 ms - Real f time 
 23.3 ±  0.7 ms - Add time
  1.0 ±  0.1 ms - Find child
  1.4 ±  0.1 ms - Add child
 27.1 ±  0.6 ms - Hash
 58.7 ± 37.2 ms - Map
  4.5 ±  0.2 ms - getState
0.00886869
0.00931562
0.00967406
174.9 ±  0.0 ms - Total time
163.4 ±  0.0 ms - Build f time
  3.9 ±  0.4 ms - Apply f time
159.6 ±  5.8 ms - Real f time 
 24.9 ±  0.7 ms - Add time
  1.1 ±  0.1 ms - Find child
  1.8 ±  0.2 ms - Add child
 28.8 ±  0.6 ms - Hash
 60.3 ± 37.2 ms - Map
  5.6 ±  0.8 ms - getState
0.00539481
0.00560161
0.00582152
180.7 ±  0.0 ms - Total time
168.8 ±  0.0 ms - Build f time
  4.1 ±  0.4 ms - Apply f time
165.3 ±  5.8 ms - Real f time 
 25.9 ±  0.8 ms - Add time
  1.2 ±  0.1 ms - Find child
  1.8 ±  0.2 ms - Add child
 30.0 ±  0.6 ms - Hash
 61.2 ± 37.2 ms - Map
  5.8 ±  0.8 ms - getState
0.0072564
0.00757447
0.00784118
188.6 ±  0.0 ms - Total time
176.1 ±  0.0 ms - Build f time
  4.4 ±  0.4 ms - Apply f time
172.3 ±  5.8 ms - Real f time 
 27.3 ±  0.8 ms - Add time
  1.2 ±  0.1 ms - Find child
  2.0 ±  0.2 ms - Add child
 31.3 ±  0.6 ms - Hash
 62.2 ± 37.2 ms - Map
  6.0 ±  0.8 ms - getState
0.00773148
0.00809312
0.00840917
197.0 ±  0.0 ms - Total time
183.8 ±  0.0 ms - Build f time
  4.7 ±  0.4 ms - Apply f time
179.8 ±  5.8 ms - Real f time 
 28.7 ±  0.8 ms - Add time
  1.3 ±  0.1 ms - Find child
  2.1 ±  0.2 ms - Add child
 32.8 ±  0.6 ms - Hash
 63.3 ± 37.2 ms - Map
  6.2 ±  0.8 ms - getState
0.0070404
0.0073581
0.00762494
204.6 ±  0.0 ms - Total time
190.9 ±  0.0 ms - Build f time
  4.9 ±  0.4 ms - Apply f time
186.9 ±  5.8 ms - Real f time 
 29.9 ±  0.8 ms - Add time
  1.4 ±  0.1 ms - Find child
  2.2 ±  0.2 ms - Add child
 34.1 ±  0.6 ms - Hash
 64.4 ± 37.2 ms - Map
  6.5 ±  0.8 ms - getState
0.00652509
0.00683704
0.00710443
211.7 ±  0.0 ms - Total time
197.4 ±  0.0 ms - Build f time
  5.1 ±  0.4 ms - Apply f time
193.3 ±  5.8 ms - Real f time 
 31.1 ±  0.8 ms - Add time
  1.4 ±  0.1 ms - Find child
  2.3 ±  0.2 ms - Add child
 35.5 ±  0.7 ms - Hash
 65.5 ± 37.2 ms - Map
  6.6 ±  0.8 ms - getState
Dag sizes: 2553 4033 2023 2902 3481 3054 2553 4033 2025 2903 3474 3046 2823 
brutePieces time: 0.11168
 62.0 ±  0.0 ms - Piece loop time
 42.8 ± 40.1 ms - Set time
 58.3 ±  1.5 ms - Child looking time
Nodes:  38903
Pieces: 16
makePieces time: 0.0628896
Memory: 0.2 + 6.7 + 1.2 + 55.1 + 1.6 MB
  0.0 ±  0.0 ms - Greedy fill time
composePieces time: 0.000547512
                                                                                