Running only task # 150
Using max depth 4
 |                                        | 0 / 416 (0.0%)Function count: 142
0.110841
0.120097
0.132736
0.143482
0.158183
0.172801
0.202139
0.220568
 31.2 ±  0.0 ms - Piece loop time
 52.7 ± 45.2 ms - Set time
 22.6 ±  1.0 ms - Child looking time
2.83775
3.10884
5.08704
5744.2 ±  0.0 ms - Total time
3441.6 ±  0.0 ms - Build f time
355.3 ±  7.4 ms - Apply f time
2888.3 ± 15.3 ms - Real f time 
1124.7 ± 18.0 ms - Add time
 76.6 ±  1.2 ms - Find child
100.9 ±  1.6 ms - Add child
1130.8 ±  4.4 ms - Hash
729.0 ± 42.4 ms - Map
502.9 ±  2.4 ms - getState
3.19037
3.45418
5.58826
11332.5 ±  0.0 ms - Total time
6632.0 ±  0.0 ms - Build f time
676.1 ±  7.8 ms - Apply f time
5582.1 ± 27.5 ms - Real f time 
2222.1 ± 21.1 ms - Add time
141.2 ±  1.6 ms - Find child
189.2 ±  3.2 ms - Add child
2345.2 ± 16.4 ms - Hash
1317.2 ± 46.8 ms - Map
1044.1 ±  3.6 ms - getState
3.68912
4.03554
6.89947
18232.0 ±  0.0 ms - Total time
10321.1 ±  0.0 ms - Build f time
1102.9 ±  8.2 ms - Apply f time
8724.5 ± 32.8 ms - Real f time 
3646.0 ± 25.4 ms - Add time
235.8 ±  2.6 ms - Find child
316.0 ±  3.5 ms - Add child
3762.9 ± 17.8 ms - Hash
2137.1 ± 47.9 ms - Map
1737.2 ±  4.9 ms - getState
5.66799
6.23652
11.1299
29361.9 ±  0.0 ms - Total time
15989.1 ±  0.0 ms - Build f time
1748.9 ±  8.7 ms - Apply f time
13479.0 ± 42.0 ms - Real f time 
6168.6 ± 36.8 ms - Add time
347.4 ±  2.9 ms - Find child
469.3 ±  3.9 ms - Add child
6178.6 ± 25.3 ms - Hash
3154.7 ± 49.1 ms - Map
2946.1 ±  6.5 ms - getState
Dag sizes: 2117191 1913428 2750035 3593915 
brutePieces time: 28.7065
3525.8 ±  0.0 ms - Piece loop time
1187.7 ± 18.6 ms - Set time
2233.3 ±  8.1 ms - Child looking time
Nodes:  10374569
Pieces: 3108460
makePieces time: 3.53405
Memory: 298.4 + 400.2 + 332.0 + 249.9 + 138.7 MB
 44.2 ±  0.0 ms - Greedy fill time
composePieces time: 23.7673
                                                                                