Running only task # 241
Using max depth 4
 |                                        | 0 / 416 (0.0%)Function count: 142
0.0094942
0.0101494
0.00702299
0.00731972
0.00692474
0.00720949
0.00762736
0.00802558
0.00770088
0.00807987
0.00936303
0.00989968
0.0052779
0.00553342
0.00543835
0.00565914
 18.4 ±  0.0 ms - Piece loop time
 39.6 ± 38.3 ms - Set time
 16.6 ±  0.9 ms - Child looking time
0.0888334
0.0926358
0.0951149
157.1 ±  0.0 ms - Total time
147.7 ±  0.0 ms - Build f time
  3.1 ±  0.2 ms - Apply f time
149.4 ±  1.2 ms - Real f time 
 23.8 ±  1.2 ms - Add time
  1.1 ±  0.1 ms - Find child
  1.5 ±  0.2 ms - Add child
 26.2 ±  0.6 ms - Hash
 96.8 ± 54.8 ms - Map
  4.1 ±  0.2 ms - getState
0.054884
0.0569227
0.058266
215.4 ±  0.0 ms - Total time
202.6 ±  0.0 ms - Build f time
  4.2 ±  0.2 ms - Apply f time
206.3 ±  1.5 ms - Real f time 
 32.1 ±  1.3 ms - Add time
  1.8 ±  0.2 ms - Find child
  2.0 ±  0.2 ms - Add child
 35.5 ±  0.7 ms - Hash
103.8 ± 54.7 ms - Map
  5.7 ±  0.2 ms - getState
0.0543402
0.0563982
0.0577213
273.1 ±  0.0 ms - Total time
256.9 ±  0.0 ms - Build f time
  5.3 ±  0.2 ms - Apply f time
262.4 ±  1.7 ms - Real f time 
 53.5 ± 14.5 ms - Add time
  2.3 ±  0.2 ms - Find child
  2.5 ±  0.2 ms - Add child
 45.0 ±  0.7 ms - Hash
111.2 ± 54.8 ms - Map
  7.3 ±  0.3 ms - getState
0.0682499
0.0709158
0.0728799
346.0 ±  0.0 ms - Total time
325.2 ±  0.0 ms - Build f time
  6.9 ±  0.3 ms - Apply f time
331.3 ±  2.0 ms - Real f time 
 64.6 ± 14.5 ms - Add time
  3.1 ±  0.2 ms - Find child
  3.3 ±  0.2 ms - Add child
 58.4 ±  1.0 ms - Hash
120.9 ± 54.8 ms - Map
  9.5 ±  0.3 ms - getState
0.0679616
0.0705858
0.0723967
418.4 ±  0.0 ms - Total time
393.1 ±  0.0 ms - Build f time
  8.5 ±  0.3 ms - Apply f time
400.1 ±  2.2 ms - Real f time 
 74.7 ± 14.5 ms - Add time
  3.8 ±  0.2 ms - Find child
  4.0 ±  0.3 ms - Add child
 70.8 ±  1.1 ms - Hash
131.7 ± 54.8 ms - Map
 11.5 ±  0.3 ms - getState
0.0888749
0.0925951
0.0950115
513.5 ±  0.0 ms - Total time
482.0 ±  0.0 ms - Build f time
 10.0 ±  0.3 ms - Apply f time
490.3 ±  2.5 ms - Real f time 
 87.0 ± 14.5 ms - Add time
  4.6 ±  0.2 ms - Find child
  4.9 ±  0.3 ms - Add child
 86.4 ±  1.1 ms - Hash
144.3 ± 54.7 ms - Map
 14.5 ±  0.4 ms - getState
0.0442028
0.046164
0.0473404
560.8 ±  0.0 ms - Total time
526.2 ±  0.0 ms - Build f time
 10.9 ±  0.3 ms - Apply f time
535.6 ±  2.6 ms - Real f time 
 94.1 ± 14.5 ms - Add time
  4.9 ±  0.2 ms - Find child
  5.4 ±  0.3 ms - Add child
 94.8 ±  1.5 ms - Hash
150.5 ± 54.7 ms - Map
 15.8 ±  0.4 ms - getState
0.0463355
0.0481056
0.0493377
610.2 ±  0.0 ms - Total time
572.5 ±  0.0 ms - Build f time
 11.8 ±  0.3 ms - Apply f time
582.1 ±  2.7 ms - Real f time 
100.4 ± 14.5 ms - Add time
  5.4 ±  0.3 ms - Find child
  5.8 ±  0.3 ms - Add child
102.8 ±  1.5 ms - Hash
156.8 ± 54.7 ms - Map
 17.1 ±  0.4 ms - getState
Dag sizes: 26348 14497 14497 21293 21293 26348 12622 13226 
brutePieces time: 0.554026
189.3 ±  0.0 ms - Piece loop time
 54.1 ± 36.6 ms - Set time
156.6 ±  2.5 ms - Child looking time
Nodes:  150124
Pieces: 10
makePieces time: 0.190122
Memory: 0.6 + 29.8 + 4.8 + 36.0 + 3.8 MB
  0.0 ±  0.0 ms - Greedy fill time
composePieces time: 0.00206232
                                                                                