Running only task # 106
Using max depth 23
 |                                        | 0 / 416 (0.0%)Function count: 142
0.188567
0.20633
0.16768
0.182808
0.142032
0.154293
0.183798
0.201616
0.172262
0.186875
0.139093
0.151532
0.201684
0.221505
 64.9 ±  0.0 ms - Piece loop time
 56.3 ± 40.6 ms - Set time
 50.5 ±  4.0 ms - Child looking time
0.187752
0.205033
0.390857
1696.2 ±  0.0 ms - Total time
1382.9 ±  0.0 ms - Build f time
 62.8 ±  1.1 ms - Apply f time
1100.3 ±  9.6 ms - Real f time 
325.4 ± 15.9 ms - Add time
  8.8 ±  0.4 ms - Find child
 11.8 ±  0.4 ms - Add child
267.5 ±  2.2 ms - Hash
201.9 ± 63.3 ms - Map
 85.3 ±  1.0 ms - getState
0.168417
0.18331
0.349036
2045.3 ±  0.0 ms - Total time
1551.3 ±  0.0 ms - Build f time
 86.5 ±  1.2 ms - Apply f time
1250.2 ± 10.1 ms - Real f time 
409.3 ± 16.0 ms - Add time
 14.4 ±  0.5 ms - Find child
 19.1 ±  0.5 ms - Add child
336.6 ±  2.3 ms - Hash
236.6 ± 63.3 ms - Map
129.8 ±  1.2 ms - getState
0.144051
0.156282
0.27255
2317.9 ±  0.0 ms - Total time
1695.3 ±  0.0 ms - Build f time
105.2 ±  1.3 ms - Apply f time
1374.9 ± 10.4 ms - Real f time 
471.1 ± 16.0 ms - Add time
 18.6 ±  0.5 ms - Find child
 25.5 ±  0.6 ms - Add child
388.2 ±  2.4 ms - Hash
266.4 ± 63.3 ms - Map
160.7 ±  1.3 ms - getState
0.186737
0.204036
0.400042
2718.0 ±  0.0 ms - Total time
1882.1 ±  0.0 ms - Build f time
133.3 ±  1.4 ms - Apply f time
1534.0 ± 10.7 ms - Real f time 
567.3 ± 16.1 ms - Add time
 24.8 ±  0.6 ms - Find child
 33.3 ±  0.6 ms - Add child
465.7 ±  2.5 ms - Hash
323.4 ± 65.3 ms - Map
213.1 ±  1.7 ms - getState
0.174643
0.189665
0.350184
3068.2 ±  0.0 ms - Total time
2056.7 ±  0.0 ms - Build f time
157.0 ±  1.6 ms - Apply f time
1683.4 ± 11.0 ms - Real f time 
651.3 ± 16.1 ms - Add time
 30.0 ±  0.6 ms - Find child
 40.8 ±  0.7 ms - Add child
535.4 ±  2.6 ms - Hash
358.4 ± 65.2 ms - Map
253.8 ±  1.9 ms - getState
0.143125
0.157611
0.290302
3358.5 ±  0.0 ms - Total time
2199.8 ±  0.0 ms - Build f time
179.0 ±  1.6 ms - Apply f time
1812.5 ± 11.3 ms - Real f time 
714.7 ± 16.2 ms - Add time
 35.4 ±  0.7 ms - Find child
 47.5 ±  0.9 ms - Add child
586.8 ±  2.7 ms - Hash
390.2 ± 65.2 ms - Map
286.7 ±  2.0 ms - getState
0.208171
0.227252
0.441779
3800.4 ±  0.0 ms - Total time
2408.0 ±  0.0 ms - Build f time
209.3 ±  1.8 ms - Apply f time
1987.6 ± 11.7 ms - Real f time 
824.5 ± 16.3 ms - Add time
 41.9 ±  0.7 ms - Find child
 56.6 ±  1.0 ms - Add child
677.5 ±  3.0 ms - Hash
431.9 ± 65.2 ms - Map
342.5 ±  2.1 ms - getState
Dag sizes: 209804 181664 154859 209573 181381 154577 217200 
brutePieces time: 2.49869
192.9 ±  0.0 ms - Piece loop time
 76.8 ± 25.7 ms - Set time
132.5 ±  1.9 ms - Child looking time
Nodes:  1309058
Pieces: 195889
makePieces time: 0.194425
Memory: 27.0 + 43.9 + 41.9 + 50.3 + 13.0 MB
142.7 ± 60.4 ms - Greedy fill time
composePieces time: 9.71092
                                                                                