Running only task # 96
Using max depth 23
 |                                        | 0 / 416 (0.0%)Function count: 142
0.109803
0.117793
0.0820552
0.0887253
0.0566594
0.0604532
0.0967177
0.104968
0.0838098
0.0908051
0.0596997
0.06371
0.10938
0.117726
 36.7 ±  0.0 ms - Piece loop time
 52.5 ± 43.9 ms - Set time
 28.1 ±  1.3 ms - Child looking time
0.0979498
0.105094
0.131909
776.4 ±  0.0 ms - Total time
696.1 ±  0.0 ms - Build f time
 23.3 ±  0.6 ms - Apply f time
572.7 ±  6.4 ms - Real f time 
118.4 ±  3.1 ms - Add time
  3.9 ±  0.2 ms - Find child
  5.8 ±  0.5 ms - Add child
126.3 ±  1.1 ms - Hash
105.1 ± 38.4 ms - Map
 22.8 ±  0.4 ms - getState
0.0836398
0.089676
0.106956
883.4 ±  0.0 ms - Total time
779.7 ±  0.0 ms - Build f time
 29.9 ±  0.7 ms - Apply f time
647.6 ±  7.0 ms - Real f time 
136.6 ±  4.1 ms - Add time
  5.9 ±  0.3 ms - Find child
  8.0 ±  0.5 ms - Add child
146.9 ±  1.2 ms - Hash
116.5 ± 38.4 ms - Map
 29.0 ±  0.5 ms - getState
0.0575457
0.0612095
0.072951
956.4 ±  0.0 ms - Total time
837.3 ±  0.0 ms - Build f time
 35.1 ±  0.7 ms - Apply f time
696.4 ±  7.0 ms - Real f time 
147.3 ±  4.1 ms - Add time
  7.4 ±  0.3 ms - Find child
 10.0 ±  0.6 ms - Add child
161.0 ±  1.2 ms - Hash
125.8 ± 38.4 ms - Map
 32.8 ±  0.5 ms - getState
0.0995071
0.106654
0.128347
1084.8 ±  0.0 ms - Total time
936.8 ±  0.0 ms - Build f time
 42.7 ±  0.8 ms - Apply f time
775.4 ±  7.2 ms - Real f time 
167.8 ±  4.1 ms - Add time
  9.5 ±  0.3 ms - Find child
 13.3 ±  0.8 ms - Add child
186.4 ±  1.3 ms - Hash
136.7 ± 38.4 ms - Map
 40.1 ±  0.6 ms - getState
0.0843335
0.0908352
0.107286
1192.1 ±  0.0 ms - Total time
1021.1 ±  0.0 ms - Build f time
 49.3 ±  0.8 ms - Apply f time
846.3 ±  7.4 ms - Real f time 
183.3 ±  4.2 ms - Add time
 11.2 ±  0.4 ms - Find child
 15.7 ±  0.8 ms - Add child
207.8 ±  1.4 ms - Hash
146.3 ± 38.4 ms - Map
 46.3 ±  0.6 ms - getState
0.0579759
0.0616861
0.0738126
1265.9 ±  0.0 ms - Total time
1079.1 ±  0.0 ms - Build f time
 53.8 ±  0.9 ms - Apply f time
896.3 ±  7.5 ms - Real f time 
194.0 ±  4.2 ms - Add time
 12.6 ±  0.4 ms - Find child
 17.7 ±  0.8 ms - Add child
221.0 ±  1.5 ms - Hash
154.5 ± 38.4 ms - Map
 50.5 ±  0.7 ms - getState
0.111001
0.119417
0.157324
1423.3 ±  0.0 ms - Total time
1190.1 ±  0.0 ms - Build f time
 63.7 ±  1.0 ms - Apply f time
991.4 ±  7.8 ms - Real f time 
221.8 ±  5.5 ms - Add time
 14.9 ±  0.4 ms - Find child
 20.5 ±  0.9 ms - Add child
250.1 ±  1.6 ms - Hash
167.9 ± 38.4 ms - Map
 59.4 ±  0.7 ms - getState
Dag sizes: 50914 42293 32180 51360 42323 32215 57837 
brutePieces time: 0.783325
 67.5 ±  0.0 ms - Piece loop time
 46.0 ± 36.0 ms - Set time
 53.2 ±  1.5 ms - Child looking time
Nodes:  309122
Pieces: 16300
makePieces time: 0.0683664
Memory: 3.5 + 21.0 + 9.9 + 34.3 + 3.1 MB
  0.5 ±  0.0 ms - Greedy fill time
composePieces time: 0.0699338
                                                                                