Running only task # 262
Using max depth 3
 |                                        | 0 / 416 (0.0%)Function count: 142
0.151269
0.166009
0.149476
0.163453
0.120159
0.129631
0.200286
0.214521
 40.4 ±  0.0 ms - Piece loop time
 48.4 ± 40.9 ms - Set time
 29.4 ±  1.1 ms - Child looking time
0.155293
0.170149
0.346083
1019.9 ±  0.0 ms - Total time
776.5 ±  0.0 ms - Build f time
 45.1 ±  1.0 ms - Apply f time
617.1 ±  7.8 ms - Real f time 
203.3 ±  2.9 ms - Add time
  7.4 ±  0.3 ms - Find child
 10.2 ±  0.4 ms - Add child
186.6 ± 10.2 ms - Hash
124.9 ± 44.6 ms - Map
 65.2 ±  1.2 ms - getState
0.156981
0.171167
0.337593
1357.5 ±  0.0 ms - Total time
933.5 ±  0.0 ms - Build f time
 70.4 ±  1.2 ms - Apply f time
763.3 ±  9.0 ms - Real f time 
286.6 ±  3.2 ms - Add time
 13.0 ±  0.4 ms - Find child
 17.7 ±  0.5 ms - Add child
251.4 ± 10.2 ms - Hash
162.7 ± 44.7 ms - Map
110.6 ±  1.5 ms - getState
0.126026
0.135599
0.258964
1616.5 ±  0.0 ms - Total time
1059.5 ±  0.0 ms - Build f time
 89.1 ±  1.3 ms - Apply f time
872.2 ±  9.2 ms - Real f time 
346.4 ±  3.4 ms - Add time
 17.4 ±  0.5 ms - Find child
 23.8 ±  0.5 ms - Add child
305.8 ± 10.3 ms - Hash
195.5 ± 45.1 ms - Map
140.9 ±  1.5 ms - getState
0.214229
0.232272
0.497458
2114.0 ±  0.0 ms - Total time
1273.7 ±  0.0 ms - Build f time
118.1 ±  1.4 ms - Apply f time
1051.0 ± 10.5 ms - Real f time 
481.9 ±  4.0 ms - Add time
 23.6 ±  0.7 ms - Find child
 32.0 ±  0.6 ms - Add child
414.7 ± 10.4 ms - Hash
236.8 ± 45.2 ms - Map
209.0 ±  2.0 ms - getState
Dag sizes: 204537 191064 145633 189912 
brutePieces time: 1.4423
120.7 ±  0.0 ms - Piece loop time
 51.3 ± 18.3 ms - Set time
 84.3 ±  1.3 ms - Child looking time
Nodes:  731146
Pieces: 172791
makePieces time: 0.1217
Memory: 17.1 + 23.7 + 23.4 + 28.5 + 7.4 MB
 14.0 ±  0.0 ms - Greedy fill time
composePieces time: 1.20324
                                                                                