Running only task # 224
Using max depth 4
 |                                        | 0 / 416 (0.0%)Function count: 142
0.0822482
0.0884568
0.0967996
0.10534
0.11649
0.126463
0.129778
0.14189
 31.2 ±  0.0 ms - Piece loop time
 43.9 ± 38.3 ms - Set time
 24.7 ±  1.1 ms - Child looking time
2.3902
2.61378
4.8319
5294.2 ±  0.0 ms - Total time
2815.5 ±  0.0 ms - Build f time
401.1 ±  2.3 ms - Apply f time
2530.7 ± 12.6 ms - Real f time 
1026.2 ±  5.3 ms - Add time
107.7 ±  1.4 ms - Find child
156.8 ±  1.7 ms - Add child
830.3 ±  4.3 ms - Hash
1048.5 ± 42.6 ms - Map
515.6 ±  4.0 ms - getState
2.9276
3.22304
6.01
11304.2 ±  0.0 ms - Total time
5743.1 ±  0.0 ms - Build f time
898.7 ±  4.5 ms - Apply f time
5204.8 ± 16.1 ms - Real f time 
2234.7 ±  7.2 ms - Add time
243.9 ±  2.0 ms - Find child
355.2 ±  2.4 ms - Add child
1809.5 ±  5.9 ms - Hash
3278.7 ± 1095.1 ms - Map
1157.9 ±  8.0 ms - getState
3.55887
3.92019
7.60935
18913.6 ±  0.0 ms - Total time
9302.0 ±  0.0 ms - Build f time
1504.0 ±  8.3 ms - Apply f time
8461.1 ± 20.6 ms - Real f time 
3880.0 ± 41.8 ms - Add time
396.8 ±  3.7 ms - Find child
577.8 ±  3.1 ms - Add child
3099.3 ±  7.1 ms - Hash
4565.1 ± 1095.5 ms - Map
2033.2 ±  9.1 ms - getState
4.16114
4.61957
9.21962
28133.3 ±  0.0 ms - Total time
13463.1 ±  0.0 ms - Build f time
2215.6 ± 10.7 ms - Apply f time
12274.0 ± 27.5 ms - Real f time 
5897.7 ± 46.5 ms - Add time
578.3 ± 15.0 ms - Find child
821.8 ±  3.8 ms - Add child
4689.1 ± 11.7 ms - Hash
6504.7 ± 1174.6 ms - Map
3165.0 ± 31.5 ms - getState
Dag sizes: 2939038 3892257 4511726 5148975 
brutePieces time: 27.6724
4580.7 ±  0.0 ms - Piece loop time
1775.6 ± 46.2 ms - Set time
2711.6 ± 12.9 ms - Child looking time
Nodes:  16491996
Pieces: 4623291
makePieces time: 4.59547
Memory: 241.2 + 646.1 + 527.7 + 398.1 + 195.4 MB
 61.3 ±  0.0 ms - Greedy fill time
composePieces time: 15.7794
                                                                                