Running only task # 338
Using max depth 4
 |                                        | 0 / 416 (0.0%)Function count: 142
0.0269634
0.0296852
0.0239904
0.0265751
0.0174619
0.0189321
0.0242467
0.0266739
 25.2 ±  0.0 ms - Piece loop time
 44.6 ± 40.9 ms - Set time
 21.2 ±  0.8 ms - Child looking time
1.07242
1.17636
1.64655
1748.7 ±  0.0 ms - Total time
1165.1 ±  0.0 ms - Build f time
141.6 ± 16.1 ms - Apply f time
1107.9 ±  6.3 ms - Real f time 
324.1 ±  4.8 ms - Add time
 38.3 ±  0.7 ms - Find child
 47.6 ±  0.9 ms - Add child
235.1 ±  2.8 ms - Hash
351.4 ± 42.6 ms - Map
149.4 ±  1.2 ms - getState
0.955982
1.05334
1.47131
3220.1 ±  0.0 ms - Total time
2121.1 ±  0.0 ms - Build f time
255.3 ± 16.2 ms - Apply f time
2035.5 ± 19.8 ms - Real f time 
615.0 ± 14.0 ms - Add time
 74.3 ±  2.3 ms - Find child
 90.9 ±  1.2 ms - Add child
429.8 ±  3.5 ms - Hash
595.9 ± 42.8 ms - Map
281.9 ±  1.6 ms - getState
0.584587
0.635308
0.874642
4094.8 ±  0.0 ms - Total time
2705.7 ±  0.0 ms - Build f time
322.8 ± 16.2 ms - Apply f time
2580.0 ± 20.0 ms - Real f time 
780.0 ± 14.4 ms - Add time
 95.6 ±  2.5 ms - Find child
118.1 ±  1.4 ms - Add child
562.2 ±  4.1 ms - Hash
745.6 ± 42.9 ms - Map
353.7 ±  1.8 ms - getState
0.958545
1.05673
1.48791
5582.7 ±  0.0 ms - Total time
3664.2 ±  0.0 ms - Build f time
445.8 ± 16.2 ms - Apply f time
3506.2 ± 22.9 ms - Real f time 
1067.2 ± 16.1 ms - Add time
130.5 ±  2.7 ms - Find child
162.8 ±  1.6 ms - Add child
771.4 ±  6.1 ms - Hash
989.4 ± 43.0 ms - Map
494.6 ±  3.6 ms - getState
Dag sizes: 977448 942963 565872 980998 
brutePieces time: 5.48242
2083.0 ±  0.0 ms - Piece loop time
577.4 ± 16.8 ms - Set time
1417.8 ± 16.9 ms - Child looking time
Nodes:  3467281
Pieces: 1423342
makePieces time: 2.0871
Memory: 25.6 + 180.5 + 111.0 + 84.8 + 68.6 MB
 11.6 ±  0.0 ms - Greedy fill time
composePieces time: 3.43272
                                                                                