Running only task # 313
Using max depth 3
 |                                        | 0 / 416 (0.0%)Function count: 142
0.126363
0.137525
0.141577
0.153755
0.124754
0.135193
0.149988
0.162392
 35.0 ±  0.0 ms - Piece loop time
 58.6 ± 47.2 ms - Set time
 23.6 ±  1.2 ms - Child looking time
0.217202
0.230276
0.811423
1400.5 ±  0.0 ms - Total time
759.9 ±  0.0 ms - Build f time
 74.0 ±  1.0 ms - Apply f time
625.1 ± 17.7 ms - Real f time 
370.2 ±  3.8 ms - Add time
 14.3 ±  0.6 ms - Find child
 18.7 ±  0.5 ms - Add child
278.5 ±  2.0 ms - Hash
167.0 ± 46.4 ms - Map
148.3 ±  1.4 ms - getState
0.252518
0.26772
0.948789
2349.3 ±  0.0 ms - Total time
1012.4 ±  0.0 ms - Build f time
141.0 ±  1.3 ms - Apply f time
851.1 ± 18.2 ms - Real f time 
676.9 ±  5.1 ms - Add time
 28.5 ±  0.7 ms - Find child
 38.5 ±  0.7 ms - Add child
497.7 ±  2.8 ms - Hash
257.1 ± 46.4 ms - Map
305.3 ±  5.9 ms - getState
0.216214
0.22876
0.789566
3138.9 ±  0.0 ms - Total time
1228.6 ±  0.0 ms - Build f time
199.9 ±  1.6 ms - Apply f time
1040.6 ± 18.4 ms - Real f time 
928.8 ±  6.1 ms - Add time
 41.3 ±  0.8 ms - Find child
 55.3 ±  0.9 ms - Add child
694.5 ±  6.4 ms - Hash
341.9 ± 47.3 ms - Map
427.4 ±  6.1 ms - getState
0.243259
0.25824
0.962342
4101.3 ±  0.0 ms - Total time
1471.9 ±  0.0 ms - Build f time
269.3 ±  1.9 ms - Apply f time
1264.1 ± 18.9 ms - Real f time 
1241.4 ±  7.1 ms - Add time
 56.4 ±  0.9 ms - Find child
 75.5 ±  1.0 ms - Add child
922.0 ±  7.1 ms - Hash
436.6 ± 47.3 ms - Map
583.3 ±  6.7 ms - getState
Dag sizes: 371609 424202 358036 437762 
brutePieces time: 3.51428
224.4 ±  0.0 ms - Piece loop time
118.7 ± 32.5 ms - Set time
126.3 ±  1.7 ms - Child looking time
Nodes:  1591609
Pieces: 367529
makePieces time: 0.226099
Memory: 58.2 + 50.9 + 50.9 + 42.2 + 14.6 MB
 20.4 ±  0.0 ms - Greedy fill time
composePieces time: 3.2821
                                                                                