Running only task # 228
Using max depth 3
 |                                        | 0 / 416 (0.0%)Function count: 142
0.0554771
0.0587417
0.077099
0.0823922
0.0850529
0.0904543
0.0483907
0.0512295
0.0221692
0.0236323
0.0387297
0.0410543
0.0500409
0.0533314
0.0944288
0.0999852
0.112544
0.11965
 51.2 ±  0.0 ms - Piece loop time
 41.5 ± 35.5 ms - Set time
 42.8 ±  1.3 ms - Child looking time
0.0571528
0.0605563
0.0868342
707.5 ±  0.0 ms - Total time
641.1 ±  0.0 ms - Build f time
 18.3 ±  0.5 ms - Apply f time
532.5 ±  4.8 ms - Real f time 
117.0 ±  1.8 ms - Add time
  2.7 ±  0.2 ms - Find child
  3.8 ±  0.2 ms - Add child
113.9 ±  1.3 ms - Hash
100.6 ± 38.4 ms - Map
 20.6 ±  0.4 ms - getState
0.0794606
0.0844296
0.124179
831.7 ±  0.0 ms - Total time
720.5 ±  0.0 ms - Build f time
 26.3 ±  0.6 ms - Apply f time
600.3 ±  4.9 ms - Real f time 
142.1 ±  2.0 ms - Add time
  5.1 ±  0.3 ms - Find child
  6.7 ±  0.3 ms - Add child
138.1 ±  1.4 ms - Hash
114.2 ± 38.5 ms - Map
 32.2 ±  0.5 ms - getState
0.0864329
0.0914493
0.137059
968.8 ±  0.0 ms - Total time
807.0 ±  0.0 ms - Build f time
 35.3 ±  0.7 ms - Apply f time
675.1 ±  5.1 ms - Real f time 
169.1 ±  2.1 ms - Add time
  7.3 ±  0.3 ms - Find child
 10.0 ±  0.4 ms - Add child
166.3 ±  1.5 ms - Hash
126.4 ± 38.4 ms - Map
 44.6 ±  0.6 ms - getState
0.0474348
0.0503362
0.071921
1040.8 ±  0.0 ms - Total time
854.4 ±  0.0 ms - Build f time
 40.4 ±  0.7 ms - Apply f time
717.9 ±  5.2 ms - Real f time 
183.0 ±  2.2 ms - Add time
  9.0 ±  0.3 ms - Find child
 12.2 ±  0.4 ms - Add child
179.3 ±  1.5 ms - Hash
135.9 ± 38.5 ms - Map
 50.8 ±  0.7 ms - getState
0.0224738
0.0239222
0.0320865
1072.9 ±  0.0 ms - Total time
876.9 ±  0.0 ms - Build f time
 42.6 ±  0.7 ms - Apply f time
738.7 ±  5.3 ms - Real f time 
189.9 ±  2.2 ms - Add time
  9.8 ±  0.4 ms - Find child
 13.0 ±  0.4 ms - Add child
185.4 ±  1.5 ms - Hash
140.0 ± 38.5 ms - Map
 53.6 ±  0.7 ms - getState
0.039972
0.0425259
0.0587607
1131.7 ±  0.0 ms - Total time
916.9 ±  0.0 ms - Build f time
 47.3 ±  0.8 ms - Apply f time
773.2 ±  5.3 ms - Real f time 
202.4 ±  2.3 ms - Add time
 11.0 ±  0.4 ms - Find child
 14.5 ±  0.4 ms - Add child
195.3 ±  1.6 ms - Hash
149.8 ± 38.5 ms - Map
 58.9 ±  0.7 ms - getState
0.051438
0.0546816
0.0761944
1207.9 ±  0.0 ms - Total time
968.3 ±  0.0 ms - Build f time
 52.8 ±  0.9 ms - Apply f time
822.2 ±  5.5 ms - Real f time 
218.3 ±  2.4 ms - Add time
 13.0 ±  0.4 ms - Find child
 16.9 ±  0.5 ms - Add child
210.3 ±  2.3 ms - Hash
158.8 ± 38.4 ms - Map
 65.4 ±  0.8 ms - getState
0.101385
0.107255
0.156604
1364.6 ±  0.0 ms - Total time
1069.7 ±  0.0 ms - Build f time
 61.8 ±  0.9 ms - Apply f time
907.3 ±  5.9 ms - Real f time 
247.7 ±  2.5 ms - Add time
 15.5 ±  0.4 ms - Find child
 20.2 ±  0.5 ms - Add child
239.9 ±  2.3 ms - Hash
176.0 ± 38.5 ms - Map
 79.2 ±  0.8 ms - getState
0.116557
0.123936
0.185733
1550.3 ±  0.0 ms - Total time
1186.2 ±  0.0 ms - Build f time
 73.0 ±  1.0 ms - Apply f time
1010.3 ±  6.4 ms - Real f time 
286.1 ±  2.7 ms - Add time
 18.2 ±  0.5 ms - Find child
 23.6 ±  0.5 ms - Add child
275.9 ±  2.4 ms - Hash
194.1 ± 38.5 ms - Map
 97.7 ±  1.2 ms - getState
Dag sizes: 51244 73484 73853 48285 20363 42640 55801 79764 90803 
brutePieces time: 0.936145
108.5 ±  0.0 ms - Piece loop time
 46.8 ± 34.3 ms - Set time
 89.8 ±  1.7 ms - Child looking time
Nodes:  536237
Pieces: 62272
makePieces time: 0.109679
Memory: 6.8 + 25.8 + 17.2 + 46.3 + 5.4 MB
 15.7 ±  1.0 ms - Greedy fill time
composePieces time: 1.04214
                                                                                