Running only task # 74
Using max depth 23
 |                                        | 0 / 416 (0.0%)Function count: 142
0.0124676
0.0135976
0.0145972
0.0160315
0.0126619
0.0132099
0.0145437
0.0159409
0.0116515
0.0125729
0.0149234
0.0163853
0.00897588
0.00955166
0.0147336
0.0159871
0.0141824
0.0152742
 37.4 ±  0.0 ms - Piece loop time
 39.0 ± 36.0 ms - Set time
 33.6 ±  1.1 ms - Child looking time
0.0121886
0.013118
0.014483
143.2 ±  0.0 ms - Total time
130.9 ±  0.0 ms - Build f time
  4.7 ±  0.2 ms - Apply f time
126.4 ±  1.2 ms - Real f time 
 25.8 ±  0.8 ms - Add time
  1.0 ±  0.1 ms - Find child
  1.3 ±  0.1 ms - Add child
 25.7 ±  2.8 ms - Hash
 54.0 ± 37.9 ms - Map
  4.4 ±  0.2 ms - getState
0.0150547
0.016523
0.0184451
161.7 ±  0.0 ms - Total time
146.0 ±  0.0 ms - Build f time
  5.9 ±  0.2 ms - Apply f time
141.4 ±  1.2 ms - Real f time 
 29.5 ±  0.8 ms - Add time
  1.4 ±  0.1 ms - Find child
  1.6 ±  0.2 ms - Add child
 28.6 ±  2.8 ms - Hash
 56.3 ± 37.8 ms - Map
  5.5 ±  0.2 ms - getState
0.00870943
0.00929045
0.0231124
184.8 ±  0.0 ms - Total time
154.7 ±  0.0 ms - Build f time
  6.5 ±  0.2 ms - Apply f time
150.4 ±  1.3 ms - Real f time 
 31.5 ±  0.9 ms - Add time
  1.7 ±  0.2 ms - Find child
  2.0 ±  0.2 ms - Add child
 30.4 ±  2.8 ms - Hash
 57.7 ± 37.8 ms - Map
  5.9 ±  0.2 ms - getState
0.0153274
0.0168217
0.0185388
203.4 ±  0.0 ms - Total time
170.0 ±  0.0 ms - Build f time
  7.6 ±  0.3 ms - Apply f time
165.1 ±  1.3 ms - Real f time 
 34.9 ±  0.9 ms - Add time
  2.0 ±  0.2 ms - Find child
  2.5 ±  0.2 ms - Add child
 33.3 ±  2.8 ms - Hash
 60.1 ± 37.8 ms - Map
  7.0 ±  0.3 ms - getState
0.0121847
0.0132417
0.0146946
218.1 ±  0.0 ms - Total time
182.2 ±  0.0 ms - Build f time
  8.4 ±  0.3 ms - Apply f time
177.1 ±  1.4 ms - Real f time 
 37.8 ±  0.9 ms - Add time
  2.3 ±  0.2 ms - Find child
  2.9 ±  0.2 ms - Add child
 35.6 ±  2.8 ms - Hash
 61.8 ± 37.8 ms - Map
  7.6 ±  0.3 ms - getState
0.0149636
0.0164057
0.0181838
236.3 ±  0.0 ms - Total time
197.2 ±  0.0 ms - Build f time
  9.7 ±  0.3 ms - Apply f time
191.0 ±  1.4 ms - Real f time 
 41.4 ±  1.0 ms - Add time
  2.8 ±  0.2 ms - Find child
  3.5 ±  0.2 ms - Add child
 38.8 ±  2.8 ms - Hash
 63.8 ± 37.8 ms - Map
  8.6 ±  0.3 ms - getState
0.00880254
0.00936143
0.0103182
246.6 ±  0.0 ms - Total time
206.0 ±  0.0 ms - Build f time
 10.0 ±  0.3 ms - Apply f time
200.1 ±  1.5 ms - Real f time 
 43.3 ±  1.0 ms - Add time
  3.0 ±  0.2 ms - Find child
  3.9 ±  0.2 ms - Add child
 40.5 ±  2.8 ms - Hash
 66.0 ± 37.7 ms - Map
  9.2 ±  0.3 ms - getState
0.0149541
0.0162097
0.0178479
264.5 ±  0.0 ms - Total time
220.9 ±  0.0 ms - Build f time
 11.1 ±  0.3 ms - Apply f time
214.9 ±  1.5 ms - Real f time 
 46.8 ±  1.0 ms - Add time
  3.3 ±  0.2 ms - Find child
  4.3 ±  0.2 ms - Add child
 43.3 ±  2.8 ms - Hash
 68.0 ± 37.8 ms - Map
 10.2 ±  0.3 ms - getState
0.0143302
0.0154021
0.0169402
281.4 ±  0.0 ms - Total time
235.2 ±  0.0 ms - Build f time
 12.1 ±  0.3 ms - Apply f time
230.3 ±  1.6 ms - Real f time 
 49.6 ±  1.0 ms - Add time
  3.6 ±  0.2 ms - Find child
  4.8 ±  0.3 ms - Add child
 46.1 ±  2.8 ms - Hash
 70.1 ± 37.8 ms - Map
 11.0 ±  0.3 ms - getState
Dag sizes: 8477 11227 5949 9945 8477 11256 5948 10018 9091 
brutePieces time: 0.1587
 55.4 ±  0.0 ms - Piece loop time
 40.4 ± 35.5 ms - Set time
 48.6 ±  1.2 ms - Child looking time
Nodes:  80388
Pieces: 14893
makePieces time: 0.0563085
Memory: 0.3 + 8.0 + 2.6 + 39.0 + 2.0 MB
  2.0 ±  0.4 ms - Greedy fill time
composePieces time: 0.106271
                                                                                