Running only task # 277
Using max depth 23
 |                                        | 0 / 416 (0.0%)Function count: 142
0.0958483
0.104646
0.09982
0.108957
0.108059
0.118397
0.0940711
0.102151
0.102635
0.112099
0.1108
0.126959
0.123777
0.13642
 44.9 ±  0.0 ms - Piece loop time
 41.6 ± 35.3 ms - Set time
 35.8 ±  1.3 ms - Child looking time
0.0959874
0.104693
0.173427
983.3 ±  0.0 ms - Total time
831.0 ±  0.0 ms - Build f time
 41.4 ±  0.8 ms - Apply f time
695.2 ±  4.8 ms - Real f time 
187.6 ± 10.4 ms - Add time
  6.0 ±  0.3 ms - Find child
  7.5 ±  0.3 ms - Add child
152.3 ±  1.2 ms - Hash
110.3 ± 36.4 ms - Map
 47.3 ±  0.7 ms - getState
0.100589
0.109964
0.186898
1170.2 ±  0.0 ms - Total time
931.6 ±  0.0 ms - Build f time
 62.1 ±  5.3 ms - Apply f time
786.1 ±  5.1 ms - Real f time 
229.0 ± 10.5 ms - Add time
  9.5 ±  0.3 ms - Find child
 12.7 ±  0.4 ms - Add child
186.8 ±  1.3 ms - Hash
130.5 ± 36.4 ms - Map
 69.1 ±  0.8 ms - getState
0.112037
0.122344
0.205061
1375.3 ±  0.0 ms - Total time
1043.6 ±  0.0 ms - Build f time
 78.5 ±  5.3 ms - Apply f time
889.3 ±  5.8 ms - Real f time 
276.0 ± 10.5 ms - Add time
 13.2 ±  0.4 ms - Find child
 18.3 ±  0.5 ms - Add child
223.7 ±  1.5 ms - Hash
150.8 ± 36.4 ms - Map
 93.5 ±  0.9 ms - getState
0.094246
0.102279
0.171609
1546.9 ±  0.0 ms - Total time
1137.9 ±  0.0 ms - Build f time
 92.2 ±  5.3 ms - Apply f time
974.5 ±  6.0 ms - Real f time 
315.8 ± 10.6 ms - Add time
 16.5 ±  0.5 ms - Find child
 23.1 ±  0.6 ms - Add child
257.8 ±  1.6 ms - Hash
167.4 ± 36.4 ms - Map
113.6 ±  1.0 ms - getState
0.10485
0.115008
0.197479
1744.5 ±  0.0 ms - Total time
1242.7 ±  0.0 ms - Build f time
109.6 ±  5.3 ms - Apply f time
1070.0 ±  6.2 ms - Real f time 
361.7 ± 10.6 ms - Add time
 20.6 ±  0.5 ms - Find child
 29.4 ±  0.7 ms - Add child
295.0 ±  1.7 ms - Hash
185.5 ± 36.4 ms - Map
138.8 ±  1.3 ms - getState
0.113985
0.125092
0.21122
1955.7 ±  0.0 ms - Total time
1356.7 ±  0.0 ms - Build f time
126.2 ±  5.3 ms - Apply f time
1175.6 ±  6.5 ms - Real f time 
408.7 ± 10.6 ms - Add time
 24.5 ±  0.6 ms - Find child
 35.5 ±  0.8 ms - Add child
333.0 ±  1.8 ms - Hash
208.2 ± 36.4 ms - Map
164.0 ±  1.5 ms - getState
0.126634
0.139179
0.235243
2191.0 ±  0.0 ms - Total time
1483.3 ±  0.0 ms - Build f time
144.6 ±  5.3 ms - Apply f time
1292.3 ±  6.8 ms - Real f time 
461.8 ± 10.7 ms - Add time
 28.6 ±  0.6 ms - Find child
 41.9 ±  0.9 ms - Add child
373.9 ±  1.9 ms - Hash
233.8 ± 36.3 ms - Map
191.3 ±  1.5 ms - getState
Dag sizes: 116770 124991 134834 114587 127544 136518 153576 
brutePieces time: 1.38626
151.7 ±  0.0 ms - Piece loop time
 72.7 ± 35.9 ms - Set time
106.3 ±  2.0 ms - Child looking time
Nodes:  908820
Pieces: 138159
makePieces time: 0.153281
Memory: 12.8 + 34.0 + 29.1 + 43.9 + 9.1 MB
 12.3 ±  0.9 ms - Greedy fill time
composePieces time: 2.12198
                                                                                