Running only task # 59
Using max depth 3
 |                                        | 0 / 416 (0.0%)Function count: 142
0.318239
0.371855
0.309551
0.340589
0.327721
0.364356
0.346304
0.387668
 39.7 ±  0.0 ms - Piece loop time
 64.5 ± 55.4 ms - Set time
 27.3 ±  1.0 ms - Child looking time
0.337611
0.374849
0.977647
2442.3 ±  0.0 ms - Total time
1639.4 ±  0.0 ms - Build f time
140.9 ±  2.1 ms - Apply f time
1293.6 ± 16.0 ms - Real f time 
538.7 ±  5.0 ms - Add time
 21.2 ±  0.5 ms - Find child
 29.0 ±  0.6 ms - Add child
423.6 ±  2.5 ms - Hash
207.8 ± 39.1 ms - Map
207.6 ±  2.2 ms - getState
0.326568
0.358484
0.753694
3196.1 ±  0.0 ms - Total time
1966.0 ±  0.0 ms - Build f time
205.7 ±  2.5 ms - Apply f time
1584.6 ± 17.6 ms - Real f time 
725.2 ±  6.3 ms - Add time
 35.0 ±  0.7 ms - Find child
 50.3 ±  1.6 ms - Add child
579.6 ±  5.4 ms - Hash
288.5 ± 39.2 ms - Map
308.7 ±  2.6 ms - getState
0.350777
0.387135
0.982381
4178.5 ±  0.0 ms - Total time
2316.8 ±  0.0 ms - Build f time
287.9 ±  2.8 ms - Apply f time
1889.5 ± 18.1 ms - Real f time 
1004.2 ±  9.4 ms - Add time
 53.3 ±  0.8 ms - Find child
 77.4 ±  2.4 ms - Add child
787.5 ±  6.0 ms - Hash
388.7 ± 39.1 ms - Map
457.1 ±  3.0 ms - getState
0.389584
0.430394
1.16576
5344.3 ±  0.0 ms - Total time
2706.4 ±  0.0 ms - Build f time
376.9 ±  3.0 ms - Apply f time
2229.9 ± 18.8 ms - Real f time 
1418.8 ± 62.2 ms - Add time
 69.4 ±  0.9 ms - Find child
101.2 ±  2.4 ms - Add child
1052.5 ±  7.3 ms - Hash
488.3 ± 39.5 ms - Map
635.0 ±  3.4 ms - getState
Dag sizes: 536373 368847 580130 529022 
brutePieces time: 3.88123
280.3 ±  0.0 ms - Piece loop time
135.6 ± 36.0 ms - Set time
177.0 ±  4.9 ms - Child looking time
Nodes:  2014372
Pieces: 384055
makePieces time: 0.282197
Memory: 54.9 + 66.4 + 64.5 + 49.0 + 18.4 MB
 11.8 ±  0.0 ms - Greedy fill time
composePieces time: 1.64426
                                                                                