Running only task # 59
Using max depth 33
 |                                        | 0 / 416 (0.0%)Function count: 142
0.331931
0.371908
0.329775
0.362448
0.342016
0.379835
0.33053
0.369277
0.331861
0.364905
0.345129
0.383917
0.369009
0.412158
 84.7 ±  0.0 ms - Piece loop time
 35.4 ± 17.8 ms - Set time
 62.5 ±  2.0 ms - Child looking time
0.359865
0.398067
1.01594
3660.8 ±  0.0 ms - Total time
2740.1 ±  0.0 ms - Build f time
175.3 ±  5.5 ms - Apply f time
2085.9 ± 19.0 ms - Real f time 
822.7 ± 42.9 ms - Add time
 22.9 ±  0.5 ms - Find child
 32.4 ±  0.6 ms - Add child
612.9 ±  5.0 ms - Hash
306.0 ± 44.0 ms - Map
245.4 ±  3.3 ms - getState
0.324351
0.362594
0.792566
4453.4 ±  0.0 ms - Total time
3064.5 ±  0.0 ms - Build f time
243.6 ±  5.6 ms - Apply f time
2376.9 ± 19.8 ms - Real f time 
1021.9 ± 42.8 ms - Add time
 39.5 ±  0.8 ms - Find child
 55.3 ±  1.8 ms - Add child
777.2 ±  6.0 ms - Hash
390.0 ± 43.9 ms - Map
372.3 ± 17.1 ms - getState
0.370201
0.409278
1.0767
5530.1 ±  0.0 ms - Total time
3434.7 ±  0.0 ms - Build f time
333.3 ±  6.0 ms - Apply f time
2718.0 ± 20.6 ms - Real f time 
1326.7 ± 45.9 ms - Add time
 60.6 ±  1.1 ms - Find child
 82.8 ±  1.9 ms - Add child
995.7 ±  6.2 ms - Hash
523.0 ± 44.1 ms - Map
534.1 ± 17.2 ms - getState
0.360324
0.398209
1.03824
6568.4 ±  0.0 ms - Total time
3795.0 ±  0.0 ms - Build f time
422.6 ±  6.5 ms - Apply f time
3034.0 ± 21.2 ms - Real f time 
1654.2 ± 64.2 ms - Add time
 80.9 ±  1.2 ms - Find child
109.3 ±  2.0 ms - Add child
1203.9 ±  6.4 ms - Hash
643.1 ± 44.2 ms - Map
689.7 ± 17.3 ms - getState
0.333962
0.366878
0.790859
7359.3 ±  0.0 ms - Total time
4128.9 ±  0.0 ms - Build f time
489.9 ±  6.6 ms - Apply f time
3351.9 ± 27.9 ms - Real f time 
1850.5 ± 64.3 ms - Add time
 98.0 ±  1.3 ms - Find child
130.9 ±  2.1 ms - Add child
1361.7 ±  6.5 ms - Hash
733.4 ± 44.3 ms - Map
794.6 ± 17.4 ms - getState
0.370431
0.40893
1.08022
8439.6 ±  0.0 ms - Total time
4499.4 ±  0.0 ms - Build f time
582.6 ±  6.9 ms - Apply f time
3701.3 ± 34.6 ms - Real f time 
2138.1 ± 64.3 ms - Add time
119.8 ±  1.4 ms - Find child
159.2 ±  2.2 ms - Add child
1577.6 ±  6.7 ms - Hash
863.5 ± 44.3 ms - Map
954.6 ± 17.4 ms - getState
0.408844
0.450594
1.27043
9710.1 ±  0.0 ms - Total time
4908.2 ±  0.0 ms - Build f time
680.1 ±  7.0 ms - Apply f time
4048.9 ± 35.0 ms - Real f time 
2496.5 ± 64.4 ms - Add time
138.3 ±  1.5 ms - Find child
185.6 ±  2.2 ms - Add child
1856.7 ±  7.0 ms - Hash
985.0 ± 44.4 ms - Map
1154.7 ± 17.5 ms - getState
Dag sizes: 579414 399491 619073 584700 379469 623234 570974 
brutePieces time: 7.06924
581.6 ±  0.0 ms - Piece loop time
208.7 ± 37.8 ms - Set time
381.7 ±  4.1 ms - Child looking time
Nodes:  3756355
Pieces: 485943
makePieces time: 0.584653
Memory: 96.7 + 124.9 + 120.2 + 89.5 + 36.5 MB
 57.8 ± 10.6 ms - Greedy fill time
composePieces time: 13.1441
                                                                                