Running only task # 8
Using max depth 23
 |                                        | 0 / 416 (0.0%)Function count: 142
0.0700807
0.0749486
0.0689989
0.0737989
0.0691346
0.0744791
0.0786959
0.0832464
0.0685714
0.0733438
0.0707033
0.07607
0.0747906
0.0802042
 36.0 ±  0.0 ms - Piece loop time
 42.2 ± 36.6 ms - Set time
 33.2 ±  4.0 ms - Child looking time
0.068861
0.0734086
0.121899
658.3 ±  0.0 ms - Total time
569.8 ±  0.0 ms - Build f time
 21.6 ±  0.5 ms - Apply f time
465.6 ±  3.4 ms - Real f time 
120.4 ± 10.0 ms - Add time
  3.8 ±  0.2 ms - Find child
  4.9 ±  0.2 ms - Add child
109.7 ±  5.0 ms - Hash
 95.7 ± 38.7 ms - Map
 24.3 ±  0.7 ms - getState
0.0700208
0.0746134
0.124529
782.8 ±  0.0 ms - Total time
639.9 ±  0.0 ms - Build f time
 31.0 ±  0.6 ms - Apply f time
528.0 ±  3.6 ms - Real f time 
147.5 ± 10.0 ms - Add time
  6.3 ±  0.3 ms - Find child
  8.4 ±  0.3 ms - Add child
133.0 ±  5.0 ms - Hash
111.0 ± 38.8 ms - Map
 36.3 ±  0.7 ms - getState
0.0706395
0.0758036
0.123576
906.4 ±  0.0 ms - Total time
710.5 ±  0.0 ms - Build f time
 41.3 ±  0.7 ms - Apply f time
591.4 ±  3.8 ms - Real f time 
179.1 ± 10.6 ms - Add time
  9.1 ±  0.3 ms - Find child
 11.6 ±  0.4 ms - Add child
157.7 ±  5.0 ms - Hash
122.2 ± 38.8 ms - Map
 48.1 ±  0.8 ms - getState
0.06988
0.074437
0.123086
1029.5 ±  0.0 ms - Total time
780.4 ±  0.0 ms - Build f time
 51.0 ±  0.8 ms - Apply f time
654.9 ±  4.0 ms - Real f time 
205.0 ± 10.6 ms - Add time
 11.7 ±  0.4 ms - Find child
 15.0 ±  0.4 ms - Add child
182.4 ±  5.1 ms - Hash
135.8 ± 38.8 ms - Map
 59.4 ±  0.9 ms - getState
0.0699879
0.0749986
0.12248
1152.1 ±  0.0 ms - Total time
850.4 ±  0.0 ms - Build f time
 59.9 ±  0.8 ms - Apply f time
720.4 ±  4.3 ms - Real f time 
231.0 ± 10.6 ms - Add time
 14.2 ±  0.4 ms - Find child
 18.5 ±  0.5 ms - Add child
206.1 ±  5.1 ms - Hash
149.6 ± 38.8 ms - Map
 73.4 ±  2.7 ms - getState
0.0709894
0.0761886
0.124658
1276.7 ±  0.0 ms - Total time
921.3 ±  0.0 ms - Build f time
 69.7 ±  0.9 ms - Apply f time
787.1 ±  4.5 ms - Real f time 
258.8 ± 10.6 ms - Add time
 16.8 ±  0.5 ms - Find child
 21.4 ±  0.5 ms - Add child
231.3 ±  5.2 ms - Hash
162.3 ± 38.8 ms - Map
 85.4 ±  2.8 ms - getState
0.0774835
0.0829333
0.136451
1413.2 ±  0.0 ms - Total time
998.8 ±  0.0 ms - Build f time
 80.5 ±  1.0 ms - Apply f time
856.9 ±  4.7 ms - Real f time 
288.6 ± 10.7 ms - Add time
 19.5 ±  0.5 ms - Find child
 25.1 ±  0.6 ms - Add child
257.8 ±  5.3 ms - Hash
177.3 ± 38.8 ms - Map
 98.3 ±  2.8 ms - getState
Dag sizes: 87798 85383 88777 87787 85365 88705 95086 
brutePieces time: 0.882128
 95.7 ±  0.0 ms - Piece loop time
 52.1 ± 34.4 ms - Set time
 72.0 ±  2.5 ms - Child looking time
Nodes:  618901
Pieces: 93816
makePieces time: 0.0969837
Memory: 7.3 + 24.1 + 19.8 + 39.3 + 6.2 MB
 58.0 ±  5.6 ms - Greedy fill time
composePieces time: 1.62481
                                                                                