Running only task # 48
Using max depth 4
 |                                        | 0 / 416 (0.0%)Function count: 142
0.358796
0.416382
0.404169
0.466199
0.407946
0.470078
 47.1 ±  0.0 ms - Piece loop time
 29.9 ± 16.6 ms - Set time
 31.4 ±  1.2 ms - Child looking time
13.8364
15.8612
33.182
34534.8 ±  0.0 ms - Total time
15007.3 ±  0.0 ms - Build f time
2795.8 ±  8.8 ms - Apply f time
13808.4 ± 47.5 ms - Real f time 
8267.0 ± 181.3 ms - Add time
636.8 ±  6.0 ms - Find child
950.5 ±  8.1 ms - Add child
5712.6 ± 20.0 ms - Hash
5126.5 ± 46.4 ms - Map
4128.2 ± 15.6 ms - getState
15.3738
17.5919
36.817
71351.8 ±  0.0 ms - Total time
30381.1 ±  0.0 ms - Build f time
5809.7 ± 15.4 ms - Apply f time
27903.9 ± 75.2 ms - Real f time 
17085.9 ± 190.7 ms - Add time
1320.4 ± 11.6 ms - Find child
1959.8 ± 13.0 ms - Add child
12084.5 ± 24.7 ms - Hash
10395.6 ± 59.4 ms - Map
8712.1 ± 24.4 ms - getState
15.7278
18.0297
