Running only task # 293
Using max depth 33
 |                                        | 0 / 416 (0.0%)Function count: 142
0.13213
0.142109
0.151705
0.163542
0.159409
0.174096
0.130179
0.140607
0.150014
0.161726
0.18252
0.196296
0.187972
0.203207
 45.3 ±  0.0 ms - Piece loop time
 59.0 ± 48.2 ms - Set time
 31.5 ±  1.3 ms - Child looking time
0.136869
0.146824
0.32007
1502.0 ±  0.0 ms - Total time
1230.8 ±  0.0 ms - Build f time
 54.5 ±  0.9 ms - Apply f time
940.1 ±  9.6 ms - Real f time 
285.6 ±  6.0 ms - Add time
  9.0 ±  0.3 ms - Find child
 11.3 ±  0.4 ms - Add child
251.1 ±  2.7 ms - Hash
143.2 ± 22.2 ms - Map
 68.8 ±  0.8 ms - getState
0.176636
0.188471
0.411562
1913.7 ±  0.0 ms - Total time
1407.4 ±  0.0 ms - Build f time
 84.1 ±  1.2 ms - Apply f time
1091.9 ± 10.1 ms - Real f time 
392.8 ±  7.5 ms - Add time
 15.9 ±  0.4 ms - Find child
 20.6 ±  0.5 ms - Add child
337.6 ±  3.1 ms - Hash
187.7 ± 22.3 ms - Map
125.9 ±  2.7 ms - getState
0.169897
0.183672
0.416343
2330.1 ±  0.0 ms - Total time
1577.3 ±  0.0 ms - Build f time
116.3 ±  1.4 ms - Apply f time
1238.9 ± 10.5 ms - Real f time 
503.6 ±  8.1 ms - Add time
 23.0 ±  0.5 ms - Find child
 30.8 ±  0.9 ms - Add child
427.9 ±  4.0 ms - Hash
233.7 ± 22.3 ms - Map
178.5 ±  2.7 ms - getState
0.128053
0.138759
0.333253
2663.4 ±  0.0 ms - Total time
1705.4 ±  0.0 ms - Build f time
144.7 ±  1.5 ms - Apply f time
1356.2 ± 10.7 ms - Real f time 
589.7 ±  8.2 ms - Add time
 30.3 ±  0.6 ms - Find child
 40.9 ±  1.0 ms - Add child
494.9 ±  4.1 ms - Hash
273.9 ± 22.3 ms - Map
225.6 ±  3.0 ms - getState
0.153568
0.165824
0.389813
3053.2 ±  0.0 ms - Total time
1858.9 ±  0.0 ms - Build f time
175.2 ±  2.0 ms - Apply f time
1494.2 ± 11.0 ms - Real f time 
707.4 ± 17.9 ms - Add time
 37.0 ±  0.7 ms - Find child
 50.6 ±  1.1 ms - Add child
580.6 ±  4.2 ms - Hash
316.7 ± 22.3 ms - Map
276.5 ±  3.0 ms - getState
0.170428
0.183904
0.447724
3501.0 ±  0.0 ms - Total time
2029.4 ±  0.0 ms - Build f time
208.0 ±  2.1 ms - Apply f time
1642.5 ± 11.3 ms - Real f time 
841.0 ± 27.4 ms - Add time
 45.2 ±  0.8 ms - Find child
 62.0 ±  1.3 ms - Add child
670.4 ±  4.3 ms - Hash
362.1 ± 22.3 ms - Map
346.8 ±  3.1 ms - getState
0.198826
0.213947
0.518225
4019.3 ±  0.0 ms - Total time
2228.2 ±  0.0 ms - Build f time
243.8 ±  2.2 ms - Apply f time
1818.7 ± 12.1 ms - Real f time 
983.9 ± 28.3 ms - Add time
 53.0 ±  0.8 ms - Find child
 73.0 ±  1.4 ms - Add child
782.5 ±  4.4 ms - Hash
411.9 ± 22.4 ms - Map
422.1 ±  3.3 ms - getState
Dag sizes: 192284 210089 225972 197162 214421 229622 248924 
brutePieces time: 2.84068
201.5 ±  0.0 ms - Piece loop time
 83.3 ± 20.3 ms - Set time
132.6 ±  2.1 ms - Child looking time
Nodes:  1518474
Pieces: 209647
makePieces time: 0.202818
Memory: 34.2 + 53.5 + 48.6 + 53.7 + 13.4 MB
 73.9 ±  2.1 ms - Greedy fill time
composePieces time: 10.8584
                                                                                