Running only task # 13
Using max depth 4
 |                                        | 0 / 416 (0.0%)Function count: 142
0.0624025
0.0669276
0.0698558
0.0745351
0.068497
0.0737159
0.0716661
0.076936
 13.5 ±  0.0 ms - Piece loop time
 41.1 ± 38.0 ms - Set time
  9.8 ±  0.7 ms - Child looking time
1.48839
1.60209
2.44413
2736.4 ±  0.0 ms - Total time
1760.8 ±  0.0 ms - Build f time
167.8 ±  1.8 ms - Apply f time
1588.4 ±  7.0 ms - Real f time 
490.0 ±  7.6 ms - Add time
 45.6 ±  1.4 ms - Find child
 54.8 ±  0.9 ms - Add child
467.6 ±  5.5 ms - Hash
412.0 ± 40.0 ms - Map
210.1 ±  2.7 ms - getState
1.6215
1.7493
2.66977
5406.2 ±  0.0 ms - Total time
3382.3 ±  0.0 ms - Build f time
343.7 ±  2.7 ms - Apply f time
3086.5 ± 10.1 ms - Real f time 
958.1 ± 18.8 ms - Add time
 89.5 ±  1.6 ms - Find child
111.2 ±  1.3 ms - Add child
915.7 ±  6.4 ms - Hash
910.3 ± 98.9 ms - Map
419.5 ±  3.3 ms - getState
1.62158
1.7583
2.6199
8026.1 ±  0.0 ms - Total time
5003.9 ±  0.0 ms - Build f time
519.0 ±  3.5 ms - Apply f time
4582.6 ± 26.6 ms - Real f time 
1442.9 ± 28.2 ms - Add time
133.1 ±  1.8 ms - Find child
169.0 ±  1.5 ms - Add child
1372.6 ±  6.9 ms - Hash
1278.2 ± 99.1 ms - Map
643.2 ±  9.6 ms - getState
1.69329
1.83658
2.69051
10716.7 ±  0.0 ms - Total time
6697.2 ±  0.0 ms - Build f time
694.1 ±  3.9 ms - Apply f time
6180.4 ± 28.6 ms - Real f time 
1919.5 ± 30.8 ms - Add time
174.4 ±  1.9 ms - Find child
227.7 ±  2.8 ms - Add child
1816.8 ±  7.9 ms - Hash
1624.8 ± 99.1 ms - Map
859.6 ± 10.0 ms - getState
Dag sizes: 1249746 1308484 1342284 1275841 
brutePieces time: 10.4263
1208.0 ±  0.0 ms - Piece loop time
414.3 ± 17.2 ms - Set time
723.6 ±  5.6 ms - Child looking time
Nodes:  5176355
Pieces: 1102136
makePieces time: 1.2116
Memory: 68.7 + 232.8 + 165.6 + 116.4 + 50.3 MB
 18.2 ±  0.0 ms - Greedy fill time
composePieces time: 3.51287
                                                                                