Running only task # 341
Using max depth 4
 |                                        | 0 / 416 (0.0%)Function count: 142
0.943284
1.05258
0.737094
0.843489
1.01026
1.13261
0.588447
0.658655
0.707051
0.788533
 29.3 ±  0.0 ms - Piece loop time
 21.4 ± 15.8 ms - Set time
 22.6 ±  1.1 ms - Child looking time
18.9722
20.8839
24.7392
29215.2 ±  0.0 ms - Total time
22958.3 ±  0.0 ms - Build f time
1179.9 ± 42.3 ms - Apply f time
19532.9 ± 323.3 ms - Real f time 
4321.4 ± 130.0 ms - Add time
 81.8 ±  1.0 ms - Find child
121.6 ±  1.6 ms - Add child
4391.2 ± 45.6 ms - Hash
753.5 ± 45.9 ms - Map
1935.0 ± 54.0 ms - getState
20.372
22.9383
28.0535
57268.8 ±  0.0 ms - Total time
43330.3 ±  0.0 ms - Build f time
2538.6 ± 45.9 ms - Apply f time
36301.5 ± 343.7 ms - Real f time 
9117.1 ± 138.9 ms - Add time
199.4 ±  1.8 ms - Find child
291.7 ±  2.2 ms - Add child
9141.5 ± 49.0 ms - Hash
1703.0 ± 46.5 ms - Map
4238.4 ± 58.2 ms - getState
21.2411
23.5347
27.9039
85172.7 ±  0.0 ms - Total time
64571.4 ±  0.0 ms - Build f time
3636.5 ± 56.3 ms - Apply f time
54743.6 ± 477.6 ms - Real f time 
13155.3 ± 152.9 ms - Add time
292.2 ±  3.3 ms - Find child
427.4 ±  2.7 ms - Add child
13361.6 ± 69.2 ms - Hash
2442.8 ± 47.6 ms - Map
6287.9 ± 75.8 ms - getState
14.2304
15.7417
19.2406
104413.3 ±  0.0 ms - Total time
78801.9 ±  0.0 ms - Build f time
4474.7 ± 57.2 ms - Apply f time
66760.0 ± 486.8 ms - Real f time 
16218.9 ± 155.8 ms - Add time
370.8 ±  3.4 ms - Find child
551.3 ±  3.8 ms - Add child
16675.2 ± 70.6 ms - Hash
3123.1 ± 47.9 ms - Map
7763.8 ± 76.8 ms - getState
18.5906
20.6972
26.3849
130798.3 ±  0.0 ms - Total time
97392.5 ±  0.0 ms - Build f time
5631.7 ± 58.1 ms - Apply f time
82194.4 ± 498.6 ms - Real f time 
20796.6 ± 160.1 ms - Add time
484.6 ±  3.7 ms - Find child
721.4 ±  4.2 ms - Add child
21536.0 ± 72.2 ms - Hash
4049.4 ± 48.2 ms - Map
9990.0 ± 78.9 ms - getState
Dag sizes: 1884322 2886643 2176631 1999115 2609822 
brutePieces time: 126.324
2534.1 ±  0.0 ms - Piece loop time
804.3 ± 16.6 ms - Set time
1636.2 ± 14.8 ms - Child looking time
Nodes:  11556533
Pieces: 35333
makePieces time: 2.53576
Memory: 1084.0 + 606.8 + 369.8 + 285.6 + 91.8 MB
  6.7 ±  0.0 ms - Greedy fill time
composePieces time: 0.259663
                                                                                