Running only task # 74
Using max depth 3
 |                                        | 0 / 416 (0.0%)Function count: 142
0.011213
0.012375
0.0147888
0.0163896
0.008204
0.00918979
0.0195383
0.0208349
0.0136743
0.0149012
 20.0 ±  0.0 ms - Piece loop time
 39.7 ± 36.8 ms - Set time
 23.7 ±  7.3 ms - Child looking time
0.0112804
0.0121895
0.0135273
 87.4 ±  0.0 ms - Total time
 78.7 ±  0.0 ms - Build f time
  3.0 ±  0.2 ms - Apply f time
 74.0 ±  0.9 ms - Real f time 
 14.7 ±  0.5 ms - Add time
  0.7 ±  0.1 ms - Find child
  0.9 ±  0.1 ms - Add child
 12.6 ±  0.4 ms - Hash
 48.9 ± 37.0 ms - Map
  2.6 ±  0.2 ms - getState
0.0146767
0.0162262
0.0182486
105.7 ±  0.0 ms - Total time
 93.4 ±  0.0 ms - Build f time
  4.0 ±  0.2 ms - Apply f time
 88.2 ±  1.0 ms - Real f time 
 18.0 ±  0.5 ms - Add time
  1.2 ±  0.1 ms - Find child
  1.4 ±  0.1 ms - Add child
 15.2 ±  0.4 ms - Hash
 51.4 ± 37.0 ms - Map
  3.7 ±  0.2 ms - getState
0.00825953
0.00891945
0.00987435
115.6 ±  0.0 ms - Total time
101.6 ±  0.0 ms - Build f time
  4.6 ±  0.2 ms - Apply f time
 96.3 ±  1.0 ms - Real f time 
 19.7 ±  0.6 ms - Add time
  1.4 ±  0.1 ms - Find child
  1.7 ±  0.2 ms - Add child
 17.0 ±  0.5 ms - Hash
 52.9 ± 37.1 ms - Map
  4.2 ±  0.2 ms - getState
0.0148022
0.0162518
0.0183775
134.0 ±  0.0 ms - Total time
116.4 ±  0.0 ms - Build f time
  7.2 ±  1.3 ms - Apply f time
112.5 ±  2.1 ms - Real f time 
 23.6 ±  0.6 ms - Add time
  1.7 ±  0.1 ms - Find child
  2.0 ±  0.2 ms - Add child
 19.3 ±  0.5 ms - Hash
 98.6 ± 56.6 ms - Map
  5.1 ±  0.2 ms - getState
0.0145752
0.0158667
0.0176843
151.7 ±  0.0 ms - Total time
131.0 ±  0.0 ms - Build f time
  8.1 ±  1.3 ms - Apply f time
126.4 ±  2.1 ms - Real f time 
 26.7 ±  0.7 ms - Add time
  2.0 ±  0.2 ms - Find child
  2.4 ±  0.2 ms - Add child
 22.4 ±  0.8 ms - Hash
101.5 ± 56.7 ms - Map
  6.0 ±  0.2 ms - getState
Dag sizes: 7907 10791 5529 9525 8701 
brutePieces time: 0.0815015
 27.9 ±  0.0 ms - Piece loop time
 42.6 ± 38.5 ms - Set time
 23.1 ±  0.7 ms - Child looking time
Nodes:  42453
Pieces: 11943
makePieces time: 0.0287814
Memory: 0.2 + 4.2 + 1.4 + 21.7 + 0.9 MB
  0.9 ±  0.0 ms - Greedy fill time
composePieces time: 0.0418436
                                                                                