Running only task # 71
Using max depth 23
 |                                        | 0 / 416 (0.0%)Function count: 142
0.198653
0.22095
0.223192
0.254158
0.259513
0.292545
0.187983
0.210348
0.221961
0.252781
0.282949
0.314563
0.3009
0.340882
 60.1 ±  0.0 ms - Piece loop time
 61.7 ± 48.8 ms - Set time
 45.7 ±  1.6 ms - Child looking time
0.193031
0.214137
0.308573
2195.1 ±  0.0 ms - Total time
1868.2 ±  0.0 ms - Build f time
 87.8 ±  1.5 ms - Apply f time
1504.5 ± 19.6 ms - Real f time 
377.4 ±  3.6 ms - Add time
  8.1 ±  0.3 ms - Find child
 11.9 ±  0.4 ms - Add child
338.5 ± 23.2 ms - Hash
184.1 ± 42.8 ms - Map
 92.0 ±  1.1 ms - getState
0.237749
0.266914
0.371911
2567.1 ±  0.0 ms - Total time
2105.9 ±  0.0 ms - Build f time
111.7 ±  1.6 ms - Apply f time
1708.3 ± 20.0 ms - Real f time 
447.7 ±  3.8 ms - Add time
 13.2 ±  0.4 ms - Find child
 18.9 ±  0.5 ms - Add child
404.2 ± 23.2 ms - Hash
218.4 ± 42.8 ms - Map
132.2 ±  1.3 ms - getState
0.261385
0.297819
0.427244
2994.4 ±  0.0 ms - Total time
2367.3 ±  0.0 ms - Build f time
139.8 ±  1.8 ms - Apply f time
1926.4 ± 20.2 ms - Real f time 
531.7 ±  4.2 ms - Add time
 18.5 ±  0.5 ms - Find child
 26.9 ±  0.6 ms - Add child
478.3 ± 23.3 ms - Hash
256.8 ± 42.8 ms - Map
182.0 ±  1.7 ms - getState
0.201796
0.22565
0.321947
3316.4 ±  0.0 ms - Total time
2569.1 ±  0.0 ms - Build f time
161.1 ±  1.9 ms - Apply f time
2096.5 ± 20.4 ms - Real f time 
593.2 ±  4.4 ms - Add time
 24.1 ±  0.6 ms - Find child
 34.2 ±  0.7 ms - Add child
534.1 ± 23.2 ms - Hash
290.7 ± 42.7 ms - Map
214.6 ±  1.8 ms - getState
0.232663
0.26409
0.371705
3688.1 ±  0.0 ms - Total time
2801.8 ±  0.0 ms - Build f time
186.6 ±  2.1 ms - Apply f time
2296.9 ± 20.8 ms - Real f time 
746.4 ± 79.7 ms - Add time
 29.5 ±  0.6 ms - Find child
 41.2 ±  0.7 ms - Add child
597.5 ± 23.2 ms - Hash
324.1 ± 42.7 ms - Map
254.2 ±  1.9 ms - getState
0.279062
0.309264
0.432753
4120.9 ±  0.0 ms - Total time
3080.8 ±  0.0 ms - Build f time
213.8 ±  2.2 ms - Apply f time
2525.5 ± 21.1 ms - Real f time 
830.2 ± 79.7 ms - Add time
 35.0 ±  0.7 ms - Find child
 49.1 ±  0.8 ms - Add child
674.2 ± 23.3 ms - Hash
357.3 ± 42.8 ms - Map
301.1 ±  2.1 ms - getState
0.313012
0.351791
0.493165
4614.1 ±  0.0 ms - Total time
3393.8 ±  0.0 ms - Build f time
243.9 ±  2.4 ms - Apply f time
2782.4 ± 21.6 ms - Real f time 
945.5 ± 81.1 ms - Add time
 40.0 ±  0.7 ms - Find child
 56.8 ±  0.8 ms - Add child
760.3 ± 23.3 ms - Hash
390.0 ± 42.8 ms - Map
354.1 ±  2.2 ms - getState
Dag sizes: 151684 154308 170884 151816 153263 170146 169811 
brutePieces time: 2.73155
176.2 ±  0.0 ms - Piece loop time
 55.7 ± 15.6 ms - Set time
122.7 ±  2.3 ms - Child looking time
Nodes:  1121912
Pieces: 107808
makePieces time: 0.177319
Memory: 23.7 + 47.6 + 35.9 + 47.3 + 10.4 MB
  3.9 ±  0.0 ms - Greedy fill time
composePieces time: 0.901299
                                                                                