Running only task # 252
Using max depth 23
 |                                        | 0 / 416 (0.0%)Function count: 142
0.0168315
0.0182083
0.0156765
0.0167287
0.0160887
0.0173069
0.0163915
0.0176296
0.0198186
0.0216519
 21.1 ±  0.0 ms - Piece loop time
 42.8 ± 39.7 ms - Set time
 17.2 ±  0.8 ms - Child looking time
0.0158948
0.0170817
0.0196768
111.3 ±  0.0 ms - Total time
100.7 ±  0.0 ms - Build f time
  4.2 ±  0.2 ms - Apply f time
 98.4 ±  1.0 ms - Real f time 
 19.0 ±  0.5 ms - Add time
  2.0 ±  1.1 ms - Find child
  1.3 ±  0.1 ms - Add child
 16.3 ±  0.4 ms - Hash
 48.0 ± 35.2 ms - Map
  3.5 ±  0.2 ms - getState
0.0156246
0.016671
0.0192308
130.5 ±  0.0 ms - Total time
116.3 ±  0.0 ms - Build f time
  5.4 ±  0.2 ms - Apply f time
113.9 ±  1.1 ms - Real f time 
 23.1 ±  0.9 ms - Add time
  2.4 ±  1.1 ms - Find child
  1.9 ±  0.2 ms - Add child
 19.6 ±  0.5 ms - Hash
 50.9 ± 35.1 ms - Map
  4.5 ±  0.2 ms - getState
0.0165103
0.0177904
0.0205965
151.2 ±  0.0 ms - Total time
132.8 ±  0.0 ms - Build f time
  6.9 ±  0.3 ms - Apply f time
130.3 ±  1.1 ms - Real f time 
 27.2 ±  0.9 ms - Add time
  2.9 ±  1.1 ms - Find child
  2.6 ±  0.2 ms - Add child
 22.9 ±  0.5 ms - Hash
 53.6 ± 35.1 ms - Map
  5.6 ±  0.2 ms - getState
0.0158695
0.017059
0.0197025
170.9 ±  0.0 ms - Total time
148.7 ±  0.0 ms - Build f time
  8.5 ±  0.3 ms - Apply f time
146.4 ±  1.2 ms - Real f time 
 30.8 ±  1.0 ms - Add time
  3.7 ±  1.1 ms - Find child
  3.5 ±  0.2 ms - Add child
 26.1 ±  0.6 ms - Hash
 56.0 ± 35.1 ms - Map
  6.4 ±  0.3 ms - getState
0.0199207
0.0215586
0.0258343
196.7 ±  0.0 ms - Total time
168.6 ±  0.0 ms - Build f time
 10.9 ±  0.3 ms - Apply f time
167.1 ±  1.3 ms - Real f time 
 35.8 ±  1.0 ms - Add time
  4.5 ±  1.1 ms - Find child
  4.6 ±  0.3 ms - Add child
 29.9 ±  0.6 ms - Hash
 59.4 ± 35.1 ms - Map
  7.9 ±  0.3 ms - getState
Dag sizes: 12190 11701 12199 12167 14993 
brutePieces time: 0.108736
 31.0 ±  0.0 ms - Piece loop time
 44.7 ± 40.1 ms - Set time
 24.5 ±  1.0 ms - Child looking time
Nodes:  63250
Pieces: 16169
makePieces time: 0.0318468
Memory: 0.3 + 6.3 + 2.0 + 22.0 + 1.2 MB
  0.2 ±  0.0 ms - Greedy fill time
composePieces time: 0.0284336
                                                                                