Running only task # 372
Using max depth 3
 |                                        | 0 / 416 (0.0%)Function count: 142
0.0259782
0.0280654
0.0284064
0.0307365
0.0298629
0.032379
0.0303849
0.0331963
0.0357182
0.0387154
0.038937
0.0422784
 41.3 ±  0.0 ms - Piece loop time
 41.5 ± 36.8 ms - Set time
 34.3 ±  1.0 ms - Child looking time
0.0389557
0.0415755
0.0635807
269.1 ±  0.0 ms - Total time
228.2 ±  0.0 ms - Build f time
 11.2 ±  0.3 ms - Apply f time
203.0 ±  1.9 ms - Real f time 
 60.5 ±  6.4 ms - Add time
  2.7 ±  0.2 ms - Find child
  3.7 ±  0.2 ms - Add child
 42.4 ±  0.7 ms - Hash
 77.6 ± 43.2 ms - Map
 13.9 ±  0.8 ms - getState
0.0425541
0.0452686
0.0704794
339.6 ±  0.0 ms - Total time
270.8 ±  0.0 ms - Build f time
 17.8 ±  0.4 ms - Apply f time
244.1 ±  2.1 ms - Real f time 
 77.7 ±  6.4 ms - Add time
  5.0 ±  0.3 ms - Find child
  6.8 ±  0.3 ms - Add child
 55.5 ±  0.8 ms - Hash
 87.4 ± 43.2 ms - Map
 21.6 ±  0.8 ms - getState
0.0536097
0.0572698
0.0994946
439.1 ±  0.0 ms - Total time
324.4 ±  0.0 ms - Build f time
 26.9 ±  0.6 ms - Apply f time
295.3 ±  2.3 ms - Real f time 
101.7 ±  6.4 ms - Add time
  7.7 ±  0.3 ms - Find child
 10.0 ±  0.4 ms - Add child
 73.6 ±  0.9 ms - Hash
 98.3 ± 43.2 ms - Map
 34.8 ±  1.1 ms - getState
0.0594626
0.0642626
0.109589
548.8 ±  0.0 ms - Total time
383.9 ±  0.0 ms - Build f time
 36.5 ±  0.7 ms - Apply f time
349.5 ±  2.5 ms - Real f time 
131.9 ±  7.2 ms - Add time
 10.4 ±  0.4 ms - Find child
 13.9 ±  0.4 ms - Add child
 92.9 ±  1.0 ms - Hash
111.7 ± 43.3 ms - Map
 48.6 ±  1.1 ms - getState
0.0784784
0.0842908
0.160823
709.6 ±  0.0 ms - Total time
462.3 ±  0.0 ms - Build f time
 49.0 ±  0.7 ms - Apply f time
422.8 ±  3.5 ms - Real f time 
173.3 ±  7.3 ms - Add time
 13.8 ±  0.4 ms - Find child
 18.3 ±  0.5 ms - Add child
125.6 ±  1.2 ms - Hash
129.7 ± 43.3 ms - Map
 70.5 ±  1.2 ms - getState
0.0937585
0.0998806
0.176822
886.5 ±  0.0 ms - Total time
556.1 ±  0.0 ms - Build f time
 62.2 ±  0.8 ms - Apply f time
505.7 ±  3.9 ms - Real f time 
217.9 ±  7.4 ms - Add time
 17.5 ±  0.5 ms - Find child
 22.8 ±  0.5 ms - Add child
159.5 ±  1.3 ms - Hash
148.2 ± 43.2 ms - Map
 93.6 ±  1.3 ms - getState
Dag sizes: 56454 62917 78749 84735 102367 105773 
brutePieces time: 0.685172
120.4 ±  0.0 ms - Piece loop time
 58.7 ± 36.7 ms - Set time
 95.2 ±  1.8 ms - Child looking time
Nodes:  490995
Pieces: 112840
makePieces time: 0.121631
Memory: 6.1 + 21.7 + 15.7 + 33.0 + 6.7 MB
 10.4 ±  0.0 ms - Greedy fill time
composePieces time: 1.05621
                                                                                