Running only task # 12
Using max depth 33
 |                                        | 0 / 416 (0.0%)Function count: 142
0.0334278
0.0363204
0.0793883
0.0898654
0.0725912
0.0810466
0.0331436
0.0374041
0.0815176
0.0917586
0.071639
0.0803688
0.118576
0.132841
 85.9 ±  0.0 ms - Piece loop time
 55.0 ± 44.9 ms - Set time
 73.4 ±  1.6 ms - Child looking time
0.0327697
0.0357549
0.0410877
590.9 ±  0.0 ms - Total time
523.0 ±  0.0 ms - Build f time
 23.4 ±  0.6 ms - Apply f time
466.7 ±  6.6 ms - Real f time 
120.0 ±  2.0 ms - Add time
  2.7 ±  0.2 ms - Find child
  4.4 ±  0.2 ms - Add child
 65.9 ±  0.9 ms - Hash
138.5 ± 55.7 ms - Map
 22.8 ±  0.4 ms - getState
0.0801986
0.0926261
0.11473
705.7 ±  0.0 ms - Total time
603.2 ±  0.0 ms - Build f time
 31.4 ±  0.7 ms - Apply f time
542.4 ±  6.7 ms - Real f time 
147.9 ±  5.5 ms - Add time
  4.3 ±  0.2 ms - Find child
  6.7 ±  0.3 ms - Add child
 78.7 ±  1.0 ms - Hash
153.3 ± 55.8 ms - Map
 34.8 ±  0.5 ms - getState
0.0839303
0.0922331
0.112777
818.5 ±  0.0 ms - Total time
687.2 ±  0.0 ms - Build f time
 37.7 ±  0.7 ms - Apply f time
617.2 ±  6.8 ms - Real f time 
173.7 ±  5.6 ms - Add time
  6.2 ±  0.3 ms - Find child
  8.3 ±  0.3 ms - Add child
 92.9 ±  1.2 ms - Hash
168.8 ± 55.8 ms - Map
 47.3 ±  2.3 ms - getState
0.0323067
0.0348565
0.039911
858.4 ±  0.0 ms - Total time
719.5 ±  0.0 ms - Build f time
 40.0 ±  0.8 ms - Apply f time
648.0 ±  6.8 ms - Real f time 
182.9 ±  5.6 ms - Add time
  6.8 ±  0.3 ms - Find child
  9.1 ±  0.3 ms - Add child
 98.5 ±  1.2 ms - Hash
174.1 ± 55.8 ms - Map
 50.1 ±  2.3 ms - getState
0.0803165
0.0911042
0.112995
971.5 ±  0.0 ms - Total time
799.8 ±  0.0 ms - Build f time
 46.9 ±  0.8 ms - Apply f time
719.9 ±  6.9 ms - Real f time 
207.3 ±  5.7 ms - Add time
  8.5 ±  0.3 ms - Find child
 11.3 ±  0.4 ms - Add child
111.3 ±  1.3 ms - Hash
189.3 ± 55.7 ms - Map
 61.3 ±  2.4 ms - getState
0.0744981
0.0832888
0.107435
1078.9 ±  0.0 ms - Total time
874.3 ±  0.0 ms - Build f time
 53.6 ±  0.9 ms - Apply f time
787.2 ±  7.0 ms - Real f time 
231.1 ±  5.7 ms - Add time
 10.0 ±  0.4 ms - Find child
 13.7 ±  0.4 ms - Add child
124.5 ±  1.5 ms - Hash
203.1 ± 55.8 ms - Map
 72.2 ±  2.4 ms - getState
0.133313
0.14813
0.182058
1261.0 ±  0.0 ms - Total time
1007.6 ±  0.0 ms - Build f time
 63.2 ±  0.9 ms - Apply f time
900.1 ±  7.2 ms - Real f time 
269.1 ±  5.8 ms - Add time
 12.0 ±  0.4 ms - Find child
 16.7 ±  0.5 ms - Add child
145.0 ±  1.6 ms - Hash
223.2 ± 55.8 ms - Map
 90.0 ±  2.4 ms - getState
Dag sizes: 25447 73640 70627 25187 72897 70933 93816 
brutePieces time: 0.716294
148.2 ±  0.0 ms - Piece loop time
 57.8 ± 35.5 ms - Set time
120.1 ±  3.7 ms - Child looking time
Nodes:  432547
Pieces: 80611
makePieces time: 0.149867
Memory: 3.4 + 24.7 + 13.8 + 36.3 + 5.8 MB
  3.0 ±  0.2 ms - Greedy fill time
composePieces time: 0.671223
                                                                                