Running only task # 156
Using max depth 3
 |                                        | 0 / 416 (0.0%)Function count: 142
0.0156126
0.0165723
0.0222824
0.0235679
0.0403238
0.0432559
0.0357058
0.0377187
0.0096462
0.0100979
0.0352303
0.0373263
0.0452401
0.0478155
0.0394308
0.0418894
0.0354327
0.0377286
 54.7 ±  0.0 ms - Piece loop time
 41.4 ± 35.5 ms - Set time
 47.4 ±  1.3 ms - Child looking time
0.0162321
0.0171471
0.0198488
316.0 ±  0.0 ms - Total time
295.1 ±  0.0 ms - Build f time
  7.2 ±  0.3 ms - Apply f time
260.8 ±  1.9 ms - Real f time 
 51.0 ±  1.5 ms - Add time
  1.6 ±  0.1 ms - Find child
  1.7 ±  0.1 ms - Add child
 48.5 ±  0.8 ms - Hash
 71.4 ± 36.5 ms - Map
  7.2 ±  0.3 ms - getState
0.0229219
0.0241819
0.028899
344.9 ±  0.0 ms - Total time
318.1 ±  0.0 ms - Build f time
  9.2 ±  0.3 ms - Apply f time
284.0 ±  2.0 ms - Real f time 
 55.6 ±  1.6 ms - Add time
  2.5 ±  0.2 ms - Find child
  2.6 ±  0.2 ms - Add child
 54.3 ±  0.9 ms - Hash
 75.1 ± 36.6 ms - Map
  9.0 ±  0.3 ms - getState
0.0392189
0.0417802
0.052813
397.7 ±  0.0 ms - Total time
357.3 ±  0.0 ms - Build f time
 13.0 ±  0.4 ms - Apply f time
322.2 ±  2.1 ms - Real f time 
 65.5 ±  1.6 ms - Add time
  3.9 ±  0.2 ms - Find child
  4.4 ±  0.2 ms - Add child
 63.6 ±  0.9 ms - Hash
 81.6 ± 36.6 ms - Map
 12.4 ±  0.3 ms - getState
0.03614
0.0384106
0.0487973
446.6 ±  0.0 ms - Total time
393.4 ±  0.0 ms - Build f time
 16.8 ±  0.4 ms - Apply f time
357.4 ±  2.4 ms - Real f time 
 74.6 ±  1.6 ms - Add time
  5.1 ±  0.3 ms - Find child
  5.9 ±  0.3 ms - Add child
 72.2 ±  1.0 ms - Hash
 88.3 ± 36.6 ms - Map
 15.3 ±  0.4 ms - getState
0.00989194
0.0103926
0.011741
458.3 ±  0.0 ms - Total time
403.3 ±  0.0 ms - Build f time
 17.6 ±  0.4 ms - Apply f time
367.4 ±  2.5 ms - Real f time 
 78.4 ±  2.4 ms - Add time
  5.2 ±  0.3 ms - Find child
  6.2 ±  0.3 ms - Add child
 74.4 ±  1.0 ms - Hash
 90.2 ± 36.6 ms - Map
 15.8 ±  0.4 ms - getState
0.0379393
0.0402569
0.0506875
509.0 ±  0.0 ms - Total time
441.2 ±  0.0 ms - Build f time
 20.9 ±  0.5 ms - Apply f time
403.7 ±  2.6 ms - Real f time 
 89.6 ±  2.8 ms - Add time
  6.3 ±  0.3 ms - Find child
  7.7 ±  0.3 ms - Add child
 83.0 ±  1.1 ms - Hash
 97.4 ± 36.6 ms - Map
 19.2 ±  0.4 ms - getState
0.0391836
0.0418865
0.0539006
563.0 ±  0.0 ms - Total time
480.4 ±  0.0 ms - Build f time
 24.8 ±  0.5 ms - Apply f time
440.4 ±  2.9 ms - Real f time 
102.1 ±  4.1 ms - Add time
  7.7 ±  0.3 ms - Find child
  9.5 ±  0.4 ms - Add child
 91.8 ±  1.1 ms - Hash
104.9 ± 36.6 ms - Map
 22.2 ±  0.5 ms - getState
0.0429318
0.0455146
0.0579876
621.0 ±  0.0 ms - Total time
523.4 ±  0.0 ms - Build f time
 29.1 ±  0.6 ms - Apply f time
480.4 ±  3.0 ms - Real f time 
112.3 ±  4.1 ms - Add time
  9.0 ±  0.3 ms - Find child
 11.0 ±  0.4 ms - Add child
101.2 ±  1.2 ms - Hash
112.3 ± 36.6 ms - Map
 26.3 ±  0.5 ms - getState
0.0419661
0.0445531
0.0553141
676.3 ±  0.0 ms - Total time
565.3 ±  0.0 ms - Build f time
 32.7 ±  0.6 ms - Apply f time
519.3 ±  3.1 ms - Real f time 
125.5 ±  5.5 ms - Add time
 10.1 ±  0.4 ms - Find child
 12.7 ±  0.4 ms - Add child
111.0 ±  1.6 ms - Hash
120.4 ± 36.6 ms - Map
 29.5 ±  0.5 ms - getState
Dag sizes: 11354 19348 36558 34053 6160 32750 34859 38750 36222 
brutePieces time: 0.3871
125.9 ±  0.0 ms - Piece loop time
 53.6 ± 38.2 ms - Set time
102.2 ±  2.0 ms - Child looking time
Nodes:  250054
Pieces: 11554
makePieces time: 0.126877
Memory: 1.6 + 18.4 + 8.0 + 41.7 + 4.3 MB
  1.5 ±  0.1 ms - Greedy fill time
composePieces time: 0.101589
                                                                                