Running only task # 233
Using max depth 3
 |                                        | 0 / 416 (0.0%)Function count: 142
0.0191477
0.0206083
0.0202364
0.0216019
0.02458
0.0261457
  5.2 ±  0.0 ms - Piece loop time
 38.4 ± 37.4 ms - Set time
  3.8 ±  0.4 ms - Child looking time
0.0195339
0.0207677
0.0267157
 95.1 ±  0.0 ms - Total time
 83.5 ±  0.0 ms - Build f time
  3.8 ±  0.2 ms - Apply f time
 77.7 ±  1.2 ms - Real f time 
 14.3 ±  0.5 ms - Add time
  0.9 ±  0.1 ms - Find child
  1.2 ±  0.1 ms - Add child
 15.4 ±  0.4 ms - Hash
 46.0 ± 37.3 ms - Map
  3.3 ±  0.2 ms - getState
0.0210921
0.0225578
0.0305966
125.8 ±  0.0 ms - Total time
104.6 ±  0.0 ms - Build f time
  6.0 ±  0.3 ms - Apply f time
 97.5 ±  1.4 ms - Real f time 
 20.1 ±  0.6 ms - Add time
  1.8 ±  0.1 ms - Find child
  2.1 ±  0.2 ms - Add child
 20.6 ±  0.5 ms - Hash
 49.4 ± 37.2 ms - Map
  5.2 ±  0.2 ms - getState
0.0262777
0.0278982
0.0383704
164.2 ±  0.0 ms - Total time
130.9 ±  0.0 ms - Build f time
  8.9 ±  0.3 ms - Apply f time
122.3 ±  1.6 ms - Real f time 
 27.9 ±  0.7 ms - Add time
  2.6 ±  0.2 ms - Find child
  3.0 ±  0.2 ms - Add child
 27.7 ±  0.6 ms - Hash
 53.5 ± 37.2 ms - Map
  8.1 ±  0.3 ms - getState
Dag sizes: 18160 18859 24522 
brutePieces time: 0.0979167
 11.8 ±  0.0 ms - Piece loop time
 47.1 ± 44.3 ms - Set time
  8.5 ±  0.5 ms - Child looking time
Nodes:  61541
Pieces: 14116
makePieces time: 0.0127454
Memory: 0.5 + 3.7 + 2.0 + 13.6 + 0.6 MB
  0.1 ±  0.0 ms - Greedy fill time
composePieces time: 0.0115524
                                                                                