Running only task # 284
Using max depth 33
 |                                        | 0 / 416 (0.0%)Function count: 142
0.0650143
0.0713843
0.114869
0.124946
0.114825
0.126897
0.109363
0.120379
0.264061
0.292423
0.0605698
0.0660372
0.113048
0.123
0.119301
0.130784
0.104055
0.114786
0.264605
0.296877
0.28587
0.324822
112.9 ±  0.0 ms - Piece loop time
 58.1 ± 43.4 ms - Set time
 93.0 ±  2.7 ms - Child looking time
0.0626821
0.0679997
0.107375
1900.1 ±  0.0 ms - Total time
1678.3 ±  0.0 ms - Build f time
 61.7 ±  1.4 ms - Apply f time
1353.0 ± 15.7 ms - Real f time 
334.6 ± 21.6 ms - Add time
  6.4 ±  0.6 ms - Find child
  8.9 ±  0.6 ms - Add child
287.2 ±  2.0 ms - Hash
178.7 ± 53.8 ms - Map
 61.4 ±  1.7 ms - getState
0.107011
0.11667
0.204772
2105.0 ±  0.0 ms - Total time
1785.3 ±  0.0 ms - Build f time
 78.3 ±  1.5 ms - Apply f time
1460.6 ± 15.9 ms - Real f time 
381.2 ± 21.6 ms - Add time
 10.9 ±  0.6 ms - Find child
 14.1 ±  0.6 ms - Add child
325.8 ±  2.1 ms - Hash
205.4 ± 53.7 ms - Map
 83.2 ±  1.8 ms - getState
0.120772
0.132091
0.221323
2326.3 ±  0.0 ms - Total time
1906.0 ±  0.0 ms - Build f time
 94.2 ±  1.6 ms - Apply f time
1571.6 ± 16.0 ms - Real f time 
430.8 ± 21.6 ms - Add time
 15.0 ±  0.7 ms - Find child
 19.5 ±  0.7 ms - Add child
366.7 ±  2.1 ms - Hash
231.7 ± 53.8 ms - Map
105.5 ±  1.8 ms - getState
0.108509
0.119552
0.213545
2539.9 ±  0.0 ms - Total time
2014.5 ±  0.0 ms - Build f time
110.2 ±  1.7 ms - Apply f time
1674.4 ± 16.1 ms - Real f time 
480.5 ± 21.6 ms - Add time
 18.9 ±  0.7 ms - Find child
 24.9 ±  0.7 ms - Add child
406.5 ±  2.3 ms - Hash
259.6 ± 53.7 ms - Map
127.7 ±  1.9 ms - getState
0.277242
0.306492
0.65115
3191.1 ±  0.0 ms - Total time
2291.8 ±  0.0 ms - Build f time
148.8 ±  1.8 ms - Apply f time
1920.9 ± 18.1 ms - Real f time 
659.4 ± 21.7 ms - Add time
 25.6 ±  0.8 ms - Find child
 33.0 ±  0.8 ms - Add child
550.3 ±  3.6 ms - Hash
308.4 ± 53.7 ms - Map
206.2 ±  2.1 ms - getState
0.0618437
0.0674886
0.109599
3300.8 ±  0.0 ms - Total time
2353.6 ±  0.0 ms - Build f time
157.2 ±  1.8 ms - Apply f time
1978.6 ± 18.2 ms - Real f time 
683.9 ± 21.7 ms - Add time
 28.0 ±  0.8 ms - Find child
 35.9 ±  0.8 ms - Add child
568.8 ±  3.6 ms - Hash
323.2 ± 53.6 ms - Map
217.6 ±  2.1 ms - getState
0.116809
0.127619
0.221381
3522.2 ±  0.0 ms - Total time
2470.4 ±  0.0 ms - Build f time
173.3 ±  1.9 ms - Apply f time
2084.6 ± 18.3 ms - Real f time 
732.7 ± 21.8 ms - Add time
 32.5 ±  0.8 ms - Find child
 41.6 ±  0.9 ms - Add child
607.4 ±  3.6 ms - Hash
352.6 ± 53.7 ms - Map
239.6 ±  2.2 ms - getState
0.120111
0.131596
0.228123
3750.3 ±  0.0 ms - Total time
2590.6 ±  0.0 ms - Build f time
190.3 ±  1.9 ms - Apply f time
2194.8 ± 18.4 ms - Real f time 
781.0 ± 21.8 ms - Add time
 36.4 ±  0.9 ms - Find child
 47.6 ±  0.9 ms - Add child
646.3 ±  3.7 ms - Hash
382.9 ± 53.7 ms - Map
262.1 ±  2.2 ms - getState
0.105927
0.116651
0.207051
3957.5 ±  0.0 ms - Total time
2696.5 ±  0.0 ms - Build f time
207.8 ±  2.0 ms - Apply f time
2293.3 ± 18.6 ms - Real f time 
841.7 ± 25.8 ms - Add time
 40.5 ±  0.9 ms - Find child
 53.0 ±  1.0 ms - Add child
684.8 ±  3.8 ms - Hash
407.2 ± 53.7 ms - Map
284.4 ±  2.3 ms - getState
0.276403
0.305206
0.642277
4599.8 ±  0.0 ms - Total time
2972.9 ±  0.0 ms - Build f time
246.0 ±  2.3 ms - Apply f time
2533.8 ± 19.3 ms - Real f time 
1019.2 ± 25.9 ms - Add time
 47.3 ±  0.9 ms - Find child
 62.1 ±  1.0 ms - Add child
824.5 ±  4.0 ms - Hash
451.8 ± 53.8 ms - Map
361.4 ±  2.4 ms - getState
0.304108
0.335385
0.698202
5298.0 ±  0.0 ms - Total time
3277.0 ±  0.0 ms - Build f time
289.8 ±  3.8 ms - Apply f time
2789.2 ± 19.8 ms - Real f time 
1204.6 ± 26.1 ms - Add time
 54.5 ±  1.0 ms - Find child
 71.7 ±  1.1 ms - Add child
973.8 ±  4.2 ms - Hash
500.0 ± 53.8 ms - Map
446.3 ±  2.6 ms - getState
Dag sizes: 72572 145485 146405 148006 238042 72572 146982 153044 139942 236383 255958 
brutePieces time: 3.51265
304.3 ±  0.0 ms - Piece loop time
 67.2 ± 16.2 ms - Set time
230.3 ±  4.1 ms - Child looking time
Nodes:  1755391
Pieces: 182832
makePieces time: 0.305816
Memory: 41.7 + 58.0 + 56.2 + 74.2 + 18.7 MB
 29.8 ±  5.1 ms - Greedy fill time
composePieces time: 6.24485
                                                                                