Running only task # 357
Using max depth 3
 |                                        | 0 / 416 (0.0%)Function count: 142
0.563342
0.652544
0.472445
0.549498
0.414989
0.479852
0.214676
0.247751
0.55582
0.645685
 40.1 ±  0.0 ms - Piece loop time
 23.9 ± 15.6 ms - Set time
 31.5 ±  1.2 ms - Child looking time
0.574487
0.661053
1.32442
3900.0 ±  0.0 ms - Total time
2795.8 ±  0.0 ms - Build f time
216.5 ±  3.2 ms - Apply f time
2420.8 ± 21.8 ms - Real f time 
811.4 ± 19.3 ms - Add time
 13.7 ±  0.5 ms - Find child
 20.6 ±  0.5 ms - Add child
554.5 ±  2.6 ms - Hash
172.2 ± 37.7 ms - Map
286.7 ±  2.5 ms - getState
0.475992
0.549809
1.07724
4977.2 ±  0.0 ms - Total time
3271.7 ±  0.0 ms - Build f time
291.5 ±  3.7 ms - Apply f time
2869.3 ± 23.7 ms - Real f time 
1093.6 ± 19.5 ms - Add time
 22.7 ±  0.6 ms - Find child
 33.6 ±  0.6 ms - Add child
781.8 ± 15.8 ms - Hash
225.9 ± 37.7 ms - Map
437.2 ±  3.1 ms - getState
0.420244
0.485023
1.03184
6009.1 ±  0.0 ms - Total time
3692.0 ±  0.0 ms - Build f time
363.7 ±  3.9 ms - Apply f time
3245.7 ± 24.7 ms - Real f time 
1371.6 ± 19.8 ms - Add time
 32.5 ±  0.7 ms - Find child
 48.4 ±  0.8 ms - Add child
985.4 ± 15.9 ms - Hash
291.9 ± 37.7 ms - Map
585.8 ±  5.3 ms - getState
0.216928
0.246782
0.490567
6499.7 ±  0.0 ms - Total time
3908.9 ±  0.0 ms - Build f time
403.7 ±  4.1 ms - Apply f time
3450.2 ± 25.1 ms - Real f time 
1493.9 ± 19.8 ms - Add time
 40.5 ±  0.8 ms - Find child
 59.8 ±  0.9 ms - Add child
1068.8 ± 15.9 ms - Hash
344.1 ± 37.7 ms - Map
649.4 ±  5.4 ms - getState
0.571579
0.660937
1.39477
7894.5 ±  0.0 ms - Total time
4480.5 ±  0.0 ms - Build f time
499.3 ±  4.4 ms - Apply f time
3988.1 ± 27.6 ms - Real f time 
1884.0 ± 25.3 ms - Add time
 51.1 ±  0.8 ms - Find child
 76.5 ±  1.0 ms - Add child
1335.9 ± 16.3 ms - Hash
418.2 ± 37.7 ms - Map
856.7 ±  6.1 ms - getState
Dag sizes: 372159 320093 354703 287233 402672 
brutePieces time: 5.32137
185.7 ±  0.0 ms - Piece loop time
 70.2 ± 15.5 ms - Set time
124.9 ±  1.6 ms - Child looking time
Nodes:  1736860
Pieces: 295316
makePieces time: 0.18714
Memory: 76.3 + 51.9 + 55.6 + 48.8 + 14.5 MB
106.6 ± 29.8 ms - Greedy fill time
composePieces time: 7.58947
                                                                                