Running only task # 248
Using max depth 33
 |                                        | 0 / 416 (0.0%)Function count: 142
0.201419
0.235651
0.214165
0.242273
0.255219
0.285691
0.202182
0.227422
0.208815
0.234817
0.253364
0.283771
0.228505
0.255492
 87.3 ±  0.0 ms - Piece loop time
 34.8 ± 18.3 ms - Set time
 64.0 ±  1.8 ms - Child looking time
0.232755
0.258447
0.568951
2334.5 ±  0.0 ms - Total time
1796.4 ±  0.0 ms - Build f time
117.2 ±  1.6 ms - Apply f time
1440.5 ± 15.6 ms - Real f time 
576.4 ± 52.5 ms - Add time
 17.1 ±  0.6 ms - Find child
 23.3 ±  0.5 ms - Add child
324.4 ±  3.5 ms - Hash
281.7 ± 57.3 ms - Map
140.9 ±  1.4 ms - getState
0.238105
0.26494
0.58707
2921.6 ±  0.0 ms - Total time
2034.5 ±  0.0 ms - Build f time
171.0 ±  1.8 ms - Apply f time
1663.9 ± 16.0 ms - Real f time 
728.8 ± 52.4 ms - Add time
 30.7 ±  0.7 ms - Find child
 42.2 ±  0.8 ms - Add child
435.5 ±  6.7 ms - Hash
359.3 ± 57.2 ms - Map
220.1 ±  1.8 ms - getState
0.244136
0.273408
0.596753
3518.4 ±  0.0 ms - Total time
2278.7 ±  0.0 ms - Build f time
225.6 ±  2.0 ms - Apply f time
1891.2 ± 16.3 ms - Real f time 
902.1 ± 54.1 ms - Add time
 45.1 ±  0.9 ms - Find child
 61.4 ±  0.9 ms - Add child
547.4 ±  6.8 ms - Hash
432.7 ± 57.3 ms - Map
302.2 ±  2.0 ms - getState
0.200909
0.226312
0.529889
4048.3 ±  0.0 ms - Total time
2479.6 ±  0.0 ms - Build f time
276.0 ±  2.2 ms - Apply f time
2083.8 ± 16.5 ms - Real f time 
1148.6 ± 112.3 ms - Add time
 58.3 ±  1.0 ms - Find child
 79.4 ±  1.1 ms - Add child
646.7 ±  6.8 ms - Hash
495.6 ± 57.4 ms - Map
386.2 ±  6.8 ms - getState
0.21361
0.238728
0.554068
4602.4 ±  0.0 ms - Total time
2693.2 ±  0.0 ms - Build f time
328.5 ±  2.3 ms - Apply f time
2279.6 ± 16.7 ms - Real f time 
1308.3 ± 112.6 ms - Add time
 71.4 ±  1.1 ms - Find child
 98.3 ±  1.2 ms - Add child
753.5 ±  7.0 ms - Hash
559.3 ± 57.4 ms - Map
464.5 ±  6.8 ms - getState
0.233008
0.269279
0.638829
5241.3 ±  0.0 ms - Total time
2926.2 ±  0.0 ms - Build f time
395.7 ±  2.6 ms - Apply f time
2503.3 ± 16.9 ms - Real f time 
1488.8 ± 112.6 ms - Add time
 87.0 ±  1.1 ms - Find child
120.6 ±  1.3 ms - Add child
869.5 ±  7.0 ms - Hash
626.9 ± 57.4 ms - Map
560.4 ±  6.9 ms - getState
0.222252
0.249393
0.563029
5804.3 ±  0.0 ms - Total time
3148.4 ±  0.0 ms - Build f time
449.0 ±  2.7 ms - Apply f time
2712.0 ± 17.1 ms - Real f time 
1639.6 ± 112.6 ms - Add time
101.2 ±  1.2 ms - Find child
138.3 ±  1.4 ms - Add child
974.3 ±  7.1 ms - Hash
692.8 ± 57.4 ms - Map
639.4 ±  7.0 ms - getState
Dag sizes: 375296 413349 427276 394990 426192 450189 403824 
brutePieces time: 4.04308
381.0 ±  0.0 ms - Piece loop time
148.4 ± 46.3 ms - Set time
256.1 ±  3.5 ms - Child looking time
Nodes:  2891116
Pieces: 427135
makePieces time: 0.384043
Memory: 46.7 + 97.3 + 92.5 + 75.6 + 27.8 MB
145.6 ± 44.6 ms - Greedy fill time
composePieces time: 14.8992
                                                                                