Running only task # 97
Using max depth 4
 |                                        | 0 / 416 (0.0%)Function count: 142
0.157072
0.174531
0.151214
0.167575
0.166704
0.184229
0.187689
0.207275
 15.5 ±  0.0 ms - Piece loop time
 42.2 ± 37.7 ms - Set time
 10.5 ±  0.8 ms - Child looking time
4.07326
4.51329
7.87344
8607.2 ±  0.0 ms - Total time
4735.9 ±  0.0 ms - Build f time
494.5 ±  2.7 ms - Apply f time
3911.4 ± 31.5 ms - Real f time 
1757.5 ± 10.8 ms - Add time
 86.8 ±  1.1 ms - Find child
133.6 ±  6.0 ms - Add child
1807.3 ± 20.6 ms - Hash
1904.2 ± 1006.1 ms - Map
921.2 ± 15.5 ms - getState
3.92953
4.33619
7.73417
16341.4 ±  0.0 ms - Total time
8665.5 ±  0.0 ms - Build f time
960.7 ±  4.2 ms - Apply f time
7210.7 ± 41.5 ms - Real f time 
3438.3 ± 26.3 ms - Add time
171.4 ±  1.5 ms - Find child
257.4 ±  6.3 ms - Add child
3415.1 ± 26.3 ms - Hash
2718.7 ± 1006.1 ms - Map
1808.8 ± 21.3 ms - getState
4.30611
4.75228
8.39872
24740.2 ±  0.0 ms - Total time
12971.6 ±  0.0 ms - Build f time
1457.4 ±  5.5 ms - Apply f time
10754.0 ± 51.1 ms - Real f time 
5398.7 ± 149.5 ms - Add time
255.2 ±  1.9 ms - Find child
378.0 ±  6.5 ms - Add child
5202.4 ± 26.7 ms - Hash
3590.1 ± 1006.5 ms - Map
2768.6 ± 25.7 ms - getState
4.78977
5.29658
9.61225
34352.5 ±  0.0 ms - Total time
17761.3 ±  0.0 ms - Build f time
2005.4 ±  6.9 ms - Apply f time
14632.8 ± 54.6 ms - Real f time 
7940.8 ± 404.8 ms - Add time
343.3 ±  2.1 ms - Find child
501.6 ±  6.6 ms - Add child
7321.2 ± 34.8 ms - Hash
4486.8 ± 1006.7 ms - Map
3883.5 ± 26.0 ms - getState
Dag sizes: 2902425 2980955 2910540 3045815 
brutePieces time: 33.6205
2017.0 ±  0.0 ms - Piece loop time
875.2 ± 17.8 ms - Set time
1053.5 ± 18.0 ms - Child looking time
Nodes:  11839735
Pieces: 2249947
makePieces time: 2.02324
Memory: 394.6 + 415.7 + 378.9 + 323.7 + 99.7 MB
 81.9 ±  0.0 ms - Greedy fill time
composePieces time: 21.4556
                                                                                