Running only task # 101
Using max depth 4
 |                                        | 0 / 416 (0.0%)Function count: 142
0.0511053
0.0570466
0.0593553
0.0662817
0.0743596
0.0827917
0.0782956
0.087013
 44.6 ±  0.0 ms - Piece loop time
 49.9 ± 41.3 ms - Set time
 35.7 ±  1.4 ms - Child looking time
2.47628
2.74355
4.67327
4966.5 ±  0.0 ms - Total time
2739.4 ±  0.0 ms - Build f time
350.6 ±  2.1 ms - Apply f time
2453.3 ± 18.2 ms - Real f time 
1005.8 ± 19.7 ms - Add time
 94.4 ±  1.2 ms - Find child
126.9 ±  1.6 ms - Add child
722.3 ±  3.5 ms - Hash
996.3 ± 42.5 ms - Map
521.3 ±  5.1 ms - getState
2.82942
3.14227
5.24884
10215.4 ±  0.0 ms - Total time
5568.8 ±  0.0 ms - Build f time
744.6 ±  3.5 ms - Apply f time
5068.6 ± 27.7 ms - Real f time 
2090.7 ± 23.0 ms - Add time
197.0 ±  1.9 ms - Find child
271.9 ±  2.6 ms - Add child
1491.8 ± 11.3 ms - Hash
2068.0 ± 114.1 ms - Map
1099.3 ±  5.9 ms - getState
5.03645
5.5744
10.5929
20808.4 ±  0.0 ms - Total time
10605.3 ±  0.0 ms - Build f time
1410.5 ±  5.6 ms - Apply f time
9553.3 ± 37.6 ms - Real f time 
4633.9 ± 42.5 ms - Add time
329.4 ±  2.5 ms - Find child
467.0 ±  3.4 ms - Add child
3364.4 ± 12.2 ms - Hash
3398.3 ± 114.6 ms - Map
2403.6 ±  8.0 ms - getState
5.25346
5.81493
11.2265
32034.9 ±  0.0 ms - Total time
15858.7 ±  0.0 ms - Build f time
2129.0 ±  6.7 ms - Apply f time
14043.9 ± 41.9 ms - Real f time 
7312.8 ± 52.0 ms - Add time
479.6 ±  5.7 ms - Find child
678.6 ±  4.0 ms - Add child
5415.9 ± 13.3 ms - Hash
4860.8 ± 115.0 ms - Map
3842.9 ± 12.0 ms - getState
Dag sizes: 2838065 3192467 4545555 4788516 
brutePieces time: 31.7431
6757.6 ±  0.0 ms - Piece loop time
2296.3 ± 24.9 ms - Set time
4206.4 ± 14.2 ms - Child looking time
Nodes:  15364603
Pieces: 6067435
makePieces time: 6.77244
Memory: 320.7 + 574.7 + 491.7 + 380.1 + 260.7 MB
 40.6 ±  0.0 ms - Greedy fill time
composePieces time: 24.241
                                                                                