Running only task # 252
Using max depth 3
 |                                        | 0 / 416 (0.0%)Function count: 142
0.0158623
0.0172363
0.0150077
0.0160516
0.0188727
0.0204397
  9.2 ±  0.0 ms - Piece loop time
 43.8 ± 42.1 ms - Set time
  7.0 ±  0.5 ms - Child looking time
0.0155939
0.0168083
0.0194439
 73.2 ±  0.0 ms - Total time
 65.3 ±  0.0 ms - Build f time
  2.9 ±  0.2 ms - Apply f time
 67.1 ±  2.7 ms - Real f time 
 13.1 ±  0.4 ms - Add time
  0.7 ±  0.1 ms - Find child
  1.0 ±  0.1 ms - Add child
 11.2 ±  0.4 ms - Hash
 44.7 ± 36.8 ms - Map
  2.3 ±  0.2 ms - getState
0.0154058
0.0164662
0.0192586
 92.5 ±  0.0 ms - Total time
 80.7 ±  0.0 ms - Build f time
  4.2 ±  0.2 ms - Apply f time
 82.5 ±  2.7 ms - Real f time 
 16.3 ±  0.5 ms - Add time
  1.2 ±  0.1 ms - Find child
  1.8 ±  0.2 ms - Add child
 14.6 ±  0.4 ms - Hash
 47.3 ± 36.7 ms - Map
  3.3 ±  0.2 ms - getState
0.0191671
0.0207797
0.0242392
116.8 ±  0.0 ms - Total time
 99.9 ±  0.0 ms - Build f time
  6.0 ±  0.3 ms - Apply f time
102.2 ±  2.7 ms - Real f time 
 20.9 ±  0.6 ms - Add time
  1.8 ±  0.1 ms - Find child
  2.9 ±  0.2 ms - Add child
 18.3 ±  0.5 ms - Hash
 50.5 ± 36.7 ms - Map
  4.6 ±  0.2 ms - getState
Dag sizes: 11775 11542 14441 
brutePieces time: 0.0651226
 16.8 ±  0.0 ms - Piece loop time
 45.4 ± 42.1 ms - Set time
 12.6 ±  0.6 ms - Child looking time
Nodes:  37758
Pieces: 11247
makePieces time: 0.0177383
Memory: 0.2 + 3.7 + 1.2 + 13.2 + 0.6 MB
  0.0 ±  0.0 ms - Greedy fill time
composePieces time: 0.00428081
                                                                                