Running only task # 352
Using max depth 4
 |                                        | 0 / 416 (0.0%)Function count: 142
0.947306
1.04202
1.13643
1.29648
0.873006
0.957184
1.23843
1.40545
 40.9 ±  0.0 ms - Piece loop time
 22.6 ± 15.4 ms - Set time
 34.0 ±  1.8 ms - Child looking time
25.617
28.2774
42.39
47091.4 ±  0.0 ms - Total time
29812.2 ±  0.0 ms - Build f time
2495.3 ± 18.1 ms - Apply f time
28972.5 ± 173.4 ms - Real f time 
8967.4 ± 65.6 ms - Add time
272.7 ±  5.8 ms - Find child
387.8 ± 14.8 ms - Add child
6657.5 ± 16.8 ms - Hash
2145.5 ± 39.4 ms - Map
4372.4 ± 30.5 ms - getState
36.7526
41.3889
63.2978
110389.2 ±  0.0 ms - Total time
66564.8 ±  0.0 ms - Build f time
6250.9 ± 28.4 ms - Apply f time
65850.6 ± 232.6 ms - Real f time 
22189.2 ± 103.9 ms - Add time
645.4 ±  6.3 ms - Find child
954.0 ± 20.9 ms - Add child
15382.4 ± 27.9 ms - Hash
5232.1 ± 48.9 ms - Map
11143.6 ± 43.1 ms - getState
23.567
25.9507
40.2333
