Running only task # 214
Using max depth 4
 |                                        | 0 / 416 (0.0%)Function count: 142
0.105312
0.115299
0.0737735
0.0801546
0.071682
0.0784966
0.102501
0.112788
 26.4 ±  0.0 ms - Piece loop time
 42.4 ± 35.9 ms - Set time
 19.3 ±  0.8 ms - Child looking time
2.88958
3.16656
4.77747
5164.3 ±  0.0 ms - Total time
3242.8 ±  0.0 ms - Build f time
325.3 ±  2.7 ms - Apply f time
3004.1 ± 19.6 ms - Real f time 
960.4 ± 22.3 ms - Add time
 77.1 ±  1.0 ms - Find child
108.3 ±  2.4 ms - Add child
772.6 ±  4.0 ms - Hash
774.1 ± 37.8 ms - Map
426.2 ±  2.2 ms - getState
1.77499
1.93376
2.97617
8140.5 ±  0.0 ms - Total time
5017.8 ±  0.0 ms - Build f time
528.6 ±  3.3 ms - Apply f time
4601.5 ± 21.3 ms - Real f time 
1552.3 ± 41.8 ms - Add time
130.6 ±  2.4 ms - Find child
175.3 ±  2.7 ms - Add child
1288.2 ±  4.7 ms - Hash
1238.8 ± 38.3 ms - Map
695.8 ±  9.3 ms - getState
1.76371
1.91625
2.93564
11076.2 ±  0.0 ms - Total time
6781.5 ±  0.0 ms - Build f time
732.1 ±  6.5 ms - Apply f time
6175.2 ± 23.2 ms - Real f time 
2241.5 ± 131.6 ms - Add time
182.1 ±  2.6 ms - Find child
240.3 ±  2.8 ms - Add child
1807.6 ±  5.3 ms - Hash
1674.2 ± 38.4 ms - Map
948.9 ±  9.4 ms - getState
2.87765
3.17462
4.81942
15895.7 ±  0.0 ms - Total time
9659.2 ±  0.0 ms - Build f time
1059.8 ±  7.2 ms - Apply f time
8857.5 ± 26.4 ms - Real f time 
3112.5 ± 131.9 ms - Add time
259.8 ±  3.3 ms - Find child
348.2 ±  3.1 ms - Add child
2547.4 ±  6.0 ms - Hash
2385.0 ± 38.9 ms - Map
1390.5 ± 10.2 ms - getState
Dag sizes: 2351120 1597086 1555163 2451219 
brutePieces time: 15.5103
2773.4 ±  0.0 ms - Piece loop time
933.8 ± 20.8 ms - Set time
1732.7 ± 14.9 ms - Child looking time
Nodes:  7954588
Pieces: 2330393
makePieces time: 2.7798
Memory: 106.5 + 344.8 + 254.5 + 194.4 + 105.7 MB
 32.0 ±  0.0 ms - Greedy fill time
composePieces time: 8.78918
                                                                                