Running only task # 125
Using max depth 23
 |                                        | 0 / 416 (0.0%)Function count: 142
0.0399718
0.0419753
0.0242721
0.0254399
0.0490444
0.0523787
0.0360509
0.0379855
0.0245979
0.0258093
0.0481106
0.0508728
0.0508349
0.0533043
 49.0 ±  0.0 ms - Piece loop time
 50.2 ± 44.6 ms - Set time
 42.4 ±  1.1 ms - Child looking time
0.0533302
0.0557729
0.0735539
361.5 ±  0.0 ms - Total time
326.2 ±  0.0 ms - Build f time
  9.6 ±  0.3 ms - Apply f time
280.4 ±  2.5 ms - Real f time 
 53.7 ±  2.6 ms - Add time
  1.9 ±  0.2 ms - Find child
  2.4 ±  0.2 ms - Add child
 59.9 ±  0.8 ms - Hash
 72.7 ± 42.7 ms - Map
 10.4 ±  0.3 ms - getState
0.0321468
0.0334964
0.0416219
403.1 ±  0.0 ms - Total time
358.4 ±  0.0 ms - Build f time
 11.9 ±  0.4 ms - Apply f time
309.0 ±  2.6 ms - Real f time 
 60.0 ±  2.6 ms - Add time
  2.7 ±  0.2 ms - Find child
  3.3 ±  0.2 ms - Add child
 68.5 ±  0.8 ms - Hash
 76.3 ± 42.6 ms - Map
 12.7 ±  0.3 ms - getState
0.0606174
0.0638504
0.0817372
484.9 ±  0.0 ms - Total time
419.0 ±  0.0 ms - Build f time
 16.8 ±  0.4 ms - Apply f time
363.3 ±  2.9 ms - Real f time 
 74.9 ±  3.0 ms - Add time
  4.1 ±  0.2 ms - Find child
  5.1 ±  0.3 ms - Add child
 84.3 ±  0.9 ms - Hash
120.4 ± 56.8 ms - Map
 17.4 ±  0.4 ms - getState
0.0531037
0.055438
0.072913
557.8 ±  0.0 ms - Total time
472.1 ±  0.0 ms - Build f time
 21.8 ±  0.5 ms - Apply f time
407.8 ±  3.0 ms - Real f time 
 88.5 ±  3.1 ms - Add time
  5.7 ±  0.4 ms - Find child
  7.0 ±  0.3 ms - Add child
 99.5 ±  1.0 ms - Hash
148.8 ± 60.9 ms - Map
 22.3 ±  0.4 ms - getState
0.0317766
0.0330451
0.0410872
598.9 ±  0.0 ms - Total time
503.9 ±  0.0 ms - Build f time
 24.0 ±  0.5 ms - Apply f time
436.6 ±  3.1 ms - Real f time 
 94.9 ±  3.1 ms - Add time
  6.5 ±  0.4 ms - Find child
  8.0 ±  0.3 ms - Add child
108.5 ±  1.0 ms - Hash
187.0 ± 70.1 ms - Map
 24.9 ±  0.5 ms - getState
0.0629239
0.0661375
0.0847909
683.7 ±  0.0 ms - Total time
566.8 ±  0.0 ms - Build f time
 29.0 ±  0.7 ms - Apply f time
492.6 ±  3.3 ms - Real f time 
109.0 ±  3.1 ms - Add time
  7.7 ±  0.4 ms - Find child
  9.8 ±  0.4 ms - Add child
125.2 ±  1.4 ms - Hash
195.0 ± 70.1 ms - Map
 30.0 ±  0.5 ms - getState
0.0687707
0.071475
0.0917392
775.5 ±  0.0 ms - Total time
635.5 ±  0.0 ms - Build f time
 34.1 ±  0.7 ms - Apply f time
559.2 ±  4.6 ms - Real f time 
130.1 ±  6.9 ms - Add time
  9.2 ±  0.5 ms - Find child
 11.4 ±  0.4 ms - Add child
157.1 ± 14.4 ms - Hash
207.7 ± 70.2 ms - Map
 35.1 ±  0.5 ms - getState
Dag sizes: 39354 19165 39864 39350 19162 39674 40242 
brutePieces time: 0.491834
100.7 ±  0.0 ms - Piece loop time
 45.9 ± 34.4 ms - Set time
 85.1 ±  1.4 ms - Child looking time
Nodes:  236811
Pieces: 53949
makePieces time: 0.101703
Memory: 2.6 + 14.2 + 7.6 + 33.1 + 4.0 MB
 17.4 ±  0.7 ms - Greedy fill time
composePieces time: 0.987775
                                                                                