Running only task # 279
Using max depth 4
 |                                        | 0 / 416 (0.0%)Function count: 142
0.0735412
0.0787501
0.116515
0.124962
0.101862
0.111311
0.133606
0.14791
 30.8 ±  0.0 ms - Piece loop time
 44.7 ± 39.0 ms - Set time
 24.0 ±  0.9 ms - Child looking time
1.15003
1.22585
1.50894
1977.6 ±  0.0 ms - Total time
1575.6 ±  0.0 ms - Build f time
 85.3 ±  1.3 ms - Apply f time
1371.8 ± 10.6 ms - Real f time 
286.0 ±  3.1 ms - Add time
 20.0 ±  0.5 ms - Find child
 26.7 ±  0.8 ms - Add child
311.3 ±  1.9 ms - Hash
265.8 ± 38.8 ms - Map
 99.0 ±  1.2 ms - getState
2.50174
2.74375
3.80665
5784.3 ±  0.0 ms - Total time
4077.3 ±  0.0 ms - Build f time
304.2 ±  2.5 ms - Apply f time
3596.7 ± 15.6 ms - Real f time 
935.7 ±  8.2 ms - Add time
 79.9 ±  7.9 ms - Find child
 98.6 ±  1.5 ms - Add child
913.3 ±  4.0 ms - Hash
813.8 ± 39.3 ms - Map
425.8 ±  2.3 ms - getState
2.71856
2.99611
4.12216
9906.5 ±  0.0 ms - Total time
6795.8 ±  0.0 ms - Build f time
549.3 ±  3.5 ms - Apply f time
6091.1 ± 26.4 ms - Real f time 
1708.1 ± 43.1 ms - Add time
136.2 ±  8.0 ms - Find child
180.5 ±  5.7 ms - Add child
1546.0 ±  5.4 ms - Hash
1368.9 ± 39.9 ms - Map
791.7 ±  5.5 ms - getState
4.05209
4.50839
6.26093
16167.5 ±  0.0 ms - Total time
10847.9 ±  0.0 ms - Build f time
930.2 ± 14.5 ms - Apply f time
9717.5 ± 32.7 ms - Real f time 
2929.9 ± 97.1 ms - Add time
214.8 ±  8.0 ms - Find child
294.1 ±  5.9 ms - Add child
2435.4 ±  6.2 ms - Hash
2182.2 ± 40.2 ms - Map
1403.7 ±  6.2 ms - getState
Dag sizes: 536559 1778349 1850623 2789324 
brutePieces time: 15.7003
2818.1 ±  0.0 ms - Piece loop time
861.3 ± 21.4 ms - Set time
1840.6 ±  7.3 ms - Child looking time
Nodes:  6954855
Pieces: 2222950
makePieces time: 2.82564
Memory: 103.6 + 322.1 + 222.6 + 165.8 + 103.3 MB
 27.3 ±  0.0 ms - Greedy fill time
composePieces time: 6.00232
                                                                                