Running only task # 231
Using max depth 4
 |                                        | 0 / 416 (0.0%)Function count: 142
0.0126276
0.0135997
0.0170723
0.0186367
0.0240718
0.0268462
0.0308844
0.0348233
 12.9 ±  0.0 ms - Piece loop time
 57.3 ± 55.1 ms - Set time
 10.4 ±  0.5 ms - Child looking time
0.169684
0.181724
0.202458
296.5 ±  0.0 ms - Total time
254.3 ±  0.0 ms - Build f time
 13.4 ±  0.4 ms - Apply f time
247.2 ±  1.9 ms - Real f time 
 45.2 ±  1.2 ms - Add time
  5.3 ±  1.2 ms - Find child
  4.4 ±  0.2 ms - Add child
 42.4 ±  0.7 ms - Hash
 71.8 ± 37.4 ms - Map
 13.2 ±  0.3 ms - getState
0.320118
0.350678
0.418195
714.9 ±  0.0 ms - Total time
574.5 ±  0.0 ms - Build f time
 40.4 ±  0.7 ms - Apply f time
562.1 ±  7.4 ms - Real f time 
116.9 ±  3.5 ms - Add time
 13.4 ±  1.3 ms - Find child
 14.0 ±  0.4 ms - Add child
103.0 ±  1.1 ms - Hash
131.7 ± 37.5 ms - Map
 40.7 ±  0.6 ms - getState
0.489739
0.537594
0.633775
1348.7 ±  0.0 ms - Total time
1064.2 ±  0.0 ms - Build f time
 79.9 ±  1.3 ms - Apply f time
1041.4 ±  8.2 ms - Real f time 
245.0 ± 20.0 ms - Add time
 23.6 ±  1.3 ms - Find child
 27.5 ±  0.6 ms - Add child
189.0 ±  1.5 ms - Hash
213.0 ± 37.4 ms - Map
 80.9 ±  0.9 ms - getState
0.623494
0.684516
0.814672
2163.5 ±  0.0 ms - Total time
1687.7 ±  0.0 ms - Build f time
131.7 ±  1.5 ms - Apply f time
1661.5 ±  9.2 ms - Real f time 
384.5 ± 23.6 ms - Add time
 37.8 ±  1.4 ms - Find child
 46.1 ±  0.8 ms - Add child
297.7 ±  1.9 ms - Hash
320.5 ± 37.5 ms - Map
133.6 ±  1.1 ms - getState
Dag sizes: 86386 249116 342811 472383 
brutePieces time: 2.08583
711.8 ±  0.0 ms - Piece loop time
194.9 ± 37.3 ms - Set time
505.0 ±  3.3 ms - Child looking time
Nodes:  1150696
Pieces: 343939
makePieces time: 0.71391
Memory: 6.7 + 76.3 + 36.8 + 35.2 + 22.0 MB
  0.3 ±  0.0 ms - Greedy fill time
composePieces time: 0.371829
                                                                                