Running only task # 380
Using max depth 23
 |                                        | 0 / 416 (0.0%)Function count: 142
0.0958821
0.105122
0.0982536
0.106782
0.0859181
0.0928801
0.0950026
0.103987
0.0917233
0.100501
0.0863117
0.0934434
0.100918
0.110443
 40.5 ±  0.0 ms - Piece loop time
 46.7 ± 37.1 ms - Set time
 29.8 ±  1.7 ms - Child looking time
0.0965377
0.105211
0.251359
964.9 ±  0.0 ms - Total time
750.5 ±  0.0 ms - Build f time
 43.5 ±  0.7 ms - Apply f time
620.4 ±  4.2 ms - Real f time 
192.4 ±  8.4 ms - Add time
  8.4 ±  0.3 ms - Find child
 11.2 ±  0.4 ms - Add child
148.5 ±  1.2 ms - Hash
151.5 ± 43.1 ms - Map
 51.1 ±  0.7 ms - getState
0.0921577
0.100219
0.248054
1213.0 ±  0.0 ms - Total time
842.7 ±  0.0 ms - Build f time
 67.0 ±  0.9 ms - Apply f time
711.8 ±  4.4 ms - Real f time 
321.5 ± 59.1 ms - Add time
 14.7 ±  0.4 ms - Find child
 20.9 ±  0.5 ms - Add child
195.2 ±  1.5 ms - Hash
182.5 ± 43.1 ms - Map
 84.5 ±  1.0 ms - getState
0.0870294
0.0939438
0.226316
1439.3 ±  0.0 ms - Total time
929.7 ±  0.0 ms - Build f time
 89.8 ±  1.2 ms - Apply f time
795.8 ±  4.7 ms - Real f time 
384.1 ± 59.1 ms - Add time
 20.2 ±  0.5 ms - Find child
 28.8 ±  0.6 ms - Add child
236.5 ±  1.6 ms - Hash
214.6 ± 43.0 ms - Map
113.8 ±  1.4 ms - getState
0.0955308
0.104288
0.259638
1699.0 ±  0.0 ms - Total time
1025.3 ±  0.0 ms - Build f time
115.8 ±  1.6 ms - Apply f time
892.8 ±  5.0 ms - Real f time 
454.5 ± 59.1 ms - Add time
 27.2 ±  0.7 ms - Find child
 37.9 ±  0.7 ms - Add child
283.4 ±  1.8 ms - Hash
253.0 ± 43.1 ms - Map
146.7 ±  1.5 ms - getState
0.0947233
0.103209
0.264139
1963.2 ±  0.0 ms - Total time
1120.0 ±  0.0 ms - Build f time
141.3 ±  1.7 ms - Apply f time
986.8 ±  5.2 ms - Real f time 
529.3 ± 59.0 ms - Add time
 34.4 ±  0.8 ms - Find child
 47.8 ±  0.8 ms - Add child
330.1 ±  1.9 ms - Hash
295.0 ± 43.0 ms - Map
180.5 ±  1.6 ms - getState
0.0870444
0.093971
0.229697
2192.9 ±  0.0 ms - Total time
1207.0 ±  0.0 ms - Build f time
162.5 ±  1.8 ms - Apply f time
1071.5 ±  5.4 ms - Real f time 
604.1 ± 60.5 ms - Add time
 40.6 ±  0.8 ms - Find child
 56.0 ±  0.8 ms - Add child
373.0 ±  2.0 ms - Hash
332.8 ± 43.0 ms - Map
208.6 ±  1.8 ms - getState
0.0989312
0.108077
0.271736
2464.7 ±  0.0 ms - Total time
1306.0 ±  0.0 ms - Build f time
188.0 ±  1.9 ms - Apply f time
1170.5 ±  5.6 ms - Real f time 
677.4 ± 60.5 ms - Add time
 47.5 ±  0.9 ms - Find child
 64.8 ±  0.9 ms - Add child
419.5 ±  2.1 ms - Hash
375.3 ± 43.0 ms - Map
242.8 ±  1.9 ms - getState
Dag sizes: 245079 253076 211770 245314 251797 212214 244718 
brutePieces time: 1.75604
191.9 ±  0.0 ms - Piece loop time
107.4 ± 41.8 ms - Set time
117.7 ±  1.9 ms - Child looking time
Nodes:  1663968
Pieces: 239953
makePieces time: 0.193779
Memory: 19.2 + 52.8 + 53.2 + 56.0 + 15.5 MB
 92.0 ± 70.1 ms - Greedy fill time
composePieces time: 4.01008
                                                                                