Running only task # 276
Using max depth 3
 |                                        | 0 / 416 (0.0%)Function count: 142
0.103127
0.115043
0.10615
0.115645
0.108108
0.120145
0.103101
0.113721
 27.9 ±  0.0 ms - Piece loop time
 43.6 ± 37.2 ms - Set time
 20.0 ±  1.0 ms - Child looking time
0.102937
0.113559
0.151172
615.9 ±  0.0 ms - Total time
523.4 ±  0.0 ms - Build f time
 33.1 ±  5.3 ms - Apply f time
442.3 ±  7.4 ms - Real f time 
114.9 ±  3.5 ms - Add time
  4.9 ±  0.2 ms - Find child
  5.9 ±  0.3 ms - Add child
 93.4 ±  1.0 ms - Hash
141.8 ± 60.8 ms - Map
 27.5 ±  0.5 ms - getState
0.103008
0.112579
0.149112
765.1 ±  0.0 ms - Total time
626.4 ±  0.0 ms - Build f time
 44.4 ±  5.3 ms - Apply f time
534.2 ±  7.5 ms - Real f time 
142.8 ±  3.6 ms - Add time
  7.9 ±  0.3 ms - Find child
  9.7 ±  0.4 ms - Add child
118.1 ±  1.1 ms - Hash
158.0 ± 60.8 ms - Map
 41.4 ±  0.6 ms - getState
0.104962
0.115434
0.154513
919.6 ±  0.0 ms - Total time
731.4 ±  0.0 ms - Build f time
 56.0 ±  5.3 ms - Apply f time
626.5 ±  7.7 ms - Real f time 
171.7 ±  3.7 ms - Add time
 11.2 ±  0.4 ms - Find child
 13.8 ±  0.5 ms - Add child
143.5 ±  1.2 ms - Hash
179.5 ± 61.1 ms - Map
 55.9 ±  0.7 ms - getState
0.102755
0.113099
0.153973
1073.6 ±  0.0 ms - Total time
834.1 ±  0.0 ms - Build f time
 67.4 ±  5.4 ms - Apply f time
716.7 ±  7.9 ms - Real f time 
202.3 ±  4.1 ms - Add time
 14.7 ±  0.6 ms - Find child
 18.5 ±  0.6 ms - Add child
171.2 ±  1.4 ms - Hash
196.3 ± 61.1 ms - Map
 71.2 ±  1.1 ms - getState
Dag sizes: 88538 82642 90885 86377 
brutePieces time: 0.611463
 54.2 ±  0.0 ms - Piece loop time
 54.2 ± 41.4 ms - Set time
 37.0 ±  1.1 ms - Child looking time
Nodes:  348442
Pieces: 9153
makePieces time: 0.055195
Memory: 3.9 + 19.6 + 11.2 + 22.4 + 2.8 MB
  0.1 ±  0.0 ms - Greedy fill time
composePieces time: 0.0148526
                                                                                