Running only task # 118
Using max depth 3
 |                                        | 0 / 416 (0.0%)Function count: 142
0.0612743
0.0647434
0.0556157
0.0585023
0.0577757
0.0607888
0.064509
0.0678631
 12.8 ±  0.0 ms - Piece loop time
 37.7 ± 35.0 ms - Set time
  9.5 ±  0.6 ms - Child looking time
0.0610499
0.0642802
0.0762808
328.3 ±  0.0 ms - Total time
300.2 ±  0.0 ms - Build f time
  8.1 ±  0.3 ms - Apply f time
246.4 ±  2.8 ms - Real f time 
 49.8 ±  2.7 ms - Add time
  1.9 ±  0.2 ms - Find child
  2.7 ±  0.2 ms - Add child
 59.7 ±  0.8 ms - Hash
 62.7 ± 36.8 ms - Map
  9.1 ±  0.3 ms - getState
0.0593227
0.0623641
0.072015
400.3 ±  0.0 ms - Total time
359.5 ±  0.0 ms - Build f time
 11.5 ±  0.4 ms - Apply f time
295.7 ±  3.0 ms - Real f time 
 60.3 ±  2.7 ms - Add time
  2.9 ±  0.2 ms - Find child
  4.1 ±  0.2 ms - Add child
 73.9 ±  0.9 ms - Hash
 70.3 ± 36.8 ms - Map
 12.6 ±  0.3 ms - getState
0.0609218
0.064026
0.0743522
474.7 ±  0.0 ms - Total time
420.5 ±  0.0 ms - Build f time
 15.0 ±  0.5 ms - Apply f time
348.6 ±  3.4 ms - Real f time 
 70.8 ±  2.8 ms - Add time
  4.0 ±  0.2 ms - Find child
  5.5 ±  0.3 ms - Add child
 89.6 ±  1.1 ms - Hash
 76.8 ± 36.7 ms - Map
 16.2 ±  0.4 ms - getState
0.0727527
0.0763946
0.0899153
564.6 ±  0.0 ms - Total time
493.2 ±  0.0 ms - Build f time
 19.4 ±  0.5 ms - Apply f time
408.7 ±  3.7 ms - Real f time 
 84.1 ±  2.9 ms - Add time
  5.4 ±  0.3 ms - Find child
  7.6 ±  0.3 ms - Add child
107.8 ±  1.2 ms - Hash
 85.6 ± 36.8 ms - Map
 20.6 ±  0.4 ms - getState
Dag sizes: 31492 26336 25756 33691 
brutePieces time: 0.315612
 27.9 ±  0.0 ms - Piece loop time
 40.7 ± 36.5 ms - Set time
 22.3 ±  1.1 ms - Child looking time
Nodes:  117275
Pieces: 8594
makePieces time: 0.0287772
Memory: 1.2 + 9.2 + 3.8 + 18.7 + 1.0 MB
  0.1 ±  0.0 ms - Greedy fill time
composePieces time: 0.0085797
                                                                                