Running only task # 103
Using max depth 3
 |                                        | 0 / 416 (0.0%)Function count: 142
0.139961
0.160729
0.180162
0.205396
0.250344
0.290932
0.236852
0.27394
 22.7 ±  0.0 ms - Piece loop time
 39.4 ± 34.6 ms - Set time
 18.2 ±  0.8 ms - Child looking time
0.142323
0.162468
0.288695
1219.9 ±  0.0 ms - Total time
949.6 ±  0.0 ms - Build f time
 70.9 ±  1.7 ms - Apply f time
777.1 ± 10.4 ms - Real f time 
245.1 ± 10.5 ms - Add time
  7.5 ±  0.3 ms - Find child
 10.0 ±  0.4 ms - Add child
203.3 ±  3.6 ms - Hash
 89.9 ± 35.0 ms - Map
 72.0 ±  1.2 ms - getState
0.185712
0.211516
0.352449
1572.4 ±  0.0 ms - Total time
1135.4 ±  0.0 ms - Build f time
 98.1 ±  1.9 ms - Apply f time
940.5 ± 11.1 ms - Real f time 
328.4 ± 10.7 ms - Add time
 12.3 ±  0.4 ms - Find child
 18.0 ±  0.6 ms - Add child
273.6 ±  3.7 ms - Hash
111.5 ± 35.1 ms - Map
112.3 ±  1.4 ms - getState
0.263726
0.306825
0.559559
2132.0 ±  0.0 ms - Total time
1399.1 ±  0.0 ms - Build f time
145.1 ±  2.2 ms - Apply f time
1167.3 ± 12.3 ms - Real f time 
487.5 ± 18.4 ms - Add time
 20.8 ±  0.5 ms - Find child
 29.7 ±  0.7 ms - Add child
388.7 ±  6.2 ms - Hash
142.6 ± 35.1 ms - Map
186.5 ±  1.9 ms - getState
0.24499
0.283159
0.494375
2626.4 ±  0.0 ms - Total time
1644.1 ±  0.0 ms - Build f time
184.2 ±  2.4 ms - Apply f time
1383.5 ± 13.9 ms - Real f time 
634.6 ± 33.3 ms - Add time
 27.7 ±  0.6 ms - Find child
 41.3 ±  1.1 ms - Add child
491.9 ±  6.3 ms - Hash
185.0 ± 37.3 ms - Map
245.5 ±  2.2 ms - getState
Dag sizes: 145043 140390 228292 188790 
brutePieces time: 1.69763
113.4 ±  0.0 ms - Piece loop time
 64.9 ± 36.1 ms - Set time
 82.3 ±  1.2 ms - Child looking time
Nodes:  702515
Pieces: 109404
makePieces time: 0.114478
Memory: 20.4 + 27.3 + 22.5 + 28.0 + 6.7 MB
  5.4 ±  0.0 ms - Greedy fill time
composePieces time: 0.34571
                                                                                