Running only task # 260
Using max depth 33
 |                                        | 0 / 416 (0.0%)Function count: 142
0.00826607
0.00890894
0.00990026
0.010606
0.0196993
0.0213139
0.0122127
0.013053
0.0220335
0.0236821
0.00811467
0.00863835
0.00979331
0.0103804
0.0194187
0.0209393
0.0123025
0.0131554
0.0218103
0.0234311
0.0289646
0.0311407
 54.3 ±  0.0 ms - Piece loop time
 39.9 ± 36.3 ms - Set time
 47.9 ±  1.5 ms - Child looking time
0.0118275
0.0123003
0.0136179
199.1 ±  0.0 ms - Total time
184.3 ±  0.0 ms - Build f time
  6.0 ±  0.2 ms - Apply f time
168.9 ±  1.9 ms - Real f time 
 33.8 ±  1.0 ms - Add time
  1.0 ±  0.1 ms - Find child
  1.2 ±  0.1 ms - Add child
 29.8 ±  0.6 ms - Hash
 99.2 ± 55.0 ms - Map
  5.8 ±  0.2 ms - getState
0.00996076
0.0105305
0.0125956
211.7 ±  0.0 ms - Total time
194.3 ±  0.0 ms - Build f time
  7.1 ±  0.3 ms - Apply f time
179.5 ±  1.9 ms - Real f time 
 36.4 ±  1.0 ms - Add time
  1.5 ±  0.1 ms - Find child
  1.7 ±  0.1 ms - Add child
 33.3 ±  1.4 ms - Hash
101.1 ± 54.9 ms - Map
  6.6 ±  0.2 ms - getState
0.0200996
0.0216238
0.0265132
238.2 ±  0.0 ms - Total time
214.4 ±  0.0 ms - Build f time
  9.3 ±  0.3 ms - Apply f time
198.4 ±  1.9 ms - Real f time 
 41.2 ±  1.0 ms - Add time
  2.5 ±  0.2 ms - Find child
  2.6 ±  0.2 ms - Add child
 37.8 ±  1.4 ms - Hash
104.5 ± 54.9 ms - Map
  8.4 ±  0.3 ms - getState
0.0131575
0.0139542
0.0164721
254.7 ±  0.0 ms - Total time
227.6 ±  0.0 ms - Build f time
 10.5 ±  0.3 ms - Apply f time
211.3 ±  2.0 ms - Real f time 
 44.4 ±  1.0 ms - Add time
  3.0 ±  0.2 ms - Find child
  3.1 ±  0.2 ms - Add child
 40.6 ±  1.4 ms - Hash
107.0 ± 54.9 ms - Map
  9.3 ±  0.3 ms - getState
0.0231293
0.0247807
0.0310811
285.8 ±  0.0 ms - Total time
250.7 ±  0.0 ms - Build f time
 13.4 ±  0.4 ms - Apply f time
232.9 ±  2.1 ms - Real f time 
 52.6 ±  2.3 ms - Add time
  4.1 ±  0.2 ms - Find child
  4.4 ±  0.2 ms - Add child
 45.8 ±  1.4 ms - Hash
110.7 ± 54.9 ms - Map
 11.5 ±  0.3 ms - getState
0.00832231
0.00879465
0.0102188
296.1 ±  0.0 ms - Total time
259.0 ±  0.0 ms - Build f time
 14.2 ±  0.4 ms - Apply f time
242.1 ±  2.1 ms - Real f time 
 54.6 ±  2.3 ms - Add time
  4.4 ±  0.2 ms - Find child
  4.9 ±  0.2 ms - Add child
 47.7 ±  1.4 ms - Hash
111.9 ± 54.9 ms - Map
 12.0 ±  0.3 ms - getState
0.0104021
0.0110086
0.012766
308.9 ±  0.0 ms - Total time
269.4 ±  0.0 ms - Build f time
 15.4 ±  0.4 ms - Apply f time
251.6 ±  2.1 ms - Real f time 
 56.9 ±  2.3 ms - Add time
  4.8 ±  0.2 ms - Find child
  5.3 ±  0.3 ms - Add child
 49.8 ±  1.4 ms - Hash
113.6 ± 54.9 ms - Map
 12.4 ±  0.3 ms - getState
0.0203917
0.0218394
0.0268556
335.7 ±  0.0 ms - Total time
289.8 ±  0.0 ms - Build f time
 17.9 ±  0.4 ms - Apply f time
272.3 ±  2.2 ms - Real f time 
 62.6 ±  2.3 ms - Add time
  5.5 ±  0.3 ms - Find child
  6.2 ±  0.3 ms - Add child
 54.7 ±  1.5 ms - Hash
117.4 ± 55.0 ms - Map
 14.0 ±  0.4 ms - getState
0.0130511
0.0139493
0.0166761
352.4 ±  0.0 ms - Total time
302.9 ±  0.0 ms - Build f time
 19.4 ±  0.5 ms - Apply f time
285.6 ±  2.2 ms - Real f time 
 65.5 ±  2.3 ms - Add time
  5.9 ±  0.3 ms - Find child
  6.8 ±  0.3 ms - Add child
 57.4 ±  1.5 ms - Hash
119.7 ± 54.9 ms - Map
 14.8 ±  0.4 ms - getState
0.0231873
0.0250385
0.0311182
383.6 ±  0.0 ms - Total time
326.0 ±  0.0 ms - Build f time
 21.8 ±  0.5 ms - Apply f time
308.7 ±  2.4 ms - Real f time 
 71.3 ±  2.4 ms - Add time
  6.9 ±  0.3 ms - Find child
  8.2 ±  0.3 ms - Add child
 62.0 ±  1.5 ms - Hash
123.7 ± 55.0 ms - Map
 17.0 ±  0.4 ms - getState
0.0300091
0.0321674
0.039636
423.2 ±  0.0 ms - Total time
356.0 ±  0.0 ms - Build f time
 25.2 ±  0.5 ms - Apply f time
338.5 ±  2.7 ms - Real f time 
 79.6 ±  2.4 ms - Add time
  8.0 ±  0.3 ms - Find child
  9.6 ±  0.4 ms - Add child
 68.1 ±  1.5 ms - Hash
128.3 ± 55.0 ms - Map
 20.0 ±  0.4 ms - getState
Dag sizes: 5961 7440 17132 10335 20259 5959 7408 17181 10764 19921 23961 
brutePieces time: 0.246065
106.0 ±  0.0 ms - Piece loop time
 45.2 ± 38.0 ms - Set time
 93.3 ±  1.9 ms - Child looking time
Nodes:  146321
Pieces: 4495
makePieces time: 0.106877
Memory: 0.8 + 12.8 + 4.7 + 48.5 + 3.3 MB
  0.4 ±  0.0 ms - Greedy fill time
composePieces time: 0.0214417
                                                                                