Running only task # 81
Using max depth 4
 |                                        | 0 / 416 (0.0%)Function count: 142
0.00413697
0.00438215
0.00476953
0.00497802
0.00664262
0.00695193
0.00523048
0.0054363
0.00585595
0.00613213
 10.2 ±  0.0 ms - Piece loop time
 41.8 ± 40.8 ms - Set time
  8.8 ±  0.6 ms - Child looking time
0.0279824
0.0288318
0.029453
 57.4 ±  0.0 ms - Total time
 54.6 ±  0.0 ms - Build f time
  1.2 ±  0.1 ms - Apply f time
 54.6 ±  0.7 ms - Real f time 
  7.6 ±  0.3 ms - Add time
  0.4 ±  0.1 ms - Find child
  0.8 ±  0.5 ms - Add child
 10.2 ±  0.4 ms - Hash
 43.6 ± 36.9 ms - Map
  1.2 ±  0.1 ms - getState
0.0318999
0.032926
0.033684
 91.1 ±  0.0 ms - Total time
 86.5 ±  0.0 ms - Build f time
  1.8 ±  0.1 ms - Apply f time
 86.7 ±  1.0 ms - Real f time 
 12.1 ±  0.4 ms - Add time
  0.8 ±  0.1 ms - Find child
  1.2 ±  0.5 ms - Add child
 16.6 ±  0.5 ms - Hash
 47.6 ± 36.8 ms - Map
  2.0 ±  0.1 ms - getState
0.0551849
0.0570373
0.0583442
149.5 ±  0.0 ms - Total time
141.7 ±  0.0 ms - Build f time
  3.1 ±  0.2 ms - Apply f time
142.9 ±  1.3 ms - Real f time 
 19.4 ±  0.6 ms - Add time
  1.2 ±  0.1 ms - Find child
  1.8 ±  0.5 ms - Add child
 26.8 ±  0.6 ms - Hash
 55.5 ± 36.8 ms - Map
  3.5 ±  0.2 ms - getState
0.0447585
0.046279
0.0473618
196.8 ±  0.0 ms - Total time
186.5 ±  0.0 ms - Build f time
  4.1 ±  0.2 ms - Apply f time
187.8 ±  1.8 ms - Real f time 
 25.6 ±  0.7 ms - Add time
  1.5 ±  0.1 ms - Find child
  2.3 ±  0.6 ms - Add child
 35.3 ±  0.7 ms - Hash
 61.0 ± 36.7 ms - Map
  4.4 ±  0.2 ms - getState
0.0509764
0.0525961
0.0536397
250.5 ±  0.0 ms - Total time
237.4 ±  0.0 ms - Build f time
  5.1 ±  0.3 ms - Apply f time
237.9 ±  2.1 ms - Real f time 
 34.2 ±  1.7 ms - Add time
  2.0 ±  0.2 ms - Find child
  2.7 ±  0.6 ms - Add child
 43.5 ±  0.8 ms - Hash
 68.3 ± 36.7 ms - Map
  5.8 ±  0.3 ms - getState
Dag sizes: 6739 7684 11115 8733 8967 
brutePieces time: 0.226805
105.7 ±  0.0 ms - Piece loop time
 58.0 ± 47.7 ms - Set time
 82.8 ±  1.6 ms - Child looking time
Nodes:  43238
Pieces: 5345
makePieces time: 0.106721
Memory: 0.2 + 10.8 + 1.4 + 21.7 + 1.7 MB
  0.3 ±  0.0 ms - Greedy fill time
composePieces time: 0.0138566
                                                                                