Running only task # 272
Using max depth 3
 |                                        | 0 / 416 (0.0%)Function count: 142
0.0591518
0.0622334
0.0513309
0.0539626
0.0549724
0.0579225
  6.5 ±  0.0 ms - Piece loop time
 38.3 ± 36.6 ms - Set time
  4.8 ±  0.5 ms - Child looking time
0.0602679
0.0632071
0.0947329
269.0 ±  0.0 ms - Total time
225.7 ±  0.0 ms - Build f time
  7.9 ±  0.3 ms - Apply f time
185.1 ±  3.0 ms - Real f time 
 39.3 ±  1.0 ms - Add time
  1.7 ±  0.2 ms - Find child
  2.0 ±  0.2 ms - Add child
 52.2 ±  0.7 ms - Hash
 54.4 ± 36.7 ms - Map
 10.7 ±  0.3 ms - getState
0.0513206
0.0539278
0.0785086
347.5 ±  0.0 ms - Total time
277.0 ±  0.0 ms - Build f time
 12.0 ±  0.4 ms - Apply f time
230.8 ±  3.3 ms - Real f time 
 61.0 ±  7.4 ms - Add time
  2.8 ±  0.2 ms - Find child
  3.3 ±  0.2 ms - Add child
 69.7 ±  0.8 ms - Hash
 59.9 ± 36.8 ms - Map
 16.4 ±  0.4 ms - getState
0.0557548
0.0585827
0.0861475
433.7 ±  0.0 ms - Total time
332.8 ±  0.0 ms - Build f time
 17.5 ±  0.6 ms - Apply f time
278.8 ±  3.7 ms - Real f time 
 78.2 ±  7.5 ms - Add time
  4.1 ±  0.2 ms - Find child
  4.9 ±  0.2 ms - Add child
 88.5 ±  0.8 ms - Hash
 66.0 ± 36.7 ms - Map
 23.0 ±  0.4 ms - getState
Dag sizes: 37563 30068 33883 
brutePieces time: 0.26163
 14.1 ±  0.0 ms - Piece loop time
 37.6 ± 34.6 ms - Set time
 10.6 ±  0.5 ms - Child looking time
Nodes:  101514
Pieces: 27106
makePieces time: 0.0148856
Memory: 2.0 + 5.3 + 3.2 + 14.2 + 0.9 MB
  2.4 ±  0.0 ms - Greedy fill time
composePieces time: 0.0788685
                                                                                