Running only task # 20
Using max depth 33
 |                                        | 0 / 416 (0.0%)Function count: 142
0.0152377
0.0169741
0.0186674
0.0202739
0.0114449
0.0125105
0.0177681
0.0193196
0.0177733
0.0194476
0.0151589
0.0166222
0.0114227
0.0126136
0.0155457
0.0171015
0.0153379
0.016896
 31.9 ±  0.0 ms - Piece loop time
 41.4 ± 38.4 ms - Set time
 27.7 ±  1.5 ms - Child looking time
0.0147825
0.0161422
0.0180761
170.0 ±  0.0 ms - Total time
153.1 ±  0.0 ms - Build f time
  6.4 ±  0.2 ms - Apply f time
150.6 ±  1.9 ms - Real f time 
 36.0 ±  4.7 ms - Add time
  1.4 ±  0.1 ms - Find child
  1.9 ±  0.2 ms - Add child
 25.1 ±  0.5 ms - Hash
 59.2 ± 37.9 ms - Map
  5.6 ±  0.2 ms - getState
0.0181995
0.0197328
0.0221774
192.2 ±  0.0 ms - Total time
171.3 ±  0.0 ms - Build f time
  7.9 ±  0.3 ms - Apply f time
169.0 ±  1.9 ms - Real f time 
 39.6 ±  4.7 ms - Add time
  2.0 ±  0.2 ms - Find child
  2.4 ±  0.2 ms - Add child
 28.9 ±  0.6 ms - Hash
 62.1 ± 37.9 ms - Map
  6.7 ±  0.2 ms - getState
0.0119253
0.0130767
0.0151271
207.4 ±  0.0 ms - Total time
183.3 ±  0.0 ms - Build f time
  9.0 ±  0.3 ms - Apply f time
181.1 ±  2.0 ms - Real f time 
 42.2 ±  4.7 ms - Add time
  2.4 ±  0.2 ms - Find child
  2.8 ±  0.2 ms - Add child
 31.3 ±  0.6 ms - Hash
 64.0 ± 37.9 ms - Map
  7.4 ±  0.3 ms - getState
0.0184176
0.0200055
0.0227837
230.2 ±  0.0 ms - Total time
201.7 ±  0.0 ms - Build f time
 10.5 ±  0.3 ms - Apply f time
199.4 ±  2.0 ms - Real f time 
 46.4 ±  4.7 ms - Add time
  2.9 ±  0.2 ms - Find child
  3.7 ±  0.2 ms - Add child
 35.0 ±  0.6 ms - Hash
 67.3 ± 37.8 ms - Map
  8.6 ±  0.3 ms - getState
0.0179368
0.0195566
0.0220758
252.3 ±  0.0 ms - Total time
219.6 ±  0.0 ms - Build f time
 11.9 ±  0.3 ms - Apply f time
219.7 ±  2.4 ms - Real f time 
 50.6 ±  4.7 ms - Add time
  3.3 ±  0.2 ms - Find child
  4.3 ±  0.2 ms - Add child
 38.0 ±  0.7 ms - Hash
 70.2 ± 37.8 ms - Map
  9.8 ±  0.3 ms - getState
0.0160483
0.0175594
0.0197343
272.0 ±  0.0 ms - Total time
235.7 ±  0.0 ms - Build f time
 13.2 ±  0.4 ms - Apply f time
236.0 ±  2.4 ms - Real f time 
 54.0 ±  4.7 ms - Add time
  3.9 ±  0.2 ms - Find child
  4.7 ±  0.2 ms - Add child
 40.9 ±  0.7 ms - Hash
 72.6 ± 37.9 ms - Map
 10.9 ±  0.3 ms - getState
0.0120305
0.0130891
0.0151331
287.2 ±  0.0 ms - Total time
247.7 ±  0.0 ms - Build f time
 14.3 ±  0.4 ms - Apply f time
247.6 ±  2.4 ms - Real f time 
 56.5 ±  4.7 ms - Add time
  4.2 ±  0.2 ms - Find child
  5.2 ±  0.3 ms - Add child
 43.4 ±  0.7 ms - Hash
 74.9 ± 37.9 ms - Map
 11.6 ±  0.3 ms - getState
0.0153197
0.016789
0.0191457
306.3 ±  0.0 ms - Total time
263.0 ±  0.0 ms - Build f time
 15.6 ±  0.4 ms - Apply f time
262.9 ±  2.5 ms - Real f time 
 60.4 ±  4.7 ms - Add time
  4.7 ±  0.2 ms - Find child
  5.7 ±  0.3 ms - Add child
 46.3 ±  0.7 ms - Hash
 77.4 ± 37.9 ms - Map
 12.9 ±  0.3 ms - getState
0.0151889
0.016677
0.019004
325.4 ±  0.0 ms - Total time
278.2 ±  0.0 ms - Build f time
 17.0 ±  0.4 ms - Apply f time
278.1 ±  2.5 ms - Real f time 
 64.1 ±  4.7 ms - Add time
  5.3 ±  0.3 ms - Find child
  6.3 ±  0.3 ms - Add child
 49.5 ±  0.8 ms - Hash
 79.6 ± 37.9 ms - Map
 13.8 ±  0.4 ms - getState
Dag sizes: 10990 13068 9422 13385 12395 11342 9407 12006 12336 
brutePieces time: 0.179425
 53.3 ±  0.0 ms - Piece loop time
 42.8 ± 37.1 ms - Set time
 45.7 ±  1.2 ms - Child looking time
Nodes:  104351
Pieces: 15425
makePieces time: 0.0542037
Memory: 0.4 + 9.2 + 3.3 + 39.4 + 2.1 MB
  1.8 ±  0.0 ms - Greedy fill time
composePieces time: 0.0768473
                                                                                