Running only task # 267
Using max depth 3
 |                                        | 0 / 416 (0.0%)Function count: 142
0.0383149
0.0407821
0.0433004
0.0459828
0.0475571
0.0505753
0.0374988
0.0395182
 20.5 ±  0.0 ms - Piece loop time
 42.9 ± 39.0 ms - Set time
 17.0 ±  0.7 ms - Child looking time
0.0377137
0.0399009
0.0474666
224.4 ±  0.0 ms - Total time
204.4 ±  0.0 ms - Build f time
  5.8 ±  0.3 ms - Apply f time
178.8 ±  2.2 ms - Real f time 
 32.7 ±  1.1 ms - Add time
  1.3 ±  0.1 ms - Find child
  1.4 ±  0.1 ms - Add child
 37.8 ±  0.6 ms - Hash
 58.8 ± 39.3 ms - Map
  5.9 ±  0.2 ms - getState
0.0442659
0.046893
0.0574984
282.0 ±  0.0 ms - Total time
248.6 ±  0.0 ms - Build f time
  9.1 ±  0.3 ms - Apply f time
219.2 ±  2.4 ms - Real f time 
 45.5 ±  3.7 ms - Add time
  2.2 ±  0.2 ms - Find child
  2.6 ±  0.2 ms - Add child
 49.0 ±  0.7 ms - Hash
 65.0 ± 39.3 ms - Map
  9.5 ±  0.4 ms - getState
0.0539155
0.0569305
0.0687582
350.8 ±  0.0 ms - Total time
302.6 ±  0.0 ms - Build f time
 12.8 ±  0.4 ms - Apply f time
268.1 ±  2.6 ms - Real f time 
 56.0 ±  3.7 ms - Add time
  3.3 ±  0.2 ms - Find child
  3.9 ±  0.2 ms - Add child
 61.4 ±  0.8 ms - Hash
 74.2 ± 39.3 ms - Map
 13.2 ±  0.4 ms - getState
0.0393838
0.0415461
0.0517127
402.5 ±  0.0 ms - Total time
341.9 ±  0.0 ms - Build f time
 15.6 ±  0.4 ms - Apply f time
302.7 ±  2.8 ms - Real f time 
 63.1 ±  3.7 ms - Add time
  4.1 ±  0.2 ms - Find child
  5.0 ±  0.3 ms - Add child
 71.0 ±  0.9 ms - Hash
 79.8 ± 39.3 ms - Map
 15.9 ±  0.4 ms - getState
Dag sizes: 21108 27534 29857 21698 
brutePieces time: 0.228697
 31.8 ±  0.0 ms - Piece loop time
 46.2 ± 39.5 ms - Set time
 25.7 ±  1.3 ms - Child looking time
Nodes:  100197
Pieces: 26260
makePieces time: 0.0326889
Memory: 1.0 + 7.0 + 3.2 + 18.4 + 1.3 MB
  1.1 ±  0.0 ms - Greedy fill time
composePieces time: 0.0626987
                                                                                