Running only task # 189
Using max depth 23
 |                                        | 0 / 416 (0.0%)Function count: 142
0.0416604
0.0444604
0.0222824
0.0234595
0.0424204
0.0453428
0.0227002
0.0239009
0.0608419
0.0649682
 28.9 ±  0.0 ms - Piece loop time
 38.7 ± 35.1 ms - Set time
 24.3 ±  0.9 ms - Child looking time
0.0424127
0.0450336
0.059877
262.1 ±  0.0 ms - Total time
232.3 ±  0.0 ms - Build f time
  8.0 ±  0.3 ms - Apply f time
196.7 ±  2.2 ms - Real f time 
 42.9 ±  2.2 ms - Add time
  1.6 ±  0.1 ms - Find child
  2.2 ±  0.2 ms - Add child
 40.3 ±  0.7 ms - Hash
 63.4 ± 38.3 ms - Map
  9.7 ±  0.3 ms - getState
0.0222969
0.023374
0.0283678
290.5 ±  0.0 ms - Total time
254.6 ±  0.0 ms - Build f time
  9.8 ±  0.3 ms - Apply f time
218.0 ±  2.3 ms - Real f time 
 47.7 ±  2.2 ms - Add time
  2.1 ±  0.2 ms - Find child
  2.9 ±  0.2 ms - Add child
 45.3 ±  0.7 ms - Hash
 66.4 ± 38.3 ms - Map
 11.3 ±  0.3 ms - getState
0.0422132
0.044739
0.0594621
350.0 ±  0.0 ms - Total time
296.8 ±  0.0 ms - Build f time
 13.9 ±  0.4 ms - Apply f time
257.0 ±  2.4 ms - Real f time 
 58.6 ±  2.2 ms - Add time
  3.4 ±  0.2 ms - Find child
  4.4 ±  0.2 ms - Add child
 55.6 ±  0.8 ms - Hash
 73.1 ± 38.2 ms - Map
 16.3 ±  0.4 ms - getState
0.0228109
0.0239001
0.0290429
379.1 ±  0.0 ms - Total time
319.6 ±  0.0 ms - Build f time
 15.4 ±  0.4 ms - Apply f time
277.8 ±  2.5 ms - Real f time 
 63.1 ±  2.3 ms - Add time
  3.9 ±  0.2 ms - Find child
  5.3 ±  0.3 ms - Add child
 60.5 ±  0.8 ms - Hash
 76.1 ± 38.2 ms - Map
 20.2 ±  2.1 ms - getState
0.0613428
0.0655721
0.091767
470.9 ±  0.0 ms - Total time
381.0 ±  0.0 ms - Build f time
 21.6 ±  0.5 ms - Apply f time
333.0 ±  3.3 ms - Real f time 
 92.3 ± 12.1 ms - Add time
  5.6 ±  0.3 ms - Find child
  7.4 ±  0.3 ms - Add child
 76.9 ±  0.9 ms - Hash
 86.5 ± 38.2 ms - Map
 29.1 ±  2.1 ms - getState
Dag sizes: 36178 15871 36254 15879 54079 
brutePieces time: 0.272121
 58.5 ±  0.0 ms - Piece loop time
 47.6 ± 38.1 ms - Set time
 46.2 ±  1.0 ms - Child looking time
Nodes:  158261
Pieces: 44866
makePieces time: 0.0594416
Memory: 1.5 + 9.2 + 5.1 + 23.5 + 2.4 MB
  3.8 ±  0.0 ms - Greedy fill time
composePieces time: 0.281607
                                                                                