Running only task # 1
Using max depth 33
 |                                        | 0 / 416 (0.0%)Function count: 142
0.0074536
0.00797924
0.0107974
0.0116233
0.00316038
0.00329701
0.00325592
0.00340653
0.00664208
0.00695379
0.00744951
0.00793321
0.0107208
0.0115145
0.00334526
0.00348725
0.00318436
0.00332436
0.00658497
0.00691533
0.0108358
0.0115798
 35.5 ±  0.0 ms - Piece loop time
 38.1 ± 36.1 ms - Set time
 32.6 ±  1.2 ms - Child looking time
0.00790237
0.00831407
0.00903218
 87.2 ±  0.0 ms - Total time
 81.3 ±  0.0 ms - Build f time
  2.2 ±  0.1 ms - Apply f time
 81.4 ±  1.5 ms - Real f time 
 15.5 ±  1.0 ms - Add time
  0.6 ±  0.1 ms - Find child
  0.8 ±  0.1 ms - Add child
 14.1 ±  0.4 ms - Hash
 91.3 ± 56.5 ms - Map
  2.4 ±  0.1 ms - getState
0.01068
0.0114525
0.0124759
 99.7 ±  0.0 ms - Total time
 92.0 ±  0.0 ms - Build f time
  2.8 ±  0.2 ms - Apply f time
 91.9 ±  1.5 ms - Real f time 
 18.6 ±  1.3 ms - Add time
  0.7 ±  0.1 ms - Find child
  1.1 ±  0.1 ms - Add child
 16.4 ±  0.4 ms - Hash
 93.0 ± 56.6 ms - Map
  3.0 ±  0.2 ms - getState
0.00320518
0.00332424
0.00355583
103.2 ±  0.0 ms - Total time
 95.2 ±  0.0 ms - Build f time
  3.0 ±  0.2 ms - Apply f time
 95.4 ±  1.5 ms - Real f time 
 19.2 ±  1.3 ms - Add time
  0.8 ±  0.1 ms - Find child
  1.2 ±  0.1 ms - Add child
 17.1 ±  0.5 ms - Hash
 93.5 ± 56.5 ms - Map
  3.1 ±  0.2 ms - getState
0.00318579
0.00333662
0.00360222
106.9 ±  0.0 ms - Total time
 98.4 ±  0.0 ms - Build f time
  3.1 ±  0.2 ms - Apply f time
 98.9 ±  1.5 ms - Real f time 
 19.8 ±  1.3 ms - Add time
  0.8 ±  0.1 ms - Find child
  1.3 ±  0.1 ms - Add child
 17.8 ±  0.5 ms - Hash
 94.0 ± 56.5 ms - Map
  3.3 ±  0.2 ms - getState
0.00692998
0.00724399
0.00779254
114.7 ±  0.0 ms - Total time
105.3 ±  0.0 ms - Build f time
  3.5 ±  0.2 ms - Apply f time
105.7 ±  1.5 ms - Real f time 
 21.3 ±  1.3 ms - Add time
  1.0 ±  0.1 ms - Find child
  1.4 ±  0.1 ms - Add child
 19.3 ±  0.5 ms - Hash
 94.9 ± 56.5 ms - Map
  3.6 ±  0.2 ms - getState
0.00767111
0.00809526
0.00885098
123.5 ±  0.0 ms - Total time
113.0 ±  0.0 ms - Build f time
  4.0 ±  0.2 ms - Apply f time
113.6 ±  1.6 ms - Real f time 
 22.8 ±  1.3 ms - Add time
  1.0 ±  0.1 ms - Find child
  1.7 ±  0.1 ms - Add child
 21.0 ±  0.5 ms - Hash
 96.3 ± 56.5 ms - Map
  4.0 ±  0.2 ms - getState
0.0107823
0.0116311
0.0128887
136.4 ±  0.0 ms - Total time
123.8 ±  0.0 ms - Build f time
  4.6 ±  0.2 ms - Apply f time
124.6 ±  1.6 ms - Real f time 
 24.9 ±  1.3 ms - Add time
  1.4 ±  0.1 ms - Find child
  2.0 ±  0.2 ms - Add child
 23.0 ±  0.5 ms - Hash
 97.6 ± 56.4 ms - Map
  4.7 ±  0.2 ms - getState
0.00330193
0.00343633
0.00366905
140.1 ±  0.0 ms - Total time
127.1 ±  0.0 ms - Build f time
  4.7 ±  0.2 ms - Apply f time
128.3 ±  1.6 ms - Real f time 
 25.6 ±  1.3 ms - Add time
  1.4 ±  0.1 ms - Find child
  2.0 ±  0.2 ms - Add child
 23.6 ±  0.5 ms - Hash
 98.2 ± 56.4 ms - Map
  4.9 ±  0.2 ms - getState
0.00394318
0.00408146
0.00432657
144.5 ±  0.0 ms - Total time
131.0 ±  0.0 ms - Build f time
  4.9 ±  0.2 ms - Apply f time
132.0 ±  1.6 ms - Real f time 
 26.4 ±  1.3 ms - Add time
  1.4 ±  0.1 ms - Find child
  2.1 ±  0.2 ms - Add child
 24.3 ±  0.5 ms - Hash
 98.8 ± 56.5 ms - Map
  5.1 ±  0.2 ms - getState
0.00670654
0.00701276
0.0075694
152.0 ±  0.0 ms - Total time
137.7 ±  0.0 ms - Build f time
  5.3 ±  0.2 ms - Apply f time
138.8 ±  1.6 ms - Real f time 
 28.0 ±  1.4 ms - Add time
  1.6 ±  0.1 ms - Find child
  2.3 ±  0.2 ms - Add child
 25.8 ±  0.6 ms - Hash
100.1 ± 56.5 ms - Map
  5.3 ±  0.2 ms - getState
0.0108712
0.0115892
0.0125109
164.6 ±  0.0 ms - Total time
148.6 ±  0.0 ms - Build f time
  6.0 ±  0.2 ms - Apply f time
149.4 ±  1.7 ms - Real f time 
 31.3 ±  1.7 ms - Add time
  1.8 ±  0.2 ms - Find child
  2.5 ±  0.2 ms - Add child
 27.7 ±  0.6 ms - Hash
101.8 ± 56.5 ms - Map
  5.7 ±  0.2 ms - getState
Dag sizes: 4380 7108 1525 1525 3652 4441 7328 1525 1525 3527 6015 
brutePieces time: 0.0944107
 48.4 ±  0.0 ms - Piece loop time
 39.7 ± 36.4 ms - Set time
 42.4 ±  1.2 ms - Child looking time
Nodes:  42551
Pieces: 8000
makePieces time: 0.0492383
Memory: 0.2 + 5.5 + 1.4 + 46.8 + 1.4 MB
  1.4 ±  0.2 ms - Greedy fill time
composePieces time: 0.0769023
                                                                                