Running only task # 307
Using max depth 3
 |                                        | 0 / 416 (0.0%)Function count: 142
0.254764
0.273254
0.0862018
0.0935039
0.157013
0.171734
0.154817
0.166876
 34.4 ±  0.0 ms - Piece loop time
 44.9 ± 37.1 ms - Set time
 25.6 ±  0.9 ms - Child looking time
0.269885
0.28689
0.546109
1251.7 ±  0.0 ms - Total time
922.7 ±  0.0 ms - Build f time
 44.3 ±  1.1 ms - Apply f time
705.4 ±  9.8 ms - Real f time 
246.7 ±  3.7 ms - Add time
  5.0 ±  0.3 ms - Find child
  6.9 ±  0.3 ms - Add child
261.7 ±  2.2 ms - Hash
104.1 ± 37.9 ms - Map
 81.7 ±  2.2 ms - getState
0.088649
0.0954644
0.156548
1408.2 ±  0.0 ms - Total time
1011.3 ±  0.0 ms - Build f time
 56.7 ±  1.2 ms - Apply f time
785.3 ± 10.3 ms - Real f time 
279.7 ±  3.8 ms - Add time
  8.0 ±  0.4 ms - Find child
 10.7 ±  0.4 ms - Add child
293.1 ±  2.4 ms - Hash
122.0 ± 37.9 ms - Map
 98.3 ±  2.3 ms - getState
0.158293
0.172999
0.317023
1725.3 ±  0.0 ms - Total time
1169.6 ±  0.0 ms - Build f time
 79.2 ±  1.3 ms - Apply f time
926.9 ± 10.6 ms - Real f time 
353.1 ±  4.0 ms - Add time
 13.0 ±  0.4 ms - Find child
 17.1 ±  0.5 ms - Add child
355.8 ±  2.8 ms - Hash
161.9 ± 38.7 ms - Map
136.4 ±  2.5 ms - getState
0.162773
0.175201
0.340171
2065.5 ±  0.0 ms - Total time
1332.4 ±  0.0 ms - Build f time
100.7 ±  1.4 ms - Apply f time
1061.1 ± 11.0 ms - Real f time 
439.2 ±  4.3 ms - Add time
 17.8 ±  0.5 ms - Find child
 23.1 ±  0.5 ms - Add child
430.4 ±  2.9 ms - Hash
192.8 ± 38.7 ms - Map
176.9 ±  2.5 ms - getState
Dag sizes: 126747 96309 175274 157377 
brutePieces time: 1.36266
115.3 ±  0.0 ms - Piece loop time
 71.0 ± 39.7 ms - Set time
 79.5 ±  1.2 ms - Child looking time
Nodes:  555707
Pieces: 159001
makePieces time: 0.116621
Memory: 16.2 + 19.4 + 17.8 + 25.7 + 6.7 MB
 14.9 ±  0.0 ms - Greedy fill time
composePieces time: 1.24208
                                                                                