Running only task # 160
Using max depth 4
 |                                        | 0 / 416 (0.0%)Function count: 142
0.204787
0.233372
0.122857
0.138778
0.183344
0.206949
0.119413
0.133978
0.186517
0.211088
 44.4 ±  0.0 ms - Piece loop time
 45.5 ± 38.2 ms - Set time
 35.3 ±  1.0 ms - Child looking time
5.95895
6.72004
8.5378
9462.2 ±  0.0 ms - Total time
6775.9 ±  0.0 ms - Build f time
473.3 ±  3.4 ms - Apply f time
5524.5 ± 32.6 ms - Real f time 
1689.9 ± 36.4 ms - Add time
 80.4 ±  1.2 ms - Find child
120.2 ±  1.5 ms - Add child
1548.5 ±  6.3 ms - Hash
807.1 ± 38.9 ms - Map
868.8 ±  4.1 ms - getState
3.19829
3.58101
4.45326
13915.5 ±  0.0 ms - Total time
9974.1 ±  0.0 ms - Build f time
705.0 ±  4.8 ms - Apply f time
8155.5 ± 39.7 ms - Real f time 
2440.5 ± 37.5 ms - Add time
121.6 ±  1.9 ms - Find child
174.9 ±  1.8 ms - Add child
2334.1 ± 16.1 ms - Hash
1121.5 ± 39.1 ms - Map
1284.1 ±  5.4 ms - getState
4.87662
5.4713
6.90339
20818.9 ±  0.0 ms - Total time
14850.8 ±  0.0 ms - Build f time
1047.3 ±  5.7 ms - Apply f time
12136.3 ± 45.1 ms - Real f time 
3600.3 ± 40.7 ms - Add time
180.2 ±  2.1 ms - Find child
254.6 ±  2.0 ms - Add child
3540.6 ± 19.8 ms - Hash
2061.8 ± 401.0 ms - Map
1943.4 ±  6.2 ms - getState
2.94845
3.27431
4.01129
24830.2 ±  0.0 ms - Total time
17799.2 ±  0.0 ms - Build f time
1233.7 ±  7.9 ms - Apply f time
14453.3 ± 50.2 ms - Real f time 
4244.3 ± 41.2 ms - Add time
212.9 ±  2.2 ms - Find child
296.7 ±  2.2 ms - Add child
4300.7 ± 20.2 ms - Hash
2327.5 ± 401.2 ms - Map
2292.1 ±  6.7 ms - getState
5.12603
5.77309
7.12037
31950.6 ±  0.0 ms - Total time
22925.2 ±  0.0 ms - Build f time
1579.2 ±  8.7 ms - Apply f time
18590.4 ± 58.7 ms - Real f time 
5436.7 ± 45.0 ms - Add time
263.9 ±  2.4 ms - Find child
366.2 ±  2.5 ms - Add child
5542.0 ± 26.2 ms - Hash
2816.3 ± 403.5 ms - Map
2968.3 ±  7.7 ms - getState
Dag sizes: 2220901 1091493 1550172 842276 1328909 
brutePieces time: 31.0282
3156.9 ±  0.0 ms - Piece loop time
834.7 ± 19.8 ms - Set time
2203.2 ± 18.8 ms - Child looking time
Nodes:  7033751
Pieces: 23
makePieces time: 3.15756
Memory: 272.8 + 401.0 + 225.1 + 171.3 + 95.2 MB
  9.4 ±  0.0 ms - Greedy fill time
composePieces time: 0.0988094
                                                                                