Running only task # 252
Using max depth 4
 |                                        | 0 / 416 (0.0%)Function count: 142
0.0161778
0.0178728
0.0149425
0.0160415
0.0189782
0.0205422
  9.7 ±  0.0 ms - Piece loop time
 40.1 ± 38.3 ms - Set time
  7.6 ±  0.5 ms - Child looking time
0.204904
0.217972
0.242718
297.3 ±  0.0 ms - Total time
255.0 ±  0.0 ms - Build f time
 14.7 ±  0.4 ms - Apply f time
259.4 ±  3.2 ms - Real f time 
 45.6 ±  0.9 ms - Add time
  5.2 ±  0.3 ms - Find child
  6.6 ±  0.4 ms - Add child
 44.4 ±  0.7 ms - Hash
 83.1 ± 39.9 ms - Map
 12.3 ±  0.4 ms - getState
0.215663
0.226342
0.244184
541.5 ±  0.0 ms - Total time
470.7 ±  0.0 ms - Build f time
 24.9 ±  0.6 ms - Apply f time
474.8 ±  3.9 ms - Real f time 
 81.0 ±  1.3 ms - Add time
  8.9 ±  0.4 ms - Find child
 10.6 ±  0.5 ms - Add child
 81.3 ±  1.0 ms - Hash
119.7 ± 40.0 ms - Map
 20.7 ±  0.5 ms - getState
0.27831
0.297783
0.325924
867.4 ±  0.0 ms - Total time
749.0 ±  0.0 ms - Build f time
 41.0 ±  0.7 ms - Apply f time
760.8 ±  4.9 ms - Real f time 
128.5 ±  1.5 ms - Add time
 14.6 ±  0.4 ms - Find child
 17.1 ±  0.6 ms - Add child
127.3 ±  1.5 ms - Hash
166.8 ± 40.0 ms - Map
 34.0 ±  0.6 ms - getState
Dag sizes: 89815 78733 119902 
brutePieces time: 0.815302
229.3 ±  0.0 ms - Piece loop time
 85.5 ± 35.3 ms - Set time
164.2 ±  2.7 ms - Child looking time
Nodes:  288450
Pieces: 65080
makePieces time: 0.230665
Memory: 1.3 + 35.9 + 9.2 + 17.2 + 5.4 MB
  0.1 ±  0.0 ms - Greedy fill time
composePieces time: 0.034556
                                                                                