Running only task # 31
Using max depth 33
 |                                        | 0 / 416 (0.0%)Function count: 142
0.0879178
0.0968395
0.0868514
0.095059
0.0713799
0.0780524
0.0930507
0.101592
0.0908367
0.0999858
0.0830185
0.089695
0.122807
0.133661
 29.5 ±  0.0 ms - Piece loop time
 53.0 ± 46.9 ms - Set time
 22.9 ±  1.2 ms - Child looking time
0.0960818
0.103956
0.188585
889.5 ±  0.0 ms - Total time
731.9 ±  0.0 ms - Build f time
 35.1 ±  0.7 ms - Apply f time
572.6 ±  5.4 ms - Real f time 
161.2 ±  6.0 ms - Add time
  5.2 ±  0.3 ms - Find child
  6.9 ±  0.3 ms - Add child
150.7 ±  1.5 ms - Hash
109.4 ± 39.3 ms - Map
 42.8 ±  0.7 ms - getState
0.0861638
0.094198
0.183927
1073.4 ±  0.0 ms - Total time
818.1 ±  0.0 ms - Build f time
 50.0 ±  0.8 ms - Apply f time
648.4 ±  5.6 ms - Real f time 
206.8 ±  6.1 ms - Add time
  8.9 ±  0.3 ms - Find child
 11.4 ±  0.4 ms - Add child
190.8 ±  1.6 ms - Hash
126.4 ± 39.3 ms - Map
 67.0 ±  1.2 ms - getState
0.0730956
0.0796181
0.166963
1240.5 ±  0.0 ms - Total time
891.2 ±  0.0 ms - Build f time
 67.2 ±  1.0 ms - Apply f time
717.3 ±  5.8 ms - Real f time 
265.6 ± 17.6 ms - Add time
 13.1 ±  0.4 ms - Find child
 17.3 ±  0.5 ms - Add child
220.5 ±  1.7 ms - Hash
142.4 ± 39.3 ms - Map
 92.1 ±  1.2 ms - getState
0.0880787
0.0961299
0.185462
1426.0 ±  0.0 ms - Total time
979.3 ±  0.0 ms - Build f time
 82.9 ±  1.0 ms - Apply f time
795.4 ±  6.0 ms - Real f time 
308.0 ± 17.7 ms - Add time
 16.7 ±  0.5 ms - Find child
 22.8 ±  0.6 ms - Add child
259.0 ±  1.8 ms - Hash
162.1 ± 39.4 ms - Map
113.3 ±  1.3 ms - getState
0.0936001
0.101889
0.196139
1622.2 ±  0.0 ms - Total time
1072.9 ±  0.0 ms - Build f time
 99.2 ±  1.4 ms - Apply f time
877.4 ±  6.2 ms - Real f time 
360.9 ± 18.9 ms - Add time
 20.3 ±  0.5 ms - Find child
 28.0 ±  0.7 ms - Add child
298.0 ±  1.9 ms - Hash
182.7 ± 39.4 ms - Map
136.8 ±  1.4 ms - getState
0.0741297
0.0807269
0.15268
1774.9 ±  0.0 ms - Total time
1147.0 ±  0.0 ms - Build f time
112.0 ±  1.5 ms - Apply f time
945.4 ±  6.4 ms - Real f time 
396.3 ± 18.9 ms - Add time
 23.9 ±  0.6 ms - Find child
 32.6 ±  0.7 ms - Add child
327.7 ±  1.9 ms - Hash
201.7 ± 39.3 ms - Map
154.2 ±  1.4 ms - getState
0.12941
0.140485
0.277388
2052.3 ±  0.0 ms - Total time
1276.4 ±  0.0 ms - Build f time
132.3 ±  1.6 ms - Apply f time
1056.7 ±  7.0 ms - Real f time 
512.0 ± 44.3 ms - Add time
 28.3 ±  0.6 ms - Find child
 38.9 ±  0.8 ms - Add child
387.7 ±  2.0 ms - Hash
227.9 ± 39.3 ms - Map
188.7 ±  1.5 ms - getState
Dag sizes: 105636 116098 107659 106393 117003 106490 137897 
brutePieces time: 1.3562
107.5 ±  0.0 ms - Piece loop time
 64.5 ± 37.0 ms - Set time
 75.3 ±  1.6 ms - Child looking time
Nodes:  797176
Pieces: 113594
makePieces time: 0.108878
Memory: 14.1 + 30.1 + 25.5 + 42.1 + 7.4 MB
 39.1 ±  3.8 ms - Greedy fill time
composePieces time: 2.51362
                                                                                