Running only task # 308
Using max depth 33
 |                                        | 0 / 416 (0.0%)Function count: 142
0.103098
0.115309
0.101403
0.112552
0.0734799
0.0818904
0.101003
0.112232
0.101611
0.112765
0.0772927
0.0849463
0.104668
0.116051
 34.2 ±  0.0 ms - Piece loop time
 49.3 ± 42.2 ms - Set time
 27.4 ±  1.2 ms - Child looking time
0.102928
0.114178
0.173452
909.4 ±  0.0 ms - Total time
765.5 ±  0.0 ms - Build f time
 41.4 ±  0.7 ms - Apply f time
678.4 ±  4.4 ms - Real f time 
173.9 ± 14.2 ms - Add time
  5.7 ±  0.3 ms - Find child
  9.4 ±  1.1 ms - Add child
114.4 ±  1.1 ms - Hash
114.4 ± 37.5 ms - Map
 41.7 ±  0.6 ms - getState
0.102754
0.114105
0.175437
1084.9 ±  0.0 ms - Total time
868.2 ±  0.0 ms - Build f time
 56.0 ±  0.8 ms - Apply f time
775.9 ±  4.6 ms - Real f time 
211.9 ± 14.2 ms - Add time
  9.6 ±  0.3 ms - Find child
 14.0 ±  1.1 ms - Add child
142.4 ±  1.4 ms - Hash
139.3 ± 37.6 ms - Map
 62.3 ±  1.3 ms - getState
0.0751077
0.0840066
0.129327
1214.3 ±  0.0 ms - Total time
943.3 ±  0.0 ms - Build f time
 67.1 ±  0.9 ms - Apply f time
849.4 ±  4.8 ms - Real f time 
261.1 ± 28.0 ms - Add time
 12.3 ±  0.4 ms - Find child
 17.7 ±  1.2 ms - Add child
162.3 ±  1.5 ms - Hash
156.6 ± 37.6 ms - Map
 74.4 ±  1.3 ms - getState
0.119916
0.131572
0.194722
1409.0 ±  0.0 ms - Total time
1063.3 ±  0.0 ms - Build f time
 81.8 ±  1.0 ms - Apply f time
964.5 ±  5.6 ms - Real f time 
300.4 ± 28.0 ms - Add time
 16.0 ±  0.5 ms - Find child
 22.7 ±  1.2 ms - Add child
191.2 ±  1.8 ms - Hash
183.4 ± 37.5 ms - Map
 93.2 ±  1.4 ms - getState
0.10451
0.115865
0.179042
1588.1 ±  0.0 ms - Total time
1167.8 ±  0.0 ms - Build f time
 96.5 ±  1.1 ms - Apply f time
1063.8 ±  5.9 ms - Real f time 
339.5 ± 28.0 ms - Add time
 19.6 ±  0.5 ms - Find child
 27.9 ±  1.2 ms - Add child
218.4 ±  1.9 ms - Hash
207.7 ± 37.6 ms - Map
111.3 ±  1.4 ms - getState
0.0772231
0.0848372
0.12452
1712.7 ±  0.0 ms - Total time
1245.0 ±  0.0 ms - Build f time
106.3 ±  1.1 ms - Apply f time
1140.1 ±  6.3 ms - Real f time 
363.4 ± 28.0 ms - Add time
 22.1 ±  0.5 ms - Find child
 31.3 ±  1.2 ms - Add child
238.0 ±  2.0 ms - Hash
223.7 ± 37.5 ms - Map
122.2 ±  1.5 ms - getState
0.107002
0.118824
0.189705
1902.4 ±  0.0 ms - Total time
1352.0 ±  0.0 ms - Build f time
122.3 ±  1.2 ms - Apply f time
1243.3 ±  6.5 ms - Real f time 
403.9 ± 28.0 ms - Add time
 26.3 ±  0.6 ms - Find child
 37.4 ±  1.3 ms - Add child
265.6 ±  2.0 ms - Hash
251.4 ± 37.5 ms - Map
140.8 ±  1.5 ms - getState
Dag sizes: 123536 124002 81825 121109 124586 79009 129065 
brutePieces time: 1.17145
113.4 ±  0.0 ms - Piece loop time
 82.7 ± 51.5 ms - Set time
 71.9 ±  1.6 ms - Child looking time
Nodes:  783132
Pieces: 105143
makePieces time: 0.115217
Memory: 7.4 + 30.7 + 25.1 + 41.9 + 7.0 MB
 15.5 ±  0.5 ms - Greedy fill time
composePieces time: 1.53208
                                                                                