Running only task # 101
Using max depth 33
 |                                        | 0 / 416 (0.0%)Function count: 142
0.0554999
0.0626015
0.0652263
0.0732381
0.0819563
0.0910961
0.0573609
0.0640917
0.0663508
0.0737114
0.0831571
0.0921186
0.08255
0.0919944
 88.1 ±  0.0 ms - Piece loop time
 57.5 ± 42.2 ms - Set time
 70.5 ±  1.7 ms - Child looking time
0.0848166
0.093186
0.180922
730.1 ±  0.0 ms - Total time
576.9 ±  0.0 ms - Build f time
 35.0 ±  0.7 ms - Apply f time
499.1 ±  4.5 ms - Real f time 
189.0 ± 26.8 ms - Add time
  7.1 ±  0.6 ms - Find child
  9.3 ±  1.1 ms - Add child
 97.5 ±  1.1 ms - Hash
138.6 ± 43.9 ms - Map
 43.8 ±  0.9 ms - getState
0.0970639
0.106792
0.208183
938.4 ±  0.0 ms - Total time
674.0 ±  0.0 ms - Build f time
 53.1 ±  0.8 ms - Apply f time
586.6 ±  4.7 ms - Real f time 
240.3 ± 26.8 ms - Add time
 11.8 ±  0.6 ms - Find child
 16.4 ±  1.1 ms - Add child
129.9 ±  1.3 ms - Hash
173.9 ± 43.9 ms - Map
 71.9 ±  1.2 ms - getState
0.154643
0.170399
0.396182
1334.6 ±  0.0 ms - Total time
828.6 ±  0.0 ms - Build f time
 79.7 ±  1.0 ms - Apply f time
726.8 ±  5.7 ms - Real f time 
349.8 ± 26.8 ms - Add time
 18.1 ±  0.7 ms - Find child
 24.7 ±  1.2 ms - Add child
210.3 ±  4.1 ms - Hash
221.7 ± 43.9 ms - Map
132.6 ±  2.1 ms - getState
0.0855917
0.0935413
0.189872
1524.5 ±  0.0 ms - Total time
914.2 ±  0.0 ms - Build f time
 96.7 ±  1.1 ms - Apply f time
802.7 ±  5.9 ms - Real f time 
395.1 ± 26.8 ms - Add time
 22.8 ±  0.7 ms - Find child
 31.1 ±  1.2 ms - Add child
240.8 ±  4.1 ms - Hash
263.7 ± 44.5 ms - Map
159.5 ±  2.2 ms - getState
0.099507
0.110705
0.211796
1736.4 ±  0.0 ms - Total time
1013.7 ±  0.0 ms - Build f time
115.2 ±  1.2 ms - Apply f time
893.0 ±  6.0 ms - Real f time 
448.1 ± 26.8 ms - Add time
 28.2 ±  0.8 ms - Find child
 38.6 ±  1.3 ms - Add child
274.4 ±  4.2 ms - Hash
300.9 ± 44.4 ms - Map
186.4 ±  2.2 ms - getState
0.157749
0.172959
0.398129
2134.5 ±  0.0 ms - Total time
1171.5 ±  0.0 ms - Build f time
141.4 ±  1.3 ms - Apply f time
1032.1 ±  7.2 ms - Real f time 
557.6 ± 26.8 ms - Add time
 33.9 ±  0.8 ms - Find child
 46.4 ±  1.3 ms - Add child
351.5 ±  4.3 ms - Hash
347.2 ± 44.4 ms - Map
243.3 ±  2.3 ms - getState
0.150091
0.164805
0.385679
2520.3 ±  0.0 ms - Total time
1321.6 ±  0.0 ms - Build f time
174.3 ±  3.8 ms - Apply f time
1160.1 ±  7.5 ms - Real f time 
663.5 ± 26.9 ms - Add time
 41.0 ±  0.9 ms - Find child
 55.1 ±  1.3 ms - Add child
429.3 ±  4.8 ms - Hash
399.3 ± 44.5 ms - Map
300.9 ±  2.6 ms - getState
Dag sizes: 153124 173658 219468 157153 174763 222673 230607 
brutePieces time: 1.97667
333.0 ±  0.0 ms - Piece loop time
101.2 ± 19.0 ms - Set time
235.2 ±  2.9 ms - Child looking time
Nodes:  1331446
Pieces: 276611
makePieces time: 0.335055
Memory: 22.3 + 45.1 + 42.6 + 50.7 + 18.5 MB
 29.9 ±  2.1 ms - Greedy fill time
composePieces time: 7.96936
                                                                                