Running only task # 255
Using max depth 3
 |                                        | 0 / 416 (0.0%)Function count: 142
0.116751
0.129059
0.160111
0.175906
0.0993673
0.109647
 28.4 ±  0.0 ms - Piece loop time
 41.5 ± 35.2 ms - Set time
 37.1 ± 16.3 ms - Child looking time
0.117495
0.128962
0.213151
627.9 ±  0.0 ms - Total time
493.7 ±  0.0 ms - Build f time
 34.8 ±  0.8 ms - Apply f time
432.4 ±  7.6 ms - Real f time 
130.6 ± 10.6 ms - Add time
  7.6 ±  0.3 ms - Find child
  9.7 ±  0.4 ms - Add child
 87.9 ±  1.0 ms - Hash
 86.3 ± 36.7 ms - Map
 38.1 ±  0.8 ms - getState
0.169272
0.18562
0.314064
942.0 ±  0.0 ms - Total time
663.0 ±  0.0 ms - Build f time
 64.7 ±  1.0 ms - Apply f time
590.4 ±  8.5 ms - Real f time 
199.3 ± 10.7 ms - Add time
 16.8 ±  0.5 ms - Find child
 22.6 ±  0.6 ms - Add child
140.1 ±  1.2 ms - Hash
126.9 ± 36.8 ms - Map
 73.6 ±  1.2 ms - getState
0.102322
0.112411
0.20431
1146.4 ±  0.0 ms - Total time
765.3 ±  0.0 ms - Build f time
 87.8 ±  1.2 ms - Apply f time
690.6 ±  8.7 ms - Real f time 
245.3 ± 10.8 ms - Add time
 23.3 ±  0.6 ms - Find child
 31.8 ±  0.7 ms - Add child
174.1 ±  1.4 ms - Hash
152.9 ± 36.8 ms - Map
 98.9 ±  2.6 ms - getState
Dag sizes: 139150 193584 146620 
brutePieces time: 0.733724
 81.3 ±  0.0 ms - Piece loop time
 44.9 ± 23.4 ms - Set time
 57.7 ±  1.1 ms - Child looking time
Nodes:  479354
Pieces: 17324
makePieces time: 0.0820349
Memory: 5.9 + 24.6 + 15.3 + 20.3 + 4.1 MB
  0.0 ±  0.0 ms - Greedy fill time
composePieces time: 0.0166795
                                                                                