Running only task # 372
Using max depth 23
 |                                        | 0 / 416 (0.0%)Function count: 142
0.0333868
0.0363385
0.036828
0.0397164
0.0378306
0.0407309
0.0406997
0.0439722
0.0458452
0.0498642
0.0337888
0.0367322
0.0367413
0.0395146
0.0387016
0.0417711
0.0400368
0.0433829
0.0468055
0.0506655
0.0478327
0.0519622
100.4 ±  0.0 ms - Piece loop time
 48.8 ± 39.7 ms - Set time
 84.2 ±  2.1 ms - Child looking time
0.0482513
0.0518055
0.0859929
560.9 ±  0.0 ms - Total time
486.7 ±  0.0 ms - Build f time
 21.5 ±  0.5 ms - Apply f time
420.1 ±  3.1 ms - Real f time 
111.8 ±  6.5 ms - Add time
  5.8 ±  1.8 ms - Find child
  6.0 ±  0.3 ms - Add child
 86.3 ±  1.3 ms - Hash
115.6 ± 44.7 ms - Map
 23.5 ±  0.8 ms - getState
0.05291
0.0572043
0.0927856
653.8 ±  0.0 ms - Total time
539.7 ±  0.0 ms - Build f time
 28.9 ±  0.6 ms - Apply f time
469.7 ±  3.3 ms - Real f time 
131.3 ±  6.5 ms - Add time
  8.5 ±  1.8 ms - Find child
  9.7 ±  0.3 ms - Add child
102.7 ±  1.4 ms - Hash
134.5 ± 44.8 ms - Map
 33.7 ±  0.9 ms - getState
0.0675503
0.0748156
0.132353
786.2 ±  0.0 ms - Total time
607.2 ±  0.0 ms - Build f time
 40.8 ±  0.7 ms - Apply f time
529.3 ±  3.5 ms - Real f time 
160.4 ±  6.6 ms - Add time
 12.1 ±  1.8 ms - Find child
 14.3 ±  0.4 ms - Add child
126.0 ±  1.5 ms - Hash
155.2 ± 44.8 ms - Map
 50.0 ±  1.0 ms - getState
0.0700197
0.0753596
0.136937
923.2 ±  0.0 ms - Total time
677.2 ±  0.0 ms - Build f time
 51.9 ±  0.8 ms - Apply f time
590.7 ±  3.7 ms - Real f time 
191.3 ±  6.6 ms - Add time
 15.6 ±  1.8 ms - Find child
 18.8 ±  0.5 ms - Add child
149.5 ±  1.6 ms - Hash
176.7 ± 44.7 ms - Map
 67.2 ±  1.1 ms - getState
0.0950239
0.101774
0.19476
1118.0 ±  0.0 ms - Total time
772.2 ±  0.0 ms - Build f time
 66.8 ±  0.9 ms - Apply f time
672.8 ±  4.0 ms - Real f time 
238.7 ±  6.7 ms - Add time
 19.2 ±  1.8 ms - Find child
 24.0 ±  0.6 ms - Add child
186.6 ±  1.7 ms - Hash
203.3 ± 44.8 ms - Map
 92.6 ±  1.2 ms - getState
0.0484998
0.0520817
0.0854529
1203.5 ±  0.0 ms - Total time
820.7 ±  0.0 ms - Build f time
 74.0 ±  0.9 ms - Apply f time
716.7 ±  4.2 ms - Real f time 
260.3 ±  7.0 ms - Add time
 21.4 ±  1.8 ms - Find child
 26.9 ±  0.6 ms - Add child
200.9 ±  1.7 ms - Hash
218.0 ± 44.7 ms - Map
102.6 ±  1.6 ms - getState
0.0538136
0.0578585
0.0945792
1298.1 ±  0.0 ms - Total time
874.6 ±  0.0 ms - Build f time
 82.0 ±  1.0 ms - Apply f time
765.5 ±  4.3 ms - Real f time 
280.2 ±  7.1 ms - Add time
 23.9 ±  1.8 ms - Find child
 30.9 ±  0.7 ms - Add child
216.9 ±  1.8 ms - Hash
235.0 ± 44.7 ms - Map
112.2 ±  1.6 ms - getState
0.0671745
0.0724734
0.129951
1428.1 ±  0.0 ms - Total time
941.7 ±  0.0 ms - Build f time
 92.7 ±  1.0 ms - Apply f time
826.6 ±  4.4 ms - Real f time 
309.4 ±  7.1 ms - Add time
 27.0 ±  1.8 ms - Find child
 35.3 ±  0.7 ms - Add child
239.9 ±  1.9 ms - Hash
254.8 ± 44.7 ms - Map
128.1 ±  1.6 ms - getState
0.0731152
0.0782992
0.138981
1567.2 ±  0.0 ms - Total time
1014.8 ±  0.0 ms - Build f time
104.0 ±  1.1 ms - Apply f time
892.0 ±  4.7 ms - Real f time 
340.4 ±  7.1 ms - Add time
 30.3 ±  1.8 ms - Find child
 39.8 ±  0.8 ms - Add child
263.7 ±  2.0 ms - Hash
276.9 ± 44.7 ms - Map
144.6 ±  1.7 ms - getState
0.0959826
0.102756
0.196821
1764.0 ±  0.0 ms - Total time
1110.8 ±  0.0 ms - Build f time
119.1 ±  1.3 ms - Apply f time
976.3 ±  5.1 ms - Real f time 
391.0 ±  8.0 ms - Add time
 34.4 ±  1.9 ms - Find child
 45.0 ±  0.8 ms - Add child
301.8 ±  2.1 ms - Hash
303.6 ± 44.7 ms - Map
169.3 ±  1.8 ms - getState
0.0977973
0.104791
0.205828
1969.9 ±  0.0 ms - Total time
1208.6 ±  0.0 ms - Build f time
136.2 ±  1.4 ms - Apply f time
1063.1 ±  5.6 ms - Real f time 
441.9 ±  8.1 ms - Add time
 38.8 ±  1.9 ms - Find child
 50.8 ±  0.8 ms - Add child
341.4 ±  2.2 ms - Hash
331.3 ± 44.7 ms - Map
196.9 ±  1.8 ms - getState
Dag sizes: 67666 74088 93283 99189 119259 67751 74184 94079 99017 120331 122584 
brutePieces time: 1.5047
313.0 ±  0.0 ms - Piece loop time
 95.4 ± 48.4 ms - Set time
239.9 ±  3.5 ms - Child looking time
Nodes:  1031431
Pieces: 145397
makePieces time: 0.315236
Memory: 12.6 + 44.8 + 33.0 + 62.6 + 14.9 MB
 11.7 ±  0.0 ms - Greedy fill time
composePieces time: 2.11937
                                                                                