Running only task # 403
Using max depth 23
 |                                        | 0 / 416 (0.0%)Function count: 142
0.0318878
0.0341949
0.0453957
0.0488639
0.044033
0.0486676
0.040318
0.0427765
0.0366969
0.0389839
0.0311391
0.0331353
0.0444038
0.0479361
0.0416084
0.044621
0.0360333
0.0386303
0.0372935
0.0400489
0.0416994
0.0441147
 89.6 ±  0.0 ms - Piece loop time
 53.3 ± 41.6 ms - Set time
 67.2 ±  2.3 ms - Child looking time
0.0320163
0.033812
0.0378338
500.2 ±  0.0 ms - Total time
462.5 ±  0.0 ms - Build f time
 13.5 ±  0.4 ms - Apply f time
442.7 ± 22.2 ms - Real f time 
 96.5 ± 15.4 ms - Add time
  2.1 ±  0.2 ms - Find child
  2.8 ±  0.2 ms - Add child
 70.4 ±  0.9 ms - Hash
112.7 ± 42.1 ms - Map
 13.0 ±  0.4 ms - getState
0.045626
0.0489022
0.055676
555.9 ±  0.0 ms - Total time
508.1 ±  0.0 ms - Build f time
 17.1 ±  0.4 ms - Apply f time
485.4 ± 22.2 ms - Real f time 
107.2 ± 15.5 ms - Add time
  3.7 ±  0.7 ms - Find child
  4.2 ±  0.2 ms - Add child
 85.2 ±  5.1 ms - Hash
119.1 ± 42.1 ms - Map
 15.7 ±  0.4 ms - getState
0.0413575
0.0442119
0.0513
607.2 ±  0.0 ms - Total time
549.5 ±  0.0 ms - Build f time
 20.7 ±  0.5 ms - Apply f time
525.3 ± 22.2 ms - Real f time 
115.9 ± 15.5 ms - Add time
  5.0 ±  0.7 ms - Find child
  5.7 ±  0.3 ms - Add child
 93.2 ±  5.1 ms - Hash
126.1 ± 42.1 ms - Map
 18.6 ±  0.5 ms - getState
0.0358871
0.0378325
0.0425151
649.7 ±  0.0 ms - Total time
585.4 ±  0.0 ms - Build f time
 23.9 ±  0.7 ms - Apply f time
560.5 ± 22.2 ms - Real f time 
131.1 ± 17.2 ms - Add time
  5.9 ±  0.7 ms - Find child
  6.8 ±  0.3 ms - Add child
100.6 ±  5.1 ms - Hash
131.2 ± 42.1 ms - Map
 20.4 ±  0.5 ms - getState
0.0389526
0.0411198
0.0465296
696.3 ±  0.0 ms - Total time
624.3 ±  0.0 ms - Build f time
 26.6 ±  0.7 ms - Apply f time
596.2 ± 22.2 ms - Real f time 
138.3 ± 17.2 ms - Add time
  6.9 ±  0.7 ms - Find child
  8.0 ±  0.3 ms - Add child
108.3 ±  5.1 ms - Hash
137.0 ± 42.1 ms - Map
 22.5 ±  0.5 ms - getState
0.0336608
0.0355493
0.0400476
736.3 ±  0.0 ms - Total time
658.0 ±  0.0 ms - Build f time
 28.8 ±  0.7 ms - Apply f time
628.1 ± 22.2 ms - Real f time 
144.3 ± 17.2 ms - Add time
  7.6 ±  0.7 ms - Find child
  8.9 ±  0.3 ms - Add child
114.6 ±  5.1 ms - Hash
179.1 ± 56.3 ms - Map
 24.0 ±  0.5 ms - getState
0.0456561
0.0491847
0.0560678
792.4 ±  0.0 ms - Total time
703.7 ±  0.0 ms - Build f time
 32.6 ±  0.8 ms - Apply f time
671.5 ± 22.2 ms - Real f time 
153.6 ± 17.2 ms - Add time
  8.7 ±  0.7 ms - Find child
 10.2 ±  0.4 ms - Add child
123.6 ±  5.1 ms - Hash
185.9 ± 56.3 ms - Map
 26.9 ±  0.5 ms - getState
0.0426061
0.0454908
0.0525432
845.0 ±  0.0 ms - Total time
746.3 ±  0.0 ms - Build f time
 36.5 ±  0.8 ms - Apply f time
712.0 ± 22.3 ms - Real f time 
161.5 ± 17.2 ms - Add time
  9.7 ±  0.7 ms - Find child
 11.5 ±  0.4 ms - Add child
132.2 ±  5.1 ms - Hash
192.9 ± 56.3 ms - Map
 29.6 ±  0.6 ms - getState
0.0366633
0.0387611
0.0438592
888.9 ±  0.0 ms - Total time
782.9 ±  0.0 ms - Build f time
 39.2 ±  0.8 ms - Apply f time
746.2 ± 22.3 ms - Real f time 
170.3 ± 17.3 ms - Add time
 10.8 ±  0.7 ms - Find child
 12.7 ±  0.4 ms - Add child
139.8 ±  5.1 ms - Hash
199.3 ± 56.3 ms - Map
 31.5 ±  0.6 ms - getState
0.0370038
0.039138
0.0443701
933.3 ±  0.0 ms - Total time
819.9 ±  0.0 ms - Build f time
 41.8 ±  0.9 ms - Apply f time
780.7 ± 22.3 ms - Real f time 
176.5 ± 17.3 ms - Add time
 11.7 ±  0.7 ms - Find child
 13.7 ±  0.4 ms - Add child
147.4 ±  5.1 ms - Hash
205.4 ± 56.2 ms - Map
 33.3 ±  0.6 ms - getState
0.0414898
0.043714
0.0502692
983.5 ±  0.0 ms - Total time
861.4 ±  0.0 ms - Build f time
 44.8 ±  0.9 ms - Apply f time
818.5 ± 22.3 ms - Real f time 
187.6 ± 17.6 ms - Add time
 12.9 ±  0.7 ms - Find child
 15.1 ±  0.4 ms - Add child
156.1 ±  5.2 ms - Hash
211.6 ± 56.2 ms - Map
 35.2 ±  0.6 ms - getState
Dag sizes: 16836 27600 27074 20610 21650 16845 27535 27024 20656 21642 24659 
brutePieces time: 0.528631
 99.2 ±  0.0 ms - Piece loop time
 48.6 ± 40.9 ms - Set time
 84.6 ±  1.8 ms - Child looking time
Nodes:  252131
Pieces: 6441
makePieces time: 0.10018
Memory: 1.4 + 23.3 + 8.1 + 50.2 + 3.6 MB
  0.8 ±  0.0 ms - Greedy fill time
composePieces time: 0.0502903
                                                                                