Running only task # 144
Using max depth 33
 |                                        | 0 / 416 (0.0%)Function count: 142
0.0398515
0.0431863
0.060252
0.0656214
0.0667098
0.0737253
0.0428594
0.0468328
0.0639724
0.0690488
0.0669941
0.0733083
0.059028
0.0642633
 42.2 ±  0.0 ms - Piece loop time
 47.2 ± 41.3 ms - Set time
 35.1 ±  1.2 ms - Child looking time
0.0366664
0.0395367
0.0570251
493.3 ±  0.0 ms - Total time
436.3 ±  0.0 ms - Build f time
 18.3 ±  0.5 ms - Apply f time
393.4 ±  3.7 ms - Real f time 
 77.8 ±  1.5 ms - Add time
  2.9 ±  0.2 ms - Find child
  3.9 ±  0.2 ms - Add child
 61.9 ±  0.8 ms - Hash
107.1 ± 63.3 ms - Map
 18.0 ±  0.4 ms - getState
0.0582722
0.0632973
0.0946316
587.9 ±  0.0 ms - Total time
494.6 ±  0.0 ms - Build f time
 27.3 ±  0.6 ms - Apply f time
453.6 ±  3.9 ms - Real f time 
 97.7 ±  1.6 ms - Add time
  5.1 ±  0.3 ms - Find child
  7.4 ±  0.3 ms - Add child
 77.3 ±  0.9 ms - Hash
116.5 ± 63.4 ms - Map
 28.0 ±  0.8 ms - getState
0.0663102
0.0724756
0.112334
700.3 ±  0.0 ms - Total time
560.9 ±  0.0 ms - Build f time
 38.0 ±  0.7 ms - Apply f time
520.3 ±  4.1 ms - Real f time 
122.3 ±  1.7 ms - Add time
  8.3 ±  0.3 ms - Find child
 18.6 ±  7.0 ms - Add child
 95.7 ±  1.0 ms - Hash
127.5 ± 63.4 ms - Map
 39.3 ±  0.8 ms - getState
0.038655
0.041804
0.0635393
763.9 ±  0.0 ms - Total time
599.6 ±  0.0 ms - Build f time
 43.9 ±  0.8 ms - Apply f time
559.0 ±  4.2 ms - Real f time 
137.0 ±  1.8 ms - Add time
 10.2 ±  0.4 ms - Find child
 21.0 ±  7.0 ms - Add child
106.9 ±  1.1 ms - Hash
135.1 ± 63.5 ms - Map
 44.5 ±  0.9 ms - getState
0.062166
0.0669628
0.0958742
859.8 ±  0.0 ms - Total time
661.7 ±  0.0 ms - Build f time
 51.6 ±  0.8 ms - Apply f time
620.2 ±  4.4 ms - Real f time 
156.1 ±  1.9 ms - Add time
 12.4 ±  0.4 ms - Find child
 24.5 ±  7.0 ms - Add child
121.9 ±  1.2 ms - Hash
145.1 ± 63.5 ms - Map
 52.4 ±  0.9 ms - getState
0.065581
0.0716563
0.110772
970.6 ±  0.0 ms - Total time
727.3 ±  0.0 ms - Build f time
 62.3 ±  0.9 ms - Apply f time
685.4 ±  4.5 ms - Real f time 
180.3 ±  2.2 ms - Add time
 15.2 ±  0.4 ms - Find child
 28.5 ±  7.0 ms - Add child
139.1 ±  1.3 ms - Hash
157.5 ± 63.5 ms - Map
 63.6 ±  1.0 ms - getState
0.0581675
0.063289
0.0970057
1067.6 ±  0.0 ms - Total time
785.5 ±  0.0 ms - Build f time
 71.3 ±  1.0 ms - Apply f time
743.9 ±  4.6 ms - Real f time 
200.9 ±  2.3 ms - Add time
 18.1 ±  0.5 ms - Find child
 32.4 ±  7.0 ms - Add child
155.2 ±  1.4 ms - Hash
167.0 ± 63.4 ms - Map
 73.0 ±  1.0 ms - getState
Dag sizes: 41318 76020 89373 45552 65632 87061 75440 
brutePieces time: 0.636065
137.3 ±  0.0 ms - Piece loop time
 59.7 ± 36.1 ms - Set time
108.3 ±  1.7 ms - Child looking time
Nodes:  480396
Pieces: 108453
makePieces time: 0.138647
Memory: 4.1 + 23.0 + 15.4 + 37.0 + 7.5 MB
 40.6 ±  4.9 ms - Greedy fill time
composePieces time: 1.20246
                                                                                