Running only task # 383
Using max depth 33
 |                                        | 0 / 416 (0.0%)Function count: 142
0.0375644
0.0410757
0.0580753
0.0633701
0.0481318
0.0529397
0.035651
0.039003
0.058065
0.0634815
0.0471879
0.0516779
0.0765416
0.0805964
 32.4 ±  0.0 ms - Piece loop time
 41.1 ± 35.0 ms - Set time
 25.8 ±  1.2 ms - Child looking time
0.0386788
0.0420309
0.0634961
455.8 ±  0.0 ms - Total time
399.9 ±  0.0 ms - Build f time
 17.9 ±  0.4 ms - Apply f time
345.4 ±  8.3 ms - Real f time 
 81.2 ±  2.1 ms - Add time
  4.1 ±  0.2 ms - Find child
  5.1 ±  0.3 ms - Add child
 69.0 ±  1.1 ms - Hash
 88.8 ± 38.9 ms - Map
 16.9 ±  0.4 ms - getState
0.0581101
0.063158
0.111773
567.7 ±  0.0 ms - Total time
458.0 ±  0.0 ms - Build f time
 28.9 ±  0.6 ms - Apply f time
403.2 ±  8.4 ms - Real f time 
107.1 ±  2.3 ms - Add time
  7.3 ±  0.3 ms - Find child
 10.1 ±  0.4 ms - Add child
 90.6 ±  1.2 ms - Hash
102.1 ± 38.9 ms - Map
 29.3 ±  0.5 ms - getState
0.0490156
0.0531938
0.0912298
658.9 ±  0.0 ms - Total time
507.0 ±  0.0 ms - Build f time
 38.8 ±  0.7 ms - Apply f time
450.0 ±  8.4 ms - Real f time 
127.6 ±  2.4 ms - Add time
 10.2 ±  0.4 ms - Find child
 14.3 ±  0.4 ms - Add child
106.4 ±  1.3 ms - Hash
116.1 ± 38.9 ms - Map
 38.9 ±  0.6 ms - getState
0.0387807
0.0421214
0.0665867
725.6 ±  0.0 ms - Total time
545.8 ±  0.0 ms - Build f time
 46.4 ±  0.7 ms - Apply f time
487.4 ±  8.5 ms - Real f time 
143.1 ±  2.6 ms - Add time
 12.8 ±  0.4 ms - Find child
 17.6 ±  0.5 ms - Add child
117.9 ±  1.4 ms - Hash
127.9 ± 39.0 ms - Map
 44.6 ±  0.6 ms - getState
0.0703951
0.0770712
0.136607
862.2 ±  0.0 ms - Total time
616.2 ±  0.0 ms - Build f time
 60.5 ±  1.0 ms - Apply f time
554.2 ±  8.6 ms - Real f time 
174.3 ±  2.7 ms - Add time
 16.8 ±  0.5 ms - Find child
 23.0 ±  0.6 ms - Add child
140.8 ±  1.5 ms - Hash
148.9 ± 39.0 ms - Map
 59.4 ±  0.7 ms - getState
0.0515702
0.0561817
0.0979969
960.3 ±  0.0 ms - Total time
667.8 ±  0.0 ms - Build f time
 70.6 ±  1.0 ms - Apply f time
604.6 ±  8.6 ms - Real f time 
195.8 ±  2.7 ms - Add time
 20.0 ±  0.5 ms - Find child
 27.4 ±  0.6 ms - Add child
157.9 ±  1.6 ms - Hash
166.1 ± 38.9 ms - Map
 69.1 ±  0.8 ms - getState
0.0830326
0.087186
0.154316
1114.7 ±  0.0 ms - Total time
750.8 ±  0.0 ms - Build f time
 80.8 ±  1.1 ms - Apply f time
674.2 ±  8.7 ms - Real f time 
229.9 ±  2.9 ms - Add time
 23.1 ±  0.5 ms - Find child
 31.1 ±  0.7 ms - Add child
188.8 ±  1.6 ms - Hash
183.9 ± 38.9 ms - Map
 84.8 ±  0.9 ms - getState
Dag sizes: 57285 93974 83491 57542 92084 86675 89095 
brutePieces time: 0.727612
157.8 ±  0.0 ms - Piece loop time
 75.8 ± 46.3 ms - Set time
110.0 ±  1.9 ms - Child looking time
Nodes:  560146
Pieces: 88482
makePieces time: 0.159388
Memory: 4.7 + 27.1 + 17.9 + 38.3 + 6.4 MB
  8.9 ±  0.8 ms - Greedy fill time
composePieces time: 0.940149
                                                                                