Running only task # 368
Using max depth 3
 |                                        | 0 / 416 (0.0%)Function count: 142
0.023507
0.0252349
0.0251052
0.0272453
0.031485
0.0344485
0.0344068
0.0370824
 26.9 ±  0.0 ms - Piece loop time
 51.6 ± 47.1 ms - Set time
 22.1 ±  0.8 ms - Child looking time
0.0367613
0.0389044
0.0628071
186.9 ±  0.0 ms - Total time
151.3 ±  0.0 ms - Build f time
  9.3 ±  0.4 ms - Apply f time
131.0 ±  1.9 ms - Real f time 
 38.8 ±  1.3 ms - Add time
  2.6 ±  0.2 ms - Find child
  3.0 ±  0.2 ms - Add child
 30.2 ±  0.6 ms - Hash
122.2 ± 68.7 ms - Map
 10.6 ±  1.0 ms - getState
0.0486861
0.0517534
0.0933391
280.3 ±  0.0 ms - Total time
199.9 ±  0.0 ms - Build f time
 17.1 ±  0.5 ms - Apply f time
173.7 ±  2.2 ms - Real f time 
 60.4 ±  1.4 ms - Add time
  4.9 ±  0.2 ms - Find child
  5.7 ±  0.3 ms - Add child
 47.5 ±  0.7 ms - Hash
135.0 ± 68.6 ms - Map
 21.9 ±  1.1 ms - getState
0.0880007
0.0946196
0.17614
456.5 ±  0.0 ms - Total time
287.9 ±  0.0 ms - Build f time
 29.3 ±  0.6 ms - Apply f time
250.1 ±  3.0 ms - Real f time 
102.6 ±  1.8 ms - Add time
  7.9 ±  0.4 ms - Find child
  9.2 ±  0.3 ms - Add child
 82.6 ±  1.0 ms - Hash
153.0 ± 68.6 ms - Map
 45.3 ±  1.2 ms - getState
0.0762103
0.0811588
0.152653
609.2 ±  0.0 ms - Total time
364.2 ±  0.0 ms - Build f time
 42.9 ±  1.9 ms - Apply f time
316.8 ±  3.4 ms - Real f time 
138.7 ±  2.0 ms - Add time
 11.2 ±  0.4 ms - Find child
 13.0 ±  0.4 ms - Add child
112.5 ±  1.1 ms - Hash
172.8 ± 68.7 ms - Map
 65.1 ±  1.3 ms - getState
Dag sizes: 54605 68851 80846 89833 
brutePieces time: 0.488429
 89.4 ±  0.0 ms - Piece loop time
 70.6 ± 46.5 ms - Set time
 62.0 ±  1.1 ms - Child looking time
Nodes:  294135
Pieces: 101694
makePieces time: 0.0907112
Memory: 4.9 + 13.1 + 9.4 + 21.5 + 4.1 MB
  1.9 ±  0.0 ms - Greedy fill time
composePieces time: 0.282091
                                                                                