Running only task # 83
Using max depth 3
 |                                        | 0 / 416 (0.0%)Function count: 142
0.0212301
0.0231096
0.0257342
0.0282126
0.0276957
0.0303938
0.0277266
0.0305884
 22.8 ±  0.0 ms - Piece loop time
 47.8 ± 44.8 ms - Set time
 18.6 ±  0.7 ms - Child looking time
0.0339252
0.0363976
0.0628063
175.2 ±  0.0 ms - Total time
136.3 ±  0.0 ms - Build f time
 10.5 ±  0.3 ms - Apply f time
134.8 ±  4.5 ms - Real f time 
 46.4 ±  5.7 ms - Add time
  3.6 ±  0.2 ms - Find child
  4.0 ±  0.2 ms - Add child
 27.0 ±  0.6 ms - Hash
109.0 ± 62.4 ms - Map
 10.4 ±  0.3 ms - getState
0.0406406
0.0443392
0.0761579
251.4 ±  0.0 ms - Total time
176.9 ±  0.0 ms - Build f time
 18.9 ±  0.5 ms - Apply f time
176.3 ±  4.6 ms - Real f time 
 64.8 ±  5.7 ms - Add time
  6.9 ±  0.3 ms - Find child
  8.4 ±  0.3 ms - Add child
 39.5 ±  0.7 ms - Hash
121.5 ± 62.3 ms - Map
 19.1 ±  0.4 ms - getState
0.0448992
0.0482496
0.0825417
334.0 ±  0.0 ms - Total time
221.8 ±  0.0 ms - Build f time
 28.5 ±  0.6 ms - Apply f time
221.7 ±  4.7 ms - Real f time 
 83.7 ±  5.8 ms - Add time
 10.3 ±  0.4 ms - Find child
 13.0 ±  0.4 ms - Add child
 54.2 ±  1.2 ms - Hash
134.9 ± 62.4 ms - Map
 28.4 ±  0.5 ms - getState
0.0453835
0.049177
0.0852429
419.3 ±  0.0 ms - Total time
267.2 ±  0.0 ms - Build f time
 37.9 ±  0.6 ms - Apply f time
267.4 ±  4.7 ms - Real f time 
105.2 ±  6.0 ms - Add time
 13.5 ±  0.4 ms - Find child
 17.4 ±  0.5 ms - Add child
 68.6 ±  1.3 ms - Hash
147.0 ± 62.4 ms - Map
 37.6 ±  0.6 ms - getState
Dag sizes: 66936 78786 82277 85371 
brutePieces time: 0.31021
 69.0 ±  0.0 ms - Piece loop time
 60.7 ± 45.0 ms - Set time
 50.2 ±  1.0 ms - Child looking time
Nodes:  313370
Pieces: 98484
makePieces time: 0.0702677
Memory: 1.9 + 15.4 + 10.0 + 21.8 + 4.2 MB
  0.3 ±  0.0 ms - Greedy fill time
composePieces time: 0.131621
                                                                                