Running only task # 248
Using max depth 23
 |                                        | 0 / 416 (0.0%)Function count: 142
0.208775
0.237638
0.22083
0.248751
0.252269
0.285835
0.200868
0.226512
0.209657
0.236058
0.247007
0.276542
0.22723
0.25477
 80.1 ±  0.0 ms - Piece loop time
 33.3 ± 17.0 ms - Set time
 58.8 ±  1.7 ms - Child looking time
0.204491
0.230034
0.528151
2294.7 ±  0.0 ms - Total time
1771.1 ±  0.0 ms - Build f time
114.0 ±  1.5 ms - Apply f time
1401.0 ± 10.3 ms - Real f time 
478.4 ±  5.5 ms - Add time
 16.5 ±  0.5 ms - Find child
 23.7 ±  0.6 ms - Add child
319.7 ±  2.0 ms - Hash
268.1 ± 41.1 ms - Map
139.3 ±  1.4 ms - getState
0.21964
0.246704
0.565544
2860.3 ±  0.0 ms - Total time
1990.8 ±  0.0 ms - Build f time
167.9 ±  1.9 ms - Apply f time
1608.8 ± 10.7 ms - Real f time 
624.2 ±  5.7 ms - Add time
 30.2 ±  0.6 ms - Find child
 42.5 ±  0.8 ms - Add child
425.6 ±  2.7 ms - Hash
351.5 ± 42.2 ms - Map
219.0 ±  1.9 ms - getState
0.240307
0.270008
0.607922
3468.3 ±  0.0 ms - Total time
2231.1 ±  0.0 ms - Build f time
224.2 ±  2.3 ms - Apply f time
1839.8 ± 12.0 ms - Real f time 
784.2 ±  6.0 ms - Add time
 44.2 ±  0.7 ms - Find child
 63.3 ±  1.5 ms - Add child
538.1 ±  2.9 ms - Hash
429.9 ± 42.2 ms - Map
302.5 ±  2.1 ms - getState
0.207231
0.232502
0.518925
3987.2 ±  0.0 ms - Total time
2438.3 ±  0.0 ms - Build f time
270.6 ±  2.4 ms - Apply f time
2037.6 ± 12.5 ms - Real f time 
919.0 ±  6.4 ms - Add time
 56.2 ±  0.9 ms - Find child
 81.1 ±  1.7 ms - Add child
634.9 ±  3.1 ms - Hash
498.2 ± 42.2 ms - Map
374.5 ±  2.8 ms - getState
0.215482
0.241929
0.565765
4553.0 ±  0.0 ms - Total time
2653.8 ±  0.0 ms - Build f time
327.3 ±  3.7 ms - Apply f time
2253.3 ± 18.9 ms - Real f time 
1069.5 ±  6.7 ms - Add time
 69.8 ±  1.0 ms - Find child
 99.6 ±  1.7 ms - Add child
738.4 ±  3.3 ms - Hash
569.3 ± 42.3 ms - Map
452.3 ±  3.0 ms - getState
0.242888
0.272265
0.608351
5161.4 ±  0.0 ms - Total time
2896.7 ±  0.0 ms - Build f time
383.1 ±  3.8 ms - Apply f time
2477.3 ± 19.2 ms - Real f time 
1226.9 ±  7.0 ms - Add time
 84.0 ±  1.1 ms - Find child
118.3 ±  1.8 ms - Add child
853.2 ±  4.5 ms - Hash
648.2 ± 42.3 ms - Map
532.5 ±  3.1 ms - getState
0.229817
0.257245
0.577405
5738.9 ±  0.0 ms - Total time
3126.5 ±  0.0 ms - Build f time
441.4 ±  4.8 ms - Apply f time
2693.8 ± 19.5 ms - Real f time 
1383.5 ±  8.6 ms - Add time
 97.1 ±  1.2 ms - Find child
136.8 ±  1.9 ms - Add child
962.8 ±  5.1 ms - Hash
726.0 ± 42.3 ms - Map
609.9 ±  3.2 ms - getState
Dag sizes: 372992 411090 425027 369780 407381 422097 401605 
brutePieces time: 3.9763
348.6 ±  0.0 ms - Piece loop time
147.7 ± 41.8 ms - Set time
231.9 ± 14.0 ms - Child looking time
Nodes:  2809972
Pieces: 384948
makePieces time: 0.351366
Memory: 45.5 + 95.6 + 89.9 + 74.3 + 24.9 MB
139.7 ± 26.0 ms - Greedy fill time
composePieces time: 14.5472
                                                                                