Running only task # 36
Using max depth 4
 |                                        | 0 / 416 (0.0%)Function count: 142
0.0733026
0.081441
0.0997473
0.111037
0.168535
0.189685
0.178673
0.201306
0.187884
0.21171
 37.3 ±  0.0 ms - Piece loop time
 48.6 ± 39.7 ms - Set time
 27.8 ±  1.1 ms - Child looking time
1.79075
1.98812
2.41398
3209.4 ±  0.0 ms - Total time
2498.9 ±  0.0 ms - Build f time
174.8 ±  1.7 ms - Apply f time
2243.5 ± 10.3 ms - Real f time 
499.4 ±  9.4 ms - Add time
 43.3 ±  0.9 ms - Find child
 58.5 ±  1.0 ms - Add child
412.2 ±  2.4 ms - Hash
506.7 ± 44.3 ms - Map
189.3 ±  1.4 ms - getState
2.73645
3.06084
3.79699
7006.4 ±  0.0 ms - Total time
5235.3 ±  0.0 ms - Build f time
409.1 ±  2.8 ms - Apply f time
4747.2 ± 15.2 ms - Real f time 
1110.6 ± 17.0 ms - Add time
106.2 ±  1.2 ms - Find child
143.6 ±  1.5 ms - Add child
896.5 ±  3.4 ms - Hash
1107.0 ± 44.7 ms - Map
473.7 ±  2.6 ms - getState
4.4198
4.9701
6.23003
13236.5 ±  0.0 ms - Total time
9655.1 ±  0.0 ms - Build f time
825.0 ± 44.3 ms - Apply f time
8715.9 ± 21.6 ms - Real f time 
2113.2 ± 24.6 ms - Add time
190.5 ±  1.6 ms - Find child
270.4 ±  2.3 ms - Add child
1685.1 ±  4.6 ms - Hash
1946.9 ± 50.3 ms - Map
965.2 ±  3.7 ms - getState
5.53796
6.22687
7.66274
20899.2 ±  0.0 ms - Total time
15193.1 ±  0.0 ms - Build f time
1266.1 ± 46.7 ms - Apply f time
13765.8 ± 35.4 ms - Real f time 
3381.9 ± 54.5 ms - Add time
285.2 ±  2.0 ms - Find child
403.3 ±  2.7 ms - Add child
2676.7 ±  6.8 ms - Hash
2758.7 ± 51.3 ms - Map
1585.6 ± 12.6 ms - getState
5.8092
6.54936
8.08183
28981.1 ±  0.0 ms - Total time
21002.3 ±  0.0 ms - Build f time
1739.4 ± 49.0 ms - Apply f time
18981.8 ± 38.9 ms - Real f time 
5508.6 ± 781.2 ms - Add time
377.0 ±  2.3 ms - Find child
541.9 ±  3.1 ms - Add child
3741.5 ± 16.0 ms - Hash
3563.2 ± 51.8 ms - Map
2246.4 ± 13.9 ms - getState
Dag sizes: 1057406 1637912 2342155 2451472 2538056 
brutePieces time: 28.1877
3172.6 ±  0.0 ms - Piece loop time
898.7 ± 20.8 ms - Set time
2125.9 ± 12.1 ms - Child looking time
Nodes:  10027001
Pieces: 15
makePieces time: 3.17319
Memory: 162.0 + 583.5 + 320.9 + 235.9 + 103.7 MB
 21.5 ±  0.0 ms - Greedy fill time
composePieces time: 0.160132
                                                                                