Running only task # 411
Using max depth 3
 |                                        | 0 / 416 (0.0%)Function count: 142
0.120594
0.131743
0.114669
0.125603
0.146939
0.15962
0.146442
0.160242
 26.8 ±  0.0 ms - Piece loop time
 57.7 ± 50.5 ms - Set time
 17.6 ±  0.8 ms - Child looking time
0.117296
0.128268
0.232773
810.1 ±  0.0 ms - Total time
645.9 ±  0.0 ms - Build f time
 33.9 ±  0.7 ms - Apply f time
509.0 ±  4.5 ms - Real f time 
152.6 ±  1.9 ms - Add time
  5.9 ±  0.3 ms - Find child
  7.9 ±  0.3 ms - Add child
136.3 ±  1.1 ms - Hash
116.7 ± 45.6 ms - Map
 43.8 ±  0.6 ms - getState
0.123763
0.134566
0.243599
1053.7 ±  0.0 ms - Total time
769.7 ±  0.0 ms - Build f time
 53.2 ±  0.9 ms - Apply f time
617.3 ±  4.9 ms - Real f time 
207.6 ±  2.2 ms - Add time
 10.4 ±  0.4 ms - Find child
 14.2 ±  0.4 ms - Add child
182.6 ±  1.3 ms - Hash
145.8 ± 45.7 ms - Map
 71.8 ±  0.8 ms - getState
0.139914
0.156625
0.292933
1346.7 ±  0.0 ms - Total time
909.6 ±  0.0 ms - Build f time
 74.4 ±  1.1 ms - Apply f time
734.9 ±  5.3 ms - Real f time 
273.8 ±  2.5 ms - Add time
 15.2 ±  0.4 ms - Find child
 20.5 ±  0.5 ms - Add child
241.6 ±  1.5 ms - Hash
177.6 ± 45.7 ms - Map
107.9 ±  1.0 ms - getState
0.14598
0.159943
0.307515
1654.2 ±  0.0 ms - Total time
1055.6 ±  0.0 ms - Build f time
 98.7 ±  2.0 ms - Apply f time
856.7 ±  5.7 ms - Real f time 
351.7 ±  3.6 ms - Add time
 20.4 ±  0.5 ms - Find child
 27.7 ±  0.6 ms - Add child
305.5 ±  1.6 ms - Hash
210.0 ± 45.7 ms - Map
161.3 ± 15.8 ms - getState
Dag sizes: 148361 146223 165252 172020 
brutePieces time: 1.08014
 94.1 ±  0.0 ms - Piece loop time
 70.5 ± 40.6 ms - Set time
 57.9 ±  1.7 ms - Child looking time
Nodes:  631856
Pieces: 138580
makePieces time: 0.0953744
Memory: 10.9 + 22.9 + 20.2 + 26.9 + 5.8 MB
  4.6 ±  0.0 ms - Greedy fill time
composePieces time: 0.533856
                                                                                