Running only task # 342
Using max depth 33
 |                                        | 0 / 416 (0.0%)Function count: 142
0.0250427
0.0269511
0.0246823
0.0265206
0.0250034
0.0269067
0.0266837
0.0284723
0.0275124
0.0293085
0.0241001
0.0258979
0.0245103
0.0266774
0.0246233
0.0264146
0.0271314
0.0289585
0.0274665
0.0292769
0.0294421
0.0313261
 28.9 ±  0.0 ms - Piece loop time
 37.7 ± 34.7 ms - Set time
 24.8 ±  1.3 ms - Child looking time
0.0238856
0.0255301
0.033992
340.9 ±  0.0 ms - Total time
310.1 ±  0.0 ms - Build f time
 10.7 ±  0.3 ms - Apply f time
285.5 ±  2.3 ms - Real f time 
 60.0 ±  2.8 ms - Add time
  1.9 ±  0.2 ms - Find child
  2.1 ±  0.2 ms - Add child
 46.0 ±  0.7 ms - Hash
 70.3 ± 40.0 ms - Map
 10.3 ±  0.3 ms - getState
0.0246254
0.0267927
0.036139
377.1 ±  0.0 ms - Total time
334.7 ±  0.0 ms - Build f time
 13.8 ±  0.4 ms - Apply f time
309.7 ±  2.4 ms - Real f time 
 66.8 ±  2.8 ms - Add time
  2.8 ±  0.2 ms - Find child
  3.4 ±  0.2 ms - Add child
 51.8 ±  0.8 ms - Hash
 74.9 ± 40.0 ms - Map
 12.8 ±  0.4 ms - getState
0.0246527
0.0262996
0.0350464
412.2 ±  0.0 ms - Total time
359.4 ±  0.0 ms - Build f time
 16.9 ±  0.4 ms - Apply f time
333.5 ±  2.5 ms - Real f time 
 73.7 ±  2.8 ms - Add time
  3.6 ±  0.2 ms - Find child
  4.5 ±  0.2 ms - Add child
 58.6 ±  0.8 ms - Hash
 78.4 ± 40.0 ms - Map
 15.3 ±  0.4 ms - getState
0.0268668
0.0287504
0.0393925
451.6 ±  0.0 ms - Total time
386.2 ±  0.0 ms - Build f time
 20.3 ±  0.5 ms - Apply f time
360.4 ±  2.6 ms - Real f time 
 81.6 ±  2.9 ms - Add time
  4.6 ±  0.2 ms - Find child
  5.8 ±  0.3 ms - Add child
 65.4 ±  0.9 ms - Hash
 82.3 ± 40.1 ms - Map
 18.2 ±  0.4 ms - getState
0.0281135
0.0299138
0.0409662
492.6 ±  0.0 ms - Total time
414.3 ±  0.0 ms - Build f time
 23.3 ±  0.5 ms - Apply f time
391.1 ±  3.6 ms - Real f time 
 89.6 ±  2.9 ms - Add time
  5.5 ±  0.3 ms - Find child
  7.3 ±  0.3 ms - Add child
 72.3 ±  0.9 ms - Hash
 87.4 ± 40.1 ms - Map
 21.3 ±  0.5 ms - getState
0.0241356
0.0259511
0.034982
527.6 ±  0.0 ms - Total time
438.5 ±  0.0 ms - Build f time
 26.2 ±  0.6 ms - Apply f time
416.5 ±  3.6 ms - Real f time 
 98.3 ±  3.3 ms - Add time
  6.4 ±  0.3 ms - Find child
  8.4 ±  0.3 ms - Add child
 78.0 ±  0.9 ms - Hash
 91.7 ± 40.1 ms - Map
 23.6 ±  0.5 ms - getState
0.0257607
0.0277766
0.037299
564.9 ±  0.0 ms - Total time
464.2 ±  0.0 ms - Build f time
 29.3 ±  0.6 ms - Apply f time
443.1 ±  3.9 ms - Real f time 
107.7 ±  3.9 ms - Add time
  7.2 ±  0.3 ms - Find child
  9.6 ±  0.4 ms - Add child
 84.2 ±  1.0 ms - Hash
 96.4 ± 40.1 ms - Map
 26.1 ±  0.5 ms - getState
0.0249854
0.0268262
0.0370453
602.0 ±  0.0 ms - Total time
489.2 ±  0.0 ms - Build f time
 32.3 ±  0.6 ms - Apply f time
467.8 ±  3.9 ms - Real f time 
114.6 ±  4.0 ms - Add time
  8.1 ±  0.3 ms - Find child
 10.7 ±  0.4 ms - Add child
 89.8 ±  1.0 ms - Hash
101.2 ± 40.1 ms - Map
 28.8 ±  0.5 ms - getState
0.0273609
0.0293181
0.0402552
642.3 ±  0.0 ms - Total time
516.6 ±  0.0 ms - Build f time
 35.6 ±  0.6 ms - Apply f time
494.0 ±  4.0 ms - Real f time 
122.1 ±  4.0 ms - Add time
  9.2 ±  0.3 ms - Find child
 12.0 ±  0.4 ms - Add child
 96.0 ±  1.0 ms - Hash
143.2 ± 54.3 ms - Map
 31.7 ±  0.6 ms - getState
0.0273484
0.0292209
0.0402744
682.5 ±  0.0 ms - Total time
543.9 ±  0.0 ms - Build f time
 39.2 ±  0.7 ms - Apply f time
519.9 ±  4.0 ms - Real f time 
129.9 ±  4.0 ms - Add time
 10.2 ±  0.4 ms - Find child
 13.6 ±  0.4 ms - Add child
103.0 ±  1.1 ms - Hash
147.7 ± 54.3 ms - Map
 34.7 ±  0.6 ms - getState
0.0301568
0.031993
0.044332
726.9 ±  0.0 ms - Total time
574.1 ±  0.0 ms - Build f time
 42.6 ±  0.7 ms - Apply f time
549.1 ±  4.1 ms - Real f time 
138.6 ±  4.0 ms - Add time
 11.4 ±  0.4 ms - Find child
 15.0 ±  0.4 ms - Add child
110.3 ±  1.1 ms - Hash
152.7 ± 54.3 ms - Map
 38.4 ±  0.6 ms - getState
Dag sizes: 25102 25158 25365 28267 28885 24911 24777 25059 27587 28301 30985 
brutePieces time: 0.427752
 69.9 ±  0.0 ms - Piece loop time
 33.2 ± 24.6 ms - Set time
 62.4 ±  4.2 ms - Child looking time
Nodes:  294397
Pieces: 38859
makePieces time: 0.0707477
Memory: 2.0 + 16.3 + 9.4 + 50.8 + 4.1 MB
  2.4 ±  0.1 ms - Greedy fill time
composePieces time: 0.350972
                                                                                