Running only task # 76
Using max depth 23
 |                                        | 0 / 416 (0.0%)Function count: 142
0.167344
0.176487
0.174925
0.183936
0.167714
0.177143
0.167458
0.176182
0.169928
0.179005
0.173536
0.1837
0.251421
0.264065
 23.7 ±  0.0 ms - Piece loop time
 44.0 ± 39.7 ms - Set time
 18.7 ±  1.1 ms - Child looking time
0.173739
0.182423
0.236638
1577.5 ±  0.0 ms - Total time
1446.1 ±  0.0 ms - Build f time
 29.1 ±  1.2 ms - Apply f time
1072.1 ± 14.3 ms - Real f time 
232.7 ± 11.5 ms - Add time
  2.2 ±  0.2 ms - Find child
  3.7 ±  0.5 ms - Add child
315.8 ±  3.1 ms - Hash
 88.3 ± 38.1 ms - Map
 42.7 ±  1.7 ms - getState
0.190821
0.199986
0.258041
1835.6 ±  0.0 ms - Total time
1636.9 ±  0.0 ms - Build f time
 38.3 ±  1.2 ms - Apply f time
1219.1 ± 15.1 ms - Real f time 
273.7 ± 11.6 ms - Add time
  3.4 ±  0.2 ms - Find child
  5.4 ±  0.5 ms - Add child
376.8 ±  3.3 ms - Hash
100.2 ± 38.1 ms - Map
 58.5 ±  1.7 ms - getState
0.172442
0.181919
0.237435
2073.1 ±  0.0 ms - Total time
1809.3 ±  0.0 ms - Build f time
 47.8 ±  1.5 ms - Apply f time
1349.2 ± 15.8 ms - Real f time 
311.1 ± 11.7 ms - Add time
  4.6 ±  0.2 ms - Find child
  7.2 ±  0.5 ms - Add child
436.8 ±  3.7 ms - Hash
109.8 ± 38.2 ms - Map
 73.5 ±  1.8 ms - getState
0.190302
0.198913
0.257535
2330.7 ±  0.0 ms - Total time
1999.6 ±  0.0 ms - Build f time
 56.1 ±  1.6 ms - Apply f time
1497.8 ± 16.4 ms - Real f time 
352.2 ± 12.0 ms - Add time
  5.9 ±  0.3 ms - Find child
  9.0 ±  0.6 ms - Add child
495.3 ±  3.8 ms - Hash
119.7 ± 38.1 ms - Map
 91.9 ±  1.9 ms - getState
0.202299
0.210991
0.267156
2597.9 ±  0.0 ms - Total time
2201.9 ±  0.0 ms - Build f time
 64.9 ±  1.6 ms - Apply f time
1673.2 ± 23.1 ms - Real f time 
392.8 ± 12.1 ms - Add time
  7.3 ±  0.3 ms - Find child
 10.5 ±  0.6 ms - Add child
555.3 ±  3.9 ms - Hash
129.5 ± 38.2 ms - Map
107.4 ±  1.9 ms - getState
0.180217
0.191458
0.247284
2845.2 ±  0.0 ms - Total time
2382.1 ±  0.0 ms - Build f time
 74.9 ±  1.7 ms - Apply f time
1813.9 ± 24.1 ms - Real f time 
430.5 ± 12.2 ms - Add time
  8.6 ±  0.3 ms - Find child
 12.2 ±  0.6 ms - Add child
613.8 ±  4.0 ms - Hash
138.8 ± 38.2 ms - Map
123.0 ±  2.0 ms - getState
0.268574
0.281103
0.381661
3226.9 ±  0.0 ms - Total time
2650.7 ±  0.0 ms - Build f time
 88.2 ±  1.8 ms - Apply f time
2010.4 ± 25.4 ms - Real f time 
493.5 ± 12.4 ms - Add time
 10.2 ±  0.4 ms - Find child
 14.4 ±  0.6 ms - Add child
710.7 ±  4.2 ms - Hash
150.2 ± 38.2 ms - Map
148.3 ±  2.1 ms - getState
Dag sizes: 34445 36007 35270 34456 36023 35270 44938 
brutePieces time: 1.89179
 36.2 ±  0.0 ms - Piece loop time
 45.9 ± 40.4 ms - Set time
 30.9 ±  2.3 ms - Child looking time
Nodes:  256409
Pieces: 30518
makePieces time: 0.0372602
Memory: 14.0 + 14.8 + 8.2 + 33.5 + 2.1 MB
168.4 ±  2.9 ms - Greedy fill time
composePieces time: 2.59561
                                                                                