Running only task # 46
Using max depth 4
 |                                        | 0 / 416 (0.0%)Function count: 142
0.0762253
0.0860286
0.0765686
0.0867651
0.0833173
0.0946642
  6.5 ±  0.0 ms - Piece loop time
 36.2 ± 34.2 ms - Set time
  4.5 ±  0.5 ms - Child looking time
1.71105
1.91633
3.92778
4195.4 ±  0.0 ms - Total time
1947.2 ±  0.0 ms - Build f time
293.7 ±  2.0 ms - Apply f time
1745.7 ± 19.2 ms - Real f time 
984.4 ± 14.5 ms - Add time
 57.5 ±  1.1 ms - Find child
 91.2 ±  5.3 ms - Add child
874.4 ±  2.7 ms - Hash
467.8 ± 37.5 ms - Map
469.8 ±  2.4 ms - getState
1.76924
1.98596
4.09203
8287.4 ±  0.0 ms - Total time
3716.4 ±  0.0 ms - Build f time
593.6 ±  2.9 ms - Apply f time
3335.8 ± 22.4 ms - Real f time 
1964.5 ± 21.8 ms - Add time
115.5 ±  1.4 ms - Find child
176.7 ±  5.5 ms - Add child
1726.3 ±  4.4 ms - Hash
938.3 ± 40.8 ms - Map
960.0 ±  7.4 ms - getState
1.98402
2.22553
4.49936
12786.8 ±  0.0 ms - Total time
5700.4 ±  0.0 ms - Build f time
924.3 ±  3.6 ms - Apply f time
5127.2 ± 24.2 ms - Real f time 
3134.9 ± 106.2 ms - Add time
181.8 ±  1.8 ms - Find child
271.1 ±  5.6 ms - Add child
2651.7 ±  5.3 ms - Hash
1411.4 ± 41.1 ms - Map
1509.2 ±  9.2 ms - getState
Dag sizes: 1731617 1846347 2035413 
brutePieces time: 12.5209
907.8 ±  0.0 ms - Piece loop time
414.7 ± 15.7 ms - Set time
462.8 ±  3.3 ms - Child looking time
Nodes:  5613377
Pieces: 1356294
makePieces time: 0.911161
Memory: 152.4 + 199.1 + 179.6 + 140.1 + 48.4 MB
 41.6 ±  0.0 ms - Greedy fill time
composePieces time: 3.51699
                                                                                