Running only task # 298
Using max depth 3
 |                                        | 0 / 416 (0.0%)Function count: 142
0.198735
0.228946
0.256491
0.288076
0.138918
0.152545
0.240817
0.269222
 43.4 ±  0.0 ms - Piece loop time
 25.8 ± 15.5 ms - Set time
 31.6 ±  0.9 ms - Child looking time
0.200127
0.219737
0.301516
1240.5 ±  0.0 ms - Total time
1035.1 ±  0.0 ms - Build f time
 50.2 ±  1.0 ms - Apply f time
838.9 ±  7.9 ms - Real f time 
219.8 ±  3.0 ms - Add time
  5.9 ±  0.3 ms - Find child
  8.7 ±  0.3 ms - Add child
176.9 ±  1.3 ms - Hash
110.3 ± 38.1 ms - Map
 68.2 ±  2.3 ms - getState
0.255396
0.287458
0.396108
1636.6 ±  0.0 ms - Total time
1290.5 ±  0.0 ms - Build f time
 74.8 ±  1.3 ms - Apply f time
1058.7 ±  8.6 ms - Real f time 
294.5 ±  3.4 ms - Add time
 11.5 ±  0.4 ms - Find child
 16.2 ±  0.4 ms - Add child
239.0 ±  1.5 ms - Hash
139.0 ± 38.1 ms - Map
118.6 ±  2.5 ms - getState
0.14116
0.154468
0.209974
1846.6 ±  0.0 ms - Total time
1431.6 ±  0.0 ms - Build f time
 88.1 ±  1.4 ms - Apply f time
1178.8 ±  9.0 ms - Real f time 
334.7 ±  3.5 ms - Add time
 14.8 ±  0.4 ms - Find child
 20.7 ±  0.5 ms - Add child
292.3 ± 14.8 ms - Hash
156.7 ± 38.1 ms - Map
139.0 ±  2.6 ms - getState
0.244262
0.272876
0.384545
2231.2 ±  0.0 ms - Total time
1675.9 ±  0.0 ms - Build f time
114.3 ±  1.6 ms - Apply f time
1382.6 ±  9.6 ms - Real f time 
412.8 ±  3.8 ms - Add time
 19.7 ±  0.5 ms - Find child
 28.6 ±  0.6 ms - Add child
354.1 ± 14.8 ms - Hash
188.0 ± 38.1 ms - Map
188.0 ±  2.9 ms - getState
Dag sizes: 109320 150508 91612 157561 
brutePieces time: 1.29491
100.7 ±  0.0 ms - Piece loop time
 66.4 ± 43.5 ms - Set time
 75.9 ±  3.7 ms - Child looking time
Nodes:  509001
Pieces: 14043
makePieces time: 0.101764
Memory: 11.5 + 25.8 + 16.3 + 24.9 + 4.4 MB
  0.1 ±  0.0 ms - Greedy fill time
composePieces time: 0.0218733
                                                                                