Running only task # 377
Using max depth 4
 |                                        | 0 / 416 (0.0%)Function count: 142
0.0444096
0.0483698
0.0417785
0.0456663
0.0428432
0.0462126
0.0471219
0.0514824
0.0491163
0.0528831
 13.8 ±  0.0 ms - Piece loop time
 42.4 ± 39.8 ms - Set time
 10.8 ±  0.8 ms - Child looking time
0.759175
0.824641
1.1395
1384.4 ±  0.0 ms - Total time
984.4 ±  0.0 ms - Build f time
 92.7 ±  2.2 ms - Apply f time
981.8 ± 21.8 ms - Real f time 
231.4 ±  5.3 ms - Add time
 27.4 ±  1.4 ms - Find child
 34.5 ±  1.6 ms - Add child
200.3 ±  5.0 ms - Hash
283.7 ± 43.4 ms - Map
 83.3 ±  1.6 ms - getState
0.86092
0.933251
1.26071
2645.1 ±  0.0 ms - Total time
1845.4 ±  0.0 ms - Build f time
185.1 ±  2.5 ms - Apply f time
1821.3 ± 22.5 ms - Real f time 
450.0 ±  7.0 ms - Add time
 54.9 ±  1.5 ms - Find child
 69.5 ±  1.7 ms - Add child
389.2 ±  5.3 ms - Hash
485.4 ± 43.5 ms - Map
172.1 ±  1.9 ms - getState
0.887186
0.964415
1.33315
3978.3 ±  0.0 ms - Total time
2732.5 ±  0.0 ms - Build f time
285.3 ±  3.8 ms - Apply f time
2694.0 ± 22.9 ms - Real f time 
820.1 ± 142.3 ms - Add time
 86.1 ±  2.7 ms - Find child
107.4 ±  1.9 ms - Add child
589.5 ±  8.6 ms - Hash
707.8 ± 43.6 ms - Map
267.3 ±  2.2 ms - getState
0.97815
1.05851
1.43724
5415.6 ±  0.0 ms - Total time
3710.7 ±  0.0 ms - Build f time
388.5 ±  3.9 ms - Apply f time
3668.4 ± 27.5 ms - Real f time 
1088.0 ± 143.7 ms - Add time
115.3 ±  2.8 ms - Find child
150.6 ±  4.0 ms - Add child
798.2 ±  8.9 ms - Hash
917.3 ± 43.6 ms - Map
369.1 ±  2.4 ms - getState
1.03814
1.12304
1.51226
6927.9 ±  0.0 ms - Total time
4748.8 ±  0.0 ms - Build f time
491.5 ±  4.1 ms - Apply f time
4700.2 ± 29.5 ms - Real f time 
1346.8 ± 143.7 ms - Add time
144.2 ±  2.8 ms - Find child
191.5 ±  4.1 ms - Add child
1031.1 ± 16.9 ms - Hash
1123.6 ± 43.7 ms - Map
479.4 ±  2.7 ms - getState
Dag sizes: 675869 782200 828519 874817 918337 
brutePieces time: 6.68483
1061.5 ±  0.0 ms - Piece loop time
286.2 ± 15.0 ms - Set time
697.6 ±  4.2 ms - Child looking time
Nodes:  4079742
Pieces: 728590
makePieces time: 1.06461
Memory: 29.3 + 209.3 + 130.6 + 103.0 + 44.3 MB
 19.4 ±  0.0 ms - Greedy fill time
composePieces time: 2.85047
                                                                                