Running only task # 10
Using max depth 4
 |                                        | 0 / 416 (0.0%)Function count: 142
0.186198
0.211729
0.14746
0.168091
0.2398
0.273066
0.342005
0.365572
 28.1 ±  0.0 ms - Piece loop time
 49.5 ± 43.4 ms - Set time
 22.4 ±  1.0 ms - Child looking time
5.24401
5.94435
9.94559
10964.3 ±  0.0 ms - Total time
6159.5 ±  0.0 ms - Build f time
696.8 ± 18.4 ms - Apply f time
5493.6 ± 34.3 ms - Real f time 
2289.1 ± 23.8 ms - Add time
107.5 ±  1.2 ms - Find child
159.4 ±  1.6 ms - Add child
1966.5 ±  7.6 ms - Hash
1158.5 ± 47.2 ms - Map
1033.2 ±  4.4 ms - getState
4.09516
4.63156
7.63751
18601.8 ±  0.0 ms - Total time
10254.6 ±  0.0 ms - Build f time
1200.2 ± 18.7 ms - Apply f time
9130.9 ± 37.5 ms - Real f time 
3848.1 ± 33.6 ms - Add time
213.1 ±  7.9 ms - Find child
296.7 ±  2.3 ms - Add child
3346.2 ± 18.5 ms - Hash
2162.3 ± 52.1 ms - Map
1748.8 ±  5.7 ms - getState
6.91112
7.80708
13.0139
31615.8 ±  0.0 ms - Total time
17165.8 ±  0.0 ms - Build f time
2021.3 ± 24.4 ms - Apply f time
15394.7 ± 46.7 ms - Real f time 
6678.8 ± 51.3 ms - Add time
338.2 ±  8.0 ms - Find child
481.3 ±  3.0 ms - Add child
5660.9 ± 24.7 ms - Hash
3472.9 ± 53.1 ms - Map
3055.2 ± 18.7 ms - getState
8.52382
9.21536
14.7893
46405.1 ±  0.0 ms - Total time
25689.6 ±  0.0 ms - Build f time
2620.7 ± 24.7 ms - Apply f time
22750.6 ± 68.3 ms - Real f time 
9963.2 ± 54.2 ms - Add time
422.7 ± 10.1 ms - Find child
598.4 ±  3.3 ms - Add child
8423.3 ± 26.1 ms - Hash
4262.1 ± 53.8 ms - Map
4525.9 ± 22.0 ms - getState
Dag sizes: 3713803 3245382 4439095 2794851 
brutePieces time: 45.3882
4222.6 ±  0.0 ms - Piece loop time
1553.8 ± 94.0 ms - Set time
2652.5 ± 18.6 ms - Child looking time
Nodes:  14193131
Pieces: 3597547
makePieces time: 4.23468
Memory: 478.5 + 480.3 + 454.2 + 344.5 + 169.2 MB
 56.7 ±  0.0 ms - Greedy fill time
composePieces time: 24.4343
                                                                                