Running only task # 103
Using max depth 4
 |                                        | 0 / 416 (0.0%)Function count: 142
0.139629
0.160722
0.178666
0.204209
0.250898
0.291836
0.236285
0.273837
 25.8 ±  0.0 ms - Piece loop time
 46.1 ± 40.6 ms - Set time
 19.9 ±  1.0 ms - Child looking time
4.13547
4.66034
8.06419
8995.0 ±  0.0 ms - Total time
4940.9 ±  0.0 ms - Build f time
663.4 ±  4.0 ms - Apply f time
4299.8 ± 20.6 ms - Real f time 
2082.7 ± 202.9 ms - Add time
145.6 ±  7.7 ms - Find child
200.2 ±  2.1 ms - Add child
1666.0 ± 21.8 ms - Hash
1086.5 ± 40.3 ms - Map
860.3 ±  3.5 ms - getState
4.78422
5.38257
8.88107
17876.1 ±  0.0 ms - Total time
9725.2 ±  0.0 ms - Build f time
1283.6 ±  5.4 ms - Apply f time
8569.2 ± 36.9 ms - Real f time 
4044.9 ± 254.5 ms - Add time
287.0 ± 17.2 ms - Find child
381.1 ±  2.7 ms - Add child
3371.5 ± 31.2 ms - Hash
1955.2 ± 41.6 ms - Map
1772.3 ± 12.2 ms - getState
7.73913
8.83479
15.2688
33144.9 ±  0.0 ms - Total time
17464.3 ±  0.0 ms - Build f time
2362.2 ±  8.3 ms - Apply f time
15300.1 ± 47.7 ms - Real f time 
7924.2 ± 575.2 ms - Add time
477.2 ± 17.8 ms - Find child
674.2 ±  3.6 ms - Add child
6226.2 ± 35.4 ms - Hash
3453.6 ± 43.0 ms - Map
3521.1 ± 22.8 ms - getState
7.00288
7.99096
13.3957
46540.6 ±  0.0 ms - Total time
24467.2 ±  0.0 ms - Build f time
3323.9 ± 11.6 ms - Apply f time
21356.8 ± 60.9 ms - Real f time 
10796.4 ± 576.4 ms - Add time
644.9 ± 17.9 ms - Find child
940.2 ±  6.4 ms - Add child
8789.7 ± 39.0 ms - Hash
4793.8 ± 47.4 ms - Map
4923.7 ± 24.2 ms - getState
Dag sizes: 3192535 2913287 5232460 4233610 
brutePieces time: 45.6114
4857.2 ±  0.0 ms - Piece loop time
1853.6 ± 30.2 ms - Set time
2948.5 ± 21.5 ms - Child looking time
Nodes:  15571892
Pieces: 2564198
makePieces time: 4.86696
Memory: 468.8 + 656.3 + 498.3 + 383.4 + 179.8 MB
113.5 ±  0.0 ms - Greedy fill time
composePieces time: 8.28632
                                                                                