Running only task # 5
Using max depth 23
 |                                        | 0 / 416 (0.0%)Function count: 142
0.0573016
0.060851
0.0546796
0.0577916
0.0568874
0.0603065
0.0552218
0.0582731
0.0627712
0.0666933
 21.7 ±  0.0 ms - Piece loop time
 41.1 ± 37.3 ms - Set time
 17.2 ±  0.9 ms - Child looking time
0.0574665
0.0606148
0.0783694
382.4 ±  0.0 ms - Total time
344.3 ±  0.0 ms - Build f time
 10.2 ±  0.4 ms - Apply f time
286.9 ±  3.0 ms - Real f time 
 60.8 ±  4.0 ms - Add time
  1.9 ±  0.2 ms - Find child
  2.9 ±  0.2 ms - Add child
 64.5 ±  0.8 ms - Hash
 73.5 ± 40.1 ms - Map
 11.1 ±  0.3 ms - getState
0.0550453
0.0579869
0.0734162
455.9 ±  0.0 ms - Total time
399.4 ±  0.0 ms - Build f time
 14.8 ±  0.4 ms - Apply f time
335.2 ±  3.2 ms - Real f time 
 73.3 ±  4.0 ms - Add time
  3.0 ±  0.2 ms - Find child
  4.5 ±  0.3 ms - Add child
 78.8 ±  0.9 ms - Hash
 80.7 ± 40.0 ms - Map
 15.5 ±  0.4 ms - getState
0.0593815
0.0627152
0.0816605
537.6 ±  0.0 ms - Total time
458.8 ±  0.0 ms - Build f time
 19.6 ±  0.5 ms - Apply f time
387.5 ±  3.6 ms - Real f time 
 86.0 ±  4.1 ms - Add time
  5.2 ±  0.7 ms - Find child
  6.3 ±  0.3 ms - Add child
 95.1 ±  1.4 ms - Hash
 89.9 ± 40.0 ms - Map
 20.5 ±  0.4 ms - getState
0.056988
0.0600373
0.0757062
613.3 ±  0.0 ms - Total time
515.7 ±  0.0 ms - Build f time
 23.7 ±  0.5 ms - Apply f time
435.8 ±  3.7 ms - Real f time 
 97.5 ±  4.1 ms - Add time
  6.3 ±  0.7 ms - Find child
  7.7 ±  0.3 ms - Add child
110.0 ±  1.4 ms - Hash
 97.8 ± 40.1 ms - Map
 25.0 ±  0.5 ms - getState
0.0645207
0.068427
0.0909033
704.3 ±  0.0 ms - Total time
580.3 ±  0.0 ms - Build f time
 28.9 ±  0.6 ms - Apply f time
491.7 ±  3.9 ms - Real f time 
116.5 ±  5.5 ms - Add time
  7.8 ±  0.7 ms - Find child
  9.9 ±  0.4 ms - Add child
128.1 ±  1.5 ms - Hash
108.0 ± 40.1 ms - Map
 30.9 ±  0.5 ms - getState
Dag sizes: 39248 33363 39246 33411 46066 
brutePieces time: 0.403674
 44.3 ±  0.0 ms - Piece loop time
 75.0 ± 47.2 ms - Set time
 30.1 ±  1.5 ms - Child looking time
Nodes:  191334
Pieces: 35376
makePieces time: 0.045334
Memory: 2.1 + 11.3 + 6.1 + 24.0 + 1.9 MB
  9.5 ±  0.2 ms - Greedy fill time
composePieces time: 0.340868
                                                                                