Running only task # 130
Using max depth 3
 |                                        | 0 / 416 (0.0%)Function count: 142
0.160094
0.179503
0.154345
0.173164
0.141578
0.158666
0.135504
0.150287
 32.5 ±  0.0 ms - Piece loop time
 44.7 ± 35.1 ms - Set time
 21.8 ±  0.9 ms - Child looking time
0.155252
0.173681
0.302703
964.5 ±  0.0 ms - Total time
746.8 ±  0.0 ms - Build f time
 52.7 ±  0.9 ms - Apply f time
594.1 ±  4.9 ms - Real f time 
193.2 ±  3.2 ms - Add time
  9.8 ±  0.4 ms - Find child
 13.6 ±  0.4 ms - Add child
152.0 ±  1.3 ms - Hash
160.3 ± 51.7 ms - Map
 58.0 ±  0.8 ms - getState
0.152594
0.170302
0.314108
1278.7 ±  0.0 ms - Total time
899.4 ±  0.0 ms - Build f time
 84.2 ±  1.1 ms - Apply f time
731.8 ±  5.4 ms - Real f time 
273.9 ±  9.1 ms - Add time
 18.9 ±  0.5 ms - Find child
 25.8 ±  0.6 ms - Add child
211.3 ±  1.6 ms - Hash
198.8 ± 51.7 ms - Map
 94.9 ±  1.0 ms - getState
0.145243
0.163344
0.29315
1571.9 ±  0.0 ms - Total time
1044.6 ±  0.0 ms - Build f time
112.5 ±  1.2 ms - Apply f time
852.9 ±  5.8 ms - Real f time 
345.4 ± 10.1 ms - Add time
 26.9 ±  0.6 ms - Find child
 38.0 ±  0.8 ms - Add child
267.4 ±  1.7 ms - Hash
232.5 ± 51.6 ms - Map
129.4 ±  1.1 ms - getState
0.144422
0.159232
0.272521
1844.4 ±  0.0 ms - Total time
1189.0 ±  0.0 ms - Build f time
137.7 ±  1.4 ms - Apply f time
982.7 ±  6.2 ms - Real f time 
409.3 ± 10.1 ms - Add time
 34.4 ±  0.7 ms - Find child
 48.7 ±  0.9 ms - Add child
317.8 ±  1.9 ms - Hash
264.3 ± 51.6 ms - Map
160.9 ±  1.3 ms - getState
Dag sizes: 204637 201109 186839 177091 
brutePieces time: 1.18498
100.3 ±  0.0 ms - Piece loop time
 76.5 ± 47.1 ms - Set time
 66.4 ±  1.2 ms - Child looking time
Nodes:  769676
Pieces: 1111
makePieces time: 0.101336
Memory: 11.3 + 38.1 + 24.6 + 29.1 + 5.7 MB
  0.1 ±  0.0 ms - Greedy fill time
composePieces time: 0.0106778
                                                                                