Running only task # 219
Using max depth 3
 |                                        | 0 / 416 (0.0%)Function count: 142
0.0851061
0.0914106
0.0638605
0.0687407
0.0509429
0.0533269
0.0437708
0.045775
0.0705395
0.0760692
 28.8 ±  0.0 ms - Piece loop time
 48.4 ± 44.5 ms - Set time
 23.2 ±  1.0 ms - Child looking time
0.0857364
0.0916642
0.14419
479.7 ±  0.0 ms - Total time
400.0 ±  0.0 ms - Build f time
 17.0 ±  0.5 ms - Apply f time
334.4 ±  3.8 ms - Real f time 
101.1 ± 11.2 ms - Add time
  3.1 ±  0.2 ms - Find child
  4.9 ±  0.2 ms - Add child
 81.6 ±  2.8 ms - Hash
 88.3 ± 46.0 ms - Map
 26.2 ±  0.4 ms - getState
0.0714651
0.0764794
0.108704
588.4 ±  0.0 ms - Total time
471.4 ±  0.0 ms - Build f time
 24.9 ±  0.6 ms - Apply f time
400.1 ±  4.6 ms - Real f time 
125.2 ± 11.4 ms - Add time
  5.3 ±  0.3 ms - Find child
  8.2 ±  0.3 ms - Add child
 99.6 ±  2.8 ms - Hash
101.5 ± 46.1 ms - Map
 37.0 ±  0.5 ms - getState
0.0541386
0.0565356
0.0732953
661.7 ±  0.0 ms - Total time
525.6 ±  0.0 ms - Build f time
 29.1 ±  0.6 ms - Apply f time
451.9 ±  7.1 ms - Real f time 
138.9 ± 11.4 ms - Add time
  6.6 ±  0.3 ms - Find child
  9.9 ±  0.4 ms - Add child
113.9 ±  2.8 ms - Hash
110.5 ± 46.1 ms - Map
 41.8 ±  0.6 ms - getState
0.0451434
0.0472627
0.0624095
724.2 ±  0.0 ms - Total time
570.7 ±  0.0 ms - Build f time
 32.6 ±  0.6 ms - Apply f time
491.3 ±  7.2 ms - Real f time 
149.2 ± 11.5 ms - Add time
  7.6 ±  0.3 ms - Find child
 11.5 ±  0.4 ms - Add child
125.7 ±  2.9 ms - Hash
117.7 ± 46.1 ms - Map
 45.9 ±  0.6 ms - getState
0.0724305
0.0779158
0.122036
846.3 ±  0.0 ms - Total time
643.1 ±  0.0 ms - Build f time
 42.5 ±  1.2 ms - Apply f time
552.8 ±  7.3 ms - Real f time 
173.7 ± 11.5 ms - Add time
  9.9 ±  0.4 ms - Find child
 14.9 ±  0.4 ms - Add child
146.3 ±  2.9 ms - Hash
131.6 ± 46.1 ms - Map
 60.9 ±  0.7 ms - getState
Dag sizes: 85149 79250 34369 35386 80734 
brutePieces time: 0.515191
 72.9 ±  0.0 ms - Piece loop time
 56.5 ± 39.0 ms - Set time
 52.2 ±  1.6 ms - Child looking time
Nodes:  314888
Pieces: 70344
makePieces time: 0.0739718
Memory: 3.3 + 15.0 + 10.1 + 26.0 + 3.5 MB
  8.6 ±  0.0 ms - Greedy fill time
composePieces time: 0.367459
                                                                                