Running only task # 124
Using max depth 3
 |                                        | 0 / 416 (0.0%)Function count: 142
0.132432
0.141602
0.0989628
0.106233
0.105133
0.112982
0.143174
0.15455
 23.8 ±  0.0 ms - Piece loop time
 39.6 ± 34.9 ms - Set time
 18.2 ±  0.8 ms - Child looking time
0.137557
0.146547
0.255901
771.4 ±  0.0 ms - Total time
617.3 ±  0.0 ms - Build f time
 27.3 ±  0.7 ms - Apply f time
500.7 ±  6.1 ms - Real f time 
141.7 ±  2.3 ms - Add time
  4.8 ±  0.2 ms - Find child
  6.0 ±  0.3 ms - Add child
157.3 ± 19.9 ms - Hash
 96.1 ± 44.8 ms - Map
 41.6 ±  0.7 ms - getState
0.0996305
0.106341
0.187932
959.4 ±  0.0 ms - Total time
716.9 ±  0.0 ms - Build f time
 41.8 ±  0.8 ms - Apply f time
588.9 ±  6.4 ms - Real f time 
183.7 ±  2.5 ms - Add time
  8.1 ±  0.3 ms - Find child
 10.9 ±  0.4 ms - Add child
197.2 ± 20.0 ms - Hash
115.0 ± 44.8 ms - Map
 62.1 ±  0.8 ms - getState
0.109194
0.116771
0.202443
1161.9 ±  0.0 ms - Total time
826.1 ±  0.0 ms - Build f time
 57.2 ±  0.9 ms - Apply f time
685.5 ±  6.7 ms - Real f time 
227.8 ±  2.6 ms - Add time
 11.4 ±  0.4 ms - Find child
 15.5 ±  0.4 ms - Add child
239.6 ± 20.0 ms - Hash
133.2 ± 44.8 ms - Map
 84.7 ±  0.9 ms - getState
0.151056
0.164104
0.30794
1469.8 ±  0.0 ms - Total time
977.1 ±  0.0 ms - Build f time
 79.5 ±  1.1 ms - Apply f time
821.2 ±  7.2 ms - Real f time 
311.0 ± 12.8 ms - Add time
 15.8 ±  0.5 ms - Find child
 21.7 ±  0.5 ms - Add child
303.3 ± 20.0 ms - Hash
159.6 ± 44.8 ms - Map
122.2 ±  1.1 ms - getState
Dag sizes: 115436 107820 112468 137681 
brutePieces time: 0.957122
 87.9 ±  0.0 ms - Piece loop time
 65.7 ± 37.4 ms - Set time
 58.6 ±  2.6 ms - Child looking time
Nodes:  473405
Pieces: 125539
makePieces time: 0.0890767
Memory: 9.7 + 17.6 + 15.1 + 24.4 + 5.0 MB
 10.2 ±  0.0 ms - Greedy fill time
composePieces time: 0.857005
                                                                                