Running only task # 281
Using max depth 23
 |                                        | 0 / 416 (0.0%)Function count: 142
0.0451816
0.0502763
0.0596985
0.0671364
0.0722562
0.081533
0.0719983
0.081307
0.076398
0.085152
0.0637669
0.0716348
0.0436454
0.0485385
0.0601441
0.0684269
0.0731358
0.0823719
0.074377
0.083937
0.0752137
0.0841363
0.0693958
0.0771875
0.0880477
0.0998975
121.9 ±  0.0 ms - Piece loop time
 50.9 ± 38.0 ms - Set time
103.7 ±  2.8 ms - Child looking time
0.0496774
0.0544804
0.0632017
1045.2 ±  0.0 ms - Total time
922.9 ±  0.0 ms - Build f time
 43.7 ±  2.4 ms - Apply f time
808.8 ±  4.5 ms - Real f time 
193.5 ± 13.2 ms - Add time
  4.7 ±  0.2 ms - Find child
  6.8 ±  0.3 ms - Add child
130.6 ±  6.0 ms - Hash
194.5 ± 55.1 ms - Map
 37.8 ±  0.5 ms - getState
0.0606649
0.0677869
0.0772302
1122.5 ±  0.0 ms - Total time
983.6 ±  0.0 ms - Build f time
 49.2 ±  2.5 ms - Apply f time
864.8 ±  4.7 ms - Real f time 
206.7 ± 13.2 ms - Add time
  5.9 ±  0.3 ms - Find child
  9.4 ±  1.0 ms - Add child
140.7 ±  6.0 ms - Hash
233.1 ± 62.8 ms - Map
 43.5 ±  0.6 ms - getState
0.0744374
0.0836833
0.0952419
1217.8 ±  0.0 ms - Total time
1058.0 ±  0.0 ms - Build f time
 55.0 ±  2.5 ms - Apply f time
939.3 ±  7.4 ms - Real f time 
222.1 ± 13.2 ms - Add time
  7.2 ±  0.3 ms - Find child
 11.3 ±  1.0 ms - Add child
153.0 ±  6.0 ms - Hash
243.1 ± 62.8 ms - Map
 51.3 ±  0.6 ms - getState
0.0699379
0.078726
0.0901264
1307.9 ±  0.0 ms - Total time
1128.0 ±  0.0 ms - Build f time
 60.6 ±  2.5 ms - Apply f time
1005.3 ±  7.4 ms - Real f time 
238.2 ± 13.2 ms - Add time
  8.6 ±  0.3 ms - Find child
 13.4 ±  1.1 ms - Add child
164.8 ±  6.0 ms - Hash
252.3 ± 62.8 ms - Map
 58.7 ±  0.7 ms - getState
0.0733539
0.0822362
0.0947558
1402.7 ±  0.0 ms - Total time
1201.3 ±  0.0 ms - Build f time
 66.5 ±  2.5 ms - Apply f time
1074.4 ±  7.8 ms - Real f time 
254.6 ± 13.2 ms - Add time
 10.2 ±  0.4 ms - Find child
 15.7 ±  1.1 ms - Add child
178.3 ±  6.1 ms - Hash
262.2 ± 62.8 ms - Map
 66.3 ±  0.7 ms - getState
0.0650024
0.0725704
0.0824921
1485.2 ±  0.0 ms - Total time
1266.3 ±  0.0 ms - Build f time
 71.4 ±  2.5 ms - Apply f time
1134.9 ±  7.9 ms - Real f time 
269.6 ± 13.2 ms - Add time
 11.5 ±  0.4 ms - Find child
 17.4 ±  1.1 ms - Add child
189.1 ±  6.1 ms - Hash
270.7 ± 62.7 ms - Map
 72.7 ±  0.8 ms - getState
0.0427072
0.0472119
0.0528065
1538.0 ±  0.0 ms - Total time
1309.0 ±  0.0 ms - Build f time
 74.7 ±  2.5 ms - Apply f time
1174.9 ±  7.9 ms - Real f time 
279.2 ± 13.2 ms - Add time
 12.3 ±  0.4 ms - Find child
 18.8 ±  1.1 ms - Add child
197.3 ±  6.1 ms - Hash
276.1 ± 62.7 ms - Map
 76.5 ±  0.8 ms - getState
0.0594972
0.0666702
0.0763444
1614.4 ±  0.0 ms - Total time
1368.5 ±  0.0 ms - Build f time
 79.5 ±  2.6 ms - Apply f time
1229.2 ±  8.0 ms - Real f time 
293.7 ± 13.2 ms - Add time
 13.5 ±  0.4 ms - Find child
 20.5 ±  1.1 ms - Add child
208.0 ±  6.1 ms - Hash
284.3 ± 62.7 ms - Map
 82.1 ±  0.8 ms - getState
0.0716974
0.080362
0.0915455
1706.0 ±  0.0 ms - Total time
1440.2 ±  0.0 ms - Build f time
 84.9 ±  2.6 ms - Apply f time
1296.2 ±  8.1 ms - Real f time 
309.9 ± 13.2 ms - Add time
 14.8 ±  0.4 ms - Find child
 22.4 ±  1.1 ms - Add child
219.9 ±  6.1 ms - Hash
293.1 ± 62.6 ms - Map
 89.1 ±  0.9 ms - getState
0.0714746
0.0804967
0.0927116
1798.7 ±  0.0 ms - Total time
1511.7 ±  0.0 ms - Build f time
 91.3 ±  2.6 ms - Apply f time
1361.9 ±  8.1 ms - Real f time 
327.6 ± 13.2 ms - Add time
 16.2 ±  0.5 ms - Find child
 24.5 ±  1.2 ms - Add child
232.0 ±  6.1 ms - Hash
302.5 ± 62.6 ms - Map
 96.5 ±  0.9 ms - getState
0.073193
0.0811789
0.0937575
1892.5 ±  0.0 ms - Total time
1584.9 ±  0.0 ms - Build f time
 97.2 ±  2.6 ms - Apply f time
1427.2 ±  8.2 ms - Real f time 
345.1 ± 13.3 ms - Add time
 17.8 ±  0.5 ms - Find child
 26.7 ±  1.2 ms - Add child
244.2 ±  6.1 ms - Hash
312.8 ± 62.7 ms - Map
103.6 ±  0.9 ms - getState
0.0635865
0.0709437
0.0807919
1973.3 ±  0.0 ms - Total time
1648.5 ±  0.0 ms - Build f time
102.2 ±  2.6 ms - Apply f time
1487.3 ±  8.3 ms - Real f time 
360.2 ± 13.3 ms - Add time
 18.9 ±  0.5 ms - Find child
 28.4 ±  1.2 ms - Add child
255.0 ±  6.1 ms - Hash
321.2 ± 62.7 ms - Map
109.6 ±  0.9 ms - getState
0.0876042
0.0986563
0.112084
2085.4 ±  0.0 ms - Total time
1736.1 ±  0.0 ms - Build f time
108.8 ±  2.6 ms - Apply f time
1569.9 ±  8.4 ms - Real f time 
381.1 ± 13.3 ms - Add time
 20.4 ±  0.5 ms - Find child
 30.7 ±  1.2 ms - Add child
268.6 ±  6.1 ms - Hash
332.1 ± 62.7 ms - Map
118.8 ±  1.0 ms - getState
Dag sizes: 31572 45877 50154 53181 53866 45853 31438 45973 50524 53372 52928 45962 59156 
brutePieces time: 1.1114
152.7 ±  0.0 ms - Piece loop time
 50.0 ± 35.7 ms - Set time
131.1 ±  2.9 ms - Child looking time
Nodes:  619856
Pieces: 48
makePieces time: 0.153498
Memory: 4.8 + 41.6 + 19.8 + 64.4 + 6.6 MB
  0.1 ±  0.0 ms - Greedy fill time
composePieces time: 0.0082877
                                                                                