Running only task # 80
Using max depth 33
 |                                        | 0 / 416 (0.0%)Function count: 142
0.00465237
0.00491707
0.00517945
0.00539553
0.00715735
0.00747727
0.00573228
0.00595793
0.00450257
0.00468256
0.00543651
0.00562675
0.0071578
0.00745429
0.005696
0.00591556
0.0065114
0.00674993
 22.3 ±  0.0 ms - Piece loop time
 39.1 ± 38.0 ms - Set time
 19.4 ±  0.9 ms - Child looking time
0.00449158
0.00466014
0.00485585
 59.1 ±  0.0 ms - Total time
 56.5 ±  0.0 ms - Build f time
  0.8 ±  0.1 ms - Apply f time
 58.2 ±  1.9 ms - Real f time 
  9.6 ±  0.6 ms - Add time
  0.3 ±  0.1 ms - Find child
  0.4 ±  0.1 ms - Add child
 10.8 ±  0.4 ms - Hash
 47.3 ± 39.5 ms - Map
  1.2 ±  0.1 ms - getState
0.00568372
0.00588127
0.00607622
 65.2 ±  0.0 ms - Total time
 62.2 ±  0.0 ms - Build f time
  1.0 ±  0.1 ms - Apply f time
 63.9 ±  2.0 ms - Real f time 
 10.4 ±  0.6 ms - Add time
  0.4 ±  0.1 ms - Find child
  0.5 ±  0.1 ms - Add child
 12.1 ±  0.4 ms - Hash
 47.8 ± 39.3 ms - Map
  1.3 ±  0.1 ms - getState
0.00701084
0.00729617
0.0075414
 72.8 ±  0.0 ms - Total time
 69.2 ±  0.0 ms - Build f time
  1.2 ±  0.1 ms - Apply f time
 71.1 ±  2.0 ms - Real f time 
 11.5 ±  0.6 ms - Add time
  0.4 ±  0.1 ms - Find child
  0.5 ±  0.1 ms - Add child
 13.6 ±  0.4 ms - Hash
 48.6 ± 39.3 ms - Map
  1.5 ±  0.1 ms - getState
0.00580442
0.00604441
0.00659267
 79.4 ±  0.0 ms - Total time
 75.0 ±  0.0 ms - Build f time
  1.4 ±  0.1 ms - Apply f time
 77.1 ±  2.0 ms - Real f time 
 12.3 ±  0.6 ms - Add time
  0.5 ±  0.1 ms - Find child
  0.6 ±  0.1 ms - Add child
 14.8 ±  0.4 ms - Hash
 49.4 ± 39.4 ms - Map
  1.7 ±  0.1 ms - getState
0.00462019
0.00479723
0.0049868
 84.4 ±  0.0 ms - Total time
 79.6 ±  0.0 ms - Build f time
  1.5 ±  0.1 ms - Apply f time
 81.4 ±  2.0 ms - Real f time 
 13.5 ±  0.6 ms - Add time
  0.5 ±  0.1 ms - Find child
  0.7 ±  0.1 ms - Add child
 15.6 ±  0.4 ms - Hash
 90.7 ± 56.6 ms - Map
  1.8 ±  0.1 ms - getState
0.00538793
0.00559261
0.00579948
 90.2 ±  0.0 ms - Total time
 85.0 ±  0.0 ms - Build f time
  1.7 ±  0.1 ms - Apply f time
 87.5 ±  2.0 ms - Real f time 
 14.2 ±  0.6 ms - Add time
  0.7 ±  0.1 ms - Find child
  0.8 ±  0.1 ms - Add child
 16.7 ±  0.5 ms - Hash
 91.6 ± 56.6 ms - Map
  2.0 ±  0.1 ms - getState
0.00749536
0.00782267
0.0080938
 98.3 ±  0.0 ms - Total time
 92.5 ±  0.0 ms - Build f time
  2.0 ±  0.1 ms - Apply f time
 95.1 ±  2.0 ms - Real f time 
 15.4 ±  0.7 ms - Add time
  0.8 ±  0.1 ms - Find child
  0.9 ±  0.1 ms - Add child
 18.4 ±  0.5 ms - Hash
 92.5 ± 56.5 ms - Map
  2.2 ±  0.2 ms - getState
0.0058682
0.00610371
0.00632592
104.6 ±  0.0 ms - Total time
 98.4 ±  0.0 ms - Build f time
  2.3 ±  0.2 ms - Apply f time
101.4 ±  2.0 ms - Real f time 
 17.1 ±  0.8 ms - Add time
  0.9 ±  0.1 ms - Find child
  1.0 ±  0.1 ms - Add child
 19.6 ±  0.5 ms - Hash
 93.3 ± 56.5 ms - Map
  2.4 ±  0.2 ms - getState
0.00668722
0.00695262
0.00721732
111.8 ±  0.0 ms - Total time
105.1 ±  0.0 ms - Build f time
  2.5 ±  0.2 ms - Apply f time
108.5 ±  2.1 ms - Real f time 
 18.1 ±  0.8 ms - Add time
  0.9 ±  0.1 ms - Find child
  1.1 ±  0.1 ms - Add child
 21.0 ±  0.5 ms - Hash
 94.3 ± 56.6 ms - Map
  2.7 ±  0.2 ms - getState
Dag sizes: 1630 1850 2536 2029 1642 1853 2589 2030 2318 
brutePieces time: 0.0646501
 23.0 ±  0.0 ms - Piece loop time
 38.5 ± 37.1 ms - Set time
 21.0 ±  1.0 ms - Child looking time
Nodes:  18477
Pieces: 2729
makePieces time: 0.0238388
Memory: 0.1 + 3.9 + 0.6 + 38.0 + 0.6 MB
  0.6 ±  0.0 ms - Greedy fill time
composePieces time: 0.0211586
                                                                                