Running only task # 116
Using max depth 3
 |                                        | 0 / 416 (0.0%)Function count: 142
0.0948207
0.115267
0.0910418
0.10194
0.0971308
0.108795
0.0972134
0.112678
0.102753
0.114812
 36.7 ±  0.0 ms - Piece loop time
 52.3 ± 44.0 ms - Set time
 26.4 ±  1.1 ms - Child looking time
0.0962843
0.106983
0.151197
704.9 ±  0.0 ms - Total time
579.2 ±  0.0 ms - Build f time
 34.3 ±  0.6 ms - Apply f time
512.0 ±  3.5 ms - Real f time 
128.0 ±  9.2 ms - Add time
  4.8 ±  0.2 ms - Find child
  6.7 ±  0.3 ms - Add child
 90.3 ±  2.0 ms - Hash
106.1 ± 38.5 ms - Map
 32.4 ±  0.5 ms - getState
0.0926328
0.103309
0.142723
847.7 ±  0.0 ms - Total time
671.9 ±  0.0 ms - Build f time
 46.8 ±  0.8 ms - Apply f time
600.7 ±  3.8 ms - Real f time 
157.1 ±  9.2 ms - Add time
  8.0 ±  0.3 ms - Find child
 10.8 ±  0.4 ms - Add child
111.4 ±  2.0 ms - Hash
123.5 ± 38.5 ms - Map
 45.9 ±  0.7 ms - getState
0.105591
0.117448
0.15943
1007.2 ±  0.0 ms - Total time
777.5 ±  0.0 ms - Build f time
 58.6 ±  0.9 ms - Apply f time
700.9 ±  4.1 ms - Real f time 
187.8 ±  9.3 ms - Add time
 11.3 ±  0.4 ms - Find child
 14.8 ±  0.4 ms - Add child
132.1 ±  2.1 ms - Hash
143.4 ± 38.5 ms - Map
 60.0 ±  0.7 ms - getState
0.0973906
0.109841
0.150912
1158.1 ±  0.0 ms - Total time
874.9 ±  0.0 ms - Build f time
 70.4 ±  0.9 ms - Apply f time
790.5 ±  4.4 ms - Real f time 
218.3 ±  9.3 ms - Add time
 14.8 ±  0.4 ms - Find child
 18.9 ±  0.5 ms - Add child
152.8 ±  2.2 ms - Hash
163.9 ± 38.5 ms - Map
 72.9 ±  0.8 ms - getState
0.110282
0.122484
0.166746
1324.9 ±  0.0 ms - Total time
985.1 ±  0.0 ms - Build f time
 83.9 ±  1.0 ms - Apply f time
891.9 ±  4.6 ms - Real f time 
250.5 ±  9.4 ms - Add time
 18.4 ±  0.5 ms - Find child
 23.1 ±  0.5 ms - Add child
176.0 ±  2.2 ms - Hash
186.0 ± 38.5 ms - Map
 87.8 ±  0.9 ms - getState
Dag sizes: 117180 108889 110998 106999 118223 
brutePieces time: 0.773919
 99.7 ±  0.0 ms - Piece loop time
 65.9 ± 37.1 ms - Set time
 64.1 ±  1.5 ms - Child looking time
Nodes:  562289
Pieces: 75404
makePieces time: 0.100817
Memory: 4.6 + 24.4 + 18.0 + 30.0 + 5.4 MB
  1.3 ±  0.0 ms - Greedy fill time
composePieces time: 0.254151
                                                                                