Running only task # 3
Using max depth 23
 |                                        | 0 / 416 (0.0%)Function count: 142
0.212507
0.236873
0.217279
0.243346
0.19379
0.214396
0.183249
0.204181
0.196784
0.220513
0.221445
0.247387
0.19868
0.219116
0.184762
0.205951
0.220169
0.247405
107.0 ±  0.0 ms - Piece loop time
 59.8 ± 40.0 ms - Set time
 81.2 ±  2.4 ms - Child looking time
0.214687
0.238312
0.47926
2518.9 ±  0.0 ms - Total time
2043.3 ±  0.0 ms - Build f time
115.3 ±  1.5 ms - Apply f time
1604.8 ±  9.5 ms - Real f time 
489.7 ± 10.4 ms - Add time
 17.5 ±  0.5 ms - Find child
 22.9 ±  0.5 ms - Add child
388.5 ± 10.9 ms - Hash
255.8 ± 44.2 ms - Map
136.0 ±  1.3 ms - getState
0.23636
0.262015
0.553935
3072.9 ±  0.0 ms - Total time
2279.7 ±  0.0 ms - Build f time
168.6 ±  1.8 ms - Apply f time
1814.4 ± 10.0 ms - Real f time 
623.4 ± 10.5 ms - Add time
 31.0 ±  0.6 ms - Find child
 42.9 ±  0.7 ms - Add child
490.7 ± 10.9 ms - Hash
330.2 ± 44.1 ms - Map
210.4 ±  1.6 ms - getState
0.199825
0.220592
0.404501
3477.4 ±  0.0 ms - Total time
2479.5 ±  0.0 ms - Build f time
206.6 ±  2.0 ms - Apply f time
1991.6 ± 10.4 ms - Real f time 
717.0 ± 10.8 ms - Add time
 41.4 ±  0.7 ms - Find child
 57.6 ±  0.9 ms - Add child
563.8 ± 10.9 ms - Hash
382.2 ± 44.2 ms - Map
258.2 ±  1.8 ms - getState
0.189075
0.208538
0.395784
3873.2 ±  0.0 ms - Total time
2668.6 ±  0.0 ms - Build f time
244.6 ±  2.1 ms - Apply f time
2161.5 ± 10.8 ms - Real f time 
811.2 ± 11.1 ms - Add time
 50.9 ±  0.8 ms - Find child
 73.1 ±  1.0 ms - Add child
636.7 ± 11.0 ms - Hash
434.6 ± 44.3 ms - Map
306.5 ±  2.0 ms - getState
0.207837
0.231522
0.467571
4340.9 ±  0.0 ms - Total time
2876.4 ±  0.0 ms - Build f time
290.1 ±  2.3 ms - Apply f time
2354.9 ± 11.2 ms - Real f time 
927.8 ± 11.9 ms - Add time
 63.4 ±  1.1 ms - Find child
 90.3 ±  1.1 ms - Add child
723.8 ± 11.0 ms - Hash
492.2 ± 44.3 ms - Map
367.9 ±  2.1 ms - getState
0.230405
0.257079
0.543078
4884.0 ±  0.0 ms - Total time
3106.8 ±  0.0 ms - Build f time
341.5 ±  2.6 ms - Apply f time
2564.7 ± 11.5 ms - Real f time 
1078.4 ± 18.6 ms - Add time
 76.5 ±  1.2 ms - Find child
108.7 ±  1.2 ms - Add child
824.0 ± 11.1 ms - Hash
569.6 ± 44.5 ms - Map
439.0 ±  2.3 ms - getState
0.200235
0.220519
0.415182
5299.2 ±  0.0 ms - Total time
3307.1 ±  0.0 ms - Build f time
384.6 ±  2.7 ms - Apply f time
2747.3 ± 12.3 ms - Real f time 
1180.6 ± 18.6 ms - Add time
 88.5 ±  1.2 ms - Find child
126.2 ±  1.3 ms - Add child
897.8 ± 11.1 ms - Hash
616.1 ± 44.5 ms - Map
492.7 ±  2.5 ms - getState
0.190828
0.210575
0.393145
5692.4 ±  0.0 ms - Total time
3497.9 ±  0.0 ms - Build f time
424.8 ±  3.6 ms - Apply f time
2920.5 ± 12.7 ms - Real f time 
1274.5 ± 19.0 ms - Add time
 99.8 ±  1.4 ms - Find child
142.2 ±  2.2 ms - Add child
971.1 ± 11.1 ms - Hash
665.5 ± 44.6 ms - Map
542.3 ±  2.6 ms - getState
0.223818
0.252717
0.509039
6201.5 ±  0.0 ms - Total time
3721.7 ±  0.0 ms - Build f time
473.7 ±  3.7 ms - Apply f time
3127.5 ± 13.1 ms - Real f time 
1397.3 ± 19.0 ms - Add time
113.6 ±  1.6 ms - Find child
161.6 ±  2.4 ms - Add child
1068.5 ± 11.2 ms - Hash
737.2 ± 46.2 ms - Map
612.6 ±  2.7 ms - getState
Dag sizes: 340615 406476 262593 270577 340608 405349 262088 268727 369401 
brutePieces time: 4.1664
541.5 ±  0.0 ms - Piece loop time
127.4 ± 15.9 ms - Set time
393.3 ±  3.8 ms - Child looking time
Nodes:  2926434
Pieces: 297343
makePieces time: 0.543862
Memory: 41.8 + 115.8 + 93.6 + 84.6 + 32.3 MB
 14.3 ±  0.5 ms - Greedy fill time
composePieces time: 4.60658
                                                                                