Running only task # 233
Using max depth 33
 |                                        | 0 / 416 (0.0%)Function count: 142
0.0209408
0.0223594
0.0228908
0.0242923
0.023636
0.0250718
0.0230288
0.0244712
0.0282817
0.0300874
 17.7 ±  0.0 ms - Piece loop time
 46.3 ± 44.0 ms - Set time
 15.1 ±  0.7 ms - Child looking time
0.0207706
0.0220777
0.0287142
155.1 ±  0.0 ms - Total time
139.5 ±  0.0 ms - Build f time
  5.1 ±  0.2 ms - Apply f time
123.8 ±  1.7 ms - Real f time 
 24.9 ±  0.9 ms - Add time
  1.3 ±  0.1 ms - Find child
  1.5 ±  0.1 ms - Add child
 24.7 ±  0.5 ms - Hash
 92.9 ± 55.0 ms - Map
  4.9 ±  0.2 ms - getState
0.0227732
0.0241612
0.0328214
187.9 ±  0.0 ms - Total time
162.3 ±  0.0 ms - Build f time
  7.5 ±  0.3 ms - Apply f time
145.6 ±  1.8 ms - Real f time 
 30.9 ±  1.1 ms - Add time
  2.0 ±  0.2 ms - Find child
  2.3 ±  0.2 ms - Add child
 31.0 ±  0.6 ms - Hash
 96.0 ± 54.9 ms - Map
  7.0 ±  0.2 ms - getState
0.0227016
0.0241477
0.0319385
219.9 ±  0.0 ms - Total time
185.0 ±  0.0 ms - Build f time
  9.9 ±  0.3 ms - Apply f time
167.0 ±  1.9 ms - Real f time 
 37.6 ±  1.4 ms - Add time
  2.8 ±  0.2 ms - Find child
  3.6 ±  0.2 ms - Add child
 36.1 ±  0.6 ms - Hash
101.8 ± 54.9 ms - Map
  9.2 ±  0.3 ms - getState
0.0240225
0.0254511
0.0350683
255.0 ±  0.0 ms - Total time
209.0 ±  0.0 ms - Build f time
 12.7 ±  0.4 ms - Apply f time
189.2 ±  2.0 ms - Real f time 
 44.2 ±  1.5 ms - Add time
  3.9 ±  0.2 ms - Find child
  4.6 ±  0.2 ms - Add child
 42.6 ±  0.7 ms - Hash
106.4 ± 54.9 ms - Map
 11.8 ±  0.3 ms - getState
0.0275682
0.0292863
0.0413496
296.3 ±  0.0 ms - Total time
236.6 ±  0.0 ms - Build f time
 15.8 ±  0.4 ms - Apply f time
216.1 ±  2.2 ms - Real f time 
 52.3 ±  1.5 ms - Add time
  5.0 ±  0.3 ms - Find child
  6.0 ±  0.3 ms - Add child
 50.1 ±  0.7 ms - Hash
110.8 ± 54.8 ms - Map
 14.9 ±  0.4 ms - getState
Dag sizes: 20400 21717 21538 23026 28022 
brutePieces time: 0.174232
 38.4 ±  0.0 ms - Piece loop time
 43.0 ± 35.8 ms - Set time
 30.2 ±  0.8 ms - Child looking time
Nodes:  114703
Pieces: 30259
makePieces time: 0.0392463
Memory: 0.8 + 6.9 + 3.7 + 22.8 + 1.8 MB
  1.6 ±  0.0 ms - Greedy fill time
composePieces time: 0.1166
                                                                                