Running only task # 115
Using max depth 3
 |                                        | 0 / 416 (0.0%)Function count: 142
0.095334
0.106185
0.0883259
0.0983849
0.0938365
0.104573
0.0900376
0.101687
0.0829818
0.0923717
 30.1 ±  0.0 ms - Piece loop time
 48.4 ± 41.4 ms - Set time
 22.9 ±  1.0 ms - Child looking time
0.0980865
0.108924
0.154888
664.5 ±  0.0 ms - Total time
548.6 ±  0.0 ms - Build f time
 32.1 ±  0.6 ms - Apply f time
500.6 ±  5.9 ms - Real f time 
120.1 ±  8.1 ms - Add time
  5.1 ±  0.3 ms - Find child
  6.7 ±  0.3 ms - Add child
 85.3 ±  1.0 ms - Hash
105.5 ± 43.8 ms - Map
 29.6 ±  0.5 ms - getState
0.0963291
0.113586
0.162416
827.0 ±  0.0 ms - Total time
644.9 ±  0.0 ms - Build f time
 47.7 ±  0.8 ms - Apply f time
592.2 ±  6.0 ms - Real f time 
192.1 ± 40.7 ms - Add time
  9.0 ±  0.3 ms - Find child
 11.8 ±  0.4 ms - Add child
108.4 ±  1.1 ms - Hash
129.0 ± 43.8 ms - Map
 45.9 ±  0.6 ms - getState
0.107651
0.119392
0.162748
989.7 ±  0.0 ms - Total time
752.6 ±  0.0 ms - Build f time
 61.7 ±  2.2 ms - Apply f time
691.6 ±  6.2 ms - Real f time 
236.0 ± 43.1 ms - Add time
 12.3 ±  0.4 ms - Find child
 15.8 ±  0.4 ms - Add child
129.0 ±  1.2 ms - Hash
196.9 ± 62.8 ms - Map
 58.8 ±  0.7 ms - getState
0.0973592
0.109758
0.151507
1141.3 ±  0.0 ms - Total time
849.9 ±  0.0 ms - Build f time
 73.6 ±  2.2 ms - Apply f time
783.1 ±  6.5 ms - Real f time 
264.8 ± 43.2 ms - Add time
 15.0 ±  0.4 ms - Find child
 20.3 ±  0.5 ms - Add child
149.5 ±  1.3 ms - Hash
218.2 ± 62.8 ms - Map
 72.0 ±  0.8 ms - getState
0.0835624
0.0929613
0.127277
1268.6 ±  0.0 ms - Total time
933.5 ±  0.0 ms - Build f time
 84.3 ±  2.2 ms - Apply f time
859.1 ±  6.6 ms - Real f time 
291.5 ± 43.2 ms - Add time
 17.4 ±  0.5 ms - Find child
 23.8 ±  0.6 ms - Add child
168.4 ±  1.4 ms - Hash
234.1 ± 62.7 ms - Map
 83.1 ±  0.8 ms - getState
Dag sizes: 117180 108889 110998 106999 91421 
brutePieces time: 0.768794
 77.7 ±  0.0 ms - Piece loop time
 59.4 ± 42.2 ms - Set time
 54.7 ±  1.3 ms - Child looking time
Nodes:  535487
Pieces: 71748
makePieces time: 0.0790778
Memory: 4.4 + 23.4 + 17.1 + 29.5 + 5.1 MB
  1.2 ±  0.0 ms - Greedy fill time
composePieces time: 0.236134
                                                                                