Running only task # 205
Using max depth 23
 |                                        | 0 / 416 (0.0%)Function count: 142
0.0286563
0.0311441
0.0238864
0.0256901
0.0285079
0.0313944
0.0265067
0.0283876
0.0243198
0.0261641
 29.9 ±  0.0 ms - Piece loop time
 40.2 ± 36.3 ms - Set time
 24.9 ±  1.0 ms - Child looking time
0.0521093
0.0559937
0.093878
236.8 ±  0.0 ms - Total time
184.0 ±  0.0 ms - Build f time
 11.9 ±  0.4 ms - Apply f time
166.8 ±  1.6 ms - Real f time 
 46.1 ±  1.6 ms - Add time
  2.5 ±  0.2 ms - Find child
  3.9 ±  0.2 ms - Add child
 37.5 ±  0.7 ms - Hash
 71.2 ± 41.1 ms - Map
 15.0 ±  0.4 ms - getState
0.0452494
0.0491
0.0829685
319.8 ±  0.0 ms - Total time
229.2 ±  0.0 ms - Build f time
 19.0 ±  0.4 ms - Apply f time
211.7 ±  2.7 ms - Real f time 
 64.3 ±  1.7 ms - Add time
  4.7 ±  0.2 ms - Find child
  6.4 ±  0.3 ms - Add child
 53.4 ±  0.8 ms - Hash
 83.3 ± 41.0 ms - Map
 25.5 ±  1.0 ms - getState
0.0536908
0.0576318
0.0964713
416.3 ±  0.0 ms - Total time
282.9 ±  0.0 ms - Build f time
 27.7 ±  0.6 ms - Apply f time
261.6 ±  3.4 ms - Real f time 
 84.9 ±  1.8 ms - Add time
  7.1 ±  0.3 ms - Find child
  9.5 ±  0.3 ms - Add child
 69.9 ±  0.9 ms - Hash
 97.6 ± 41.0 ms - Map
 36.9 ±  1.0 ms - getState
0.0447812
0.0480672
0.0797471
496.1 ±  0.0 ms - Total time
327.7 ±  0.0 ms - Build f time
 34.4 ±  0.6 ms - Apply f time
304.2 ±  3.5 ms - Real f time 
103.0 ±  1.9 ms - Add time
  9.0 ±  0.3 ms - Find child
 12.4 ±  0.4 ms - Add child
 84.8 ±  1.0 ms - Hash
107.5 ± 41.1 ms - Map
 46.3 ±  1.1 ms - getState
0.0463734
0.0492106
0.0820712
578.2 ±  0.0 ms - Total time
374.1 ±  0.0 ms - Build f time
 41.3 ±  0.7 ms - Apply f time
346.9 ±  3.7 ms - Real f time 
122.3 ±  2.0 ms - Add time
 12.5 ±  1.5 ms - Find child
 15.4 ±  0.4 ms - Add child
100.7 ±  1.1 ms - Hash
117.2 ± 41.1 ms - Map
 55.2 ±  1.1 ms - getState
Dag sizes: 68814 60818 69124 60730 62429 
brutePieces time: 0.439337
 81.3 ±  0.0 ms - Piece loop time
 64.6 ± 46.9 ms - Set time
 59.0 ±  1.2 ms - Child looking time
Nodes:  321915
Pieces: 89020
makePieces time: 0.082592
Memory: 3.4 + 14.7 + 10.3 + 26.1 + 4.5 MB
 10.9 ±  0.0 ms - Greedy fill time
composePieces time: 0.392759
                                                                                