Running only task # 55
Using max depth 4
 |                                        | 0 / 416 (0.0%)Function count: 142
0.0564462
0.0630496
0.081258
0.0906763
0.0752989
0.0840468
0.0706081
0.0785522
0.0871553
0.0973766
 48.7 ±  0.0 ms - Piece loop time
 46.8 ± 37.9 ms - Set time
 38.2 ±  1.2 ms - Child looking time
1.59454
1.75752
2.53579
2949.7 ±  0.0 ms - Total time
1965.3 ±  0.0 ms - Build f time
220.0 ±  6.0 ms - Apply f time
1831.3 ± 12.9 ms - Real f time 
515.8 ±  8.2 ms - Add time
 65.6 ±  1.8 ms - Find child
 83.3 ±  1.1 ms - Add child
392.6 ± 16.0 ms - Hash
664.0 ± 41.9 ms - Map
209.5 ±  2.5 ms - getState
2.3907
2.64901
3.84424
6794.0 ±  0.0 ms - Total time
4356.0 ±  0.0 ms - Build f time
515.6 ±  6.3 ms - Apply f time
4042.3 ± 14.3 ms - Real f time 
1523.8 ± 323.6 ms - Add time
160.8 ±  5.3 ms - Find child
202.1 ±  1.7 ms - Add child
897.2 ± 23.0 ms - Hash
1461.6 ± 42.2 ms - Map
539.2 ±  4.3 ms - getState
2.18699
2.4293
3.58029
10374.3 ±  0.0 ms - Total time
6543.0 ±  0.0 ms - Build f time
804.4 ±  6.6 ms - Apply f time
6111.3 ± 17.4 ms - Real f time 
2179.8 ± 323.7 ms - Add time
264.7 ± 16.0 ms - Find child
315.8 ±  2.1 ms - Add child
1373.2 ± 23.5 ms - Hash
2190.3 ± 43.9 ms - Map
845.8 ±  4.6 ms - getState
2.04305
2.26293
3.35285
13727.2 ±  0.0 ms - Total time
8586.0 ±  0.0 ms - Build f time
1084.1 ±  7.8 ms - Apply f time
8048.3 ± 19.9 ms - Real f time 
2803.4 ± 324.1 ms - Add time
350.8 ± 16.1 ms - Find child
433.0 ±  2.5 ms - Add child
1818.6 ± 23.6 ms - Hash
2879.9 ± 44.3 ms - Map
1135.7 ±  4.9 ms - getState
2.55441
2.84777
4.12322
17850.4 ±  0.0 ms - Total time
11140.5 ±  0.0 ms - Build f time
1401.9 ±  8.1 ms - Apply f time
10496.1 ± 27.2 ms - Real f time 
3560.0 ± 324.5 ms - Add time
445.9 ± 16.1 ms - Find child
556.2 ±  2.9 ms - Add child
2328.3 ± 23.8 ms - Hash
3700.8 ± 46.5 ms - Map
1494.7 ±  6.0 ms - getState
Dag sizes: 1614115 2502259 2418890 2342472 2593369 
brutePieces time: 17.4386
5545.4 ±  0.0 ms - Piece loop time
1552.3 ± 28.4 ms - Set time
3597.8 ± 22.9 ms - Child looking time
Nodes:  11471105
Pieces: 2428703
makePieces time: 5.55547
Memory: 77.6 + 572.3 + 367.1 + 267.4 + 192.3 MB
  4.3 ±  0.0 ms - Greedy fill time
composePieces time: 10.7534
                                                                                