Running only task # 371
Using max depth 33
 |                                        | 0 / 416 (0.0%)Function count: 142
0.0430864
0.0467811
0.084663
0.0920662
0.0267512
0.0288538
0.0429527
0.0463306
0.0818474
0.0888246
0.0269076
0.0289503
0.109167
0.117562
 60.5 ±  0.0 ms - Piece loop time
 42.9 ± 36.5 ms - Set time
 53.2 ±  1.9 ms - Child looking time
0.0437968
0.0484039
0.0893991
538.9 ±  0.0 ms - Total time
459.2 ±  0.0 ms - Build f time
 24.6 ±  0.5 ms - Apply f time
384.8 ±  2.8 ms - Real f time 
126.2 ± 17.4 ms - Add time
  5.1 ±  0.3 ms - Find child
  7.3 ±  0.3 ms - Add child
 75.6 ±  0.9 ms - Hash
 97.2 ± 37.4 ms - Map
 24.8 ±  1.8 ms - getState
0.0860484
0.0930494
0.170613
709.6 ±  0.0 ms - Total time
545.2 ±  0.0 ms - Build f time
 41.1 ±  0.7 ms - Apply f time
463.1 ±  3.1 ms - Real f time 
166.5 ± 17.5 ms - Add time
  9.7 ±  0.3 ms - Find child
 13.5 ±  0.4 ms - Add child
105.1 ±  1.2 ms - Hash
122.3 ± 37.4 ms - Map
 47.1 ±  1.9 ms - getState
0.0271946
0.0292521
0.0435315
753.2 ±  0.0 ms - Total time
572.4 ±  0.0 ms - Build f time
 45.4 ±  0.7 ms - Apply f time
489.9 ±  3.2 ms - Real f time 
176.2 ± 17.5 ms - Add time
 11.1 ±  0.4 ms - Find child
 15.5 ±  0.4 ms - Add child
112.9 ±  1.2 ms - Hash
129.1 ± 37.4 ms - Map
 50.9 ±  1.9 ms - getState
0.0444632
0.047836
0.0761103
829.3 ±  0.0 ms - Total time
616.9 ±  0.0 ms - Build f time
 52.7 ±  0.8 ms - Apply f time
533.7 ±  3.7 ms - Real f time 
192.7 ± 17.5 ms - Add time
 13.5 ±  0.4 ms - Find child
 18.7 ±  0.5 ms - Add child
124.9 ±  1.3 ms - Hash
142.3 ± 37.4 ms - Map
 57.9 ±  1.9 ms - getState
0.0871038
0.0945704
0.174513
1003.9 ±  0.0 ms - Total time
704.0 ±  0.0 ms - Build f time
 68.2 ±  0.9 ms - Apply f time
614.3 ±  4.1 ms - Real f time 
234.6 ± 17.5 ms - Add time
 17.7 ±  0.5 ms - Find child
 24.7 ±  0.6 ms - Add child
155.1 ±  1.5 ms - Hash
169.7 ± 37.4 ms - Map
 79.9 ±  1.9 ms - getState
0.0280142
0.0301409
0.0452549
1049.2 ±  0.0 ms - Total time
732.0 ±  0.0 ms - Build f time
 72.2 ±  0.9 ms - Apply f time
640.8 ±  4.2 ms - Real f time 
244.4 ± 17.5 ms - Add time
 20.0 ±  0.8 ms - Find child
 26.5 ±  0.6 ms - Add child
162.3 ±  1.5 ms - Hash
177.8 ± 37.4 ms - Map
 84.0 ±  2.0 ms - getState
0.107573
0.116427
0.21871
1267.9 ±  0.0 ms - Total time
839.6 ±  0.0 ms - Build f time
 90.5 ±  1.0 ms - Apply f time
759.8 ± 17.2 ms - Real f time 
294.2 ± 17.5 ms - Add time
 24.6 ±  0.8 ms - Find child
 33.4 ±  0.7 ms - Add child
199.7 ±  1.7 ms - Hash
207.8 ± 37.4 ms - Map
112.1 ±  2.0 ms - getState
Dag sizes: 66470 148597 38742 68213 148194 39282 151465 
brutePieces time: 0.822596
202.3 ±  0.0 ms - Piece loop time
 78.5 ± 43.4 ms - Set time
158.5 ±  1.9 ms - Child looking time
Nodes:  660963
Pieces: 129338
makePieces time: 0.203776
Memory: 5.8 + 27.4 + 21.2 + 39.9 + 8.7 MB
  9.4 ±  0.7 ms - Greedy fill time
composePieces time: 1.33192
                                                                                