Running only task # 147
Using max depth 23
 |                                        | 0 / 416 (0.0%)Function count: 142
0.238415
0.269105
0.198506
0.222455
0.205326
0.227012
0.236093
0.266147
0.196982
0.218832
0.201975
0.223773
0.218605
0.246462
 84.1 ±  0.0 ms - Piece loop time
 50.1 ± 22.2 ms - Set time
 62.3 ±  1.8 ms - Child looking time
0.227082
0.256024
0.373066
2047.3 ±  0.0 ms - Total time
1723.0 ±  0.0 ms - Build f time
 84.1 ±  1.6 ms - Apply f time
1318.2 ± 10.5 ms - Real f time 
420.8 ± 20.1 ms - Add time
  9.2 ±  0.3 ms - Find child
 13.0 ±  0.4 ms - Add child
296.4 ±  3.0 ms - Hash
216.1 ± 43.4 ms - Map
103.4 ±  1.3 ms - getState
0.198951
0.219782
0.316993
2364.3 ±  0.0 ms - Total time
1921.9 ±  0.0 ms - Build f time
105.8 ±  1.8 ms - Apply f time
1478.5 ± 10.8 ms - Real f time 
483.7 ± 20.1 ms - Add time
 14.4 ±  0.4 ms - Find child
 21.1 ±  0.5 ms - Add child
348.6 ±  3.1 ms - Hash
250.0 ± 43.4 ms - Map
144.2 ±  1.7 ms - getState
0.203529
0.225121
0.323331
2687.7 ±  0.0 ms - Total time
2125.5 ±  0.0 ms - Build f time
128.1 ±  2.0 ms - Apply f time
1644.5 ± 11.3 ms - Real f time 
555.3 ± 20.6 ms - Add time
 20.2 ±  0.5 ms - Find child
 28.1 ±  0.6 ms - Add child
402.3 ±  3.2 ms - Hash
289.3 ± 43.4 ms - Map
183.6 ±  2.2 ms - getState
0.225888
0.255426
0.36421
3052.0 ±  0.0 ms - Total time
2351.3 ±  0.0 ms - Build f time
152.3 ±  2.1 ms - Apply f time
1828.1 ± 11.7 ms - Real f time 
638.4 ± 21.9 ms - Add time
 25.9 ±  0.6 ms - Find child
 35.8 ±  0.7 ms - Add child
460.2 ±  3.3 ms - Hash
327.4 ± 43.4 ms - Map
228.8 ±  2.4 ms - getState
0.202282
0.223179
0.323782
3375.8 ±  0.0 ms - Total time
2553.6 ±  0.0 ms - Build f time
174.7 ±  2.2 ms - Apply f time
2006.7 ± 20.2 ms - Real f time 
703.3 ± 21.9 ms - Add time
 31.2 ±  0.6 ms - Find child
 43.6 ±  0.7 ms - Add child
513.1 ±  3.4 ms - Hash
362.8 ± 43.3 ms - Map
269.8 ±  3.3 ms - getState
0.20449
0.226408
0.324351
3700.2 ±  0.0 ms - Total time
2758.1 ±  0.0 ms - Build f time
197.2 ±  2.6 ms - Apply f time
2169.2 ± 20.5 ms - Real f time 
767.6 ± 22.0 ms - Add time
 36.9 ±  0.7 ms - Find child
 51.2 ±  0.8 ms - Add child
567.0 ±  3.6 ms - Hash
399.2 ± 43.4 ms - Map
307.7 ±  3.4 ms - getState
0.228583
0.256708
0.362907
4063.2 ±  0.0 ms - Total time
2986.7 ±  0.0 ms - Build f time
220.5 ±  2.7 ms - Apply f time
2354.3 ± 20.8 ms - Real f time 
842.2 ± 22.0 ms - Add time
 42.5 ±  0.7 ms - Find child
 58.6 ±  0.9 ms - Add child
624.3 ±  3.7 ms - Hash
437.3 ± 43.4 ms - Map
353.1 ±  3.5 ms - getState
Dag sizes: 161440 138578 148749 162774 138727 148473 155111 
brutePieces time: 2.39324
210.6 ±  0.0 ms - Piece loop time
100.0 ± 51.8 ms - Set time
138.4 ±  2.6 ms - Child looking time
Nodes:  1053852
Pieces: 24822
makePieces time: 0.212217
Memory: 21.5 + 52.6 + 33.7 + 46.2 + 9.3 MB
  1.3 ±  0.2 ms - Greedy fill time
composePieces time: 0.184185
                                                                                