Running only task # 358
Using max depth 23
 |                                        | 0 / 416 (0.0%)Function count: 142
0.0221725
0.0239478
0.0293814
0.0320198
0.0315339
0.0345869
0.0378751
0.0409533
0.0236092
0.0253944
0.0290097
0.0316388
0.0303772
0.0333211
0.038124
0.0411706
0.0441647
0.0474386
 45.0 ±  0.0 ms - Piece loop time
 41.7 ± 36.7 ms - Set time
 37.4 ±  1.3 ms - Child looking time
0.0224463
0.02405
0.0299435
340.6 ±  0.0 ms - Total time
308.7 ±  0.0 ms - Build f time
 11.0 ±  0.3 ms - Apply f time
284.2 ±  3.4 ms - Real f time 
 63.4 ±  4.3 ms - Add time
  1.9 ±  0.2 ms - Find child
  3.0 ±  0.2 ms - Add child
 48.6 ±  0.8 ms - Hash
107.1 ± 51.0 ms - Map
  9.7 ±  0.3 ms - getState
0.030178
0.0325524
0.0445743
385.2 ±  0.0 ms - Total time
338.9 ±  0.0 ms - Build f time
 15.0 ±  0.4 ms - Apply f time
314.8 ±  3.5 ms - Real f time 
 74.3 ±  4.9 ms - Add time
  3.2 ±  0.2 ms - Find child
  4.8 ±  0.3 ms - Add child
 55.5 ±  0.8 ms - Hash
113.4 ± 51.0 ms - Map
 12.8 ±  0.3 ms - getState
0.0326359
0.0354288
0.0492529
434.5 ±  0.0 ms - Total time
371.5 ±  0.0 ms - Build f time
 19.5 ±  0.6 ms - Apply f time
348.2 ±  3.8 ms - Real f time 
 83.6 ±  4.9 ms - Add time
  4.4 ±  0.2 ms - Find child
  6.8 ±  0.3 ms - Add child
 62.9 ±  0.9 ms - Hash
122.5 ± 51.1 ms - Map
 16.5 ±  0.4 ms - getState
0.0405679
0.0439326
0.066087
500.6 ±  0.0 ms - Total time
412.1 ±  0.0 ms - Build f time
 24.9 ±  0.6 ms - Apply f time
387.1 ±  3.9 ms - Real f time 
 96.8 ±  4.9 ms - Add time
  6.0 ±  0.3 ms - Find child
  8.9 ±  0.3 ms - Add child
 72.9 ±  0.9 ms - Hash
132.3 ± 51.1 ms - Map
 22.2 ±  0.4 ms - getState
0.022362
0.0239944
0.0305895
531.3 ±  0.0 ms - Total time
434.4 ±  0.0 ms - Build f time
 27.3 ±  0.7 ms - Apply f time
412.2 ±  4.2 ms - Real f time 
103.3 ±  4.9 ms - Add time
  7.1 ±  0.3 ms - Find child
 10.3 ±  0.4 ms - Add child
 77.5 ±  0.9 ms - Hash
136.6 ± 51.1 ms - Map
 24.3 ±  0.5 ms - getState
0.0305867
0.0332821
0.0459995
577.3 ±  0.0 ms - Total time
465.0 ±  0.0 ms - Build f time
 31.5 ±  0.7 ms - Apply f time
442.3 ±  4.2 ms - Real f time 
112.5 ±  5.0 ms - Add time
  8.2 ±  0.3 ms - Find child
 11.8 ±  0.4 ms - Add child
 84.7 ±  1.0 ms - Hash
142.8 ± 51.1 ms - Map
 27.7 ±  0.5 ms - getState
0.0318625
0.034692
0.0480714
625.5 ±  0.0 ms - Total time
496.9 ±  0.0 ms - Build f time
 35.8 ±  0.7 ms - Apply f time
473.5 ±  4.2 ms - Real f time 
122.1 ±  5.0 ms - Add time
  9.6 ±  0.3 ms - Find child
 13.4 ±  0.4 ms - Add child
 92.1 ±  1.0 ms - Hash
150.0 ± 51.1 ms - Map
 31.4 ±  0.5 ms - getState
0.0411472
0.0442601
0.0655155
691.0 ±  0.0 ms - Total time
538.0 ±  0.0 ms - Build f time
 40.9 ±  0.8 ms - Apply f time
511.8 ±  4.3 ms - Real f time 
137.1 ±  5.3 ms - Add time
 11.3 ±  0.4 ms - Find child
 15.4 ±  0.4 ms - Add child
102.5 ±  1.1 ms - Hash
159.3 ± 51.1 ms - Map
 37.3 ±  0.6 ms - getState
0.0465175
0.0498049
0.0765978
767.7 ±  0.0 ms - Total time
584.5 ±  0.0 ms - Build f time
 47.1 ±  0.8 ms - Apply f time
556.4 ±  4.4 ms - Real f time 
161.6 ±  9.1 ms - Add time
 13.2 ±  0.4 ms - Find child
 17.4 ±  0.5 ms - Add child
116.0 ±  1.2 ms - Hash
168.8 ± 51.1 ms - Map
 44.5 ±  0.6 ms - getState
Dag sizes: 21287 36581 38458 52046 21314 36971 38893 52379 54855 
brutePieces time: 0.463386
108.3 ±  0.0 ms - Piece loop time
 49.2 ± 34.6 ms - Set time
 87.6 ±  1.6 ms - Child looking time
Nodes:  352784
Pieces: 55577
makePieces time: 0.109662
Memory: 2.2 + 18.5 + 11.3 + 43.4 + 5.2 MB
  5.2 ±  0.4 ms - Greedy fill time
composePieces time: 0.62065
                                                                                