Running only task # 295
Using max depth 23
 |                                        | 0 / 416 (0.0%)Function count: 142
0.0464299
0.0501336
0.0148578
0.0158825
0.047647
0.0508478
0.0592524
0.0640754
0.0455175
0.0488058
0.0145398
0.0155307
0.0462383
0.0496538
0.0568863
0.061707
0.0697162
0.0748344
 68.4 ±  0.0 ms - Piece loop time
 43.0 ± 35.0 ms - Set time
 56.9 ±  1.6 ms - Child looking time
0.0514901
0.0545726
0.0738217
505.6 ±  0.0 ms - Total time
452.6 ±  0.0 ms - Build f time
 15.5 ±  0.4 ms - Apply f time
375.9 ±  2.6 ms - Real f time 
 97.6 ±  4.0 ms - Add time
  3.1 ±  0.2 ms - Find child
  4.0 ±  0.2 ms - Add child
 74.7 ±  0.9 ms - Hash
 99.6 ± 37.0 ms - Map
 17.4 ±  0.4 ms - getState
0.0142578
0.0151947
0.0190469
524.7 ±  0.0 ms - Total time
466.8 ±  0.0 ms - Build f time
 17.1 ±  0.4 ms - Apply f time
389.9 ±  2.6 ms - Real f time 
101.0 ±  4.0 ms - Add time
  3.5 ±  0.2 ms - Find child
  4.7 ±  0.2 ms - Add child
 78.4 ±  1.0 ms - Hash
102.2 ± 37.0 ms - Map
 18.8 ±  0.4 ms - getState
0.0463152
0.0494172
0.0697631
594.5 ±  0.0 ms - Total time
513.1 ±  0.0 ms - Build f time
 22.5 ±  0.5 ms - Apply f time
432.8 ±  2.8 ms - Real f time 
115.2 ±  4.0 ms - Add time
  5.2 ±  0.3 ms - Find child
  7.0 ±  0.3 ms - Add child
 90.0 ±  1.0 ms - Hash
112.4 ± 37.0 ms - Map
 25.4 ±  0.5 ms - getState
0.0583799
0.0627669
0.0918538
686.3 ±  0.0 ms - Total time
571.5 ±  0.0 ms - Build f time
 30.0 ±  0.6 ms - Apply f time
485.4 ±  2.9 ms - Real f time 
145.5 ± 11.9 ms - Add time
  7.0 ±  0.3 ms - Find child
  9.8 ±  0.4 ms - Add child
103.8 ±  1.1 ms - Hash
125.8 ± 37.0 ms - Map
 35.0 ±  0.5 ms - getState
0.0465479
0.0497845
0.0719107
758.3 ±  0.0 ms - Total time
618.1 ±  0.0 ms - Build f time
 35.6 ±  0.6 ms - Apply f time
528.2 ±  3.0 ms - Real f time 
163.4 ± 12.6 ms - Add time
  8.6 ±  0.3 ms - Find child
 12.1 ±  0.4 ms - Add child
114.9 ±  1.1 ms - Hash
148.0 ± 38.6 ms - Map
 41.5 ±  0.6 ms - getState
0.0141706
0.0154343
0.0195168
777.8 ±  0.0 ms - Total time
632.2 ±  0.0 ms - Build f time
 37.1 ±  0.6 ms - Apply f time
541.9 ±  3.1 ms - Real f time 
167.3 ± 12.6 ms - Add time
  9.2 ±  0.3 ms - Find child
 12.9 ±  0.4 ms - Add child
118.5 ±  1.2 ms - Hash
150.5 ± 38.5 ms - Map
 42.9 ±  0.6 ms - getState
0.0546469
0.0577696
0.0787238
856.6 ±  0.0 ms - Total time
686.9 ±  0.0 ms - Build f time
 42.8 ±  0.7 ms - Apply f time
588.7 ±  3.2 ms - Real f time 
182.6 ± 12.6 ms - Add time
 10.9 ±  0.4 ms - Find child
 15.3 ±  0.4 ms - Add child
131.0 ±  1.2 ms - Hash
161.4 ± 38.5 ms - Map
 49.2 ±  0.6 ms - getState
0.0662254
0.0709506
0.0990779
955.7 ±  0.0 ms - Total time
753.1 ±  0.0 ms - Build f time
 50.3 ±  0.7 ms - Apply f time
651.1 ±  3.9 ms - Real f time 
205.2 ± 12.6 ms - Add time
 12.9 ±  0.4 ms - Find child
 18.4 ±  0.5 ms - Add child
145.7 ±  1.3 ms - Hash
175.6 ± 38.5 ms - Map
 59.0 ±  0.9 ms - getState
0.0713641
0.076554
0.116579
1072.4 ±  0.0 ms - Total time
824.5 ±  0.0 ms - Build f time
 59.3 ±  0.8 ms - Apply f time
714.0 ±  4.1 ms - Real f time 
233.7 ± 12.9 ms - Add time
 15.5 ±  0.4 ms - Find child
 21.8 ±  0.5 ms - Add child
164.6 ±  1.4 ms - Hash
191.8 ± 38.5 ms - Map
 71.0 ±  1.0 ms - getState
Dag sizes: 55810 13557 57849 75051 55777 13557 57836 74747 90827 
brutePieces time: 0.646802
160.4 ±  0.0 ms - Piece loop time
 67.2 ± 46.0 ms - Set time
132.2 ±  2.4 ms - Child looking time
Nodes:  495011
Pieces: 76724
makePieces time: 0.16182
Memory: 3.3 + 25.4 + 15.8 + 45.7 + 6.6 MB
  9.8 ±  0.4 ms - Greedy fill time
composePieces time: 1.34893
                                                                                