Running only task # 240
Using max depth 33
 |                                        | 0 / 416 (0.0%)Function count: 142
0.600136
0.683127
0.248848
0.278765
0.171672
0.189829
0.599179
0.684901
0.250067
0.280182
0.174585
0.19809
0.386571
0.445163
100.2 ±  0.0 ms - Piece loop time
 38.3 ± 16.5 ms - Set time
 76.3 ±  2.0 ms - Child looking time
0.620436
0.701111
1.23665
3997.1 ±  0.0 ms - Total time
3051.5 ±  0.0 ms - Build f time
188.4 ±  2.5 ms - Apply f time
2323.3 ± 20.7 ms - Real f time 
835.6 ± 11.7 ms - Add time
 16.5 ±  0.5 ms - Find child
 23.8 ±  0.5 ms - Add child
676.5 ±  3.9 ms - Hash
243.9 ± 40.1 ms - Map
273.7 ±  2.7 ms - getState
0.255119
0.284427
0.475828
4473.0 ±  0.0 ms - Total time
3306.6 ±  0.0 ms - Build f time
227.9 ±  2.8 ms - Apply f time
2546.3 ± 21.0 ms - Real f time 
945.9 ± 12.2 ms - Add time
 26.2 ±  0.6 ms - Find child
 36.2 ±  0.7 ms - Add child
767.2 ±  4.0 ms - Hash
288.7 ± 40.0 ms - Map
333.0 ±  3.2 ms - getState
0.180936
0.198997
0.330046
4803.1 ±  0.0 ms - Total time
3487.5 ±  0.0 ms - Build f time
254.1 ±  2.8 ms - Apply f time
2702.4 ± 21.1 ms - Real f time 
1021.3 ± 12.3 ms - Add time
 32.2 ±  0.6 ms - Find child
 44.5 ±  0.7 ms - Add child
835.2 ±  4.1 ms - Hash
323.8 ± 40.3 ms - Map
369.0 ±  3.3 ms - getState
0.628094
0.711355
1.27653
6079.7 ±  0.0 ms - Total time
4115.6 ±  0.0 ms - Build f time
337.2 ±  3.3 ms - Apply f time
3212.8 ± 25.2 ms - Real f time 
1340.6 ± 12.9 ms - Add time
 44.4 ±  0.8 ms - Find child
 62.9 ±  0.9 ms - Add child
1091.9 ±  4.6 ms - Hash
396.5 ± 40.3 ms - Map
552.7 ±  3.8 ms - getState
0.260543
0.290641
0.495293
6575.0 ±  0.0 ms - Total time
4376.2 ±  0.0 ms - Build f time
375.9 ±  3.4 ms - Apply f time
3435.3 ± 25.4 ms - Real f time 
1455.4 ± 13.1 ms - Add time
 52.9 ±  0.8 ms - Find child
 75.0 ±  1.0 ms - Add child
1182.9 ±  4.7 ms - Hash
476.4 ± 48.5 ms - Map
616.1 ±  4.0 ms - getState
0.182176
0.201069
0.331267
6906.3 ±  0.0 ms - Total time
4558.4 ±  0.0 ms - Build f time
403.0 ±  3.5 ms - Apply f time
3593.0 ± 25.5 ms - Real f time 
1526.9 ± 13.1 ms - Add time
 58.6 ±  0.9 ms - Find child
 83.5 ±  1.1 ms - Add child
1250.3 ±  4.8 ms - Hash
508.5 ± 48.5 ms - Map
652.1 ±  4.1 ms - getState
0.401751
0.452581
0.791509
7697.8 ±  0.0 ms - Total time
4960.1 ±  0.0 ms - Build f time
460.9 ±  3.7 ms - Apply f time
3928.0 ± 26.1 ms - Real f time 
1743.3 ± 22.0 ms - Add time
 70.3 ±  1.0 ms - Find child
 99.2 ±  1.2 ms - Add child
1408.3 ±  5.1 ms - Hash
575.2 ± 48.6 ms - Map
760.0 ±  4.3 ms - getState
Dag sizes: 372432 247928 193006 423026 277942 174585 328273 
brutePieces time: 4.94094
391.1 ±  0.0 ms - Piece loop time
100.8 ± 16.5 ms - Set time
284.8 ±  2.8 ms - Child looking time
Nodes:  2017192
Pieces: 267290
makePieces time: 0.392884
Memory: 59.7 + 71.4 + 64.6 + 61.6 + 22.7 MB
206.2 ± 21.8 ms - Greedy fill time
composePieces time: 6.58444
                                                                                