Running only task # 52
Using max depth 4
 |                                        | 0 / 416 (0.0%)Function count: 142
0.177454
0.19457
0.181007
0.198465
0.20159
0.223288
 21.6 ±  0.0 ms - Piece loop time
 42.1 ± 36.2 ms - Set time
 14.7 ±  0.7 ms - Child looking time
4.65136
5.11337
7.63134
8247.8 ±  0.0 ms - Total time
5211.4 ±  0.0 ms - Build f time
418.5 ± 14.9 ms - Apply f time
4201.5 ± 23.6 ms - Real f time 
1564.1 ± 23.7 ms - Add time
 74.3 ±  1.0 ms - Find child
104.1 ±  1.4 ms - Add child
1623.3 ±  9.5 ms - Hash
917.3 ± 40.1 ms - Map
758.9 ± 14.4 ms - getState
4.64152
5.09961
7.4383
15686.1 ±  0.0 ms - Total time
9852.9 ±  0.0 ms - Build f time
785.2 ± 15.1 ms - Apply f time
7979.8 ± 39.2 ms - Real f time 
2913.3 ± 27.7 ms - Add time
143.4 ±  2.3 ms - Find child
199.4 ±  1.8 ms - Add child
3090.1 ± 17.9 ms - Hash
1763.6 ± 44.0 ms - Map
1441.6 ± 14.7 ms - getState
5.67237
6.2785
9.3512
25037.4 ±  0.0 ms - Total time
15525.3 ±  0.0 ms - Build f time
1271.2 ± 15.8 ms - Apply f time
12688.0 ± 51.2 ms - Real f time 
4698.0 ± 30.2 ms - Add time
229.2 ±  2.6 ms - Find child
331.0 ±  8.3 ms - Add child
4908.8 ± 33.4 ms - Hash
2788.1 ± 47.4 ms - Map
2349.5 ± 15.2 ms - getState
Dag sizes: 2532087 2396776 3176947 
brutePieces time: 24.4222
2182.8 ±  0.0 ms - Piece loop time
1053.3 ± 105.4 ms - Set time
1148.9 ± 10.7 ms - Child looking time
Nodes:  8105810
Pieces: 2382184
makePieces time: 2.18917
Memory: 218.2 + 346.5 + 259.4 + 196.8 + 87.4 MB
 24.8 ±  0.0 ms - Greedy fill time
composePieces time: 7.60333
                                                                                