Running only task # 250
Using max depth 4
 |                                        | 0 / 416 (0.0%)Function count: 142
0.0837495
0.0928682
0.0641875
0.0711598
0.0513183
0.0565912
0.127469
0.142785
 22.6 ±  0.0 ms - Piece loop time
 45.8 ± 40.1 ms - Set time
 16.0 ±  0.9 ms - Child looking time
2.21783
2.41954
3.34223
3712.4 ±  0.0 ms - Total time
2544.6 ±  0.0 ms - Build f time
204.0 ±  3.1 ms - Apply f time
2148.2 ± 14.5 ms - Real f time 
625.1 ± 17.2 ms - Add time
 48.0 ±  0.9 ms - Find child
 61.7 ±  1.0 ms - Add child
657.4 ±  9.4 ms - Hash
571.3 ± 52.9 ms - Map
290.3 ±  2.8 ms - getState
1.72172
1.87458
2.50304
6215.4 ±  0.0 ms - Total time
4266.3 ±  0.0 ms - Build f time
351.7 ±  3.5 ms - Apply f time
3624.4 ± 15.9 ms - Real f time 
1019.2 ± 18.5 ms - Add time
 87.8 ±  1.2 ms - Find child
111.7 ±  1.3 ms - Add child
1062.6 ±  9.9 ms - Hash
956.5 ± 53.0 ms - Map
493.5 ±  5.9 ms - getState
1.26299
1.37562
1.75671
7972.2 ±  0.0 ms - Total time
5529.3 ±  0.0 ms - Build f time
458.8 ±  3.8 ms - Apply f time
4754.5 ± 16.7 ms - Real f time 
1285.7 ± 19.3 ms - Add time
118.6 ±  1.4 ms - Find child
149.2 ±  2.6 ms - Add child
1335.5 ± 18.7 ms - Hash
1268.9 ± 56.9 ms - Map
616.0 ±  6.2 ms - getState
3.50555
3.83266
5.28086
13253.1 ±  0.0 ms - Total time
9034.8 ±  0.0 ms - Build f time
739.4 ±  4.5 ms - Apply f time
7752.4 ± 34.7 ms - Real f time 
2361.3 ± 152.0 ms - Add time
177.9 ±  1.6 ms - Find child
233.2 ±  2.8 ms - Add child
2294.0 ± 19.1 ms - Hash
1853.8 ± 57.0 ms - Map
1072.2 ± 10.9 ms - getState
Dag sizes: 1404610 1163278 862147 1957272 
brutePieces time: 12.8854
1568.4 ±  0.0 ms - Piece loop time
506.8 ± 20.3 ms - Set time
975.6 ± 11.3 ms - Child looking time
Nodes:  5387307
Pieces: 1075907
makePieces time: 1.57171
Memory: 79.8 + 274.0 + 172.4 + 136.5 + 58.4 MB
 10.0 ±  0.0 ms - Greedy fill time
composePieces time: 2.55434
                                                                                