Running only task # 400
Using max depth 23
 |                                        | 0 / 416 (0.0%)Function count: 142
0.0328227
0.0359328
0.0389068
0.0426278
0.0372466
0.0405101
0.0319061
0.0348242
0.0367441
0.0399286
0.0374053
0.0408677
0.0392059
0.0429982
 41.8 ±  0.0 ms - Piece loop time
 43.1 ± 37.2 ms - Set time
 33.6 ±  1.2 ms - Child looking time
0.0317054
0.0346299
0.047766
325.7 ±  0.0 ms - Total time
285.9 ±  0.0 ms - Build f time
 13.1 ±  0.4 ms - Apply f time
260.8 ±  2.0 ms - Real f time 
 64.1 ±  6.8 ms - Add time
  2.3 ±  0.2 ms - Find child
  2.9 ±  0.2 ms - Add child
 48.1 ±  0.8 ms - Hash
 88.7 ± 47.0 ms - Map
 12.0 ±  0.4 ms - getState
0.0361349
0.0393907
0.0542088
379.9 ±  0.0 ms - Total time
322.1 ±  0.0 ms - Build f time
 18.6 ±  0.4 ms - Apply f time
297.1 ±  2.1 ms - Real f time 
 74.8 ±  6.8 ms - Add time
  4.0 ±  0.2 ms - Find child
  5.0 ±  0.2 ms - Add child
 56.9 ±  0.9 ms - Hash
 96.5 ± 47.0 ms - Map
 16.0 ±  0.4 ms - getState
0.039757
0.0432007
0.0602558
440.2 ±  0.0 ms - Total time
361.8 ±  0.0 ms - Build f time
 24.0 ±  0.5 ms - Apply f time
337.3 ±  3.1 ms - Real f time 
 87.3 ±  6.8 ms - Add time
  5.7 ±  0.3 ms - Find child
  7.1 ±  0.3 ms - Add child
 66.5 ±  0.9 ms - Hash
105.8 ± 47.0 ms - Map
 20.7 ±  0.5 ms - getState
0.0328819
0.0359603
0.0495919
489.8 ±  0.0 ms - Total time
394.7 ±  0.0 ms - Build f time
 28.7 ±  0.6 ms - Apply f time
369.6 ±  3.3 ms - Real f time 
 96.9 ±  6.9 ms - Add time
  7.2 ±  0.3 ms - Find child
 10.5 ±  1.5 ms - Add child
 74.1 ±  1.0 ms - Hash
113.2 ± 47.1 ms - Map
 24.4 ±  0.5 ms - getState
0.0389936
0.0424507
0.0585745
548.4 ±  0.0 ms - Total time
433.7 ±  0.0 ms - Build f time
 33.9 ±  0.6 ms - Apply f time
406.5 ±  3.3 ms - Real f time 
108.7 ±  6.9 ms - Add time
  8.8 ±  0.3 ms - Find child
 12.5 ±  1.5 ms - Add child
 83.3 ±  1.0 ms - Hash
121.9 ± 47.1 ms - Map
 28.8 ±  0.5 ms - getState
0.039821
0.0437058
0.0624169
611.6 ±  0.0 ms - Total time
473.5 ±  0.0 ms - Build f time
 39.9 ±  0.7 ms - Apply f time
445.2 ±  3.6 ms - Real f time 
121.1 ±  6.9 ms - Add time
 10.7 ±  0.4 ms - Find child
 14.7 ±  1.5 ms - Add child
 93.1 ±  1.2 ms - Hash
131.9 ± 47.1 ms - Map
 34.0 ±  0.6 ms - getState
0.0398291
0.0435057
0.0629932
674.6 ±  0.0 ms - Total time
513.4 ±  0.0 ms - Build f time
 46.5 ±  0.7 ms - Apply f time
484.9 ±  3.7 ms - Real f time 
134.4 ±  6.9 ms - Add time
 12.9 ±  0.4 ms - Find child
 16.9 ±  1.5 ms - Add child
106.7 ±  3.7 ms - Hash
141.8 ± 47.1 ms - Map
 39.7 ±  0.6 ms - getState
Dag sizes: 42164 46815 52188 41473 46976 52745 54352 
brutePieces time: 0.401461
101.9 ±  0.0 ms - Piece loop time
 59.8 ± 38.5 ms - Set time
 74.9 ±  1.8 ms - Child looking time
Nodes:  336713
Pieces: 66101
makePieces time: 0.103065
Memory: 1.7 + 17.9 + 10.8 + 34.7 + 5.1 MB
  2.8 ±  0.2 ms - Greedy fill time
composePieces time: 0.567484
                                                                                