Running only task # 1
Using max depth 3
 |                                        | 0 / 416 (0.0%)Function count: 142
0.00810528
0.00862289
0.0105005
0.0112853
0.00304212
0.00315923
0.00298652
0.00311323
0.00646582
0.00676632
0.0103156
0.0109735
 15.4 ±  0.0 ms - Piece loop time
 43.9 ± 42.6 ms - Set time
 14.5 ±  0.9 ms - Child looking time
0.00719363
0.0075998
0.00822773
 52.2 ±  0.0 ms - Total time
 48.6 ±  0.0 ms - Build f time
  1.4 ±  0.1 ms - Apply f time
 46.2 ±  0.7 ms - Real f time 
  8.8 ±  0.3 ms - Add time
  0.2 ±  0.1 ms - Find child
  0.5 ±  0.1 ms - Add child
  8.7 ±  0.3 ms - Hash
 50.3 ± 42.8 ms - Map
  1.2 ±  0.1 ms - getState
0.0104454
0.0111998
0.0122097
 64.4 ±  0.0 ms - Total time
 59.1 ±  0.0 ms - Build f time
  2.1 ±  0.1 ms - Apply f time
 56.9 ±  0.8 ms - Real f time 
 11.2 ±  0.4 ms - Add time
  0.5 ±  0.1 ms - Find child
  0.8 ±  0.1 ms - Add child
 10.6 ±  0.4 ms - Hash
 52.1 ± 42.9 ms - Map
  1.7 ±  0.1 ms - getState
0.00303179
0.00314608
0.00341175
 67.9 ±  0.0 ms - Total time
 62.1 ±  0.0 ms - Build f time
  2.2 ±  0.1 ms - Apply f time
 59.9 ±  0.8 ms - Real f time 
 11.7 ±  0.4 ms - Add time
  0.5 ±  0.1 ms - Find child
  0.8 ±  0.1 ms - Add child
 11.3 ±  0.4 ms - Hash
 52.6 ± 42.8 ms - Map
  1.8 ±  0.1 ms - getState
0.0030458
0.00316088
0.00338962
 71.3 ±  0.0 ms - Total time
 65.1 ±  0.0 ms - Build f time
  2.4 ±  0.2 ms - Apply f time
 62.8 ±  0.8 ms - Real f time 
 12.5 ±  0.4 ms - Add time
  0.6 ±  0.1 ms - Find child
  0.8 ±  0.1 ms - Add child
 12.3 ±  0.4 ms - Hash
 53.0 ± 42.8 ms - Map
  1.9 ±  0.1 ms - getState
0.00676634
0.00705331
0.00758483
 78.9 ±  0.0 ms - Total time
 71.9 ±  0.0 ms - Build f time
  2.7 ±  0.2 ms - Apply f time
 69.4 ±  0.8 ms - Real f time 
 13.7 ±  0.4 ms - Add time
  0.7 ±  0.1 ms - Find child
  1.1 ±  0.1 ms - Add child
 13.8 ±  0.4 ms - Hash
 53.8 ± 42.7 ms - Map
  2.2 ±  0.1 ms - getState
0.010631
0.0113162
0.0121619
 91.0 ±  0.0 ms - Total time
 82.5 ±  0.0 ms - Build f time
  3.2 ±  0.2 ms - Apply f time
 80.3 ±  0.9 ms - Real f time 
 16.0 ±  0.5 ms - Add time
  1.0 ±  0.1 ms - Find child
  1.3 ±  0.1 ms - Add child
 15.7 ±  0.4 ms - Hash
 55.4 ± 42.8 ms - Map
  2.6 ±  0.2 ms - getState
Dag sizes: 4353 7071 1493 1493 3626 5986 
brutePieces time: 0.051521
 20.5 ±  0.0 ms - Piece loop time
 42.7 ± 40.7 ms - Set time
 17.7 ±  0.7 ms - Child looking time
Nodes:  24022
Pieces: 5567
makePieces time: 0.0214248
Memory: 0.1 + 3.0 + 0.8 + 25.5 + 0.6 MB
  1.1 ±  0.1 ms - Greedy fill time
composePieces time: 0.0518288
                                                                                