Running only task # 394
Using max depth 23
 |                                        | 0 / 416 (0.0%)Function count: 142
0.115415
0.128042
0.128045
0.144083
0.114444
0.126882
0.129567
0.145445
0.127227
0.142451
 42.6 ±  0.0 ms - Piece loop time
 44.7 ± 35.4 ms - Set time
 30.6 ±  1.2 ms - Child looking time
0.118344
0.130082
0.247329
934.4 ±  0.0 ms - Total time
733.0 ±  0.0 ms - Build f time
 47.0 ±  0.8 ms - Apply f time
603.1 ±  4.7 ms - Real f time 
189.3 ±  2.8 ms - Add time
  8.2 ±  0.4 ms - Find child
 11.1 ±  0.4 ms - Add child
146.3 ±  1.4 ms - Hash
122.8 ± 35.9 ms - Map
 55.7 ±  0.7 ms - getState
0.129776
0.146278
0.282183
1216.6 ±  0.0 ms - Total time
862.8 ±  0.0 ms - Build f time
 71.0 ±  0.9 ms - Apply f time
722.7 ±  4.9 ms - Real f time 
258.4 ±  2.9 ms - Add time
 14.3 ±  0.5 ms - Find child
 19.7 ±  0.5 ms - Add child
196.0 ±  1.6 ms - Hash
160.4 ± 36.0 ms - Map
 92.9 ±  0.9 ms - getState
0.135901
0.150858
0.276961
1493.7 ±  0.0 ms - Total time
998.7 ±  0.0 ms - Build f time
 93.1 ±  1.1 ms - Apply f time
843.8 ±  5.3 ms - Real f time 
347.8 ± 25.2 ms - Add time
 19.8 ±  0.5 ms - Find child
 27.2 ±  0.6 ms - Add child
242.5 ±  1.7 ms - Hash
199.4 ± 35.9 ms - Map
126.8 ±  1.0 ms - getState
0.136754
0.153098
0.298819
1792.5 ±  0.0 ms - Total time
1135.5 ±  0.0 ms - Build f time
119.3 ±  1.2 ms - Apply f time
971.0 ±  6.3 ms - Real f time 
432.1 ± 28.3 ms - Add time
 26.0 ±  0.6 ms - Find child
 35.1 ±  0.7 ms - Add child
294.7 ±  1.8 ms - Hash
241.6 ± 36.0 ms - Map
168.7 ±  1.9 ms - getState
0.137476
0.153787
0.2814
2074.0 ±  0.0 ms - Total time
1272.9 ±  0.0 ms - Build f time
142.7 ±  1.3 ms - Apply f time
1092.0 ±  6.5 ms - Real f time 
498.4 ± 28.3 ms - Add time
 31.9 ±  0.7 ms - Find child
 42.9 ±  0.8 ms - Add child
344.0 ±  2.1 ms - Hash
280.0 ± 35.9 ms - Map
203.1 ±  2.0 ms - getState
Dag sizes: 198395 221981 199345 222268 203088 
brutePieces time: 1.38923
136.5 ±  0.0 ms - Piece loop time
 76.0 ± 38.1 ms - Set time
 93.1 ±  2.0 ms - Child looking time
Nodes:  1045077
Pieces: 212373
makePieces time: 0.138404
Memory: 13.7 + 34.5 + 33.4 + 37.7 + 10.5 MB
 13.4 ±  0.0 ms - Greedy fill time
composePieces time: 1.72183
                                                                                