Running only task # 307
Using max depth 4
 |                                        | 0 / 416 (0.0%)Function count: 142
0.250726
0.268169
0.0845215
0.0916177
0.150506
0.164543
0.16008
0.174396
 40.4 ±  0.0 ms - Piece loop time
 54.9 ± 45.4 ms - Set time
 29.5 ±  1.1 ms - Child looking time
6.58968
7.12563
12.7837
13482.5 ±  0.0 ms - Total time
7235.5 ±  0.0 ms - Build f time
640.0 ±  4.1 ms - Apply f time
5675.6 ± 41.2 ms - Real f time 
2999.0 ± 29.2 ms - Add time
 86.7 ±  1.1 ms - Find child
121.0 ±  1.4 ms - Add child
3176.3 ± 11.0 ms - Hash
908.2 ± 41.4 ms - Map
1426.1 ±  6.8 ms - getState
2.0899
2.26736
3.44315
16925.7 ±  0.0 ms - Total time
9325.4 ±  0.0 ms - Build f time
864.4 ±  4.7 ms - Apply f time
7471.2 ± 42.3 ms - Real f time 
3636.2 ± 33.5 ms - Add time
140.2 ±  1.4 ms - Find child
195.0 ±  1.9 ms - Add child
3813.5 ± 12.1 ms - Hash
1375.7 ± 41.8 ms - Map
1731.7 ±  8.2 ms - getState
3.87697
4.26292
7.19079
24116.6 ±  0.0 ms - Total time
13202.4 ±  0.0 ms - Build f time
1315.8 ±  5.9 ms - Apply f time
10894.2 ± 48.1 ms - Real f time 
5107.5 ± 38.6 ms - Add time
238.7 ±  1.8 ms - Find child
333.1 ±  2.5 ms - Add child
5123.1 ± 14.2 ms - Hash
2315.3 ± 42.4 ms - Map
2448.6 ±  9.1 ms - getState
4.09486
4.45777
7.9296
32046.2 ±  0.0 ms - Total time
17297.2 ±  0.0 ms - Build f time
1776.6 ±  6.4 ms - Apply f time
14334.7 ± 53.1 ms - Real f time 
6810.1 ± 44.7 ms - Add time
333.3 ±  2.9 ms - Find child
460.0 ±  2.9 ms - Add child
6769.4 ± 15.0 ms - Hash
3215.9 ± 43.9 ms - Map
3290.3 ±  9.6 ms - getState
Dag sizes: 2608574 1702216 3328329 3031438 
brutePieces time: 31.349
3966.5 ±  0.0 ms - Piece loop time
1449.2 ± 25.0 ms - Set time
2497.7 ±  9.1 ms - Child looking time
Nodes:  10670557
Pieces: 3473516
makePieces time: 3.97584
Memory: 334.2 + 409.2 + 341.5 + 271.4 + 154.8 MB
 52.4 ±  0.0 ms - Greedy fill time
composePieces time: 25.646
                                                                                