Running only task # 356
Using max depth 4
 |                                        | 0 / 416 (0.0%)Function count: 142
0.0550116
0.0576945
0.0656723
0.0683825
0.0300176
0.0312808
0.0838036
0.0870951
  8.6 ±  0.0 ms - Piece loop time
 41.0 ± 39.2 ms - Set time
 21.2 ± 14.8 ms - Child looking time
0.993212
1.04419
1.22809
1472.7 ±  0.0 ms - Total time
1227.7 ±  0.0 ms - Build f time
 45.6 ±  1.1 ms - Apply f time
1058.1 ± 11.4 ms - Real f time 
186.1 ±  4.4 ms - Add time
  8.7 ±  0.3 ms - Find child
 11.3 ±  0.4 ms - Add child
278.6 ±  1.9 ms - Hash
168.0 ± 53.4 ms - Map
 63.9 ±  1.0 ms - getState
1.21542
1.27789
1.52299
2995.7 ±  0.0 ms - Total time
2443.1 ±  0.0 ms - Build f time
103.1 ±  1.7 ms - Apply f time
2099.2 ± 14.2 ms - Real f time 
375.0 ±  5.2 ms - Add time
 21.2 ±  0.5 ms - Find child
 25.8 ±  0.6 ms - Add child
575.0 ±  2.6 ms - Hash
270.5 ± 53.3 ms - Map
139.8 ±  1.3 ms - getState
0.494065
0.522639
0.585457
3581.2 ±  0.0 ms - Total time
2937.2 ±  0.0 ms - Build f time
126.9 ±  1.8 ms - Apply f time
2557.9 ± 14.8 ms - Real f time 
445.3 ±  5.4 ms - Add time
 28.1 ±  0.6 ms - Find child
 33.3 ±  0.7 ms - Add child
671.6 ±  2.9 ms - Hash
320.9 ± 53.3 ms - Map
166.5 ±  1.5 ms - getState
1.63088
1.71306
2.08019
5661.4 ±  0.0 ms - Total time
4568.1 ±  0.0 ms - Build f time
200.8 ±  2.1 ms - Apply f time
3947.7 ± 20.4 ms - Real f time 
713.7 ±  6.3 ms - Add time
 41.8 ±  0.8 ms - Find child
 50.0 ±  0.8 ms - Add child
1094.3 ±  3.7 ms - Hash
447.8 ± 54.1 ms - Map
274.3 ±  1.8 ms - getState
Dag sizes: 239867 306176 175514 377324 
brutePieces time: 5.41913
348.7 ±  0.0 ms - Piece loop time
125.7 ± 47.8 ms - Set time
262.8 ± 17.5 ms - Child looking time
Nodes:  1098881
Pieces: 263348
makePieces time: 0.350426
Memory: 26.7 + 82.0 + 35.2 + 34.4 + 12.2 MB
  1.5 ±  0.0 ms - Greedy fill time
composePieces time: 0.997181
                                                                                