Running only task # 271
Using max depth 3
 |                                        | 0 / 416 (0.0%)Function count: 142
0.0049243
0.00523685
0.00777212
0.0080923
0.00471223
0.00492682
0.00837738
0.00878779
0.00909383
0.00947384
 15.7 ±  0.0 ms - Piece loop time
 42.7 ± 40.7 ms - Set time
 13.7 ±  0.7 ms - Child looking time
0.00483095
0.00504718
0.00525434
 41.8 ±  0.0 ms - Total time
 39.7 ±  0.0 ms - Build f time
  0.9 ±  0.1 ms - Apply f time
 38.8 ±  0.6 ms - Real f time 
  6.5 ±  0.4 ms - Add time
  0.2 ±  0.0 ms - Find child
  0.3 ±  0.1 ms - Add child
  7.7 ±  0.3 ms - Hash
 42.9 ± 37.5 ms - Map
  0.9 ±  0.1 ms - getState
0.0079599
0.0083368
0.00866511
 50.5 ±  0.0 ms - Total time
 47.7 ±  0.0 ms - Build f time
  1.7 ±  0.5 ms - Apply f time
 47.2 ±  0.8 ms - Real f time 
  7.8 ±  0.4 ms - Add time
  0.3 ±  0.1 ms - Find child
  0.4 ±  0.1 ms - Add child
  9.5 ±  0.3 ms - Hash
 44.2 ± 37.8 ms - Map
  1.2 ±  0.1 ms - getState
0.00462698
0.00482349
0.00503821
 55.6 ±  0.0 ms - Total time
 52.3 ±  0.0 ms - Build f time
  1.9 ±  0.5 ms - Apply f time
 52.2 ±  0.9 ms - Real f time 
  8.9 ±  0.4 ms - Add time
  0.4 ±  0.1 ms - Find child
  0.5 ±  0.1 ms - Add child
 10.6 ±  0.4 ms - Hash
 44.9 ± 37.8 ms - Map
  1.3 ±  0.1 ms - getState
0.00819876
0.00861301
0.00916818
 64.8 ±  0.0 ms - Total time
 60.5 ±  0.0 ms - Build f time
  2.3 ±  0.6 ms - Apply f time
 61.2 ±  0.9 ms - Real f time 
 10.0 ±  0.5 ms - Add time
  0.6 ±  0.1 ms - Find child
  0.7 ±  0.1 ms - Add child
 13.5 ±  1.2 ms - Hash
 46.1 ± 37.7 ms - Map
  1.6 ±  0.1 ms - getState
0.00920008
0.00958859
0.00992617
 74.7 ±  0.0 ms - Total time
 69.7 ±  0.0 ms - Build f time
  2.6 ±  0.6 ms - Apply f time
 70.9 ±  1.3 ms - Real f time 
 11.5 ±  0.5 ms - Add time
  0.7 ±  0.1 ms - Find child
  0.9 ±  0.1 ms - Add child
 15.2 ±  1.2 ms - Hash
 47.5 ± 37.7 ms - Map
  1.9 ±  0.1 ms - getState
Dag sizes: 1909 2743 1927 3386 3268 
brutePieces time: 0.0420433
 17.4 ±  0.0 ms - Piece loop time
 38.2 ± 36.5 ms - Set time
 15.0 ±  0.7 ms - Child looking time
Nodes:  13233
Pieces: 3060
makePieces time: 0.0181417
Memory: 0.1 + 2.5 + 0.4 + 21.2 + 0.4 MB
  0.1 ±  0.0 ms - Greedy fill time
composePieces time: 0.00507383
                                                                                