Running only task # 133
Using max depth 23
 |                                        | 0 / 416 (0.0%)Function count: 142
0.398798
0.438208
0.31345
0.343912
0.335868
0.368176
0.390848
0.42948
0.292584
0.317608
0.337174
0.370433
0.365572
0.408584
 65.1 ±  0.0 ms - Piece loop time
 29.1 ± 16.8 ms - Set time
 50.6 ±  2.1 ms - Child looking time
0.398984
0.436822
0.750972
3427.7 ±  0.0 ms - Total time
2833.3 ±  0.0 ms - Build f time
133.1 ±  3.6 ms - Apply f time
2005.7 ± 20.4 ms - Real f time 
678.8 ± 36.0 ms - Add time
 12.4 ±  0.4 ms - Find child
 16.7 ±  0.5 ms - Add child
673.0 ±  9.0 ms - Hash
191.1 ± 41.1 ms - Map
195.0 ±  2.9 ms - getState
0.290638
0.315531
0.544075
3971.8 ±  0.0 ms - Total time
3123.9 ±  0.0 ms - Build f time
172.1 ±  4.3 ms - Apply f time
2238.2 ± 21.2 ms - Real f time 
796.8 ± 36.0 ms - Add time
 19.8 ±  0.5 ms - Find child
 26.6 ±  0.6 ms - Add child
803.8 ±  9.2 ms - Hash
225.5 ± 41.1 ms - Map
258.6 ±  3.2 ms - getState
0.347964
0.37995
0.674292
4646.2 ±  0.0 ms - Total time
3471.9 ±  0.0 ms - Build f time
217.9 ±  4.4 ms - Apply f time
2503.4 ± 21.9 ms - Real f time 
1037.2 ± 97.0 ms - Add time
 29.5 ±  0.6 ms - Find child
 39.5 ±  0.8 ms - Add child
973.7 ± 19.2 ms - Hash
267.6 ± 41.1 ms - Map
339.1 ±  3.4 ms - getState
0.406136
0.445137
0.757807
5404.0 ±  0.0 ms - Total time
3878.0 ±  0.0 ms - Build f time
266.1 ±  4.6 ms - Apply f time
2812.6 ± 23.2 ms - Real f time 
1209.4 ± 97.0 ms - Add time
 39.3 ±  0.7 ms - Find child
 52.7 ±  0.9 ms - Add child
1142.8 ± 19.3 ms - Hash
311.8 ± 41.0 ms - Map
430.5 ±  3.7 ms - getState
0.306906
0.332402
0.571105
5975.2 ±  0.0 ms - Total time
4184.9 ±  0.0 ms - Build f time
303.1 ±  4.6 ms - Apply f time
3059.8 ± 24.2 ms - Real f time 
1354.8 ± 99.7 ms - Add time
 47.1 ±  0.8 ms - Find child
 63.8 ±  1.0 ms - Add child
1273.3 ± 19.4 ms - Hash
347.1 ± 41.0 ms - Map
498.5 ±  3.9 ms - getState
0.347211
0.379942
0.674022
6649.3 ±  0.0 ms - Total time
4532.1 ±  0.0 ms - Build f time
347.5 ±  4.7 ms - Apply f time
3331.5 ± 25.1 ms - Real f time 
1600.7 ± 136.8 ms - Add time
 55.9 ±  0.8 ms - Find child
 76.2 ±  1.1 ms - Add child
1430.6 ± 19.4 ms - Hash
389.7 ± 41.1 ms - Map
582.5 ±  4.6 ms - getState
0.374365
0.412473
0.742166
7391.5 ±  0.0 ms - Total time
4906.5 ±  0.0 ms - Build f time
398.3 ±  4.8 ms - Apply f time
3619.3 ± 25.7 ms - Real f time 
1792.6 ± 137.7 ms - Add time
 65.8 ±  0.9 ms - Find child
 89.6 ±  1.1 ms - Add child
1596.1 ± 19.5 ms - Hash
438.2 ± 41.1 ms - Map
675.7 ±  4.8 ms - getState
Dag sizes: 186811 146846 179658 186629 147080 179323 198591 
brutePieces time: 4.7181
239.6 ±  0.0 ms - Piece loop time
 74.1 ± 17.0 ms - Set time
163.9 ±  2.6 ms - Child looking time
Nodes:  1224938
Pieces: 15237
makePieces time: 0.24031
Memory: 63.3 + 64.3 + 39.2 + 49.0 + 10.9 MB
  1.8 ±  0.0 ms - Greedy fill time
composePieces time: 0.121711
                                                                                