Running only task # 49
Using max depth 23
 |                                        | 0 / 416 (0.0%)Function count: 142
0.0708609
0.0760913
0.0682273
0.0731759
0.0747943
0.0797089
0.0685781
0.0735289
0.0815246
0.0874879
 20.8 ±  0.0 ms - Piece loop time
 48.4 ± 43.7 ms - Set time
 16.0 ±  0.9 ms - Child looking time
0.0714107
0.0765112
0.200827
591.0 ±  0.0 ms - Total time
435.4 ±  0.0 ms - Build f time
 28.3 ±  0.6 ms - Apply f time
374.6 ±  3.5 ms - Real f time 
117.9 ±  3.0 ms - Add time
  6.5 ±  0.3 ms - Find child
  8.7 ±  0.6 ms - Add child
 90.8 ±  1.3 ms - Hash
116.3 ± 46.4 ms - Map
 33.7 ±  0.6 ms - getState
0.0927322
0.100159
0.220875
811.9 ±  0.0 ms - Total time
528.1 ±  0.0 ms - Build f time
 51.4 ±  2.5 ms - Apply f time
469.0 ±  4.0 ms - Real f time 
177.7 ±  3.2 ms - Add time
 12.2 ±  0.4 ms - Find child
 16.1 ±  0.7 ms - Add child
 82.3 ± 46.2 ms - Hash
146.8 ± 46.5 ms - Map
 58.1 ±  0.8 ms - getState
0.0702031
0.0751128
0.197472
1009.5 ±  0.0 ms - Total time
598.3 ±  0.0 ms - Build f time
 71.0 ±  2.6 ms - Apply f time
541.7 ±  4.2 ms - Real f time 
234.1 ±  3.5 ms - Add time
 18.3 ±  0.5 ms - Find child
 23.1 ±  0.8 ms - Add child
119.5 ± 46.2 ms - Hash
176.4 ± 46.5 ms - Map
 82.1 ±  0.9 ms - getState
0.0719635
0.0768611
0.189793
1199.3 ±  0.0 ms - Total time
670.3 ±  0.0 ms - Build f time
 91.5 ±  3.4 ms - Apply f time
613.3 ±  4.4 ms - Real f time 
286.0 ±  3.6 ms - Add time
 23.7 ±  0.5 ms - Find child
 29.6 ±  0.8 ms - Add child
154.5 ± 46.3 ms - Hash
203.3 ± 46.5 ms - Map
105.1 ±  1.0 ms - getState
0.0779113
0.0834142
0.210008
1409.3 ±  0.0 ms - Total time
748.2 ±  0.0 ms - Build f time
113.0 ±  3.5 ms - Apply f time
695.6 ±  4.8 ms - Real f time 
345.8 ±  3.8 ms - Add time
 30.2 ±  0.8 ms - Find child
 37.7 ±  0.9 ms - Add child
195.1 ± 46.2 ms - Hash
228.1 ± 46.5 ms - Map
131.4 ±  1.1 ms - getState
Dag sizes: 189646 175183 189666 175275 203334 
brutePieces time: 1.02272
103.0 ±  0.0 ms - Piece loop time
 66.7 ± 36.4 ms - Set time
 73.9 ±  2.0 ms - Child looking time
Nodes:  933104
Pieces: 177363
makePieces time: 0.104289
Memory: 11.2 + 30.0 + 29.9 + 35.9 + 8.3 MB
 14.7 ±  0.5 ms - Greedy fill time
composePieces time: 1.67297
                                                                                