Running only task # 128
Using max depth 23
 |                                        | 0 / 416 (0.0%)Function count: 142
0.177054
0.203373
0.177516
0.200182
0.169972
0.192425
0.177683
0.203123
0.173622
0.196163
0.162181
0.184322
0.211633
0.245978
102.7 ±  0.0 ms - Piece loop time
 61.5 ± 41.9 ms - Set time
 73.6 ±  2.4 ms - Child looking time
0.179249
0.205213
0.462164
1888.1 ±  0.0 ms - Total time
1428.9 ±  0.0 ms - Build f time
104.5 ±  1.4 ms - Apply f time
1141.8 ±  7.0 ms - Real f time 
412.0 ±  5.9 ms - Add time
 14.5 ±  0.4 ms - Find child
 20.8 ±  0.5 ms - Add child
255.5 ±  1.8 ms - Hash
220.2 ± 36.3 ms - Map
130.9 ±  1.3 ms - getState
0.17959
0.202017
0.440377
2328.5 ±  0.0 ms - Total time
1608.5 ±  0.0 ms - Build f time
145.7 ±  1.8 ms - Apply f time
1307.1 ±  7.8 ms - Real f time 
526.6 ±  6.5 ms - Add time
 25.0 ±  0.6 ms - Find child
 34.7 ±  0.7 ms - Add child
336.2 ±  5.8 ms - Hash
281.7 ± 36.3 ms - Map
196.2 ±  1.5 ms - getState
0.168588
0.191674
0.437655
2766.2 ±  0.0 ms - Total time
1777.1 ±  0.0 ms - Build f time
185.4 ±  2.2 ms - Apply f time
1464.0 ±  8.2 ms - Real f time 
660.5 ± 18.2 ms - Add time
 34.5 ±  0.7 ms - Find child
 49.6 ±  0.8 ms - Add child
410.1 ±  6.0 ms - Hash
347.4 ± 36.3 ms - Map
257.7 ±  1.7 ms - getState
0.185174
0.21101
0.457121
3223.4 ±  0.0 ms - Total time
1962.3 ±  0.0 ms - Build f time
226.2 ±  2.3 ms - Apply f time
1630.5 ±  8.4 ms - Real f time 
776.1 ± 18.3 ms - Add time
 44.9 ±  0.8 ms - Find child
 63.3 ±  0.9 ms - Add child
486.1 ±  6.0 ms - Hash
414.6 ± 36.3 ms - Map
324.6 ±  2.0 ms - getState
0.180401
0.202823
0.440908
3664.3 ±  0.0 ms - Total time
2142.7 ±  0.0 ms - Build f time
281.3 ± 17.1 ms - Apply f time
1794.6 ±  8.8 ms - Real f time 
886.8 ± 18.4 ms - Add time
 55.0 ±  0.8 ms - Find child
 78.4 ±  1.1 ms - Add child
562.1 ±  6.2 ms - Hash
479.3 ± 36.3 ms - Map
386.8 ±  2.5 ms - getState
0.167216
0.193595
0.435235
4099.6 ±  0.0 ms - Total time
2309.9 ±  0.0 ms - Build f time
324.0 ± 17.1 ms - Apply f time
1951.2 ±  9.1 ms - Real f time 
1000.7 ± 18.4 ms - Add time
 64.5 ±  0.9 ms - Find child
 93.0 ±  1.2 ms - Add child
633.1 ±  6.3 ms - Hash
543.3 ± 36.3 ms - Map
450.5 ±  2.6 ms - getState
0.199214
0.227884
0.516365
4616.1 ±  0.0 ms - Total time
2509.1 ±  0.0 ms - Build f time
373.2 ± 17.2 ms - Apply f time
2141.2 ±  9.7 ms - Real f time 
1156.2 ± 23.8 ms - Add time
 76.3 ±  1.0 ms - Find child
110.2 ±  1.5 ms - Add child
714.4 ±  6.4 ms - Hash
615.4 ± 36.4 ms - Map
529.3 ±  2.8 ms - getState
Dag sizes: 343687 326522 327426 341350 325281 327433 363792 
brutePieces time: 3.19582
335.5 ±  0.0 ms - Piece loop time
128.5 ± 28.9 ms - Set time
213.3 ±  2.8 ms - Child looking time
Nodes:  2355491
Pieces: 357382
makePieces time: 0.338015
Memory: 34.6 + 79.6 + 75.4 + 67.0 + 22.9 MB
 56.1 ± 36.5 ms - Greedy fill time
composePieces time: 5.43444
                                                                                