Running only task # 334
Using max depth 3
 |                                        | 0 / 416 (0.0%)Function count: 142
0.171069
0.199637
0.126752
0.141213
0.14808
0.175747
 38.8 ±  0.0 ms - Piece loop time
 52.2 ± 42.9 ms - Set time
 28.7 ±  1.0 ms - Child looking time
0.168958
0.193669
0.279821
796.6 ±  0.0 ms - Total time
614.9 ±  0.0 ms - Build f time
 47.5 ±  0.9 ms - Apply f time
510.2 ±  3.9 ms - Real f time 
188.4 ± 15.9 ms - Add time
  8.3 ±  0.3 ms - Find child
 12.0 ±  0.6 ms - Add child
103.2 ±  1.1 ms - Hash
117.4 ± 41.4 ms - Map
 55.6 ±  0.8 ms - getState
0.126148
0.140407
0.212303
1008.9 ±  0.0 ms - Total time
741.0 ±  0.0 ms - Build f time
 67.8 ±  1.1 ms - Apply f time
625.6 ±  4.2 ms - Real f time 
233.7 ± 15.9 ms - Add time
 14.0 ±  0.4 ms - Find child
 20.5 ±  0.7 ms - Add child
138.4 ±  1.2 ms - Hash
142.0 ± 41.4 ms - Map
 80.2 ±  1.4 ms - getState
0.149969
0.168385
0.255854
1264.8 ±  0.0 ms - Total time
891.0 ±  0.0 ms - Build f time
 91.8 ±  1.2 ms - Apply f time
761.0 ±  4.6 ms - Real f time 
296.8 ± 16.7 ms - Add time
 20.9 ±  0.5 ms - Find child
 29.8 ±  0.8 ms - Add child
179.4 ±  1.5 ms - Hash
174.2 ± 41.4 ms - Map
109.8 ±  1.5 ms - getState
Dag sizes: 170279 146481 175475 
brutePieces time: 0.74968
 95.1 ±  0.0 ms - Piece loop time
 63.4 ± 36.1 ms - Set time
 65.0 ±  1.1 ms - Child looking time
Nodes:  492235
Pieces: 19456
makePieces time: 0.0959509
Memory: 6.2 + 23.5 + 15.8 + 20.5 + 4.3 MB
  0.0 ±  0.0 ms - Greedy fill time
composePieces time: 0.0178657
                                                                                