Running only task # 256
Using max depth 3
 |                                        | 0 / 416 (0.0%)Function count: 142
0.108967
0.116852
0.0968631
0.103656
0.123008
0.13186
0.144366
0.154362
 12.8 ±  0.0 ms - Piece loop time
 39.4 ± 36.3 ms - Set time
 11.5 ±  1.2 ms - Child looking time
0.109448
0.117095
0.217237
724.1 ±  0.0 ms - Total time
582.6 ±  0.0 ms - Build f time
 27.6 ±  0.7 ms - Apply f time
461.1 ±  6.3 ms - Real f time 
127.9 ±  4.5 ms - Add time
  3.9 ±  0.2 ms - Find child
  4.9 ±  0.2 ms - Add child
127.6 ±  0.9 ms - Hash
 72.9 ± 37.1 ms - Map
 35.8 ±  0.6 ms - getState
0.0994998
0.106579
0.192139
916.3 ±  0.0 ms - Total time
682.1 ±  0.0 ms - Build f time
 40.7 ±  0.8 ms - Apply f time
551.6 ±  7.1 ms - Real f time 
171.9 ±  4.6 ms - Add time
  6.5 ±  0.3 ms - Find child
  8.3 ±  0.3 ms - Add child
170.6 ±  1.4 ms - Hash
 89.4 ± 37.1 ms - Map
 56.3 ±  0.7 ms - getState
0.126671
0.136065
0.248086
1164.4 ±  0.0 ms - Total time
808.8 ±  0.0 ms - Build f time
 56.0 ±  0.9 ms - Apply f time
658.1 ±  7.4 ms - Real f time 
268.7 ± 28.8 ms - Add time
  9.7 ±  0.4 ms - Find child
 12.4 ±  0.4 ms - Add child
225.1 ±  1.5 ms - Hash
104.6 ± 37.1 ms - Map
 83.0 ±  1.0 ms - getState
0.143995
0.154061
0.277622
1442.0 ±  0.0 ms - Total time
952.8 ±  0.0 ms - Build f time
 72.9 ±  1.1 ms - Apply f time
778.0 ±  8.1 ms - Real f time 
331.1 ± 28.8 ms - Add time
 12.7 ±  0.4 ms - Find child
 16.6 ±  0.5 ms - Add child
288.0 ±  1.7 ms - Hash
120.4 ± 37.1 ms - Map
113.0 ±  1.1 ms - getState
Dag sizes: 88353 86018 97535 103639 
brutePieces time: 0.93814
 37.3 ±  0.0 ms - Piece loop time
 44.5 ± 35.1 ms - Set time
 26.0 ±  0.8 ms - Child looking time
Nodes:  375545
Pieces: 70607
makePieces time: 0.0381893
Memory: 10.3 + 13.0 + 12.0 + 22.8 + 2.9 MB
  7.8 ±  0.0 ms - Greedy fill time
composePieces time: 0.405169
                                                                                