Running only task # 317
Using max depth 33
 |                                        | 0 / 416 (0.0%)Function count: 142
0.0472489
0.0504219
0.0472705
0.0502377
0.0461991
0.0496478
0.0474237
0.0503461
0.071668
0.0769237
 33.5 ±  0.0 ms - Piece loop time
 56.1 ± 50.8 ms - Set time
 26.1 ±  1.1 ms - Child looking time
0.0459948
0.0488056
0.0783077
356.0 ±  0.0 ms - Total time
305.8 ±  0.0 ms - Build f time
 14.9 ±  0.4 ms - Apply f time
254.7 ±  2.1 ms - Real f time 
 77.6 ±  9.4 ms - Add time
  3.0 ±  0.2 ms - Find child
  4.3 ±  0.2 ms - Add child
 57.3 ±  0.9 ms - Hash
 72.5 ± 37.6 ms - Map
 14.3 ±  0.3 ms - getState
0.0475373
0.0504586
0.0819997
438.1 ±  0.0 ms - Total time
353.3 ±  0.0 ms - Build f time
 22.6 ±  0.5 ms - Apply f time
300.5 ±  2.3 ms - Real f time 
112.1 ± 19.0 ms - Add time
  5.5 ±  0.3 ms - Find child
  7.8 ±  0.3 ms - Add child
 74.3 ±  1.2 ms - Hash
 82.9 ± 37.6 ms - Map
 22.3 ±  0.5 ms - getState
0.0474769
0.0503506
0.0822115
520.3 ±  0.0 ms - Total time
400.8 ±  0.0 ms - Build f time
 30.7 ±  0.6 ms - Apply f time
345.4 ±  2.5 ms - Real f time 
129.8 ± 19.1 ms - Add time
  8.3 ±  0.3 ms - Find child
 11.1 ±  0.4 ms - Add child
 90.5 ±  1.3 ms - Hash
 99.9 ± 38.2 ms - Map
 29.9 ±  0.6 ms - getState
0.0490309
0.0529156
0.0856044
606.0 ±  0.0 ms - Total time
449.8 ±  0.0 ms - Build f time
 38.9 ±  0.7 ms - Apply f time
392.4 ±  2.8 ms - Real f time 
150.3 ± 19.2 ms - Add time
 11.1 ±  0.4 ms - Find child
 14.3 ±  0.4 ms - Add child
107.7 ±  1.5 ms - Hash
111.5 ± 38.2 ms - Map
 38.2 ±  0.6 ms - getState
0.0734888
0.0788202
0.135207
741.2 ±  0.0 ms - Total time
523.3 ±  0.0 ms - Build f time
 52.8 ±  0.8 ms - Apply f time
461.6 ±  3.0 ms - Real f time 
182.3 ± 19.2 ms - Add time
 15.6 ±  0.4 ms - Find child
 20.5 ±  0.5 ms - Add child
132.4 ±  1.6 ms - Hash
128.4 ± 38.2 ms - Map
 53.2 ±  0.7 ms - getState
Dag sizes: 63539 63170 63057 63443 107961 
brutePieces time: 0.466549
 99.8 ±  0.0 ms - Piece loop time
 56.4 ± 35.0 ms - Set time
 74.9 ±  1.5 ms - Child looking time
Nodes:  361170
Pieces: 98480
makePieces time: 0.100865
Memory: 3.1 + 18.8 + 11.6 + 26.8 + 5.1 MB
  2.8 ±  0.0 ms - Greedy fill time
composePieces time: 0.443397
                                                                                