Running only task # 76
Using max depth 33
 |                                        | 0 / 416 (0.0%)Function count: 142
0.175717
0.185378
0.182162
0.191652
0.165852
0.175314
0.184203
0.194028
0.182267
0.191632
0.166829
0.176326
0.256834
0.26965
 22.8 ±  0.0 ms - Piece loop time
 44.9 ± 40.9 ms - Set time
 18.4 ±  1.0 ms - Child looking time
0.189588
0.198812
0.255806
1640.1 ±  0.0 ms - Total time
1503.4 ±  0.0 ms - Build f time
 28.5 ±  1.0 ms - Apply f time
1116.1 ± 16.9 ms - Real f time 
263.3 ± 20.2 ms - Add time
  2.5 ±  0.2 ms - Find child
  2.5 ±  0.2 ms - Add child
326.0 ±  2.8 ms - Hash
 97.0 ± 39.6 ms - Map
 43.7 ±  1.2 ms - getState
0.186399
0.195836
0.257272
1897.5 ±  0.0 ms - Total time
1689.8 ±  0.0 ms - Build f time
 37.8 ±  1.1 ms - Apply f time
1256.2 ± 17.6 ms - Real f time 
304.9 ± 20.4 ms - Add time
  3.8 ±  0.2 ms - Find child
  4.5 ±  0.2 ms - Add child
388.8 ±  3.0 ms - Hash
108.1 ± 39.6 ms - Map
 60.3 ±  1.2 ms - getState
0.171909
0.181279
0.237253
2134.7 ±  0.0 ms - Total time
1861.8 ±  0.0 ms - Build f time
 46.1 ±  1.2 ms - Apply f time
1396.2 ± 18.2 ms - Real f time 
346.5 ± 20.8 ms - Add time
  5.2 ±  0.3 ms - Find child
  6.0 ±  0.3 ms - Add child
446.6 ±  3.1 ms - Hash
118.2 ± 39.6 ms - Map
 75.1 ±  1.3 ms - getState
0.179187
0.188507
0.244235
2379.0 ±  0.0 ms - Total time
2040.9 ±  0.0 ms - Build f time
 54.7 ±  1.3 ms - Apply f time
1537.5 ± 20.4 ms - Real f time 
384.0 ± 20.8 ms - Add time
  6.6 ±  0.3 ms - Find child
  7.8 ±  0.3 ms - Add child
508.4 ±  3.2 ms - Hash
127.4 ± 39.6 ms - Map
 89.8 ±  1.3 ms - getState
0.185673
0.195009
0.252299
2631.3 ±  0.0 ms - Total time
2226.6 ±  0.0 ms - Build f time
 63.9 ±  1.3 ms - Apply f time
1670.3 ± 20.8 ms - Real f time 
424.4 ± 20.9 ms - Add time
  7.8 ±  0.3 ms - Find child
  9.5 ±  0.3 ms - Add child
569.7 ±  3.3 ms - Hash
136.6 ± 39.7 ms - Map
105.2 ±  1.4 ms - getState
0.171367
0.180729
0.241086
2872.5 ±  0.0 ms - Total time
2398.0 ±  0.0 ms - Build f time
 72.8 ±  1.4 ms - Apply f time
1808.8 ± 21.3 ms - Real f time 
481.5 ± 28.2 ms - Add time
  9.0 ±  0.3 ms - Find child
 11.1 ±  0.4 ms - Add child
628.6 ±  3.4 ms - Hash
145.7 ± 39.6 ms - Map
120.6 ±  1.4 ms - getState
0.2875
0.300118
0.406649
3279.1 ±  0.0 ms - Total time
2685.5 ±  0.0 ms - Build f time
 86.0 ±  1.5 ms - Apply f time
2018.0 ± 22.6 ms - Real f time 
552.1 ± 28.3 ms - Add time
 10.8 ±  0.4 ms - Find child
 13.2 ±  0.4 ms - Add child
729.3 ±  3.6 ms - Hash
158.7 ± 39.7 ms - Map
147.8 ±  1.5 ms - getState
Dag sizes: 36017 37554 35547 35615 37004 36516 47123 
brutePieces time: 1.90066
 36.3 ±  0.0 ms - Piece loop time
 40.6 ± 35.4 ms - Set time
 29.1 ±  1.2 ms - Child looking time
Nodes:  265376
Pieces: 30795
makePieces time: 0.037236
Memory: 14.5 + 15.2 + 8.5 + 33.6 + 2.1 MB
169.3 ±  3.6 ms - Greedy fill time
composePieces time: 2.32881
                                                                                