Running only task # 321
Using max depth 3
 |                                        | 0 / 416 (0.0%)Function count: 142
0.154226
0.173644
0.143427
0.160776
0.148441
0.167487
0.148372
0.166673
0.153093
0.172207
 25.3 ±  0.0 ms - Piece loop time
 47.8 ± 40.5 ms - Set time
 16.9 ±  1.0 ms - Child looking time
0.151024
0.16981
0.217232
1058.2 ±  0.0 ms - Total time
898.6 ±  0.0 ms - Build f time
 46.0 ±  1.1 ms - Apply f time
775.6 ± 12.2 ms - Real f time 
223.2 ± 34.3 ms - Add time
  5.2 ±  0.3 ms - Find child
  7.5 ±  0.3 ms - Add child
144.4 ±  1.2 ms - Hash
122.7 ± 42.2 ms - Map
 49.6 ±  0.8 ms - getState
0.143976
0.161006
0.204751
1263.0 ±  0.0 ms - Total time
1042.6 ±  0.0 ms - Build f time
 59.4 ±  1.2 ms - Apply f time
901.5 ± 12.4 ms - Real f time 
260.5 ± 34.3 ms - Add time
  8.5 ±  0.5 ms - Find child
 11.8 ±  0.4 ms - Add child
176.4 ±  1.4 ms - Hash
142.3 ± 42.3 ms - Map
 68.0 ±  0.9 ms - getState
0.174785
0.196662
0.253883
1516.9 ±  0.0 ms - Total time
1217.3 ±  0.0 ms - Build f time
 77.2 ±  1.4 ms - Apply f time
1057.4 ± 12.8 ms - Real f time 
307.8 ± 34.3 ms - Add time
 12.3 ±  0.5 ms - Find child
 17.3 ±  0.5 ms - Add child
212.9 ±  1.5 ms - Hash
167.9 ± 42.3 ms - Map
 90.1 ±  1.1 ms - getState
0.151215
0.169443
0.222037
1739.0 ±  0.0 ms - Total time
1368.6 ±  0.0 ms - Build f time
 91.9 ±  1.4 ms - Apply f time
1189.4 ± 13.0 ms - Real f time 
349.8 ± 34.3 ms - Add time
 15.9 ±  0.6 ms - Find child
 21.8 ±  0.5 ms - Add child
246.7 ±  1.8 ms - Hash
190.0 ± 42.2 ms - Map
111.2 ±  1.2 ms - getState
0.170446
0.192444
0.241233
1980.3 ±  0.0 ms - Total time
1539.0 ±  0.0 ms - Build f time
107.9 ±  1.5 ms - Apply f time
1346.1 ± 14.8 ms - Real f time 
392.4 ± 34.3 ms - Add time
 19.4 ±  0.6 ms - Find child
 26.0 ±  0.6 ms - Add child
281.2 ±  1.8 ms - Hash
211.7 ± 42.2 ms - Map
132.9 ±  1.3 ms - getState
Dag sizes: 91872 87393 91867 91397 93741 
brutePieces time: 1.14275
 54.1 ±  0.0 ms - Piece loop time
 52.4 ± 38.4 ms - Set time
 34.4 ±  1.2 ms - Child looking time
Nodes:  456270
Pieces: 10028
makePieces time: 0.0550434
Memory: 7.7 + 25.2 + 14.6 + 28.3 + 2.8 MB
  0.4 ±  0.0 ms - Greedy fill time
composePieces time: 0.0377795
                                                                                