Running only task # 210
Using max depth 23
 |                                        | 0 / 416 (0.0%)Function count: 142
0.154643
0.170781
0.155146
0.172533
0.157859
0.173843
0.162886
0.180851
0.163805
0.182558
 65.6 ±  0.0 ms - Piece loop time
 65.5 ± 50.5 ms - Set time
 46.2 ±  1.5 ms - Child looking time
0.161114
0.176565
0.322668
1203.5 ±  0.0 ms - Total time
955.4 ±  0.0 ms - Build f time
 55.0 ±  1.3 ms - Apply f time
776.8 ±  9.4 ms - Real f time 
261.1 ± 27.7 ms - Add time
  8.4 ±  0.5 ms - Find child
 10.8 ±  0.4 ms - Add child
189.3 ±  1.7 ms - Hash
145.1 ± 47.5 ms - Map
 65.8 ±  1.0 ms - getState
0.158123
0.176265
0.32989
1533.4 ±  0.0 ms - Total time
1113.6 ±  0.0 ms - Build f time
 78.8 ±  1.5 ms - Apply f time
916.8 ±  9.6 ms - Real f time 
341.4 ± 27.7 ms - Add time
 13.9 ±  0.6 ms - Find child
 18.2 ±  0.5 ms - Add child
251.8 ±  2.0 ms - Hash
197.7 ± 50.0 ms - Map
106.7 ±  1.2 ms - getState
0.167331
0.182842
0.316599
1850.1 ±  0.0 ms - Total time
1280.9 ±  0.0 ms - Build f time
101.5 ±  1.6 ms - Apply f time
1066.5 ± 10.1 ms - Real f time 
416.9 ± 27.8 ms - Add time
 19.8 ±  0.9 ms - Find child
 24.9 ±  0.6 ms - Add child
311.1 ±  2.1 ms - Hash
228.7 ± 50.0 ms - Map
144.2 ±  1.4 ms - getState
0.157424
0.17501
0.319064
2169.2 ±  0.0 ms - Total time
1438.3 ±  0.0 ms - Build f time
125.6 ±  1.6 ms - Apply f time
1204.6 ± 10.2 ms - Real f time 
506.8 ± 28.8 ms - Add time
 24.9 ±  0.9 ms - Find child
 32.1 ±  0.6 ms - Add child
372.8 ±  2.2 ms - Hash
258.8 ± 50.0 ms - Map
187.7 ±  2.8 ms - getState
0.16636
0.184869
0.33212
2501.3 ±  0.0 ms - Total time
1604.7 ±  0.0 ms - Build f time
151.8 ±  1.8 ms - Apply f time
1357.1 ± 11.0 ms - Real f time 
584.9 ± 28.8 ms - Add time
 30.1 ±  1.0 ms - Find child
 39.5 ±  0.7 ms - Add child
437.0 ±  3.1 ms - Hash
293.6 ± 50.0 ms - Map
227.4 ±  2.9 ms - getState
Dag sizes: 184173 198283 183599 199059 185543 
brutePieces time: 1.62365
182.0 ±  0.0 ms - Piece loop time
 95.3 ± 49.7 ms - Set time
129.1 ±  1.8 ms - Child looking time
Nodes:  950657
Pieces: 228874
makePieces time: 0.183992
Memory: 17.0 + 31.6 + 30.4 + 36.2 + 11.4 MB
 15.4 ±  0.0 ms - Greedy fill time
composePieces time: 1.49479
                                                                                