Running only task # 136
Using max depth 4
 |                                        | 0 / 416 (0.0%)Function count: 142
0.0770486
0.0865533
0.0729129
0.0813913
0.0578499
0.0642864
0.0795961
0.0888332
0.074874
0.0833143
 39.8 ±  0.0 ms - Piece loop time
 44.0 ± 36.9 ms - Set time
 31.6 ±  1.1 ms - Child looking time
2.01075
2.23384
2.84513
3249.7 ±  0.0 ms - Total time
2373.0 ±  0.0 ms - Build f time
201.2 ±  2.0 ms - Apply f time
2168.2 ± 14.1 ms - Real f time 
546.2 ± 14.1 ms - Add time
 55.1 ±  0.9 ms - Find child
 74.0 ±  1.1 ms - Add child
427.8 ±  6.3 ms - Hash
604.2 ± 38.8 ms - Map
217.1 ±  1.5 ms - getState
1.86074
2.05039
2.59088
5840.6 ±  0.0 ms - Total time
4233.8 ±  0.0 ms - Build f time
372.2 ±  3.8 ms - Apply f time
3885.5 ± 17.6 ms - Real f time 
1418.3 ± 343.9 ms - Add time
104.8 ±  1.2 ms - Find child
140.0 ±  1.5 ms - Add child
766.7 ±  6.6 ms - Hash
1070.0 ± 39.5 ms - Map
399.7 ±  2.1 ms - getState
1.48879
1.63485
2.08464
7925.3 ±  0.0 ms - Total time
5722.6 ±  0.0 ms - Build f time
509.4 ±  4.0 ms - Apply f time
5228.3 ± 21.4 ms - Real f time 
1747.8 ± 343.7 ms - Add time
146.3 ±  1.5 ms - Find child
195.7 ±  2.4 ms - Add child
1049.5 ±  6.9 ms - Hash
1478.3 ± 39.8 ms - Map
545.5 ±  2.5 ms - getState
2.10918
2.33263
3.01082
10936.1 ±  0.0 ms - Total time
7831.7 ±  0.0 ms - Build f time
723.1 ± 12.1 ms - Apply f time
7178.2 ± 22.9 ms - Real f time 
2394.4 ± 379.3 ms - Add time
214.1 ±  6.5 ms - Find child
276.8 ±  3.0 ms - Add child
1439.0 ±  7.7 ms - Hash
2081.9 ± 44.0 ms - Map
775.7 ± 13.7 ms - getState
1.98283
2.17587
2.7967
13732.9 ±  0.0 ms - Total time
9814.6 ±  0.0 ms - Build f time
903.4 ± 12.2 ms - Apply f time
8965.6 ± 24.1 ms - Real f time 
3207.3 ± 538.5 ms - Add time
265.6 ±  6.6 ms - Find child
344.3 ±  3.1 ms - Add child
1804.9 ± 10.2 ms - Hash
2764.1 ± 132.9 ms - Map
990.4 ± 21.6 ms - getState
Dag sizes: 1526575 1391166 1133983 1624160 1441739 
brutePieces time: 13.3301
3528.8 ±  0.0 ms - Piece loop time
997.7 ± 31.8 ms - Set time
2277.8 ± 16.7 ms - Child looking time
Nodes:  7117623
Pieces: 635706
makePieces time: 3.53329
Memory: 50.6 + 450.1 + 227.8 + 181.0 + 103.2 MB
  1.6 ±  0.0 ms - Greedy fill time
composePieces time: 1.93627
                                                                                