Running only task # 325
Using max depth 4
 |                                        | 0 / 416 (0.0%)Function count: 142
0.0394456
0.0426655
0.0415759
0.0448382
0.0431378
0.046494
 12.0 ±  0.0 ms - Piece loop time
 48.9 ± 45.4 ms - Set time
  9.2 ±  1.2 ms - Child looking time
0.812176
0.879223
1.38815
1522.2 ±  0.0 ms - Total time
936.3 ±  0.0 ms - Build f time
118.9 ±  1.2 ms - Apply f time
882.2 ±  4.8 ms - Real f time 
269.3 ±  3.1 ms - Add time
 42.9 ±  2.5 ms - Find child
 54.7 ±  1.4 ms - Add child
233.8 ±  2.4 ms - Hash
364.3 ± 39.9 ms - Map
111.8 ±  1.2 ms - getState
0.893105
0.967675
1.49284
3015.1 ±  0.0 ms - Total time
1829.4 ±  0.0 ms - Build f time
247.3 ±  1.7 ms - Apply f time
1747.0 ± 10.3 ms - Real f time 
550.4 ±  7.3 ms - Add time
 86.6 ±  2.6 ms - Find child
116.7 ±  4.5 ms - Add child
478.2 ±  3.7 ms - Hash
774.3 ± 132.1 ms - Map
232.7 ±  1.7 ms - getState
0.944269
1.02415
1.58159
4596.7 ±  0.0 ms - Total time
2773.7 ±  0.0 ms - Build f time
381.6 ±  2.3 ms - Apply f time
2658.7 ± 11.7 ms - Real f time 
835.2 ±  7.6 ms - Add time
131.6 ±  2.8 ms - Find child
175.5 ±  4.6 ms - Add child
731.0 ±  4.1 ms - Hash
1081.1 ± 132.2 ms - Map
361.1 ±  2.4 ms - getState
Dag sizes: 988953 1129999 1166421 
brutePieces time: 4.46397
1226.3 ±  0.0 ms - Piece loop time
616.6 ± 151.1 ms - Set time
697.6 ±  6.6 ms - Child looking time
Nodes:  3285373
Pieces: 1252540
makePieces time: 1.22923
Memory: 20.6 + 180.0 + 105.1 + 77.7 + 45.6 MB
  3.5 ±  0.0 ms - Greedy fill time
composePieces time: 1.07957
                                                                                