Running only task # 146
Using max depth 33
 |                                        | 0 / 416 (0.0%)Function count: 142
0.0950328
0.103283
0.100636
0.109633
0.0937686
0.10175
0.0979327
0.10697
0.100394
0.109394
 25.1 ±  0.0 ms - Piece loop time
 45.1 ± 39.2 ms - Set time
 18.3 ±  1.1 ms - Child looking time
0.0938619
0.10192
0.184698
715.9 ±  0.0 ms - Total time
581.6 ±  0.0 ms - Build f time
 30.5 ±  0.6 ms - Apply f time
489.2 ± 15.2 ms - Real f time 
141.7 ±  5.6 ms - Add time
  5.8 ±  0.3 ms - Find child
  6.9 ±  0.3 ms - Add child
111.6 ±  1.9 ms - Hash
111.0 ± 38.8 ms - Map
 37.4 ±  0.9 ms - getState
0.101622
0.11012
0.19698
912.9 ±  0.0 ms - Total time
683.2 ±  0.0 ms - Build f time
 47.1 ±  0.8 ms - Apply f time
582.8 ± 15.3 ms - Real f time 
187.9 ±  5.6 ms - Add time
  9.9 ±  0.4 ms - Find child
 12.3 ±  0.4 ms - Add child
149.5 ±  2.0 ms - Hash
132.3 ± 38.8 ms - Map
 60.8 ±  1.0 ms - getState
0.0943135
0.102081
0.200157
1113.1 ±  0.0 ms - Total time
777.6 ±  0.0 ms - Build f time
 65.3 ±  0.9 ms - Apply f time
668.2 ± 15.3 ms - Real f time 
235.4 ±  5.7 ms - Add time
 14.6 ±  0.4 ms - Find child
 18.8 ±  0.5 ms - Add child
184.9 ±  2.1 ms - Hash
157.0 ± 38.9 ms - Map
 87.6 ±  1.1 ms - getState
0.0990108
0.10783
0.194775
1307.9 ±  0.0 ms - Total time
876.6 ±  0.0 ms - Build f time
 82.3 ±  1.0 ms - Apply f time
758.1 ± 15.4 ms - Real f time 
281.2 ±  5.8 ms - Add time
 18.9 ±  0.5 ms - Find child
 24.7 ±  0.6 ms - Add child
222.8 ±  2.3 ms - Hash
178.8 ± 38.8 ms - Map
112.3 ±  1.8 ms - getState
0.101361
0.110416
0.197725
1505.7 ±  0.0 ms - Total time
977.9 ±  0.0 ms - Build f time
 98.8 ±  1.1 ms - Apply f time
850.0 ± 15.5 ms - Real f time 
327.4 ±  5.8 ms - Add time
 23.6 ±  0.5 ms - Find child
 30.4 ±  0.6 ms - Add child
260.5 ±  2.4 ms - Hash
200.5 ± 38.8 ms - Map
135.1 ±  1.9 ms - getState
Dag sizes: 134014 141609 136443 142052 145587 
brutePieces time: 0.977015
 77.0 ±  0.0 ms - Piece loop time
 62.1 ± 42.4 ms - Set time
 50.1 ±  1.3 ms - Child looking time
Nodes:  699705
Pieces: 119258
makePieces time: 0.0783644
Memory: 9.0 + 25.1 + 22.4 + 32.2 + 5.7 MB
  9.2 ±  0.3 ms - Greedy fill time
composePieces time: 1.05886
                                                                                