Running only task # 337
Using max depth 4
 |                                        | 0 / 416 (0.0%)Function count: 142
0.0203186
0.0225097
0.0220282
0.0243006
0.0191261
0.0212421
0.0206069
0.022628
0.0234181
0.025912
 17.7 ±  0.0 ms - Piece loop time
 38.6 ± 36.5 ms - Set time
 14.7 ±  0.8 ms - Child looking time
0.84375
0.924852
1.33563
1452.4 ±  0.0 ms - Total time
949.2 ±  0.0 ms - Build f time
118.3 ±  1.2 ms - Apply f time
920.6 ±  4.5 ms - Real f time 
279.8 ±  3.3 ms - Add time
 39.2 ±  2.1 ms - Find child
 53.5 ±  1.4 ms - Add child
203.9 ±  1.5 ms - Hash
262.2 ± 37.8 ms - Map
132.0 ±  8.8 ms - getState
0.926595
1.0185
1.51924
2971.6 ±  0.0 ms - Total time
1875.8 ±  0.0 ms - Build f time
247.2 ±  1.8 ms - Apply f time
1822.8 ±  6.2 ms - Real f time 
593.7 ± 28.6 ms - Add time
 80.1 ±  2.2 ms - Find child
110.0 ±  1.8 ms - Add child
407.5 ±  2.2 ms - Hash
527.7 ± 37.9 ms - Map
269.4 ±  8.9 ms - getState
0.74476
0.817226
1.16866
4140.4 ±  0.0 ms - Total time
2620.6 ±  0.0 ms - Build f time
343.6 ±  2.1 ms - Apply f time
2550.1 ±  7.7 ms - Real f time 
811.8 ± 28.7 ms - Add time
111.0 ±  2.3 ms - Find child
149.8 ±  1.9 ms - Add child
573.5 ±  3.6 ms - Hash
717.9 ± 38.0 ms - Map
370.0 ±  9.0 ms - getState
0.820417
0.900428
1.25673
5397.1 ±  0.0 ms - Total time
3441.0 ±  0.0 ms - Build f time
445.5 ±  2.4 ms - Apply f time
3359.2 ± 10.5 ms - Real f time 
1042.1 ± 28.8 ms - Add time
142.9 ±  2.4 ms - Find child
192.5 ±  2.1 ms - Add child
753.0 ±  9.2 ms - Hash
921.6 ± 38.5 ms - Map
492.6 ± 16.3 ms - getState
0.904776
0.995471
1.44538
6842.5 ±  0.0 ms - Total time
4345.8 ±  0.0 ms - Build f time
571.8 ±  3.4 ms - Apply f time
4232.2 ± 11.3 ms - Real f time 
1383.8 ± 70.5 ms - Add time
189.7 ±  6.1 ms - Find child
245.4 ±  2.2 ms - Add child
959.9 ±  9.4 ms - Hash
1194.0 ± 50.1 ms - Map
630.5 ± 16.6 ms - getState
Dag sizes: 902927 1002939 749590 770115 968959 
brutePieces time: 6.72781
1780.7 ±  0.0 ms - Piece loop time
489.6 ± 25.8 ms - Set time
1186.4 ±  6.7 ms - Child looking time
Nodes:  4394530
Pieces: 1131147
makePieces time: 1.78468
Memory: 32.1 + 241.1 + 140.6 + 112.3 + 65.8 MB
 18.0 ±  0.0 ms - Greedy fill time
composePieces time: 3.39043
                                                                                