Running only task # 153
Using max depth 3
 |                                        | 0 / 416 (0.0%)Function count: 142
0.148152
0.161425
0.156408
0.172525
0.152267
0.167682
0.165588
0.182298
 24.7 ±  0.0 ms - Piece loop time
 38.7 ± 33.9 ms - Set time
 19.1 ±  1.1 ms - Child looking time
0.139104
0.151976
0.224789
908.9 ±  0.0 ms - Total time
761.5 ±  0.0 ms - Build f time
 33.2 ±  0.9 ms - Apply f time
611.7 ±  6.6 ms - Real f time 
186.0 ± 16.6 ms - Add time
  3.5 ±  0.2 ms - Find child
  5.0 ±  0.2 ms - Add child
149.5 ±  1.1 ms - Hash
101.8 ± 46.7 ms - Map
 42.3 ±  0.6 ms - getState
0.159433
0.175532
0.263728
1172.7 ±  0.0 ms - Total time
920.9 ±  0.0 ms - Build f time
 49.6 ±  1.1 ms - Apply f time
755.0 ± 10.3 ms - Real f time 
238.1 ± 16.7 ms - Add time
  6.5 ±  0.3 ms - Find child
  9.2 ±  0.3 ms - Add child
201.4 ±  1.6 ms - Hash
121.6 ± 46.8 ms - Map
 70.6 ±  1.0 ms - getState
0.162167
0.177885
0.274117
1446.8 ±  0.0 ms - Total time
1083.1 ±  0.0 ms - Build f time
 65.6 ±  1.2 ms - Apply f time
893.3 ± 10.7 ms - Real f time 
295.5 ± 16.8 ms - Add time
 10.4 ±  0.7 ms - Find child
 14.0 ±  0.4 ms - Add child
254.1 ±  1.9 ms - Hash
147.2 ± 46.9 ms - Map
100.2 ±  1.1 ms - getState
0.172673
0.190532
0.291856
1738.7 ±  0.0 ms - Total time
1255.8 ±  0.0 ms - Build f time
 83.6 ±  1.3 ms - Apply f time
1034.1 ± 11.0 ms - Real f time 
359.8 ± 16.8 ms - Add time
 13.7 ±  0.7 ms - Find child
 18.2 ±  0.5 ms - Add child
310.6 ±  2.0 ms - Hash
169.9 ± 46.9 ms - Map
133.8 ±  2.0 ms - getState
Dag sizes: 90535 101777 112164 118984 
brutePieces time: 1.05845
 58.5 ±  0.0 ms - Piece loop time
 50.2 ± 37.1 ms - Set time
 39.9 ±  1.0 ms - Child looking time
Nodes:  423460
Pieces: 94820
makePieces time: 0.0596074
Memory: 10.4 + 16.9 + 13.6 + 23.6 + 4.0 MB
 27.7 ±  0.0 ms - Greedy fill time
composePieces time: 0.600994
                                                                                