Running only task # 347
Using max depth 3
 |                                        | 0 / 416 (0.0%)Function count: 142
0.0595475
0.0662216
0.0665917
0.0742863
0.0690457
0.0773066
  5.8 ±  0.0 ms - Piece loop time
 39.7 ± 38.0 ms - Set time
  3.6 ±  0.4 ms - Child looking time
0.0603146
0.0665871
0.113475
331.5 ±  0.0 ms - Total time
255.5 ±  0.0 ms - Build f time
 14.8 ±  0.5 ms - Apply f time
206.8 ±  3.4 ms - Real f time 
 55.5 ±  1.3 ms - Add time
  1.8 ±  0.2 ms - Find child
  2.7 ±  0.2 ms - Add child
 62.7 ±  0.9 ms - Hash
 62.1 ± 43.0 ms - Map
 18.0 ±  0.4 ms - getState
0.0674421
0.0758624
0.134724
466.2 ±  0.0 ms - Total time
322.9 ±  0.0 ms - Build f time
 24.3 ±  0.6 ms - Apply f time
266.1 ±  3.9 ms - Real f time 
 86.0 ±  1.6 ms - Add time
  3.8 ±  0.2 ms - Find child
  5.1 ±  0.2 ms - Add child
 91.1 ±  1.0 ms - Hash
 72.5 ± 43.0 ms - Map
 33.0 ±  0.5 ms - getState
0.07142
0.083599
0.14444
610.7 ±  0.0 ms - Total time
394.4 ±  0.0 ms - Build f time
 35.8 ±  0.8 ms - Apply f time
333.2 ±  4.7 ms - Real f time 
127.9 ±  8.4 ms - Add time
  5.9 ±  0.3 ms - Find child
  7.5 ±  0.3 ms - Add child
121.2 ±  1.1 ms - Hash
 83.2 ± 42.9 ms - Map
 49.6 ±  0.6 ms - getState
Dag sizes: 44511 56410 58505 
brutePieces time: 0.3949
 16.5 ±  0.0 ms - Piece loop time
 42.5 ± 37.3 ms - Set time
 10.5 ±  0.5 ms - Child looking time
Nodes:  159426
Pieces: 33907
makePieces time: 0.0173571
Memory: 4.2 + 6.5 + 5.1 + 15.1 + 1.2 MB
 20.4 ±  0.0 ms - Greedy fill time
composePieces time: 0.130765
                                                                                