Running only task # 203
Using max depth 33
 |                                        | 0 / 416 (0.0%)Function count: 142
0.088278
0.0973269
0.404304
0.454343
0.155632
0.170949
0.174602
0.193021
0.225428
0.242242
0.0883944
0.097051
0.391078
0.447795
0.158116
0.17346
0.175563
0.193372
0.195487
0.2119
0.282273
0.315044
155.6 ±  0.0 ms - Piece loop time
 67.9 ± 46.7 ms - Set time
124.0 ±  2.8 ms - Child looking time
0.0890614
0.0968609
0.12475
2721.8 ±  0.0 ms - Total time
2428.2 ±  0.0 ms - Build f time
 89.5 ±  1.7 ms - Apply f time
1761.0 ± 14.9 ms - Real f time 
517.7 ± 23.2 ms - Add time
  6.1 ±  0.3 ms - Find child
  9.2 ±  0.3 ms - Add child
460.1 ±  5.8 ms - Hash
208.2 ± 37.7 ms - Map
 98.6 ±  1.7 ms - getState
0.428194
0.475158
0.656748
3378.6 ±  0.0 ms - Total time
2856.4 ±  0.0 ms - Build f time
123.8 ±  2.2 ms - Apply f time
2071.0 ± 16.1 ms - Real f time 
698.1 ± 54.0 ms - Add time
 11.4 ±  0.4 ms - Find child
 17.0 ±  0.5 ms - Add child
584.5 ±  6.0 ms - Hash
242.9 ± 37.7 ms - Map
184.1 ±  2.3 ms - getState
0.150406
0.16521
0.223919
3602.5 ±  0.0 ms - Total time
3006.8 ±  0.0 ms - Build f time
139.1 ±  2.3 ms - Apply f time
2195.6 ± 16.3 ms - Real f time 
739.9 ± 53.9 ms - Add time
 15.5 ±  0.4 ms - Find child
 21.7 ±  0.5 ms - Add child
625.1 ±  6.1 ms - Hash
260.3 ± 37.7 ms - Map
209.4 ±  2.4 ms - getState
0.168998
0.186689
0.251191
3853.8 ±  0.0 ms - Total time
3175.8 ±  0.0 ms - Build f time
155.3 ±  2.3 ms - Apply f time
2328.1 ± 16.5 ms - Real f time 
788.0 ± 53.9 ms - Add time
 18.8 ±  0.5 ms - Find child
 26.6 ±  0.6 ms - Add child
676.0 ±  6.1 ms - Hash
278.9 ± 37.7 ms - Map
235.4 ±  2.4 ms - getState
0.200704
0.216685
0.294124
4147.9 ±  0.0 ms - Total time
3376.5 ±  0.0 ms - Build f time
171.3 ±  2.4 ms - Apply f time
2483.5 ± 16.8 ms - Real f time 
851.8 ± 54.2 ms - Add time
 22.3 ±  0.5 ms - Find child
 30.6 ±  0.6 ms - Add child
735.5 ±  6.2 ms - Hash
297.5 ± 37.7 ms - Map
266.3 ±  2.5 ms - getState
0.0873774
0.0954596
0.125143
4273.1 ±  0.0 ms - Total time
3463.9 ±  0.0 ms - Build f time
179.7 ±  2.5 ms - Apply f time
2556.0 ± 16.8 ms - Real f time 
875.8 ± 54.2 ms - Add time
 25.0 ±  0.6 ms - Find child
 34.0 ±  0.6 ms - Add child
758.8 ±  6.2 ms - Hash
309.6 ± 37.7 ms - Map
277.3 ±  2.5 ms - getState
0.393025
0.440318
0.623706
4896.8 ±  0.0 ms - Total time
3856.9 ±  0.0 ms - Build f time
214.1 ±  2.6 ms - Apply f time
2843.8 ± 17.7 ms - Real f time 
1006.9 ± 54.3 ms - Add time
 30.8 ±  0.6 ms - Find child
 42.3 ±  0.7 ms - Add child
884.9 ±  6.5 ms - Hash
341.2 ± 37.7 ms - Map
362.3 ±  3.0 ms - getState
0.144922
0.159182
0.220768
5117.6 ±  0.0 ms - Total time
4001.8 ±  0.0 ms - Build f time
228.7 ±  2.7 ms - Apply f time
2962.5 ± 17.8 ms - Real f time 
1051.8 ± 54.3 ms - Add time
 34.3 ±  0.7 ms - Find child
 47.0 ±  0.8 ms - Add child
925.0 ±  6.5 ms - Hash
363.0 ± 37.7 ms - Map
386.4 ±  3.1 ms - getState
0.166492
0.183675
0.248773
5366.5 ±  0.0 ms - Total time
4168.3 ±  0.0 ms - Build f time
243.3 ±  2.7 ms - Apply f time
3092.4 ± 18.0 ms - Real f time 
1099.1 ± 54.4 ms - Add time
 37.6 ±  0.7 ms - Find child
 52.0 ±  0.8 ms - Add child
973.8 ±  6.5 ms - Hash
382.3 ± 37.8 ms - Map
412.4 ±  3.1 ms - getState
0.197554
0.214915
0.293199
5659.7 ±  0.0 ms - Total time
4365.9 ±  0.0 ms - Build f time
259.8 ±  2.8 ms - Apply f time
3243.3 ± 18.4 ms - Real f time 
1152.9 ± 54.4 ms - Add time
 42.2 ±  1.2 ms - Find child
 56.5 ±  0.8 ms - Add child
1035.9 ±  7.3 ms - Hash
403.7 ± 37.8 ms - Map
445.2 ±  3.2 ms - getState
0.285156
0.31672
0.438412
6098.1 ±  0.0 ms - Total time
4651.0 ±  0.0 ms - Build f time
283.4 ±  2.9 ms - Apply f time
3457.5 ± 18.8 ms - Real f time 
1246.2 ± 54.5 ms - Add time
 47.3 ±  1.2 ms - Find child
 63.0 ±  0.9 ms - Add child
1124.6 ±  7.4 ms - Hash
430.0 ± 37.8 ms - Map
500.5 ±  3.3 ms - getState
Dag sizes: 68614 158717 103950 98262 91822 68399 158218 102718 94600 91785 126651 
brutePieces time: 3.50855
297.9 ±  0.0 ms - Piece loop time
 71.1 ± 35.7 ms - Set time
236.6 ±  4.0 ms - Child looking time
Nodes:  1163736
Pieces: 20995
makePieces time: 0.299111
Memory: 37.8 + 62.5 + 37.2 + 64.8 + 13.7 MB
  0.8 ±  0.0 ms - Greedy fill time
composePieces time: 0.17711
                                                                                