Running only task # 133
Using max depth 33
 |                                        | 0 / 416 (0.0%)Function count: 142
0.390842
0.429172
0.311434
0.341706
0.358656
0.398777
0.387523
0.427836
0.289914
0.315051
0.348069
0.379738
0.383602
0.420294
 63.1 ±  0.0 ms - Piece loop time
 32.3 ± 21.1 ms - Set time
 50.3 ±  1.7 ms - Child looking time
0.390196
0.428368
0.747691
3460.6 ±  0.0 ms - Total time
2860.2 ±  0.0 ms - Build f time
131.3 ±  2.9 ms - Apply f time
2008.3 ± 19.8 ms - Real f time 
634.2 ±  8.0 ms - Add time
 13.4 ±  0.7 ms - Find child
 18.0 ±  0.9 ms - Add child
659.7 ±  4.5 ms - Hash
184.2 ± 36.0 ms - Map
195.0 ±  2.5 ms - getState
0.294391
0.318854
0.547998
4008.7 ±  0.0 ms - Total time
3154.6 ±  0.0 ms - Build f time
167.6 ±  3.1 ms - Apply f time
2245.8 ± 21.3 ms - Real f time 
757.3 ±  8.8 ms - Add time
 20.4 ±  0.8 ms - Find child
 27.4 ±  1.0 ms - Add child
791.5 ±  4.8 ms - Hash
220.4 ± 36.0 ms - Map
256.2 ±  2.7 ms - getState
0.346708
0.378689
0.689436
4698.2 ±  0.0 ms - Total time
3501.3 ±  0.0 ms - Build f time
217.4 ±  3.2 ms - Apply f time
2509.4 ± 21.8 ms - Real f time 
915.0 ±  9.2 ms - Add time
 30.3 ±  0.9 ms - Find child
 40.0 ±  1.1 ms - Add child
953.4 ±  5.4 ms - Hash
267.8 ± 36.0 ms - Map
343.2 ±  3.0 ms - getState
0.400282
0.439064
0.752851
5451.1 ±  0.0 ms - Total time
3901.6 ±  0.0 ms - Build f time
268.0 ±  3.5 ms - Apply f time
2813.3 ± 23.5 ms - Real f time 
1094.1 ± 12.2 ms - Add time
 39.1 ±  0.9 ms - Find child
 53.0 ±  1.1 ms - Add child
1121.8 ±  5.8 ms - Hash
317.7 ± 36.0 ms - Map
436.6 ±  3.4 ms - getState
0.294803
0.319749
0.559895
6011.0 ±  0.0 ms - Total time
4196.4 ±  0.0 ms - Build f time
305.4 ±  3.6 ms - Apply f time
3040.7 ± 24.0 ms - Real f time 
1234.1 ± 18.4 ms - Add time
 46.9 ±  1.0 ms - Find child
 63.4 ±  1.2 ms - Add child
1250.6 ±  5.9 ms - Hash
353.9 ± 36.0 ms - Map
506.8 ±  3.7 ms - getState
0.364267
0.395936
0.688651
6699.7 ±  0.0 ms - Total time
4560.7 ±  0.0 ms - Build f time
349.0 ±  3.7 ms - Apply f time
3331.5 ± 25.3 ms - Real f time 
1382.6 ± 18.6 ms - Add time
 56.3 ±  1.0 ms - Find child
 76.9 ±  1.3 ms - Add child
1406.7 ±  6.2 ms - Hash
397.6 ± 36.0 ms - Map
589.2 ±  3.9 ms - getState
0.397054
0.434296
0.789764
7489.5 ±  0.0 ms - Total time
4957.7 ±  0.0 ms - Build f time
405.5 ±  3.9 ms - Apply f time
3651.0 ± 26.2 ms - Real f time 
1570.0 ± 18.9 ms - Add time
 66.5 ±  1.1 ms - Find child
 91.8 ±  1.4 ms - Add child
1572.7 ±  6.4 ms - Hash
456.9 ± 37.6 ms - Map
691.9 ±  4.2 ms - getState
Dag sizes: 186925 146932 179757 188234 149316 180022 198752 
brutePieces time: 4.77996
232.3 ±  0.0 ms - Piece loop time
 72.0 ± 17.6 ms - Set time
161.9 ±  2.3 ms - Child looking time
Nodes:  1229938
Pieces: 16970
makePieces time: 0.23294
Memory: 63.4 + 64.5 + 39.4 + 49.0 + 11.1 MB
  1.2 ±  0.0 ms - Greedy fill time
composePieces time: 0.110421
                                                                                