Running only task # 404
Using max depth 23
 |                                        | 0 / 416 (0.0%)Function count: 142
0.308318
0.351388
0.227517
0.260336
0.305455
0.34926
0.235166
0.266322
0.253242
0.290419
 57.3 ±  0.0 ms - Piece loop time
 53.1 ± 38.7 ms - Set time
 41.1 ±  1.2 ms - Child looking time
0.308251
0.351174
0.720971
2239.0 ±  0.0 ms - Total time
1637.9 ±  0.0 ms - Build f time
118.5 ±  1.6 ms - Apply f time
1357.1 ± 14.8 ms - Real f time 
453.5 ±  8.4 ms - Add time
 11.7 ±  0.4 ms - Find child
 16.0 ±  0.5 ms - Add child
402.5 ± 23.7 ms - Hash
168.2 ± 39.2 ms - Map
154.2 ±  2.8 ms - getState
0.230142
0.261174
0.505829
2744.9 ±  0.0 ms - Total time
1868.1 ±  0.0 ms - Build f time
158.5 ±  1.8 ms - Apply f time
1570.9 ± 15.3 ms - Real f time 
586.6 ± 11.3 ms - Add time
 19.4 ±  0.5 ms - Find child
 25.3 ±  0.6 ms - Add child
497.9 ± 23.7 ms - Hash
216.0 ± 39.2 ms - Map
216.3 ±  3.0 ms - getState
0.315933
0.357861
0.716965
3461.9 ±  0.0 ms - Total time
2184.0 ±  0.0 ms - Build f time
208.5 ±  2.1 ms - Apply f time
1846.8 ± 16.0 ms - Real f time 
773.4 ± 11.5 ms - Add time
 27.9 ±  0.6 ms - Find child
 37.3 ±  0.7 ms - Add child
644.6 ± 23.7 ms - Hash
264.8 ± 39.2 ms - Map
305.0 ±  3.1 ms - getState
0.227811
0.259257
0.482491
3944.4 ±  0.0 ms - Total time
2411.8 ±  0.0 ms - Build f time
246.6 ±  2.2 ms - Apply f time
2074.8 ± 23.0 ms - Real f time 
895.3 ± 11.6 ms - Add time
 34.9 ±  0.7 ms - Find child
 46.6 ±  0.8 ms - Add child
738.7 ± 23.7 ms - Hash
301.2 ± 39.2 ms - Map
366.6 ±  3.6 ms - getState
0.26014
0.303626
0.590356
4534.8 ±  0.0 ms - Total time
2672.0 ±  0.0 ms - Build f time
291.7 ±  2.4 ms - Apply f time
2305.6 ± 23.7 ms - Real f time 
1059.0 ± 21.2 ms - Add time
 42.9 ±  0.7 ms - Find child
 57.8 ±  0.9 ms - Add child
850.7 ± 23.7 ms - Hash
350.3 ± 39.1 ms - Map
440.1 ±  3.7 ms - getState
Dag sizes: 294742 237184 294035 237006 251413 
brutePieces time: 3.01942
213.4 ±  0.0 ms - Piece loop time
130.6 ± 45.3 ms - Set time
144.5 ± 11.1 ms - Child looking time
Nodes:  1314380
Pieces: 251548
makePieces time: 0.215294
Memory: 38.2 + 43.8 + 42.1 + 42.0 + 12.7 MB
 38.5 ±  0.0 ms - Greedy fill time
composePieces time: 2.89128
                                                                                