Running only task # 349
Using max depth 33
 |                                        | 0 / 416 (0.0%)Function count: 142
0.393942
0.451775
0.377773
0.433034
0.454147
0.519509
0.393847
0.459113
0.382154
0.435825
0.444667
0.509145
0.437649
0.503018
 24.4 ±  0.0 ms - Piece loop time
 43.8 ± 38.6 ms - Set time
 17.8 ±  1.1 ms - Child looking time
0.410652
0.480854
1.06217
4373.9 ±  0.0 ms - Total time
3294.8 ±  0.0 ms - Build f time
202.0 ±  6.6 ms - Apply f time
2346.4 ± 42.4 ms - Real f time 
859.1 ± 15.6 ms - Add time
  8.8 ±  0.4 ms - Find child
 13.2 ±  0.6 ms - Add child
883.6 ±  6.1 ms - Hash
147.7 ± 41.4 ms - Map
293.6 ±  4.6 ms - getState
0.386894
0.450786
1.02601
5400.0 ±  0.0 ms - Total time
3681.7 ±  0.0 ms - Build f time
265.5 ±  6.8 ms - Apply f time
2645.5 ± 43.1 ms - Real f time 
1148.9 ± 17.5 ms - Add time
 14.8 ±  0.5 ms - Find child
 21.8 ±  0.6 ms - Add child
1136.7 ±  6.5 ms - Hash
183.9 ± 41.4 ms - Map
446.3 ±  5.3 ms - getState
0.456743
0.522611
1.15597
6556.0 ±  0.0 ms - Total time
4138.5 ±  0.0 ms - Build f time
336.3 ±  7.0 ms - Apply f time
3057.0 ± 53.2 ms - Real f time 
1473.3 ± 18.4 ms - Add time
 21.4 ±  0.5 ms - Find child
 30.7 ±  0.7 ms - Add child
1422.5 ±  6.9 ms - Hash
220.7 ± 41.5 ms - Map
605.7 ±  5.6 ms - getState
0.410937
0.467196
1.04326
7599.3 ±  0.0 ms - Total time
4549.4 ±  0.0 ms - Build f time
397.2 ±  7.2 ms - Apply f time
3389.0 ± 54.3 ms - Real f time 
1758.4 ± 19.0 ms - Add time
 27.2 ±  0.6 ms - Find child
 39.1 ±  0.8 ms - Add child
1688.7 ±  8.8 ms - Hash
255.1 ± 41.5 ms - Map
749.3 ±  6.0 ms - getState
0.401707
0.458753
1.0144
8613.7 ±  0.0 ms - Total time
4951.1 ±  0.0 ms - Build f time
466.4 ± 11.5 ms - Apply f time
3729.4 ± 60.6 ms - Real f time 
2039.8 ± 19.8 ms - Add time
 33.2 ±  0.7 ms - Find child
 47.3 ±  0.9 ms - Add child
1940.9 ±  9.3 ms - Hash
287.4 ± 41.5 ms - Map
886.8 ±  6.3 ms - getState
0.467757
0.532528
1.15508
9768.9 ±  0.0 ms - Total time
5418.9 ±  0.0 ms - Build f time
534.2 ± 11.6 ms - Apply f time
4105.5 ± 61.6 ms - Real f time 
2354.2 ± 20.4 ms - Add time
 40.6 ±  1.0 ms - Find child
 56.2 ±  0.9 ms - Add child
2230.8 ± 10.1 ms - Hash
324.1 ± 41.5 ms - Map
1041.3 ±  6.5 ms - getState
0.450981
0.514195
1.16839
10937.3 ±  0.0 ms - Total time
5869.8 ±  0.0 ms - Build f time
608.8 ± 11.7 ms - Apply f time
4478.7 ± 62.7 ms - Real f time 
2686.5 ± 21.4 ms - Add time
 47.4 ±  1.0 ms - Find child
 66.3 ±  1.0 ms - Add child
2531.6 ± 14.0 ms - Hash
362.6 ± 41.4 ms - Map
1215.0 ±  6.9 ms - getState
Dag sizes: 168642 163738 181919 169351 163567 179569 179395 
brutePieces time: 7.62838
104.7 ±  0.0 ms - Piece loop time
 44.4 ± 16.6 ms - Set time
 71.1 ±  1.6 ms - Child looking time
Nodes:  1206181
Pieces: 129592
makePieces time: 0.105618
Memory: 125.2 + 39.6 + 38.6 + 48.7 + 8.5 MB
1536.5 ± 70.2 ms - Greedy fill time
composePieces time: 25.242
                                                                                