Running only task # 59
Using max depth 23
 |                                        | 0 / 416 (0.0%)Function count: 142
0.346122
0.385166
0.327007
0.359536
0.337478
0.37581
0.332596
0.371435
0.338052
0.370366
0.340378
0.378194
0.359765
0.400782
 81.9 ±  0.0 ms - Piece loop time
 41.5 ± 21.7 ms - Set time
 59.7 ±  1.7 ms - Child looking time
0.356002
0.394039
1.00402
3645.7 ±  0.0 ms - Total time
2737.4 ±  0.0 ms - Build f time
173.3 ±  2.5 ms - Apply f time
2051.7 ± 18.2 ms - Real f time 
810.8 ± 32.7 ms - Add time
 21.4 ±  0.5 ms - Find child
 31.5 ±  0.8 ms - Add child
600.1 ±  3.1 ms - Hash
299.9 ± 44.2 ms - Map
241.8 ±  2.7 ms - getState
0.331391
0.363724
0.77586
4421.6 ±  0.0 ms - Total time
3068.8 ±  0.0 ms - Build f time
238.9 ±  2.8 ms - Apply f time
2353.3 ± 19.5 ms - Real f time 
1004.3 ± 32.7 ms - Add time
 36.0 ±  0.7 ms - Find child
 53.4 ±  1.3 ms - Add child
759.7 ±  3.4 ms - Hash
385.3 ± 44.1 ms - Map
344.6 ±  3.0 ms - getState
0.36338
0.403253
1.05756
5479.2 ±  0.0 ms - Total time
3432.2 ±  0.0 ms - Build f time
328.9 ±  3.1 ms - Apply f time
2685.7 ± 20.7 ms - Real f time 
1284.5 ± 32.8 ms - Add time
 56.1 ±  0.8 ms - Find child
 81.0 ±  1.4 ms - Add child
975.3 ±  3.6 ms - Hash
513.4 ± 44.1 ms - Map
503.4 ±  3.4 ms - getState
0.36068
0.398857
1.02566
6505.0 ±  0.0 ms - Total time
3792.8 ±  0.0 ms - Build f time
413.4 ±  3.3 ms - Apply f time
2999.5 ± 21.3 ms - Real f time 
1560.3 ± 32.9 ms - Add time
 75.1 ±  1.0 ms - Find child
107.3 ±  1.6 ms - Add child
1182.1 ±  3.9 ms - Hash
632.3 ± 44.3 ms - Map
654.4 ±  3.8 ms - getState
0.336121
0.36847
0.794027
7299.1 ±  0.0 ms - Total time
4129.0 ±  0.0 ms - Build f time
481.3 ±  3.5 ms - Apply f time
3302.6 ± 27.4 ms - Real f time 
1757.8 ± 33.1 ms - Add time
 90.4 ±  1.1 ms - Find child
127.7 ±  1.6 ms - Add child
1339.6 ±  4.1 ms - Hash
717.0 ± 44.3 ms - Map
759.5 ±  4.1 ms - getState
0.372694
0.411766
1.0652
8364.3 ±  0.0 ms - Total time
4501.7 ±  0.0 ms - Build f time
569.9 ±  3.7 ms - Apply f time
3640.8 ± 28.0 ms - Real f time 
2044.2 ± 33.2 ms - Add time
110.2 ±  1.2 ms - Find child
155.3 ±  1.7 ms - Add child
1554.8 ±  4.4 ms - Hash
842.8 ± 44.3 ms - Map
915.6 ±  4.4 ms - getState
0.405013
0.446215
1.21143
9575.8 ±  0.0 ms - Total time
4906.7 ±  0.0 ms - Build f time
666.7 ±  4.0 ms - Apply f time
3998.6 ± 28.7 ms - Real f time 
2431.3 ± 44.5 ms - Add time
128.0 ±  1.3 ms - Find child
179.5 ±  1.8 ms - Add child
1828.3 ±  4.8 ms - Hash
937.2 ± 44.3 ms - Map
1106.2 ±  5.1 ms - getState
Dag sizes: 567321 399539 607488 566058 399971 608642 559380 
brutePieces time: 6.93742
526.1 ±  0.0 ms - Piece loop time
158.4 ± 15.0 ms - Set time
354.0 ±  3.3 ms - Child looking time
Nodes:  3708399
Pieces: 465076
makePieces time: 0.528965
Memory: 95.7 + 122.9 + 118.7 + 88.7 + 35.5 MB
 61.0 ± 20.2 ms - Greedy fill time
composePieces time: 11.6543
                                                                                