Running only task # 196
Using max depth 33
 |                                        | 0 / 416 (0.0%)Function count: 142
0.112174
0.123854
0.116573
0.133606
0.150296
0.164801
0.10797
0.120207
0.11545
0.126725
0.149264
0.163769
0.165939
0.182883
 46.2 ±  0.0 ms - Piece loop time
 44.6 ± 31.8 ms - Set time
 42.0 ±  5.8 ms - Child looking time
0.109311
0.120428
0.184312
1200.4 ±  0.0 ms - Total time
1027.0 ±  0.0 ms - Build f time
 50.0 ±  1.2 ms - Apply f time
802.2 ±  7.1 ms - Real f time 
209.8 ±  3.8 ms - Add time
  6.9 ±  0.3 ms - Find child
  8.7 ±  0.3 ms - Add child
205.2 ±  1.7 ms - Hash
124.8 ± 40.8 ms - Map
 50.2 ±  0.8 ms - getState
0.125642
0.136897
0.198448
1398.9 ±  0.0 ms - Total time
1152.6 ±  0.0 ms - Build f time
 65.0 ±  1.3 ms - Apply f time
908.1 ±  7.5 ms - Real f time 
253.2 ±  5.2 ms - Add time
 11.3 ±  0.4 ms - Find child
 13.7 ±  0.4 ms - Add child
245.0 ±  1.9 ms - Hash
143.0 ± 40.9 ms - Map
 70.1 ±  1.5 ms - getState
0.150543
0.164762
0.24302
1642.0 ±  0.0 ms - Total time
1303.2 ±  0.0 ms - Build f time
 82.2 ±  1.4 ms - Apply f time
1039.9 ± 10.2 ms - Real f time 
299.6 ±  5.3 ms - Add time
 15.6 ±  0.5 ms - Find child
 19.2 ±  0.5 ms - Add child
293.9 ±  2.0 ms - Hash
162.4 ± 40.8 ms - Map
 93.9 ±  1.6 ms - getState
0.113282
0.124384
0.190618
1832.6 ±  0.0 ms - Total time
1416.4 ±  0.0 ms - Build f time
 98.5 ±  1.5 ms - Apply f time
1140.4 ± 10.5 ms - Real f time 
339.4 ±  5.3 ms - Add time
 20.2 ±  0.5 ms - Find child
 25.5 ±  0.6 ms - Add child
330.5 ±  2.1 ms - Hash
181.7 ± 40.8 ms - Map
113.2 ±  1.7 ms - getState
0.1249
0.13574
0.196796
2029.5 ±  0.0 ms - Total time
1541.3 ±  0.0 ms - Build f time
113.4 ±  1.5 ms - Apply f time
1247.1 ± 10.7 ms - Real f time 
391.9 ± 13.5 ms - Add time
 24.5 ±  0.6 ms - Find child
 30.7 ±  0.6 ms - Add child
368.5 ±  2.2 ms - Hash
199.0 ± 40.8 ms - Map
131.5 ±  1.7 ms - getState
0.155505
0.171235
0.258142
2287.6 ±  0.0 ms - Total time
1696.8 ±  0.0 ms - Build f time
132.9 ±  1.6 ms - Apply f time
1375.4 ± 11.1 ms - Real f time 
445.7 ± 13.5 ms - Add time
 29.4 ±  0.6 ms - Find child
 36.9 ±  0.7 ms - Add child
418.4 ±  2.3 ms - Hash
224.2 ± 40.7 ms - Map
156.9 ±  1.8 ms - getState
0.179279
0.196789
0.302097
2589.7 ±  0.0 ms - Total time
1876.1 ±  0.0 ms - Build f time
154.7 ±  1.7 ms - Apply f time
1523.3 ± 11.6 ms - Real f time 
506.8 ± 13.6 ms - Add time
 34.9 ±  0.7 ms - Find child
 43.7 ±  0.8 ms - Add child
480.6 ±  2.5 ms - Hash
248.8 ± 40.7 ms - Map
187.3 ±  1.9 ms - getState
Dag sizes: 117279 101543 115412 118530 98763 117233 142736 
brutePieces time: 1.57872
169.6 ±  0.0 ms - Piece loop time
 40.0 ± 10.3 ms - Set time
146.5 ± 16.3 ms - Child looking time
Nodes:  811496
Pieces: 69977
makePieces time: 0.170407
Memory: 13.1 + 37.0 + 26.0 + 42.3 + 8.6 MB
 22.6 ±  6.8 ms - Greedy fill time
composePieces time: 0.557899
                                                                                