Running only task # 36
Using max depth 3
 |                                        | 0 / 416 (0.0%)Function count: 142
0.076108
0.084476
0.100215
0.111674
0.147518
0.165379
0.180864
0.2034
0.189896
0.213296
 37.3 ±  0.0 ms - Piece loop time
 49.2 ± 39.1 ms - Set time
 27.0 ±  1.1 ms - Child looking time
0.0738928
0.0818395
0.102428
880.9 ±  0.0 ms - Total time
768.5 ±  0.0 ms - Build f time
 36.8 ±  0.8 ms - Apply f time
659.7 ±  6.1 ms - Real f time 
161.5 ± 11.1 ms - Add time
  4.3 ±  0.2 ms - Find child
  5.4 ±  0.3 ms - Add child
106.8 ±  1.5 ms - Hash
116.8 ± 42.7 ms - Map
 35.5 ±  1.2 ms - getState
0.0991001
0.110326
0.142799
1023.8 ±  0.0 ms - Total time
867.6 ±  0.0 ms - Build f time
 47.0 ±  0.9 ms - Apply f time
750.2 ±  6.2 ms - Real f time 
187.1 ± 11.2 ms - Add time
  7.5 ±  0.3 ms - Find child
  9.5 ±  0.3 ms - Add child
126.9 ±  1.5 ms - Hash
138.4 ± 42.8 ms - Map
 48.1 ±  1.3 ms - getState
0.143595
0.161448
0.211386
1235.2 ±  0.0 ms - Total time
1011.2 ±  0.0 ms - Build f time
 61.6 ±  1.0 ms - Apply f time
882.0 ±  6.6 ms - Real f time 
225.2 ± 11.2 ms - Add time
 11.4 ±  0.4 ms - Find child
 14.0 ±  0.4 ms - Add child
156.7 ±  1.6 ms - Hash
161.3 ± 42.8 ms - Map
 69.0 ±  1.4 ms - getState
0.183053
0.205967
0.264272
1499.6 ±  0.0 ms - Total time
1194.2 ±  0.0 ms - Build f time
 78.5 ±  1.2 ms - Apply f time
1042.9 ±  7.2 ms - Real f time 
273.0 ± 11.3 ms - Add time
 15.4 ±  0.4 ms - Find child
 19.0 ±  0.5 ms - Add child
193.7 ±  1.7 ms - Hash
186.8 ± 42.8 ms - Map
 94.2 ±  1.5 ms - getState
0.194006
0.217684
0.279151
1778.7 ±  0.0 ms - Total time
1388.2 ±  0.0 ms - Build f time
 95.5 ±  1.3 ms - Apply f time
1222.4 ±  9.5 ms - Real f time 
325.5 ± 11.3 ms - Add time
 19.3 ±  0.5 ms - Find child
 24.1 ±  0.6 ms - Add child
232.9 ±  1.8 ms - Hash
212.5 ± 42.8 ms - Map
120.6 ±  1.6 ms - getState
Dag sizes: 58365 77605 99915 104038 105247 
brutePieces time: 1.0028
 76.3 ±  0.0 ms - Piece loop time
 61.3 ± 42.1 ms - Set time
 54.8 ±  3.3 ms - Child looking time
Nodes:  445170
Pieces: 15
makePieces time: 0.0771923
Memory: 6.6 + 24.5 + 14.2 + 28.1 + 3.4 MB
  0.1 ±  0.0 ms - Greedy fill time
composePieces time: 0.00891274
                                                                                