Running only task # 411
Using max depth 33
 |                                        | 0 / 416 (0.0%)Function count: 142
0.132386
0.143658
0.119537
0.130575
0.140855
0.154044
0.132228
0.143357
0.118095
0.129169
0.140203
0.153095
0.145866
0.159169
 48.4 ±  0.0 ms - Piece loop time
 54.5 ± 44.8 ms - Set time
 38.4 ±  2.2 ms - Child looking time
0.124387
0.135498
0.249859
1263.3 ±  0.0 ms - Total time
1053.6 ±  0.0 ms - Build f time
 52.8 ±  4.1 ms - Apply f time
827.9 ±  6.0 ms - Real f time 
246.1 ± 13.5 ms - Add time
  7.2 ±  0.3 ms - Find child
  9.3 ±  0.3 ms - Add child
211.3 ±  1.8 ms - Hash
161.1 ± 56.7 ms - Map
 59.5 ±  0.7 ms - getState
0.124031
0.135465
0.248188
1511.5 ±  0.0 ms - Total time
1177.6 ±  0.0 ms - Build f time
 72.3 ±  4.1 ms - Apply f time
932.6 ±  6.3 ms - Real f time 
302.4 ± 13.5 ms - Add time
 12.1 ±  0.4 ms - Find child
 16.0 ±  0.5 ms - Add child
260.1 ±  2.0 ms - Hash
192.5 ± 56.7 ms - Map
 89.8 ±  1.1 ms - getState
0.147978
0.161633
0.309468
1821.0 ±  0.0 ms - Total time
1325.6 ±  0.0 ms - Build f time
 95.0 ±  4.1 ms - Apply f time
1060.4 ±  6.8 ms - Real f time 
376.9 ± 14.0 ms - Add time
 17.9 ±  0.5 ms - Find child
 23.1 ±  0.5 ms - Add child
323.1 ±  2.1 ms - Hash
229.5 ± 56.6 ms - Map
128.8 ±  1.3 ms - getState
0.132013
0.143785
0.260373
2081.4 ±  0.0 ms - Total time
1457.6 ±  0.0 ms - Build f time
114.6 ±  4.2 ms - Apply f time
1176.8 ±  7.3 ms - Real f time 
446.5 ± 16.2 ms - Add time
 22.7 ±  0.5 ms - Find child
 30.0 ±  0.6 ms - Add child
372.4 ±  2.2 ms - Hash
263.5 ± 56.6 ms - Map
159.4 ±  1.4 ms - getState
0.130887
0.142402
0.258165
2339.6 ±  0.0 ms - Total time
1588.5 ±  0.0 ms - Build f time
135.1 ±  4.2 ms - Apply f time
1294.1 ±  8.9 ms - Real f time 
504.1 ± 16.2 ms - Add time
 27.7 ±  0.6 ms - Find child
 37.4 ±  0.9 ms - Add child
421.3 ±  2.3 ms - Hash
299.4 ± 56.6 ms - Map
189.2 ±  1.5 ms - getState
0.151667
0.164868
0.313214
2652.9 ±  0.0 ms - Total time
1740.1 ±  0.0 ms - Build f time
157.8 ±  4.3 ms - Apply f time
1420.5 ±  9.2 ms - Real f time 
579.0 ± 16.2 ms - Add time
 33.2 ±  0.6 ms - Find child
 44.5 ±  1.1 ms - Add child
483.2 ±  2.4 ms - Hash
337.4 ± 56.6 ms - Map
226.9 ±  1.6 ms - getState
0.16006
0.174578
0.332746
2985.7 ±  0.0 ms - Total time
1900.2 ±  0.0 ms - Build f time
183.1 ±  4.3 ms - Apply f time
1549.4 ±  9.5 ms - Real f time 
672.6 ± 22.3 ms - Add time
 38.7 ±  0.7 ms - Find child
 51.9 ±  1.1 ms - Add child
550.9 ±  2.5 ms - Hash
373.4 ± 56.6 ms - Map
267.3 ±  1.7 ms - getState
Dag sizes: 155984 153268 175690 159852 156198 178379 182107 
brutePieces time: 1.97796
186.6 ±  0.0 ms - Piece loop time
 96.0 ± 48.1 ms - Set time
114.6 ±  1.8 ms - Child looking time
Nodes:  1161478
Pieces: 163010
makePieces time: 0.188324
Memory: 19.6 + 42.1 + 37.2 + 47.9 + 10.9 MB
 29.6 ±  1.6 ms - Greedy fill time
composePieces time: 3.38378
                                                                                