Running only task # 10
Using max depth 3
 |                                        | 0 / 416 (0.0%)Function count: 142
0.187009
0.211749
0.145608
0.165368
0.238728
0.271969
0.311727
0.33411
 27.7 ±  0.0 ms - Piece loop time
 45.6 ± 39.1 ms - Set time
 22.4 ±  0.8 ms - Child looking time
0.186048
0.21049
0.373226
1356.6 ±  0.0 ms - Total time
1069.1 ±  0.0 ms - Build f time
 62.9 ±  5.0 ms - Apply f time
908.9 ± 23.6 ms - Real f time 
241.4 ±  3.1 ms - Add time
  6.0 ±  0.3 ms - Find child
  8.9 ±  0.3 ms - Add child
216.6 ±  7.4 ms - Hash
103.1 ± 38.5 ms - Map
 76.7 ±  1.4 ms - getState
0.154378
0.174779
0.301422
1658.1 ±  0.0 ms - Total time
1223.5 ±  0.0 ms - Build f time
 84.7 ±  5.0 ms - Apply f time
1045.1 ± 23.8 ms - Real f time 
311.1 ±  3.6 ms - Add time
  9.7 ±  0.3 ms - Find child
 14.4 ±  0.4 ms - Add child
274.3 ±  7.4 ms - Hash
132.6 ± 38.6 ms - Map
111.0 ±  2.2 ms - getState
0.25308
0.28666
0.491439
2149.6 ±  0.0 ms - Total time
1476.6 ±  0.0 ms - Build f time
116.8 ±  5.1 ms - Apply f time
1284.9 ± 25.6 ms - Real f time 
428.2 ±  4.1 ms - Add time
 14.9 ±  0.4 ms - Find child
 21.5 ±  0.5 ms - Add child
367.9 ±  7.5 ms - Hash
169.8 ± 38.6 ms - Map
162.4 ±  2.3 ms - getState
0.327827
0.350641
0.56476
2714.3 ±  0.0 ms - Total time
1804.4 ±  0.0 ms - Build f time
139.7 ±  5.1 ms - Apply f time
1558.9 ± 27.2 ms - Real f time 
557.2 ±  5.1 ms - Add time
 18.1 ±  0.5 ms - Find child
 25.6 ±  0.6 ms - Add child
481.2 ±  7.7 ms - Hash
189.0 ± 38.7 ms - Map
220.4 ±  2.5 ms - getState
Dag sizes: 157980 149414 186596 107936 
brutePieces time: 1.73381
 95.4 ±  0.0 ms - Piece loop time
 57.9 ± 34.8 ms - Set time
 69.6 ±  1.0 ms - Child looking time
Nodes:  601926
Pieces: 130000
makePieces time: 0.0965001
Memory: 19.8 + 19.2 + 19.3 + 26.4 + 5.8 MB
 19.3 ±  0.0 ms - Greedy fill time
composePieces time: 0.856626
                                                                                