Running only task # 236
Using max depth 33
 |                                        | 0 / 416 (0.0%)Function count: 142
0.100024
0.109084
0.155659
0.167208
0.19504
0.208301
0.213814
0.228421
0.0998092
0.108618
0.163759
0.175109
0.197489
0.211302
0.205761
0.220664
0.313544
0.33136
 53.6 ±  0.0 ms - Piece loop time
 50.5 ± 41.4 ms - Set time
 43.1 ±  1.7 ms - Child looking time
0.0996954
0.108556
0.228339
1988.8 ±  0.0 ms - Total time
1744.6 ±  0.0 ms - Build f time
 50.7 ±  1.1 ms - Apply f time
1264.8 ± 13.8 ms - Real f time 
358.2 ± 20.5 ms - Add time
  6.0 ±  0.3 ms - Find child
  9.3 ±  0.3 ms - Add child
360.9 ±  2.3 ms - Hash
202.8 ± 59.4 ms - Map
 88.3 ± 17.5 ms - getState
0.167845
0.179154
0.406236
2395.1 ±  0.0 ms - Total time
1912.4 ±  0.0 ms - Build f time
 79.5 ±  1.3 ms - Apply f time
1413.3 ± 17.4 ms - Real f time 
501.0 ± 46.1 ms - Add time
 11.7 ±  0.4 ms - Find child
 16.8 ±  0.5 ms - Add child
448.0 ±  2.4 ms - Hash
244.6 ± 59.4 ms - Map
139.7 ± 17.6 ms - getState
0.202489
0.216056
0.538522
2933.7 ±  0.0 ms - Total time
2114.9 ±  0.0 ms - Build f time
114.0 ±  1.4 ms - Apply f time
1576.1 ± 17.7 ms - Real f time 
707.3 ± 75.2 ms - Add time
 18.3 ±  0.5 ms - Find child
 25.5 ±  0.6 ms - Add child
577.9 ±  2.7 ms - Hash
288.1 ± 59.3 ms - Map
209.6 ± 17.6 ms - getState
0.214793
0.23018
0.573426
3507.1 ±  0.0 ms - Total time
2329.7 ±  0.0 ms - Build f time
151.1 ±  1.6 ms - Apply f time
1759.3 ± 18.1 ms - Real f time 
868.5 ± 75.3 ms - Add time
 25.1 ±  0.6 ms - Find child
 35.0 ±  0.7 ms - Add child
716.7 ±  3.3 ms - Hash
331.7 ± 59.3 ms - Map
284.9 ± 17.6 ms - getState
0.101182
0.109816
0.227712
3734.9 ±  0.0 ms - Total time
2430.9 ±  0.0 ms - Build f time
169.5 ±  1.7 ms - Apply f time
1845.2 ± 18.3 ms - Real f time 
939.5 ± 76.6 ms - Add time
 29.4 ±  0.6 ms - Find child
 41.5 ±  0.7 ms - Add child
764.6 ±  3.3 ms - Hash
359.6 ± 59.2 ms - Map
314.4 ± 17.6 ms - getState
0.151639
0.162912
0.391595
4126.5 ±  0.0 ms - Total time
2582.5 ±  0.0 ms - Build f time
199.6 ±  1.8 ms - Apply f time
1975.3 ± 18.5 ms - Real f time 
1046.3 ± 76.6 ms - Add time
 36.8 ±  1.2 ms - Find child
 49.9 ±  0.8 ms - Add child
851.0 ±  3.4 ms - Hash
401.4 ± 59.2 ms - Map
364.3 ± 17.6 ms - getState
0.204472
0.217804
0.537644
4664.2 ±  0.0 ms - Total time
2787.0 ±  0.0 ms - Build f time
233.6 ±  1.9 ms - Apply f time
2144.4 ± 18.8 ms - Real f time 
1203.2 ± 76.9 ms - Add time
 42.7 ±  1.2 ms - Find child
 58.3 ±  0.9 ms - Add child
982.6 ±  3.6 ms - Hash
447.9 ± 59.3 ms - Map
435.0 ± 17.6 ms - getState
0.227069
0.243697
0.583743
5248.0 ±  0.0 ms - Total time
3014.1 ±  0.0 ms - Build f time
269.3 ±  2.0 ms - Apply f time
2332.1 ± 19.2 ms - Real f time 
1368.2 ± 77.3 ms - Add time
 48.8 ±  1.2 ms - Find child
 67.2 ±  0.9 ms - Add child
1121.0 ±  3.8 ms - Hash
492.4 ± 59.4 ms - Map
511.1 ± 17.7 ms - getState
0.32239
0.340395
0.972495
6220.5 ±  0.0 ms - Total time
3336.5 ±  0.0 ms - Build f time
316.1 ±  2.1 ms - Apply f time
2587.6 ± 20.2 ms - Real f time 
1668.1 ± 77.4 ms - Add time
 55.3 ±  1.3 ms - Find child
 75.8 ±  1.0 ms - Add child
1368.4 ±  4.6 ms - Hash
535.5 ± 59.4 ms - Map
648.8 ± 17.8 ms - getState
Dag sizes: 133600 190685 195140 207972 134770 189153 197928 209017 212207 
brutePieces time: 4.46648
232.0 ±  0.0 ms - Piece loop time
 66.2 ± 17.8 ms - Set time
168.5 ±  2.8 ms - Child looking time
Nodes:  1670472
Pieces: 174776
makePieces time: 0.23344
Memory: 65.8 + 57.8 + 53.5 + 64.5 + 14.4 MB
359.9 ± 43.4 ms - Greedy fill time
composePieces time: 17.4228
                                                                                