Running only task # 153
Using max depth 4
 |                                        | 0 / 416 (0.0%)Function count: 142
0.139075
0.152445
0.154351
0.170681
0.152281
0.167764
0.163396
0.179682
 24.2 ±  0.0 ms - Piece loop time
 46.8 ± 41.1 ms - Set time
 17.3 ±  0.8 ms - Child looking time
3.71124
4.10213
5.84796
6518.7 ±  0.0 ms - Total time
4320.3 ±  0.0 ms - Build f time
337.9 ± 10.5 ms - Apply f time
3658.0 ± 24.0 ms - Real f time 
1550.0 ± 360.2 ms - Add time
 54.8 ±  0.8 ms - Find child
 83.6 ±  1.3 ms - Add child
1138.4 ±  4.9 ms - Hash
700.9 ± 37.6 ms - Map
559.3 ±  4.0 ms - getState
4.19983
4.67309
6.67922
13197.9 ±  0.0 ms - Total time
8520.2 ±  0.0 ms - Build f time
704.3 ± 14.4 ms - Apply f time
7320.5 ± 36.0 ms - Real f time 
2846.4 ± 371.7 ms - Add time
115.3 ±  1.2 ms - Find child
173.9 ±  1.8 ms - Add child
2299.2 ±  8.0 ms - Hash
1393.5 ± 38.3 ms - Map
1183.9 ±  7.1 ms - getState
4.43642
4.92526
7.09
20288.0 ±  0.0 ms - Total time
12956.6 ±  0.0 ms - Build f time
1083.7 ± 14.7 ms - Apply f time
11201.0 ± 44.7 ms - Real f time 
4184.3 ± 371.8 ms - Add time
188.4 ±  4.2 ms - Find child
303.9 ± 29.9 ms - Add child
3526.4 ± 10.6 ms - Hash
2114.4 ± 39.1 ms - Map
1859.2 ±  8.0 ms - getState
4.72024
5.25746
7.64074
27928.7 ±  0.0 ms - Total time
17676.8 ±  0.0 ms - Build f time
1498.3 ± 15.0 ms - Apply f time
15301.1 ± 49.2 ms - Real f time 
5785.2 ± 413.0 ms - Add time
261.2 ±  4.4 ms - Find child
411.3 ± 30.0 ms - Add child
4834.0 ± 11.1 ms - Hash
2891.6 ± 41.5 ms - Map
2601.8 ±  9.0 ms - getState
Dag sizes: 1972476 2221633 2485649 2688550 
brutePieces time: 27.2596
2712.8 ±  0.0 ms - Piece loop time
949.4 ± 17.3 ms - Set time
1621.8 ±  8.2 ms - Child looking time
Nodes:  9368308
Pieces: 2452021
makePieces time: 2.71949
Memory: 237.0 + 390.8 + 299.8 + 217.0 + 110.9 MB
 60.8 ±  0.0 ms - Greedy fill time
composePieces time: 14.1915
                                                                                