Running only task # 110
Using max depth 33
 |                                        | 0 / 416 (0.0%)Function count: 142
0.108253
0.116734
0.103075
0.111392
0.107546
0.115791
0.112253
0.120468
0.106409
0.114718
0.110436
0.119425
0.116228
0.124911
 40.4 ±  0.0 ms - Piece loop time
 43.5 ± 35.0 ms - Set time
 30.4 ±  1.2 ms - Child looking time
0.111503
0.119318
0.20573
1029.4 ±  0.0 ms - Total time
875.7 ±  0.0 ms - Build f time
 35.1 ±  0.7 ms - Apply f time
678.0 ±  6.0 ms - Real f time 
200.3 ± 18.7 ms - Add time
  4.9 ±  0.3 ms - Find child
  7.0 ±  0.3 ms - Add child
176.9 ±  1.3 ms - Hash
114.7 ± 38.3 ms - Map
 42.3 ±  0.6 ms - getState
0.10319
0.111169
0.188194
1217.6 ±  0.0 ms - Total time
978.9 ±  0.0 ms - Build f time
 49.4 ±  0.9 ms - Apply f time
766.6 ±  6.2 ms - Real f time 
243.9 ± 18.8 ms - Add time
  8.6 ±  0.3 ms - Find child
 11.9 ±  0.4 ms - Add child
218.8 ±  1.4 ms - Hash
129.7 ± 38.4 ms - Map
 63.0 ±  0.8 ms - getState
0.110595
0.118777
0.213733
1431.4 ±  0.0 ms - Total time
1089.5 ±  0.0 ms - Build f time
 64.7 ±  1.0 ms - Apply f time
862.3 ±  6.5 ms - Real f time 
293.8 ± 18.8 ms - Add time
 12.0 ±  0.4 ms - Find child
 16.3 ±  0.5 ms - Add child
264.9 ±  1.5 ms - Hash
148.3 ± 38.4 ms - Map
 85.9 ±  0.8 ms - getState
0.105574
0.114111
0.213235
1644.7 ±  0.0 ms - Total time
1195.1 ±  0.0 ms - Build f time
 80.6 ±  1.0 ms - Apply f time
952.4 ±  6.7 ms - Real f time 
343.0 ± 18.8 ms - Add time
 15.9 ±  0.5 ms - Find child
 21.1 ±  0.5 ms - Add child
307.6 ±  1.6 ms - Hash
171.9 ± 38.3 ms - Map
113.5 ±  1.1 ms - getState
0.110513
0.119156
0.214898
1859.6 ±  0.0 ms - Total time
1305.6 ±  0.0 ms - Build f time
 97.5 ±  1.1 ms - Apply f time
1050.3 ±  7.0 ms - Real f time 
391.9 ± 18.8 ms - Add time
 19.9 ±  0.5 ms - Find child
 26.3 ±  0.6 ms - Add child
348.7 ±  1.7 ms - Hash
206.7 ± 39.7 ms - Map
135.6 ±  1.2 ms - getState
0.12215
0.131062
0.233138
2092.8 ±  0.0 ms - Total time
1427.7 ±  0.0 ms - Build f time
113.3 ±  1.2 ms - Apply f time
1153.1 ±  7.3 ms - Real f time 
445.5 ± 18.9 ms - Add time
 23.4 ±  0.5 ms - Find child
 31.4 ±  0.6 ms - Add child
399.1 ±  2.9 ms - Hash
231.4 ± 39.7 ms - Map
161.1 ±  1.3 ms - getState
0.123406
0.132539
0.239332
2332.2 ±  0.0 ms - Total time
1551.1 ±  0.0 ms - Build f time
129.9 ±  1.3 ms - Apply f time
1255.8 ±  7.5 ms - Real f time 
497.7 ± 18.9 ms - Add time
 26.9 ±  0.6 ms - Find child
 36.5 ±  0.7 ms - Add child
451.4 ±  3.3 ms - Hash
257.2 ± 39.6 ms - Map
185.8 ±  1.4 ms - getState
Dag sizes: 114208 114170 114228 118368 112071 121068 126147 
brutePieces time: 1.51458
133.9 ±  0.0 ms - Piece loop time
 84.9 ± 46.3 ms - Set time
 91.5 ±  1.8 ms - Child looking time
Nodes:  820260
Pieces: 125048
makePieces time: 0.135482
Memory: 14.4 + 31.2 + 26.2 + 42.5 + 8.4 MB
 43.5 ±  1.6 ms - Greedy fill time
composePieces time: 4.15171
                                                                                