Running only task # 115
Using max depth 4
 |                                        | 0 / 416 (0.0%)Function count: 142
0.0950698
0.106292
0.0894921
0.100378
0.0961107
0.107408
0.0919862
0.103691
0.0773668
0.0867688
 31.8 ±  0.0 ms - Piece loop time
 42.7 ± 35.9 ms - Set time
 24.5 ±  1.3 ms - Child looking time
2.56278
2.83506
3.78333
4288.1 ±  0.0 ms - Total time
3012.8 ±  0.0 ms - Build f time
273.5 ±  3.1 ms - Apply f time
2733.3 ±  9.7 ms - Real f time 
706.4 ± 11.7 ms - Add time
 67.9 ±  0.9 ms - Find child
 91.8 ±  2.9 ms - Add child
578.8 ±  4.2 ms - Hash
776.9 ± 42.2 ms - Map
291.5 ±  1.7 ms - getState
2.38349
2.63368
3.53266
7820.8 ±  0.0 ms - Total time
5396.3 ±  0.0 ms - Build f time
510.3 ±  3.5 ms - Apply f time
4951.4 ± 17.8 ms - Real f time 
1288.3 ± 21.0 ms - Add time
131.7 ±  1.4 ms - Find child
175.2 ±  3.1 ms - Add child
1059.3 ±  4.8 ms - Hash
1393.8 ± 42.4 ms - Map
549.5 ±  3.5 ms - getState
2.47725
2.72824
3.63111
11451.9 ±  0.0 ms - Total time
7873.5 ±  0.0 ms - Build f time
752.5 ±  4.5 ms - Apply f time
7306.8 ± 20.7 ms - Real f time 
1985.7 ± 119.9 ms - Add time
191.4 ±  1.7 ms - Find child
259.7 ±  4.2 ms - Add child
1526.8 ±  5.3 ms - Hash
1978.4 ± 42.6 ms - Map
817.2 ±  4.1 ms - getState
2.47708
2.74281
3.65299
15105.0 ±  0.0 ms - Total time
10350.6 ±  0.0 ms - Build f time
996.7 ±  5.2 ms - Apply f time
9626.8 ± 23.9 ms - Real f time 
2686.1 ± 157.7 ms - Add time
254.1 ±  2.1 ms - Find child
339.7 ±  4.4 ms - Add child
2008.8 ±  7.6 ms - Hash
2593.1 ± 43.2 ms - Map
1083.0 ±  4.5 ms - getState
2.03594
2.23656
2.97385
18078.9 ±  0.0 ms - Total time
12386.6 ±  0.0 ms - Build f time
1194.5 ±  5.4 ms - Apply f time
11486.6 ± 25.0 ms - Real f time 
3156.5 ± 157.8 ms - Add time
305.2 ±  2.3 ms - Find child
405.0 ±  4.6 ms - Add child
2415.8 ±  8.5 ms - Hash
3111.8 ± 45.9 ms - Map
1295.6 ±  5.3 ms - getState
Dag sizes: 2094986 1943372 2002128 1948065 1598482 
brutePieces time: 17.576
3435.7 ±  0.0 ms - Piece loop time
1024.7 ± 19.2 ms - Set time
2160.3 ± 11.9 ms - Child looking time
Nodes:  9587033
Pieces: 1352364
makePieces time: 3.4421
Memory: 82.4 + 494.0 + 306.8 + 237.3 + 123.8 MB
 34.7 ±  0.0 ms - Greedy fill time
composePieces time: 5.45447
                                                                                