Running only task # 221
Using max depth 33
 |                                        | 0 / 416 (0.0%)Function count: 142
0.0774736
0.0853175
0.0739067
0.0809892
0.0806093
0.0882091
0.0783089
0.0861308
0.0746579
0.0815217
0.0802662
0.0878354
0.102673
0.111539
 22.1 ±  0.0 ms - Piece loop time
 39.9 ± 36.4 ms - Set time
 18.7 ±  1.4 ms - Child looking time
0.0947124
0.107425
0.155124
776.9 ±  0.0 ms - Total time
662.6 ±  0.0 ms - Build f time
 27.0 ±  0.6 ms - Apply f time
522.0 ±  5.2 ms - Real f time 
134.2 ±  3.7 ms - Add time
  3.4 ±  0.2 ms - Find child
  4.1 ±  0.2 ms - Add child
141.0 ±  1.2 ms - Hash
119.5 ± 53.6 ms - Map
 32.2 ±  0.6 ms - getState
0.08624
0.0930792
0.137772
914.7 ±  0.0 ms - Total time
748.8 ±  0.0 ms - Build f time
 35.5 ±  0.7 ms - Apply f time
591.4 ±  5.4 ms - Real f time 
164.3 ±  3.9 ms - Add time
  5.3 ±  0.3 ms - Find child
  6.5 ±  0.3 ms - Add child
169.2 ±  1.3 ms - Hash
128.4 ± 53.6 ms - Map
 44.5 ±  0.7 ms - getState
0.0810834
0.0890812
0.147546
1062.3 ±  0.0 ms - Total time
829.9 ±  0.0 ms - Build f time
 45.9 ±  0.8 ms - Apply f time
658.7 ±  5.6 ms - Real f time 
195.4 ±  4.1 ms - Add time
  7.7 ±  0.3 ms - Find child
  9.0 ±  0.3 ms - Add child
201.6 ±  1.4 ms - Hash
139.3 ± 53.7 ms - Map
 59.3 ±  0.8 ms - getState
0.0791492
0.0867694
0.134344
1196.6 ±  0.0 ms - Total time
909.1 ±  0.0 ms - Build f time
 54.6 ±  0.9 ms - Apply f time
726.5 ±  5.9 ms - Real f time 
223.6 ±  4.2 ms - Add time
  9.7 ±  0.4 ms - Find child
 11.4 ±  0.4 ms - Add child
231.7 ±  1.5 ms - Hash
150.1 ± 53.6 ms - Map
 72.3 ±  0.8 ms - getState
0.0768379
0.0837627
0.129463
1326.1 ±  0.0 ms - Total time
985.9 ±  0.0 ms - Build f time
 63.0 ±  0.9 ms - Apply f time
788.6 ±  6.1 ms - Real f time 
249.8 ±  4.2 ms - Add time
 11.6 ±  0.4 ms - Find child
 13.8 ±  0.4 ms - Add child
260.6 ±  1.6 ms - Hash
159.6 ± 53.7 ms - Map
 84.4 ±  0.9 ms - getState
0.0821568
0.0896457
0.146762
1472.9 ±  0.0 ms - Total time
1068.1 ±  0.0 ms - Build f time
 72.4 ±  1.0 ms - Apply f time
856.5 ±  6.3 ms - Real f time 
282.4 ±  4.3 ms - Add time
 13.6 ±  0.4 ms - Find child
 17.0 ±  0.5 ms - Add child
294.9 ±  3.0 ms - Hash
170.5 ± 53.7 ms - Map
101.1 ±  0.9 ms - getState
0.104164
0.11332
0.184109
1657.1 ±  0.0 ms - Total time
1172.2 ±  0.0 ms - Build f time
 83.8 ±  1.1 ms - Apply f time
946.2 ±  7.1 ms - Real f time 
323.0 ±  4.5 ms - Add time
 15.9 ±  0.5 ms - Find child
 19.7 ±  0.5 ms - Add child
336.1 ±  3.1 ms - Hash
181.6 ± 53.7 ms - Map
120.5 ±  1.0 ms - getState
Dag sizes: 58874 52496 65537 60082 52759 64905 59828 
brutePieces time: 1.0407
 58.6 ±  0.0 ms - Piece loop time
 56.2 ± 42.2 ms - Set time
 44.1 ±  1.3 ms - Child looking time
Nodes:  414481
Pieces: 54039
makePieces time: 0.059785
Memory: 9.6 + 17.0 + 13.3 + 36.0 + 3.9 MB
200.8 ± 11.3 ms - Greedy fill time
composePieces time: 2.63539
                                                                                