Running only task # 244
Using max depth 33
 |                                        | 0 / 416 (0.0%)Function count: 142
0.0850913
0.0938188
0.0395695
0.0437169
0.0687656
0.075934
0.0800512
0.0886834
0.0409946
0.0450054
0.0647567
0.0718446
0.0911662
0.101776
 27.1 ±  0.0 ms - Piece loop time
 41.2 ± 37.8 ms - Set time
 24.0 ±  1.1 ms - Child looking time
0.0944114
0.102932
0.148737
669.7 ±  0.0 ms - Total time
564.8 ±  0.0 ms - Build f time
 29.1 ±  0.7 ms - Apply f time
449.1 ±  5.1 ms - Real f time 
121.3 ±  5.1 ms - Add time
  3.2 ±  0.2 ms - Find child
  4.5 ±  0.2 ms - Add child
113.6 ±  1.1 ms - Hash
 79.2 ± 37.4 ms - Map
 31.2 ±  0.6 ms - getState
0.0398341
0.0437349
0.064541
734.3 ±  0.0 ms - Total time
604.6 ±  0.0 ms - Build f time
 36.3 ±  0.8 ms - Apply f time
486.9 ±  5.2 ms - Real f time 
135.4 ±  5.1 ms - Add time
  5.2 ±  0.3 ms - Find child
  7.6 ±  0.5 ms - Add child
125.4 ±  1.2 ms - Hash
 86.6 ± 37.4 ms - Map
 37.1 ±  0.7 ms - getState
0.0678671
0.0751894
0.112377
846.7 ±  0.0 ms - Total time
672.5 ±  0.0 ms - Build f time
 47.0 ±  0.9 ms - Apply f time
547.5 ±  5.5 ms - Real f time 
159.5 ±  5.2 ms - Add time
  7.9 ±  0.3 ms - Find child
 11.7 ±  0.6 ms - Add child
146.3 ±  1.3 ms - Hash
 97.3 ± 37.5 ms - Map
 48.4 ±  0.8 ms - getState
0.0882384
0.0963097
0.140701
987.4 ±  0.0 ms - Total time
760.7 ±  0.0 ms - Build f time
 56.9 ±  1.0 ms - Apply f time
619.9 ±  5.8 ms - Real f time 
189.6 ±  5.3 ms - Add time
 10.1 ±  0.4 ms - Find child
 15.0 ±  0.6 ms - Add child
177.3 ±  1.7 ms - Hash
108.5 ± 37.5 ms - Map
 62.0 ±  0.8 ms - getState
0.0420202
0.046277
0.0681853
1055.7 ±  0.0 ms - Total time
802.8 ±  0.0 ms - Build f time
 63.3 ±  1.0 ms - Apply f time
659.1 ±  5.9 ms - Real f time 
203.9 ±  5.4 ms - Add time
 12.5 ±  0.4 ms - Find child
 17.8 ±  0.6 ms - Add child
190.0 ±  1.7 ms - Hash
117.7 ± 37.5 ms - Map
 68.4 ±  0.9 ms - getState
0.0682282
0.0758304
0.113446
1169.1 ±  0.0 ms - Total time
871.0 ±  0.0 ms - Build f time
 73.7 ±  1.1 ms - Apply f time
717.4 ±  6.1 ms - Real f time 
240.1 ± 14.4 ms - Add time
 15.3 ±  0.4 ms - Find child
 21.8 ±  0.7 ms - Add child
211.1 ±  1.8 ms - Hash
130.6 ± 37.5 ms - Map
 80.0 ±  1.0 ms - getState
0.0940569
0.104947
0.164397
1333.6 ±  0.0 ms - Total time
965.0 ±  0.0 ms - Build f time
 87.5 ±  1.2 ms - Apply f time
799.3 ±  7.0 ms - Real f time 
273.6 ± 14.4 ms - Add time
 18.1 ±  0.5 ms - Find child
 26.2 ±  0.7 ms - Add child
243.7 ±  1.9 ms - Hash
145.4 ± 37.5 ms - Map
100.1 ±  1.1 ms - getState
Dag sizes: 49397 44976 60247 48973 44513 59021 60141 
brutePieces time: 0.818478
 83.3 ±  0.0 ms - Piece loop time
 52.3 ± 37.1 ms - Set time
 64.8 ±  2.0 ms - Child looking time
Nodes:  367268
Pieces: 2666
makePieces time: 0.0841907
Memory: 6.9 + 22.0 + 11.8 + 35.2 + 3.7 MB
  0.4 ±  0.0 ms - Greedy fill time
composePieces time: 0.0165869
                                                                                