Running only task # 198
Using max depth 33
 |                                        | 0 / 416 (0.0%)Function count: 142
0.530809
0.600681
0.177158
0.201437
0.143586
0.162548
0.536717
0.607794
0.177405
0.202654
0.142153
0.163721
0.198767
0.226341
141.3 ±  0.0 ms - Piece loop time
 67.4 ± 45.0 ms - Set time
109.2 ±  2.5 ms - Child looking time
0.562489
0.63175
1.30697
3472.6 ±  0.0 ms - Total time
2469.1 ±  0.0 ms - Build f time
176.2 ±  2.6 ms - Apply f time
1915.4 ± 19.0 ms - Real f time 
792.2 ± 45.0 ms - Add time
 16.5 ±  0.5 ms - Find child
 23.6 ±  0.5 ms - Add child
631.3 ±  3.4 ms - Hash
203.2 ± 40.3 ms - Map
266.0 ±  3.8 ms - getState
0.181733
0.206158
0.38408
3856.7 ±  0.0 ms - Total time
2650.8 ±  0.0 ms - Build f time
208.0 ±  2.7 ms - Apply f time
2074.2 ± 19.4 ms - Real f time 
886.7 ± 45.0 ms - Add time
 22.8 ±  0.5 ms - Find child
 32.5 ±  0.6 ms - Add child
710.0 ±  3.6 ms - Hash
234.1 ± 40.2 ms - Map
317.4 ±  3.9 ms - getState
0.158496
0.177061
0.304415
4161.2 ±  0.0 ms - Total time
2809.3 ±  0.0 ms - Build f time
234.4 ±  2.9 ms - Apply f time
2216.2 ± 19.6 ms - Real f time 
958.5 ± 45.0 ms - Add time
 28.6 ±  0.6 ms - Find child
 40.8 ±  0.7 ms - Add child
768.6 ±  3.7 ms - Hash
257.8 ± 40.3 ms - Map
357.5 ±  4.6 ms - getState
0.568561
0.639684
1.35849
5519.7 ±  0.0 ms - Total time
3377.9 ±  0.0 ms - Build f time
327.5 ±  3.2 ms - Apply f time
2683.1 ± 22.6 ms - Real f time 
1394.3 ± 68.4 ms - Add time
 42.5 ±  0.7 ms - Find child
 59.8 ±  0.9 ms - Add child
1071.3 ±  4.9 ms - Hash
332.8 ± 40.2 ms - Map
553.7 ±  5.0 ms - getState
0.185311
0.209948
0.383717
5903.5 ±  0.0 ms - Total time
3563.2 ±  0.0 ms - Build f time
360.6 ±  3.3 ms - Apply f time
2844.6 ± 22.9 ms - Real f time 
1483.9 ± 68.4 ms - Add time
 48.9 ±  0.8 ms - Find child
 69.2 ±  0.9 ms - Add child
1149.3 ±  5.0 ms - Hash
360.5 ± 40.2 ms - Map
602.7 ±  5.1 ms - getState
0.14687
0.166105
0.308488
6212.0 ±  0.0 ms - Total time
3710.0 ±  0.0 ms - Build f time
385.8 ±  3.4 ms - Apply f time
2975.3 ± 23.0 ms - Real f time 
1560.1 ± 68.4 ms - Add time
 54.7 ±  0.8 ms - Find child
 77.7 ±  1.0 ms - Add child
1207.3 ±  5.1 ms - Hash
390.6 ± 40.2 ms - Map
643.1 ±  5.2 ms - getState
0.213051
0.241422
0.448556
6660.6 ±  0.0 ms - Total time
3923.1 ±  0.0 ms - Build f time
419.2 ±  3.4 ms - Apply f time
3155.5 ± 23.4 ms - Real f time 
1681.5 ± 69.7 ms - Add time
 61.4 ±  0.9 ms - Find child
 87.5 ±  1.0 ms - Add child
1301.1 ±  5.2 ms - Hash
427.6 ± 40.2 ms - Map
699.7 ±  5.3 ms - getState
Dag sizes: 400595 196128 166557 424816 181853 178188 182094 
brutePieces time: 4.49859
555.1 ±  0.0 ms - Piece loop time
154.8 ± 16.9 ms - Set time
405.9 ±  9.1 ms - Child looking time
Nodes:  1730231
Pieces: 312792
makePieces time: 0.557084
Memory: 60.4 + 63.0 + 55.4 + 57.0 + 26.5 MB
115.3 ±  9.0 ms - Greedy fill time
composePieces time: 12.1211
                                                                                