Running only task # 209
Using max depth 33
 |                                        | 0 / 416 (0.0%)Function count: 142
0.236726
0.263104
0.247893
0.270997
0.236419
0.262067
0.247249
0.27198
0.232046
0.253854
0.244428
0.265764
0.233078
0.254697
 49.2 ±  0.0 ms - Piece loop time
 26.1 ± 14.4 ms - Set time
 35.2 ±  1.6 ms - Child looking time
0.247033
0.272102
0.660664
2503.5 ±  0.0 ms - Total time
1924.9 ±  0.0 ms - Build f time
107.9 ±  1.8 ms - Apply f time
1491.0 ± 19.8 ms - Real f time 
580.7 ± 50.3 ms - Add time
 13.6 ±  0.4 ms - Find child
 19.3 ±  0.5 ms - Add child
423.2 ±  8.6 ms - Hash
202.1 ± 40.6 ms - Map
153.7 ±  1.6 ms - getState
0.234744
0.256963
0.654863
3158.4 ±  0.0 ms - Total time
2159.6 ±  0.0 ms - Build f time
161.5 ±  2.0 ms - Apply f time
1709.1 ± 20.3 ms - Real f time 
755.8 ± 50.3 ms - Add time
 24.9 ±  0.6 ms - Find child
 35.1 ±  0.7 ms - Add child
570.0 ±  8.7 ms - Hash
268.9 ± 40.6 ms - Map
247.2 ±  1.9 ms - getState
0.230602
0.251548
0.651865
3810.3 ±  0.0 ms - Total time
2390.2 ±  0.0 ms - Build f time
216.7 ±  4.1 ms - Apply f time
1921.0 ± 20.7 ms - Real f time 
929.1 ± 50.3 ms - Add time
 36.0 ±  0.7 ms - Find child
 51.2 ±  0.8 ms - Add child
710.6 ±  8.7 ms - Hash
339.6 ± 40.6 ms - Map
338.1 ±  2.2 ms - getState
0.245963
0.271318
0.696626
4507.0 ±  0.0 ms - Total time
2636.2 ±  0.0 ms - Build f time
277.1 ±  4.4 ms - Apply f time
2149.8 ± 21.2 ms - Real f time 
1121.4 ± 50.5 ms - Add time
 48.4 ±  0.8 ms - Find child
 67.6 ±  0.9 ms - Add child
856.9 ±  8.8 ms - Hash
412.2 ± 40.6 ms - Map
436.7 ±  2.4 ms - getState
0.257182
0.284059
0.704086
5211.1 ±  0.0 ms - Total time
2893.4 ±  0.0 ms - Build f time
333.5 ±  4.5 ms - Apply f time
2378.5 ± 21.5 ms - Real f time 
1320.6 ± 52.6 ms - Add time
 60.1 ±  0.9 ms - Find child
 84.0 ±  1.0 ms - Add child
1003.8 ±  8.9 ms - Hash
489.3 ± 40.6 ms - Map
536.7 ±  2.7 ms - getState
0.237478
0.259698
0.66001
5871.2 ±  0.0 ms - Total time
3130.8 ±  0.0 ms - Build f time
389.1 ±  4.8 ms - Apply f time
2597.2 ± 22.0 ms - Real f time 
1491.9 ± 52.7 ms - Add time
 71.5 ±  1.2 ms - Find child
101.1 ±  1.1 ms - Add child
1146.0 ±  9.0 ms - Hash
559.9 ± 40.6 ms - Map
627.1 ±  3.0 ms - getState
0.240155
0.261827
0.659286
6530.5 ±  0.0 ms - Total time
3371.0 ±  0.0 ms - Build f time
443.3 ±  4.8 ms - Apply f time
2807.0 ± 22.2 ms - Real f time 
1661.9 ± 52.7 ms - Add time
 83.0 ±  1.2 ms - Find child
116.6 ±  1.2 ms - Add child
1289.7 ±  9.2 ms - Hash
630.6 ± 40.7 ms - Map
716.1 ±  3.2 ms - getState
Dag sizes: 328133 328955 318175 328871 340927 305002 305277 
brutePieces time: 4.69054
245.9 ±  0.0 ms - Piece loop time
 91.5 ± 16.8 ms - Set time
170.8 ± 16.8 ms - Child looking time
Nodes:  2255340
Pieces: 300570
makePieces time: 0.247889
Memory: 61.2 + 77.8 + 72.2 + 65.4 + 18.1 MB
114.2 ± 34.8 ms - Greedy fill time
composePieces time: 12.171
                                                                                