Running only task # 354
Using max depth 33
 |                                        | 0 / 416 (0.0%)Function count: 142
0.00660098
0.00717779
0.0109966
0.0118287
0.0134559
0.0145801
0.0063339
0.00684163
0.0100942
0.0108515
0.013792
0.0149736
0.0138697
0.0149862
 24.2 ±  0.0 ms - Piece loop time
 40.0 ± 38.1 ms - Set time
 21.3 ±  1.0 ms - Child looking time
0.0100116
0.0106832
0.0137874
 95.1 ±  0.0 ms - Total time
 85.2 ±  0.0 ms - Build f time
  3.4 ±  0.2 ms - Apply f time
 81.8 ±  1.1 ms - Real f time 
 18.9 ±  2.2 ms - Add time
  0.8 ±  0.1 ms - Find child
  0.9 ±  0.1 ms - Add child
 16.0 ±  0.4 ms - Hash
 48.4 ± 38.2 ms - Map
  3.2 ±  0.2 ms - getState
0.0183376
0.0197014
0.0278284
123.0 ±  0.0 ms - Total time
103.5 ±  0.0 ms - Build f time
  5.8 ±  0.3 ms - Apply f time
100.1 ±  1.2 ms - Real f time 
 30.5 ±  6.5 ms - Add time
  1.5 ±  0.1 ms - Find child
  2.0 ±  0.2 ms - Add child
 20.8 ±  0.5 ms - Hash
 52.5 ± 38.2 ms - Map
  5.7 ±  0.2 ms - getState
0.0241272
0.0259727
0.0377013
160.7 ±  0.0 ms - Total time
127.6 ±  0.0 ms - Build f time
  9.1 ±  0.3 ms - Apply f time
123.3 ±  1.4 ms - Real f time 
 38.9 ±  6.5 ms - Add time
  2.5 ±  0.2 ms - Find child
  3.5 ±  0.2 ms - Add child
 27.3 ±  0.6 ms - Hash
 57.6 ± 38.2 ms - Map
 24.6 ± 15.4 ms - getState
0.0105481
0.011177
0.0142773
175.0 ±  0.0 ms - Total time
138.2 ±  0.0 ms - Build f time
 10.4 ±  0.3 ms - Apply f time
133.9 ±  1.4 ms - Real f time 
 42.0 ±  6.5 ms - Add time
  2.8 ±  0.2 ms - Find child
  4.0 ±  0.2 ms - Add child
 29.6 ±  0.6 ms - Hash
 59.2 ± 38.1 ms - Map
 25.5 ± 15.4 ms - getState
0.0185111
0.0198755
0.0281097
203.2 ±  0.0 ms - Total time
156.7 ±  0.0 ms - Build f time
 13.0 ±  0.4 ms - Apply f time
151.9 ±  1.5 ms - Real f time 
 47.6 ±  6.5 ms - Add time
  3.7 ±  0.2 ms - Find child
  5.1 ±  0.3 ms - Add child
 34.8 ±  0.6 ms - Hash
 63.5 ± 38.2 ms - Map
 27.9 ± 15.3 ms - getState
0.024625
0.0265379
0.0381535
241.3 ±  0.0 ms - Total time
181.3 ±  0.0 ms - Build f time
 16.3 ±  0.4 ms - Apply f time
174.5 ±  1.6 ms - Real f time 
 55.8 ±  6.5 ms - Add time
  4.7 ±  0.2 ms - Find child
  6.4 ±  0.3 ms - Add child
 41.2 ±  0.7 ms - Hash
 68.6 ± 38.1 ms - Map
 31.3 ± 15.3 ms - getState
0.0245028
0.026343
0.0372948
278.7 ±  0.0 ms - Total time
205.8 ±  0.0 ms - Build f time
 19.7 ±  0.5 ms - Apply f time
197.4 ±  1.7 ms - Real f time 
 72.6 ±  9.6 ms - Add time
  5.8 ±  0.3 ms - Find child
  7.7 ±  0.3 ms - Add child
 47.4 ±  0.7 ms - Hash
 73.4 ± 38.1 ms - Map
 34.6 ± 15.3 ms - getState
Dag sizes: 10892 23181 31191 10892 22918 31232 30069 
brutePieces time: 0.202148
 59.9 ±  0.0 ms - Piece loop time
 43.1 ± 35.9 ms - Set time
 49.5 ±  1.1 ms - Child looking time
Nodes:  160375
Pieces: 35783
makePieces time: 0.0608617
Memory: 1.0 + 9.1 + 5.1 + 31.9 + 2.7 MB
 23.3 ±  4.6 ms - Greedy fill time
composePieces time: 0.423954
                                                                                