Running only task # 414
Using max depth 3
 |                                        | 0 / 416 (0.0%)Function count: 142
0.0372764
0.0416082
0.0209427
0.0223714
0.0505973
0.0562907
0.0610462
0.0678803
 27.6 ±  0.0 ms - Piece loop time
 45.8 ± 40.1 ms - Set time
 22.5 ±  1.1 ms - Child looking time
0.0368626
0.0405703
0.0483872
236.7 ±  0.0 ms - Total time
206.7 ±  0.0 ms - Build f time
  9.9 ±  0.3 ms - Apply f time
197.4 ±  1.8 ms - Real f time 
 40.4 ±  4.0 ms - Add time
  1.6 ±  0.1 ms - Find child
  2.3 ±  0.2 ms - Add child
 27.3 ±  0.6 ms - Hash
 62.0 ± 40.2 ms - Map
  9.3 ±  0.3 ms - getState
0.0239251
0.0251882
0.0278966
264.6 ±  0.0 ms - Total time
230.6 ±  0.0 ms - Build f time
 11.2 ±  0.3 ms - Apply f time
221.1 ±  1.9 ms - Real f time 
 45.1 ±  4.0 ms - Add time
  2.1 ±  0.2 ms - Find child
  2.8 ±  0.2 ms - Add child
 30.8 ±  0.6 ms - Hash
 64.5 ± 40.2 ms - Map
 10.5 ±  0.3 ms - getState
0.0534495
0.0591775
0.0695874
334.2 ±  0.0 ms - Total time
284.1 ±  0.0 ms - Build f time
 16.0 ±  0.4 ms - Apply f time
273.1 ±  2.2 ms - Real f time 
 57.3 ±  4.1 ms - Add time
  3.2 ±  0.2 ms - Find child
  4.3 ±  0.2 ms - Add child
 40.2 ±  0.7 ms - Hash
 71.9 ± 40.1 ms - Map
 15.6 ±  0.4 ms - getState
0.0623616
0.0692014
0.0816791
415.9 ±  0.0 ms - Total time
346.5 ±  0.0 ms - Build f time
 21.5 ±  0.5 ms - Apply f time
333.8 ±  2.4 ms - Real f time 
 71.0 ±  4.1 ms - Add time
  4.3 ±  0.2 ms - Find child
  6.2 ±  0.3 ms - Add child
 50.1 ±  0.8 ms - Hash
 79.6 ± 40.1 ms - Map
 20.7 ±  0.4 ms - getState
Dag sizes: 24133 12515 33264 39285 
brutePieces time: 0.23144
 43.8 ±  0.0 ms - Piece loop time
 36.0 ± 28.4 ms - Set time
 34.4 ±  0.8 ms - Child looking time
Nodes:  109197
Pieces: 3741
makePieces time: 0.0444629
Memory: 1.0 + 7.3 + 3.5 + 18.5 + 1.6 MB
  0.1 ±  0.0 ms - Greedy fill time
composePieces time: 0.00622386
                                                                                