Running only task # 147
Using max depth 4
 |                                        | 0 / 416 (0.0%)Function count: 142
0.21999
0.249343
0.189733
0.211319
0.192449
0.214423
0.212878
0.240058
 45.6 ±  0.0 ms - Piece loop time
 23.3 ± 13.5 ms - Set time
 34.7 ±  2.3 ms - Child looking time
7.39635
8.38036
11.0657
11981.0 ±  0.0 ms - Total time
8211.4 ±  0.0 ms - Build f time
701.6 ± 15.9 ms - Apply f time
6804.3 ± 24.4 ms - Real f time 
2177.4 ± 24.5 ms - Add time
143.5 ±  2.0 ms - Find child
205.9 ±  2.6 ms - Add child
1773.4 ±  6.2 ms - Hash
1362.7 ± 37.9 ms - Map
1201.3 ± 22.4 ms - getState
5.94776
6.65024
8.78424
20765.2 ±  0.0 ms - Total time
14159.2 ±  0.0 ms - Build f time
1227.8 ± 16.2 ms - Apply f time
11688.7 ± 30.4 ms - Real f time 
3722.5 ± 34.2 ms - Add time
264.2 ±  3.8 ms - Find child
373.3 ±  3.1 ms - Add child
3145.0 ±  7.9 ms - Hash
2383.5 ± 39.1 ms - Map
2101.5 ± 24.4 ms - getState
6.04425
6.76115
9.05113
29816.4 ±  0.0 ms - Total time
20203.4 ±  0.0 ms - Build f time
1771.2 ± 16.6 ms - Apply f time
16652.8 ± 36.3 ms - Real f time 
5307.2 ± 36.5 ms - Add time
385.5 ±  4.1 ms - Find child
549.1 ±  3.5 ms - Add child
4595.1 ± 14.6 ms - Hash
3485.9 ± 39.8 ms - Map
3013.1 ± 24.7 ms - getState
7.14941
8.1063
10.7311
40547.6 ±  0.0 ms - Total time
27352.8 ±  0.0 ms - Build f time
2440.1 ± 20.4 ms - Apply f time
22620.2 ± 44.4 ms - Real f time 
7230.0 ± 44.9 ms - Add time
519.0 ±  4.3 ms - Find child
741.9 ±  3.9 ms - Add child
6169.7 ± 15.7 ms - Hash
4728.7 ± 40.7 ms - Map
4159.2 ± 30.3 ms - getState
Dag sizes: 3747895 3155507 3326242 3628248 
brutePieces time: 39.6337
4617.9 ±  0.0 ms - Piece loop time
1635.2 ± 24.6 ms - Set time
2742.7 ± 20.6 ms - Child looking time
Nodes:  13857892
Pieces: 201134
makePieces time: 4.62071
Memory: 315.8 + 751.4 + 443.5 + 355.9 + 140.0 MB
 24.8 ±  0.0 ms - Greedy fill time
composePieces time: 0.455375
                                                                                