Running only task # 409
Using max depth 3
 |                                        | 0 / 416 (0.0%)Function count: 142
0.0474749
0.0505362
0.0456391
0.0484551
0.0475904
0.0505415
  8.8 ±  0.0 ms - Piece loop time
 42.6 ± 40.2 ms - Set time
  6.3 ±  0.5 ms - Child looking time
0.0479961
0.0509358
0.0865995
236.2 ±  0.0 ms - Total time
188.7 ±  0.0 ms - Build f time
 10.4 ±  0.3 ms - Apply f time
159.8 ±  1.9 ms - Real f time 
 42.0 ±  1.1 ms - Add time
  2.6 ±  0.2 ms - Find child
  3.0 ±  0.2 ms - Add child
 37.5 ±  0.6 ms - Hash
 67.7 ± 43.0 ms - Map
 11.7 ±  0.3 ms - getState
0.0450864
0.0478798
0.0824725
318.7 ±  0.0 ms - Total time
233.8 ±  0.0 ms - Build f time
 17.2 ±  0.4 ms - Apply f time
199.9 ±  2.1 ms - Real f time 
 68.6 ±  7.1 ms - Add time
  4.4 ±  0.2 ms - Find child
  5.6 ±  0.3 ms - Add child
 52.2 ±  0.7 ms - Hash
 78.6 ± 42.9 ms - Map
 19.5 ±  0.4 ms - getState
0.0489077
0.0520598
0.0907371
409.5 ±  0.0 ms - Total time
282.7 ±  0.0 ms - Build f time
 24.4 ±  0.5 ms - Apply f time
245.6 ±  2.3 ms - Real f time 
 95.6 ±  9.6 ms - Add time
  6.5 ±  0.3 ms - Find child
  8.3 ±  0.3 ms - Add child
 69.2 ±  1.0 ms - Hash
 91.1 ± 42.8 ms - Map
 28.8 ±  0.5 ms - getState
Dag sizes: 67428 65808 74639 
brutePieces time: 0.262492
 27.0 ±  0.0 ms - Piece loop time
 59.2 ± 40.7 ms - Set time
 18.2 ±  0.7 ms - Child looking time
Nodes:  207875
Pieces: 53780
makePieces time: 0.0279532
Memory: 2.1 + 8.1 + 6.7 + 15.9 + 1.8 MB
  0.7 ±  0.0 ms - Greedy fill time
composePieces time: 0.0740128
                                                                                