Running only task # 80
Using max depth 4
 |                                        | 0 / 416 (0.0%)Function count: 142
0.00435399
0.00461428
0.00494696
0.0051654
0.00698412
0.00730313
0.0054874
0.00571126
0.0061593
0.00643134
 10.7 ±  0.0 ms - Piece loop time
 45.0 ± 43.9 ms - Set time
  8.5 ±  0.5 ms - Child looking time
0.0276784
0.0286273
0.0293536
 58.6 ±  0.0 ms - Total time
 55.6 ±  0.0 ms - Build f time
  1.1 ±  0.1 ms - Apply f time
 55.0 ±  0.7 ms - Real f time 
  9.4 ±  1.4 ms - Add time
  0.3 ±  0.1 ms - Find child
  0.5 ±  0.1 ms - Add child
 11.0 ±  0.4 ms - Hash
 46.2 ± 39.2 ms - Map
  1.1 ±  0.1 ms - getState
0.032412
0.0334793
0.0342404
 92.9 ±  0.0 ms - Total time
 88.0 ±  0.0 ms - Build f time
  1.8 ±  0.1 ms - Apply f time
 88.2 ±  1.2 ms - Real f time 
 13.9 ±  1.5 ms - Add time
  0.6 ±  0.1 ms - Find child
  0.7 ±  0.1 ms - Add child
 16.7 ±  0.5 ms - Hash
 50.5 ± 39.2 ms - Map
  1.9 ±  0.1 ms - getState
0.0481299
0.0497749
0.0509022
143.8 ±  0.0 ms - Total time
136.1 ±  0.0 ms - Build f time
  2.8 ±  0.2 ms - Apply f time
137.3 ±  1.6 ms - Real f time 
 20.6 ±  1.5 ms - Add time
  1.1 ±  0.1 ms - Find child
  1.2 ±  0.1 ms - Add child
 25.9 ±  0.6 ms - Hash
 56.7 ± 39.1 ms - Map
  3.0 ±  0.2 ms - getState
0.035656
0.0369103
0.0377709
181.6 ±  0.0 ms - Total time
171.8 ±  0.0 ms - Build f time
  3.7 ±  0.2 ms - Apply f time
174.0 ±  1.8 ms - Real f time 
 25.5 ±  1.5 ms - Add time
  1.3 ±  0.1 ms - Find child
  1.6 ±  0.2 ms - Add child
 32.8 ±  0.6 ms - Hash
 61.1 ± 39.0 ms - Map
  3.9 ±  0.2 ms - getState
0.0422083
0.0436363
0.0447054
226.3 ±  0.0 ms - Total time
214.0 ±  0.0 ms - Build f time
  4.8 ±  0.4 ms - Apply f time
217.9 ±  2.0 ms - Real f time 
 31.1 ±  1.6 ms - Add time
  1.8 ±  0.2 ms - Find child
  2.0 ±  0.2 ms - Add child
 40.8 ±  0.7 ms - Hash
 66.8 ± 39.1 ms - Map
  4.9 ±  0.2 ms - getState
Dag sizes: 6739 7684 11115 8733 9720 
brutePieces time: 0.200663
 96.5 ±  0.0 ms - Piece loop time
 49.3 ± 36.8 ms - Set time
 77.5 ±  1.5 ms - Child looking time
Nodes:  43991
Pieces: 5907
makePieces time: 0.0973071
Memory: 0.2 + 10.9 + 1.4 + 21.7 + 1.7 MB
  0.3 ±  0.0 ms - Greedy fill time
composePieces time: 0.0165625
                                                                                