Running only task # 47
Using max depth 23
 |                                        | 0 / 416 (0.0%)Function count: 142
0.114653
0.123493
0.118451
0.127411
0.105696
0.114015
0.099097
0.107022
0.110784
0.119131
0.11848
0.127317
0.106138
0.11445
0.105443
0.113042
0.116166
0.126498
 56.6 ±  0.0 ms - Piece loop time
 60.8 ± 49.6 ms - Set time
 41.0 ±  1.7 ms - Child looking time
0.118035
0.126534
0.188332
1261.1 ±  0.0 ms - Total time
1112.9 ±  0.0 ms - Build f time
 36.1 ±  0.7 ms - Apply f time
896.8 ± 18.3 ms - Real f time 
210.4 ±  4.4 ms - Add time
  4.7 ±  0.2 ms - Find child
  6.4 ±  0.3 ms - Add child
215.2 ±  2.7 ms - Hash
136.9 ± 41.9 ms - Map
 43.5 ±  0.7 ms - getState
0.114135
0.123999
0.188616
1449.7 ±  0.0 ms - Total time
1227.1 ±  0.0 ms - Build f time
 48.7 ±  0.8 ms - Apply f time
994.1 ± 18.4 ms - Real f time 
256.2 ± 10.4 ms - Add time
  7.4 ±  0.3 ms - Find child
  9.8 ±  0.4 ms - Add child
252.0 ±  2.9 ms - Hash
157.2 ± 41.9 ms - Map
 61.4 ±  0.8 ms - getState
0.112086
0.120527
0.178876
1628.6 ±  0.0 ms - Total time
1339.2 ±  0.0 ms - Build f time
 58.9 ±  0.9 ms - Apply f time
1088.1 ± 18.5 ms - Real f time 
296.3 ± 12.1 ms - Add time
  9.9 ±  0.4 ms - Find child
 13.1 ±  0.4 ms - Add child
286.9 ±  2.9 ms - Hash
175.5 ± 41.9 ms - Map
 78.2 ±  0.8 ms - getState
0.104222
0.112717
0.168407
1797.1 ±  0.0 ms - Total time
1443.4 ±  0.0 ms - Build f time
 69.5 ±  1.0 ms - Apply f time
1178.2 ± 19.0 ms - Real f time 
328.0 ± 12.1 ms - Add time
 12.2 ±  0.4 ms - Find child
 16.6 ±  0.5 ms - Add child
320.2 ±  3.0 ms - Hash
193.8 ± 41.9 ms - Map
 94.4 ±  1.1 ms - getState
0.120382
0.129113
0.198148
1995.3 ±  0.0 ms - Total time
1563.8 ±  0.0 ms - Build f time
 82.2 ±  1.0 ms - Apply f time
1277.5 ± 19.1 ms - Real f time 
370.2 ± 12.4 ms - Add time
 15.1 ±  0.4 ms - Find child
 20.3 ±  0.5 ms - Add child
357.9 ±  3.1 ms - Hash
215.3 ± 41.9 ms - Map
112.6 ±  1.2 ms - getState
0.120073
0.129239
0.189445
2184.8 ±  0.0 ms - Total time
1683.8 ±  0.0 ms - Build f time
 94.2 ±  1.5 ms - Apply f time
1377.5 ± 19.2 ms - Real f time 
406.4 ± 12.4 ms - Add time
 17.6 ±  0.5 ms - Find child
 24.0 ±  0.6 ms - Add child
394.7 ±  3.1 ms - Hash
234.9 ± 41.9 ms - Map
131.1 ±  1.6 ms - getState
0.112356
0.120861
0.179561
2364.4 ±  0.0 ms - Total time
1796.2 ±  0.0 ms - Build f time
105.3 ±  1.5 ms - Apply f time
1468.7 ± 19.3 ms - Real f time 
441.8 ± 12.4 ms - Add time
 20.3 ±  0.5 ms - Find child
 27.7 ±  0.6 ms - Add child
429.8 ±  3.2 ms - Hash
254.5 ± 41.8 ms - Map
147.9 ±  1.6 ms - getState
0.104836
0.112791
0.169752
2534.2 ±  0.0 ms - Total time
1901.0 ±  0.0 ms - Build f time
115.6 ±  1.6 ms - Apply f time
1557.9 ± 19.4 ms - Real f time 
474.2 ± 12.5 ms - Add time
 23.0 ±  0.5 ms - Find child
 31.0 ±  0.6 ms - Add child
462.8 ±  3.2 ms - Hash
273.0 ± 41.8 ms - Map
163.7 ±  1.7 ms - getState
0.124013
0.135173
0.203867
2738.1 ±  0.0 ms - Total time
2025.0 ±  0.0 ms - Build f time
128.5 ±  1.6 ms - Apply f time
1661.2 ± 19.5 ms - Real f time 
539.8 ± 21.4 ms - Add time
 25.9 ±  0.6 ms - Find child
 35.1 ±  0.7 ms - Add child
502.4 ±  3.3 ms - Hash
295.2 ± 41.8 ms - Map
182.6 ±  1.7 ms - getState
Dag sizes: 90576 86047 84804 82004 90587 85995 84744 81959 97961 
brutePieces time: 1.67268
116.4 ±  0.0 ms - Piece loop time
 66.5 ± 41.0 ms - Set time
 83.0 ±  2.2 ms - Child looking time
Nodes:  784677
Pieces: 78223
makePieces time: 0.117907
Memory: 13.0 + 34.0 + 25.1 + 50.3 + 7.0 MB
 39.2 ±  2.7 ms - Greedy fill time
composePieces time: 2.29464
                                                                                