Running only task # 79
Using max depth 33
 |                                        | 0 / 416 (0.0%)Function count: 142
0.211681
0.237182
0.271064
0.309847
0.217781
0.245832
0.194952
0.2249
0.271391
0.308755
0.223224
0.251489
0.274347
0.318506
102.9 ±  0.0 ms - Piece loop time
 65.7 ± 45.5 ms - Set time
 81.8 ±  4.0 ms - Child looking time
0.189424
0.213117
0.372699
2269.5 ±  0.0 ms - Total time
1853.9 ±  0.0 ms - Build f time
109.2 ±  1.8 ms - Apply f time
1511.7 ± 13.4 ms - Real f time 
486.2 ±  9.3 ms - Add time
 11.3 ±  0.4 ms - Find child
 15.2 ±  0.5 ms - Add child
256.7 ±  1.9 ms - Hash
225.6 ± 43.4 ms - Map
134.6 ±  1.6 ms - getState
0.265603
0.30414
0.519602
2789.2 ±  0.0 ms - Total time
2119.5 ±  0.0 ms - Build f time
149.2 ±  2.1 ms - Apply f time
1755.0 ± 13.9 ms - Real f time 
613.3 ±  9.5 ms - Add time
 19.5 ±  0.5 ms - Find child
 27.9 ±  0.8 ms - Add child
332.0 ±  2.1 ms - Hash
310.6 ± 49.7 ms - Map
206.1 ±  1.9 ms - getState
0.225976
0.253199
0.442328
3231.6 ±  0.0 ms - Total time
2345.4 ±  0.0 ms - Build f time
183.8 ±  2.2 ms - Apply f time
1959.5 ± 16.1 ms - Real f time 
722.0 ±  9.7 ms - Add time
 27.6 ±  0.6 ms - Find child
 39.0 ±  0.8 ms - Add child
398.1 ±  2.2 ms - Hash
363.6 ± 49.6 ms - Map
267.6 ±  2.1 ms - getState
0.196065
0.220088
0.376571
3608.2 ±  0.0 ms - Total time
2541.5 ±  0.0 ms - Build f time
213.5 ±  2.4 ms - Apply f time
2137.2 ± 16.4 ms - Real f time 
812.7 ±  9.8 ms - Add time
 34.7 ±  0.7 ms - Find child
 48.8 ±  0.9 ms - Add child
456.2 ±  2.3 ms - Hash
405.9 ± 49.6 ms - Map
319.0 ±  2.3 ms - getState
0.271737
0.308372
0.54029
4148.5 ±  0.0 ms - Total time
2813.2 ±  0.0 ms - Build f time
257.8 ±  2.6 ms - Apply f time
2388.5 ± 17.2 ms - Real f time 
949.1 ± 10.1 ms - Add time
 44.1 ±  0.8 ms - Find child
 62.5 ±  1.1 ms - Add child
531.0 ±  2.5 ms - Hash
457.4 ± 49.7 ms - Map
401.7 ±  2.5 ms - getState
0.231994
0.258612
0.444618
4593.1 ±  0.0 ms - Total time
3045.2 ±  0.0 ms - Build f time
292.0 ±  2.7 ms - Apply f time
2596.5 ± 17.8 ms - Real f time 
1061.6 ± 10.2 ms - Add time
 53.1 ±  0.9 ms - Find child
 74.4 ±  1.1 ms - Add child
599.2 ±  2.7 ms - Hash
498.2 ± 49.7 ms - Map
465.7 ±  2.7 ms - getState
0.281113
0.321115
0.535184
5128.4 ±  0.0 ms - Total time
3326.3 ±  0.0 ms - Build f time
334.2 ±  2.9 ms - Apply f time
2845.8 ± 18.1 ms - Real f time 
1196.6 ± 10.5 ms - Add time
 62.4 ±  1.0 ms - Find child
 87.6 ±  1.2 ms - Add child
674.7 ±  2.9 ms - Hash
549.6 ± 49.7 ms - Map
540.8 ±  2.9 ms - getState
Dag sizes: 237643 295354 257119 237603 294695 261082 294586 
brutePieces time: 3.23492
297.2 ±  0.0 ms - Piece loop time
 81.3 ± 13.3 ms - Set time
230.0 ± 16.5 ms - Child looking time
Nodes:  1878082
Pieces: 309805
makePieces time: 0.299025
Memory: 32.3 + 63.2 + 60.1 + 59.4 + 19.1 MB
 16.7 ±  1.6 ms - Greedy fill time
composePieces time: 4.44607
                                                                                