Running only task # 22
Using max depth 3
 |                                        | 0 / 416 (0.0%)Function count: 142
0.0193846
0.0205385
0.0293757
0.0310816
0.0331031
0.0351426
0.0463733
0.0492873
0.0651007
0.0690146
0.0751033
0.07957
0.0191143
0.0201807
0.0777791
0.0823634
 50.1 ±  0.0 ms - Piece loop time
 43.9 ± 38.6 ms - Set time
 42.7 ±  1.5 ms - Child looking time
0.0194341
0.0204447
0.0269015
414.2 ±  0.0 ms - Total time
384.8 ±  0.0 ms - Build f time
 10.7 ±  0.3 ms - Apply f time
324.6 ±  3.0 ms - Real f time 
 78.7 ±  7.9 ms - Add time
  1.8 ±  0.2 ms - Find child
  2.5 ±  0.2 ms - Add child
 67.4 ±  0.9 ms - Hash
 73.3 ± 36.1 ms - Map
 10.7 ±  0.3 ms - getState
0.0295699
0.0312121
0.0418846
456.2 ±  0.0 ms - Total time
414.3 ±  0.0 ms - Build f time
 14.3 ±  0.4 ms - Apply f time
354.5 ±  3.1 ms - Real f time 
 87.4 ±  8.0 ms - Add time
  3.1 ±  0.2 ms - Find child
  4.0 ±  0.2 ms - Add child
 75.3 ±  1.0 ms - Hash
 80.4 ± 36.1 ms - Map
 13.5 ±  0.4 ms - getState
0.0327714
0.034763
0.0503932
506.6 ±  0.0 ms - Total time
447.1 ±  0.0 ms - Build f time
 18.9 ±  0.5 ms - Apply f time
386.7 ±  3.2 ms - Real f time 
111.1 ± 14.7 ms - Add time
  4.7 ±  0.2 ms - Find child
  5.9 ±  0.3 ms - Add child
 83.8 ±  1.0 ms - Hash
 88.9 ± 36.1 ms - Map
 17.8 ±  0.4 ms - getState
0.0483558
0.051559
0.0839134
590.5 ±  0.0 ms - Total time
495.5 ±  0.0 ms - Build f time
 25.8 ±  0.5 ms - Apply f time
431.8 ±  3.3 ms - Real f time 
128.5 ± 14.7 ms - Add time
  7.1 ±  0.3 ms - Find child
  8.8 ±  0.3 ms - Add child
 99.0 ±  1.1 ms - Hash
102.3 ± 36.1 ms - Map
 25.8 ±  0.5 ms - getState
0.0668144
0.0706869
0.111564
702.1 ±  0.0 ms - Total time
562.3 ±  0.0 ms - Build f time
 34.2 ±  0.6 ms - Apply f time
491.8 ±  3.6 ms - Real f time 
152.0 ± 14.8 ms - Add time
  9.4 ±  0.3 ms - Find child
 12.2 ±  0.4 ms - Add child
121.9 ±  1.2 ms - Hash
115.5 ± 36.3 ms - Map
 36.2 ±  0.6 ms - getState
0.0784223
0.0828961
0.137727
839.9 ±  0.0 ms - Total time
640.7 ±  0.0 ms - Build f time
 44.5 ±  0.9 ms - Apply f time
560.6 ±  3.8 ms - Real f time 
180.6 ± 14.8 ms - Add time
 12.0 ±  0.4 ms - Find child
 15.9 ±  0.5 ms - Add child
149.5 ±  1.3 ms - Hash
129.7 ± 36.3 ms - Map
 49.4 ±  0.7 ms - getState
0.0199161
0.0209896
0.0282312
868.2 ±  0.0 ms - Total time
660.6 ±  0.0 ms - Build f time
 46.7 ±  0.9 ms - Apply f time
579.9 ±  3.9 ms - Real f time 
186.3 ± 14.8 ms - Add time
 12.9 ±  0.4 ms - Find child
 17.1 ±  0.5 ms - Add child
154.5 ±  1.3 ms - Hash
133.8 ± 36.3 ms - Map
 51.5 ±  0.7 ms - getState
0.0801653
0.0848955
0.1405
1008.7 ±  0.0 ms - Total time
740.8 ±  0.0 ms - Build f time
 57.5 ±  1.0 ms - Apply f time
650.3 ±  4.3 ms - Real f time 
215.6 ± 14.8 ms - Add time
 15.6 ±  0.4 ms - Find child
 20.7 ±  0.5 ms - Add child
183.4 ±  1.4 ms - Hash
149.4 ± 36.2 ms - Map
 65.9 ±  0.8 ms - getState
Dag sizes: 18687 31943 43589 67792 68502 80261 18746 76752 
brutePieces time: 0.627411
139.5 ±  0.0 ms - Piece loop time
 63.7 ± 41.5 ms - Set time
107.9 ±  1.8 ms - Child looking time
Nodes:  406272
Pieces: 74298
makePieces time: 0.140887
Memory: 4.4 + 20.9 + 13.0 + 40.1 + 5.8 MB
  6.7 ±  0.8 ms - Greedy fill time
composePieces time: 0.940613
                                                                                