Running only task # 69
Using max depth 33
 |                                        | 0 / 416 (0.0%)Function count: 142
0.136176
0.147214
0.115423
0.124153
0.132909
0.143583
0.12213
0.130906
0.178375
0.194641
 36.5 ±  0.0 ms - Piece loop time
 42.9 ± 35.1 ms - Set time
 28.4 ±  1.1 ms - Child looking time
0.14021
0.151797
0.263703
1004.4 ±  0.0 ms - Total time
825.2 ±  0.0 ms - Build f time
 34.3 ±  0.8 ms - Apply f time
624.8 ±  6.5 ms - Real f time 
177.8 ±  5.4 ms - Add time
  4.3 ±  0.2 ms - Find child
  5.8 ±  0.3 ms - Add child
189.9 ±  1.3 ms - Hash
106.5 ± 39.4 ms - Map
 48.1 ±  1.3 ms - getState
0.121104
0.130101
0.255569
1260.0 ±  0.0 ms - Total time
946.3 ±  0.0 ms - Build f time
 55.4 ±  1.0 ms - Apply f time
730.2 ±  6.8 ms - Real f time 
234.5 ±  5.7 ms - Add time
  8.8 ±  0.3 ms - Find child
 12.5 ±  0.4 ms - Add child
238.8 ±  1.4 ms - Hash
137.6 ± 39.5 ms - Map
 81.4 ±  1.4 ms - getState
0.144505
0.155385
0.267256
1527.3 ±  0.0 ms - Total time
1090.8 ±  0.0 ms - Build f time
 70.5 ±  1.1 ms - Apply f time
844.1 ±  7.2 ms - Real f time 
289.3 ±  5.8 ms - Add time
 11.7 ±  0.4 ms - Find child
 16.6 ±  0.5 ms - Add child
299.4 ±  1.7 ms - Hash
159.4 ± 39.5 ms - Map
108.7 ±  1.5 ms - getState
0.122608
0.132449
0.228617
1756.0 ±  0.0 ms - Total time
1213.4 ±  0.0 ms - Build f time
 86.7 ±  1.2 ms - Apply f time
949.5 ±  7.5 ms - Real f time 
338.0 ±  5.9 ms - Add time
 15.6 ±  0.4 ms - Find child
 21.3 ±  0.5 ms - Add child
347.9 ±  1.8 ms - Hash
183.8 ± 39.5 ms - Map
133.3 ±  1.8 ms - getState
0.188473
0.205097
0.409884
2165.9 ±  0.0 ms - Total time
1401.9 ±  0.0 ms - Build f time
115.3 ±  1.3 ms - Apply f time
1106.5 ±  8.1 ms - Real f time 
436.6 ±  6.1 ms - Add time
 21.3 ±  0.5 ms - Find child
 28.5 ±  0.6 ms - Add child
434.6 ±  2.0 ms - Hash
226.3 ± 39.5 ms - Map
185.1 ±  1.9 ms - getState
Dag sizes: 100523 111765 98466 111398 181996 
brutePieces time: 1.42976
140.8 ±  0.0 ms - Piece loop time
 76.3 ± 35.9 ms - Set time
 91.7 ±  1.7 ms - Child looking time
Nodes:  604148
Pieces: 144365
makePieces time: 0.142045
Memory: 15.1 + 22.6 + 19.3 + 30.6 + 7.1 MB
 15.4 ±  0.0 ms - Greedy fill time
composePieces time: 2.02251
                                                                                