Running only task # 256
Using max depth 33
 |                                        | 0 / 416 (0.0%)Function count: 142
0.137316
0.147225
0.112455
0.121241
0.137578
0.148217
0.122695
0.132349
0.112534
0.121165
0.136894
0.153587
0.154129
0.165703
 27.2 ±  0.0 ms - Piece loop time
 42.9 ± 37.8 ms - Set time
 21.1 ±  1.2 ms - Child looking time
0.124732
0.134082
0.242418
1232.3 ±  0.0 ms - Total time
1038.3 ±  0.0 ms - Build f time
 38.3 ±  0.9 ms - Apply f time
796.9 ±  8.1 ms - Real f time 
231.2 ± 18.5 ms - Add time
  4.6 ±  0.2 ms - Find child
  6.0 ±  0.5 ms - Add child
210.8 ±  1.3 ms - Hash
111.7 ± 40.7 ms - Map
 50.2 ±  0.7 ms - getState
0.114021
0.122215
0.219505
1451.8 ±  0.0 ms - Total time
1152.3 ±  0.0 ms - Build f time
 53.0 ±  1.0 ms - Apply f time
897.5 ±  8.8 ms - Real f time 
282.8 ± 18.6 ms - Add time
  7.8 ±  0.3 ms - Find child
 10.5 ±  0.5 ms - Add child
259.2 ±  1.4 ms - Hash
127.3 ± 40.7 ms - Map
 74.1 ±  0.9 ms - getState
0.140431
0.150984
0.280089
1731.9 ±  0.0 ms - Total time
1292.8 ±  0.0 ms - Build f time
 70.8 ±  1.1 ms - Apply f time
1016.8 ±  9.2 ms - Real f time 
348.3 ± 18.7 ms - Add time
 11.3 ±  0.4 ms - Find child
 15.1 ±  0.6 ms - Add child
321.7 ±  1.5 ms - Hash
148.1 ± 40.7 ms - Map
105.6 ±  1.0 ms - getState
0.126688
0.136834
0.247912
1979.9 ±  0.0 ms - Total time
1419.5 ±  0.0 ms - Build f time
 86.9 ±  1.2 ms - Apply f time
1127.2 ± 10.4 ms - Real f time 
404.8 ± 18.7 ms - Add time
 14.3 ±  0.4 ms - Find child
 19.6 ±  0.6 ms - Add child
375.3 ±  1.6 ms - Hash
169.8 ± 40.7 ms - Map
132.4 ±  1.1 ms - getState
0.116648
0.125353
0.227604
2207.6 ±  0.0 ms - Total time
1536.1 ±  0.0 ms - Build f time
100.8 ±  1.3 ms - Apply f time
1225.8 ± 10.7 ms - Real f time 
457.4 ± 18.8 ms - Add time
 17.2 ±  0.5 ms - Find child
 23.5 ±  0.7 ms - Add child
427.6 ±  3.9 ms - Hash
191.9 ± 40.8 ms - Map
157.3 ±  1.2 ms - getState
0.146832
0.157359
0.287651
2495.3 ±  0.0 ms - Total time
1682.9 ±  0.0 ms - Build f time
118.3 ±  1.4 ms - Apply f time
1342.0 ± 10.9 ms - Real f time 
524.5 ± 18.9 ms - Add time
 20.3 ±  0.5 ms - Find child
 28.1 ±  0.7 ms - Add child
490.4 ±  4.0 ms - Hash
215.8 ± 40.7 ms - Map
188.2 ±  1.3 ms - getState
0.158175
0.169867
0.32228
2817.6 ±  0.0 ms - Total time
1841.1 ±  0.0 ms - Build f time
139.4 ±  1.6 ms - Apply f time
1475.0 ± 11.6 ms - Real f time 
603.3 ± 19.0 ms - Add time
 24.0 ±  0.6 ms - Find child
 32.9 ±  0.8 ms - Add child
563.3 ±  4.0 ms - Hash
238.7 ± 40.7 ms - Map
224.7 ±  1.4 ms - getState
Dag sizes: 104200 100682 112682 102808 99748 112345 119524 
brutePieces time: 1.8347
 85.5 ±  0.0 ms - Piece loop time
 63.9 ± 41.4 ms - Set time
 56.4 ±  1.4 ms - Child looking time
Nodes:  751989
Pieces: 87873
makePieces time: 0.0870626
Memory: 20.6 + 25.7 + 24.1 + 41.4 + 5.7 MB
 63.6 ±  2.1 ms - Greedy fill time
composePieces time: 3.3071
                                                                                