Running only task # 167
Using max depth 23
 |                                        | 0 / 416 (0.0%)Function count: 142
0.0475342
0.0503302
0.0588603
0.0624479
0.0566334
0.0597598
0.0493918
0.0521969
0.0590067
0.062499
0.0551604
0.0583144
0.0707624
0.0769229
 30.8 ±  0.0 ms - Piece loop time
 43.6 ± 39.1 ms - Set time
 25.1 ±  1.2 ms - Child looking time
0.0487194
0.0514746
0.0627943
485.4 ±  0.0 ms - Total time
446.1 ±  0.0 ms - Build f time
 12.0 ±  0.4 ms - Apply f time
380.0 ±  3.8 ms - Real f time 
 69.1 ±  1.6 ms - Add time
  2.1 ±  0.2 ms - Find child
  3.1 ±  0.2 ms - Add child
 80.3 ±  0.9 ms - Hash
112.4 ± 52.8 ms - Map
 12.6 ±  0.3 ms - getState
0.059517
0.0630745
0.0792794
564.8 ±  0.0 ms - Total time
505.6 ±  0.0 ms - Build f time
 16.4 ±  0.5 ms - Apply f time
431.8 ±  3.9 ms - Real f time 
 80.8 ±  1.6 ms - Add time
  3.4 ±  0.2 ms - Find child
  4.6 ±  0.3 ms - Add child
 96.6 ±  1.0 ms - Hash
164.6 ± 68.9 ms - Map
 17.6 ±  0.4 ms - getState
0.0562857
0.0593745
0.075051
639.8 ±  0.0 ms - Total time
561.9 ±  0.0 ms - Build f time
 20.6 ±  0.5 ms - Apply f time
482.1 ±  4.1 ms - Real f time 
 92.4 ±  1.7 ms - Add time
  4.5 ±  0.2 ms - Find child
  6.1 ±  0.3 ms - Add child
111.7 ±  1.1 ms - Hash
172.1 ± 69.0 ms - Map
 22.1 ±  0.4 ms - getState
0.0499051
0.0526714
0.0642456
704.1 ±  0.0 ms - Total time
611.8 ±  0.0 ms - Build f time
 23.8 ±  0.6 ms - Apply f time
525.4 ±  4.2 ms - Real f time 
102.2 ±  1.7 ms - Add time
  5.5 ±  0.3 ms - Find child
  7.3 ±  0.3 ms - Add child
124.7 ±  1.1 ms - Hash
178.2 ± 69.0 ms - Map
 25.6 ±  0.5 ms - getState
0.0606038
0.0640501
0.0800268
784.2 ±  0.0 ms - Total time
672.4 ±  0.0 ms - Build f time
 28.5 ±  0.6 ms - Apply f time
585.8 ±  7.3 ms - Real f time 
115.2 ±  1.9 ms - Add time
  6.6 ±  0.3 ms - Find child
  8.7 ±  0.4 ms - Add child
141.2 ±  1.2 ms - Hash
186.0 ± 69.0 ms - Map
 30.0 ±  0.5 ms - getState
0.0577553
0.0609162
0.0775261
861.8 ±  0.0 ms - Total time
730.1 ±  0.0 ms - Build f time
 32.7 ±  0.7 ms - Apply f time
636.7 ±  7.4 ms - Real f time 
127.2 ±  1.9 ms - Add time
  7.8 ±  0.3 ms - Find child
 10.2 ±  0.4 ms - Add child
156.6 ±  1.2 ms - Hash
193.8 ± 69.0 ms - Map
 34.7 ±  0.5 ms - getState
0.0689671
0.0728901
0.0922521
954.0 ±  0.0 ms - Total time
799.1 ±  0.0 ms - Build f time
 38.2 ±  0.7 ms - Apply f time
698.6 ±  7.5 ms - Real f time 
141.2 ±  2.0 ms - Add time
  9.0 ±  0.3 ms - Find child
 11.8 ±  0.4 ms - Add child
175.3 ±  1.4 ms - Hash
203.3 ± 69.0 ms - Map
 40.1 ±  0.6 ms - getState
Dag sizes: 27098 35211 34779 27098 35200 34778 40212 
brutePieces time: 0.536411
 43.8 ±  0.0 ms - Piece loop time
 48.7 ± 41.1 ms - Set time
 33.0 ±  1.2 ms - Child looking time
Nodes:  234376
Pieces: 29415
makePieces time: 0.0447681
Memory: 2.6 + 15.1 + 7.5 + 33.1 + 2.2 MB
 20.5 ±  0.3 ms - Greedy fill time
composePieces time: 0.634384
                                                                                