Running only task # 216
Using max depth 23
 |                                        | 0 / 416 (0.0%)Function count: 142
0.0867304
0.0966169
0.0928285
0.106052
0.0701864
0.0777073
0.0911503
0.10079
0.0902677
0.102823
0.0698658
0.0772852
0.0315021
0.0342482
 75.9 ±  0.0 ms - Piece loop time
 47.2 ± 35.5 ms - Set time
 64.0 ±  1.6 ms - Child looking time
0.0890371
0.0989513
0.140693
736.7 ±  0.0 ms - Total time
621.6 ±  0.0 ms - Build f time
 37.0 ±  0.8 ms - Apply f time
586.8 ± 11.1 ms - Real f time 
138.7 ± 11.6 ms - Add time
  5.6 ±  0.3 ms - Find child
  8.1 ±  0.3 ms - Add child
 76.9 ±  1.1 ms - Hash
105.2 ± 37.5 ms - Map
 36.5 ±  0.9 ms - getState
0.0962619
0.109233
0.145191
882.0 ±  0.0 ms - Total time
717.8 ±  0.0 ms - Build f time
 49.4 ±  0.9 ms - Apply f time
686.2 ± 11.6 ms - Real f time 
176.8 ± 17.1 ms - Add time
  8.4 ±  0.3 ms - Find child
 12.4 ±  0.4 ms - Add child
 94.1 ±  1.1 ms - Hash
121.5 ± 37.5 ms - Map
 48.9 ±  1.0 ms - getState
0.0728711
0.0805876
0.108662
990.7 ±  0.0 ms - Total time
790.7 ±  0.0 ms - Build f time
 58.6 ±  1.0 ms - Apply f time
756.6 ± 11.7 ms - Real f time 
197.6 ± 17.2 ms - Add time
 11.3 ±  0.5 ms - Find child
 15.8 ±  0.4 ms - Add child
109.4 ±  1.2 ms - Hash
133.4 ± 37.5 ms - Map
 58.6 ±  1.0 ms - getState
0.0881807
0.0983184
0.138741
1129.4 ±  0.0 ms - Total time
878.9 ±  0.0 ms - Build f time
 71.8 ±  1.1 ms - Apply f time
844.0 ± 11.8 ms - Real f time 
225.2 ± 17.2 ms - Add time
 15.9 ±  0.6 ms - Find child
 22.2 ±  0.6 ms - Add child
127.7 ±  1.3 ms - Hash
152.2 ± 37.5 ms - Map
 70.3 ±  1.1 ms - getState
0.0947969
0.107884
0.142052
1271.5 ±  0.0 ms - Total time
973.7 ±  0.0 ms - Build f time
 83.6 ±  1.2 ms - Apply f time
935.1 ± 11.9 ms - Real f time 
250.4 ± 17.2 ms - Add time
 19.2 ±  0.6 ms - Find child
 26.3 ±  0.7 ms - Add child
144.0 ±  1.4 ms - Hash
166.3 ± 37.5 ms - Map
 83.0 ±  1.1 ms - getState
0.0721891
0.0800789
0.107557
1379.1 ±  0.0 ms - Total time
1045.9 ±  0.0 ms - Build f time
 92.6 ±  1.2 ms - Apply f time
1001.4 ± 12.0 ms - Real f time 
270.1 ± 17.2 ms - Add time
 21.6 ±  0.6 ms - Find child
 30.1 ±  0.8 ms - Add child
160.3 ±  1.4 ms - Hash
176.7 ± 37.5 ms - Map
 92.6 ±  1.2 ms - getState
0.0323066
0.0349562
0.0466568
1425.8 ±  0.0 ms - Total time
1078.2 ±  0.0 ms - Build f time
 97.1 ±  1.3 ms - Apply f time
1034.1 ± 12.0 ms - Real f time 
278.8 ± 17.2 ms - Add time
 23.2 ±  0.6 ms - Find child
 32.3 ±  0.8 ms - Add child
168.0 ±  1.5 ms - Hash
182.4 ± 37.5 ms - Map
 96.1 ±  1.2 ms - getState
Dag sizes: 94340 68158 50916 94548 68063 50912 30305 
brutePieces time: 0.835113
155.1 ±  0.0 ms - Piece loop time
 58.3 ± 36.2 ms - Set time
128.0 ±  2.1 ms - Child looking time
Nodes:  457242
Pieces: 4037
makePieces time: 0.156126
Memory: 4.7 + 27.1 + 14.6 + 36.7 + 6.5 MB
  0.3 ±  0.0 ms - Greedy fill time
composePieces time: 0.0254477
                                                                                