Running only task # 257
Using max depth 23
 |                                        | 0 / 416 (0.0%)Function count: 142
0.364823
0.414302
0.457199
0.515891
0.263926
0.29765
0.366377
0.414631
0.458168
0.522614
0.255583
0.289823
0.610026
0.701508
 42.2 ±  0.0 ms - Piece loop time
 59.3 ± 49.0 ms - Set time
 28.2 ±  1.4 ms - Child looking time
0.379533
0.428033
0.880832
4037.7 ±  0.0 ms - Total time
3155.6 ±  0.0 ms - Build f time
186.5 ±  5.1 ms - Apply f time
2349.8 ± 30.2 ms - Real f time 
780.4 ± 27.0 ms - Add time
  9.1 ±  0.4 ms - Find child
 13.7 ±  0.4 ms - Add child
725.4 ±  4.3 ms - Hash
168.0 ± 41.2 ms - Map
236.6 ±  4.9 ms - getState
0.47719
0.535942
1.08093
5118.7 ±  0.0 ms - Total time
3632.8 ±  0.0 ms - Build f time
246.7 ±  5.3 ms - Apply f time
2739.8 ± 33.2 ms - Real f time 
1072.4 ± 30.3 ms - Add time
 14.8 ±  0.5 ms - Find child
 22.0 ±  0.5 ms - Add child
979.8 ±  4.8 ms - Hash
211.6 ± 41.4 ms - Map
368.6 ±  5.2 ms - getState
0.275026
0.309819
0.609099
5727.9 ±  0.0 ms - Total time
3907.8 ±  0.0 ms - Build f time
286.5 ±  5.5 ms - Apply f time
2968.5 ± 33.6 ms - Real f time 
1230.2 ± 30.4 ms - Add time
 20.2 ±  0.5 ms - Find child
 29.6 ±  0.6 ms - Add child
1117.2 ±  5.0 ms - Hash
254.8 ± 41.4 ms - Map
440.6 ±  5.3 ms - getState
0.377256
0.429232
0.867666
6595.6 ±  0.0 ms - Total time
4285.1 ±  0.0 ms - Build f time
341.4 ±  5.7 ms - Apply f time
3266.9 ± 34.3 ms - Real f time 
1464.7 ± 30.7 ms - Add time
 26.1 ±  0.6 ms - Find child
 37.9 ±  0.7 ms - Add child
1335.7 ± 16.9 ms - Hash
300.0 ± 41.5 ms - Map
547.2 ±  5.6 ms - getState
0.487546
0.546437
1.0852
7680.8 ±  0.0 ms - Total time
4772.6 ±  0.0 ms - Build f time
402.6 ±  6.1 ms - Apply f time
3654.6 ± 35.8 ms - Real f time 
1755.2 ± 31.1 ms - Add time
 32.5 ±  0.7 ms - Find child
 46.1 ±  0.8 ms - Add child
1593.4 ± 17.0 ms - Hash
338.4 ± 41.5 ms - Map
681.0 ±  5.8 ms - getState
0.268087
0.302609
0.599817
8280.7 ±  0.0 ms - Total time
5040.7 ±  0.0 ms - Build f time
443.7 ±  6.4 ms - Apply f time
3885.3 ± 36.6 ms - Real f time 
1946.1 ± 51.1 ms - Add time
 38.6 ±  1.0 ms - Find child
 53.8 ±  0.8 ms - Add child
1727.1 ± 17.0 ms - Hash
378.8 ± 41.4 ms - Map
750.8 ±  5.9 ms - getState
0.616827
0.709888
1.37081
9651.6 ±  0.0 ms - Total time
5657.6 ±  0.0 ms - Build f time
529.2 ±  6.9 ms - Apply f time
4432.3 ± 46.0 ms - Real f time 
2423.6 ± 121.0 ms - Add time
 46.1 ±  1.0 ms - Find child
 63.9 ±  0.9 ms - Add child
2025.2 ± 17.2 ms - Hash
432.6 ± 41.4 ms - Map
918.8 ±  6.4 ms - getState
Dag sizes: 196218 177784 185101 196121 177788 185124 239040 
brutePieces time: 6.49859
158.1 ±  0.0 ms - Piece loop time
 58.8 ± 12.5 ms - Set time
103.3 ±  2.0 ms - Child looking time
Nodes:  1357176
Pieces: 164635
makePieces time: 0.159184
Memory: 93.7 + 45.0 + 43.4 + 51.1 + 10.9 MB
1527.9 ± 284.8 ms - Greedy fill time
composePieces time: 17.3895
                                                                                