Running only task # 90
Using max depth 23
 |                                        | 0 / 416 (0.0%)Function count: 142
0.162761
0.176095
0.137216
0.148058
0.176454
0.190706
0.157996
0.171303
0.136991
0.14809
0.175657
0.190035
0.148907
0.16068
 41.3 ±  0.0 ms - Piece loop time
 43.0 ± 35.7 ms - Set time
 30.1 ±  1.2 ms - Child looking time
0.165564
0.178641
0.344613
1529.8 ±  0.0 ms - Total time
1261.5 ±  0.0 ms - Build f time
 52.0 ±  1.1 ms - Apply f time
944.9 ±  8.5 ms - Real f time 
275.4 ±  5.0 ms - Add time
  7.8 ±  0.8 ms - Find child
 10.1 ±  0.8 ms - Add child
292.8 ±  1.7 ms - Hash
136.9 ± 36.3 ms - Map
 71.9 ±  0.8 ms - getState
0.141756
0.152957
0.290398
1820.3 ±  0.0 ms - Total time
1403.3 ±  0.0 ms - Build f time
 71.1 ±  1.2 ms - Apply f time
1067.1 ±  9.0 ms - Real f time 
343.3 ±  5.2 ms - Add time
 12.2 ±  0.8 ms - Find child
 15.1 ±  0.8 ms - Add child
357.6 ±  1.8 ms - Hash
162.8 ± 36.3 ms - Map
107.3 ±  1.6 ms - getState
0.184316
0.198697
0.387711
2208.0 ±  0.0 ms - Total time
1587.6 ±  0.0 ms - Build f time
 93.4 ±  1.3 ms - Apply f time
1219.6 ±  9.5 ms - Real f time 
448.5 ±  9.9 ms - Add time
 17.0 ±  0.9 ms - Find child
 21.1 ±  0.9 ms - Add child
446.8 ±  2.0 ms - Hash
196.1 ± 36.3 ms - Map
153.0 ±  1.7 ms - getState
0.165107
0.178462
0.354253
2562.3 ±  0.0 ms - Total time
1752.7 ±  0.0 ms - Build f time
116.0 ±  1.4 ms - Apply f time
1353.5 ±  9.8 ms - Real f time 
534.9 ± 10.0 ms - Add time
 22.4 ±  1.1 ms - Find child
 27.9 ±  0.9 ms - Add child
523.7 ±  2.1 ms - Hash
236.0 ± 36.6 ms - Map
196.3 ±  1.8 ms - getState
0.155239
0.166745
0.307566
2869.9 ±  0.0 ms - Total time
1908.0 ±  0.0 ms - Build f time
135.8 ±  1.5 ms - Apply f time
1480.8 ± 10.3 ms - Real f time 
607.9 ± 10.1 ms - Add time
 26.5 ±  1.1 ms - Find child
 33.2 ±  1.0 ms - Add child
592.3 ±  3.7 ms - Hash
264.5 ± 36.6 ms - Map
231.2 ±  1.8 ms - getState
0.18597
0.200554
0.390069
3260.1 ±  0.0 ms - Total time
2093.9 ±  0.0 ms - Build f time
161.6 ±  3.3 ms - Apply f time
1630.1 ± 10.7 ms - Real f time 
703.3 ± 10.3 ms - Add time
 31.3 ±  1.2 ms - Find child
 39.6 ±  1.0 ms - Add child
680.3 ±  3.8 ms - Hash
297.5 ± 36.5 ms - Map
277.4 ±  1.9 ms - getState
0.157046
0.169498
0.326678
3586.8 ±  0.0 ms - Total time
2251.0 ±  0.0 ms - Build f time
182.4 ±  3.3 ms - Apply f time
1761.2 ± 11.1 ms - Real f time 
780.7 ± 10.3 ms - Add time
 35.8 ±  1.2 ms - Find child
 46.3 ±  1.0 ms - Add child
751.1 ±  3.9 ms - Hash
330.9 ± 36.5 ms - Map
315.6 ±  2.0 ms - getState
Dag sizes: 159493 130271 158081 159374 130502 157698 160107 
brutePieces time: 2.40554
154.0 ±  0.0 ms - Piece loop time
 90.6 ± 43.4 ms - Set time
100.4 ±  2.0 ms - Child looking time
Nodes:  1055526
Pieces: 152199
makePieces time: 0.155872
Memory: 28.6 + 36.3 + 33.8 + 46.2 + 10.1 MB
209.9 ± 23.7 ms - Greedy fill time
composePieces time: 5.70509
                                                                                