Running only task # 319
Using max depth 33
 |                                        | 0 / 416 (0.0%)Function count: 142
0.0507267
0.0539569
0.0476353
0.0506018
0.0497029
0.0527781
0.0469207
0.0495873
0.053397
0.0568304
 18.1 ±  0.0 ms - Piece loop time
 40.8 ± 37.3 ms - Set time
 13.8 ±  0.8 ms - Child looking time
0.0504609
0.0534545
0.0843355
348.2 ±  0.0 ms - Total time
298.8 ±  0.0 ms - Build f time
 12.6 ±  1.7 ms - Apply f time
256.6 ±  5.3 ms - Real f time 
 56.3 ±  1.9 ms - Add time
  2.5 ±  0.2 ms - Find child
  3.2 ±  0.2 ms - Add child
 61.4 ±  1.0 ms - Hash
 66.3 ± 35.8 ms - Map
 13.1 ±  0.3 ms - getState
0.0481435
0.0509418
0.079331
427.6 ±  0.0 ms - Total time
347.0 ±  0.0 ms - Build f time
 18.3 ±  1.7 ms - Apply f time
299.6 ±  5.4 ms - Real f time 
 72.4 ±  2.0 ms - Add time
  4.4 ±  0.2 ms - Find child
  6.0 ±  0.7 ms - Add child
 77.9 ±  1.0 ms - Hash
 74.6 ± 35.7 ms - Map
 20.0 ±  0.4 ms - getState
0.0529932
0.0579012
0.101848
529.5 ±  0.0 ms - Total time
400.0 ±  0.0 ms - Build f time
 28.1 ±  1.7 ms - Apply f time
349.2 ±  5.5 ms - Real f time 
 95.4 ±  2.1 ms - Add time
  6.9 ±  0.4 ms - Find child
  9.7 ±  0.7 ms - Add child
 95.7 ±  1.1 ms - Hash
137.5 ± 62.0 ms - Map
 31.1 ±  0.8 ms - getState
0.0501662
0.0529206
0.0800398
609.6 ±  0.0 ms - Total time
450.1 ±  0.0 ms - Build f time
 33.6 ±  1.8 ms - Apply f time
393.4 ±  5.7 ms - Real f time 
111.5 ±  2.2 ms - Add time
  8.4 ±  0.5 ms - Find child
 11.5 ±  0.7 ms - Add child
111.5 ±  1.2 ms - Hash
145.4 ± 62.0 ms - Map
 37.7 ±  0.8 ms - getState
0.0561345
0.0599884
0.0956618
705.3 ±  0.0 ms - Total time
506.3 ±  0.0 ms - Build f time
 40.4 ±  1.8 ms - Apply f time
444.0 ±  5.8 ms - Real f time 
132.2 ±  2.2 ms - Add time
 10.2 ±  0.5 ms - Find child
 14.3 ±  0.8 ms - Add child
131.4 ±  1.3 ms - Hash
157.8 ± 62.0 ms - Map
 46.7 ±  1.1 ms - getState
Dag sizes: 55464 51642 55166 49751 64792 
brutePieces time: 0.445617
 46.8 ±  0.0 ms - Piece loop time
 48.0 ± 35.8 ms - Set time
 33.1 ±  1.4 ms - Child looking time
Nodes:  276815
Pieces: 55199
makePieces time: 0.0478031
Memory: 3.2 + 12.4 + 8.9 + 25.4 + 2.8 MB
 16.1 ±  1.7 ms - Greedy fill time
composePieces time: 0.465702
                                                                                