Running only task # 66
Using max depth 4
 |                                        | 0 / 416 (0.0%)Function count: 142
0.121124
0.137212
0.0662601
0.0739694
0.109537
0.122766
0.158115
0.183063
 33.4 ±  0.0 ms - Piece loop time
 50.1 ± 40.7 ms - Set time
 22.3 ±  1.0 ms - Child looking time
3.21743
3.58356
4.71137
5228.6 ±  0.0 ms - Total time
3672.5 ±  0.0 ms - Build f time
338.3 ±  5.5 ms - Apply f time
3329.3 ± 16.5 ms - Real f time 
864.9 ± 16.3 ms - Add time
 87.9 ±  2.9 ms - Find child
115.2 ±  1.8 ms - Add child
679.5 ±  3.8 ms - Hash
856.1 ± 54.8 ms - Map
372.5 ±  2.1 ms - getState
1.5027
1.67267
2.08003
7308.6 ±  0.0 ms - Total time
5175.2 ±  0.0 ms - Build f time
486.8 ±  5.8 ms - Apply f time
4754.4 ± 20.8 ms - Real f time 
1205.8 ± 16.5 ms - Add time
130.0 ±  3.0 ms - Find child
172.2 ±  2.2 ms - Add child
954.0 ±  4.2 ms - Hash
1155.1 ± 55.2 ms - Map
537.3 ±  6.2 ms - getState
2.838
3.14305
4.08725
11395.9 ±  0.0 ms - Total time
8013.2 ±  0.0 ms - Build f time
766.3 ±  6.1 ms - Apply f time
7351.3 ± 28.6 ms - Real f time 
2376.5 ± 492.9 ms - Add time
206.0 ±  3.2 ms - Find child
277.7 ±  3.6 ms - Add child
1518.5 ±  5.5 ms - Hash
1776.0 ± 59.2 ms - Map
851.8 ±  6.6 ms - getState
4.438
4.93181
6.81063
18206.6 ±  0.0 ms - Total time
12451.2 ±  0.0 ms - Build f time
1223.4 ±  6.6 ms - Apply f time
11357.7 ± 31.9 ms - Real f time 
3564.9 ± 493.5 ms - Add time
320.8 ±  3.5 ms - Find child
430.2 ±  4.1 ms - Add child
2453.8 ±  6.6 ms - Hash
2823.0 ± 60.0 ms - Map
1420.0 ±  7.5 ms - getState
Dag sizes: 2111352 994356 1884645 3399628 
brutePieces time: 17.6911
3233.2 ±  0.0 ms - Piece loop time
1002.3 ± 16.2 ms - Set time
2065.0 ± 10.6 ms - Child looking time
Nodes:  8389981
Pieces: 1125339
makePieces time: 3.23867
Memory: 89.5 + 438.9 + 268.5 + 209.7 + 102.5 MB
  5.1 ±  0.0 ms - Greedy fill time
composePieces time: 1.70582
                                                                                