Running only task # 40
Using max depth 33
 |                                        | 0 / 416 (0.0%)Function count: 142
0.755855
0.868707
1.0256
1.1994
0.848222
0.99541
0.723251
0.845522
0.970092
1.14566
0.804845
0.947262
0.8174
0.956805
 72.8 ±  0.0 ms - Piece loop time
 35.9 ± 18.4 ms - Set time
 53.3 ±  1.6 ms - Child looking time
0.744774
0.858403
0.972521
7931.7 ±  0.0 ms - Total time
6690.0 ±  0.0 ms - Build f time
419.1 ±  6.8 ms - Apply f time
5371.2 ± 49.1 ms - Real f time 
1421.7 ± 85.3 ms - Add time
 10.5 ±  1.3 ms - Find child
 14.2 ±  0.4 ms - Add child
1034.8 ±  6.0 ms - Hash
234.5 ± 43.9 ms - Map
444.5 ±  6.2 ms - getState
0.960211
1.13894
1.30636
9238.1 ±  0.0 ms - Total time
7650.2 ±  0.0 ms - Build f time
494.6 ±  7.7 ms - Apply f time
6173.2 ± 54.5 ms - Real f time 
1628.1 ± 85.4 ms - Add time
 14.8 ±  1.3 ms - Find child
 20.2 ±  0.5 ms - Add child
1206.2 ±  6.4 ms - Hash
271.8 ± 43.9 ms - Map
611.9 ±  7.9 ms - getState
0.820909
0.964388
1.11063
10348.8 ±  0.0 ms - Total time
8471.2 ±  0.0 ms - Build f time
553.7 ±  8.1 ms - Apply f time
6871.7 ± 57.6 ms - Real f time 
1805.4 ± 85.5 ms - Add time
 18.4 ±  1.4 ms - Find child
 25.3 ±  0.6 ms - Add child
1359.3 ±  6.7 ms - Hash
306.8 ± 43.9 ms - Map
738.8 ±  8.3 ms - getState
0.745494
0.856361
0.980639
11329.4 ±  0.0 ms - Total time
9216.6 ±  0.0 ms - Build f time
600.3 ±  8.5 ms - Apply f time
7461.2 ± 59.8 ms - Real f time 
1971.2 ± 85.7 ms - Add time
 21.6 ±  1.4 ms - Find child
 31.1 ±  1.4 ms - Add child
1510.7 ±  7.0 ms - Hash
336.5 ± 43.9 ms - Map
839.4 ±  8.6 ms - getState
0.979033
1.15211
1.31662
12646.1 ±  0.0 ms - Total time
10195.7 ±  0.0 ms - Build f time
677.7 ± 10.4 ms - Apply f time
8260.4 ± 63.5 ms - Real f time 
2186.5 ± 85.9 ms - Add time
 25.4 ±  1.4 ms - Find child
 36.5 ±  1.4 ms - Add child
1690.8 ± 11.4 ms - Hash
375.1 ± 43.9 ms - Map
1004.3 ±  9.3 ms - getState
0.837356
0.980075
1.12294
13769.1 ±  0.0 ms - Total time
11033.0 ±  0.0 ms - Build f time
739.3 ± 10.7 ms - Apply f time
8950.9 ± 65.7 ms - Real f time 
2367.4 ± 86.0 ms - Add time
 29.2 ±  1.4 ms - Find child
 41.5 ±  1.4 ms - Add child
1844.3 ± 11.5 ms - Hash
405.7 ± 44.0 ms - Map
1130.7 ±  9.6 ms - getState
0.814892
0.954045
1.12845
14897.6 ±  0.0 ms - Total time
11847.9 ±  0.0 ms - Build f time
795.7 ± 10.9 ms - Apply f time
9624.3 ± 67.6 ms - Real f time 
2548.1 ± 86.2 ms - Add time
 33.2 ±  1.4 ms - Find child
 47.5 ±  1.4 ms - Add child
2004.5 ± 11.8 ms - Hash
441.0 ± 44.0 ms - Map
1279.4 ± 10.0 ms - getState
Dag sizes: 115993 142012 133109 115868 141523 132458 142810 
brutePieces time: 7.94202
117.0 ±  0.0 ms - Piece loop time
 37.5 ± 15.1 ms - Set time
 89.4 ±  2.0 ms - Child looking time
Nodes:  923773
Pieces: 37897
makePieces time: 0.117631
Memory: 76.8 + 47.0 + 29.6 + 44.1 + 6.9 MB
  4.4 ±  0.2 ms - Greedy fill time
composePieces time: 0.417646
                                                                                