Running only task # 211
Using max depth 3
 |                                        | 0 / 416 (0.0%)Function count: 142
0.015631
0.0169448
0.0174244
0.018681
0.0166102
0.0177685
 10.1 ±  0.0 ms - Piece loop time
 42.0 ± 40.3 ms - Set time
  8.2 ±  0.5 ms - Child looking time
0.0375019
0.0396994
0.0576788
111.2 ±  0.0 ms - Total time
 87.2 ±  0.0 ms - Build f time
  5.1 ±  0.2 ms - Apply f time
 81.9 ±  1.5 ms - Real f time 
 21.1 ±  0.6 ms - Add time
  1.2 ±  0.1 ms - Find child
  2.0 ±  0.2 ms - Add child
 18.8 ±  0.5 ms - Hash
 50.1 ± 37.9 ms - Map
  7.8 ±  0.2 ms - getState
0.0388752
0.0411465
0.0597774
171.0 ±  0.0 ms - Total time
126.0 ±  0.0 ms - Build f time
  9.5 ±  0.3 ms - Apply f time
116.6 ±  1.7 ms - Real f time 
 35.4 ±  1.8 ms - Add time
  2.3 ±  0.2 ms - Find child
  3.5 ±  0.2 ms - Add child
 30.6 ±  0.7 ms - Hash
 56.6 ± 37.8 ms - Map
 13.6 ±  0.3 ms - getState
0.0377812
0.0403474
0.0607544
231.8 ±  0.0 ms - Total time
163.8 ±  0.0 ms - Build f time
 13.9 ±  0.4 ms - Apply f time
150.0 ±  1.9 ms - Real f time 
 48.2 ±  1.8 ms - Add time
  3.4 ±  0.2 ms - Find child
  5.3 ±  0.3 ms - Add child
 41.0 ±  0.8 ms - Hash
 65.3 ± 37.8 ms - Map
 19.8 ±  0.4 ms - getState
Dag sizes: 35518 39742 39975 
brutePieces time: 0.18099
 27.4 ±  0.0 ms - Piece loop time
 55.3 ± 45.6 ms - Set time
 17.3 ±  0.7 ms - Child looking time
Nodes:  115235
Pieces: 38894
makePieces time: 0.0284512
Memory: 1.2 + 6.2 + 3.7 + 14.4 + 1.3 MB
  1.1 ±  0.0 ms - Greedy fill time
composePieces time: 0.0450735
                                                                                