Running only task # 313
Using max depth 23
 |                                        | 0 / 416 (0.0%)Function count: 142
0.177512
0.191051
0.167431
0.184269
0.145344
0.157219
0.144227
0.157044
0.171268
0.184851
0.163089
0.175481
0.163692
0.177194
 60.1 ±  0.0 ms - Piece loop time
 51.1 ± 38.4 ms - Set time
 45.1 ±  1.6 ms - Child looking time
0.262872
0.278819
0.919416
2146.9 ±  0.0 ms - Total time
1395.4 ±  0.0 ms - Build f time
 92.0 ±  1.2 ms - Apply f time
1092.3 ± 21.5 ms - Real f time 
501.7 ±  5.6 ms - Add time
 16.7 ±  0.5 ms - Find child
 20.8 ±  0.5 ms - Add child
406.5 ± 11.6 ms - Hash
229.7 ± 39.1 ms - Map
177.8 ±  2.1 ms - getState
0.268079
0.285384
1.05715
3204.1 ±  0.0 ms - Total time
1663.5 ±  0.0 ms - Build f time
173.8 ±  4.4 ms - Apply f time
1334.7 ± 21.9 ms - Real f time 
844.7 ± 14.4 ms - Add time
 32.8 ±  0.6 ms - Find child
 43.5 ±  0.7 ms - Add child
644.4 ± 11.7 ms - Hash
338.1 ± 39.1 ms - Map
348.1 ±  4.9 ms - getState
0.245901
0.260807
0.89492
4099.0 ±  0.0 ms - Total time
1909.4 ±  0.0 ms - Build f time
237.1 ±  4.5 ms - Apply f time
1548.5 ± 22.3 ms - Real f time 
1120.3 ± 14.8 ms - Add time
 51.7 ±  5.2 ms - Find child
 62.2 ±  0.9 ms - Add child
856.7 ± 11.8 ms - Hash
439.2 ± 40.0 ms - Map
484.1 ±  5.1 ms - getState
0.239763
0.255163
0.898192
4997.3 ±  0.0 ms - Total time
2149.2 ±  0.0 ms - Build f time
298.7 ±  4.6 ms - Apply f time
1765.0 ± 22.8 ms - Real f time 
1399.9 ± 15.1 ms - Add time
 65.3 ±  5.2 ms - Find child
 80.3 ±  1.0 ms - Add child
1066.3 ± 12.0 ms - Hash
531.2 ± 40.0 ms - Map
628.5 ±  5.4 ms - getState
0.26965
0.286469
1.017
6014.3 ±  0.0 ms - Total time
2418.8 ±  0.0 ms - Build f time
386.1 ± 17.1 ms - Apply f time
1994.6 ± 23.1 ms - Real f time 
1724.6 ± 16.7 ms - Add time
 80.7 ±  5.2 ms - Find child
100.5 ±  1.1 ms - Add child
1302.9 ± 12.1 ms - Hash
641.4 ± 40.1 ms - Map
789.2 ±  5.6 ms - getState
0.249337
0.263715
0.909185
6923.6 ±  0.0 ms - Total time
2668.2 ±  0.0 ms - Build f time
451.2 ± 17.1 ms - Apply f time
2213.8 ± 23.6 ms - Real f time 
2002.2 ± 17.3 ms - Add time
 95.3 ±  5.2 ms - Find child
118.5 ±  1.2 ms - Add child
1512.1 ± 12.2 ms - Hash
733.8 ± 40.2 ms - Map
930.8 ±  5.8 ms - getState
0.266241
0.283194
1.04211
7965.7 ±  0.0 ms - Total time
2934.4 ±  0.0 ms - Build f time
524.3 ± 17.1 ms - Apply f time
2442.4 ± 23.9 ms - Real f time 
2324.2 ± 17.6 ms - Add time
111.8 ±  5.2 ms - Find child
139.8 ±  1.3 ms - Add child
1748.8 ± 12.3 ms - Hash
844.9 ± 40.2 ms - Map
1099.7 ±  6.2 ms - getState
Dag sizes: 391429 444634 376758 391057 444357 376800 454593 
brutePieces time: 6.74195
422.8 ±  0.0 ms - Piece loop time
138.5 ± 12.2 ms - Set time
267.2 ±  2.9 ms - Child looking time
Nodes:  2879628
Pieces: 414586
makePieces time: 0.425198
Memory: 106.7 + 92.6 + 92.1 + 75.4 + 26.3 MB
160.1 ± 13.1 ms - Greedy fill time
composePieces time: 23.5232
                                                                                