Running only task # 9
Using max depth 33
 |                                        | 0 / 416 (0.0%)Function count: 142
0.167618
0.180444
0.165939
0.180063
0.157303
0.169312
0.158669
0.171281
0.165743
0.179266
0.157301
0.169093
0.159567
0.172531
 61.1 ±  0.0 ms - Piece loop time
 52.4 ± 41.1 ms - Set time
 45.9 ±  1.4 ms - Child looking time
0.163324
0.175561
0.356255
1578.6 ±  0.0 ms - Total time
1295.5 ±  0.0 ms - Build f time
 61.4 ±  3.9 ms - Apply f time
988.7 ± 28.2 ms - Real f time 
293.8 ±  6.6 ms - Add time
  7.9 ±  0.3 ms - Find child
 11.4 ±  0.7 ms - Add child
298.8 ±  2.1 ms - Hash
143.2 ± 40.8 ms - Map
 77.1 ±  0.9 ms - getState
0.174237
0.188101
0.405109
1983.8 ±  0.0 ms - Total time
1469.7 ±  0.0 ms - Build f time
 92.7 ±  3.9 ms - Apply f time
1138.8 ± 28.3 ms - Real f time 
393.9 ±  6.8 ms - Add time
 14.7 ±  0.4 ms - Find child
 20.7 ±  0.7 ms - Add child
394.3 ±  2.3 ms - Hash
191.8 ± 43.4 ms - Map
129.1 ±  1.1 ms - getState
0.159723
0.171541
0.37038
2354.2 ±  0.0 ms - Total time
1629.4 ±  0.0 ms - Build f time
123.3 ±  4.2 ms - Apply f time
1276.6 ± 28.5 ms - Real f time 
510.9 ± 24.9 ms - Add time
 20.9 ±  0.5 ms - Find child
 28.7 ±  0.8 ms - Add child
479.5 ±  2.4 ms - Hash
223.0 ± 43.3 ms - Map
176.5 ±  1.3 ms - getState
0.162174
0.174169
0.354073
2708.3 ±  0.0 ms - Total time
1791.6 ±  0.0 ms - Build f time
150.6 ±  4.2 ms - Apply f time
1416.2 ± 28.6 ms - Real f time 
599.7 ± 25.0 ms - Add time
 26.9 ±  0.6 ms - Find child
 36.4 ±  0.9 ms - Add child
564.9 ±  3.6 ms - Hash
249.1 ± 43.4 ms - Map
218.9 ±  1.4 ms - getState
0.172946
0.18653
0.398724
3107.1 ±  0.0 ms - Total time
1964.5 ±  0.0 ms - Build f time
182.3 ±  4.5 ms - Apply f time
1562.7 ± 28.8 ms - Real f time 
738.2 ± 46.4 ms - Add time
 33.6 ±  0.7 ms - Find child
 45.6 ±  0.9 ms - Add child
658.8 ±  4.0 ms - Hash
285.1 ± 43.3 ms - Map
268.0 ±  1.6 ms - getState
0.165469
0.176929
0.367653
3474.7 ±  0.0 ms - Total time
2130.0 ±  0.0 ms - Build f time
210.2 ±  4.6 ms - Apply f time
1705.7 ± 28.9 ms - Real f time 
836.5 ± 47.0 ms - Add time
 39.9 ±  0.7 ms - Find child
 53.9 ±  1.0 ms - Add child
748.7 ±  5.5 ms - Hash
327.6 ± 45.1 ms - Map
312.7 ±  1.7 ms - getState
0.162945
0.175563
0.360887
3835.7 ±  0.0 ms - Total time
2293.0 ±  0.0 ms - Build f time
238.0 ±  4.6 ms - Apply f time
1842.1 ± 29.0 ms - Real f time 
923.6 ± 47.0 ms - Add time
 45.5 ±  0.8 ms - Find child
 61.5 ±  1.0 ms - Add child
832.3 ±  5.5 ms - Hash
358.0 ± 45.1 ms - Map
356.5 ±  1.8 ms - getState
Dag sizes: 169728 197575 179344 167453 187446 173066 164431 
brutePieces time: 2.61699
209.8 ±  0.0 ms - Piece loop time
 74.5 ± 24.0 ms - Set time
154.5 ±  2.7 ms - Child looking time
Nodes:  1239043
Pieces: 220290
makePieces time: 0.211498
Memory: 32.6 + 47.8 + 39.6 + 49.2 + 13.8 MB
128.7 ± 17.8 ms - Greedy fill time
composePieces time: 12.6089
                                                                                