Running only task # 279
Using max depth 23
 |                                        | 0 / 416 (0.0%)Function count: 142
0.0629536
0.0670681
0.100628
0.109836
0.10592
0.115869
0.0605571
0.0646437
0.100166
0.10901
0.106901
0.116683
0.139878
0.155029
 66.5 ±  0.0 ms - Piece loop time
 44.0 ± 35.1 ms - Set time
 53.5 ±  1.5 ms - Child looking time
0.0672031
0.0711188
0.0896273
828.0 ±  0.0 ms - Total time
744.2 ±  0.0 ms - Build f time
 25.5 ±  0.6 ms - Apply f time
615.1 ±  4.1 ms - Real f time 
163.6 ± 16.7 ms - Add time
  3.4 ±  0.2 ms - Find child
  4.4 ±  0.2 ms - Add child
121.4 ±  1.1 ms - Hash
138.1 ± 53.8 ms - Map
 28.5 ±  0.8 ms - getState
0.10634
0.115236
0.17161
999.6 ±  0.0 ms - Total time
850.5 ±  0.0 ms - Build f time
 37.1 ±  0.7 ms - Apply f time
708.1 ±  4.3 ms - Real f time 
203.4 ± 17.7 ms - Add time
  6.2 ±  0.3 ms - Find child
  8.1 ±  0.3 ms - Add child
150.8 ±  1.2 ms - Hash
156.0 ± 53.9 ms - Map
 46.7 ±  0.9 ms - getState
0.115518
0.129011
0.18457
1184.2 ±  0.0 ms - Total time
966.1 ±  0.0 ms - Build f time
 50.6 ±  0.8 ms - Apply f time
810.9 ±  4.7 ms - Real f time 
238.4 ± 17.7 ms - Add time
  9.2 ±  0.3 ms - Find child
 12.2 ±  0.4 ms - Add child
180.3 ±  1.3 ms - Hash
174.0 ± 53.9 ms - Map
 67.7 ±  1.3 ms - getState
0.0631301
0.0671152
0.0909813
1275.2 ±  0.0 ms - Total time
1029.2 ±  0.0 ms - Build f time
 56.2 ±  0.9 ms - Apply f time
867.1 ±  4.8 ms - Real f time 
254.0 ± 17.7 ms - Add time
 10.6 ±  0.4 ms - Find child
 14.0 ±  0.4 ms - Add child
196.5 ±  1.4 ms - Hash
183.0 ± 53.9 ms - Map
 75.7 ±  1.4 ms - getState
0.112952
0.122109
0.175418
1450.7 ±  0.0 ms - Total time
1142.1 ±  0.0 ms - Build f time
 67.7 ±  0.9 ms - Apply f time
962.3 ±  5.1 ms - Real f time 
289.2 ± 17.7 ms - Add time
 13.2 ±  0.4 ms - Find child
 17.8 ±  0.5 ms - Add child
225.8 ±  1.5 ms - Hash
202.2 ± 53.9 ms - Map
 92.5 ±  1.4 ms - getState
0.109858
0.12034
0.188361
1639.1 ±  0.0 ms - Total time
1252.0 ±  0.0 ms - Build f time
 81.2 ±  1.0 ms - Apply f time
1059.3 ±  5.3 ms - Real f time 
326.2 ± 17.7 ms - Add time
 16.4 ±  0.5 ms - Find child
 21.9 ±  0.5 ms - Add child
256.2 ±  1.6 ms - Hash
223.3 ± 53.9 ms - Map
114.8 ±  1.5 ms - getState
0.158315
0.173486
0.254544
1893.7 ±  0.0 ms - Total time
1410.3 ±  0.0 ms - Build f time
 97.8 ±  1.2 ms - Apply f time
1198.5 ±  5.8 ms - Real f time 
378.4 ± 17.8 ms - Add time
 20.0 ±  0.5 ms - Find child
 27.4 ±  0.6 ms - Add child
295.0 ±  1.7 ms - Hash
249.5 ± 53.8 ms - Map
143.6 ±  1.5 ms - getState
Dag sizes: 40237 96371 98632 40148 96800 97709 135069 
brutePieces time: 1.16002
145.9 ±  0.0 ms - Piece loop time
 63.3 ± 38.1 ms - Set time
112.8 ±  1.9 ms - Child looking time
Nodes:  604966
Pieces: 117204
makePieces time: 0.147469
Memory: 8.4 + 26.2 + 19.4 + 39.0 + 7.8 MB
 21.7 ±  3.9 ms - Greedy fill time
composePieces time: 1.82097
                                                                                