Running only task # 401
Using max depth 3
 |                                        | 0 / 416 (0.0%)Function count: 142
0.0882859
0.0962273
0.0958876
0.102981
0.0918976
0.0994797
 12.5 ±  0.0 ms - Piece loop time
 47.9 ± 44.2 ms - Set time
  8.6 ±  0.7 ms - Child looking time
0.0876368
0.0944699
0.164441
463.2 ±  0.0 ms - Total time
363.7 ±  0.0 ms - Build f time
 21.0 ±  0.5 ms - Apply f time
307.5 ±  3.4 ms - Real f time 
 89.5 ±  1.7 ms - Add time
  5.1 ±  0.7 ms - Find child
  5.4 ±  0.3 ms - Add child
 73.6 ±  0.9 ms - Hash
 86.9 ± 46.9 ms - Map
 27.6 ±  0.9 ms - getState
0.0911761
0.098249
0.175416
638.7 ±  0.0 ms - Total time
454.9 ±  0.0 ms - Build f time
 36.3 ±  0.8 ms - Apply f time
390.2 ±  3.8 ms - Real f time 
129.0 ±  1.9 ms - Add time
  9.3 ±  0.8 ms - Find child
 11.5 ±  0.6 ms - Add child
107.3 ±  1.2 ms - Hash
104.4 ± 46.9 ms - Map
 49.7 ±  1.3 ms - getState
0.0978806
0.105964
0.190369
829.1 ±  0.0 ms - Total time
552.8 ±  0.0 ms - Build f time
 52.4 ±  0.9 ms - Apply f time
479.4 ±  4.6 ms - Real f time 
173.0 ±  2.0 ms - Add time
 12.8 ±  0.8 ms - Find child
 17.5 ±  0.7 ms - Add child
142.5 ±  1.4 ms - Hash
127.0 ± 46.9 ms - Map
 71.7 ±  1.4 ms - getState
Dag sizes: 118754 126971 136588 
brutePieces time: 0.532711
 35.7 ±  0.0 ms - Piece loop time
 54.1 ± 42.5 ms - Set time
 24.1 ±  1.5 ms - Child looking time
Nodes:  382313
Pieces: 88786
makePieces time: 0.036727
Memory: 4.9 + 13.8 + 12.2 + 18.7 + 2.8 MB
  1.3 ±  0.0 ms - Greedy fill time
composePieces time: 0.158061
                                                                                