Running only task # 84
Using max depth 3
 |                                        | 0 / 416 (0.0%)Function count: 142
0.13074
0.141856
0.152966
0.165071
0.165823
0.182933
0.135812
0.148494
0.206369
0.228369
 31.9 ±  0.0 ms - Piece loop time
 49.7 ± 44.0 ms - Set time
 24.7 ±  1.0 ms - Child looking time
0.132433
0.143715
0.188534
1055.5 ±  0.0 ms - Total time
924.1 ±  0.0 ms - Build f time
 35.4 ±  0.8 ms - Apply f time
828.8 ± 18.1 ms - Real f time 
163.0 ±  3.9 ms - Add time
  3.6 ±  0.2 ms - Find child
  5.4 ±  0.3 ms - Add child
141.6 ±  1.1 ms - Hash
 91.5 ± 34.8 ms - Map
 36.1 ±  0.6 ms - getState
0.156139
0.168142
0.226744
1282.3 ±  0.0 ms - Total time
1080.3 ±  0.0 ms - Build f time
 47.1 ±  0.9 ms - Apply f time
967.9 ± 18.3 ms - Real f time 
204.1 ±  4.0 ms - Add time
  5.9 ±  0.3 ms - Find child
  8.5 ±  0.4 ms - Add child
185.4 ±  1.2 ms - Hash
106.8 ± 34.9 ms - Map
 52.5 ±  0.7 ms - getState
0.169981
0.186894
0.242537
1524.8 ±  0.0 ms - Total time
1250.3 ±  0.0 ms - Build f time
 60.0 ±  1.0 ms - Apply f time
1123.2 ± 18.6 ms - Real f time 
245.7 ±  4.1 ms - Add time
  8.4 ±  0.3 ms - Find child
 11.6 ±  0.4 ms - Add child
227.4 ±  1.4 ms - Hash
122.5 ± 34.9 ms - Map
 69.6 ±  0.8 ms - getState
0.145631
0.164605
0.213474
1738.3 ±  0.0 ms - Total time
1395.9 ±  0.0 ms - Build f time
 74.4 ±  1.2 ms - Apply f time
1258.0 ± 18.8 ms - Real f time 
282.1 ±  4.3 ms - Add time
 11.1 ±  0.4 ms - Find child
 15.4 ±  0.5 ms - Add child
261.6 ±  1.5 ms - Hash
137.6 ± 34.9 ms - Map
 87.1 ±  1.1 ms - getState
0.215365
0.237883
0.320585
2058.9 ±  0.0 ms - Total time
1611.3 ±  0.0 ms - Build f time
 95.9 ±  1.8 ms - Apply f time
1454.1 ± 19.1 ms - Real f time 
339.6 ±  4.5 ms - Add time
 14.9 ±  0.9 ms - Find child
 19.3 ±  0.5 ms - Add child
311.2 ±  1.6 ms - Hash
157.3 ± 34.9 ms - Map
113.6 ±  1.2 ms - getState
Dag sizes: 68869 72070 75639 70530 83145 
brutePieces time: 1.19528
 54.3 ±  0.0 ms - Piece loop time
 57.4 ± 45.6 ms - Set time
 39.9 ±  1.1 ms - Child looking time
Nodes:  370253
Pieces: 59937
makePieces time: 0.0554758
Memory: 8.3 + 16.3 + 11.8 + 26.9 + 3.3 MB
  9.8 ±  0.0 ms - Greedy fill time
composePieces time: 0.426105
                                                                                