Running only task # 380
Using max depth 33
 |                                        | 0 / 416 (0.0%)Function count: 142
0.0958439
0.104931
0.0981454
0.106631
0.0859339
0.0929779
0.0939385
0.102829
0.0939645
0.102666
0.0842889
0.0916201
0.0976451
0.106846
 38.1 ±  0.0 ms - Piece loop time
 46.3 ± 37.5 ms - Set time
 27.2 ±  1.2 ms - Child looking time
0.0936003
0.103137
0.242959
951.8 ±  0.0 ms - Total time
743.4 ±  0.0 ms - Build f time
 44.5 ±  0.7 ms - Apply f time
620.8 ±  6.7 ms - Real f time 
185.4 ±  3.8 ms - Add time
  8.6 ±  0.4 ms - Find child
 11.4 ±  0.4 ms - Add child
146.7 ±  1.7 ms - Hash
136.7 ± 39.5 ms - Map
 49.0 ±  0.7 ms - getState
0.0912663
0.0992301
0.248032
1199.9 ±  0.0 ms - Total time
834.6 ±  0.0 ms - Build f time
 68.9 ±  1.0 ms - Apply f time
713.9 ±  6.8 ms - Real f time 
255.2 ±  4.0 ms - Add time
 15.1 ±  0.5 ms - Find child
 20.7 ±  0.5 ms - Add child
195.0 ±  2.0 ms - Hash
172.8 ± 39.5 ms - Map
 80.2 ±  0.9 ms - getState
0.0866251
0.0935142
0.216707
1416.6 ±  0.0 ms - Total time
921.2 ±  0.0 ms - Build f time
 90.4 ±  1.4 ms - Apply f time
795.9 ±  7.0 ms - Real f time 
315.5 ±  4.1 ms - Add time
 20.8 ±  0.5 ms - Find child
 29.1 ±  0.9 ms - Add child
235.6 ±  2.1 ms - Hash
203.1 ± 39.5 ms - Map
108.9 ±  1.3 ms - getState
0.0962483
0.104956
0.259744
1676.4 ±  0.0 ms - Total time
1017.5 ±  0.0 ms - Build f time
114.8 ±  1.5 ms - Apply f time
892.1 ±  7.2 ms - Real f time 
385.6 ±  4.3 ms - Add time
 27.8 ±  0.6 ms - Find child
 37.6 ±  0.9 ms - Add child
281.1 ±  2.3 ms - Hash
250.1 ± 39.9 ms - Map
141.0 ±  1.4 ms - getState
0.0941101
0.102893
0.254239
1930.7 ±  0.0 ms - Total time
1111.6 ±  0.0 ms - Build f time
140.2 ±  2.0 ms - Apply f time
984.2 ±  7.3 ms - Real f time 
462.4 ±  7.9 ms - Add time
 34.4 ±  0.7 ms - Find child
 46.7 ±  1.0 ms - Add child
328.9 ±  2.4 ms - Hash
290.5 ± 39.8 ms - Map
173.5 ±  1.5 ms - getState
0.0877669
0.0962398
0.23533
2166.1 ±  0.0 ms - Total time
1199.4 ±  0.0 ms - Build f time
162.5 ±  2.1 ms - Apply f time
1070.1 ±  7.5 ms - Real f time 
526.2 ±  8.0 ms - Add time
 40.5 ±  0.7 ms - Find child
 54.9 ±  1.0 ms - Add child
371.6 ±  2.5 ms - Hash
327.5 ± 39.8 ms - Map
203.0 ±  1.6 ms - getState
0.0996068
0.108781
0.262965
2429.1 ±  0.0 ms - Total time
1299.0 ±  0.0 ms - Build f time
187.9 ±  2.3 ms - Apply f time
1165.4 ±  7.7 ms - Real f time 
596.2 ±  8.0 ms - Add time
 46.8 ±  0.8 ms - Find child
 64.1 ±  1.1 ms - Add child
418.0 ±  2.6 ms - Hash
369.7 ± 39.8 ms - Map
235.6 ±  1.7 ms - getState
Dag sizes: 244782 252450 210714 234036 248168 218899 243830 
brutePieces time: 1.72469
187.7 ±  0.0 ms - Piece loop time
105.6 ± 40.6 ms - Set time
115.0 ±  1.9 ms - Child looking time
Nodes:  1652879
Pieces: 235005
makePieces time: 0.189648
Memory: 19.0 + 52.6 + 52.9 + 55.8 + 15.2 MB
 79.7 ± 57.7 ms - Greedy fill time
composePieces time: 3.88085
                                                                                