Running only task # 261
Using max depth 33
 |                                        | 0 / 416 (0.0%)Function count: 142
0.0147961
0.0163109
0.0145173
0.0160313
0.0155997
0.0170543
0.0135896
0.0148195
0.0144189
0.0157516
0.0142762
0.0158088
0.0183832
0.0198862
0.0137979
0.015057
0.0149994
0.0163901
 29.1 ±  0.0 ms - Piece loop time
 57.6 ± 54.7 ms - Set time
 25.7 ±  1.1 ms - Child looking time
0.0149989
0.01624
0.0187848
166.1 ±  0.0 ms - Total time
149.4 ±  0.0 ms - Build f time
  7.1 ±  0.6 ms - Apply f time
145.5 ±  1.2 ms - Real f time 
 31.4 ±  1.7 ms - Add time
  1.3 ±  0.1 ms - Find child
  2.0 ±  0.2 ms - Add child
 25.3 ±  0.6 ms - Hash
 56.1 ± 36.9 ms - Map
  6.0 ±  0.2 ms - getState
0.014236
0.0155901
0.018295
184.4 ±  0.0 ms - Total time
163.6 ±  0.0 ms - Build f time
  8.5 ±  0.7 ms - Apply f time
160.3 ±  1.3 ms - Real f time 
 34.8 ±  1.7 ms - Add time
  2.0 ±  0.2 ms - Find child
  2.5 ±  0.2 ms - Add child
 28.5 ±  0.6 ms - Hash
 58.3 ± 36.9 ms - Map
  6.9 ±  0.2 ms - getState
0.0154995
0.0169947
0.019696
204.1 ±  0.0 ms - Total time
179.1 ±  0.0 ms - Build f time
  9.8 ±  0.7 ms - Apply f time
175.4 ±  1.3 ms - Real f time 
 38.6 ±  1.7 ms - Add time
  2.6 ±  0.2 ms - Find child
  3.3 ±  0.2 ms - Add child
 31.3 ±  0.6 ms - Hash
 60.8 ± 36.9 ms - Map
  8.1 ±  0.3 ms - getState
0.0138897
0.01514
0.0177178
221.8 ±  0.0 ms - Total time
193.0 ±  0.0 ms - Build f time
 11.0 ±  0.7 ms - Apply f time
188.9 ±  1.4 ms - Real f time 
 42.4 ±  1.8 ms - Add time
  3.1 ±  0.2 ms - Find child
  4.1 ±  0.3 ms - Add child
 34.0 ±  0.6 ms - Hash
 63.1 ± 36.8 ms - Map
  9.1 ±  0.3 ms - getState
0.0143034
0.015591
0.0181492
240.0 ±  0.0 ms - Total time
207.3 ±  0.0 ms - Build f time
 12.7 ±  0.7 ms - Apply f time
203.8 ±  1.5 ms - Real f time 
 45.8 ±  1.8 ms - Add time
  3.7 ±  0.2 ms - Find child
  4.8 ±  0.3 ms - Add child
 37.1 ±  0.7 ms - Hash
 65.4 ± 36.8 ms - Map
 10.1 ±  0.3 ms - getState
0.0144083
0.0160004
0.0191259
259.2 ±  0.0 ms - Total time
221.7 ±  0.0 ms - Build f time
 14.2 ±  0.7 ms - Apply f time
218.3 ±  1.5 ms - Real f time 
 49.5 ±  1.8 ms - Add time
  4.3 ±  0.2 ms - Find child
  5.6 ±  0.3 ms - Add child
 39.8 ±  0.7 ms - Hash
 68.6 ± 36.9 ms - Map
 11.1 ±  0.3 ms - getState
0.0196474
0.0213109
0.0253757
284.6 ±  0.0 ms - Total time
241.4 ±  0.0 ms - Build f time
 15.9 ±  0.7 ms - Apply f time
237.7 ±  1.6 ms - Real f time 
 54.2 ±  1.8 ms - Add time
  5.1 ±  0.3 ms - Find child
  6.6 ±  0.3 ms - Add child
 43.6 ±  0.7 ms - Hash
 72.4 ± 36.9 ms - Map
 12.7 ±  0.3 ms - getState
0.0147484
0.0159871
0.0185008
303.1 ±  0.0 ms - Total time
256.1 ±  0.0 ms - Build f time
 17.1 ±  0.7 ms - Apply f time
252.6 ±  1.6 ms - Real f time 
 57.7 ±  1.8 ms - Add time
  5.8 ±  0.3 ms - Find child
  7.1 ±  0.3 ms - Add child
 46.5 ±  0.8 ms - Hash
 74.7 ± 36.9 ms - Map
 13.6 ±  0.4 ms - getState
0.0147573
0.0161274
0.0189823
322.1 ±  0.0 ms - Total time
270.9 ±  0.0 ms - Build f time
 18.8 ±  0.7 ms - Apply f time
268.0 ±  1.7 ms - Real f time 
 61.4 ±  1.9 ms - Add time
  6.3 ±  0.3 ms - Find child
  8.0 ±  0.3 ms - Add child
 49.4 ±  0.8 ms - Hash
 77.4 ± 36.9 ms - Map
 14.6 ±  0.4 ms - getState
Dag sizes: 11621 12607 12384 10870 11559 12413 14539 10615 11992 
brutePieces time: 0.180586
 53.8 ±  0.0 ms - Piece loop time
 44.7 ± 38.6 ms - Set time
 43.2 ±  1.2 ms - Child looking time
Nodes:  108600
Pieces: 16956
makePieces time: 0.0546803
Memory: 0.4 + 10.1 + 3.5 + 39.5 + 2.2 MB
  1.6 ±  0.0 ms - Greedy fill time
composePieces time: 0.082537
                                                                                