Running only task # 413
Using max depth 3
 |                                        | 0 / 416 (0.0%)Function count: 142
0.346383
0.404771
0.25627
0.301329
0.294003
0.344308
0.371737
0.44915
 30.5 ±  0.0 ms - Piece loop time
 29.5 ± 18.0 ms - Set time
 21.6 ±  0.9 ms - Child looking time
0.33287
0.391109
0.560813
2060.6 ±  0.0 ms - Total time
1601.3 ±  0.0 ms - Build f time
118.7 ±  2.5 ms - Apply f time
1334.7 ± 15.0 ms - Real f time 
436.9 ± 18.1 ms - Add time
  6.6 ±  0.3 ms - Find child
 11.3 ±  0.4 ms - Add child
250.8 ±  4.6 ms - Hash
121.7 ± 38.8 ms - Map
162.5 ±  2.3 ms - getState
0.255299
0.300331
0.435012
2495.6 ±  0.0 ms - Total time
1856.6 ±  0.0 ms - Build f time
147.3 ±  2.7 ms - Apply f time
1559.5 ± 15.7 ms - Real f time 
534.9 ± 18.2 ms - Add time
 10.1 ±  0.4 ms - Find child
 17.3 ±  0.5 ms - Add child
316.9 ±  4.7 ms - Hash
148.8 ± 38.9 ms - Map
222.3 ±  2.5 ms - getState
0.295607
0.346204
0.492804
2988.5 ±  0.0 ms - Total time
2152.2 ±  0.0 ms - Build f time
179.1 ±  2.9 ms - Apply f time
1812.1 ± 17.6 ms - Real f time 
646.9 ± 18.4 ms - Add time
 14.0 ±  0.4 ms - Find child
 23.2 ±  0.5 ms - Add child
391.7 ±  4.8 ms - Hash
172.1 ± 38.9 ms - Map
291.5 ±  4.5 ms - getState
0.363082
0.425434
0.588877
3577.4 ±  0.0 ms - Total time
2515.2 ±  0.0 ms - Build f time
215.6 ±  3.1 ms - Apply f time
2122.8 ± 19.1 ms - Real f time 
778.6 ± 19.8 ms - Add time
 18.1 ±  0.5 ms - Find child
 29.5 ±  0.6 ms - Add child
475.5 ±  5.0 ms - Hash
196.1 ± 38.9 ms - Map
369.2 ±  4.8 ms - getState
Dag sizes: 161526 144526 145448 152321 
brutePieces time: 2.07992
 70.7 ±  0.0 ms - Piece loop time
 30.0 ± 14.9 ms - Set time
 51.1 ±  1.1 ms - Child looking time
Nodes:  603821
Pieces: 126006
makePieces time: 0.0714413
Memory: 24.0 + 21.5 + 19.3 + 26.4 + 5.3 MB
 29.5 ±  0.0 ms - Greedy fill time
composePieces time: 0.668003
                                                                                