Running only task # 44
Using max depth 33
 |                                        | 0 / 416 (0.0%)Function count: 142
0.125118
0.141908
0.112163
0.124693
0.111142
0.124239
0.125393
0.141561
0.11496
0.127499
0.112771
0.125312
0.118608
0.132423
 60.2 ±  0.0 ms - Piece loop time
 56.1 ± 40.8 ms - Set time
 40.2 ±  1.6 ms - Child looking time
0.126492
0.141773
0.173636
1091.7 ±  0.0 ms - Total time
946.6 ±  0.0 ms - Build f time
 41.4 ±  0.7 ms - Apply f time
740.9 ±  5.0 ms - Real f time 
214.9 ±  9.2 ms - Add time
  4.8 ±  0.3 ms - Find child
  6.6 ±  0.3 ms - Add child
176.9 ± 17.4 ms - Hash
160.1 ± 49.5 ms - Map
 47.5 ±  0.6 ms - getState
0.12044
0.135771
0.162256
1254.0 ±  0.0 ms - Total time
1067.1 ±  0.0 ms - Build f time
 50.8 ±  0.8 ms - Apply f time
837.6 ±  5.2 ms - Real f time 
244.1 ±  9.3 ms - Add time
  7.2 ±  0.3 ms - Find child
  9.4 ±  0.3 ms - Add child
200.5 ± 17.4 ms - Hash
179.3 ± 49.6 ms - Map
 64.1 ±  0.7 ms - getState
0.113796
0.126242
0.153468
1407.5 ±  0.0 ms - Total time
1180.9 ±  0.0 ms - Build f time
 59.2 ±  0.9 ms - Apply f time
930.9 ±  5.4 ms - Real f time 
271.2 ±  9.3 ms - Add time
  9.2 ±  0.3 ms - Find child
 12.3 ±  0.4 ms - Add child
223.7 ± 17.4 ms - Hash
197.6 ± 49.5 ms - Map
 80.0 ±  0.8 ms - getState
0.127657
0.142753
0.175076
1582.6 ±  0.0 ms - Total time
1308.5 ±  0.0 ms - Build f time
 69.2 ±  1.0 ms - Apply f time
1032.9 ±  5.7 ms - Real f time 
302.6 ±  9.3 ms - Add time
 11.8 ±  0.4 ms - Find child
 14.9 ±  0.4 ms - Add child
250.0 ± 17.4 ms - Hash
217.3 ± 49.5 ms - Map
 99.1 ±  0.9 ms - getState
0.116398
0.129139
0.158216
1740.9 ±  0.0 ms - Total time
1424.9 ±  0.0 ms - Build f time
 77.3 ±  1.1 ms - Apply f time
1147.5 ± 18.6 ms - Real f time 
330.9 ±  9.3 ms - Add time
 14.0 ±  0.4 ms - Find child
 17.7 ±  0.5 ms - Add child
273.8 ± 17.4 ms - Hash
234.5 ± 49.5 ms - Map
116.3 ±  1.3 ms - getState
0.13132
0.143983
0.173857
1914.8 ±  0.0 ms - Total time
1556.3 ±  0.0 ms - Build f time
 86.0 ±  1.1 ms - Apply f time
1251.5 ± 18.7 ms - Real f time 
362.2 ±  9.4 ms - Add time
 16.3 ±  0.5 ms - Find child
 20.6 ±  0.5 ms - Add child
298.5 ± 17.4 ms - Hash
253.2 ± 49.5 ms - Map
132.1 ±  1.3 ms - getState
0.121284
0.135422
0.167504
2082.3 ±  0.0 ms - Total time
1677.5 ±  0.0 ms - Build f time
 95.1 ±  1.2 ms - Apply f time
1347.0 ± 18.7 ms - Real f time 
393.2 ±  9.4 ms - Add time
 18.7 ±  0.5 ms - Find child
 23.7 ±  0.5 ms - Add child
325.6 ± 17.4 ms - Hash
273.6 ± 49.4 ms - Map
149.6 ±  1.4 ms - getState
Dag sizes: 85248 73782 74538 85471 73837 76160 81491 
brutePieces time: 1.16793
124.8 ±  0.0 ms - Piece loop time
 69.8 ± 47.1 ms - Set time
 86.7 ±  2.0 ms - Child looking time
Nodes:  550527
Pieces: 17229
makePieces time: 0.126106
Memory: 7.6 + 33.5 + 17.6 + 38.2 + 5.1 MB
  0.7 ±  0.0 ms - Greedy fill time
composePieces time: 0.107008
                                                                                