Running only task # 49
Using max depth 4
 |                                        | 0 / 416 (0.0%)Function count: 142
0.0620666
0.0665984
0.060808
0.065085
0.0685955
0.073541
 11.9 ±  0.0 ms - Piece loop time
 44.9 ± 42.3 ms - Set time
  8.9 ±  0.6 ms - Child looking time
1.49478
1.60996
3.71107
3916.4 ±  0.0 ms - Total time
1686.2 ±  0.0 ms - Build f time
316.0 ±  2.3 ms - Apply f time
1729.0 ± 20.2 ms - Real f time 
926.8 ± 16.3 ms - Add time
 92.6 ±  1.1 ms - Find child
122.0 ±  1.4 ms - Add child
643.4 ±  3.0 ms - Hash
721.9 ± 36.6 ms - Map
396.4 ±  6.0 ms - getState
1.40267
1.50977
3.43432
7350.8 ±  0.0 ms - Total time
3088.9 ±  0.0 ms - Build f time
603.1 ±  3.1 ms - Apply f time
3185.2 ± 26.9 ms - Real f time 
1751.2 ± 26.8 ms - Add time
176.1 ±  1.6 ms - Find child
231.8 ±  2.0 ms - Add child
1229.8 ± 14.7 ms - Hash
1354.0 ± 42.0 ms - Map
761.2 ± 11.3 ms - getState
1.63681
1.78153
4.2146
11565.4 ±  0.0 ms - Total time
4725.7 ±  0.0 ms - Build f time
966.0 ±  5.1 ms - Apply f time
4881.3 ± 34.3 ms - Real f time 
2811.0 ± 51.1 ms - Add time
293.9 ± 14.5 ms - Find child
370.3 ±  2.5 ms - Add child
1951.2 ± 22.6 ms - Hash
2231.3 ± 96.0 ms - Map
1206.6 ± 11.6 ms - getState
Dag sizes: 2937328 2717555 3320283 
brutePieces time: 11.3612
2106.4 ±  0.0 ms - Piece loop time
1023.9 ± 33.0 ms - Set time
1113.1 ±  6.5 ms - Child looking time
Nodes:  8975166
Pieces: 3074626
makePieces time: 2.113
Memory: 108.7 + 302.7 + 287.2 + 227.5 + 101.9 MB
 30.3 ±  0.0 ms - Greedy fill time
composePieces time: 5.44664
                                                                                