Running only task # 311
Using max depth 4
 |                                        | 0 / 416 (0.0%)Function count: 142
0.11064
0.118243
0.0592346
0.0633211
0.0790496
0.0844685
0.094014
0.100609
0.0942582
0.101032
 19.0 ±  0.0 ms - Piece loop time
 39.7 ± 36.5 ms - Set time
 15.3 ±  0.8 ms - Child looking time
2.69623
2.90453
5.55365
6021.5 ±  0.0 ms - Total time
3133.4 ±  0.0 ms - Build f time
385.7 ±  2.6 ms - Apply f time
2712.2 ± 14.6 ms - Real f time 
1304.4 ± 11.4 ms - Add time
 73.5 ±  1.0 ms - Find child
111.2 ±  1.9 ms - Add child
1254.9 ±  3.3 ms - Hash
686.0 ± 43.4 ms - Map
579.1 ±  2.7 ms - getState
1.3547
1.46032
2.54793
8569.4 ±  0.0 ms - Total time
4488.1 ±  0.0 ms - Build f time
564.0 ±  3.0 ms - Apply f time
3905.0 ± 16.2 ms - Real f time 
1869.7 ± 27.0 ms - Add time
114.5 ±  1.2 ms - Find child
166.8 ±  2.4 ms - Add child
1793.9 ± 10.9 ms - Hash
960.2 ± 43.6 ms - Map
830.2 ±  3.5 ms - getState
1.89966
2.0485
3.78671
12356.2 ±  0.0 ms - Total time
6387.8 ±  0.0 ms - Build f time
820.5 ±  3.5 ms - Apply f time
5601.8 ± 21.4 ms - Real f time 
2678.7 ± 28.1 ms - Add time
170.7 ±  1.5 ms - Find child
243.9 ±  2.6 ms - Add child
2574.9 ± 11.2 ms - Hash
1400.5 ± 44.0 ms - Map
1212.2 ±  4.5 ms - getState
2.28863
2.47046
4.79112
17147.3 ±  0.0 ms - Total time
8676.4 ±  0.0 ms - Build f time
1132.9 ±  4.3 ms - Apply f time
7600.7 ± 25.5 ms - Real f time 
3776.3 ± 31.2 ms - Add time
234.3 ±  2.2 ms - Find child
339.8 ±  8.0 ms - Add child
3617.7 ± 12.9 ms - Hash
1883.3 ± 44.3 ms - Map
1725.0 ±  5.2 ms - getState
2.36177
2.55703
4.9507
22098.1 ±  0.0 ms - Total time
11038.2 ±  0.0 ms - Build f time
1467.4 ±  4.9 ms - Apply f time
9660.4 ± 27.6 ms - Real f time 
4942.7 ± 65.1 ms - Add time
303.9 ±  2.4 ms - Find child
444.9 ±  9.9 ms - Add child
4665.6 ± 20.8 ms - Hash
2448.9 ± 45.7 ms - Map
2258.9 ±  5.8 ms - getState
Dag sizes: 2292160 1222886 1769869 1999755 2204570 
brutePieces time: 21.6322
2473.2 ±  0.0 ms - Piece loop time
748.8 ± 19.7 ms - Set time
1652.1 ±  6.5 ms - Child looking time
Nodes:  9489240
Pieces: 2164031
makePieces time: 2.47994
Memory: 229.6 + 374.7 + 303.7 + 227.3 + 109.9 MB
135.8 ± 46.0 ms - Greedy fill time
composePieces time: 27.3899
                                                                                