Running only task # 183
Using max depth 3
 |                                        | 0 / 416 (0.0%)Function count: 142
0.162329
0.177646
0.14157
0.154597
0.176222
0.195423
0.188425
0.209586
 44.0 ±  0.0 ms - Piece loop time
 50.7 ± 41.3 ms - Set time
 32.3 ±  1.0 ms - Child looking time
0.140445
0.15595
0.393734
1131.1 ±  0.0 ms - Total time
809.0 ±  0.0 ms - Build f time
 66.9 ±  1.2 ms - Apply f time
660.2 ±  5.7 ms - Real f time 
254.8 ±  4.1 ms - Add time
 13.3 ±  0.4 ms - Find child
 18.9 ±  0.6 ms - Add child
171.4 ±  1.6 ms - Hash
145.3 ± 38.3 ms - Map
 80.8 ±  1.0 ms - getState
0.145847
0.159003
0.394997
1526.2 ±  0.0 ms - Total time
954.8 ±  0.0 ms - Build f time
111.4 ±  1.5 ms - Apply f time
809.5 ±  6.9 ms - Real f time 
357.7 ±  4.3 ms - Add time
 25.7 ±  0.6 ms - Find child
 35.5 ±  0.7 ms - Add child
253.6 ±  5.3 ms - Hash
195.0 ± 38.2 ms - Map
135.5 ±  1.4 ms - getState
0.177019
0.196194
0.492985
2019.2 ±  0.0 ms - Total time
1131.9 ±  0.0 ms - Build f time
162.4 ±  1.7 ms - Apply f time
985.2 ±  7.4 ms - Real f time 
493.7 ±  4.8 ms - Add time
 40.8 ±  0.7 ms - Find child
 55.7 ±  0.9 ms - Add child
346.8 ±  5.7 ms - Hash
263.2 ± 38.2 ms - Map
203.3 ±  1.6 ms - getState
0.194572
0.215393
0.513741
2533.0 ±  0.0 ms - Total time
1326.4 ±  0.0 ms - Build f time
214.7 ±  1.9 ms - Apply f time
1174.6 ±  7.9 ms - Real f time 
652.1 ± 16.2 ms - Add time
 56.2 ±  0.8 ms - Find child
 76.7 ±  1.7 ms - Add child
448.6 ±  6.5 ms - Hash
331.4 ± 38.3 ms - Map
278.0 ±  2.7 ms - getState
Dag sizes: 332295 308990 396919 419423 
brutePieces time: 1.7976
238.1 ±  0.0 ms - Piece loop time
123.1 ± 44.4 ms - Set time
153.9 ±  2.0 ms - Child looking time
Nodes:  1457627
Pieces: 409428
makePieces time: 0.240041
Memory: 19.7 + 50.4 + 46.6 + 40.1 + 16.2 MB
  4.1 ±  0.0 ms - Greedy fill time
composePieces time: 1.54174
                                                                                