Running only task # 33
Using max depth 23
 |                                        | 0 / 416 (0.0%)Function count: 142
0.0731086
0.0778949
0.0760011
0.0812786
0.0828728
0.0883045
0.0850401
0.0906321
0.0769244
0.0818933
0.074946
0.0801296
0.0839114
0.0897874
0.0782863
0.0843666
0.0744596
0.0799329
 46.1 ±  0.0 ms - Piece loop time
 46.2 ± 38.6 ms - Set time
 35.6 ±  1.7 ms - Child looking time
0.0724484
0.0767623
0.158897
913.5 ±  0.0 ms - Total time
778.0 ±  0.0 ms - Build f time
 28.8 ±  0.6 ms - Apply f time
619.9 ±  4.3 ms - Real f time 
177.9 ± 13.5 ms - Add time
  5.7 ±  0.3 ms - Find child
  8.2 ±  0.3 ms - Add child
151.3 ±  1.4 ms - Hash
138.6 ± 42.1 ms - Map
 36.0 ±  0.6 ms - getState
0.0740339
0.0789685
0.174273
1087.8 ±  0.0 ms - Total time
852.0 ±  0.0 ms - Build f time
 46.2 ±  0.7 ms - Apply f time
690.0 ±  4.5 ms - Real f time 
228.7 ± 14.7 ms - Add time
 10.2 ±  0.4 ms - Find child
 14.3 ±  0.4 ms - Add child
187.1 ±  1.5 ms - Hash
157.7 ± 42.1 ms - Map
 58.7 ±  0.7 ms - getState
0.0861757
0.093394
0.197154
1285.0 ±  0.0 ms - Total time
938.2 ±  0.0 ms - Build f time
 65.2 ±  1.0 ms - Apply f time
772.2 ±  4.8 ms - Real f time 
279.5 ± 14.7 ms - Add time
 15.7 ±  0.4 ms - Find child
 21.5 ±  0.5 ms - Add child
226.6 ±  1.6 ms - Hash
180.3 ± 42.0 ms - Map
 83.2 ±  1.0 ms - getState
0.0803624
0.0858151
0.186674
1471.7 ±  0.0 ms - Total time
1018.6 ±  0.0 ms - Build f time
 83.2 ±  1.1 ms - Apply f time
847.5 ±  4.9 ms - Real f time 
326.9 ± 14.7 ms - Add time
 20.8 ±  0.5 ms - Find child
 28.5 ±  0.6 ms - Add child
266.2 ±  2.0 ms - Hash
204.4 ± 42.1 ms - Map
106.0 ±  1.1 ms - getState
0.0721166
0.0766481
0.160227
1632.0 ±  0.0 ms - Total time
1090.7 ±  0.0 ms - Build f time
 98.0 ±  1.2 ms - Apply f time
914.3 ±  5.1 ms - Real f time 
368.4 ± 14.7 ms - Add time
 24.8 ±  0.6 ms - Find child
 34.0 ±  0.7 ms - Add child
300.7 ±  2.1 ms - Hash
220.3 ± 42.0 ms - Map
125.4 ±  1.1 ms - getState
0.0763368
0.0811657
0.174507
1806.7 ±  0.0 ms - Total time
1167.0 ±  0.0 ms - Build f time
114.2 ±  1.3 ms - Apply f time
992.0 ±  9.4 ms - Real f time 
411.7 ± 14.7 ms - Add time
 29.4 ±  0.6 ms - Find child
 40.9 ±  0.7 ms - Add child
336.0 ±  2.2 ms - Hash
242.6 ± 42.0 ms - Map
145.3 ±  1.2 ms - getState
0.0858311
0.0921045
0.205072
2011.8 ±  0.0 ms - Total time
1252.8 ±  0.0 ms - Build f time
133.6 ±  1.4 ms - Apply f time
1073.0 ±  9.5 ms - Real f time 
465.8 ± 14.8 ms - Add time
 35.0 ±  0.7 ms - Find child
 48.4 ±  0.8 ms - Add child
375.4 ±  2.3 ms - Hash
300.0 ± 54.7 ms - Map
175.5 ±  1.3 ms - getState
0.0889192
0.094193
0.193145
2205.0 ±  0.0 ms - Total time
1341.8 ±  0.0 ms - Build f time
150.7 ±  1.5 ms - Apply f time
1163.7 ± 12.5 ms - Real f time 
515.0 ± 14.8 ms - Add time
 40.4 ±  0.7 ms - Find child
 54.5 ±  0.8 ms - Add child
413.4 ±  2.4 ms - Hash
322.7 ± 54.7 ms - Map
198.0 ±  1.4 ms - getState
0.0811012
0.0862996
0.1826
2387.6 ±  0.0 ms - Total time
1422.9 ±  0.0 ms - Build f time
168.1 ±  1.5 ms - Apply f time
1239.1 ± 12.6 ms - Real f time 
575.5 ± 19.8 ms - Add time
 45.2 ±  0.8 ms - Find child
 61.4 ±  0.9 ms - Add child
449.9 ±  2.4 ms - Hash
342.8 ± 54.7 ms - Map
219.7 ±  1.4 ms - getState
Dag sizes: 139922 150210 174004 164712 139904 150235 173956 164882 159274 
brutePieces time: 1.63944
181.3 ±  0.0 ms - Piece loop time
 73.9 ± 37.7 ms - Set time
135.1 ±  4.6 ms - Child looking time
Nodes:  1417099
Pieces: 175025
makePieces time: 0.182952
Memory: 16.8 + 52.8 + 45.3 + 60.4 + 14.0 MB
 96.7 ± 76.4 ms - Greedy fill time
composePieces time: 3.5723
                                                                                