Running only task # 157
Using max depth 4
 |                                        | 0 / 416 (0.0%)Function count: 142
0.0153809
0.0163585
0.0226774
0.0239762
0.0386174
0.041356
0.0474311
0.0496688
0.0099461
0.0105989
0.0354611
0.0375993
0.0359485
0.0385954
0.0416751
0.044288
0.0418988
0.0444296
 51.9 ±  0.0 ms - Piece loop time
 43.7 ± 39.1 ms - Set time
 44.6 ±  1.2 ms - Child looking time
0.222633
0.234576
0.262283
569.4 ±  0.0 ms - Total time
511.7 ±  0.0 ms - Build f time
 19.1 ±  0.5 ms - Apply f time
466.2 ±  3.0 ms - Real f time 
 83.3 ±  1.3 ms - Add time
  5.7 ±  0.3 ms - Find child
  6.3 ±  0.3 ms - Add child
 99.5 ±  7.5 ms - Hash
108.1 ± 38.1 ms - Map
 18.3 ±  0.4 ms - getState
0.379667
0.402365
0.455175
1024.6 ±  0.0 ms - Total time
891.3 ±  0.0 ms - Build f time
 41.0 ±  0.7 ms - Apply f time
821.6 ±  3.9 ms - Real f time 
191.0 ± 41.2 ms - Add time
 13.7 ±  0.4 ms - Find child
 15.1 ±  0.5 ms - Add child
173.7 ±  7.5 ms - Hash
174.4 ± 38.0 ms - Map
 39.5 ±  0.6 ms - getState
0.742276
0.792748
0.942506
1967.2 ±  0.0 ms - Total time
1633.6 ±  0.0 ms - Build f time
 93.2 ±  1.4 ms - Apply f time
1506.1 ±  5.8 ms - Real f time 
334.3 ± 41.9 ms - Add time
 31.3 ±  1.0 ms - Find child
 36.9 ±  0.7 ms - Add child
324.4 ±  7.7 ms - Hash
310.0 ± 38.2 ms - Map
 93.1 ±  0.9 ms - getState
0.640657
0.678275
0.805641
2772.8 ±  0.0 ms - Total time
2274.3 ±  0.0 ms - Build f time
137.8 ±  1.6 ms - Apply f time
2095.7 ±  7.0 ms - Real f time 
455.0 ± 41.9 ms - Add time
 46.6 ±  1.1 ms - Find child
 55.6 ±  0.9 ms - Add child
457.3 ±  8.2 ms - Hash
432.8 ± 38.2 ms - Map
138.0 ±  1.2 ms - getState
0.106637
0.112671
0.123331
2896.2 ±  0.0 ms - Total time
2380.9 ±  0.0 ms - Build f time
143.1 ±  1.7 ms - Apply f time
2201.1 ±  7.1 ms - Real f time 
473.1 ± 41.9 ms - Add time
 48.5 ±  1.1 ms - Find child
 58.4 ±  1.1 ms - Add child
478.7 ±  8.2 ms - Hash
448.5 ± 38.2 ms - Map
142.9 ±  1.2 ms - getState
0.688221
0.729064
0.874303
3770.5 ±  0.0 ms - Total time
3069.1 ±  0.0 ms - Build f time
189.8 ±  1.9 ms - Apply f time
2825.2 ±  7.9 ms - Real f time 
598.7 ± 42.0 ms - Add time
 63.6 ±  1.2 ms - Find child
 77.3 ±  1.2 ms - Add child
621.3 ±  8.4 ms - Hash
574.9 ± 38.3 ms - Map
192.7 ±  2.3 ms - getState
0.729882
0.783803
0.935301
4705.9 ±  0.0 ms - Total time
3799.0 ±  0.0 ms - Build f time
243.3 ±  2.1 ms - Apply f time
3500.1 ±  8.7 ms - Real f time 
739.0 ± 42.0 ms - Add time
 81.0 ±  1.3 ms - Find child
 99.9 ±  1.3 ms - Add child
768.3 ±  8.5 ms - Hash
711.1 ± 38.4 ms - Map
247.5 ±  2.4 ms - getState
0.805718
0.858971
1.03492
5740.8 ±  0.0 ms - Total time
4604.7 ±  0.0 ms - Build f time
300.2 ±  2.2 ms - Apply f time
4234.2 ±  9.5 ms - Real f time 
899.0 ± 42.4 ms - Add time
100.3 ±  1.4 ms - Find child
124.5 ±  1.4 ms - Add child
932.0 ±  8.6 ms - Hash
871.5 ± 38.5 ms - Map
308.0 ±  2.7 ms - getState
0.849371
0.900825
1.09226
6833.2 ±  0.0 ms - Total time
5454.1 ±  0.0 ms - Build f time
362.0 ±  2.5 ms - Apply f time
4996.5 ± 10.2 ms - Real f time 
1059.5 ± 42.5 ms - Add time
119.7 ±  1.5 ms - Find child
150.2 ±  1.6 ms - Add child
1103.0 ±  8.8 ms - Hash
1046.3 ± 38.5 ms - Map
370.1 ±  2.9 ms - getState
Dag sizes: 107496 193392 440930 386075 47760 403116 455218 498048 532719 
brutePieces time: 6.53283
3122.0 ±  0.0 ms - Piece loop time
391.9 ± 16.5 ms - Set time
2522.9 ±  8.7 ms - Child looking time
Nodes:  3064754
Pieces: 60691
makePieces time: 3.12362
Memory: 21.8 + 257.1 + 98.1 + 86.8 + 76.7 MB
  1.8 ±  0.2 ms - Greedy fill time
composePieces time: 0.560556
                                                                                