Running only task # 235
Using max depth 4
 |                                        | 0 / 416 (0.0%)Function count: 142
0.117324
0.128716
0.122365
0.134259
0.129544
0.142997
0.129655
0.142467
 23.4 ±  0.0 ms - Piece loop time
 42.7 ± 37.1 ms - Set time
 16.1 ±  1.0 ms - Child looking time
3.09129
3.38302
6.55313
7101.7 ±  0.0 ms - Total time
3590.2 ±  0.0 ms - Build f time
591.3 ± 12.0 ms - Apply f time
3258.8 ± 15.8 ms - Real f time 
1460.1 ± 25.1 ms - Add time
171.4 ±  9.7 ms - Find child
233.6 ± 16.5 ms - Add child
1265.9 ±  9.5 ms - Hash
1320.5 ± 43.4 ms - Map
643.3 ±  2.8 ms - getState
3.1185
3.41288
6.62501
13726.8 ±  0.0 ms - Total time
6708.7 ±  0.0 ms - Build f time
1170.8 ± 13.8 ms - Apply f time
6193.9 ± 25.6 ms - Real f time 
2843.4 ± 34.4 ms - Add time
338.4 ±  9.8 ms - Find child
461.4 ± 16.6 ms - Add child
2478.0 ± 12.9 ms - Hash
2517.5 ± 44.6 ms - Map
1303.5 ±  4.5 ms - getState
3.48934
3.8482
7.73537
21462.2 ±  0.0 ms - Total time
10198.0 ±  0.0 ms - Build f time
1866.4 ± 21.8 ms - Apply f time
9507.9 ± 38.4 ms - Real f time 
4483.2 ± 41.2 ms - Add time
529.9 ±  9.9 ms - Find child
726.5 ± 16.8 ms - Add child
3871.9 ± 21.3 ms - Hash
3950.0 ± 45.5 ms - Map
2105.8 ± 19.0 ms - getState
3.44809
3.80231
7.61435
29076.6 ±  0.0 ms - Total time
13646.1 ±  0.0 ms - Build f time
2531.5 ± 22.1 ms - Apply f time
12797.6 ± 53.2 ms - Real f time 
6630.9 ± 437.5 ms - Add time
725.0 ± 10.7 ms - Find child
1008.3 ± 21.9 ms - Add child
5234.2 ± 22.0 ms - Hash
5352.4 ± 48.3 ms - Map
2880.1 ± 19.5 ms - getState
Dag sizes: 3854370 3999890 4828069 4731581 
brutePieces time: 28.5297
3616.8 ±  0.0 ms - Piece loop time
1539.6 ± 32.6 ms - Set time
1948.9 ± 18.8 ms - Child looking time
Nodes:  17413910
Pieces: 3923279
makePieces time: 3.62704
Memory: 226.7 + 709.4 + 557.2 + 412.8 + 173.3 MB
 39.5 ±  0.0 ms - Greedy fill time
composePieces time: 13.7047
                                                                                