Running only task # 399
Using max depth 3
 |                                        | 0 / 416 (0.0%)Function count: 142
0.0720189
0.0791769
0.0697982
0.0762246
0.0776927
0.0846466
 15.4 ±  0.0 ms - Piece loop time
 39.5 ± 35.2 ms - Set time
 11.2 ±  0.6 ms - Child looking time
0.0723272
0.0788442
0.131958
372.1 ±  0.0 ms - Total time
291.8 ±  0.0 ms - Build f time
 18.0 ±  0.4 ms - Apply f time
260.4 ±  3.2 ms - Real f time 
 67.3 ±  1.2 ms - Add time
  3.8 ±  0.2 ms - Find child
  4.8 ±  0.2 ms - Add child
 61.1 ±  0.8 ms - Hash
 65.4 ± 33.6 ms - Map
 18.6 ±  0.4 ms - getState
0.0727067
0.0792344
0.132931
505.1 ±  0.0 ms - Total time
364.5 ±  0.0 ms - Build f time
 29.2 ±  0.6 ms - Apply f time
333.1 ±  3.8 ms - Real f time 
 99.2 ±  2.2 ms - Add time
  6.6 ±  0.3 ms - Find child
  8.4 ±  0.3 ms - Add child
 85.7 ±  0.9 ms - Hash
 81.6 ± 33.6 ms - Map
 30.9 ±  0.5 ms - getState
0.0835706
0.0934071
0.153845
658.9 ±  0.0 ms - Total time
448.1 ±  0.0 ms - Build f time
 42.2 ±  0.7 ms - Apply f time
410.6 ±  4.1 ms - Real f time 
133.7 ±  2.3 ms - Add time
  9.8 ±  0.4 ms - Find child
 13.0 ±  0.4 ms - Add child
113.1 ±  1.1 ms - Hash
 97.2 ± 33.7 ms - Map
 45.7 ±  0.6 ms - getState
Dag sizes: 103435 102742 111923 
brutePieces time: 0.420914
 42.0 ±  0.0 ms - Piece loop time
 49.9 ± 38.3 ms - Set time
 28.5 ±  0.8 ms - Child looking time
Nodes:  318100
Pieces: 96826
makePieces time: 0.0430401
Memory: 3.6 + 11.4 + 10.2 + 17.7 + 3.3 MB
  0.9 ±  0.0 ms - Greedy fill time
composePieces time: 0.136673
                                                                                