Running only task # 303
Using max depth 4
 |                                        | 0 / 416 (0.0%)Function count: 142
0.150306
0.170989
0.133239
0.152655
0.108883
0.124727
0.135147
0.152493
 29.7 ±  0.0 ms - Piece loop time
 44.9 ± 38.6 ms - Set time
 22.6 ±  0.9 ms - Child looking time
4.09856
4.61218
7.22783
7828.8 ±  0.0 ms - Total time
4626.1 ±  0.0 ms - Build f time
524.5 ±  2.6 ms - Apply f time
4342.2 ± 16.9 ms - Real f time 
1674.5 ± 201.3 ms - Add time
111.3 ±  1.2 ms - Find child
163.9 ±  1.7 ms - Add child
1135.4 ±  4.4 ms - Hash
1180.6 ± 37.5 ms - Map
690.9 ±  5.9 ms - getState
3.79915
4.34466
7.09089
14919.8 ±  0.0 ms - Total time
8425.3 ±  0.0 ms - Build f time
1035.1 ±  4.5 ms - Apply f time
7859.1 ± 25.2 ms - Real f time 
3097.3 ± 202.1 ms - Add time
221.9 ±  1.8 ms - Find child
325.8 ±  3.3 ms - Add child
2205.2 ±  5.5 ms - Hash
2335.0 ± 39.0 ms - Map
1384.5 ±  7.2 ms - getState
2.99886
3.37612
5.2627
20182.5 ±  0.0 ms - Total time
11424.1 ±  0.0 ms - Build f time
1401.9 ±  5.0 ms - Apply f time
10607.7 ± 31.8 ms - Real f time 
4606.4 ± 579.6 ms - Add time
300.1 ±  2.0 ms - Find child
440.1 ±  3.6 ms - Add child
3040.7 ± 17.5 ms - Hash
3147.2 ± 39.7 ms - Map
1878.6 ± 11.4 ms - getState
3.81036
4.28404
6.75326
26935.8 ±  0.0 ms - Total time
15234.5 ±  0.0 ms - Build f time
1884.5 ±  5.8 ms - Apply f time
14132.3 ± 39.9 ms - Real f time 
5963.7 ± 582.6 ms - Add time
405.3 ±  2.4 ms - Find child
591.7 ±  3.9 ms - Add child
4133.2 ± 20.5 ms - Hash
4174.4 ± 40.1 ms - Map
2505.8 ± 12.0 ms - getState
Dag sizes: 3754706 3948774 2736933 3568706 
brutePieces time: 26.3363
4375.5 ±  0.0 ms - Piece loop time
1660.9 ± 22.5 ms - Set time
2576.2 ± 11.6 ms - Child looking time
Nodes:  14009119
Pieces: 3921042
makePieces time: 4.38571
Memory: 202.0 + 510.8 + 448.3 + 341.6 + 183.6 MB
 67.9 ±  0.0 ms - Greedy fill time
composePieces time: 13.9459
                                                                                