Running only task # 300
Using max depth 23
 |                                        | 0 / 416 (0.0%)Function count: 142
0.253637
0.276568
0.267576
0.290019
0.271527
0.297079
0.254499
0.278017
0.26938
0.291711
0.269685
0.293982
0.304497
0.332774
 32.4 ±  0.0 ms - Piece loop time
 57.2 ± 49.9 ms - Set time
 23.8 ±  1.2 ms - Child looking time
0.260922
0.282827
0.620773
2681.2 ±  0.0 ms - Total time
2151.7 ±  0.0 ms - Build f time
 81.1 ±  1.7 ms - Apply f time
1533.3 ± 19.2 ms - Real f time 
506.3 ± 16.4 ms - Add time
  7.5 ±  0.3 ms - Find child
 10.2 ±  0.4 ms - Add child
557.5 ±  4.3 ms - Hash
153.4 ± 41.0 ms - Map
129.9 ±  1.4 ms - getState
0.277423
0.299518
0.6584
3339.7 ±  0.0 ms - Total time
2429.1 ±  0.0 ms - Build f time
117.9 ±  1.8 ms - Apply f time
1759.8 ± 21.2 ms - Real f time 
691.6 ± 17.7 ms - Add time
 12.9 ±  0.4 ms - Find child
 17.4 ±  0.5 ms - Add child
725.3 ±  4.5 ms - Hash
188.2 ± 41.0 ms - Map
211.3 ±  1.7 ms - getState
0.27819
0.302572
0.674799
4014.5 ±  0.0 ms - Total time
2707.3 ±  0.0 ms - Build f time
157.5 ±  2.0 ms - Apply f time
1986.6 ± 23.1 ms - Real f time 
906.7 ± 34.5 ms - Add time
 18.7 ±  0.5 ms - Find child
 25.5 ±  0.6 ms - Add child
911.0 ± 16.5 ms - Hash
222.5 ± 41.1 ms - Map
294.4 ±  1.9 ms - getState
0.263708
0.286111
0.617136
4631.7 ±  0.0 ms - Total time
2971.0 ±  0.0 ms - Build f time
193.0 ±  2.1 ms - Apply f time
2203.2 ± 23.9 ms - Real f time 
1069.4 ± 34.6 ms - Add time
 24.0 ±  0.6 ms - Find child
 32.4 ±  0.6 ms - Add child
1065.4 ± 16.5 ms - Hash
253.8 ± 41.0 ms - Map
369.4 ±  2.0 ms - getState
0.277781
0.298883
0.655059
5286.8 ±  0.0 ms - Total time
3248.8 ±  0.0 ms - Build f time
230.0 ±  2.3 ms - Apply f time
2411.4 ± 24.3 ms - Real f time 
1250.8 ± 34.8 ms - Add time
 29.3 ±  0.6 ms - Find child
 40.4 ±  0.7 ms - Add child
1233.0 ± 16.5 ms - Hash
285.9 ± 41.1 ms - Map
449.9 ±  2.2 ms - getState
0.282058
0.307834
0.677551
5964.3 ±  0.0 ms - Total time
3530.9 ±  0.0 ms - Build f time
269.9 ±  2.4 ms - Apply f time
2629.1 ± 24.7 ms - Real f time 
1466.3 ± 42.1 ms - Add time
 35.0 ±  0.7 ms - Find child
 49.0 ±  0.8 ms - Add child
1406.9 ± 17.1 ms - Hash
319.9 ± 41.0 ms - Map
536.5 ±  3.0 ms - getState
0.326579
0.354221
0.785122
6749.5 ±  0.0 ms - Total time
3857.5 ±  0.0 ms - Build f time
312.1 ±  2.5 ms - Apply f time
2892.6 ± 25.7 ms - Real f time 
1684.3 ± 42.2 ms - Add time
 41.2 ±  0.7 ms - Find child
 57.7 ±  1.0 ms - Add child
1600.7 ± 17.1 ms - Hash
357.1 ± 41.0 ms - Map
635.1 ±  3.2 ms - getState
Dag sizes: 165045 169364 191477 165048 169412 191535 205959 
brutePieces time: 4.6925
130.2 ±  0.0 ms - Piece loop time
 52.8 ± 16.0 ms - Set time
 81.7 ±  1.8 ms - Child looking time
Nodes:  1257840
Pieces: 146324
makePieces time: 0.131232
Memory: 70.4 + 42.7 + 40.3 + 49.5 + 9.7 MB
447.0 ± 36.1 ms - Greedy fill time
composePieces time: 10.3155
                                                                                