Running only task # 293
Using max depth 4
 |                                        | 0 / 416 (0.0%)Function count: 142
0.110035
0.118593
0.131172
0.142121
0.139844
0.165253
0.181739
0.199373
 23.3 ±  0.0 ms - Piece loop time
 41.4 ± 35.8 ms - Set time
 17.7 ±  1.6 ms - Child looking time
3.0264
3.30261
6.40991
7035.4 ±  0.0 ms - Total time
3589.2 ±  0.0 ms - Build f time
497.5 ± 15.4 ms - Apply f time
3139.7 ± 13.8 ms - Real f time 
1505.3 ± 23.8 ms - Add time
111.1 ±  1.2 ms - Find child
163.6 ±  2.2 ms - Add child
1327.7 ±  4.2 ms - Hash
1029.1 ± 40.0 ms - Map
695.7 ±  6.2 ms - getState
3.77094
4.11752
8.24787
15283.3 ±  0.0 ms - Total time
7360.1 ±  0.0 ms - Build f time
1086.4 ± 19.2 ms - Apply f time
6474.9 ± 22.5 ms - Real f time 
3423.4 ± 51.4 ms - Add time
237.7 ±  1.9 ms - Find child
353.1 ±  3.4 ms - Add child
2996.2 ±  7.5 ms - Hash
2076.3 ± 40.8 ms - Map
1613.2 ± 11.4 ms - getState
4.15554
4.5739
9.22923
24512.6 ±  0.0 ms - Total time
11515.7 ±  0.0 ms - Build f time
1731.2 ± 19.5 ms - Apply f time
10164.1 ± 27.5 ms - Real f time 
5606.3 ± 92.5 ms - Add time
382.4 ±  8.1 ms - Find child
558.4 ±  4.0 ms - Add child
4825.0 ±  8.9 ms - Hash
3259.1 ± 42.6 ms - Map
2658.4 ± 15.9 ms - getState
4.8481
5.31763
11.3202
35832.8 ±  0.0 ms - Total time
16363.8 ±  0.0 ms - Build f time
2495.6 ± 20.2 ms - Apply f time
14409.5 ± 34.7 ms - Real f time 
8394.9 ± 97.8 ms - Add time
539.0 ±  8.2 ms - Find child
794.2 ±  4.5 ms - Add child
7204.1 ± 16.1 ms - Hash
4700.7 ± 112.5 ms - Map
3992.6 ± 16.4 ms - getState
Dag sizes: 3281904 3836199 4329563 4877640 
brutePieces time: 35.2093
3208.8 ±  0.0 ms - Piece loop time
2343.8 ± 1028.2 ms - Set time
1814.0 ± 11.3 ms - Child looking time
Nodes:  16325306
Pieces: 3669484
makePieces time: 3.21815
Memory: 390.8 + 613.0 + 522.4 + 395.4 + 156.6 MB
 67.8 ±  0.0 ms - Greedy fill time
composePieces time: 23.6374
                                                                                