Running only task # 326
Using max depth 3
 |                                        | 0 / 416 (0.0%)Function count: 142
0.0882126
0.0960282
0.103322
0.113188
0.0680255
0.0747868
0.116094
0.126955
 31.6 ±  0.0 ms - Piece loop time
 45.1 ± 35.9 ms - Set time
 22.0 ±  0.8 ms - Child looking time
0.0910382
0.0988012
0.161175
572.3 ±  0.0 ms - Total time
466.7 ±  0.0 ms - Build f time
 24.4 ±  0.6 ms - Apply f time
401.9 ±  4.4 ms - Real f time 
118.7 ± 13.2 ms - Add time
  4.1 ±  0.2 ms - Find child
  5.8 ±  0.3 ms - Add child
 84.1 ±  0.9 ms - Hash
 99.2 ± 36.9 ms - Map
 27.9 ±  0.5 ms - getState
0.10577
0.116159
0.194624
767.0 ±  0.0 ms - Total time
572.5 ±  0.0 ms - Build f time
 40.3 ±  0.7 ms - Apply f time
500.7 ±  4.8 ms - Real f time 
160.3 ± 13.2 ms - Add time
  8.4 ±  0.3 ms - Find child
 11.0 ±  0.4 ms - Add child
118.6 ±  1.1 ms - Hash
126.7 ± 36.9 ms - Map
 48.6 ±  0.6 ms - getState
0.069787
0.076724
0.12387
890.9 ±  0.0 ms - Total time
642.2 ±  0.0 ms - Build f time
 51.2 ±  0.9 ms - Apply f time
566.5 ±  5.0 ms - Real f time 
185.3 ± 13.2 ms - Add time
 11.3 ±  0.4 ms - Find child
 15.2 ±  0.4 ms - Add child
138.7 ±  1.2 ms - Hash
147.4 ± 36.9 ms - Map
 60.3 ±  0.7 ms - getState
0.11935
0.130003
0.216711
1107.6 ±  0.0 ms - Total time
761.6 ±  0.0 ms - Build f time
 67.2 ±  1.0 ms - Apply f time
678.1 ±  5.5 ms - Real f time 
245.5 ± 19.4 ms - Add time
 15.0 ±  0.4 ms - Find child
 20.6 ±  0.5 ms - Add child
176.1 ±  1.3 ms - Hash
174.4 ± 37.0 ms - Map
 82.7 ±  0.8 ms - getState
Dag sizes: 108185 129823 98215 126891 
brutePieces time: 0.699348
107.3 ±  0.0 ms - Piece loop time
 73.8 ± 40.3 ms - Set time
 68.2 ±  1.2 ms - Child looking time
Nodes:  463114
Pieces: 130023
makePieces time: 0.108578
Memory: 5.6 + 18.2 + 14.8 + 24.2 + 5.5 MB
  2.6 ±  0.0 ms - Greedy fill time
composePieces time: 0.408012
                                                                                