Running only task # 121
Using max depth 4
 |                                        | 0 / 416 (0.0%)Function count: 142
0.189031
0.207978
0.113201
0.122938
0.180966
0.201172
0.277066
0.309801
 13.5 ±  0.0 ms - Piece loop time
 45.2 ± 42.0 ms - Set time
 10.3 ±  0.6 ms - Child looking time
4.36158
4.793
6.35043
7192.5 ±  0.0 ms - Total time
5121.8 ±  0.0 ms - Build f time
340.9 ± 18.3 ms - Apply f time
3745.4 ± 39.4 ms - Real f time 
1250.5 ± 51.9 ms - Add time
 42.9 ±  0.7 ms - Find child
 57.7 ±  1.2 ms - Add child
1652.6 ± 16.7 ms - Hash
395.3 ± 38.1 ms - Map
591.5 ±  6.8 ms - getState
2.41347
2.61131
3.3797
10572.2 ±  0.0 ms - Total time
7535.3 ±  0.0 ms - Build f time
488.6 ± 18.5 ms - Apply f time
5608.5 ± 51.2 ms - Real f time 
1892.0 ± 106.1 ms - Add time
 65.6 ±  0.9 ms - Find child
 86.5 ±  1.4 ms - Add child
2442.6 ± 17.4 ms - Hash
563.0 ± 38.3 ms - Map
849.6 ±  7.2 ms - getState
4.59369
5.07907
6.94973
17522.0 ±  0.0 ms - Total time
12129.0 ±  0.0 ms - Build f time
857.9 ± 19.3 ms - Apply f time
9125.7 ± 58.2 ms - Real f time 
3103.6 ± 108.1 ms - Add time
119.4 ±  1.4 ms - Find child
162.8 ±  1.8 ms - Add child
3961.6 ± 19.7 ms - Hash
1012.4 ± 38.8 ms - Map
1514.3 ±  9.2 ms - getState
7.05638
7.85345
10.6166
28138.7 ±  0.0 ms - Total time
19185.4 ±  0.0 ms - Build f time
1398.1 ± 25.2 ms - Apply f time
14423.8 ± 80.1 ms - Real f time 
4866.2 ± 108.8 ms - Add time
183.9 ±  1.7 ms - Find child
254.3 ±  2.2 ms - Add child
6335.1 ± 23.1 ms - Hash
1606.4 ± 39.7 ms - Map
2567.7 ± 20.2 ms - getState
Dag sizes: 921602 488035 1359206 1595260 
brutePieces time: 27.2986
1337.3 ±  0.0 ms - Piece loop time
544.2 ± 113.8 ms - Set time
857.2 ±  5.3 ms - Child looking time
Nodes:  4364103
Pieces: 398088
makePieces time: 1.33977
Memory: 270.3 + 226.0 + 139.7 + 107.6 + 42.6 MB
 12.6 ±  0.0 ms - Greedy fill time
composePieces time: 0.691237
                                                                                