Running only task # 26
Using max depth 23
 |                                        | 0 / 416 (0.0%)Function count: 142
0.399566
0.440316
0.400245
0.441658
0.419059
0.470932
0.410083
0.460645
0.38095
0.421675
0.398303
0.440349
0.422642
0.474143
0.41187
0.460953
0.475676
0.538466
 99.6 ±  0.0 ms - Piece loop time
 39.4 ± 18.2 ms - Set time
 75.7 ±  2.3 ms - Child looking time
0.387363
0.43277
1.09521
5244.8 ±  0.0 ms - Total time
4105.8 ±  0.0 ms - Build f time
208.6 ±  2.6 ms - Apply f time
2999.2 ± 21.5 ms - Real f time 
1061.0 ±  7.9 ms - Add time
 16.5 ±  0.5 ms - Find child
 25.2 ±  0.6 ms - Add child
956.5 ±  3.7 ms - Hash
311.2 ± 48.1 ms - Map
296.9 ±  3.2 ms - getState
0.418939
0.459936
1.2182
6463.1 ±  0.0 ms - Total time
4524.7 ±  0.0 ms - Build f time
295.9 ±  2.9 ms - Apply f time
3345.1 ± 22.8 ms - Real f time 
1398.9 ±  8.6 ms - Add time
 30.8 ±  0.9 ms - Find child
 45.3 ±  0.7 ms - Add child
1238.5 ±  5.5 ms - Hash
406.2 ± 48.1 ms - Map
489.3 ±  3.6 ms - getState
0.430928
0.481061
1.21395
7677.1 ±  0.0 ms - Total time
4955.6 ±  0.0 ms - Build f time
379.3 ±  3.3 ms - Apply f time
3711.4 ± 23.6 ms - Real f time 
1752.6 ± 11.9 ms - Add time
 44.2 ±  1.0 ms - Find child
 63.8 ±  0.9 ms - Add child
1525.1 ±  7.3 ms - Hash
497.4 ± 48.1 ms - Map
669.0 ±  4.1 ms - getState
0.424309
0.474542
1.30189
8979.0 ±  0.0 ms - Total time
5379.9 ±  0.0 ms - Build f time
468.3 ±  3.5 ms - Apply f time
4080.0 ± 25.1 ms - Real f time 
2132.2 ± 12.5 ms - Add time
 58.4 ±  1.0 ms - Find child
 82.7 ±  1.0 ms - Add child
1817.4 ±  7.6 ms - Hash
603.7 ± 48.2 ms - Map
877.6 ±  4.7 ms - getState
0.400311
0.442733
1.10176
10080.8 ±  0.0 ms - Total time
5780.2 ±  0.0 ms - Build f time
540.5 ±  3.6 ms - Apply f time
4417.0 ± 27.1 ms - Real f time 
2489.5 ± 49.9 ms - Add time
 71.1 ±  1.1 ms - Find child
 99.1 ±  1.1 ms - Add child
2073.8 ±  8.1 ms - Hash
688.2 ± 48.2 ms - Map
1036.2 ±  5.3 ms - getState
0.413295
0.455825
1.20872
11289.6 ±  0.0 ms - Total time
6193.5 ±  0.0 ms - Build f time
627.1 ±  4.8 ms - Apply f time
4762.6 ± 27.6 ms - Real f time 
2836.4 ± 51.9 ms - Add time
 85.0 ±  1.2 ms - Find child
118.2 ±  1.2 ms - Add child
2361.6 ± 10.8 ms - Hash
786.1 ± 48.2 ms - Map
1216.6 ±  5.6 ms - getState
0.455581
0.508177
1.2567
12546.4 ±  0.0 ms - Total time
6649.1 ±  0.0 ms - Build f time
711.1 ±  4.9 ms - Apply f time
5149.2 ± 28.4 ms - Real f time 
3201.6 ± 54.1 ms - Add time
 99.0 ±  1.3 ms - Find child
137.6 ±  1.3 ms - Add child
2647.1 ± 11.0 ms - Hash
881.3 ± 48.2 ms - Map
1398.3 ±  5.9 ms - getState
0.43103
0.48173
1.31695
13863.4 ±  0.0 ms - Total time
7080.1 ±  0.0 ms - Build f time
801.9 ±  5.1 ms - Apply f time
5523.2 ± 29.4 ms - Real f time 
3583.3 ± 54.3 ms - Add time
114.2 ±  1.4 ms - Find child
158.7 ±  1.4 ms - Add child
2941.7 ± 11.6 ms - Hash
983.8 ± 48.2 ms - Map
1598.6 ±  6.9 ms - getState
0.481433
0.546424
1.40335
15266.8 ±  0.0 ms - Total time
7561.6 ±  0.0 ms - Build f time
899.0 ±  5.5 ms - Apply f time
5931.0 ± 30.3 ms - Real f time 
3992.5 ± 55.1 ms - Add time
129.3 ±  1.7 ms - Find child
179.5 ±  1.5 ms - Add child
3247.2 ± 11.7 ms - Hash
1088.4 ± 48.3 ms - Map
1813.4 ±  7.1 ms - getState
Dag sizes: 381129 418291 424731 468356 380936 418476 427876 466347 483772 
brutePieces time: 11.1208
511.9 ±  0.0 ms - Piece loop time
170.3 ± 17.1 ms - Set time
325.9 ±  3.7 ms - Child looking time
Nodes:  3869914
Pieces: 466029
makePieces time: 0.515879
