Running only task # 408
Using max depth 3
 |                                        | 0 / 416 (0.0%)Function count: 142
0.0718327
0.0783486
0.0697959
0.0745386
0.0710454
0.0766187
0.0723915
0.0778064
 15.1 ±  0.0 ms - Piece loop time
 44.4 ± 40.8 ms - Set time
 11.5 ±  0.8 ms - Child looking time
0.0742576
0.079303
0.13237
439.8 ±  0.0 ms - Total time
359.3 ±  0.0 ms - Build f time
 18.3 ±  0.5 ms - Apply f time
295.8 ±  3.1 ms - Real f time 
 79.3 ±  1.2 ms - Add time
  3.4 ±  0.2 ms - Find child
  4.8 ±  0.3 ms - Add child
 76.2 ±  0.9 ms - Hash
 88.0 ± 41.0 ms - Map
 21.8 ±  0.4 ms - getState
0.0706339
0.0755834
0.129752
569.6 ±  0.0 ms - Total time
430.0 ±  0.0 ms - Build f time
 29.5 ±  0.6 ms - Apply f time
360.6 ±  3.5 ms - Real f time 
109.6 ±  1.8 ms - Add time
  6.1 ±  0.3 ms - Find child
  9.3 ±  0.6 ms - Add child
103.9 ±  1.0 ms - Hash
101.1 ± 41.0 ms - Map
 36.1 ±  0.5 ms - getState
0.0739021
0.0797272
0.143485
713.2 ±  0.0 ms - Total time
503.9 ±  0.0 ms - Build f time
 42.0 ±  0.7 ms - Apply f time
428.3 ±  3.7 ms - Real f time 
140.5 ±  1.9 ms - Add time
  8.8 ±  0.3 ms - Find child
 13.8 ±  0.6 ms - Add child
131.2 ±  1.1 ms - Hash
119.9 ± 41.0 ms - Map
 51.7 ±  0.6 ms - getState
0.0772048
0.0828642
0.140553
853.8 ±  0.0 ms - Total time
581.1 ±  0.0 ms - Build f time
 52.9 ±  0.8 ms - Apply f time
498.0 ±  4.3 ms - Real f time 
170.3 ±  2.1 ms - Add time
 11.6 ±  0.4 ms - Find child
 17.7 ±  0.7 ms - Add child
160.8 ±  1.2 ms - Hash
137.6 ± 41.1 ms - Map
 66.0 ±  0.7 ms - getState
Dag sizes: 91973 89942 91497 89326 
brutePieces time: 0.549256
 55.4 ±  0.0 ms - Piece loop time
 52.0 ± 38.3 ms - Set time
 37.3 ±  1.2 ms - Child looking time
Nodes:  362738
Pieces: 82369
makePieces time: 0.0564477
Memory: 4.6 + 14.7 + 11.6 + 22.6 + 3.3 MB
  5.0 ±  0.0 ms - Greedy fill time
composePieces time: 0.407243
                                                                                