Running only task # 403
Using max depth 33
 |                                        | 0 / 416 (0.0%)Function count: 142
0.0302789
0.0324058
0.04334
0.0473021
0.0399682
0.0428795
0.0371626
0.0397555
0.0355179
0.0376438
0.0298219
0.0317327
0.0428178
0.0471501
0.0522116
0.055187
0.0354504
0.0380181
0.03535
0.0376022
0.0385475
0.0409176
 70.0 ±  0.0 ms - Piece loop time
 48.8 ± 39.9 ms - Set time
 57.0 ±  1.7 ms - Child looking time
0.029893
0.0316676
0.0353376
486.3 ±  0.0 ms - Total time
450.4 ±  0.0 ms - Build f time
 14.0 ±  0.9 ms - Apply f time
411.2 ±  2.8 ms - Real f time 
 74.9 ±  3.3 ms - Add time
  2.2 ±  0.2 ms - Find child
  3.0 ±  0.2 ms - Add child
 69.7 ±  1.0 ms - Hash
 91.4 ± 37.5 ms - Map
 11.7 ±  0.3 ms - getState
0.0479046
0.0531024
0.0644579
550.8 ±  0.0 ms - Total time
498.3 ±  0.0 ms - Build f time
 20.4 ±  0.9 ms - Apply f time
459.7 ±  3.0 ms - Real f time 
 85.3 ±  3.4 ms - Add time
  3.9 ±  0.2 ms - Find child
  5.6 ±  0.3 ms - Add child
 80.3 ±  1.6 ms - Hash
100.0 ± 37.5 ms - Map
 16.3 ±  0.4 ms - getState
0.0484601
0.0512779
0.0577639
608.6 ±  0.0 ms - Total time
546.7 ±  0.0 ms - Build f time
 23.9 ±  1.0 ms - Apply f time
505.6 ±  3.1 ms - Real f time 
 94.1 ±  3.4 ms - Add time
  5.2 ±  0.3 ms - Find child
  6.9 ±  0.3 ms - Add child
 89.7 ±  1.6 ms - Hash
106.5 ± 37.5 ms - Map
 19.0 ±  0.4 ms - getState
0.0346291
0.0367544
0.0414656
650.0 ±  0.0 ms - Total time
581.3 ±  0.0 ms - Build f time
 26.5 ±  1.0 ms - Apply f time
542.0 ±  3.7 ms - Real f time 
108.0 ±  8.0 ms - Add time
  5.9 ±  0.3 ms - Find child
  8.1 ±  0.3 ms - Add child
 97.2 ±  1.6 ms - Hash
111.1 ± 37.5 ms - Map
 20.6 ±  0.4 ms - getState
0.0417638
0.0438362
0.0501738
700.2 ±  0.0 ms - Total time
623.1 ±  0.0 ms - Build f time
 29.8 ±  1.0 ms - Apply f time
582.0 ±  3.8 ms - Real f time 
115.8 ±  8.0 ms - Add time
  7.2 ±  0.3 ms - Find child
  9.4 ±  0.4 ms - Add child
105.2 ±  1.6 ms - Hash
116.8 ± 37.5 ms - Map
 22.8 ±  0.4 ms - getState
0.0369379
0.0388506
0.0429593
743.2 ±  0.0 ms - Total time
660.0 ±  0.0 ms - Build f time
 31.9 ±  1.0 ms - Apply f time
617.9 ±  3.9 ms - Real f time 
122.1 ±  8.0 ms - Add time
  7.9 ±  0.3 ms - Find child
 10.2 ±  0.4 ms - Add child
111.3 ±  1.7 ms - Hash
121.8 ± 37.5 ms - Map
 24.3 ±  0.5 ms - getState
0.0513901
0.0548492
0.0617701
805.0 ±  0.0 ms - Total time
711.4 ±  0.0 ms - Build f time
 35.5 ±  1.0 ms - Apply f time
666.5 ±  4.0 ms - Real f time 
132.2 ±  8.0 ms - Add time
  8.9 ±  0.3 ms - Find child
 12.0 ±  0.4 ms - Add child
120.7 ±  1.7 ms - Hash
129.9 ± 37.5 ms - Map
 27.0 ±  0.5 ms - getState
0.0449317
0.0479105
0.0545611
859.6 ±  0.0 ms - Total time
756.4 ±  0.0 ms - Build f time
 38.9 ±  1.1 ms - Apply f time
708.6 ±  4.1 ms - Real f time 
141.3 ±  8.0 ms - Add time
 10.2 ±  0.4 ms - Find child
 13.6 ±  0.4 ms - Add child
130.6 ±  1.8 ms - Hash
136.4 ± 37.5 ms - Map
 29.5 ±  0.5 ms - getState
0.0356104
0.0377844
0.0426292
902.2 ±  0.0 ms - Total time
792.0 ±  0.0 ms - Build f time
 41.4 ±  1.1 ms - Apply f time
742.0 ±  4.1 ms - Real f time 
147.5 ±  8.0 ms - Add time
 11.1 ±  0.4 ms - Find child
 14.5 ±  0.4 ms - Add child
137.3 ±  1.8 ms - Hash
141.5 ± 37.5 ms - Map
 31.4 ±  0.5 ms - getState
0.0362555
0.0383365
0.0433567
945.6 ±  0.0 ms - Total time
828.2 ±  0.0 ms - Build f time
 43.9 ±  1.1 ms - Apply f time
777.8 ±  4.2 ms - Real f time 
154.6 ±  8.0 ms - Add time
 12.2 ±  0.4 ms - Find child
 15.9 ±  0.5 ms - Add child
145.2 ±  1.8 ms - Hash
146.8 ± 37.5 ms - Map
 33.5 ±  0.6 ms - getState
0.0393469
0.041553
0.0474569
993.1 ±  0.0 ms - Total time
867.6 ±  0.0 ms - Build f time
 47.1 ±  1.1 ms - Apply f time
814.8 ±  4.3 ms - Real f time 
162.0 ±  8.0 ms - Add time
 13.1 ±  0.4 ms - Find child
 17.2 ±  0.5 ms - Add child
153.4 ±  1.8 ms - Hash
151.9 ± 37.5 ms - Map
 36.0 ±  0.6 ms - getState
Dag sizes: 16486 27380 26867 20228 21301 16455 27637 27043 20133 21193 24305 
brutePieces time: 0.548949
 99.0 ±  0.0 ms - Piece loop time
 43.0 ± 34.9 ms - Set time
 82.9 ±  1.8 ms - Child looking time
Nodes:  249028
Pieces: 6795
makePieces time: 0.0998407
Memory: 1.4 + 22.9 + 8.0 + 50.1 + 3.6 MB
  0.8 ±  0.0 ms - Greedy fill time
composePieces time: 0.0539631
                                                                                