Running only task # 330
Using max depth 33
 |                                        | 0 / 416 (0.0%)Function count: 142
0.145661
0.160406
0.149657
0.162022
0.134353
0.14774
0.145412
0.158199
0.133232
0.145557
0.134467
0.147295
0.141419
0.154851
 43.7 ±  0.0 ms - Piece loop time
 55.6 ± 45.7 ms - Set time
 31.0 ±  1.5 ms - Child looking time
0.132448
0.145054
0.343528
1419.9 ±  0.0 ms - Total time
1116.6 ±  0.0 ms - Build f time
 69.3 ±  1.7 ms - Apply f time
868.9 ±  6.4 ms - Real f time 
319.3 ± 12.5 ms - Add time
 10.8 ±  0.4 ms - Find child
 15.4 ±  0.4 ms - Add child
213.0 ±  2.5 ms - Hash
181.6 ± 39.7 ms - Map
 87.8 ±  3.2 ms - getState
0.13058
0.142222
0.332157
1752.1 ±  0.0 ms - Total time
1247.2 ±  0.0 ms - Build f time
102.4 ±  1.8 ms - Apply f time
990.3 ±  6.7 ms - Real f time 
411.5 ± 12.7 ms - Add time
 20.1 ±  0.5 ms - Find child
 28.5 ±  0.6 ms - Add child
279.0 ±  2.6 ms - Hash
219.4 ± 39.7 ms - Map
133.8 ±  3.3 ms - getState
0.134305
0.147089
0.348478
2100.6 ±  0.0 ms - Total time
1381.5 ±  0.0 ms - Build f time
137.4 ±  1.9 ms - Apply f time
1117.7 ±  7.0 ms - Real f time 
503.5 ± 12.7 ms - Add time
 30.1 ±  0.6 ms - Find child
 42.3 ±  0.7 ms - Add child
346.6 ±  2.8 ms - Hash
265.5 ± 39.6 ms - Map
180.7 ±  3.4 ms - getState
0.133093
0.145643
0.340984
2441.7 ±  0.0 ms - Total time
1514.6 ±  0.0 ms - Build f time
170.4 ±  2.1 ms - Apply f time
1243.3 ±  7.2 ms - Real f time 
590.9 ± 12.8 ms - Add time
 40.3 ±  0.8 ms - Find child
 54.6 ±  0.8 ms - Add child
410.3 ±  2.9 ms - Hash
317.1 ± 39.6 ms - Map
224.7 ±  3.5 ms - getState
0.133877
0.14625
0.357705
2799.4 ±  0.0 ms - Total time
1648.5 ±  0.0 ms - Build f time
203.3 ±  2.2 ms - Apply f time
1366.7 ±  7.5 ms - Real f time 
683.8 ± 12.8 ms - Add time
 49.8 ±  0.8 ms - Find child
 67.8 ±  0.9 ms - Add child
492.3 ± 16.9 ms - Hash
374.8 ± 39.6 ms - Map
290.5 ± 17.8 ms - getState
0.137228
0.150086
0.355098
3154.6 ±  0.0 ms - Total time
1785.7 ±  0.0 ms - Build f time
237.2 ±  2.3 ms - Apply f time
1496.3 ±  7.8 ms - Real f time 
772.3 ± 12.9 ms - Add time
 59.4 ±  0.9 ms - Find child
 81.3 ±  1.0 ms - Add child
559.7 ± 17.0 ms - Hash
429.1 ± 39.6 ms - Map
339.2 ± 18.0 ms - getState
0.138761
0.152605
0.375537
3530.2 ±  0.0 ms - Total time
1924.5 ±  0.0 ms - Build f time
273.9 ±  2.5 ms - Apply f time
1628.4 ±  8.0 ms - Real f time 
868.7 ± 13.0 ms - Add time
 69.1 ±  1.0 ms - Find child
 94.7 ±  1.1 ms - Add child
626.0 ± 17.0 ms - Hash
485.9 ± 39.7 ms - Map
389.9 ± 18.0 ms - getState
Dag sizes: 275736 280182 274961 265997 281077 275237 293968 
brutePieces time: 2.45668
211.1 ±  0.0 ms - Piece loop time
110.8 ± 40.3 ms - Set time
127.4 ±  2.0 ms - Child looking time
Nodes:  1947158
Pieces: 267671
makePieces time: 0.213458
Memory: 26.3 + 69.4 + 62.3 + 60.5 + 16.5 MB
 14.2 ±  0.6 ms - Greedy fill time
composePieces time: 4.30095
                                                                                