Running only task # 370
Using max depth 23
 |                                        | 0 / 416 (0.0%)Function count: 142
0.0639346
0.0679692
0.0647051
0.0685543
0.0800278
0.0854873
0.0620855
0.0660344
0.0629603
0.0666808
0.0764914
0.0816401
0.0769824
0.0823925
 26.9 ±  0.0 ms - Piece loop time
 45.3 ± 40.9 ms - Set time
 21.4 ±  1.0 ms - Child looking time
0.0656372
0.0694775
0.108655
627.7 ±  0.0 ms - Total time
552.8 ±  0.0 ms - Build f time
 18.6 ±  0.8 ms - Apply f time
473.0 ±  5.2 ms - Real f time 
 96.9 ±  1.6 ms - Add time
  3.5 ±  0.2 ms - Find child
  4.2 ±  0.2 ms - Add child
100.0 ±  2.1 ms - Hash
 92.7 ± 37.2 ms - Map
 21.2 ±  0.5 ms - getState
0.066977
0.07086
0.115629
743.3 ±  0.0 ms - Total time
619.8 ±  0.0 ms - Build f time
 26.7 ±  0.9 ms - Apply f time
535.2 ±  5.7 ms - Real f time 
119.0 ±  1.7 ms - Add time
  6.1 ±  0.3 ms - Find child
  7.0 ±  0.3 ms - Add child
122.2 ±  2.2 ms - Hash
108.2 ± 37.2 ms - Map
 31.9 ±  0.6 ms - getState
0.0815158
0.08689
0.144256
887.6 ±  0.0 ms - Total time
701.3 ±  0.0 ms - Build f time
 37.5 ±  1.0 ms - Apply f time
611.7 ±  6.0 ms - Real f time 
149.4 ±  1.9 ms - Add time
  9.3 ±  0.3 ms - Find child
 10.9 ±  0.4 ms - Add child
149.8 ±  2.2 ms - Hash
128.3 ± 37.2 ms - Map
 45.3 ±  0.7 ms - getState
0.0661698
0.0702196
0.112582
1000.3 ±  0.0 ms - Total time
767.5 ±  0.0 ms - Build f time
 45.6 ±  1.0 ms - Apply f time
670.0 ±  6.1 ms - Real f time 
187.5 ± 15.5 ms - Add time
 11.8 ±  0.4 ms - Find child
 13.9 ±  0.5 ms - Add child
172.6 ±  2.6 ms - Hash
142.8 ± 37.2 ms - Map
 54.8 ±  0.7 ms - getState
0.0669428
0.0709019
0.116073
1126.5 ±  0.0 ms - Total time
834.4 ±  0.0 ms - Build f time
 53.3 ±  1.1 ms - Apply f time
730.6 ±  6.4 ms - Real f time 
212.5 ± 15.6 ms - Add time
 14.4 ±  0.5 ms - Find child
 16.7 ±  0.5 ms - Add child
195.0 ±  2.7 ms - Hash
158.5 ± 37.3 ms - Map
 66.5 ±  1.2 ms - getState
0.0829835
0.0886653
0.146933
1273.5 ±  0.0 ms - Total time
917.4 ±  0.0 ms - Build f time
 63.9 ±  1.1 ms - Apply f time
802.2 ±  6.5 ms - Real f time 
242.8 ± 15.6 ms - Add time
 17.5 ±  0.6 ms - Find child
 20.6 ±  0.6 ms - Add child
221.6 ±  2.7 ms - Hash
177.3 ± 37.2 ms - Map
 80.4 ±  1.2 ms - getState
0.0816139
0.0872657
0.142873
1416.4 ±  0.0 ms - Total time
999.0 ±  0.0 ms - Build f time
 74.2 ±  1.2 ms - Apply f time
877.1 ±  6.8 ms - Real f time 
297.6 ± 30.1 ms - Add time
 20.3 ±  0.6 ms - Find child
 24.3 ±  0.6 ms - Add child
247.5 ±  2.7 ms - Hash
194.5 ± 37.2 ms - Map
 93.9 ±  1.3 ms - getState
Dag sizes: 63222 67625 91006 63222 67625 90965 86481 
brutePieces time: 0.902977
 83.1 ±  0.0 ms - Piece loop time
 56.0 ± 37.4 ms - Set time
 59.7 ±  2.2 ms - Child looking time
Nodes:  530146
Pieces: 79335
makePieces time: 0.0845372
Memory: 6.7 + 22.1 + 17.0 + 37.8 + 5.2 MB
 22.2 ±  3.6 ms - Greedy fill time
composePieces time: 1.26907
                                                                                