Running only task # 94
Using max depth 23
 |                                        | 0 / 416 (0.0%)Function count: 142
0.0523853
0.0578214
0.0808025
0.0895339
0.0704708
0.0776995
0.0522642
0.0573686
0.0769412
0.0854817
0.0666007
0.0737251
0.0756065
0.0837782
 76.5 ±  0.0 ms - Piece loop time
 47.3 ± 35.9 ms - Set time
 62.1 ±  1.5 ms - Child looking time
0.0482259
0.0528543
0.0917346
617.4 ±  0.0 ms - Total time
523.3 ±  0.0 ms - Build f time
 29.4 ±  0.6 ms - Apply f time
451.6 ±  3.2 ms - Real f time 
130.5 ±  2.6 ms - Add time
  6.3 ±  0.3 ms - Find child
  8.3 ±  0.3 ms - Add child
 76.7 ±  0.9 ms - Hash
124.7 ± 37.7 ms - Map
 34.1 ±  7.9 ms - getState
0.082514
0.0906551
0.18168
799.1 ±  0.0 ms - Total time
605.8 ±  0.0 ms - Build f time
 50.3 ±  0.8 ms - Apply f time
534.5 ±  3.4 ms - Real f time 
177.0 ±  3.0 ms - Add time
 14.1 ±  0.4 ms - Find child
 18.0 ±  0.5 ms - Add child
105.8 ±  1.1 ms - Hash
157.8 ± 37.7 ms - Map
 55.7 ±  7.9 ms - getState
0.0785921
0.0857805
0.151685
950.9 ±  0.0 ms - Total time
684.4 ±  0.0 ms - Build f time
 66.0 ±  0.9 ms - Apply f time
609.6 ±  3.6 ms - Real f time 
212.6 ±  3.1 ms - Add time
 19.6 ±  0.5 ms - Find child
 26.5 ±  0.6 ms - Add child
127.0 ±  1.2 ms - Hash
186.0 ± 37.6 ms - Map
 71.3 ±  7.9 ms - getState
0.0552309
0.060207
0.102329
1053.3 ±  0.0 ms - Total time
739.6 ±  0.0 ms - Build f time
 77.2 ±  0.9 ms - Apply f time
663.8 ±  3.7 ms - Real f time 
235.6 ±  3.2 ms - Add time
 23.7 ±  0.6 ms - Find child
 32.3 ±  0.7 ms - Add child
142.1 ±  1.3 ms - Hash
207.6 ± 37.6 ms - Map
 81.0 ±  7.9 ms - getState
0.083675
0.0921139
0.190761
1244.1 ±  0.0 ms - Total time
823.3 ±  0.0 ms - Build f time
 98.7 ±  1.1 ms - Apply f time
745.1 ±  3.9 ms - Real f time 
281.9 ±  3.3 ms - Add time
 31.6 ±  0.6 ms - Find child
 42.1 ±  0.8 ms - Add child
169.8 ±  1.4 ms - Hash
246.9 ± 37.6 ms - Map
102.7 ±  7.9 ms - getState
0.067925
0.0749494
0.145347
1389.5 ±  0.0 ms - Total time
891.2 ±  0.0 ms - Build f time
115.6 ±  1.2 ms - Apply f time
814.1 ±  4.0 ms - Real f time 
395.7 ± 79.1 ms - Add time
 37.1 ±  0.7 ms - Find child
 51.0 ±  0.8 ms - Add child
189.9 ±  1.5 ms - Hash
281.5 ± 37.7 ms - Map
117.4 ±  7.9 ms - getState
0.0737717
0.0825185
0.154835
1544.4 ±  0.0 ms - Total time
965.0 ±  0.0 ms - Build f time
132.7 ±  1.3 ms - Apply f time
889.3 ±  4.2 ms - Real f time 
431.5 ± 79.1 ms - Add time
 43.1 ±  0.7 ms - Find child
 58.9 ±  0.9 ms - Add child
212.3 ±  1.6 ms - Hash
314.6 ± 37.7 ms - Map
134.0 ±  7.9 ms - getState
Dag sizes: 97605 197835 155673 98384 193664 154787 156338 
brutePieces time: 1.02369
290.2 ±  0.0 ms - Piece loop time
112.8 ± 43.7 ms - Set time
202.8 ±  2.8 ms - Child looking time
Nodes:  1054286
Pieces: 233248
makePieces time: 0.292252
Memory: 5.6 + 46.5 + 33.7 + 46.2 + 15.5 MB
  8.0 ±  0.4 ms - Greedy fill time
composePieces time: 2.60812
                                                                                