Running only task # 106
Using max depth 3
 |                                        | 0 / 416 (0.0%)Function count: 142
0.171221
0.187438
0.151421
0.169903
0.146096
0.15669
0.184554
0.208916
 30.4 ±  0.0 ms - Piece loop time
660.2 ± 652.8 ms - Set time
 22.2 ±  1.1 ms - Child looking time
0.172311
0.188339
0.349907
1073.0 ±  0.0 ms - Total time
825.6 ±  0.0 ms - Build f time
 48.9 ±  1.1 ms - Apply f time
684.6 ± 16.2 ms - Real f time 
262.7 ± 58.8 ms - Add time
  6.3 ±  0.3 ms - Find child
  9.8 ±  0.3 ms - Add child
173.5 ±  1.7 ms - Hash
107.1 ± 37.0 ms - Map
 66.7 ±  1.1 ms - getState
0.153673
0.168319
0.305397
1378.4 ±  0.0 ms - Total time
979.3 ±  0.0 ms - Build f time
 71.0 ±  1.3 ms - Apply f time
822.2 ± 16.4 ms - Real f time 
339.7 ± 58.8 ms - Add time
 11.1 ±  0.4 ms - Find child
 16.1 ±  0.4 ms - Add child
237.5 ±  1.8 ms - Hash
132.4 ± 37.0 ms - Map
103.4 ±  1.3 ms - getState
0.132627
0.143286
0.254261
1632.8 ±  0.0 ms - Total time
1111.9 ±  0.0 ms - Build f time
 89.3 ±  1.3 ms - Apply f time
943.3 ± 16.6 ms - Real f time 
396.9 ± 58.8 ms - Add time
 15.6 ±  0.4 ms - Find child
 22.8 ±  0.5 ms - Add child
284.7 ±  2.0 ms - Hash
156.0 ± 37.0 ms - Map
134.7 ±  2.0 ms - getState
0.191157
0.207756
0.392827
2025.6 ±  0.0 ms - Total time
1303.1 ±  0.0 ms - Build f time
115.4 ±  1.5 ms - Apply f time
1108.2 ± 16.9 ms - Real f time 
495.7 ± 58.8 ms - Add time
 20.8 ±  0.5 ms - Find child
 29.8 ±  0.6 ms - Add child
367.2 ±  2.2 ms - Hash
186.1 ± 37.0 ms - Map
186.9 ±  3.3 ms - getState
Dag sizes: 192602 164493 136997 198082 
brutePieces time: 1.30441
112.9 ±  0.0 ms - Piece loop time
 43.0 ± 15.2 ms - Set time
 78.8 ±  1.4 ms - Child looking time
Nodes:  692174
Pieces: 166696
makePieces time: 0.113678
Memory: 14.6 + 23.5 + 22.1 + 27.9 + 6.9 MB
 10.1 ±  0.0 ms - Greedy fill time
composePieces time: 1.09711
                                                                                