Running only task # 31
Using max depth 23
 |                                        | 0 / 416 (0.0%)Function count: 142
0.0875375
0.0960502
0.0860859
0.0943631
0.0744132
0.0813012
0.0866621
0.0947521
0.0854109
0.0935384
0.0705501
0.0772631
0.121253
0.132183
 28.4 ±  0.0 ms - Piece loop time
 41.6 ± 36.4 ms - Set time
 22.5 ±  1.1 ms - Child looking time
0.0880052
0.0957474
0.179515
849.3 ±  0.0 ms - Total time
699.9 ±  0.0 ms - Build f time
 34.4 ±  0.7 ms - Apply f time
550.6 ±  4.6 ms - Real f time 
152.9 ±  5.5 ms - Add time
  4.9 ±  0.2 ms - Find child
  6.6 ±  0.3 ms - Add child
146.0 ±  1.2 ms - Hash
 95.8 ± 37.4 ms - Map
 42.3 ±  0.6 ms - getState
0.0919207
0.0995997
0.188579
1037.9 ±  0.0 ms - Total time
791.8 ±  0.0 ms - Build f time
 49.1 ±  0.8 ms - Apply f time
627.4 ±  4.9 ms - Real f time 
199.4 ±  5.6 ms - Add time
  8.3 ±  0.3 ms - Find child
 11.6 ±  0.4 ms - Add child
185.6 ±  1.3 ms - Hash
114.3 ± 37.5 ms - Map
 65.2 ±  0.8 ms - getState
0.0772828
0.0839635
0.153486
1191.4 ±  0.0 ms - Total time
869.1 ±  0.0 ms - Build f time
 62.2 ±  0.9 ms - Apply f time
697.2 ±  5.1 ms - Real f time 
235.9 ±  5.7 ms - Add time
 11.2 ±  0.4 ms - Find child
 16.2 ±  0.5 ms - Add child
215.8 ±  1.4 ms - Hash
128.5 ± 37.5 ms - Map
 82.9 ±  0.9 ms - getState
0.0992246
0.10723
0.190607
1382.1 ±  0.0 ms - Total time
968.3 ±  0.0 ms - Build f time
 76.4 ±  1.0 ms - Apply f time
784.7 ±  5.4 ms - Real f time 
277.9 ±  5.8 ms - Add time
 14.8 ±  0.4 ms - Find child
 21.1 ±  0.6 ms - Add child
254.3 ±  1.6 ms - Hash
146.9 ± 37.5 ms - Map
102.8 ±  1.0 ms - getState
0.0978654
0.106003
0.197841
1580.0 ±  0.0 ms - Total time
1066.2 ±  0.0 ms - Build f time
 92.0 ±  1.1 ms - Apply f time
872.4 ±  5.7 ms - Real f time 
335.7 ± 13.7 ms - Add time
 18.7 ±  0.5 ms - Find child
 26.4 ±  0.6 ms - Add child
294.4 ±  1.7 ms - Hash
166.0 ± 37.5 ms - Map
125.4 ±  1.1 ms - getState
0.0748108
0.0815298
0.161278
1741.3 ±  0.0 ms - Total time
1141.0 ±  0.0 ms - Build f time
106.5 ±  1.2 ms - Apply f time
943.4 ±  6.1 ms - Real f time 
409.6 ± 36.5 ms - Add time
 22.8 ±  0.7 ms - Find child
 31.3 ±  0.7 ms - Add child
323.6 ±  1.8 ms - Hash
187.0 ± 37.5 ms - Map
144.8 ±  1.1 ms - getState
0.145714
0.163454
0.315942
2057.3 ±  0.0 ms - Total time
1286.7 ±  0.0 ms - Build f time
134.7 ±  2.6 ms - Apply f time
1072.8 ±  6.6 ms - Real f time 
483.0 ± 36.5 ms - Add time
 28.1 ±  0.8 ms - Find child
 38.3 ±  0.7 ms - Add child
383.2 ±  2.0 ms - Hash
215.8 ± 37.5 ms - Map
184.4 ±  1.3 ms - getState
Dag sizes: 105399 115865 107259 105389 115741 106940 137351 
brutePieces time: 1.39332
113.7 ±  0.0 ms - Piece loop time
 77.1 ± 46.9 ms - Set time
 78.2 ±  2.2 ms - Child looking time
Nodes:  793944
Pieces: 112794
makePieces time: 0.115234
Memory: 14.0 + 30.0 + 25.4 + 42.1 + 7.3 MB
 34.6 ±  3.0 ms - Greedy fill time
composePieces time: 2.56632
                                                                                