Running only task # 109
Using max depth 33
 |                                        | 0 / 416 (0.0%)Function count: 142
0.094547
0.100947
0.0857808
0.0946626
0.113639
0.120373
0.0907704
0.09682
0.0903736
0.0961425
0.106208
0.113069
0.117483
0.123747
 32.5 ±  0.0 ms - Piece loop time
 44.7 ± 36.7 ms - Set time
 24.0 ±  1.4 ms - Child looking time
0.0952553
0.101309
0.179988
926.1 ±  0.0 ms - Total time
794.1 ±  0.0 ms - Build f time
 28.1 ±  0.6 ms - Apply f time
612.5 ±  6.0 ms - Real f time 
151.8 ±  2.3 ms - Add time
  4.2 ±  0.2 ms - Find child
  6.0 ±  0.3 ms - Add child
157.8 ±  1.8 ms - Hash
117.0 ± 42.0 ms - Map
 35.5 ±  0.6 ms - getState
0.0878721
0.0935648
0.163608
1089.8 ±  0.0 ms - Total time
881.9 ±  0.0 ms - Build f time
 39.5 ±  0.7 ms - Apply f time
688.2 ±  6.2 ms - Real f time 
186.4 ±  2.4 ms - Add time
  6.9 ±  0.3 ms - Find child
  9.6 ±  0.3 ms - Add child
191.5 ±  1.9 ms - Hash
137.3 ± 42.0 ms - Map
 52.5 ±  0.7 ms - getState
0.115969
0.12279
0.216824
1306.7 ±  0.0 ms - Total time
997.9 ±  0.0 ms - Build f time
 53.5 ±  0.8 ms - Apply f time
784.3 ±  6.5 ms - Real f time 
232.5 ±  2.6 ms - Add time
 10.1 ±  0.4 ms - Find child
 13.9 ±  0.4 ms - Add child
237.7 ±  2.0 ms - Hash
161.2 ± 42.0 ms - Map
 76.6 ±  0.8 ms - getState
0.0994589
0.105566
0.177352
1484.0 ±  0.0 ms - Total time
1097.3 ±  0.0 ms - Build f time
 66.0 ±  0.9 ms - Apply f time
866.3 ±  6.8 ms - Real f time 
272.3 ±  2.8 ms - Add time
 12.9 ±  0.4 ms - Find child
 18.2 ±  0.5 ms - Add child
275.0 ±  2.1 ms - Hash
176.7 ± 42.0 ms - Map
 95.5 ±  0.9 ms - getState
0.087762
0.0935696
0.16024
1644.3 ±  0.0 ms - Total time
1185.1 ±  0.0 ms - Build f time
 76.5 ±  1.0 ms - Apply f time
941.8 ±  6.9 ms - Real f time 
308.5 ±  2.9 ms - Add time
 15.7 ±  0.4 ms - Find child
 21.9 ±  0.5 ms - Add child
308.4 ±  2.2 ms - Hash
192.3 ± 42.0 ms - Map
111.9 ±  0.9 ms - getState
0.11106
0.117676
0.205626
1850.0 ±  0.0 ms - Total time
1296.2 ±  0.0 ms - Build f time
 90.4 ±  1.1 ms - Apply f time
1035.4 ±  7.2 ms - Real f time 
353.2 ±  3.1 ms - Add time
 19.0 ±  0.5 ms - Find child
 26.4 ±  0.6 ms - Add child
353.7 ±  2.3 ms - Hash
209.8 ± 42.0 ms - Map
135.2 ±  1.2 ms - getState
0.117446
0.123632
0.211359
2061.4 ±  0.0 ms - Total time
1413.6 ±  0.0 ms - Build f time
103.9 ±  1.1 ms - Apply f time
1134.7 ±  7.7 ms - Real f time 
400.5 ±  3.2 ms - Add time
 22.5 ±  0.5 ms - Find child
 31.0 ±  0.8 ms - Add child
399.5 ±  2.3 ms - Hash
227.3 ± 42.0 ms - Map
156.7 ±  1.2 ms - getState
Dag sizes: 94479 91683 99276 96118 90004 98331 101540 
brutePieces time: 1.32023
 84.5 ±  0.0 ms - Piece loop time
 54.1 ± 35.4 ms - Set time
 62.5 ±  2.3 ms - Child looking time
Nodes:  671431
Pieces: 85483
makePieces time: 0.0859427
Memory: 12.6 + 26.6 + 21.5 + 40.1 + 5.5 MB
 57.9 ±  2.4 ms - Greedy fill time
composePieces time: 3.47891
                                                                                