Running only task # 385
Using max depth 23
 |                                        | 0 / 416 (0.0%)Function count: 142
0.294806
0.325163
0.245594
0.269641
0.260301
0.289713
0.278278
0.307387
0.237869
0.261513
0.262668
0.291462
0.303169
0.339051
 72.7 ±  0.0 ms - Piece loop time
 53.5 ± 37.5 ms - Set time
 51.2 ±  1.7 ms - Child looking time
0.276328
0.305847
0.733494
2817.8 ±  0.0 ms - Total time
2159.0 ±  0.0 ms - Build f time
136.2 ±  2.1 ms - Apply f time
1620.4 ± 11.1 ms - Real f time 
589.5 ±  7.8 ms - Add time
 22.9 ±  0.5 ms - Find child
 31.7 ±  2.0 ms - Add child
464.6 ±  2.5 ms - Hash
271.1 ± 40.7 ms - Map
166.4 ±  1.7 ms - getState
0.237458
0.261317
0.610466
3428.3 ±  0.0 ms - Total time
2396.5 ±  0.0 ms - Build f time
196.4 ±  2.4 ms - Apply f time
1834.3 ± 11.7 ms - Real f time 
747.4 ±  8.0 ms - Add time
 39.4 ±  0.7 ms - Find child
 54.2 ±  2.1 ms - Add child
587.5 ±  2.8 ms - Hash
354.5 ± 40.6 ms - Map
249.1 ±  2.1 ms - getState
0.273188
0.303659
0.720561
4148.9 ±  0.0 ms - Total time
2669.7 ±  0.0 ms - Build f time
268.0 ±  2.6 ms - Apply f time
2081.1 ± 12.3 ms - Real f time 
932.8 ±  8.6 ms - Add time
 59.7 ±  1.0 ms - Find child
 78.3 ±  2.2 ms - Add child
728.9 ±  3.1 ms - Hash
457.6 ± 40.7 ms - Map
343.1 ±  2.8 ms - getState
0.279488
0.30851
0.743221
4892.1 ±  0.0 ms - Total time
2949.1 ±  0.0 ms - Build f time
337.8 ±  3.0 ms - Apply f time
2322.4 ± 12.9 ms - Real f time 
1127.0 ±  8.9 ms - Add time
 78.1 ±  1.1 ms - Find child
103.6 ±  2.2 ms - Add child
880.1 ±  3.5 ms - Hash
558.4 ± 40.7 ms - Map
441.7 ±  3.0 ms - getState
0.243118
0.267105
0.618212
5510.4 ±  0.0 ms - Total time
3192.3 ±  0.0 ms - Build f time
398.0 ±  3.1 ms - Apply f time
2538.7 ± 13.4 ms - Real f time 
1291.2 ± 11.6 ms - Add time
 95.2 ±  1.2 ms - Find child
126.8 ±  2.3 ms - Add child
1004.2 ±  3.7 ms - Hash
641.6 ± 40.7 ms - Map
524.4 ±  3.1 ms - getState
0.268972
0.298519
0.700911
6211.4 ±  0.0 ms - Total time
3461.2 ±  0.0 ms - Build f time
469.0 ±  3.3 ms - Apply f time
2777.0 ± 13.8 ms - Real f time 
1490.5 ± 14.1 ms - Add time
114.7 ±  1.4 ms - Find child
152.3 ±  2.4 ms - Add child
1144.0 ±  3.9 ms - Hash
734.9 ± 40.9 ms - Map
620.8 ±  4.0 ms - getState
0.308901
0.343524
0.853389
7064.8 ±  0.0 ms - Total time
3770.1 ±  0.0 ms - Build f time
551.0 ±  4.1 ms - Apply f time
3052.2 ± 14.3 ms - Real f time 
1717.3 ± 14.6 ms - Add time
135.3 ±  1.5 ms - Find child
179.8 ±  2.5 ms - Add child
1315.5 ±  4.4 ms - Hash
848.0 ± 40.9 ms - Map
738.7 ±  4.2 ms - getState
Dag sizes: 464253 389856 471915 464040 390339 469664 528177 
brutePieces time: 4.98437
533.0 ±  0.0 ms - Piece loop time
178.1 ± 16.4 ms - Set time
349.6 ±  3.1 ms - Child looking time
Nodes:  3178244
Pieces: 300791
makePieces time: 0.535598
Memory: 60.2 + 124.0 + 101.7 + 80.2 + 31.1 MB
  9.0 ±  0.9 ms - Greedy fill time
composePieces time: 3.1309
                                                                                