Running only task # 264
Using max depth 4
 |                                        | 0 / 416 (0.0%)Function count: 142
0.0547228
0.0603937
0.0612967
0.067601
0.0603248
0.0664032
0.119942
0.1344
0.123294
0.138175
 39.5 ±  0.0 ms - Piece loop time
 42.8 ± 35.4 ms - Set time
 31.9 ±  1.8 ms - Child looking time
1.24561
1.36258
1.74542
2212.6 ±  0.0 ms - Total time
1665.2 ±  0.0 ms - Build f time
123.7 ±  1.3 ms - Apply f time
1499.7 ±  7.6 ms - Real f time 
373.4 ±  3.9 ms - Add time
 30.3 ±  0.6 ms - Find child
 39.7 ±  0.8 ms - Add child
300.3 ±  1.9 ms - Hash
357.5 ± 38.7 ms - Map
148.7 ±  1.1 ms - getState
1.44427
1.59398
2.06619
4278.8 ±  0.0 ms - Total time
3109.5 ±  0.0 ms - Build f time
253.3 ±  3.5 ms - Apply f time
2851.2 ± 18.1 ms - Real f time 
941.5 ± 210.9 ms - Add time
 64.5 ±  0.9 ms - Find child
 84.0 ±  1.1 ms - Add child
576.5 ±  2.7 ms - Hash
702.8 ± 39.2 ms - Map
317.1 ±  1.8 ms - getState
1.45315
1.60424
2.0877
6366.5 ±  0.0 ms - Total time
4562.6 ±  0.0 ms - Build f time
382.3 ±  3.8 ms - Apply f time
4191.3 ± 21.5 ms - Real f time 
1291.1 ± 210.8 ms - Add time
 98.4 ±  1.1 ms - Find child
128.2 ±  2.0 ms - Add child
858.2 ±  3.9 ms - Hash
1184.4 ± 122.2 ms - Map
485.4 ±  3.5 ms - getState
3.41421
3.8003
5.14941
11516.0 ±  0.0 ms - Total time
7976.8 ±  0.0 ms - Build f time
684.3 ±  4.5 ms - Apply f time
7216.9 ± 29.0 ms - Real f time 
2434.5 ± 257.2 ms - Add time
163.8 ±  1.6 ms - Find child
223.0 ±  2.5 ms - Add child
1585.6 ±  4.9 ms - Hash
1886.8 ± 122.5 ms - Map
983.4 ±  5.5 ms - getState
3.51834
3.92341
5.32622
16842.2 ±  0.0 ms - Total time
11495.1 ±  0.0 ms - Build f time
1001.3 ±  5.6 ms - Apply f time
10283.7 ± 33.2 ms - Real f time 
3379.1 ± 257.6 ms - Add time
231.0 ±  2.0 ms - Find child
322.5 ±  3.6 ms - Add child
2340.8 ±  8.0 ms - Hash
2609.4 ± 122.6 ms - Map
1495.4 ±  6.6 ms - getState
Dag sizes: 915960 1063743 1061964 2228224 2317844 
brutePieces time: 16.3773
2792.4 ±  0.0 ms - Piece loop time
778.9 ± 16.9 ms - Set time
1848.5 ± 10.2 ms - Child looking time
Nodes:  7587735
Pieces: 1619347
makePieces time: 2.79916
Memory: 93.5 + 394.6 + 242.8 + 180.1 + 98.7 MB
 51.5 ±  0.0 ms - Greedy fill time
composePieces time: 8.35428
                                                                                