Running only task # 287
Using max depth 3
 |                                        | 0 / 416 (0.0%)Function count: 142
0.0534809
0.0601805
0.0580864
0.0645382
0.048473
0.0546275
0.0469516
0.0520831
0.0577322
0.0639553
 43.1 ±  0.0 ms - Piece loop time
 48.6 ± 41.0 ms - Set time
 34.2 ±  1.0 ms - Child looking time
0.0555805
0.0613648
0.0832681
378.8 ±  0.0 ms - Total time
320.3 ±  0.0 ms - Build f time
 20.8 ±  2.4 ms - Apply f time
292.0 ±  2.2 ms - Real f time 
 77.6 ±  7.7 ms - Add time
  4.0 ±  0.2 ms - Find child
  4.9 ±  0.3 ms - Add child
 55.5 ±  1.5 ms - Hash
 77.8 ± 37.0 ms - Map
 17.2 ±  0.6 ms - getState
0.0609262
0.0669418
0.0908948
469.7 ±  0.0 ms - Total time
381.2 ±  0.0 ms - Build f time
 28.7 ±  2.4 ms - Apply f time
351.1 ±  2.4 ms - Real f time 
109.6 ± 15.4 ms - Add time
  6.4 ±  0.3 ms - Find child
  8.3 ±  0.3 ms - Add child
 69.0 ±  1.5 ms - Hash
 89.3 ± 37.0 ms - Map
 25.1 ±  0.7 ms - getState
0.0507917
0.056873
0.0771751
546.9 ±  0.0 ms - Total time
432.0 ±  0.0 ms - Build f time
 35.5 ±  2.4 ms - Apply f time
402.6 ±  3.6 ms - Real f time 
125.9 ± 15.4 ms - Add time
  9.1 ±  0.7 ms - Find child
 11.1 ±  0.4 ms - Add child
 81.0 ±  1.6 ms - Hash
 99.0 ± 37.0 ms - Map
 31.5 ±  0.7 ms - getState
0.0491042
0.0549275
0.0723602
619.3 ±  0.0 ms - Total time
481.1 ±  0.0 ms - Build f time
 41.6 ±  2.5 ms - Apply f time
449.9 ±  3.7 ms - Real f time 
143.0 ± 15.5 ms - Add time
 11.1 ±  0.7 ms - Find child
 13.7 ±  0.4 ms - Add child
 92.7 ±  1.6 ms - Hash
107.9 ± 37.0 ms - Map
 38.0 ±  0.8 ms - getState
0.0633926
0.0695791
0.0937181
713.1 ±  0.0 ms - Total time
544.5 ±  0.0 ms - Build f time
 50.2 ±  2.5 ms - Apply f time
507.3 ±  3.8 ms - Real f time 
203.2 ± 43.0 ms - Add time
 13.6 ±  0.7 ms - Find child
 17.4 ±  0.5 ms - Add child
106.4 ±  1.7 ms - Hash
140.9 ± 41.5 ms - Map
 46.0 ±  0.8 ms - getState
Dag sizes: 78982 77696 67454 63136 77782 
brutePieces time: 0.420881
106.6 ±  0.0 ms - Piece loop time
 71.7 ± 48.0 ms - Set time
 78.4 ±  1.3 ms - Child looking time
Nodes:  365050
Pieces: 59037
makePieces time: 0.107929
Memory: 1.9 + 19.2 + 11.7 + 26.8 + 5.1 MB
  0.8 ±  0.0 ms - Greedy fill time
composePieces time: 0.172866
                                                                                