Running only task # 90
Using max depth 33
 |                                        | 0 / 416 (0.0%)Function count: 142
0.158563
0.172084
0.1395
0.150484
0.178031
0.192488
0.160045
0.173582
0.139371
0.15024
0.175148
0.18914
0.150383
0.162334
 44.1 ±  0.0 ms - Piece loop time
 43.6 ± 35.4 ms - Set time
 33.1 ±  1.4 ms - Child looking time
0.164198
0.177075
0.345291
1535.9 ±  0.0 ms - Total time
1265.2 ±  0.0 ms - Build f time
 50.9 ±  1.0 ms - Apply f time
962.2 ± 17.4 ms - Real f time 
275.9 ±  5.6 ms - Add time
  7.4 ±  0.3 ms - Find child
 10.4 ±  0.7 ms - Add child
291.7 ±  2.5 ms - Hash
168.3 ± 52.7 ms - Map
 70.7 ±  0.9 ms - getState
0.141828
0.153086
0.286122
1822.0 ±  0.0 ms - Total time
1407.1 ±  0.0 ms - Build f time
 69.0 ±  1.1 ms - Apply f time
1079.2 ± 17.6 ms - Real f time 
342.0 ±  5.7 ms - Add time
 11.1 ±  0.4 ms - Find child
 14.9 ±  0.7 ms - Add child
355.0 ±  2.5 ms - Hash
195.0 ± 52.7 ms - Map
104.0 ±  1.0 ms - getState
0.198514
0.213275
0.402438
2224.5 ±  0.0 ms - Total time
1605.6 ±  0.0 ms - Build f time
 93.0 ±  1.2 ms - Apply f time
1242.2 ± 17.9 ms - Real f time 
455.9 ± 18.0 ms - Add time
 16.1 ±  0.5 ms - Find child
 21.3 ±  0.8 ms - Add child
461.0 ± 16.6 ms - Hash
229.1 ± 52.7 ms - Map
150.2 ±  1.2 ms - getState
0.17777
0.196409
0.375057
2599.6 ±  0.0 ms - Total time
1783.3 ±  0.0 ms - Build f time
118.6 ±  1.4 ms - Apply f time
1389.2 ± 18.2 ms - Real f time 
544.4 ± 18.1 ms - Add time
 21.5 ±  0.5 ms - Find child
 27.9 ±  0.8 ms - Add child
539.9 ± 16.6 ms - Hash
265.0 ± 52.7 ms - Map
196.4 ±  1.3 ms - getState
0.145066
0.156793
0.29687
2896.6 ±  0.0 ms - Total time
1928.4 ±  0.0 ms - Build f time
137.2 ±  1.5 ms - Apply f time
1515.5 ± 18.5 ms - Real f time 
614.3 ± 18.1 ms - Add time
 25.4 ±  0.6 ms - Find child
 32.7 ±  0.9 ms - Add child
604.3 ± 16.6 ms - Hash
293.6 ± 52.7 ms - Map
230.3 ±  1.4 ms - getState
0.184003
0.204771
0.408177
3304.8 ±  0.0 ms - Total time
2112.4 ±  0.0 ms - Build f time
165.4 ±  1.6 ms - Apply f time
1671.4 ± 19.1 ms - Real f time 
712.2 ± 18.2 ms - Add time
 30.3 ±  0.6 ms - Find child
 39.3 ±  0.9 ms - Add child
691.4 ± 16.6 ms - Hash
330.4 ± 52.6 ms - Map
280.6 ±  1.5 ms - getState
0.158069
0.170647
0.327735
3632.6 ±  0.0 ms - Total time
2270.5 ±  0.0 ms - Build f time
187.9 ±  1.9 ms - Apply f time
1805.6 ± 19.8 ms - Real f time 
790.7 ± 18.2 ms - Add time
 34.9 ±  0.7 ms - Find child
 45.3 ±  1.0 ms - Add child
762.5 ± 16.6 ms - Hash
364.3 ± 52.6 ms - Map
319.9 ±  1.8 ms - getState
Dag sizes: 159777 130229 158460 165454 132930 159496 159836 
brutePieces time: 2.44649
156.7 ±  0.0 ms - Piece loop time
 88.6 ± 43.3 ms - Set time
101.7 ±  2.3 ms - Child looking time
Nodes:  1066182
Pieces: 155372
makePieces time: 0.158562
Memory: 28.8 + 36.6 + 34.1 + 46.4 + 10.3 MB
190.9 ± 24.6 ms - Greedy fill time
composePieces time: 5.50015
                                                                                