Running only task # 51
Using max depth 23
 |                                        | 0 / 416 (0.0%)Function count: 142
0.0424506
0.0448301
0.0508037
0.05388
0.0425721
0.0450064
0.049686
0.0529048
0.0564035
0.0601257
 18.4 ±  0.0 ms - Piece loop time
 39.6 ± 36.6 ms - Set time
 15.4 ±  0.9 ms - Child looking time
0.0650896
0.0691429
0.0896056
346.5 ±  0.0 ms - Total time
307.0 ±  0.0 ms - Build f time
 10.4 ±  0.4 ms - Apply f time
298.3 ±  5.8 ms - Real f time 
 46.6 ±  2.0 ms - Add time
  1.9 ±  0.2 ms - Find child
  2.5 ±  0.2 ms - Add child
 45.4 ±  0.7 ms - Hash
 57.7 ± 37.1 ms - Map
 12.1 ±  0.4 ms - getState
0.084711
0.0890848
0.118172
464.7 ±  0.0 ms - Total time
391.7 ±  0.0 ms - Build f time
 15.5 ±  0.5 ms - Apply f time
375.0 ±  6.0 ms - Real f time 
 67.1 ±  2.1 ms - Add time
  3.6 ±  0.5 ms - Find child
  4.1 ±  0.2 ms - Add child
 69.3 ±  1.1 ms - Hash
 65.7 ± 37.0 ms - Map
 19.6 ±  0.5 ms - getState
0.0673848
0.0706863
0.08716
551.9 ±  0.0 ms - Total time
459.1 ±  0.0 ms - Build f time
 19.6 ±  0.5 ms - Apply f time
437.6 ±  6.4 ms - Real f time 
 79.6 ±  2.2 ms - Add time
  4.6 ±  0.5 ms - Find child
  5.2 ±  0.3 ms - Add child
 84.1 ±  1.1 ms - Hash
 94.5 ± 43.2 ms - Map
 24.5 ±  0.5 ms - getState
0.0848628
0.0893733
0.118103
670.0 ±  0.0 ms - Total time
544.0 ±  0.0 ms - Build f time
 25.4 ±  0.6 ms - Apply f time
517.5 ±  6.8 ms - Real f time 
 98.5 ±  2.3 ms - Add time
  5.6 ±  0.5 ms - Find child
  6.9 ±  0.3 ms - Add child
106.3 ±  1.2 ms - Hash
103.2 ± 43.1 ms - Map
 32.1 ±  0.6 ms - getState
0.0936334
0.098667
0.130403
800.5 ±  0.0 ms - Total time
637.6 ±  0.0 ms - Build f time
 31.6 ±  0.7 ms - Apply f time
602.8 ±  7.4 ms - Real f time 
119.9 ±  2.4 ms - Add time
  6.9 ±  0.5 ms - Find child
  8.7 ±  0.3 ms - Add child
130.5 ±  1.3 ms - Hash
113.0 ± 43.1 ms - Map
 40.3 ±  0.6 ms - getState
Dag sizes: 27106 38145 27082 37954 41287 
brutePieces time: 0.54747
 40.0 ±  0.0 ms - Piece loop time
 46.5 ± 40.2 ms - Set time
 31.3 ±  0.9 ms - Child looking time
Nodes:  171574
Pieces: 39396
makePieces time: 0.0409987
Memory: 3.3 + 9.5 + 5.5 + 23.7 + 2.1 MB
 10.9 ±  0.0 ms - Greedy fill time
composePieces time: 0.345701
                                                                                