Running only task # 410
Using max depth 4
 |                                        | 0 / 416 (0.0%)Function count: 142
0.0782423
0.0873796
0.0659381
0.0736659
0.0778175
0.0867788
0.0711156
0.0792772
0.0794312
0.0894453
 46.5 ±  0.0 ms - Piece loop time
 48.8 ± 39.6 ms - Set time
 34.6 ±  1.2 ms - Child looking time
2.01606
2.22509
2.84252
3259.3 ±  0.0 ms - Total time
2388.6 ±  0.0 ms - Build f time
203.6 ±  1.8 ms - Apply f time
2195.7 ± 12.7 ms - Real f time 
533.5 ±  6.8 ms - Add time
 58.7 ±  2.0 ms - Find child
 77.0 ±  1.2 ms - Add child
420.1 ±  3.3 ms - Hash
648.2 ± 55.4 ms - Map
241.0 ± 13.7 ms - getState
1.61579
1.78095
2.23672
5496.0 ±  0.0 ms - Total time
4004.4 ±  0.0 ms - Build f time
344.4 ±  2.9 ms - Apply f time
3696.3 ± 21.4 ms - Real f time 
884.4 ± 10.0 ms - Add time
100.3 ±  2.1 ms - Find child
128.5 ±  1.5 ms - Add child
712.5 ±  3.8 ms - Hash
1070.2 ± 55.5 ms - Map
398.1 ± 13.8 ms - getState
1.87221
2.08834
2.65663
8152.7 ±  0.0 ms - Total time
5876.6 ±  0.0 ms - Build f time
522.9 ±  3.3 ms - Apply f time
5405.5 ± 26.7 ms - Real f time 
1390.9 ± 68.6 ms - Add time
152.7 ±  2.3 ms - Find child
196.0 ±  1.9 ms - Add child
1058.5 ±  4.3 ms - Hash
1686.7 ± 108.8 ms - Map
591.0 ± 13.9 ms - getState
1.71236
1.88104
2.37551
10528.2 ±  0.0 ms - Total time
7588.9 ±  0.0 ms - Build f time
674.6 ±  3.6 ms - Apply f time
6986.3 ± 27.2 ms - Real f time 
1774.0 ± 69.4 ms - Add time
196.8 ±  2.4 ms - Find child
257.8 ±  5.5 ms - Add child
1379.4 ±  5.5 ms - Hash
2122.4 ± 108.9 ms - Map
753.9 ± 14.1 ms - getState
2.04733
2.24636
2.8397
13368.0 ±  0.0 ms - Total time
9636.3 ±  0.0 ms - Build f time
852.7 ±  4.0 ms - Apply f time
8880.8 ± 28.0 ms - Real f time 
2221.1 ± 69.6 ms - Add time
248.5 ±  2.6 ms - Find child
323.0 ±  5.6 ms - Add child
1727.4 ±  5.9 ms - Hash
2641.7 ± 109.3 ms - Map
947.1 ± 14.2 ms - getState
Dag sizes: 1541614 1147443 1408566 1242730 1442213 
brutePieces time: 12.9531
3550.0 ±  0.0 ms - Piece loop time
980.2 ± 21.4 ms - Set time
2361.6 ± 10.1 ms - Child looking time
Nodes:  6782566
Pieces: 654639
makePieces time: 3.55439
Memory: 48.6 + 431.3 + 217.0 + 175.6 + 108.3 MB
  2.4 ±  0.0 ms - Greedy fill time
composePieces time: 2.37124
                                                                                