Running only task # 223
Using max depth 4
 |                                        | 0 / 416 (0.0%)Function count: 142
0.280791
0.314777
0.344346
0.39518
0.295982
0.323812
0.329938
0.365906
 34.4 ±  0.0 ms - Piece loop time
 23.1 ± 15.2 ms - Set time
 28.2 ±  0.9 ms - Child looking time
7.64132
8.54283
15.1695
16569.3 ±  0.0 ms - Total time
8892.4 ±  0.0 ms - Build f time
954.4 ± 11.0 ms - Apply f time
8361.8 ± 35.5 ms - Real f time 
3607.6 ± 41.6 ms - Add time
148.5 ±  1.8 ms - Find child
229.3 ±  2.8 ms - Add child
2876.2 ± 10.6 ms - Hash
1571.4 ± 57.4 ms - Map
1655.6 ± 16.8 ms - getState
10
11.3498
20.9018
37471.2 ±  0.0 ms - Total time
18892.4 ±  0.0 ms - Build f time
2285.2 ± 15.2 ms - Apply f time
18083.2 ± 54.0 ms - Real f time 
8599.8 ± 57.3 ms - Add time
350.9 ±  3.3 ms - Find child
546.5 ±  5.0 ms - Add child
6438.7 ± 12.9 ms - Hash
3416.7 ± 58.8 ms - Map
4046.6 ± 23.0 ms - getState
6.79213
7.48588
11.4731
48944.3 ±  0.0 ms - Total time
25684.5 ±  0.0 ms - Build f time
2900.2 ± 17.4 ms - Apply f time
24744.3 ± 64.9 ms - Real f time 
11957.2 ± 1000.2 ms - Add time
443.6 ±  3.6 ms - Find child
685.9 ±  5.4 ms - Add child
8306.8 ± 13.8 ms - Hash
4231.2 ± 59.3 ms - Map
5081.6 ± 24.2 ms - getState
8.32265
9.21182
14.4211
63365.4 ±  0.0 ms - Total time
34007.2 ±  0.0 ms - Build f time
3700.1 ± 18.5 ms - Apply f time
32893.5 ± 82.8 ms - Real f time 
14826.1 ± 1000.2 ms - Add time
562.0 ±  3.8 ms - Find child
884.7 ± 15.6 ms - Add child
10639.6 ± 17.7 ms - Hash
5301.2 ± 61.4 ms - Map
6469.5 ± 33.2 ms - getState
Dag sizes: 4905432 7043857 3009456 3955831 
brutePieces time: 61.9675
6843.8 ±  0.0 ms - Piece loop time
2590.0 ± 27.6 ms - Set time
4207.5 ± 24.4 ms - Child looking time
Nodes:  18914576
Pieces: 6440139
makePieces time: 6.86464
Memory: 671.2 + 653.9 + 605.3 + 470.4 + 288.9 MB
107.1 ±  0.0 ms - Greedy fill time
composePieces time: 43.2647
                                                                                