Running only task # 45
Using max depth 4
 |                                        | 0 / 416 (0.0%)Function count: 142
0.325098
0.368801
0.236484
0.262068
0.243942
0.270055
0.459663
0.509176
 35.6 ±  0.0 ms - Piece loop time
 44.1 ± 34.7 ms - Set time
 26.3 ±  1.1 ms - Child looking time
11.8468
13.2943
31.0538
32464.1 ±  0.0 ms - Total time
13112.0 ±  0.0 ms - Build f time
2237.3 ± 10.9 ms - Apply f time
12069.4 ± 49.6 ms - Real f time 
8263.7 ± 46.9 ms - Add time
427.7 ±  2.6 ms - Find child
661.5 ±  4.8 ms - Add child
5933.3 ± 13.4 ms - Hash
4467.0 ± 414.4 ms - Map
4350.9 ± 10.7 ms - getState
8.22548
9.21734
20.8208
53284.9 ±  0.0 ms - Total time
21337.5 ±  0.0 ms - Build f time
3769.4 ± 14.2 ms - Apply f time
19783.8 ± 63.2 ms - Real f time 
13454.2 ± 55.3 ms - Add time
759.6 ±  3.9 ms - Find child
1177.5 ± 15.9 ms - Add child
9832.2 ± 35.4 ms - Hash
7238.4 ± 415.0 ms - Map
7078.0 ± 13.8 ms - getState
8.66548
9.67271
21.8845
75169.4 ±  0.0 ms - Total time
30003.0 ±  0.0 ms - Build f time
5357.6 ± 16.5 ms - Apply f time
27841.6 ± 70.2 ms - Real f time 
18931.3 ± 63.3 ms - Add time
1084.1 ±  4.4 ms - Find child
1672.1 ± 16.2 ms - Add child
13896.9 ± 36.1 ms - Hash
9988.2 ± 415.0 ms - Map
9939.4 ± 17.2 ms - getState
17.5125
19.5508
45.7186
120888.0 ±  0.0 ms - Total time
47515.4 ±  0.0 ms - Build f time
8194.7 ± 19.5 ms - Apply f time
43914.8 ± 107.6 ms - Real f time 
31462.5 ± 85.3 ms - Add time
1516.3 ±  5.0 ms - Find child
2388.3 ± 38.0 ms - Add child
22977.3 ± 45.6 ms - Hash
13787.3 ± 415.4 ms - Map
16285.8 ± 38.3 ms - getState
Dag sizes: 13451426 10158720 10103440 13978679 
brutePieces time: 119.481
10002.9 ±  0.0 ms - Piece loop time
4396.5 ± 39.0 ms - Set time
5355.5 ± 15.0 ms - Child looking time
Nodes:  47692265
Pieces: 12051276
makePieces time: 10.0402
