Running only task # 380
Using max depth 3
 |                                        | 0 / 416 (0.0%)Function count: 142
0.0860031
0.0944284
0.0832311
0.0904453
0.0751538
0.0812792
0.0861934
0.0942907
 21.5 ±  0.0 ms - Piece loop time
 42.3 ± 37.3 ms - Set time
 15.9 ±  1.0 ms - Child looking time
0.0877583
0.0953793
0.225363
585.9 ±  0.0 ms - Total time
418.3 ±  0.0 ms - Build f time
 31.1 ±  0.6 ms - Apply f time
366.1 ±  4.7 ms - Real f time 
134.7 ± 14.8 ms - Add time
  7.0 ±  0.3 ms - Find child
  9.3 ±  0.3 ms - Add child
 96.8 ±  1.1 ms - Hash
 89.8 ± 35.9 ms - Map
 39.6 ±  0.6 ms - getState
0.0837326
0.0910056
0.228615
814.6 ±  0.0 ms - Total time
502.1 ±  0.0 ms - Build f time
 54.1 ±  0.8 ms - Apply f time
448.8 ±  5.0 ms - Real f time 
213.6 ± 19.9 ms - Add time
 12.3 ±  0.4 ms - Find child
 18.3 ±  0.5 ms - Add child
139.5 ±  1.5 ms - Hash
119.7 ± 36.0 ms - Map
 72.4 ±  1.4 ms - getState
0.0762904
0.0826108
0.19437
1009.0 ±  0.0 ms - Total time
578.4 ±  0.0 ms - Build f time
 73.2 ±  0.9 ms - Apply f time
527.7 ±  5.4 ms - Real f time 
269.1 ± 19.9 ms - Add time
 17.1 ±  0.5 ms - Find child
 25.4 ±  0.6 ms - Add child
176.5 ±  1.7 ms - Hash
144.7 ± 36.0 ms - Map
 97.4 ±  1.5 ms - getState
0.0898359
0.0979825
0.224062
1233.1 ±  0.0 ms - Total time
668.2 ±  0.0 ms - Build f time
 94.5 ±  1.0 ms - Apply f time
614.4 ±  5.6 ms - Real f time 
332.7 ± 19.9 ms - Add time
 22.7 ±  0.6 ms - Find child
 33.6 ±  0.7 ms - Add child
219.3 ±  1.8 ms - Hash
170.6 ± 36.1 ms - Map
125.3 ±  1.6 ms - getState
Dag sizes: 226001 234290 192526 221976 
brutePieces time: 0.875631
 90.6 ±  0.0 ms - Piece loop time
 44.0 ± 14.8 ms - Set time
 59.9 ±  1.1 ms - Child looking time
Nodes:  874793
Pieces: 203559
makePieces time: 0.0914438
Memory: 10.0 + 27.7 + 28.0 + 30.8 + 8.2 MB
  3.3 ±  0.0 ms - Greedy fill time
composePieces time: 0.622492
                                                                                