Running only task # 18
Using max depth 3
 |                                        | 0 / 416 (0.0%)Function count: 142
0.0266884
0.0296683
0.039542
0.0435946
0.0533131
0.0593234
0.057554
0.0642062
 35.9 ±  0.0 ms - Piece loop time
 41.9 ± 35.4 ms - Set time
 28.9 ±  0.9 ms - Child looking time
0.0287115
0.0307771
0.0437804
240.7 ±  0.0 ms - Total time
205.8 ±  0.0 ms - Build f time
 11.7 ±  0.4 ms - Apply f time
190.0 ±  3.2 ms - Real f time 
 49.4 ±  1.8 ms - Add time
  2.3 ±  0.2 ms - Find child
  3.3 ±  0.2 ms - Add child
 31.9 ±  0.7 ms - Hash
 64.0 ± 35.0 ms - Map
 11.4 ±  0.4 ms - getState
0.051749
0.056338
0.0892824
330.0 ±  0.0 ms - Total time
257.6 ±  0.0 ms - Build f time
 21.6 ±  1.0 ms - Apply f time
238.3 ±  3.3 ms - Real f time 
 72.2 ±  2.1 ms - Add time
  5.2 ±  0.3 ms - Find child
  7.1 ±  0.3 ms - Add child
 46.6 ±  1.6 ms - Hash
 81.5 ± 34.9 ms - Map
 21.1 ±  0.5 ms - getState
0.0731883
0.0805213
0.133069
463.1 ±  0.0 ms - Total time
330.7 ±  0.0 ms - Build f time
 34.2 ±  1.1 ms - Apply f time
304.2 ±  3.4 ms - Real f time 
103.5 ±  2.3 ms - Add time
  9.5 ±  0.3 ms - Find child
 12.0 ±  0.4 ms - Add child
 63.8 ±  1.7 ms - Hash
106.0 ± 34.9 ms - Map
 37.4 ±  0.9 ms - getState
0.0773271
0.0847347
0.146923
610.1 ±  0.0 ms - Total time
408.1 ±  0.0 ms - Build f time
 49.0 ±  1.1 ms - Apply f time
378.2 ±  3.7 ms - Real f time 
140.3 ±  2.4 ms - Add time
 14.2 ±  0.4 ms - Find child
 18.2 ±  0.5 ms - Add child
 85.5 ±  1.7 ms - Hash
130.4 ± 35.0 ms - Map
 55.7 ±  1.0 ms - getState
Dag sizes: 41927 88260 117948 154422 
brutePieces time: 0.415815
117.6 ±  0.0 ms - Piece loop time
 63.4 ± 37.4 ms - Set time
 92.0 ±  3.0 ms - Child looking time
Nodes:  402557
Pieces: 132532
makePieces time: 0.118751
Memory: 2.3 + 17.0 + 12.9 + 23.2 + 5.9 MB
  0.3 ±  0.0 ms - Greedy fill time
composePieces time: 0.159582
                                                                                