Running only task # 116
Using max depth 33
 |                                        | 0 / 416 (0.0%)Function count: 142
0.101991
0.114382
0.0981555
0.109482
0.10189
0.113646
0.109036
0.124399
0.0989128
0.110926
0.0984414
0.110119
0.10321
0.115205
0.0960729
0.108499
0.106433
0.119092
 84.2 ±  0.0 ms - Piece loop time
 51.9 ± 37.7 ms - Set time
 64.7 ±  2.0 ms - Child looking time
0.104068
0.115199
0.158684
1185.2 ±  0.0 ms - Total time
1018.2 ±  0.0 ms - Build f time
 51.0 ±  0.7 ms - Apply f time
895.0 ±  8.7 ms - Real f time 
235.9 ± 24.1 ms - Add time
  7.3 ±  0.3 ms - Find child
  8.7 ±  0.3 ms - Add child
147.6 ±  1.3 ms - Hash
158.1 ± 40.0 ms - Map
 46.3 ±  1.0 ms - getState
0.0977093
0.108542
0.1481
1333.3 ±  0.0 ms - Total time
1115.9 ±  0.0 ms - Build f time
 63.7 ±  0.8 ms - Apply f time
986.0 ±  8.8 ms - Real f time 
265.3 ± 24.1 ms - Add time
 10.8 ±  0.4 ms - Find child
 13.1 ±  0.4 ms - Add child
170.8 ±  1.4 ms - Hash
175.6 ± 40.0 ms - Map
 59.3 ±  1.1 ms - getState
0.102228
0.113723
0.153739
1487.1 ±  0.0 ms - Total time
1218.1 ±  0.0 ms - Build f time
 76.6 ±  1.0 ms - Apply f time
1084.5 ±  8.9 ms - Real f time 
296.2 ± 24.1 ms - Add time
 14.2 ±  0.4 ms - Find child
 17.7 ±  0.6 ms - Add child
192.7 ±  1.5 ms - Hash
192.7 ± 40.0 ms - Map
 74.5 ±  1.4 ms - getState
0.101077
0.113925
0.15844
1645.6 ±  0.0 ms - Total time
1319.2 ±  0.0 ms - Build f time
 89.8 ±  1.1 ms - Apply f time
1179.4 ±  9.0 ms - Real f time 
327.5 ± 24.1 ms - Add time
 17.3 ±  0.5 ms - Find child
 22.3 ±  0.6 ms - Add child
216.9 ±  1.8 ms - Hash
214.0 ± 39.9 ms - Map
 88.3 ±  1.5 ms - getState
0.103681
0.115872
0.163758
1809.3 ±  0.0 ms - Total time
1422.9 ±  0.0 ms - Build f time
103.3 ±  1.1 ms - Apply f time
1276.0 ±  9.1 ms - Real f time 
359.8 ± 24.1 ms - Add time
 20.6 ±  0.5 ms - Find child
 26.9 ±  0.7 ms - Add child
239.9 ±  1.9 ms - Hash
235.7 ± 39.9 ms - Map
103.2 ±  1.5 ms - getState
0.100697
0.112248
0.15421
1963.6 ±  0.0 ms - Total time
1523.6 ±  0.0 ms - Build f time
116.2 ±  1.2 ms - Apply f time
1370.2 ±  9.3 ms - Real f time 
405.6 ± 25.9 ms - Add time
 23.8 ±  0.6 ms - Find child
 31.3 ±  0.7 ms - Add child
264.1 ±  2.0 ms - Hash
253.0 ± 39.9 ms - Map
118.2 ±  1.6 ms - getState
0.102578
0.114
0.157805
2121.4 ±  0.0 ms - Total time
1626.2 ±  0.0 ms - Build f time
129.3 ±  1.3 ms - Apply f time
1468.7 ±  9.4 ms - Real f time 
468.1 ± 39.3 ms - Add time
 27.0 ±  0.6 ms - Find child
 36.0 ±  0.8 ms - Add child
286.7 ±  2.0 ms - Hash
270.7 ± 39.9 ms - Map
132.8 ±  1.7 ms - getState
0.11178
0.134417
0.177851
2299.3 ±  0.0 ms - Total time
1738.0 ±  0.0 ms - Build f time
142.7 ±  1.3 ms - Apply f time
1569.1 ±  9.5 ms - Real f time 
510.7 ± 40.2 ms - Add time
 30.9 ±  0.6 ms - Find child
 40.6 ±  0.8 ms - Add child
311.0 ±  2.1 ms - Hash
291.6 ± 39.9 ms - Map
147.1 ±  1.7 ms - getState
0.110213
0.122838
0.165984
2465.3 ±  0.0 ms - Total time
1848.2 ±  0.0 ms - Build f time
156.3 ±  1.4 ms - Apply f time
1670.6 ±  9.6 ms - Real f time 
544.5 ± 40.2 ms - Add time
 34.9 ±  0.7 ms - Find child
 45.5 ±  0.8 ms - Add child
334.3 ±  2.1 ms - Hash
312.1 ± 39.9 ms - Map
162.6 ±  1.7 ms - getState
Dag sizes: 124726 116441 118599 114547 124738 119582 118775 118356 122348 
brutePieces time: 1.44467
223.5 ±  0.0 ms - Piece loop time
 75.1 ± 33.2 ms - Set time
163.6 ±  2.7 ms - Child looking time
Nodes:  1078112
Pieces: 112311
makePieces time: 0.225029
Memory: 8.7 + 46.9 + 34.5 + 55.0 + 12.7 MB
  5.5 ±  0.3 ms - Greedy fill time
composePieces time: 1.14178
                                                                                