Running only task # 250
Using max depth 3
 |                                        | 0 / 416 (0.0%)Function count: 142
0.0823106
0.0914186
0.066231
0.0730029
0.0508692
0.0560464
0.131435
0.146001
 18.1 ±  0.0 ms - Piece loop time
 41.2 ± 36.9 ms - Set time
 13.0 ±  0.7 ms - Child looking time
0.0949063
0.104645
0.147943
514.5 ±  0.0 ms - Total time
425.7 ±  0.0 ms - Build f time
 20.6 ±  0.5 ms - Apply f time
352.4 ±  3.5 ms - Real f time 
 86.6 ±  2.0 ms - Add time
  2.8 ±  0.2 ms - Find child
  4.7 ±  0.2 ms - Add child
 84.5 ±  0.9 ms - Hash
 81.6 ± 39.2 ms - Map
 24.6 ±  0.4 ms - getState
0.0725705
0.0796974
0.109098
623.7 ±  0.0 ms - Total time
498.3 ±  0.0 ms - Build f time
 28.1 ±  0.6 ms - Apply f time
415.5 ±  3.7 ms - Real f time 
107.1 ±  2.1 ms - Add time
  4.7 ±  0.2 ms - Find child
  7.6 ±  0.3 ms - Add child
103.7 ±  1.0 ms - Hash
 92.7 ± 39.2 ms - Map
 35.3 ±  0.5 ms - getState
0.0562379
0.0619011
0.0839326
707.7 ±  0.0 ms - Total time
554.6 ±  0.0 ms - Build f time
 34.6 ±  0.6 ms - Apply f time
469.1 ±  4.1 ms - Real f time 
135.4 ± 12.4 ms - Add time
  6.3 ±  0.3 ms - Find child
 10.5 ±  1.0 ms - Add child
117.2 ±  1.1 ms - Hash
103.9 ± 39.2 ms - Map
 42.5 ±  0.6 ms - getState
0.141127
0.155895
0.226683
934.4 ±  0.0 ms - Total time
695.7 ±  0.0 ms - Build f time
 50.0 ±  1.4 ms - Apply f time
587.9 ±  4.7 ms - Real f time 
183.8 ± 12.5 ms - Add time
  9.2 ±  0.3 ms - Find child
 14.3 ±  1.0 ms - Add child
161.1 ±  1.2 ms - Hash
122.8 ± 39.2 ms - Map
 64.9 ±  0.7 ms - getState
Dag sizes: 77890 67446 58348 103572 
brutePieces time: 0.570739
 54.3 ±  0.0 ms - Piece loop time
 64.1 ± 44.5 ms - Set time
 39.0 ±  3.5 ms - Child looking time
Nodes:  307256
Pieces: 53669
makePieces time: 0.0553532
Memory: 4.4 + 13.6 + 9.8 + 21.7 + 2.7 MB
  0.5 ±  0.0 ms - Greedy fill time
composePieces time: 0.110021
                                                                                