Running only task # 336
Using max depth 33
 |                                        | 0 / 416 (0.0%)Function count: 142
0.096065
0.10366
0.0737587
0.0801053
0.0657874
0.0701304
0.0675004
0.0732606
0.0553561
0.0603446
0.0436827
0.0471047
0.186769
0.197964
 25.0 ±  0.0 ms - Piece loop time
 38.2 ± 35.9 ms - Set time
 23.6 ±  1.5 ms - Child looking time
0.0839446
0.0914858
0.117392
750.1 ±  0.0 ms - Total time
672.9 ±  0.0 ms - Build f time
 22.1 ±  1.0 ms - Apply f time
633.3 ±  7.7 ms - Real f time 
111.7 ±  9.4 ms - Add time
  2.2 ±  0.2 ms - Find child
  3.4 ±  0.2 ms - Add child
 78.0 ±  0.9 ms - Hash
 74.7 ± 42.8 ms - Map
 29.8 ±  0.9 ms - getState
0.0743214
0.0810658
0.105102
855.3 ±  0.0 ms - Total time
747.2 ±  0.0 ms - Build f time
 29.9 ±  1.1 ms - Apply f time
713.2 ±  8.9 ms - Real f time 
129.6 ±  9.6 ms - Add time
  4.0 ±  0.2 ms - Find child
  5.9 ±  0.3 ms - Add child
 89.8 ±  1.0 ms - Hash
 82.5 ± 42.8 ms - Map
 38.1 ±  1.0 ms - getState
0.0603567
0.0646221
0.0787068
934.0 ±  0.0 ms - Total time
807.5 ±  0.0 ms - Build f time
 34.7 ±  1.1 ms - Apply f time
771.8 ±  9.0 ms - Real f time 
142.1 ±  9.6 ms - Add time
  5.1 ±  0.3 ms - Find child
  7.6 ±  0.3 ms - Add child
 99.2 ±  1.0 ms - Hash
 89.1 ± 42.8 ms - Map
 43.8 ±  1.1 ms - getState
0.0696214
0.0755146
0.0992966
1033.4 ±  0.0 ms - Total time
877.2 ±  0.0 ms - Build f time
 40.4 ±  1.2 ms - Apply f time
840.0 ±  9.6 ms - Real f time 
160.3 ±  9.6 ms - Add time
  6.5 ±  0.3 ms - Find child
  9.2 ±  0.4 ms - Add child
114.9 ±  1.1 ms - Hash
 95.8 ± 42.9 ms - Map
 51.8 ±  1.2 ms - getState
0.0555235
0.0605935
0.076937
1110.3 ±  0.0 ms - Total time
932.7 ±  0.0 ms - Build f time
 45.2 ±  1.2 ms - Apply f time
895.1 ±  9.8 ms - Real f time 
173.2 ±  9.6 ms - Add time
  7.7 ±  0.3 ms - Find child
 10.8 ±  0.4 ms - Add child
125.6 ±  1.1 ms - Hash
101.7 ± 42.9 ms - Map
 57.6 ±  1.2 ms - getState
0.0374899
0.040823
0.0530613
1163.4 ±  0.0 ms - Total time
970.2 ±  0.0 ms - Build f time
 49.3 ±  1.2 ms - Apply f time
930.1 ±  9.9 ms - Real f time 
182.9 ±  9.7 ms - Add time
  8.7 ±  0.4 ms - Find child
 12.1 ±  0.4 ms - Add child
133.4 ±  1.2 ms - Hash
106.3 ± 42.9 ms - Map
 61.7 ±  1.3 ms - getState
0.198245
0.216488
0.271833
1435.3 ±  0.0 ms - Total time
1168.4 ±  0.0 ms - Build f time
 75.8 ± 16.9 ms - Apply f time
1122.5 ± 11.1 ms - Real f time 
228.5 ± 10.0 ms - Add time
 10.4 ±  0.4 ms - Find child
 14.4 ±  0.4 ms - Add child
170.0 ±  1.4 ms - Hash
155.8 ± 58.5 ms - Map
 85.1 ±  1.7 ms - getState
Dag sizes: 41367 36413 34579 38128 33639 31039 45903 
brutePieces time: 0.807346
 65.2 ±  0.0 ms - Piece loop time
 44.4 ± 34.6 ms - Set time
 54.1 ±  1.5 ms - Child looking time
Nodes:  261068
Pieces: 41328
makePieces time: 0.0663395
Memory: 5.0 + 12.3 + 8.4 + 33.5 + 3.2 MB
 11.4 ±  0.0 ms - Greedy fill time
composePieces time: 0.439145
                                                                                