Running only task # 298
Using max depth 23
 |                                        | 0 / 416 (0.0%)Function count: 142
0.210239
0.231387
0.264023
0.297201
0.14369
0.158215
0.201143
0.22107
0.259659
0.292157
0.144119
0.157981
0.249903
0.279561
 81.7 ±  0.0 ms - Piece loop time
 33.3 ± 17.8 ms - Set time
 60.8 ±  1.6 ms - Child looking time
0.20345
0.223549
0.299097
1937.1 ±  0.0 ms - Total time
1676.2 ±  0.0 ms - Build f time
 73.9 ±  1.3 ms - Apply f time
1387.2 ± 27.9 ms - Real f time 
363.0 ± 22.1 ms - Add time
  6.8 ±  0.3 ms - Find child
  9.5 ±  0.4 ms - Add child
273.5 ±  1.6 ms - Hash
211.3 ± 59.6 ms - Map
 83.4 ±  1.1 ms - getState
0.258129
0.290431
0.401852
2338.9 ±  0.0 ms - Total time
1934.4 ±  0.0 ms - Build f time
 99.4 ±  1.5 ms - Apply f time
1622.8 ± 28.3 ms - Real f time 
440.7 ± 22.1 ms - Add time
 12.8 ±  0.4 ms - Find child
 17.3 ±  0.5 ms - Add child
334.9 ±  1.8 ms - Hash
244.4 ± 59.5 ms - Map
134.7 ±  1.5 ms - getState
0.145054
0.158484
0.216398
2555.4 ±  0.0 ms - Total time
2079.4 ±  0.0 ms - Build f time
113.7 ±  1.6 ms - Apply f time
1743.5 ± 28.4 ms - Real f time 
481.9 ± 22.1 ms - Add time
 15.8 ±  0.5 ms - Find child
 21.4 ±  0.5 ms - Add child
375.0 ±  1.9 ms - Hash
267.2 ± 59.7 ms - Map
155.6 ±  1.6 ms - getState
0.198577
0.218374
0.291047
2846.5 ±  0.0 ms - Total time
2278.0 ±  0.0 ms - Build f time
130.8 ±  1.7 ms - Apply f time
1910.5 ± 28.6 ms - Real f time 
538.9 ± 22.2 ms - Add time
 19.7 ±  0.5 ms - Find child
 27.5 ±  0.6 ms - Add child
426.0 ±  2.0 ms - Hash
289.7 ± 59.7 ms - Map
184.8 ±  1.7 ms - getState
0.263517
0.296216
0.405938
3252.4 ±  0.0 ms - Total time
2541.5 ±  0.0 ms - Build f time
155.0 ±  1.9 ms - Apply f time
2140.1 ± 29.0 ms - Real f time 
621.3 ± 22.2 ms - Add time
 24.9 ±  0.6 ms - Find child
 35.0 ±  0.7 ms - Add child
486.6 ±  2.1 ms - Hash
320.9 ± 59.6 ms - Map
233.3 ±  1.9 ms - getState
0.147495
0.161393
0.219801
3472.3 ±  0.0 ms - Total time
2689.0 ±  0.0 ms - Build f time
169.4 ±  1.9 ms - Apply f time
2263.6 ± 29.1 ms - Real f time 
661.0 ± 22.2 ms - Add time
 28.4 ±  0.6 ms - Find child
 39.4 ±  0.7 ms - Add child
525.3 ±  2.2 ms - Hash
341.1 ± 59.6 ms - Map
254.2 ±  1.9 ms - getState
0.260046
0.289134
0.40542
3877.8 ±  0.0 ms - Total time
2949.0 ±  0.0 ms - Build f time
197.0 ±  2.3 ms - Apply f time
2472.2 ± 29.3 ms - Real f time 
740.3 ± 22.3 ms - Add time
 34.7 ±  0.7 ms - Find child
 47.1 ±  0.8 ms - Add child
604.9 ± 17.0 ms - Hash
376.1 ± 59.6 ms - Map
302.7 ±  2.2 ms - getState
Dag sizes: 110101 151068 92418 109252 149738 91721 158043 
brutePieces time: 2.24385
190.7 ±  0.0 ms - Piece loop time
 88.5 ± 46.1 ms - Set time
136.6 ±  3.1 ms - Child looking time
Nodes:  862341
Pieces: 18938
makePieces time: 0.191935
Memory: 19.4 + 44.2 + 27.6 + 43.2 + 8.2 MB
  0.6 ±  0.0 ms - Greedy fill time
composePieces time: 0.0934554
                                                                                