Running only task # 279
Using max depth 33
 |                                        | 0 / 416 (0.0%)Function count: 142
0.0635425
0.0703511
0.102732
0.111507
0.128966
0.138897
0.0609038
0.0646982
0.0993338
0.108116
0.109631
0.120438
0.139039
0.153921
 65.5 ±  0.0 ms - Piece loop time
 43.0 ± 35.3 ms - Set time
 55.6 ±  1.5 ms - Child looking time
0.065248
0.0691295
0.0877659
855.9 ±  0.0 ms - Total time
769.4 ±  0.0 ms - Build f time
 26.2 ±  0.6 ms - Apply f time
644.9 ±  9.0 ms - Real f time 
147.9 ±  8.3 ms - Add time
  2.8 ±  0.2 ms - Find child
  4.3 ±  0.2 ms - Add child
122.2 ±  1.5 ms - Hash
103.2 ± 36.8 ms - Map
 28.0 ±  0.5 ms - getState
0.102236
0.111108
0.163031
1018.9 ±  0.0 ms - Total time
871.6 ±  0.0 ms - Build f time
 38.2 ±  1.1 ms - Apply f time
735.9 ±  9.2 ms - Real f time 
182.6 ±  8.8 ms - Add time
  5.3 ±  0.3 ms - Find child
  7.7 ±  0.3 ms - Add child
151.8 ±  1.6 ms - Hash
120.6 ± 36.8 ms - Map
 44.7 ±  0.6 ms - getState
0.107404
0.117537
0.173087
1192.1 ±  0.0 ms - Total time
979.0 ±  0.0 ms - Build f time
 49.4 ±  1.2 ms - Apply f time
834.2 ±  9.4 ms - Real f time 
218.3 ±  8.8 ms - Add time
  8.3 ±  0.3 ms - Find child
 11.3 ±  0.4 ms - Add child
181.4 ±  1.7 ms - Hash
137.4 ± 36.8 ms - Map
 63.9 ±  0.7 ms - getState
0.0676113
0.0715363
0.0921729
1284.3 ±  0.0 ms - Total time
1046.6 ±  0.0 ms - Build f time
 54.0 ±  1.2 ms - Apply f time
897.6 ±  9.6 ms - Real f time 
233.5 ±  8.9 ms - Add time
  9.5 ±  0.4 ms - Find child
 13.2 ±  0.4 ms - Add child
197.9 ±  1.7 ms - Hash
147.0 ± 36.8 ms - Map
 71.0 ±  1.0 ms - getState
0.104495
0.11355
0.167862
1452.2 ±  0.0 ms - Total time
1151.1 ±  0.0 ms - Build f time
 64.8 ±  1.3 ms - Apply f time
987.1 ±  9.7 ms - Real f time 
266.0 ±  8.9 ms - Add time
 12.3 ±  0.4 ms - Find child
 17.1 ±  0.5 ms - Add child
226.5 ±  1.8 ms - Hash
169.7 ± 37.0 ms - Map
 89.0 ±  1.2 ms - getState
0.138344
0.148957
0.211757
1664.0 ±  0.0 ms - Total time
1289.5 ±  0.0 ms - Build f time
 77.2 ±  1.3 ms - Apply f time
1105.2 ± 10.0 ms - Real f time 
308.7 ±  9.1 ms - Add time
 15.1 ±  0.4 ms - Find child
 20.9 ±  0.5 ms - Add child
258.5 ±  1.9 ms - Hash
194.5 ± 37.0 ms - Map
109.1 ±  1.3 ms - getState
0.154171
0.169463
0.25753
1921.6 ±  0.0 ms - Total time
1443.7 ±  0.0 ms - Build f time
 94.3 ±  1.4 ms - Apply f time
1239.2 ± 10.4 ms - Real f time 
361.8 ±  9.2 ms - Add time
 18.6 ±  0.5 ms - Find child
 27.3 ±  0.9 ms - Add child
298.2 ±  2.0 ms - Hash
224.9 ± 37.0 ms - Map
140.4 ±  1.4 ms - getState
Dag sizes: 40497 96548 98855 41040 95554 104729 135313 
brutePieces time: 1.1586
167.3 ±  0.0 ms - Piece loop time
 80.5 ± 46.4 ms - Set time
126.1 ±  2.8 ms - Child looking time
Nodes:  612536
Pieces: 120876
makePieces time: 0.169243
Memory: 8.5 + 26.3 + 19.6 + 39.2 + 8.1 MB
 30.8 ±  4.5 ms - Greedy fill time
composePieces time: 2.00076
                                                                                