Running only task # 390
Using max depth 3
 |                                        | 0 / 416 (0.0%)Function count: 142
0.0441854
0.04703
0.045018
0.0477562
0.0474228
0.0506564
  7.4 ±  0.0 ms - Piece loop time
 39.4 ± 37.3 ms - Set time
  5.3 ±  0.5 ms - Child looking time
0.0447788
0.0474668
0.104862
250.4 ±  0.0 ms - Total time
181.4 ±  0.0 ms - Build f time
 14.9 ±  0.5 ms - Apply f time
162.9 ±  2.2 ms - Real f time 
 52.9 ±  3.6 ms - Add time
  3.7 ±  0.2 ms - Find child
  4.9 ±  0.2 ms - Add child
 42.8 ±  1.2 ms - Hash
 60.5 ± 36.0 ms - Map
 14.8 ±  0.4 ms - getState
0.0460698
0.048789
0.105831
356.3 ±  0.0 ms - Total time
227.5 ±  0.0 ms - Build f time
 25.5 ±  0.6 ms - Apply f time
209.0 ±  2.3 ms - Real f time 
 81.4 ±  3.7 ms - Add time
  7.0 ±  0.3 ms - Find child
  9.7 ±  0.4 ms - Add child
 64.4 ±  1.3 ms - Hash
 73.7 ± 36.0 ms - Map
 26.8 ±  0.5 ms - getState
0.048849
0.0517862
0.113271
469.6 ±  0.0 ms - Total time
276.3 ±  0.0 ms - Build f time
 36.9 ±  0.7 ms - Apply f time
257.3 ±  2.6 ms - Real f time 
110.6 ±  3.7 ms - Add time
 10.6 ±  0.4 ms - Find child
 14.8 ±  0.4 ms - Add child
 86.7 ±  1.3 ms - Hash
 86.9 ± 35.9 ms - Map
 39.9 ±  0.6 ms - getState
Dag sizes: 105828 108479 116340 
brutePieces time: 0.326186
 31.3 ±  0.0 ms - Piece loop time
 45.4 ± 35.8 ms - Set time
 21.3 ±  0.7 ms - Child looking time
Nodes:  330647
Pieces: 80864
makePieces time: 0.0322792
Memory: 3.3 + 12.1 + 10.6 + 17.9 + 2.7 MB
  0.7 ±  0.0 ms - Greedy fill time
composePieces time: 0.0974788
                                                                                