Running only task # 146
Using max depth 4
 |                                        | 0 / 416 (0.0%)Function count: 142
0.0918651
0.102789
0.0963114
0.104705
0.0960021
0.104889
 14.9 ±  0.0 ms - Piece loop time
 41.5 ± 37.6 ms - Set time
  9.8 ±  0.7 ms - Child looking time
2.56333
2.81738
4.58137
4893.9 ±  0.0 ms - Total time
2847.5 ±  0.0 ms - Build f time
328.3 ±  2.0 ms - Apply f time
2537.4 ± 10.4 ms - Real f time 
922.8 ± 13.2 ms - Add time
 78.1 ±  2.5 ms - Find child
112.4 ±  1.3 ms - Add child
780.6 ±  3.0 ms - Hash
813.9 ± 35.9 ms - Map
452.5 ±  7.7 ms - getState
2.68763
2.96592
4.87669
9770.6 ±  0.0 ms - Total time
5535.1 ±  0.0 ms - Build f time
684.2 ±  4.9 ms - Apply f time
4972.9 ± 13.6 ms - Real f time 
1914.0 ± 27.5 ms - Add time
163.3 ±  2.8 ms - Find child
229.1 ±  2.1 ms - Add child
1580.0 ±  4.3 ms - Hash
1582.8 ± 36.5 ms - Map
930.8 ±  8.2 ms - getState
2.7836
3.06957
5.07235
14843.0 ±  0.0 ms - Total time
8318.7 ±  0.0 ms - Build f time
1054.1 ±  5.8 ms - Apply f time
7522.2 ± 17.0 ms - Real f time 
2940.1 ± 48.4 ms - Add time
248.9 ±  3.0 ms - Find child
353.9 ±  2.5 ms - Add child
2401.4 ±  6.0 ms - Hash
2374.1 ± 37.0 ms - Map
1423.1 ±  8.5 ms - getState
Dag sizes: 2510484 2768454 2833586 
brutePieces time: 14.5317
1962.0 ±  0.0 ms - Piece loop time
1157.5 ± 301.4 ms - Set time
1039.1 ±  8.3 ms - Child looking time
Nodes:  8112524
Pieces: 2420753
makePieces time: 1.96752
Memory: 111.2 + 316.0 + 259.6 + 196.9 + 83.3 MB
 27.1 ±  0.0 ms - Greedy fill time
composePieces time: 4.36522
                                                                                