Running only task # 80
Using max depth 3
 |                                        | 0 / 416 (0.0%)Function count: 142
0.00415261
0.00440002
0.00489223
0.00511476
0.00663179
0.00692221
0.00530402
0.00553068
0.00614946
0.00641241
 10.7 ±  0.0 ms - Piece loop time
 41.4 ± 40.4 ms - Set time
  8.6 ±  0.5 ms - Child looking time
0.00494977
0.00513768
0.00532453
 33.8 ±  0.0 ms - Total time
 32.1 ±  0.0 ms - Build f time
  0.5 ±  0.1 ms - Apply f time
 32.4 ±  0.7 ms - Real f time 
  5.2 ±  0.3 ms - Add time
  0.2 ±  0.1 ms - Find child
  0.2 ±  0.1 ms - Add child
  6.1 ±  0.3 ms - Hash
 42.3 ± 38.1 ms - Map
  0.9 ±  0.3 ms - getState
0.00491272
0.00509823
0.00527796
 39.0 ±  0.0 ms - Total time
 37.0 ±  0.0 ms - Build f time
  0.7 ±  0.1 ms - Apply f time
 37.4 ±  0.8 ms - Real f time 
  6.1 ±  0.3 ms - Add time
  0.2 ±  0.1 ms - Find child
  0.3 ±  0.1 ms - Add child
  7.1 ±  0.3 ms - Hash
 42.8 ± 38.0 ms - Map
  1.1 ±  0.3 ms - getState
0.006662
0.0069428
0.00718752
 46.2 ±  0.0 ms - Total time
 43.7 ±  0.0 ms - Build f time
  1.0 ±  0.1 ms - Apply f time
 44.4 ±  0.8 ms - Real f time 
  7.2 ±  0.3 ms - Add time
  0.3 ±  0.1 ms - Find child
  0.4 ±  0.1 ms - Add child
  8.5 ±  0.3 ms - Hash
 44.0 ± 38.2 ms - Map
  1.3 ±  0.3 ms - getState
0.00534696
0.00555269
0.00575732
 52.0 ±  0.0 ms - Total time
 49.0 ±  0.0 ms - Build f time
  1.2 ±  0.1 ms - Apply f time
 49.9 ±  0.8 ms - Real f time 
  8.3 ±  0.3 ms - Add time
  0.4 ±  0.1 ms - Find child
  0.4 ±  0.1 ms - Add child
  9.4 ±  0.3 ms - Hash
 46.2 ± 38.3 ms - Map
  1.4 ±  0.3 ms - getState
0.00628414
0.00654967
0.00679989
 58.8 ±  0.0 ms - Total time
 55.3 ±  0.0 ms - Build f time
  1.5 ±  0.1 ms - Apply f time
 56.5 ±  0.9 ms - Real f time 
  9.6 ±  0.4 ms - Add time
  0.5 ±  0.1 ms - Find child
  0.5 ±  0.1 ms - Add child
 10.7 ±  0.4 ms - Hash
 47.3 ± 38.3 ms - Map
  1.6 ±  0.3 ms - getState
Dag sizes: 1513 1758 2457 1911 2256 
brutePieces time: 0.0344753
 11.4 ±  0.0 ms - Piece loop time
 39.4 ± 38.2 ms - Set time
  9.5 ±  0.5 ms - Child looking time
Nodes:  9895
Pieces: 2091
makePieces time: 0.0121645
Memory: 0.1 + 2.0 + 0.3 + 21.1 + 0.3 MB
  0.2 ±  0.0 ms - Greedy fill time
composePieces time: 0.00631383
                                                                                