Running only task # 351
Using max depth 23
 |                                        | 0 / 416 (0.0%)Function count: 142
0.0423906
0.0449471
0.0555557
0.0586732
0.0416279
0.0439625
0.0551751
0.0583398
0.0531122
0.0561252
 17.5 ±  0.0 ms - Piece loop time
 39.6 ± 36.6 ms - Set time
 15.0 ±  1.2 ms - Child looking time
0.043768
0.0461269
0.064497
326.7 ±  0.0 ms - Total time
291.6 ±  0.0 ms - Build f time
  8.7 ±  0.3 ms - Apply f time
265.5 ± 13.5 ms - Real f time 
 54.5 ±  4.7 ms - Add time
  1.7 ±  0.1 ms - Find child
  2.4 ±  0.2 ms - Add child
 51.2 ±  1.0 ms - Hash
108.4 ± 57.2 ms - Map
 10.9 ±  0.3 ms - getState
0.0564133
0.0596407
0.086817
413.5 ±  0.0 ms - Total time
348.0 ±  0.0 ms - Build f time
 14.2 ±  0.4 ms - Apply f time
317.8 ± 13.5 ms - Real f time 
 84.7 ± 13.9 ms - Add time
  3.3 ±  0.2 ms - Find child
  4.7 ±  0.2 ms - Add child
 66.9 ±  1.0 ms - Hash
118.4 ± 57.2 ms - Map
 18.4 ±  0.4 ms - getState
0.043811
0.0462383
0.0652323
478.8 ±  0.0 ms - Total time
391.9 ±  0.0 ms - Build f time
 18.4 ±  0.5 ms - Apply f time
357.9 ± 13.6 ms - Real f time 
 98.4 ± 14.0 ms - Add time
  4.4 ±  0.2 ms - Find child
  6.1 ±  0.3 ms - Add child
 78.7 ±  1.1 ms - Hash
161.6 ± 67.6 ms - Map
 23.7 ±  0.5 ms - getState
0.0572343
0.0604553
0.0866576
565.5 ±  0.0 ms - Total time
449.1 ±  0.0 ms - Build f time
 23.7 ±  0.5 ms - Apply f time
410.8 ± 13.7 ms - Real f time 
117.5 ± 14.1 ms - Add time
  6.0 ±  0.3 ms - Find child
  8.3 ±  0.3 ms - Add child
 94.7 ±  1.2 ms - Hash
171.5 ± 67.7 ms - Map
 30.8 ±  0.5 ms - getState
0.0553205
0.0583758
0.0860411
651.6 ±  0.0 ms - Total time
504.4 ±  0.0 ms - Build f time
 29.0 ±  0.6 ms - Apply f time
460.6 ± 13.7 ms - Real f time 
134.4 ± 14.2 ms - Add time
  7.6 ±  0.3 ms - Find child
 10.5 ±  0.4 ms - Add child
109.9 ±  1.2 ms - Hash
182.2 ± 67.7 ms - Map
 37.8 ±  0.6 ms - getState
Dag sizes: 41877 57720 41877 57740 58198 
brutePieces time: 0.392508
 41.4 ±  0.0 ms - Piece loop time
 54.8 ± 44.8 ms - Set time
 28.4 ±  0.9 ms - Child looking time
Nodes:  257412
Pieces: 46128
makePieces time: 0.0425027
Memory: 2.6 + 12.2 + 8.2 + 25.1 + 2.4 MB
  7.1 ±  0.0 ms - Greedy fill time
composePieces time: 0.19673
                                                                                