Running only task # 21
Using max depth 23
 |                                        | 0 / 416 (0.0%)Function count: 142
0.121098
0.132191
0.197713
0.213755
0.118663
0.128116
0.187374
0.203237
0.232655
0.250965
 43.0 ±  0.0 ms - Piece loop time
 56.3 ± 46.4 ms - Set time
 32.3 ±  2.6 ms - Child looking time
0.119481
0.128919
0.243692
1172.3 ±  0.0 ms - Total time
977.0 ±  0.0 ms - Build f time
 43.3 ±  1.1 ms - Apply f time
762.4 ±  8.7 ms - Real f time 
216.8 ±  4.4 ms - Add time
  5.5 ±  0.3 ms - Find child
  9.0 ±  0.3 ms - Add child
184.7 ±  1.5 ms - Hash
128.7 ± 43.8 ms - Map
 55.4 ±  1.0 ms - getState
0.190339
0.206109
0.418426
1590.7 ±  0.0 ms - Total time
1167.3 ±  0.0 ms - Build f time
 72.8 ±  1.3 ms - Apply f time
933.6 ± 10.0 ms - Real f time 
325.0 ±  8.8 ms - Add time
 12.1 ±  0.4 ms - Find child
 18.1 ±  0.5 ms - Add child
270.1 ±  1.7 ms - Hash
169.0 ± 43.8 ms - Map
109.9 ±  1.4 ms - getState
0.120352
0.129918
0.248117
1838.9 ±  0.0 ms - Total time
1287.7 ±  0.0 ms - Build f time
 93.4 ±  1.7 ms - Apply f time
1042.2 ± 10.3 ms - Real f time 
380.7 ±  8.9 ms - Add time
 17.1 ±  0.5 ms - Find child
 24.8 ±  0.6 ms - Add child
319.2 ±  1.9 ms - Hash
199.1 ± 43.9 ms - Map
139.0 ±  1.6 ms - getState
0.188349
0.204262
0.428424
2267.4 ±  0.0 ms - Total time
1476.0 ±  0.0 ms - Build f time
124.8 ±  1.9 ms - Apply f time
1201.3 ± 10.6 ms - Real f time 
484.0 ±  9.1 ms - Add time
 23.6 ±  0.5 ms - Find child
 34.1 ±  0.7 ms - Add child
406.8 ±  2.2 ms - Hash
238.6 ± 43.8 ms - Map
197.6 ±  1.8 ms - getState
0.26142
0.279296
0.531497
2798.9 ±  0.0 ms - Total time
1737.4 ±  0.0 ms - Build f time
154.9 ±  2.0 ms - Apply f time
1424.7 ± 14.9 ms - Real f time 
613.3 ±  9.5 ms - Add time
 28.6 ±  0.6 ms - Find child
 41.4 ±  0.7 ms - Add child
523.2 ±  2.5 ms - Hash
268.3 ± 43.9 ms - Map
266.0 ±  4.0 ms - getState
Dag sizes: 139199 198677 139568 199303 160252 
brutePieces time: 1.87323
140.5 ±  0.0 ms - Piece loop time
 72.9 ± 44.3 ms - Set time
105.5 ±  1.5 ms - Child looking time
Nodes:  836999
Pieces: 179965
makePieces time: 0.14211
Memory: 21.3 + 32.8 + 26.8 + 34.4 + 8.6 MB
  7.9 ±  0.0 ms - Greedy fill time
composePieces time: 1.75169
                                                                                