Running only task # 322
Using max depth 33
 |                                        | 0 / 416 (0.0%)Function count: 142
0.0143341
0.0154418
0.0209046
0.0222186
0.0156423
0.0165122
0.0169349
0.0179959
0.0229693
0.0246296
0.0170459
0.0179851
0.0241568
0.0254776
 41.9 ±  0.0 ms - Piece loop time
 44.7 ± 40.0 ms - Set time
 35.1 ±  1.1 ms - Child looking time
0.0154361
0.0167625
0.0195972
160.0 ±  0.0 ms - Total time
147.4 ±  0.0 ms - Build f time
  4.8 ±  0.2 ms - Apply f time
151.0 ± 13.0 ms - Real f time 
 26.8 ±  1.0 ms - Add time
  1.1 ±  0.1 ms - Find child
  1.8 ±  0.2 ms - Add child
 23.8 ±  0.6 ms - Hash
104.9 ± 57.6 ms - Map
  4.5 ±  0.2 ms - getState
0.0250356
0.0264937
0.028687
188.7 ±  0.0 ms - Total time
172.5 ±  0.0 ms - Build f time
  6.1 ±  0.3 ms - Apply f time
174.0 ± 13.0 ms - Real f time 
 31.2 ±  1.1 ms - Add time
  1.6 ±  0.1 ms - Find child
  2.7 ±  0.2 ms - Add child
 27.9 ±  0.6 ms - Hash
108.9 ± 57.5 ms - Map
  5.6 ±  0.3 ms - getState
0.0216712
0.02293
0.0255337
214.3 ±  0.0 ms - Total time
194.1 ±  0.0 ms - Build f time
  7.7 ±  0.3 ms - Apply f time
194.6 ± 13.0 ms - Real f time 
 34.9 ±  1.1 ms - Add time
  2.1 ±  0.2 ms - Find child
  3.3 ±  0.2 ms - Add child
 31.8 ±  0.6 ms - Hash
111.7 ± 57.5 ms - Map
  6.8 ±  0.3 ms - getState
0.0194355
0.0202767
0.0219421
236.2 ±  0.0 ms - Total time
213.6 ±  0.0 ms - Build f time
  8.7 ±  0.3 ms - Apply f time
212.9 ± 13.1 ms - Real f time 
 39.0 ±  1.1 ms - Add time
  2.5 ±  0.2 ms - Find child
  3.7 ±  0.2 ms - Add child
 34.7 ±  0.7 ms - Hash
114.1 ± 57.4 ms - Map
  7.6 ±  0.3 ms - getState
0.0189896
0.0202289
0.0226494
258.9 ±  0.0 ms - Total time
232.6 ±  0.0 ms - Build f time
 10.1 ±  0.3 ms - Apply f time
231.3 ± 13.1 ms - Real f time 
 43.1 ±  1.2 ms - Add time
  3.0 ±  0.2 ms - Find child
  4.3 ±  0.2 ms - Add child
 38.4 ±  0.7 ms - Hash
117.7 ± 57.4 ms - Map
  8.8 ±  0.3 ms - getState
0.0138539
0.0147358
0.0167119
275.6 ±  0.0 ms - Total time
246.4 ±  0.0 ms - Build f time
 10.9 ±  0.4 ms - Apply f time
245.8 ± 13.1 ms - Real f time 
 46.2 ±  1.2 ms - Add time
  3.4 ±  0.2 ms - Find child
  5.1 ±  0.4 ms - Add child
 41.2 ±  0.7 ms - Hash
120.2 ± 57.4 ms - Map
  9.6 ±  0.3 ms - getState
0.021029
0.0223419
0.0251986
300.9 ±  0.0 ms - Total time
267.4 ±  0.0 ms - Build f time
 12.8 ±  0.4 ms - Apply f time
266.2 ± 13.1 ms - Real f time 
 52.1 ±  1.9 ms - Add time
  3.9 ±  0.2 ms - Find child
  5.7 ±  0.4 ms - Add child
 45.3 ±  0.8 ms - Hash
124.2 ± 57.5 ms - Map
 11.1 ±  0.3 ms - getState
Dag sizes: 8422 11364 8032 8424 12340 8373 13342 
brutePieces time: 0.165716
 55.0 ±  0.0 ms - Piece loop time
 43.1 ± 35.2 ms - Set time
 45.5 ±  1.3 ms - Child looking time
Nodes:  70297
Pieces: 20406
makePieces time: 0.0558327
Memory: 0.3 + 8.2 + 2.2 + 30.5 + 1.8 MB
  1.3 ±  0.2 ms - Greedy fill time
composePieces time: 0.164088
                                                                                