Running only task # 309
Using max depth 33
 |                                        | 0 / 416 (0.0%)Function count: 142
0.0391608
0.0420612
0.0493501
0.0541614
0.0422206
0.0450373
0.0301429
0.0322613
0.0382474
0.0408444
0.0449277
0.0478024
0.0378581
0.042036
0.0440494
0.0460893
0.0403294
0.0435886
 45.7 ±  0.0 ms - Piece loop time
 43.7 ± 38.3 ms - Set time
 39.3 ±  1.4 ms - Child looking time
0.0388451
0.0415887
0.052109
446.3 ±  0.0 ms - Total time
405.1 ±  0.0 ms - Build f time
 14.0 ±  0.4 ms - Apply f time
351.4 ±  2.6 ms - Real f time 
 72.6 ±  2.5 ms - Add time
  2.2 ±  0.2 ms - Find child
  2.9 ±  0.2 ms - Add child
 62.2 ±  0.8 ms - Hash
115.9 ± 52.0 ms - Map
 13.7 ±  0.4 ms - getState
0.0419039
0.0449674
0.0575288
503.8 ±  0.0 ms - Total time
447.0 ±  0.0 ms - Build f time
 17.6 ±  0.5 ms - Apply f time
388.7 ±  2.8 ms - Real f time 
 82.6 ±  2.6 ms - Add time
  3.7 ±  0.2 ms - Find child
  4.4 ±  0.2 ms - Add child
 71.5 ±  0.9 ms - Hash
123.3 ± 52.1 ms - Map
 17.6 ±  0.4 ms - getState
0.0370406
0.0394264
0.0487294
552.6 ±  0.0 ms - Total time
484.1 ±  0.0 ms - Build f time
 21.5 ±  0.5 ms - Apply f time
422.3 ±  2.8 ms - Real f time 
 91.6 ±  2.6 ms - Add time
  4.9 ±  0.2 ms - Find child
  5.8 ±  0.3 ms - Add child
 79.5 ±  0.9 ms - Hash
128.3 ± 52.1 ms - Map
 21.1 ±  0.5 ms - getState
0.0314677
0.033614
0.0412998
593.9 ±  0.0 ms - Total time
515.5 ±  0.0 ms - Build f time
 23.8 ±  0.5 ms - Apply f time
450.4 ±  2.9 ms - Real f time 
 98.6 ±  2.6 ms - Add time
  5.8 ±  0.3 ms - Find child
  6.8 ±  0.3 ms - Add child
 86.0 ±  1.0 ms - Hash
133.1 ± 52.1 ms - Map
 23.8 ±  0.5 ms - getState
0.0411
0.0438197
0.0542863
648.2 ±  0.0 ms - Total time
556.6 ±  0.0 ms - Build f time
 27.8 ±  0.6 ms - Apply f time
487.0 ±  3.0 ms - Real f time 
108.5 ±  2.6 ms - Add time
  6.9 ±  0.3 ms - Find child
  8.6 ±  0.3 ms - Add child
 95.4 ±  1.0 ms - Hash
139.4 ± 52.1 ms - Map
 27.2 ±  0.6 ms - getState
0.0421824
0.0451542
0.0572465
705.5 ±  0.0 ms - Total time
598.8 ±  0.0 ms - Build f time
 32.0 ±  0.6 ms - Apply f time
526.2 ±  3.1 ms - Real f time 
118.8 ±  2.7 ms - Add time
  8.1 ±  0.3 ms - Find child
 10.3 ±  0.4 ms - Add child
104.8 ±  1.1 ms - Hash
145.7 ± 52.1 ms - Map
 30.9 ±  0.6 ms - getState
0.0391444
0.0417931
0.0516378
757.2 ±  0.0 ms - Total time
638.0 ±  0.0 ms - Build f time
 35.3 ±  0.6 ms - Apply f time
563.0 ±  3.2 ms - Real f time 
127.9 ±  2.7 ms - Add time
  9.1 ±  0.3 ms - Find child
 11.8 ±  0.4 ms - Add child
113.0 ±  1.1 ms - Hash
152.4 ± 52.1 ms - Map
 34.4 ±  0.6 ms - getState
0.0313225
0.0335364
0.0412678
798.5 ±  0.0 ms - Total time
669.3 ±  0.0 ms - Build f time
 38.0 ±  0.7 ms - Apply f time
591.7 ±  3.3 ms - Real f time 
139.2 ±  4.7 ms - Add time
  9.9 ±  0.4 ms - Find child
 12.7 ±  0.4 ms - Add child
119.7 ±  1.2 ms - Hash
157.5 ± 52.1 ms - Map
 37.0 ±  0.6 ms - getState
0.0422882
0.0461056
0.0583734
856.9 ±  0.0 ms - Total time
711.6 ±  0.0 ms - Build f time
 42.0 ±  0.7 ms - Apply f time
630.0 ±  3.4 ms - Real f time 
151.1 ±  4.7 ms - Add time
 11.1 ±  0.4 ms - Find child
 14.4 ±  0.4 ms - Add child
129.2 ±  1.2 ms - Hash
164.9 ± 52.1 ms - Map
 41.1 ±  0.7 ms - getState
Dag sizes: 32023 35322 29073 22911 32394 34944 28849 22755 35250 
brutePieces time: 0.469396
 92.3 ±  0.0 ms - Piece loop time
 48.1 ± 36.7 ms - Set time
 73.5 ±  1.8 ms - Child looking time
Nodes:  273521
Pieces: 9256
makePieces time: 0.0932595
Memory: 2.1 + 18.8 + 8.8 + 42.1 + 4.0 MB
  0.8 ±  0.0 ms - Greedy fill time
composePieces time: 0.0584117
                                                                                