Running only task # 114
Using max depth 4
 |                                        | 0 / 416 (0.0%)Function count: 142
0.0360697
0.0394793
0.0313647
0.0341657
0.0360291
0.0391325
0.0367219
0.0404112
0.0323262
0.0354874
0.0335426
0.0365386
0.0314588
0.0343653
0.0361225
0.0391929
 55.6 ±  0.0 ms - Piece loop time
 50.6 ± 42.8 ms - Set time
 46.9 ±  2.0 ms - Child looking time
0.73658
0.792439
0.915734
1214.7 ±  0.0 ms - Total time
1010.2 ±  0.0 ms - Build f time
 71.6 ± 13.5 ms - Apply f time
962.0 ±  7.3 ms - Real f time 
193.9 ±  8.3 ms - Add time
 17.4 ±  0.5 ms - Find child
 23.1 ±  0.8 ms - Add child
178.9 ±  2.1 ms - Hash
215.1 ± 36.5 ms - Map
 58.4 ±  1.5 ms - getState
0.581719
0.623328
0.720438
1935.2 ±  0.0 ms - Total time
1591.9 ±  0.0 ms - Build f time
111.4 ± 13.5 ms - Apply f time
1514.3 ±  8.8 ms - Real f time 
299.5 ±  8.5 ms - Add time
 30.5 ±  0.7 ms - Find child
 38.5 ±  0.9 ms - Add child
291.3 ±  2.4 ms - Hash
334.3 ± 36.6 ms - Map
 96.0 ±  2.0 ms - getState
0.714551
0.771828
0.900759
2836.0 ±  0.0 ms - Total time
2306.5 ±  0.0 ms - Build f time
159.3 ± 13.6 ms - Apply f time
2197.7 ± 18.9 ms - Real f time 
428.3 ±  8.6 ms - Add time
 46.8 ±  1.0 ms - Find child
 58.3 ±  1.1 ms - Add child
421.3 ±  2.7 ms - Hash
512.4 ± 40.3 ms - Map
142.3 ±  2.1 ms - getState
0.732092
0.792672
0.928133
3764.2 ±  0.0 ms - Total time
3038.6 ±  0.0 ms - Build f time
211.0 ± 13.6 ms - Apply f time
2894.9 ± 19.4 ms - Real f time 
594.0 ± 28.0 ms - Add time
 63.4 ±  1.1 ms - Find child
 80.2 ±  1.4 ms - Add child
554.0 ±  3.1 ms - Hash
676.5 ± 40.5 ms - Map
192.6 ±  2.4 ms - getState
0.647004
0.709635
0.823701
4587.9 ±  0.0 ms - Total time
3685.6 ±  0.0 ms - Build f time
258.2 ± 13.6 ms - Apply f time
3511.7 ± 19.7 ms - Real f time 
711.4 ± 28.0 ms - Add time
 77.8 ±  1.2 ms - Find child
 99.6 ±  1.5 ms - Add child
672.8 ±  3.4 ms - Hash
810.1 ± 40.5 ms - Map
234.9 ±  2.4 ms - getState
0.634137
0.68731
0.802347
5390.3 ±  0.0 ms - Total time
4319.7 ±  0.0 ms - Build f time
301.8 ± 13.6 ms - Apply f time
4103.8 ± 20.4 ms - Real f time 
828.3 ± 28.1 ms - Add time
 91.4 ±  1.3 ms - Find child
117.3 ±  1.5 ms - Add child
793.3 ±  3.6 ms - Hash
951.2 ± 40.6 ms - Map
277.1 ±  2.6 ms - getState
0.598886
0.643518
0.759383
6149.8 ±  0.0 ms - Total time
4918.6 ±  0.0 ms - Build f time
344.0 ± 13.6 ms - Apply f time
4668.8 ± 21.3 ms - Real f time 
953.9 ± 31.1 ms - Add time
105.9 ±  1.4 ms - Find child
135.7 ±  1.7 ms - Add child
910.9 ±  6.7 ms - Hash
1085.8 ± 40.7 ms - Map
317.7 ±  2.7 ms - getState
0.615946
0.658645
0.77475
6924.5 ±  0.0 ms - Total time
5534.5 ±  0.0 ms - Build f time
385.3 ± 13.7 ms - Apply f time
5256.8 ± 21.7 ms - Real f time 
1066.0 ± 31.1 ms - Add time
120.0 ±  1.4 ms - Find child
154.2 ±  1.9 ms - Add child
1023.7 ±  6.8 ms - Hash
1214.9 ± 40.8 ms - Map
358.5 ±  2.9 ms - getState
Dag sizes: 438061 349651 430259 447945 410109 391097 377328 368945 
brutePieces time: 6.63216
3297.9 ±  0.0 ms - Piece loop time
638.3 ± 149.1 ms - Set time
2608.7 ± 23.2 ms - Child looking time
Nodes:  3213395
Pieces: 64876
makePieces time: 3.2997
Memory: 17.3 + 277.0 + 102.8 + 85.0 + 81.8 MB
  1.7 ±  0.2 ms - Greedy fill time
composePieces time: 0.437665
                                                                                