Running only task # 73
Using max depth 33
 |                                        | 0 / 416 (0.0%)Function count: 142
0.0416007
0.044433
0.0471353
0.0509109
0.0408569
0.043822
0.0466096
0.0501408
0.0511663
0.057164
 25.3 ±  0.0 ms - Piece loop time
 41.0 ± 36.7 ms - Set time
 19.3 ±  0.8 ms - Child looking time
0.0404242
0.0428823
0.0653261
311.9 ±  0.0 ms - Total time
267.8 ±  0.0 ms - Build f time
 13.5 ±  0.4 ms - Apply f time
237.0 ±  2.2 ms - Real f time 
 56.5 ±  1.2 ms - Add time
  2.9 ±  0.2 ms - Find child
  4.0 ±  0.3 ms - Add child
 52.5 ±  1.3 ms - Hash
 68.0 ± 38.2 ms - Map
 12.8 ±  0.3 ms - getState
0.0477128
0.051133
0.0797138
391.7 ±  0.0 ms - Total time
315.5 ±  0.0 ms - Build f time
 21.7 ±  0.5 ms - Apply f time
285.5 ±  2.3 ms - Real f time 
 74.8 ±  1.3 ms - Add time
  5.4 ±  0.3 ms - Find child
  7.0 ±  0.3 ms - Add child
 67.8 ±  1.4 ms - Hash
 76.9 ± 38.2 ms - Map
 20.5 ±  0.4 ms - getState
0.042089
0.0446908
0.0686488
460.3 ±  0.0 ms - Total time
357.6 ±  0.0 ms - Build f time
 28.4 ±  0.6 ms - Apply f time
329.0 ±  2.9 ms - Real f time 
 90.2 ±  1.5 ms - Add time
  7.1 ±  0.3 ms - Find child
  9.4 ±  0.4 ms - Add child
 80.8 ±  1.4 ms - Hash
 84.8 ± 38.2 ms - Map
 26.8 ±  0.5 ms - getState
0.0580112
0.0614936
0.0910866
551.5 ±  0.0 ms - Total time
415.6 ±  0.0 ms - Build f time
 36.0 ±  0.6 ms - Apply f time
386.0 ±  4.0 ms - Real f time 
110.1 ±  1.6 ms - Add time
  9.5 ±  0.3 ms - Find child
 12.5 ±  0.4 ms - Add child
 95.8 ±  1.5 ms - Hash
101.8 ± 38.7 ms - Map
 34.5 ±  0.6 ms - getState
0.0490964
0.0540833
0.0878531
639.3 ±  0.0 ms - Total time
464.7 ±  0.0 ms - Build f time
 45.0 ±  0.7 ms - Apply f time
434.1 ±  4.1 ms - Real f time 
130.6 ±  2.0 ms - Add time
 12.3 ±  0.4 ms - Find child
 15.4 ±  0.5 ms - Add child
110.8 ±  1.5 ms - Hash
114.6 ± 38.7 ms - Map
 42.8 ±  0.6 ms - getState
Dag sizes: 62758 75817 62987 75512 76155 
brutePieces time: 0.396116
 65.0 ±  0.0 ms - Piece loop time
 50.6 ± 35.3 ms - Set time
 48.6 ±  1.1 ms - Child looking time
Nodes:  353229
Pieces: 75569
makePieces time: 0.0660058
Memory: 2.5 + 15.2 + 11.3 + 26.6 + 3.9 MB
  3.3 ±  0.0 ms - Greedy fill time
composePieces time: 0.384574
                                                                                