Running only task # 87
Using max depth 4
 |                                        | 0 / 416 (0.0%)Function count: 142
0.017837
0.0198934
0.0156272
0.0170678
0.017637
0.0193634
0.0157545
0.0172729
0.0187577
0.0205783
 16.5 ±  0.0 ms - Piece loop time
 38.8 ± 36.6 ms - Set time
 16.6 ±  2.7 ms - Child looking time
0.493315
0.534762
0.673323
767.6 ±  0.0 ms - Total time
578.9 ±  0.0 ms - Build f time
 54.9 ±  0.8 ms - Apply f time
567.9 ±  2.8 ms - Real f time 
139.4 ±  5.1 ms - Add time
 17.5 ±  0.5 ms - Find child
 24.1 ±  0.6 ms - Add child
108.9 ±  1.5 ms - Hash
157.6 ± 36.1 ms - Map
 48.7 ±  0.7 ms - getState
0.403524
0.435755
0.527437
1295.1 ±  0.0 ms - Total time
982.4 ±  0.0 ms - Build f time
 92.1 ±  1.1 ms - Apply f time
965.1 ±  3.6 ms - Real f time 
225.0 ±  5.3 ms - Add time
 31.5 ±  0.6 ms - Find child
 39.7 ±  0.7 ms - Add child
184.8 ±  1.8 ms - Hash
236.6 ± 36.1 ms - Map
 80.8 ±  0.8 ms - getState
0.497435
0.542085
0.669012
1964.2 ±  0.0 ms - Total time
1479.9 ±  0.0 ms - Build f time
144.3 ±  1.3 ms - Apply f time
1470.4 ±  8.4 ms - Real f time 
342.7 ±  5.4 ms - Add time
 49.1 ±  0.8 ms - Find child
 61.7 ±  0.9 ms - Add child
280.2 ±  2.1 ms - Hash
339.3 ± 36.2 ms - Map
125.0 ±  1.1 ms - getState
0.425075
0.457617
0.571717
2535.9 ±  0.0 ms - Total time
1905.0 ±  0.0 ms - Build f time
184.5 ±  1.5 ms - Apply f time
1883.8 ±  8.8 ms - Real f time 
438.1 ±  5.6 ms - Add time
 63.8 ±  0.9 ms - Find child
 80.6 ±  1.1 ms - Add child
362.7 ±  2.3 ms - Hash
433.9 ± 36.3 ms - Map
160.9 ±  1.4 ms - getState
0.525938
0.571438
0.713958
3249.9 ±  0.0 ms - Total time
2430.9 ±  0.0 ms - Build f time
236.6 ±  1.7 ms - Apply f time
2395.3 ±  9.4 ms - Real f time 
556.8 ±  5.7 ms - Add time
 82.1 ±  1.1 ms - Find child
102.0 ±  1.2 ms - Add child
463.2 ±  2.8 ms - Hash
557.6 ± 36.3 ms - Map
206.7 ±  1.5 ms - getState
Dag sizes: 396991 281754 389268 317672 398281 
brutePieces time: 3.15848
1139.1 ±  0.0 ms - Piece loop time
279.4 ± 40.8 ms - Set time
819.5 ±  5.4 ms - Child looking time
Nodes:  1783966
Pieces: 473842
makePieces time: 1.14213
Memory: 9.2 + 140.1 + 57.1 + 49.5 + 34.9 MB
  3.2 ±  0.0 ms - Greedy fill time
composePieces time: 1.14085
                                                                                