Running only task # 276
Using max depth 23
 |                                        | 0 / 416 (0.0%)Function count: 142
0.10698
0.118509
0.104094
0.113738
0.106192
0.116527
0.104931
0.115754
0.101462
0.110802
0.103741
0.114535
0.102581
0.112992
 53.7 ±  0.0 ms - Piece loop time
 47.9 ± 36.4 ms - Set time
 41.5 ±  1.5 ms - Child looking time
0.105382
0.116559
0.156399
959.5 ±  0.0 ms - Total time
835.4 ±  0.0 ms - Build f time
 37.6 ±  0.7 ms - Apply f time
691.6 ±  4.9 ms - Real f time 
169.3 ±  3.8 ms - Add time
  5.3 ±  0.3 ms - Find child
 24.1 ± 16.2 ms - Add child
146.5 ±  1.3 ms - Hash
122.3 ± 40.1 ms - Map
 37.7 ±  0.6 ms - getState
0.104055
0.113754
0.150697
1110.2 ±  0.0 ms - Total time
939.4 ±  0.0 ms - Build f time
 48.0 ±  0.8 ms - Apply f time
786.0 ±  5.2 ms - Real f time 
203.7 ±  8.4 ms - Add time
  8.3 ±  0.3 ms - Find child
 28.2 ± 16.3 ms - Add child
172.8 ±  1.4 ms - Hash
139.0 ± 40.1 ms - Map
 51.4 ±  0.7 ms - getState
0.107886
0.119031
0.159447
1269.7 ±  0.0 ms - Total time
1047.3 ±  0.0 ms - Build f time
 59.5 ±  0.9 ms - Apply f time
877.3 ±  5.4 ms - Real f time 
233.9 ±  8.4 ms - Add time
 11.5 ±  0.4 ms - Find child
 33.6 ± 16.3 ms - Add child
198.6 ±  1.5 ms - Hash
156.4 ± 40.1 ms - Map
 66.4 ±  0.7 ms - getState
0.107831
0.118927
0.158939
1428.7 ±  0.0 ms - Total time
1155.1 ±  0.0 ms - Build f time
 71.3 ±  1.0 ms - Apply f time
972.6 ±  5.7 ms - Real f time 
282.1 ± 17.5 ms - Add time
 14.8 ±  0.4 ms - Find child
 38.4 ± 16.2 ms - Add child
226.2 ±  1.7 ms - Hash
187.7 ± 42.4 ms - Map
 80.7 ±  0.8 ms - getState
0.10589
0.115588
0.163268
1592.0 ±  0.0 ms - Total time
1261.0 ±  0.0 ms - Build f time
 84.4 ±  1.1 ms - Apply f time
1066.8 ±  5.9 ms - Real f time 
312.6 ± 17.5 ms - Add time
 18.8 ±  0.5 ms - Find child
 43.6 ± 16.3 ms - Add child
252.5 ±  1.7 ms - Hash
206.3 ± 42.4 ms - Map
 98.4 ±  1.1 ms - getState
0.111723
0.123751
0.165872
1758.0 ±  0.0 ms - Total time
1372.7 ±  0.0 ms - Build f time
 96.6 ±  1.1 ms - Apply f time
1164.4 ±  6.1 ms - Real f time 
345.0 ± 17.6 ms - Add time
 22.0 ±  0.5 ms - Find child
 48.2 ± 16.2 ms - Add child
278.7 ±  1.8 ms - Hash
225.4 ± 42.3 ms - Map
113.7 ±  1.2 ms - getState
0.10622
0.117135
0.163522
1921.5 ±  0.0 ms - Total time
1479.0 ±  0.0 ms - Build f time
109.6 ±  1.2 ms - Apply f time
1257.3 ±  6.4 ms - Real f time 
379.1 ± 17.7 ms - Add time
 25.4 ±  0.6 ms - Find child
 54.0 ± 16.3 ms - Add child
304.5 ±  1.9 ms - Hash
245.0 ± 42.3 ms - Map
131.2 ±  1.3 ms - getState
Dag sizes: 89585 83557 91725 89224 83535 91340 87092 
brutePieces time: 1.12309
119.7 ±  0.0 ms - Piece loop time
 81.6 ± 56.6 ms - Set time
 84.5 ±  2.0 ms - Child looking time
Nodes:  616058
Pieces: 13369
makePieces time: 0.121143
Memory: 6.9 + 34.8 + 19.7 + 39.2 + 5.6 MB
  1.6 ±  0.2 ms - Greedy fill time
composePieces time: 0.120502
                                                                                