Running only task # 275
Using max depth 3
 |                                        | 0 / 416 (0.0%)Function count: 142
0.480537
0.550361
0.160977
0.180793
0.320152
0.363335
0.222295
0.250658
 37.9 ±  0.0 ms - Piece loop time
 21.3 ± 13.3 ms - Set time
 28.4 ±  1.0 ms - Child looking time
0.479427
0.547796
1.16007
2505.4 ±  0.0 ms - Total time
1663.4 ±  0.0 ms - Build f time
133.6 ±  1.8 ms - Apply f time
1429.9 ± 20.8 ms - Real f time 
577.6 ± 24.1 ms - Add time
 13.4 ±  0.4 ms - Find child
 18.9 ±  0.5 ms - Add child
409.5 ±  2.3 ms - Hash
157.0 ± 38.8 ms - Map
210.7 ±  1.6 ms - getState
0.157959
0.17777
0.380004
2885.4 ±  0.0 ms - Total time
1821.3 ±  0.0 ms - Build f time
170.8 ±  2.5 ms - Apply f time
1584.0 ± 21.0 ms - Real f time 
672.7 ± 24.2 ms - Add time
 21.8 ±  0.5 ms - Find child
 31.2 ±  0.6 ms - Add child
477.4 ±  2.7 ms - Hash
199.9 ± 38.8 ms - Map
265.8 ±  1.9 ms - getState
0.315971
0.359804
0.709925
3595.4 ±  0.0 ms - Total time
2137.3 ±  0.0 ms - Build f time
226.6 ±  4.0 ms - Apply f time
1883.1 ± 21.5 ms - Real f time 
854.2 ± 24.2 ms - Add time
 30.8 ±  0.6 ms - Find child
 44.5 ±  0.8 ms - Add child
609.7 ±  2.8 ms - Hash
252.7 ± 38.8 ms - Map
359.1 ±  2.1 ms - getState
0.224153
0.252454
0.524852
4120.3 ±  0.0 ms - Total time
2361.5 ±  0.0 ms - Build f time
268.3 ±  4.1 ms - Apply f time
2103.2 ± 21.9 ms - Real f time 
989.3 ± 24.3 ms - Add time
 39.3 ±  0.7 ms - Find child
 56.0 ±  0.9 ms - Add child
709.9 ±  3.1 ms - Hash
296.7 ± 38.7 ms - Map
432.7 ±  2.9 ms - getState
Dag sizes: 365441 265495 320928 297218 
brutePieces time: 2.77642
167.0 ±  0.0 ms - Piece loop time
 73.3 ± 16.4 ms - Set time
108.0 ±  2.7 ms - Child looking time
Nodes:  1249082
Pieces: 283926
makePieces time: 0.168223
Memory: 36.6 + 40.8 + 40.0 + 36.8 + 11.5 MB
 17.5 ±  0.0 ms - Greedy fill time
composePieces time: 2.0239
                                                                                