Running only task # 131
Using max depth 33
 |                                        | 0 / 416 (0.0%)Function count: 142
0.107867
0.118701
0.0817399
0.087371
0.116561
0.12473
0.10068
0.108209
0.0824498
0.0882129
0.123061
0.131822
0.0997526
0.106897
 47.3 ±  0.0 ms - Piece loop time
 43.4 ± 34.3 ms - Set time
 38.9 ±  1.2 ms - Child looking time
0.126349
0.138256
0.234582
1000.8 ±  0.0 ms - Total time
838.5 ±  0.0 ms - Build f time
 50.2 ± 15.9 ms - Apply f time
688.1 ±  5.6 ms - Real f time 
191.9 ± 26.6 ms - Add time
  5.3 ±  0.3 ms - Find child
  7.4 ±  0.3 ms - Add child
154.0 ±  1.2 ms - Hash
109.2 ± 35.8 ms - Map
 44.6 ±  0.7 ms - getState
0.0848287
0.0902696
0.160472
1161.3 ±  0.0 ms - Total time
923.3 ±  0.0 ms - Build f time
 62.5 ± 15.9 ms - Apply f time
761.3 ±  5.8 ms - Real f time 
228.0 ± 26.6 ms - Add time
  8.4 ±  0.3 ms - Find child
 11.5 ±  0.4 ms - Add child
187.9 ±  1.3 ms - Hash
142.3 ± 39.3 ms - Map
 60.8 ±  0.8 ms - getState
0.118479
0.127324
0.219044
1380.4 ±  0.0 ms - Total time
1041.8 ±  0.0 ms - Build f time
 77.5 ± 15.9 ms - Apply f time
868.7 ±  6.2 ms - Real f time 
278.3 ± 26.6 ms - Add time
 11.8 ±  0.4 ms - Find child
 16.7 ±  0.5 ms - Add child
231.2 ±  1.5 ms - Hash
163.6 ± 39.3 ms - Map
 82.8 ±  0.9 ms - getState
0.102529
0.10999
0.196339
1576.7 ±  0.0 ms - Total time
1144.3 ±  0.0 ms - Build f time
 92.1 ± 15.9 ms - Apply f time
961.4 ±  6.5 ms - Real f time 
323.0 ± 26.7 ms - Add time
 15.4 ±  0.4 ms - Find child
 21.5 ±  0.5 ms - Add child
271.7 ±  1.7 ms - Hash
182.1 ± 39.4 ms - Map
104.4 ±  1.0 ms - getState
0.0842452
0.0922898
0.16746
1744.2 ±  0.0 ms - Total time
1228.5 ±  0.0 ms - Build f time
106.3 ± 15.9 ms - Apply f time
1039.8 ±  6.8 ms - Real f time 
377.8 ± 30.9 ms - Add time
 18.8 ±  0.5 ms - Find child
 25.9 ±  0.6 ms - Add child
311.7 ±  6.0 ms - Hash
236.8 ± 57.3 ms - Map
124.1 ±  1.1 ms - getState
0.118456
0.126732
0.219674
1963.9 ±  0.0 ms - Total time
1347.0 ±  0.0 ms - Build f time
122.6 ± 15.9 ms - Apply f time
1149.8 ±  7.1 ms - Real f time 
428.9 ± 30.9 ms - Add time
 22.8 ±  0.5 ms - Find child
 31.1 ±  0.6 ms - Add child
355.3 ±  6.0 ms - Hash
256.0 ± 57.3 ms - Map
147.2 ±  1.3 ms - getState
0.0983609
0.105719
0.188996
2153.0 ±  0.0 ms - Total time
1445.4 ±  0.0 ms - Build f time
136.6 ± 15.9 ms - Apply f time
1235.8 ±  7.3 ms - Real f time 
472.1 ± 30.9 ms - Add time
 26.3 ±  0.6 ms - Find child
 35.6 ±  0.7 ms - Add child
394.2 ±  6.0 ms - Hash
275.1 ± 57.3 ms - Map
168.4 ±  1.3 ms - getState
Dag sizes: 115290 88315 118203 117647 89151 121087 110810 
brutePieces time: 1.39192
142.0 ±  0.0 ms - Piece loop time
 53.1 ± 25.4 ms - Set time
106.1 ±  1.7 ms - Child looking time
Nodes:  760503
Pieces: 119030
makePieces time: 0.143095
Memory: 13.3 + 27.5 + 24.3 + 41.5 + 8.0 MB
 45.3 ±  1.7 ms - Greedy fill time
composePieces time: 4.03528
                                                                                