Running only task # 151
Using max depth 4
 |                                        | 0 / 416 (0.0%)Function count: 142
0.018819
0.0206758
0.0282549
0.0305086
0.0404001
0.0442869
0.0254007
0.027445
 16.6 ±  0.0 ms - Piece loop time
 40.0 ± 36.9 ms - Set time
 13.4 ±  0.8 ms - Child looking time
0.323792
0.348619
0.453036
576.1 ±  0.0 ms - Total time
436.7 ±  0.0 ms - Build f time
 36.8 ±  0.7 ms - Apply f time
406.0 ±  3.7 ms - Real f time 
108.5 ±  8.0 ms - Add time
  9.5 ±  0.4 ms - Find child
 13.0 ±  0.4 ms - Add child
 94.7 ±  1.2 ms - Hash
110.1 ± 36.9 ms - Map
 34.1 ±  0.5 ms - getState
0.495725
0.531697
0.708127
1284.2 ±  0.0 ms - Total time
932.4 ±  0.0 ms - Build f time
 87.2 ±  1.0 ms - Apply f time
871.4 ±  4.7 ms - Real f time 
234.9 ± 10.2 ms - Add time
 24.4 ±  0.6 ms - Find child
 33.3 ±  0.7 ms - Add child
211.6 ±  1.6 ms - Hash
223.7 ± 36.8 ms - Map
 83.5 ±  0.9 ms - getState
0.752433
0.820095
1.16801
2452.3 ±  0.0 ms - Total time
1684.8 ±  0.0 ms - Build f time
169.1 ±  2.5 ms - Apply f time
1567.5 ±  6.1 ms - Real f time 
430.2 ± 10.3 ms - Add time
 46.1 ±  1.0 ms - Find child
 63.8 ±  1.0 ms - Add child
407.0 ±  2.3 ms - Hash
416.5 ± 38.4 ms - Map
178.0 ±  1.3 ms - getState
0.434011
0.465764
0.617787
3070.1 ±  0.0 ms - Total time
2118.8 ±  0.0 ms - Build f time
213.6 ±  2.6 ms - Apply f time
1982.0 ±  7.0 ms - Real f time 
548.5 ± 18.7 ms - Add time
 59.8 ±  1.1 ms - Find child
 81.5 ±  1.1 ms - Add child
512.3 ±  2.6 ms - Hash
508.2 ± 38.5 ms - Map
221.7 ±  1.4 ms - getState
Dag sizes: 261899 444619 675470 375384 
brutePieces time: 2.94994
887.9 ±  0.0 ms - Piece loop time
264.1 ± 37.8 ms - Set time
613.3 ±  3.8 ms - Child looking time
Nodes:  1757372
Pieces: 557487
makePieces time: 0.890423
Memory: 13.2 + 99.4 + 56.2 + 44.9 + 29.6 MB
  1.5 ±  0.0 ms - Greedy fill time
composePieces time: 1.03
                                                                                