Running only task # 154
Using max depth 33
 |                                        | 0 / 416 (0.0%)Function count: 142
0.177026
0.189848
0.184454
0.197046
0.174298
0.191261
0.21229
0.225721
0.163122
0.174984
0.182307
0.194959
0.173714
0.189458
0.20088
0.214296
0.212969
0.227988
 38.3 ±  0.0 ms - Piece loop time
 54.5 ± 46.9 ms - Set time
 28.4 ±  1.6 ms - Child looking time
0.159868
0.172023
0.404258
2210.3 ±  0.0 ms - Total time
1840.9 ±  0.0 ms - Build f time
 73.3 ±  1.3 ms - Apply f time
1382.0 ± 13.7 ms - Real f time 
425.2 ± 15.8 ms - Add time
  9.7 ±  0.4 ms - Find child
 12.4 ±  0.4 ms - Add child
379.9 ±  3.9 ms - Hash
181.8 ± 40.0 ms - Map
105.1 ±  1.4 ms - getState
0.190151
0.202474
0.471787
2682.1 ±  0.0 ms - Total time
2031.1 ±  0.0 ms - Build f time
107.2 ±  1.5 ms - Apply f time
1547.4 ± 14.2 ms - Real f time 
556.5 ± 17.5 ms - Add time
 17.0 ±  0.5 ms - Find child
 25.8 ±  2.8 ms - Add child
485.0 ±  4.1 ms - Hash
227.0 ± 40.0 ms - Map
172.0 ±  2.5 ms - getState
0.181453
0.194569
0.45143
3133.5 ±  0.0 ms - Total time
2212.5 ±  0.0 ms - Build f time
139.0 ±  1.8 ms - Apply f time
1700.5 ± 14.6 ms - Real f time 
706.1 ± 25.6 ms - Add time
 23.7 ±  0.5 ms - Find child
 37.3 ±  4.2 ms - Add child
588.3 ±  4.2 ms - Hash
260.4 ± 40.0 ms - Map
233.9 ±  2.7 ms - getState
0.199063
0.212203
0.482031
3615.6 ±  0.0 ms - Total time
2411.6 ±  0.0 ms - Build f time
174.0 ±  2.0 ms - Apply f time
1869.8 ± 14.9 ms - Real f time 
833.7 ± 25.6 ms - Add time
 30.1 ±  0.6 ms - Find child
 46.9 ±  4.2 ms - Add child
700.8 ±  4.3 ms - Hash
293.9 ± 39.9 ms - Map
300.8 ±  2.8 ms - getState
0.16202
0.173917
0.393189
4008.8 ±  0.0 ms - Total time
2573.6 ±  0.0 ms - Build f time
206.0 ±  2.1 ms - Apply f time
2012.5 ± 15.2 ms - Real f time 
951.5 ± 29.3 ms - Add time
 37.0 ±  0.7 ms - Find child
 56.1 ±  4.2 ms - Add child
787.5 ±  4.4 ms - Hash
322.9 ± 39.9 ms - Map
356.7 ±  3.0 ms - getState
0.187608
0.200106
0.460849
4469.7 ±  0.0 ms - Total time
2761.2 ±  0.0 ms - Build f time
239.3 ±  2.3 ms - Apply f time
2178.1 ± 15.6 ms - Real f time 
1075.9 ± 29.5 ms - Add time
 43.9 ±  0.7 ms - Find child
 65.8 ±  4.3 ms - Add child
894.5 ±  6.3 ms - Hash
359.3 ± 39.9 ms - Map
421.2 ±  3.1 ms - getState
0.17947
0.192679
0.447036
4916.8 ±  0.0 ms - Total time
2940.7 ±  0.0 ms - Build f time
271.0 ±  2.4 ms - Apply f time
2335.3 ± 16.2 ms - Real f time 
1197.5 ± 29.6 ms - Add time
 50.4 ±  0.8 ms - Find child
 74.9 ±  4.3 ms - Add child
998.6 ±  6.6 ms - Hash
389.9 ± 40.0 ms - Map
484.9 ±  3.2 ms - getState
0.201488
0.214445
0.486303
5403.1 ±  0.0 ms - Total time
3142.2 ±  0.0 ms - Build f time
305.4 ±  2.4 ms - Apply f time
2511.1 ± 16.8 ms - Real f time 
1349.9 ± 38.1 ms - Add time
 57.2 ±  0.9 ms - Find child
 84.6 ±  4.3 ms - Add child
1110.7 ±  6.8 ms - Hash
423.2 ± 40.0 ms - Map
552.7 ±  3.3 ms - getState
0.215184
0.229688
0.565599
5968.7 ±  0.0 ms - Total time
3357.4 ±  0.0 ms - Build f time
345.9 ±  2.6 ms - Apply f time
2694.7 ± 17.4 ms - Real f time 
1517.5 ± 39.2 ms - Add time
 64.5 ±  0.9 ms - Find child
 95.4 ±  4.3 ms - Add child
1242.5 ±  6.9 ms - Hash
462.4 ± 40.0 ms - Map
634.2 ±  3.4 ms - getState
Dag sizes: 204296 225382 205085 215602 207017 226404 204958 218368 247650 
brutePieces time: 4.16662
152.5 ±  0.0 ms - Piece loop time
 70.1 ± 36.4 ms - Set time
106.3 ±  2.2 ms - Child looking time
Nodes:  1954762
Pieces: 167042
makePieces time: 0.154086
Memory: 57.5 + 67.0 + 62.6 + 69.0 + 13.3 MB
118.6 ± 27.2 ms - Greedy fill time
composePieces time: 12.5192
                                                                                