Running only task # 72
Using max depth 33
 |                                        | 0 / 416 (0.0%)Function count: 142
0.0907052
0.0965515
0.078929
0.0843473
0.0910501
0.0968603
0.0881725
0.0940481
0.0783262
0.0836256
0.0912246
0.0972633
0.108771
0.115749
 31.1 ±  0.0 ms - Piece loop time
 65.0 ± 57.5 ms - Set time
 22.8 ±  1.5 ms - Child looking time
0.0917603
0.0975835
0.212553
881.3 ±  0.0 ms - Total time
718.9 ±  0.0 ms - Build f time
 32.2 ±  0.6 ms - Apply f time
558.2 ±  4.7 ms - Real f time 
179.7 ± 17.2 ms - Add time
  5.7 ±  0.3 ms - Find child
  8.3 ±  0.3 ms - Add child
153.2 ±  2.2 ms - Hash
152.6 ± 62.1 ms - Map
 42.7 ±  1.8 ms - getState
0.0794105
0.0867744
0.186536
1067.9 ±  0.0 ms - Total time
798.3 ±  0.0 ms - Build f time
 50.6 ±  0.8 ms - Apply f time
633.4 ±  4.9 ms - Real f time 
223.8 ± 17.2 ms - Add time
 10.5 ±  0.4 ms - Find child
 15.3 ±  0.4 ms - Add child
188.9 ±  2.2 ms - Hash
182.4 ± 62.1 ms - Map
 64.8 ±  1.9 ms - getState
0.0942296
0.100318
0.215196
1283.1 ±  0.0 ms - Total time
892.6 ±  0.0 ms - Build f time
 68.1 ±  0.9 ms - Apply f time
713.3 ±  5.1 ms - Real f time 
277.2 ± 17.3 ms - Add time
 15.4 ±  0.6 ms - Find child
 21.8 ±  0.5 ms - Add child
233.2 ±  2.3 ms - Hash
216.6 ± 62.4 ms - Map
 90.5 ±  2.0 ms - getState
0.0940775
0.0998619
0.220567
1503.7 ±  0.0 ms - Total time
986.7 ±  0.0 ms - Build f time
 87.2 ±  1.0 ms - Apply f time
797.6 ±  5.4 ms - Real f time 
330.2 ± 17.3 ms - Add time
 20.5 ±  0.6 ms - Find child
 28.7 ±  0.6 ms - Add child
276.5 ±  2.4 ms - Hash
248.4 ± 62.3 ms - Map
117.4 ±  2.0 ms - getState
0.0806253
0.0859883
0.183172
1686.9 ±  0.0 ms - Total time
1067.3 ±  0.0 ms - Build f time
103.9 ±  1.1 ms - Apply f time
873.7 ±  5.6 ms - Real f time 
408.3 ± 38.7 ms - Add time
 25.5 ±  0.7 ms - Find child
 35.2 ±  0.7 ms - Add child
311.5 ±  2.5 ms - Hash
279.6 ± 62.4 ms - Map
138.5 ±  2.1 ms - getState
0.0964694
0.10233
0.221146
1908.1 ±  0.0 ms - Total time
1163.7 ±  0.0 ms - Build f time
124.1 ±  1.3 ms - Apply f time
962.9 ±  5.8 ms - Real f time 
465.8 ± 38.7 ms - Add time
 30.3 ±  0.7 ms - Find child
 42.3 ±  0.7 ms - Add child
355.8 ±  2.6 ms - Hash
309.2 ± 62.3 ms - Map
164.6 ±  2.2 ms - getState
0.111689
0.118469
0.262883
2171.0 ±  0.0 ms - Total time
1275.4 ±  0.0 ms - Build f time
145.5 ±  1.4 ms - Apply f time
1060.6 ±  6.1 ms - Real f time 
534.9 ± 38.7 ms - Add time
 35.7 ±  0.8 ms - Find child
 49.1 ±  0.8 ms - Add child
412.9 ±  2.7 ms - Hash
340.1 ± 62.3 ms - Map
196.8 ±  2.2 ms - getState
Dag sizes: 149532 141675 140882 150308 143695 140420 168163 
brutePieces time: 1.50783
107.4 ±  0.0 ms - Piece loop time
 58.5 ± 29.4 ms - Set time
 70.9 ±  1.8 ms - Child looking time
Nodes:  1034675
Pieces: 124564
makePieces time: 0.108575
Memory: 15.1 + 40.0 + 33.1 + 45.9 + 8.0 MB
 22.5 ±  0.9 ms - Greedy fill time
composePieces time: 2.66087
                                                                                