Running only task # 367
Using max depth 4
 |                                        | 0 / 416 (0.0%)Function count: 142
0.049019
0.053702
0.0530603
0.0583154
0.0567076
0.0626245
 18.0 ±  0.0 ms - Piece loop time
 37.5 ± 33.1 ms - Set time
 12.6 ±  0.6 ms - Child looking time
1.06733
1.16944
1.75926
1934.0 ±  0.0 ms - Total time
1226.1 ±  0.0 ms - Build f time
151.6 ±  1.7 ms - Apply f time
1149.2 ±  8.6 ms - Real f time 
349.7 ±  3.8 ms - Add time
 50.3 ±  3.4 ms - Find child
 63.7 ±  1.0 ms - Add child
289.1 ±  2.8 ms - Hash
375.9 ± 43.1 ms - Map
155.5 ±  3.1 ms - getState
1.2195
1.3402
2.04187
3975.9 ±  0.0 ms - Total time
2445.6 ±  0.0 ms - Build f time
321.2 ±  2.3 ms - Apply f time
2307.2 ± 12.5 ms - Real f time 
725.3 ±  8.4 ms - Add time
103.8 ±  3.5 ms - Find child
154.5 ± 15.7 ms - Add child
589.2 ±  3.5 ms - Hash
788.3 ± 46.0 ms - Map
324.0 ±  3.4 ms - getState
1.40603
1.55174
2.40393
6379.9 ±  0.0 ms - Total time
3851.6 ±  0.0 ms - Build f time
516.4 ±  3.0 ms - Apply f time
3604.8 ± 14.1 ms - Real f time 
1148.1 ±  9.8 ms - Add time
163.0 ±  3.6 ms - Find child
237.0 ± 15.8 ms - Add child
935.5 ±  4.8 ms - Hash
1273.0 ± 46.1 ms - Map
524.0 ±  3.7 ms - getState
Dag sizes: 1096435 1348868 1490933 
brutePieces time: 6.20613
1667.1 ±  0.0 ms - Piece loop time
848.2 ± 217.6 ms - Set time
998.6 ± 22.9 ms - Child looking time
Nodes:  3936236
Pieces: 1339855
makePieces time: 1.67123
Memory: 29.2 + 214.2 + 126.0 + 96.5 + 56.8 MB
  4.6 ±  0.0 ms - Greedy fill time
composePieces time: 1.16157
                                                                                