Running only task # 66
Using max depth 3
 |                                        | 0 / 416 (0.0%)Function count: 142
0.118436
0.133777
0.066425
0.0740017
0.107288
0.120842
0.159926
0.18036
 25.8 ±  0.0 ms - Piece loop time
 44.9 ± 38.7 ms - Set time
 19.2 ±  0.8 ms - Child looking time
0.123017
0.138563
0.190686
699.8 ±  0.0 ms - Total time
575.1 ±  0.0 ms - Build f time
 37.3 ±  0.7 ms - Apply f time
504.9 ±  5.2 ms - Real f time 
155.9 ± 17.0 ms - Add time
  5.5 ±  0.3 ms - Find child
  8.1 ±  0.3 ms - Add child
 91.8 ±  1.1 ms - Hash
151.2 ± 65.8 ms - Map
 37.5 ±  0.6 ms - getState
0.0670425
0.0746106
0.0978178
797.7 ±  0.0 ms - Total time
642.1 ±  0.0 ms - Build f time
 45.9 ±  0.8 ms - Apply f time
568.1 ±  5.3 ms - Real f time 
176.0 ± 17.0 ms - Add time
  8.4 ±  0.3 ms - Find child
 11.6 ±  0.4 ms - Add child
105.7 ±  1.2 ms - Hash
164.5 ± 65.9 ms - Map
 46.1 ±  0.7 ms - getState
0.114575
0.128337
0.176555
974.3 ±  0.0 ms - Total time
756.7 ±  0.0 ms - Build f time
 61.1 ±  0.9 ms - Apply f time
669.9 ±  5.6 ms - Real f time 
213.1 ± 17.0 ms - Add time
 12.9 ±  0.4 ms - Find child
 17.5 ±  0.5 ms - Add child
131.2 ±  1.3 ms - Hash
185.2 ± 65.9 ms - Map
 63.6 ±  0.8 ms - getState
0.164252
0.186
0.270242
1244.5 ±  0.0 ms - Total time
921.0 ±  0.0 ms - Build f time
 83.1 ±  1.1 ms - Apply f time
817.0 ±  5.9 ms - Real f time 
271.1 ± 17.1 ms - Add time
 18.6 ±  0.5 ms - Find child
 24.7 ±  0.6 ms - Add child
174.0 ±  2.9 ms - Hash
216.4 ± 65.9 ms - Map
 91.8 ±  0.9 ms - getState
Dag sizes: 124328 65405 112744 176281 
brutePieces time: 0.738647
 93.0 ±  0.0 ms - Piece loop time
 64.7 ± 38.8 ms - Set time
 64.7 ±  1.6 ms - Child looking time
Nodes:  478758
Pieces: 65721
makePieces time: 0.0941098
Memory: 4.7 + 21.8 + 15.3 + 24.4 + 4.6 MB
  0.4 ±  0.0 ms - Greedy fill time
composePieces time: 0.118132
                                                                                