Running only task # 319
Using max depth 4
 |                                        | 0 / 416 (0.0%)Function count: 142
0.0452187
0.0480677
0.0437595
0.0465623
0.0499552
0.0528197
 10.7 ±  0.0 ms - Piece loop time
 46.0 ± 39.9 ms - Set time
  7.5 ±  0.6 ms - Child looking time
0.806188
0.859189
1.21293
1360.5 ±  0.0 ms - Total time
945.1 ±  0.0 ms - Build f time
 78.4 ±  1.9 ms - Apply f time
852.6 ±  4.8 ms - Real f time 
227.9 ±  2.0 ms - Add time
 20.8 ±  0.5 ms - Find child
 27.6 ±  0.6 ms - Add child
250.6 ±  1.6 ms - Hash
198.3 ± 36.5 ms - Map
 90.5 ±  1.8 ms - getState
0.762561
0.808558
1.1678
2528.3 ±  0.0 ms - Total time
1707.7 ±  0.0 ms - Build f time
150.0 ±  2.2 ms - Apply f time
1552.1 ±  6.7 ms - Real f time 
426.4 ±  3.2 ms - Add time
 40.9 ±  0.7 ms - Find child
 52.8 ±  1.0 ms - Add child
467.6 ±  2.5 ms - Hash
353.1 ± 36.5 ms - Map
173.4 ±  2.1 ms - getState
0.961826
1.02063
1.51304
4041.4 ±  0.0 ms - Total time
2669.5 ±  0.0 ms - Build f time
245.6 ±  3.0 ms - Apply f time
2419.0 ±  8.7 ms - Real f time 
685.1 ±  5.2 ms - Add time
 66.8 ±  1.0 ms - Find child
 85.7 ±  1.7 ms - Add child
749.1 ±  3.8 ms - Hash
569.4 ± 36.6 ms - Map
283.9 ±  2.3 ms - getState
Dag sizes: 636043 599993 801915 
brutePieces time: 3.89563
625.8 ±  0.0 ms - Piece loop time
223.9 ± 18.2 ms - Set time
383.5 ±  3.5 ms - Child looking time
Nodes:  2037951
Pieces: 670451
makePieces time: 0.627836
Memory: 23.6 + 104.5 + 65.2 + 49.4 + 24.4 MB
  5.9 ±  0.0 ms - Greedy fill time
composePieces time: 1.10127
                                                                                