Running only task # 88
Using max depth 4
 |                                        | 0 / 416 (0.0%)Function count: 142
0.0524058
0.0562132
0.049878
0.0531714
0.0540133
0.0577461
0.0428209
0.0464823
 19.8 ±  0.0 ms - Piece loop time
 41.4 ± 36.7 ms - Set time
 15.8 ±  1.0 ms - Child looking time
1.06212
1.13805
1.65808
1871.8 ±  0.0 ms - Total time
1261.2 ±  0.0 ms - Build f time
115.8 ±  1.2 ms - Apply f time
1137.7 ±  5.6 ms - Real f time 
322.5 ±  6.1 ms - Add time
 29.5 ±  0.6 ms - Find child
 40.5 ±  1.2 ms - Add child
333.4 ±  2.2 ms - Hash
268.6 ± 37.0 ms - Map
132.4 ±  1.1 ms - getState
0.995079
1.06438
1.53068
3402.5 ±  0.0 ms - Total time
2256.3 ±  0.0 ms - Build f time
214.9 ±  1.6 ms - Apply f time
2027.0 ±  7.5 ms - Real f time 
583.5 ±  6.8 ms - Add time
 56.4 ±  0.8 ms - Find child
 73.6 ±  1.3 ms - Add child
618.4 ±  4.2 ms - Hash
460.9 ± 37.2 ms - Map
247.9 ±  1.5 ms - getState
1.04958
1.12452
1.60384
5006.4 ±  0.0 ms - Total time
3305.9 ±  0.0 ms - Build f time
328.0 ±  8.3 ms - Apply f time
3000.9 ±  9.3 ms - Real f time 
914.3 ± 43.7 ms - Add time
 89.7 ±  5.8 ms - Find child
108.9 ±  1.5 ms - Add child
922.3 ±  4.7 ms - Hash
648.0 ± 37.3 ms - Map
372.4 ±  2.0 ms - getState
0.85557
0.925472
1.32166
6328.1 ±  0.0 ms - Total time
4161.5 ±  0.0 ms - Build f time
415.8 ±  8.3 ms - Apply f time
3801.9 ± 10.9 ms - Real f time 
1143.1 ± 43.7 ms - Add time
111.6 ±  5.8 ms - Find child
139.1 ±  1.6 ms - Add child
1162.6 ±  5.0 ms - Hash
805.8 ± 37.3 ms - Map
477.0 ±  2.3 ms - getState
Dag sizes: 824555 758156 803743 660292 
brutePieces time: 6.11619
1582.3 ±  0.0 ms - Piece loop time
476.1 ± 15.0 ms - Set time
1038.5 ± 11.6 ms - Child looking time
Nodes:  3046746
Pieces: 1191751
makePieces time: 1.5863
Memory: 38.8 + 149.6 + 97.5 + 78.1 + 56.3 MB
 37.7 ±  0.0 ms - Greedy fill time
composePieces time: 4.12359
                                                                                