Running only task # 117
Using max depth 3
 |                                        | 0 / 416 (0.0%)Function count: 142
0.202398
0.218819
0.232671
0.250833
0.262421
0.284
0.334107
0.360656
 29.9 ±  0.0 ms - Piece loop time
 47.3 ± 38.2 ms - Set time
 21.5 ±  1.1 ms - Child looking time
0.21419
0.230553
0.376235
1490.7 ±  0.0 ms - Total time
1245.8 ±  0.0 ms - Build f time
 50.2 ±  1.2 ms - Apply f time
937.8 ± 25.2 ms - Real f time 
291.2 ± 19.0 ms - Add time
  7.2 ±  0.3 ms - Find child
  9.8 ±  1.0 ms - Add child
299.8 ±  2.0 ms - Hash
110.4 ± 37.9 ms - Map
 66.2 ±  1.0 ms - getState
0.263568
0.281242
0.416253
1907.0 ±  0.0 ms - Total time
1509.4 ±  0.0 ms - Build f time
 73.6 ±  1.4 ms - Apply f time
1142.9 ± 25.8 ms - Real f time 
380.8 ± 20.2 ms - Add time
 12.4 ±  0.4 ms - Find child
 15.8 ±  1.0 ms - Add child
388.6 ±  2.4 ms - Hash
138.5 ± 37.9 ms - Map
106.1 ±  1.2 ms - getState
0.283016
0.304537
0.516749
2423.8 ±  0.0 ms - Total time
1792.4 ±  0.0 ms - Build f time
107.0 ±  1.6 ms - Apply f time
1364.9 ± 26.9 ms - Real f time 
493.7 ± 20.3 ms - Add time
 18.7 ±  0.5 ms - Find child
 23.5 ±  1.1 ms - Add child
513.6 ±  2.7 ms - Hash
172.5 ± 38.0 ms - Map
166.9 ±  1.7 ms - getState
0.35806
0.384634
0.639212
3063.1 ±  0.0 ms - Total time
2150.4 ±  0.0 ms - Build f time
142.8 ±  1.8 ms - Apply f time
1627.5 ± 27.7 ms - Real f time 
645.1 ± 24.2 ms - Add time
 24.3 ±  0.6 ms - Find child
 31.5 ±  1.1 ms - Add child
669.9 ±  3.0 ms - Hash
220.9 ± 39.0 ms - Map
231.6 ±  1.9 ms - getState
Dag sizes: 145063 120916 153649 158096 
brutePieces time: 1.95139
104.8 ±  0.0 ms - Piece loop time
 46.4 ± 16.9 ms - Set time
 73.5 ±  2.6 ms - Child looking time
Nodes:  577724
Pieces: 85847
makePieces time: 0.105525
Memory: 21.0 + 24.4 + 18.5 + 26.0 + 5.6 MB
  2.8 ±  0.0 ms - Greedy fill time
composePieces time: 0.25825
                                                                                