Running only task # 393
Using max depth 33
 |                                        | 0 / 416 (0.0%)Function count: 142
0.967386
1.07346
0.334358
0.365634
0.295378
0.328323
0.959469
1.06558
0.350889
0.383357
0.291819
0.324573
0.62065
0.69678
 99.9 ±  0.0 ms - Piece loop time
 38.6 ± 18.8 ms - Set time
 92.8 ± 15.9 ms - Child looking time
0.987654
1.09337
3.60419
7842.3 ±  0.0 ms - Total time
4807.6 ±  0.0 ms - Build f time
348.6 ±  5.4 ms - Apply f time
3591.2 ± 59.0 ms - Real f time 
2001.9 ± 15.9 ms - Add time
 29.2 ±  0.6 ms - Find child
 41.6 ±  0.7 ms - Add child
1555.4 ± 17.3 ms - Hash
380.7 ± 39.3 ms - Map
755.8 ±  6.1 ms - getState
0.343144
0.37424
0.99472
8837.0 ±  0.0 ms - Total time
5150.7 ±  0.0 ms - Build f time
415.4 ±  5.5 ms - Apply f time
3889.7 ± 59.6 ms - Real f time 
2287.1 ± 16.4 ms - Add time
 40.9 ±  0.7 ms - Find child
 58.3 ±  0.8 ms - Add child
1793.1 ± 17.4 ms - Hash
461.7 ± 39.3 ms - Map
907.6 ±  9.6 ms - getState
0.295457
0.328897
0.953836
9790.9 ±  0.0 ms - Total time
5446.2 ±  0.0 ms - Build f time
493.7 ±  5.7 ms - Apply f time
4156.0 ± 59.9 ms - Real f time 
2560.2 ± 16.7 ms - Add time
 56.7 ±  0.9 ms - Find child
 81.6 ±  1.0 ms - Add child
1984.3 ± 17.5 ms - Hash
651.2 ± 62.8 ms - Map
1070.1 ± 11.3 ms - getState
0.993143
1.09892
3.54665
13337.6 ±  0.0 ms - Total time
6439.3 ±  0.0 ms - Build f time
692.4 ±  6.4 ms - Apply f time
5006.0 ± 64.4 ms - Real f time 
3835.6 ± 116.4 ms - Add time
 80.7 ±  1.0 ms - Find child
114.9 ±  1.2 ms - Add child
2842.0 ± 18.1 ms - Hash
849.8 ± 64.7 ms - Map
1637.9 ± 12.1 ms - getState
0.353583
0.386399
1.0407
14378.4 ±  0.0 ms - Total time
6792.9 ±  0.0 ms - Build f time
760.7 ±  6.6 ms - Apply f time
5302.6 ± 64.7 ms - Real f time 
4139.4 ± 116.6 ms - Add time
 92.8 ±  1.1 ms - Find child
132.3 ±  1.3 ms - Add child
3088.3 ± 18.2 ms - Hash
931.8 ± 64.8 ms - Map
1790.4 ± 12.3 ms - getState
0.299868
0.333463
0.952654
15331.1 ±  0.0 ms - Total time
7092.8 ±  0.0 ms - Build f time
837.8 ±  6.8 ms - Apply f time
5593.7 ± 66.2 ms - Real f time 
4420.8 ± 117.1 ms - Add time
108.3 ±  1.2 ms - Find child
154.6 ±  1.4 ms - Add child
3277.2 ± 18.4 ms - Hash
1048.6 ± 64.8 ms - Map
1939.2 ± 12.5 ms - getState
0.645874
0.727856
2.36807
17699.2 ±  0.0 ms - Total time
7738.7 ±  0.0 ms - Build f time
988.8 ±  7.1 ms - Apply f time
6132.0 ± 67.0 ms - Real f time 
5183.8 ± 117.3 ms - Add time
131.8 ±  1.6 ms - Find child
186.0 ±  2.0 ms - Add child
3811.9 ± 19.2 ms - Hash
1224.1 ± 64.8 ms - Map
2327.9 ± 12.8 ms - getState
Dag sizes: 736242 349704 510637 746029 363176 515628 713545 
brutePieces time: 13.4651
649.1 ±  0.0 ms - Piece loop time
205.9 ± 14.5 ms - Set time
427.5 ±  9.1 ms - Child looking time
Nodes:  3934961
Pieces: 588941
makePieces time: 0.653772
Memory: 233.0 + 117.4 + 125.9 + 104.9 + 37.0 MB
474.0 ± 209.0 ms - Greedy fill time
composePieces time: 61.7039
                                                                                