Running only task # 288
Using max depth 4
 |                                        | 0 / 416 (0.0%)Function count: 142
0.0482335
0.0513558
0.0732024
0.077084
0.061657
0.0659823
 11.7 ±  0.0 ms - Piece loop time
 39.7 ± 36.8 ms - Set time
  9.4 ±  0.7 ms - Child looking time
1.05678
1.12831
1.65489
1849.4 ±  0.0 ms - Total time
1239.9 ±  0.0 ms - Build f time
120.8 ±  1.5 ms - Apply f time
1126.1 ±  9.1 ms - Real f time 
332.0 ±  7.7 ms - Add time
 32.6 ±  0.6 ms - Find child
 44.5 ±  1.1 ms - Add child
332.3 ±  9.2 ms - Hash
279.7 ± 41.6 ms - Map
138.3 ±  2.1 ms - getState
1.27938
1.36816
2.06697
3916.4 ±  0.0 ms - Total time
2519.3 ±  0.0 ms - Build f time
281.8 ± 14.4 ms - Apply f time
2319.7 ± 11.6 ms - Real f time 
716.3 ± 18.4 ms - Add time
 72.5 ±  1.0 ms - Find child
 95.9 ±  1.4 ms - Add child
683.0 ±  9.4 ms - Hash
584.7 ± 42.2 ms - Map
301.4 ±  2.4 ms - getState
1.45372
1.57065
2.42683
6343.3 ±  0.0 ms - Total time
3973.0 ±  0.0 ms - Build f time
446.8 ± 14.5 ms - Apply f time
3653.2 ± 17.0 ms - Real f time 
1138.8 ± 18.8 ms - Add time
118.4 ±  1.2 ms - Find child
158.2 ±  2.6 ms - Add child
1089.2 ± 10.1 ms - Hash
995.5 ± 42.4 ms - Map
490.9 ±  2.8 ms - getState
Dag sizes: 942418 1211227 1399911 
brutePieces time: 6.15015
980.7 ±  0.0 ms - Piece loop time
356.4 ± 19.0 ms - Set time
588.5 ±  7.3 ms - Child looking time
Nodes:  3553556
Pieces: 1065043
makePieces time: 0.983454
Memory: 38.1 + 163.0 + 113.7 + 90.4 + 38.1 MB
  6.8 ±  0.0 ms - Greedy fill time
composePieces time: 1.25952
                                                                                