Running only task # 234
Using max depth 3
 |                                        | 0 / 416 (0.0%)Function count: 142
0.0764708
0.0829204
0.0870163
0.0953204
0.0941625
0.10326
0.0996193
0.111409
 25.0 ±  0.0 ms - Piece loop time
 46.3 ± 40.5 ms - Set time
 19.0 ±  0.9 ms - Child looking time
0.0797987
0.0857928
0.141789
534.8 ±  0.0 ms - Total time
437.1 ±  0.0 ms - Build f time
 24.0 ±  0.5 ms - Apply f time
356.4 ±  3.0 ms - Real f time 
100.5 ±  4.0 ms - Add time
  3.7 ±  0.2 ms - Find child
  5.4 ±  0.3 ms - Add child
 88.6 ±  0.9 ms - Hash
 87.5 ± 40.9 ms - Map
 25.1 ±  0.4 ms - getState
0.0879923
0.0960016
0.164109
699.0 ±  0.0 ms - Total time
525.1 ±  0.0 ms - Build f time
 39.6 ±  0.8 ms - Apply f time
437.4 ±  3.5 ms - Real f time 
140.8 ±  4.1 ms - Add time
  7.1 ±  0.3 ms - Find child
 10.6 ±  0.4 ms - Add child
122.5 ±  1.1 ms - Hash
104.2 ± 40.9 ms - Map
 44.4 ±  0.6 ms - getState
0.0980527
0.107188
0.189112
888.1 ±  0.0 ms - Total time
623.1 ±  0.0 ms - Build f time
 54.9 ±  0.9 ms - Apply f time
527.1 ±  3.8 ms - Real f time 
228.8 ± 35.0 ms - Add time
 10.7 ±  0.4 ms - Find child
 15.4 ±  0.4 ms - Add child
157.4 ±  1.2 ms - Hash
125.4 ± 40.9 ms - Map
 66.1 ±  0.7 ms - getState
0.104046
0.116878
0.21741
1105.6 ±  0.0 ms - Total time
727.2 ±  0.0 ms - Build f time
 74.6 ±  1.0 ms - Apply f time
625.3 ±  4.5 ms - Real f time 
283.1 ± 35.0 ms - Add time
 17.5 ±  2.0 ms - Find child
 21.8 ±  0.5 ms - Add child
194.5 ±  1.3 ms - Hash
148.2 ± 40.9 ms - Map
 92.0 ±  0.8 ms - getState
Dag sizes: 97226 132011 136169 152791 
brutePieces time: 0.714641
 75.1 ±  0.0 ms - Piece loop time
 67.3 ± 46.5 ms - Set time
 51.0 ±  1.1 ms - Child looking time
Nodes:  518197
Pieces: 119830
makePieces time: 0.0763508
Memory: 6.7 + 18.4 + 16.6 + 25.1 + 5.1 MB
  4.5 ±  0.0 ms - Greedy fill time
composePieces time: 0.348975
                                                                                