Running only task # 412
Using max depth 23
 |                                        | 0 / 416 (0.0%)Function count: 142
0.127786
0.142359
0.142809
0.158779
0.132818
0.149951
0.113915
0.128424
0.132959
0.148374
0.1311
0.147503
0.17291
0.197316
 71.7 ±  0.0 ms - Piece loop time
 54.7 ± 39.4 ms - Set time
 52.7 ±  1.7 ms - Child looking time
0.122954
0.137134
0.23682
1321.3 ±  0.0 ms - Total time
1077.2 ±  0.0 ms - Build f time
 61.9 ±  0.9 ms - Apply f time
889.8 ±  8.0 ms - Real f time 
257.6 ± 10.6 ms - Add time
  8.8 ±  0.3 ms - Find child
 13.0 ±  0.4 ms - Add child
182.4 ±  6.0 ms - Hash
168.8 ± 39.0 ms - Map
 64.7 ±  0.8 ms - getState
0.139152
0.155822
0.26637
1587.7 ±  0.0 ms - Total time
1216.4 ±  0.0 ms - Build f time
 87.5 ±  1.1 ms - Apply f time
1019.4 ±  8.2 ms - Real f time 
315.2 ± 10.6 ms - Add time
 15.9 ±  0.5 ms - Find child
 22.0 ±  0.7 ms - Add child
226.2 ±  6.1 ms - Hash
204.6 ± 39.0 ms - Map
 98.0 ±  1.0 ms - getState
0.137897
0.154241
0.273035
1860.8 ±  0.0 ms - Total time
1354.3 ±  0.0 ms - Build f time
114.2 ±  1.3 ms - Apply f time
1149.0 ±  8.4 ms - Real f time 
376.6 ± 10.7 ms - Add time
 22.9 ±  0.5 ms - Find child
 31.6 ±  0.7 ms - Add child
269.5 ±  6.1 ms - Hash
243.4 ± 39.0 ms - Map
132.1 ±  1.1 ms - getState
0.119829
0.137325
0.25505
2115.9 ±  0.0 ms - Total time
1474.1 ±  0.0 ms - Build f time
141.7 ±  1.4 ms - Apply f time
1264.3 ±  8.7 ms - Real f time 
434.9 ± 10.8 ms - Add time
 30.4 ±  0.6 ms - Find child
 41.5 ±  0.8 ms - Add child
309.8 ±  6.1 ms - Hash
282.4 ± 39.0 ms - Map
163.1 ±  1.2 ms - getState
0.141596
0.157491
0.269887
2385.8 ±  0.0 ms - Total time
1615.7 ±  0.0 ms - Build f time
165.3 ±  1.5 ms - Apply f time
1390.6 ±  8.9 ms - Real f time 
494.2 ± 10.9 ms - Add time
 37.1 ±  0.7 ms - Find child
 50.1 ±  0.9 ms - Add child
351.8 ±  6.2 ms - Hash
324.1 ± 38.9 ms - Map
194.8 ±  1.4 ms - getState
0.138062
0.153967
0.269144
2655.0 ±  0.0 ms - Total time
1753.8 ±  0.0 ms - Build f time
190.3 ±  1.6 ms - Apply f time
1516.0 ±  9.1 ms - Real f time 
554.5 ± 11.0 ms - Add time
 44.1 ±  0.8 ms - Find child
 59.0 ±  1.0 ms - Add child
393.8 ±  6.2 ms - Hash
366.2 ± 39.0 ms - Map
226.7 ±  1.5 ms - getState
0.15968
0.180587
0.284291
2939.4 ±  0.0 ms - Total time
1913.5 ±  0.0 ms - Build f time
223.8 ±  9.7 ms - Apply f time
1661.6 ±  9.3 ms - Real f time 
614.2 ± 11.1 ms - Add time
 50.7 ±  0.8 ms - Find child
 68.6 ±  1.0 ms - Add child
436.3 ±  6.2 ms - Hash
406.5 ± 39.0 ms - Map
259.1 ±  1.7 ms - getState
Dag sizes: 192295 201915 210503 189734 200113 208610 177770 
brutePieces time: 1.85984
275.7 ±  0.0 ms - Piece loop time
126.1 ± 42.0 ms - Set time
185.3 ±  2.3 ms - Child looking time
Nodes:  1380940
Pieces: 165358
makePieces time: 0.27744
Memory: 14.4 + 53.5 + 44.2 + 51.5 + 14.8 MB
  8.3 ±  0.5 ms - Greedy fill time
composePieces time: 2.09205
                                                                                