Running only task # 172
Using max depth 3
 |                                        | 0 / 416 (0.0%)Function count: 142
0.0367894
0.0402833
0.0302745
0.0332232
0.0358461
0.0390142
0.0365036
0.0394863
 20.4 ±  0.0 ms - Piece loop time
 40.4 ± 36.7 ms - Set time
 16.4 ±  0.7 ms - Child looking time
0.0374817
0.0408176
0.0481177
200.2 ±  0.0 ms - Total time
176.9 ±  0.0 ms - Build f time
  8.5 ±  0.3 ms - Apply f time
169.3 ±  1.5 ms - Real f time 
 34.4 ±  0.8 ms - Add time
  2.1 ±  0.2 ms - Find child
  2.5 ±  0.2 ms - Add child
 27.7 ±  0.6 ms - Hash
 60.3 ± 39.0 ms - Map
  7.3 ±  0.3 ms - getState
0.0310255
0.0338986
0.0393401
239.6 ±  0.0 ms - Total time
207.9 ±  0.0 ms - Build f time
 11.4 ±  0.3 ms - Apply f time
200.9 ±  1.6 ms - Real f time 
 41.9 ±  0.9 ms - Add time
  3.1 ±  0.2 ms - Find child
  3.5 ±  0.2 ms - Add child
 33.5 ±  0.6 ms - Hash
 64.6 ± 39.0 ms - Map
  9.5 ±  0.3 ms - getState
0.0379344
0.0413659
0.0494698
289.1 ±  0.0 ms - Total time
245.9 ±  0.0 ms - Build f time
 15.3 ±  0.4 ms - Apply f time
237.2 ±  1.7 ms - Real f time 
 56.3 ±  5.9 ms - Add time
  4.4 ±  0.2 ms - Find child
  4.8 ±  0.3 ms - Add child
 40.6 ±  0.7 ms - Hash
 71.1 ± 39.0 ms - Map
 12.6 ±  0.4 ms - getState
0.0494516
0.0526735
0.0598845
349.0 ±  0.0 ms - Total time
295.3 ±  0.0 ms - Build f time
 18.3 ±  0.4 ms - Apply f time
285.4 ±  1.9 ms - Real f time 
 67.1 ±  5.9 ms - Add time
  5.4 ±  0.3 ms - Find child
  6.3 ±  0.3 ms - Add child
 48.2 ±  0.8 ms - Hash
 77.8 ± 39.0 ms - Map
 15.8 ±  0.4 ms - getState
Dag sizes: 33857 26401 33318 30288 
brutePieces time: 0.199915
 36.4 ±  0.0 ms - Piece loop time
 42.2 ± 34.9 ms - Set time
 27.5 ±  0.9 ms - Child looking time
Nodes:  123864
Pieces: 10135
makePieces time: 0.0372083
Memory: 0.6 + 9.1 + 4.0 + 18.8 + 1.5 MB
  0.1 ±  0.0 ms - Greedy fill time
composePieces time: 0.0138715
                                                                                