Running only task # 307
Using max depth 33
 |                                        | 0 / 416 (0.0%)Function count: 142
0.277564
0.2961
0.100224
0.108
0.16351
0.178633
0.277627
0.295807
0.0995414
0.107306
0.162099
0.17742
0.169106
0.182221
 78.9 ±  0.0 ms - Piece loop time
 62.7 ± 49.7 ms - Set time
 62.9 ±  1.9 ms - Child looking time
0.300281
0.318071
0.618353
1970.3 ±  0.0 ms - Total time
1549.9 ±  0.0 ms - Build f time
 60.8 ±  1.1 ms - Apply f time
1148.1 ± 11.5 ms - Real f time 
383.8 ± 10.6 ms - Add time
  6.3 ±  0.3 ms - Find child
  9.1 ±  0.3 ms - Add child
395.5 ± 11.0 ms - Hash
151.9 ± 43.2 ms - Map
106.3 ±  1.3 ms - getState
0.101077
0.10861
0.193977
2164.3 ±  0.0 ms - Total time
1651.0 ±  0.0 ms - Build f time
 75.9 ±  1.2 ms - Apply f time
1238.5 ± 11.7 ms - Real f time 
425.3 ± 10.6 ms - Add time
 10.0 ±  0.4 ms - Find child
 14.1 ±  0.4 ms - Add child
432.5 ± 11.0 ms - Hash
176.8 ± 43.2 ms - Map
131.8 ±  1.5 ms - getState
0.17551
0.190482
0.338714
2503.0 ±  0.0 ms - Total time
1826.5 ±  0.0 ms - Build f time
 98.5 ±  1.4 ms - Apply f time
1394.0 ± 12.4 ms - Real f time 
504.5 ± 10.7 ms - Add time
 14.7 ±  0.4 ms - Find child
 20.2 ±  0.5 ms - Add child
498.7 ± 11.1 ms - Hash
210.4 ± 43.1 ms - Map
173.4 ±  1.9 ms - getState
0.281942
0.299656
0.613378
3116.4 ±  0.0 ms - Total time
2108.5 ±  0.0 ms - Build f time
131.4 ±  1.7 ms - Apply f time
1609.9 ± 13.5 ms - Real f time 
666.4 ± 11.2 ms - Add time
 19.8 ±  0.5 ms - Find child
 26.9 ±  0.6 ms - Add child
653.3 ± 11.2 ms - Hash
239.5 ± 43.1 ms - Map
248.7 ±  2.3 ms - getState
0.105073
0.113201
0.185489
3302.0 ±  0.0 ms - Total time
2213.5 ±  0.0 ms - Build f time
145.6 ±  1.8 ms - Apply f time
1703.6 ± 13.7 ms - Real f time 
707.8 ± 11.2 ms - Add time
 23.5 ±  0.5 ms - Find child
 31.9 ±  0.6 ms - Add child
691.5 ± 11.2 ms - Hash
256.9 ± 43.1 ms - Map
268.4 ±  2.5 ms - getState
0.167818
0.182584
0.326238
3628.2 ±  0.0 ms - Total time
2381.4 ±  0.0 ms - Build f time
170.7 ±  2.5 ms - Apply f time
1848.2 ± 14.0 ms - Real f time 
787.2 ± 11.3 ms - Add time
 28.6 ±  0.6 ms - Find child
 38.8 ±  0.7 ms - Add child
756.0 ± 11.2 ms - Hash
283.1 ± 43.1 ms - Map
308.2 ±  2.6 ms - getState
0.17587
0.188684
0.36551
3993.8 ±  0.0 ms - Total time
2557.2 ±  0.0 ms - Build f time
193.8 ±  2.6 ms - Apply f time
1993.0 ± 14.3 ms - Real f time 
883.1 ± 11.4 ms - Add time
 33.8 ±  0.7 ms - Find child
 45.5 ±  0.8 ms - Add child
840.6 ± 11.3 ms - Hash
308.9 ± 43.1 ms - Map
354.7 ±  2.7 ms - getState
Dag sizes: 146685 110373 184455 151909 114592 187306 174235 
brutePieces time: 2.64607
227.2 ±  0.0 ms - Piece loop time
 66.9 ± 23.0 ms - Set time
171.5 ±  2.3 ms - Child looking time
Nodes:  1069555
Pieces: 207737
makePieces time: 0.228537
Memory: 32.4 + 36.9 + 34.2 + 46.5 + 13.9 MB
 95.9 ±  8.8 ms - Greedy fill time
composePieces time: 11.5227
                                                                                