Running only task # 389
Using max depth 4
 |                                        | 0 / 416 (0.0%)Function count: 142
0.274099
0.31695
0.253129
0.291446
0.255813
0.29167
0.198507
0.223595
0.25958
0.299486
 72.2 ±  0.0 ms - Piece loop time
 28.3 ± 15.4 ms - Set time
 55.3 ±  1.9 ms - Child looking time
9.71498
11.1436
12.6433
14066.7 ±  0.0 ms - Total time
10956.1 ±  0.0 ms - Build f time
697.2 ±  4.9 ms - Apply f time
9516.0 ± 27.0 ms - Real f time 
2494.1 ± 16.8 ms - Add time
112.8 ±  9.3 ms - Find child
151.1 ±  1.6 ms - Add child
1265.2 ±  5.4 ms - Hash
1432.9 ± 57.2 ms - Map
1259.9 ±  4.7 ms - getState
8.86399
10.1572
11.6074
25674.1 ±  0.0 ms - Total time
19820.1 ±  0.0 ms - Build f time
1284.4 ±  8.5 ms - Apply f time
17452.5 ± 40.0 ms - Real f time 
4513.8 ± 29.0 ms - Add time
203.1 ±  9.4 ms - Find child
285.4 ±  2.2 ms - Add child
2300.7 ±  6.8 ms - Hash
2715.5 ± 191.1 ms - Map
2352.6 ±  7.3 ms - getState
8.04078
9.17737
10.5529
36227.0 ±  0.0 ms - Total time
27860.9 ±  0.0 ms - Build f time
1812.5 ± 13.8 ms - Apply f time
24409.8 ± 45.6 ms - Real f time 
6674.0 ± 274.2 ms - Add time
294.7 ±  9.5 ms - Find child
416.9 ±  2.7 ms - Add child
3325.7 ± 10.3 ms - Hash
4259.3 ± 400.9 ms - Map
3349.8 ± 12.0 ms - getState
6.81351
7.74415
8.91164
45138.7 ±  0.0 ms - Total time
34674.4 ±  0.0 ms - Build f time
2241.8 ± 14.5 ms - Apply f time
30223.8 ± 54.6 ms - Real f time 
8229.1 ± 274.9 ms - Add time
372.4 ±  9.5 ms - Find child
530.9 ±  3.0 ms - Add child
4256.8 ± 23.8 ms - Hash
5272.2 ± 401.6 ms - Map
4204.2 ± 22.4 ms - getState
9.0684
10.3645
11.7364
56875.2 ±  0.0 ms - Total time
43742.8 ±  0.0 ms - Build f time
2820.9 ± 15.2 ms - Apply f time
38456.5 ± 63.2 ms - Real f time 
10381.3 ± 341.6 ms - Add time
459.3 ±  9.6 ms - Find child
662.6 ±  3.4 ms - Add child
5305.1 ± 32.6 ms - Hash
6427.3 ± 405.3 ms - Map
5270.4 ± 29.8 ms - getState
Dag sizes: 3305231 2916321 2967246 2534662 2928268 
brutePieces time: 55.4537
5735.6 ±  0.0 ms - Piece loop time
1446.9 ± 18.4 ms - Set time
3953.2 ± 22.3 ms - Child looking time
Nodes:  14651728
Pieces: 690128
makePieces time: 5.73991
Memory: 336.2 + 905.3 + 468.9 + 385.4 + 163.2 MB
  0.9 ±  0.0 ms - Greedy fill time
composePieces time: 1.603
                                                                                