Running only task # 118
Using max depth 4
 |                                        | 0 / 416 (0.0%)Function count: 142
0.0615088
0.0649763
0.0596954
0.0628047
0.0587909
0.0620107
0.0662526
0.0699394
 13.2 ±  0.0 ms - Piece loop time
 38.8 ± 36.4 ms - Set time
  9.5 ±  0.6 ms - Child looking time
1.25991
1.32878
1.52414
1784.0 ±  0.0 ms - Total time
1506.2 ±  0.0 ms - Build f time
 71.0 ±  1.6 ms - Apply f time
1272.3 ±  8.4 ms - Real f time 
260.5 ± 27.3 ms - Add time
 22.1 ±  0.5 ms - Find child
 26.2 ±  0.7 ms - Add child
326.7 ±  3.7 ms - Hash
252.4 ± 40.0 ms - Map
 72.7 ±  0.8 ms - getState
1.13102
1.19258
1.34746
3131.5 ±  0.0 ms - Total time
2637.2 ±  0.0 ms - Build f time
124.4 ±  1.8 ms - Apply f time
2237.7 ± 12.0 ms - Real f time 
429.1 ± 28.0 ms - Add time
 40.4 ±  0.9 ms - Find child
 47.3 ±  1.0 ms - Add child
575.4 ±  4.1 ms - Hash
398.4 ± 40.1 ms - Map
136.6 ±  1.8 ms - getState
1.1183
1.18147
1.33478
4466.3 ±  0.0 ms - Total time
3755.5 ±  0.0 ms - Build f time
179.4 ±  2.0 ms - Apply f time
3198.9 ± 14.2 ms - Real f time 
692.7 ± 79.0 ms - Add time
 56.4 ±  1.0 ms - Find child
 67.6 ±  1.4 ms - Add child
822.4 ±  4.5 ms - Hash
541.6 ± 40.3 ms - Map
197.5 ±  2.0 ms - getState
1.35865
1.43124
1.64181
6108.2 ±  0.0 ms - Total time
5114.1 ±  0.0 ms - Build f time
252.4 ±  2.2 ms - Apply f time
4383.4 ± 25.3 ms - Real f time 
895.9 ± 79.1 ms - Add time
 79.0 ±  1.2 ms - Find child
 95.0 ±  1.6 ms - Add child
1133.4 ±  5.2 ms - Hash
728.3 ± 40.5 ms - Map
275.2 ±  2.1 ms - getState
Dag sizes: 452079 368998 356640 490718 
brutePieces time: 5.85155
683.8 ±  0.0 ms - Piece loop time
169.0 ± 34.9 ms - Set time
467.2 ±  4.2 ms - Child looking time
Nodes:  1668435
Pieces: 100256
makePieces time: 0.685128
Memory: 20.2 + 153.7 + 53.4 + 43.5 + 18.1 MB
  0.2 ±  0.0 ms - Greedy fill time
composePieces time: 0.128384
                                                                                