Running only task # 292
Using max depth 3
 |                                        | 0 / 416 (0.0%)Function count: 142
0.0566333
0.0598689
0.0503749
0.0529192
0.0417125
0.0440943
0.069136
0.0721105
 17.9 ±  0.0 ms - Piece loop time
 40.8 ± 36.6 ms - Set time
 13.4 ±  0.7 ms - Child looking time
0.0586256
0.0614966
0.0998225
329.0 ±  0.0 ms - Total time
276.5 ±  0.0 ms - Build f time
 10.9 ±  0.4 ms - Apply f time
235.5 ±  3.9 ms - Real f time 
 54.2 ±  2.4 ms - Add time
  2.5 ±  0.2 ms - Find child
  2.8 ±  0.2 ms - Add child
 54.1 ±  0.7 ms - Hash
 70.7 ± 38.0 ms - Map
 12.3 ±  0.3 ms - getState
0.0535076
0.0559097
0.084327
413.4 ±  0.0 ms - Total time
330.0 ±  0.0 ms - Build f time
 16.9 ±  0.4 ms - Apply f time
283.2 ±  4.0 ms - Real f time 
 69.7 ±  2.5 ms - Add time
  4.1 ±  0.2 ms - Find child
  4.7 ±  0.2 ms - Add child
 70.8 ±  0.8 ms - Hash
 81.5 ± 37.9 ms - Map
 18.7 ±  0.4 ms - getState
0.0439875
0.0463494
0.0687473
482.1 ±  0.0 ms - Total time
374.0 ±  0.0 ms - Build f time
 21.1 ±  0.5 ms - Apply f time
334.9 ± 12.3 ms - Real f time 
 83.3 ±  2.5 ms - Add time
  5.5 ±  0.3 ms - Find child
  6.4 ±  0.3 ms - Add child
 84.0 ±  0.9 ms - Hash
 88.8 ± 37.9 ms - Map
 23.9 ±  0.5 ms - getState
0.0569647
0.0598951
0.0969775
579.2 ±  0.0 ms - Total time
430.9 ±  0.0 ms - Build f time
 28.0 ±  0.6 ms - Apply f time
386.7 ± 12.4 ms - Real f time 
102.5 ±  2.6 ms - Add time
  7.3 ±  0.3 ms - Find child
  8.9 ±  0.3 ms - Add child
103.5 ±  1.0 ms - Hash
103.0 ± 37.9 ms - Map
 32.5 ±  0.5 ms - getState
Dag sizes: 66726 49140 38857 62532 
brutePieces time: 0.353167
 45.4 ±  0.0 ms - Piece loop time
 59.8 ± 38.4 ms - Set time
 34.0 ±  1.3 ms - Child looking time
Nodes:  217255
Pieces: 57096
makePieces time: 0.0463615
Memory: 2.5 + 9.9 + 7.0 + 20.3 + 2.4 MB
  3.9 ±  0.0 ms - Greedy fill time
composePieces time: 0.231324
                                                                                