Running only task # 312
Using max depth 3
 |                                        | 0 / 416 (0.0%)Function count: 142
0.0399373
0.0426079
0.0425471
0.0449962
0.0431912
0.0457525
0.0509241
0.053826
  9.2 ±  0.0 ms - Piece loop time
 41.1 ± 38.6 ms - Set time
  6.6 ±  0.6 ms - Child looking time
0.0378065
0.0399688
0.0610607
248.4 ±  0.0 ms - Total time
214.4 ±  0.0 ms - Build f time
  8.4 ±  0.3 ms - Apply f time
188.3 ±  2.2 ms - Real f time 
 40.0 ±  1.3 ms - Add time
  1.9 ±  0.2 ms - Find child
  2.6 ±  0.2 ms - Add child
 40.1 ±  0.7 ms - Hash
 65.4 ± 42.1 ms - Map
  8.8 ±  0.3 ms - getState
0.0432879
0.0457488
0.0738828
322.3 ±  0.0 ms - Total time
257.7 ±  0.0 ms - Build f time
 14.3 ±  0.4 ms - Apply f time
230.1 ±  2.4 ms - Real f time 
 55.4 ±  1.4 ms - Add time
  3.5 ±  0.2 ms - Find child
  4.9 ±  0.3 ms - Add child
 53.3 ±  1.0 ms - Hash
 76.7 ± 42.1 ms - Map
 15.5 ±  0.4 ms - getState
0.0450032
0.0474456
0.0739541
396.3 ±  0.0 ms - Total time
302.7 ±  0.0 ms - Build f time
 19.7 ±  0.5 ms - Apply f time
272.4 ±  2.6 ms - Real f time 
 70.4 ±  1.5 ms - Add time
  5.2 ±  0.3 ms - Find child
  7.0 ±  0.3 ms - Add child
 67.0 ±  1.1 ms - Hash
 85.8 ± 42.0 ms - Map
 21.9 ±  0.4 ms - getState
0.0515753
0.054416
0.0899139
486.3 ±  0.0 ms - Total time
354.3 ±  0.0 ms - Build f time
 26.3 ±  0.5 ms - Apply f time
321.0 ±  2.8 ms - Real f time 
 89.4 ±  1.6 ms - Add time
  6.9 ±  0.3 ms - Find child
  9.7 ±  0.4 ms - Add child
 84.5 ±  1.2 ms - Hash
 96.6 ± 42.1 ms - Map
 29.9 ±  0.5 ms - getState
Dag sizes: 49042 54913 52988 63525 
brutePieces time: 0.302156
 23.2 ±  0.0 ms - Piece loop time
 49.2 ± 43.2 ms - Set time
 16.1 ±  0.7 ms - Child looking time
Nodes:  220468
Pieces: 38980
makePieces time: 0.0242001
Memory: 2.1 + 9.5 + 7.1 + 20.3 + 1.7 MB
  2.0 ±  0.0 ms - Greedy fill time
composePieces time: 0.118771
                                                                                