Running only task # 50
Using max depth 3
 |                                        | 0 / 416 (0.0%)Function count: 142
0.126553
0.141747
0.0589815
0.0651931
0.0776602
0.0860602
0.141194
0.15365
 17.9 ±  0.0 ms - Piece loop time
 38.3 ± 34.6 ms - Set time
 14.7 ±  0.9 ms - Child looking time
0.124285
0.139339
0.204752
651.6 ±  0.0 ms - Total time
528.7 ±  0.0 ms - Build f time
 30.9 ±  0.8 ms - Apply f time
462.0 ±  6.6 ms - Real f time 
114.4 ±  2.2 ms - Add time
  4.9 ±  0.3 ms - Find child
  6.7 ±  0.3 ms - Add child
 91.6 ±  1.4 ms - Hash
 78.1 ± 37.7 ms - Map
 34.7 ±  0.7 ms - getState
0.0595006
0.0658599
0.0939621
745.6 ±  0.0 ms - Total time
588.2 ±  0.0 ms - Build f time
 39.1 ±  0.9 ms - Apply f time
519.3 ±  6.7 ms - Real f time 
133.8 ±  2.3 ms - Add time
  7.1 ±  0.3 ms - Find child
 10.0 ±  0.4 ms - Add child
106.3 ±  1.4 ms - Hash
 88.3 ± 37.7 ms - Map
 43.1 ±  0.8 ms - getState
0.0803209
0.0889381
0.130658
876.3 ±  0.0 ms - Total time
668.5 ±  0.0 ms - Build f time
 49.4 ±  0.9 ms - Apply f time
589.9 ±  6.9 ms - Real f time 
161.0 ±  2.4 ms - Add time
  9.6 ±  0.4 ms - Find child
 13.4 ±  0.4 ms - Add child
131.1 ±  1.5 ms - Hash
 99.7 ± 37.7 ms - Map
 55.4 ±  0.8 ms - getState
0.145232
0.157553
0.212089
1088.4 ±  0.0 ms - Total time
813.7 ±  0.0 ms - Build f time
 61.0 ±  1.1 ms - Apply f time
721.6 ± 12.2 ms - Real f time 
199.0 ±  2.8 ms - Add time
 12.2 ±  0.4 ms - Find child
 17.0 ±  0.5 ms - Add child
167.9 ±  1.8 ms - Hash
110.1 ± 37.7 ms - Map
 72.9 ±  1.0 ms - getState
Dag sizes: 92958 56260 59108 60690 
brutePieces time: 0.646254
 54.7 ±  0.0 ms - Piece loop time
 41.3 ± 31.1 ms - Set time
 41.9 ±  1.0 ms - Child looking time
Nodes:  269016
Pieces: 23569
makePieces time: 0.0554258
Memory: 5.1 + 14.0 + 8.6 + 21.1 + 2.6 MB
  1.3 ±  0.0 ms - Greedy fill time
composePieces time: 0.0412208
                                                                                