Running only task # 96
Using max depth 4
 |                                        | 0 / 416 (0.0%)Function count: 142
0.0958164
0.104054
0.0832017
0.0901275
0.0570259
0.0609144
0.106846
0.116131
 18.4 ±  0.0 ms - Piece loop time
 42.5 ± 37.9 ms - Set time
 13.4 ±  0.8 ms - Child looking time
2.2443
2.40467
2.86693
3238.3 ±  0.0 ms - Total time
2587.2 ±  0.0 ms - Build f time
154.0 ±  2.6 ms - Apply f time
2153.7 ± 17.9 ms - Real f time 
437.5 ± 10.8 ms - Add time
 39.3 ±  1.3 ms - Find child
 50.3 ±  0.9 ms - Add child
574.8 ±  2.6 ms - Hash
452.2 ± 41.0 ms - Map
151.7 ±  1.3 ms - getState
1.7605
1.88236
2.16573
5404.1 ±  0.0 ms - Total time
4347.7 ±  0.0 ms - Build f time
259.6 ±  2.9 ms - Apply f time
3720.9 ± 34.4 ms - Real f time 
723.6 ± 12.9 ms - Add time
 68.8 ±  1.4 ms - Find child
 87.2 ±  1.2 ms - Add child
971.6 ±  6.8 ms - Hash
696.1 ± 41.3 ms - Map
254.0 ±  1.6 ms - getState
1.16433
1.23296
1.40556
6809.7 ±  0.0 ms - Total time
5512.0 ±  0.0 ms - Build f time
344.3 ± 14.5 ms - Apply f time
4743.9 ± 35.8 ms - Real f time 
906.9 ± 13.0 ms - Add time
 89.0 ±  1.5 ms - Find child
113.4 ±  1.3 ms - Add child
1220.9 ±  7.1 ms - Hash
864.4 ± 41.4 ms - Map
318.5 ±  1.9 ms - getState
2.549
2.72909
3.27358
10083.3 ±  0.0 ms - Total time
8061.0 ±  0.0 ms - Build f time
519.1 ± 14.6 ms - Apply f time
6898.1 ± 37.6 ms - Real f time 
1329.5 ± 13.4 ms - Add time
134.8 ±  1.9 ms - Find child
165.4 ±  2.6 ms - Add child
1840.6 ± 18.0 ms - Hash
1245.3 ± 41.6 ms - Map
490.5 ±  2.4 ms - getState
Dag sizes: 890098 680070 483804 1009620 
brutePieces time: 9.71373
1159.5 ±  0.0 ms - Piece loop time
374.0 ± 76.8 ms - Set time
797.3 ± 15.4 ms - Child looking time
Nodes:  3063592
Pieces: 141995
makePieces time: 1.16081
Memory: 38.6 + 235.1 + 98.0 + 74.2 + 33.5 MB
  0.2 ±  0.0 ms - Greedy fill time
composePieces time: 0.154454
                                                                                