Running only task # 225
Using max depth 33
 |                                        | 0 / 416 (0.0%)Function count: 142
0.0784223
0.0852182
0.0956094
0.103342
0.079801
0.086326
0.0778782
0.0843212
0.0972868
0.104786
0.0765669
0.0830863
0.116413
0.127221
 58.9 ±  0.0 ms - Piece loop time
 48.2 ± 37.4 ms - Set time
 45.2 ±  1.5 ms - Child looking time
0.0762174
0.0825977
0.171737
846.3 ±  0.0 ms - Total time
698.2 ±  0.0 ms - Build f time
 37.8 ±  0.7 ms - Apply f time
556.2 ±  4.3 ms - Real f time 
180.3 ± 11.6 ms - Add time
  7.3 ±  0.3 ms - Find child
 10.4 ±  0.4 ms - Add child
128.2 ±  2.2 ms - Hash
182.8 ± 56.2 ms - Map
 38.6 ±  0.6 ms - getState
0.0985299
0.106553
0.223796
1070.1 ±  0.0 ms - Total time
796.7 ±  0.0 ms - Build f time
 58.6 ±  0.8 ms - Apply f time
644.6 ±  4.5 ms - Real f time 
235.3 ± 11.7 ms - Add time
 12.8 ±  0.4 ms - Find child
 18.2 ±  0.5 ms - Add child
172.5 ±  2.4 ms - Hash
218.0 ± 56.3 ms - Map
 65.5 ±  0.8 ms - getState
0.078798
0.085382
0.178546
1248.7 ±  0.0 ms - Total time
875.5 ±  0.0 ms - Build f time
 76.9 ±  1.0 ms - Apply f time
717.4 ±  4.7 ms - Real f time 
278.4 ± 11.7 ms - Add time
 19.5 ±  0.5 ms - Find child
 26.8 ±  0.6 ms - Add child
208.3 ±  5.3 ms - Hash
257.1 ± 56.3 ms - Map
 86.4 ±  0.9 ms - getState
0.0790373
0.0856261
0.175608
1424.4 ±  0.0 ms - Total time
954.6 ±  0.0 ms - Build f time
 95.2 ±  1.1 ms - Apply f time
792.7 ±  4.9 ms - Real f time 
320.7 ± 11.9 ms - Add time
 25.6 ±  0.6 ms - Find child
 35.1 ±  1.0 ms - Add child
238.9 ±  5.4 ms - Hash
301.1 ± 57.3 ms - Map
108.3 ±  1.9 ms - getState
0.0991161
0.106618
0.230045
1654.5 ±  0.0 ms - Total time
1053.7 ±  0.0 ms - Build f time
116.8 ±  1.2 ms - Apply f time
882.4 ±  5.1 ms - Real f time 
377.2 ± 11.9 ms - Add time
 31.4 ±  0.7 ms - Find child
 43.2 ±  1.1 ms - Add child
283.3 ±  5.4 ms - Hash
335.8 ± 57.2 ms - Map
136.5 ±  2.0 ms - getState
0.0804914
0.0871912
0.17836
1832.9 ±  0.0 ms - Total time
1134.2 ±  0.0 ms - Build f time
135.6 ±  1.3 ms - Apply f time
959.4 ±  5.2 ms - Real f time 
417.2 ± 11.9 ms - Add time
 37.7 ±  0.7 ms - Find child
 51.2 ±  1.1 ms - Add child
314.1 ±  5.4 ms - Hash
370.3 ± 57.2 ms - Map
156.5 ±  2.1 ms - getState
0.121077
0.131915
0.272517
2105.4 ±  0.0 ms - Total time
1255.2 ±  0.0 ms - Build f time
160.6 ±  1.4 ms - Apply f time
1073.4 ±  5.6 ms - Real f time 
487.3 ± 12.2 ms - Add time
 44.7 ±  0.8 ms - Find child
 61.1 ±  1.2 ms - Add child
366.4 ±  5.5 ms - Hash
404.3 ± 57.2 ms - Map
195.9 ±  4.6 ms - getState
Dag sizes: 167754 171775 169648 169474 173380 169282 216229 
brutePieces time: 1.43633
236.0 ±  0.0 ms - Piece loop time
 89.0 ± 39.1 ms - Set time
169.8 ±  2.3 ms - Child looking time
Nodes:  1237542
Pieces: 217452
makePieces time: 0.238063
Memory: 12.8 + 49.4 + 39.6 + 49.2 + 14.2 MB
 13.4 ±  0.8 ms - Greedy fill time
composePieces time: 3.088
                                                                                