Running only task # 341
Using max depth 33
 |                                        | 0 / 416 (0.0%)Function count: 142
0.970778
1.07936
0.757955
0.892952
1.00111
1.12415
0.596018
0.665537
0.965679
1.07763
0.764415
0.871403
1.03167
1.1531
0.608421
0.678143
0.733567
0.821107
 55.2 ±  0.0 ms - Piece loop time
 25.7 ± 16.1 ms - Set time
 41.4 ±  1.8 ms - Child looking time
0.965134
1.08442
1.28527
9649.1 ±  0.0 ms - Total time
8394.7 ±  0.0 ms - Build f time
375.1 ± 17.5 ms - Apply f time
6773.8 ± 173.1 ms - Real f time 
1484.1 ± 66.3 ms - Add time
  9.5 ±  0.3 ms - Find child
 15.1 ±  0.4 ms - Add child
1324.6 ± 19.1 ms - Hash
199.4 ± 41.7 ms - Map
510.6 ± 31.5 ms - getState
0.786672
0.893299
1.13271
10781.8 ±  0.0 ms - Total time
9181.4 ±  0.0 ms - Build f time
433.1 ± 17.7 ms - Apply f time
7448.9 ± 178.1 ms - Real f time 
1699.4 ± 66.5 ms - Add time
 15.3 ±  0.4 ms - Find child
 23.0 ±  0.5 ms - Add child
1527.2 ± 19.4 ms - Hash
234.8 ± 41.7 ms - Map
613.8 ± 31.7 ms - getState
1.02869
1.17281
1.40154
12183.4 ±  0.0 ms - Total time
10210.1 ±  0.0 ms - Build f time
493.5 ± 18.9 ms - Apply f time
8441.1 ± 214.4 ms - Real f time 
1910.7 ± 68.2 ms - Add time
 20.5 ±  0.5 ms - Find child
 30.0 ±  0.6 ms - Add child
1728.3 ± 20.7 ms - Hash
267.3 ± 41.8 ms - Map
746.4 ± 34.8 ms - getState
0.633072
0.718002
0.898958
13082.4 ±  0.0 ms - Total time
10843.2 ±  0.0 ms - Build f time
543.5 ± 19.2 ms - Apply f time
8974.9 ± 215.5 ms - Real f time 
2065.5 ± 68.3 ms - Add time
 25.0 ±  0.6 ms - Find child
 36.0 ±  0.7 ms - Add child
1879.7 ± 20.8 ms - Hash
293.5 ± 41.8 ms - Map
825.6 ± 34.9 ms - getState
0.965385
1.07659
1.28774
14370.2 ±  0.0 ms - Total time
11808.6 ±  0.0 ms - Build f time
597.6 ± 20.5 ms - Apply f time
9728.3 ± 220.7 ms - Real f time 
2258.8 ± 69.6 ms - Add time
 29.6 ±  0.6 ms - Find child
 41.9 ±  0.7 ms - Add child
2069.7 ± 21.7 ms - Hash
318.8 ± 41.8 ms - Map
920.9 ± 35.5 ms - getState
0.766427
0.888648
1.15715
15527.4 ±  0.0 ms - Total time
12575.0 ±  0.0 ms - Build f time
667.8 ± 20.8 ms - Apply f time
10320.5 ± 221.2 ms - Real f time 
2475.2 ± 69.8 ms - Add time
 35.9 ±  0.7 ms - Find child
 50.2 ±  0.8 ms - Add child
2266.1 ± 22.0 ms - Hash
353.5 ± 41.8 ms - Map
1049.5 ± 35.7 ms - getState
1.04214
1.16237
1.38129
16908.7 ±  0.0 ms - Total time
13617.1 ±  0.0 ms - Build f time
741.6 ± 23.0 ms - Apply f time
11359.8 ± 251.3 ms - Real f time 
2752.9 ± 93.9 ms - Add time
 40.7 ±  0.7 ms - Find child
 56.9 ±  0.8 ms - Add child
2461.7 ± 22.8 ms - Hash
382.9 ± 41.8 ms - Map
1167.5 ± 37.3 ms - getState
0.631999
0.701216
0.887138
17795.9 ±  0.0 ms - Total time
14249.1 ±  0.0 ms - Build f time
785.0 ± 23.1 ms - Apply f time
11874.3 ± 252.1 ms - Real f time 
2941.2 ± 96.5 ms - Add time
 46.0 ±  0.8 ms - Find child
 62.7 ±  0.9 ms - Add child
2621.9 ± 23.0 ms - Hash
410.8 ± 41.9 ms - Map
1240.6 ± 37.4 ms - getState
0.731633
0.814435
1.08752
18883.5 ±  0.0 ms - Total time
14980.8 ±  0.0 ms - Build f time
835.7 ± 23.2 ms - Apply f time
12490.5 ± 254.9 ms - Real f time 
3252.8 ± 145.1 ms - Add time
 51.5 ±  0.8 ms - Find child
 70.5 ±  0.9 ms - Add child
2829.4 ± 23.2 ms - Hash
440.5 ± 41.9 ms - Map
1342.6 ± 37.5 ms - getState
Dag sizes: 101287 136395 111809 105440 103780 135215 110546 106843 127219 
brutePieces time: 10.5239
114.1 ±  0.0 ms - Piece loop time
 38.6 ± 16.3 ms - Set time
 83.4 ±  2.1 ms - Child looking time
Nodes:  1038534
Pieces: 7245
makePieces time: 0.114594
Memory: 98.8 + 52.1 + 33.2 + 54.4 + 7.1 MB
  2.5 ±  0.2 ms - Greedy fill time
composePieces time: 0.121447
                                                                                