Running only task # 414
Using max depth 23
 |                                        | 0 / 416 (0.0%)Function count: 142
0.036663
0.0406679
0.0219072
0.0233918
0.0516107
0.0574303
0.0369457
0.0407174
0.0217175
0.0233562
0.0517733
0.0575685
0.0662556
0.0730364
 48.7 ±  0.0 ms - Piece loop time
 40.9 ± 34.9 ms - Set time
 40.8 ±  1.2 ms - Child looking time
0.0369084
0.0404817
0.0459957
362.3 ±  0.0 ms - Total time
323.8 ±  0.0 ms - Build f time
 13.6 ±  0.3 ms - Apply f time
305.1 ±  2.5 ms - Real f time 
 58.6 ±  1.9 ms - Add time
  1.7 ±  0.1 ms - Find child
  2.8 ±  0.2 ms - Add child
 42.8 ±  0.7 ms - Hash
 68.9 ± 38.5 ms - Map
 12.2 ±  0.3 ms - getState
0.0208817
0.0222033
0.0248272
387.2 ±  0.0 ms - Total time
344.7 ±  0.0 ms - Build f time
 14.9 ±  0.4 ms - Apply f time
327.4 ±  2.6 ms - Real f time 
 62.2 ±  2.0 ms - Add time
  2.2 ±  0.2 ms - Find child
  3.4 ±  0.2 ms - Add child
 46.3 ±  0.7 ms - Hash
 71.3 ± 38.5 ms - Map
 13.3 ±  0.3 ms - getState
0.0496405
0.055277
0.0653221
452.5 ±  0.0 ms - Total time
394.3 ±  0.0 ms - Build f time
 20.1 ±  0.5 ms - Apply f time
376.0 ±  2.7 ms - Real f time 
 73.8 ±  2.0 ms - Add time
  3.5 ±  0.2 ms - Find child
  4.9 ±  0.2 ms - Add child
 55.2 ±  0.8 ms - Hash
 77.7 ± 38.5 ms - Map
 18.1 ±  0.4 ms - getState
0.037141
0.0408424
0.0465479
499.1 ±  0.0 ms - Total time
431.4 ±  0.0 ms - Build f time
 22.9 ±  0.5 ms - Apply f time
413.4 ±  2.8 ms - Real f time 
 81.4 ±  2.0 ms - Add time
  4.4 ±  0.2 ms - Find child
  6.0 ±  0.3 ms - Add child
 61.1 ±  0.8 ms - Hash
 82.7 ± 38.5 ms - Map
 21.1 ±  0.4 ms - getState
0.0212467
0.0225672
0.0252963
524.4 ±  0.0 ms - Total time
452.7 ±  0.0 ms - Build f time
 24.3 ±  0.5 ms - Apply f time
435.4 ±  2.9 ms - Real f time 
 85.5 ±  2.1 ms - Add time
  5.0 ±  0.3 ms - Find child
  6.6 ±  0.3 ms - Add child
 65.1 ±  1.1 ms - Hash
 85.1 ± 38.5 ms - Map
 22.2 ±  0.4 ms - getState
0.0510184
0.0568046
0.0681242
592.6 ±  0.0 ms - Total time
503.7 ±  0.0 ms - Build f time
 29.4 ±  0.6 ms - Apply f time
482.4 ±  3.0 ms - Real f time 
 97.0 ±  2.1 ms - Add time
  6.3 ±  0.3 ms - Find child
  8.3 ±  0.3 ms - Add child
 74.2 ±  1.1 ms - Hash
 91.4 ± 38.5 ms - Map
 27.1 ±  0.5 ms - getState
0.0693251
0.0764683
0.0892321
681.8 ±  0.0 ms - Total time
573.0 ±  0.0 ms - Build f time
 34.9 ±  0.7 ms - Apply f time
550.5 ±  3.3 ms - Real f time 
112.2 ±  2.2 ms - Add time
  7.8 ±  0.3 ms - Find child
 10.0 ±  0.4 ms - Add child
 84.2 ±  1.2 ms - Hash
100.4 ± 38.5 ms - Map
 32.4 ±  0.5 ms - getState
Dag sizes: 24291 12662 33635 24243 12667 33633 39463 
brutePieces time: 0.369782
 80.0 ±  0.0 ms - Piece loop time
 47.0 ± 35.4 ms - Set time
 64.8 ±  1.4 ms - Child looking time
Nodes:  180594
Pieces: 4128
makePieces time: 0.0808219
Memory: 1.5 + 12.4 + 5.8 + 32.2 + 3.0 MB
  0.4 ±  0.0 ms - Greedy fill time
composePieces time: 0.0240481
                                                                                