Running only task # 389
Using max depth 33
 |                                        | 0 / 416 (0.0%)Function count: 142
0.277883
0.320726
0.265211
0.303809
0.237829
0.271392
0.218523
0.244733
0.277372
0.320182
0.277613
0.316416
0.238249
0.27287
0.209027
0.235663
0.283278
0.324325
138.0 ±  0.0 ms - Piece loop time
 37.0 ± 17.1 ms - Set time
111.3 ±  2.4 ms - Child looking time
0.278135
0.320403
0.382197
2992.8 ±  0.0 ms - Total time
2563.1 ±  0.0 ms - Build f time
133.6 ±  1.9 ms - Apply f time
2100.6 ± 11.4 ms - Real f time 
662.7 ± 28.3 ms - Add time
  9.5 ±  0.3 ms - Find child
 14.2 ±  0.4 ms - Add child
281.0 ±  2.3 ms - Hash
274.5 ± 42.6 ms - Map
160.7 ±  1.8 ms - getState
0.259519
0.298325
0.353607
3346.5 ±  0.0 ms - Total time
2822.6 ±  0.0 ms - Build f time
153.0 ±  2.1 ms - Apply f time
2325.5 ± 11.9 ms - Real f time 
735.8 ± 28.3 ms - Add time
 13.1 ±  0.4 ms - Find child
 19.3 ±  0.5 ms - Add child
314.7 ±  2.3 ms - Hash
327.0 ± 47.9 ms - Map
202.8 ±  1.9 ms - getState
0.23505
0.269124
0.328125
3674.6 ±  0.0 ms - Total time
3057.7 ±  0.0 ms - Build f time
170.7 ±  2.2 ms - Apply f time
2521.3 ± 12.2 ms - Real f time 
805.1 ± 28.4 ms - Add time
 17.2 ±  0.5 ms - Find child
 23.9 ±  0.5 ms - Add child
350.8 ±  2.5 ms - Hash
357.5 ± 47.8 ms - Map
242.8 ±  2.1 ms - getState
0.217109
0.242591
0.289932
3964.6 ±  0.0 ms - Total time
3274.8 ±  0.0 ms - Build f time
185.0 ±  2.3 ms - Apply f time
2691.9 ± 12.4 ms - Real f time 
866.2 ± 28.4 ms - Add time
 20.6 ±  0.5 ms - Find child
 27.8 ±  0.6 ms - Add child
383.1 ±  2.5 ms - Hash
384.8 ± 47.8 ms - Map
275.8 ±  2.2 ms - getState
0.274204
0.316413
0.375355
4340.0 ±  0.0 ms - Total time
3549.0 ±  0.0 ms - Build f time
206.8 ±  2.4 ms - Apply f time
2925.8 ± 12.9 ms - Real f time 
943.4 ± 28.5 ms - Add time
 24.4 ±  0.6 ms - Find child
 32.7 ±  0.6 ms - Add child
421.5 ±  4.2 ms - Hash
416.9 ± 47.9 ms - Map
325.1 ±  6.1 ms - getState
0.257662
0.297632
0.357242
4697.3 ±  0.0 ms - Total time
3806.7 ±  0.0 ms - Build f time
229.1 ±  2.7 ms - Apply f time
3149.5 ± 13.3 ms - Real f time 
1017.8 ± 28.5 ms - Add time
 28.4 ±  0.6 ms - Find child
 38.8 ±  1.1 ms - Add child
456.6 ±  4.2 ms - Hash
445.8 ± 47.9 ms - Map
367.5 ±  6.1 ms - getState
0.234294
0.267789
0.321307
5018.6 ±  0.0 ms - Total time
4040.9 ±  0.0 ms - Build f time
246.7 ±  2.7 ms - Apply f time
3352.9 ± 13.9 ms - Real f time 
1086.7 ± 28.6 ms - Add time
 31.7 ±  0.6 ms - Find child
 43.9 ±  1.2 ms - Add child
491.5 ±  4.3 ms - Hash
473.1 ± 47.9 ms - Map
405.0 ±  6.1 ms - getState
0.209476
0.235601
0.284207
5302.9 ±  0.0 ms - Total time
4250.4 ±  0.0 ms - Build f time
262.3 ±  2.8 ms - Apply f time
3522.7 ± 14.1 ms - Real f time 
1144.5 ± 28.6 ms - Add time
 34.8 ±  0.7 ms - Find child
 48.9 ±  1.2 ms - Add child
525.0 ±  4.3 ms - Hash
498.0 ± 47.9 ms - Map
438.8 ±  6.2 ms - getState
0.271516
0.312298
0.366131
5669.1 ±  0.0 ms - Total time
4521.9 ±  0.0 ms - Build f time
282.3 ±  2.9 ms - Apply f time
3760.7 ± 14.4 ms - Real f time 
1226.6 ± 29.9 ms - Add time
 38.3 ±  0.7 ms - Find child
 54.2 ±  1.2 ms - Add child
559.6 ±  4.5 ms - Hash
527.0 ± 47.9 ms - Map
481.2 ±  6.3 ms - getState
Dag sizes: 136162 121747 125606 109810 132253 121107 126733 111209 123048 
brutePieces time: 3.06278
239.7 ±  0.0 ms - Piece loop time
 54.3 ± 15.8 ms - Set time
185.9 ±  2.8 ms - Child looking time
Nodes:  1107675
Pieces: 58385
makePieces time: 0.240495
Memory: 22.1 + 62.2 + 35.4 + 55.5 + 10.7 MB
  0.8 ±  0.0 ms - Greedy fill time
composePieces time: 0.294145
                                                                                