Running only task # 137
Using max depth 4
 |                                        | 0 / 416 (0.0%)Function count: 142
0.0164791
0.0184822
0.0187404
0.0206454
0.0167234
0.0183282
0.0114839
0.0123827
0.0148741
0.0162756
 17.7 ±  0.0 ms - Piece loop time
 40.2 ± 37.8 ms - Set time
 15.9 ±  0.9 ms - Child looking time
0.419427
0.456369
0.5457
631.9 ±  0.0 ms - Total time
497.7 ±  0.0 ms - Build f time
 40.0 ±  0.7 ms - Apply f time
483.8 ±  2.9 ms - Real f time 
157.1 ± 47.0 ms - Add time
 11.9 ±  0.4 ms - Find child
 17.0 ±  0.9 ms - Add child
 90.6 ±  1.3 ms - Hash
128.8 ± 39.5 ms - Map
 38.2 ±  1.2 ms - getState
0.506189
0.551942
0.675532
1307.5 ±  0.0 ms - Total time
1003.9 ±  0.0 ms - Build f time
 86.3 ±  1.0 ms - Apply f time
977.6 ±  3.7 ms - Real f time 
266.5 ± 46.8 ms - Add time
 26.6 ±  0.6 ms - Find child
 35.6 ±  1.0 ms - Add child
187.0 ±  1.7 ms - Hash
242.3 ± 39.4 ms - Map
 82.5 ±  1.3 ms - getState
0.476076
0.516911
0.626842
1934.4 ±  0.0 ms - Total time
1480.0 ±  0.0 ms - Build f time
127.3 ±  1.2 ms - Apply f time
1437.7 ±  4.8 ms - Real f time 
371.7 ± 46.9 ms - Add time
 40.3 ±  0.7 ms - Find child
 52.2 ±  1.1 ms - Add child
274.4 ±  2.1 ms - Hash
352.2 ± 39.7 ms - Map
124.6 ±  2.8 ms - getState
0.252083
0.271994
0.322592
2257.0 ±  0.0 ms - Total time
1732.1 ±  0.0 ms - Build f time
146.5 ±  1.3 ms - Apply f time
1691.5 ±  7.9 ms - Real f time 
424.8 ± 46.9 ms - Add time
 47.5 ±  0.8 ms - Find child
 60.4 ±  1.2 ms - Add child
327.2 ±  2.8 ms - Hash
401.5 ± 39.7 ms - Map
142.9 ±  2.9 ms - getState
0.342366
0.369603
0.438716
2695.8 ±  0.0 ms - Total time
2074.4 ±  0.0 ms - Build f time
172.9 ±  1.4 ms - Apply f time
2031.6 ±  8.5 ms - Real f time 
494.8 ± 46.9 ms - Add time
 56.4 ±  0.9 ms - Find child
 71.2 ±  1.3 ms - Add child
391.9 ±  3.6 ms - Hash
472.8 ± 39.7 ms - Map
168.1 ±  2.9 ms - getState
Dag sizes: 307111 390225 352370 178149 224153 
brutePieces time: 2.61264
1104.1 ±  0.0 ms - Piece loop time
278.2 ± 47.2 ms - Set time
805.0 ±  7.7 ms - Child looking time
Nodes:  1452008
Pieces: 415323
makePieces time: 1.1071
Memory: 7.2 + 109.6 + 46.5 + 44.2 + 32.6 MB
  2.7 ±  0.0 ms - Greedy fill time
composePieces time: 0.928887
                                                                                