Running only task # 306
Using max depth 33
 |                                        | 0 / 416 (0.0%)Function count: 142
0.00741178
0.0079033
0.00821313
0.0085892
0.00824349
0.00861555
0.00829265
0.00863476
0.00632408
0.00657419
0.00972354
0.0101663
0.00825112
0.00888046
0.012431
0.0130851
0.00838873
0.00876328
0.00920003
0.00960303
0.00748924
0.00777127
0.0124015
0.0129402
0.00845804
0.00877796
0.00841136
0.00876939
0.00632675
0.00659154
0.00998645
0.0104233
0.00830376
0.00864531
0.0118141
0.0123947
0.00851458
0.00887958
0.00877424
0.00913601
0.009889
0.0103447
132.7 ±  0.0 ms - Piece loop time
 49.5 ± 42.4 ms - Set time
119.4 ±  3.4 ms - Child looking time
0.00737611
0.00766448
0.00808927
203.9 ±  0.0 ms - Total time
194.2 ±  0.0 ms - Build f time
  3.6 ±  0.2 ms - Apply f time
190.3 ±  1.4 ms - Real f time 
 31.9 ±  0.9 ms - Add time
  0.9 ±  0.1 ms - Find child
  1.2 ±  0.1 ms - Add child
 35.6 ±  0.7 ms - Hash
197.4 ± 170.1 ms - Map
  4.1 ±  0.2 ms - getState
0.00809513
0.00841292
0.00891208
212.8 ±  0.0 ms - Total time
202.3 ±  0.0 ms - Build f time
  4.0 ±  0.2 ms - Apply f time
198.6 ±  1.5 ms - Real f time 
 33.5 ±  0.9 ms - Add time
  1.0 ±  0.1 ms - Find child
  1.4 ±  0.1 ms - Add child
 37.3 ±  0.7 ms - Hash
198.3 ± 170.0 ms - Map
  4.3 ±  0.2 ms - getState
0.00794718
0.00823257
0.00871863
221.5 ±  0.0 ms - Total time
210.3 ±  0.0 ms - Build f time
  4.4 ±  0.2 ms - Apply f time
206.7 ±  1.5 ms - Real f time 
 35.1 ±  0.9 ms - Add time
  1.2 ±  0.1 ms - Find child
  1.5 ±  0.1 ms - Add child
 39.0 ±  0.7 ms - Hash
199.5 ± 170.1 ms - Map
  4.6 ±  0.2 ms - getState
0.00853308
0.0089295
0.00952572
231.1 ±  0.0 ms - Total time
218.8 ±  0.0 ms - Build f time
  4.7 ±  0.2 ms - Apply f time
215.9 ±  1.6 ms - Real f time 
 36.9 ±  0.9 ms - Add time
  1.4 ±  0.1 ms - Find child
  1.7 ±  0.2 ms - Add child
 40.9 ±  0.7 ms - Hash
200.9 ± 170.1 ms - Map
  4.9 ±  0.2 ms - getState
0.00641442
0.00665734
0.00708287
238.2 ±  0.0 ms - Total time
225.2 ±  0.0 ms - Build f time
  5.0 ±  0.2 ms - Apply f time
222.3 ±  1.6 ms - Real f time 
 38.0 ±  0.9 ms - Add time
  1.5 ±  0.1 ms - Find child
  1.8 ±  0.2 ms - Add child
 42.2 ±  0.7 ms - Hash
202.2 ± 170.2 ms - Map
  5.1 ±  0.2 ms - getState
0.0104804
0.0108942
0.0116169
249.8 ±  0.0 ms - Total time
235.7 ±  0.0 ms - Build f time
  5.5 ±  0.2 ms - Apply f time
232.1 ±  1.6 ms - Real f time 
 39.9 ±  0.9 ms - Add time
  1.7 ±  0.1 ms - Find child
  2.1 ±  0.2 ms - Add child
 44.2 ±  0.7 ms - Hash
203.7 ± 170.1 ms - Map
  5.4 ±  0.2 ms - getState
0.00838604
0.00873038
0.00926554
259.1 ±  0.0 ms - Total time
244.1 ±  0.0 ms - Build f time
  5.8 ±  0.2 ms - Apply f time
240.7 ±  1.7 ms - Real f time 
 41.4 ±  0.9 ms - Add time
  1.8 ±  0.2 ms - Find child
  2.3 ±  0.2 ms - Add child
 45.7 ±  0.7 ms - Hash
205.0 ± 170.1 ms - Map
  5.6 ±  0.2 ms - getState
0.012269
0.0128576
0.0138306
272.9 ±  0.0 ms - Total time
256.3 ±  0.0 ms - Build f time
  6.2 ±  0.2 ms - Apply f time
252.8 ±  1.7 ms - Real f time 
 43.4 ±  1.0 ms - Add time
  2.0 ±  0.2 ms - Find child
  8.3 ±  5.8 ms - Add child
 48.3 ±  0.8 ms - Hash
206.8 ± 170.1 ms - Map
  6.1 ±  0.2 ms - getState
0.00845562
0.00879759
0.00935581
282.3 ±  0.0 ms - Total time
264.8 ±  0.0 ms - Build f time
  6.6 ±  0.3 ms - Apply f time
260.9 ±  1.7 ms - Real f time 
 45.1 ±  1.0 ms - Add time
  2.2 ±  0.2 ms - Find child
  8.5 ±  5.8 ms - Add child
 50.1 ±  0.8 ms - Hash
208.0 ± 170.2 ms - Map
  6.2 ±  0.2 ms - getState
0.00895396
0.00932313
0.0100317
292.3 ±  0.0 ms - Total time
273.8 ±  0.0 ms - Build f time
  7.0 ±  0.3 ms - Apply f time
270.6 ±  1.7 ms - Real f time 
 47.1 ±  1.0 ms - Add time
  2.3 ±  0.2 ms - Find child
  8.7 ±  5.8 ms - Add child
 52.0 ±  0.8 ms - Hash
209.2 ± 170.2 ms - Map
  6.6 ±  0.3 ms - getState
0.00755435
0.0078311
0.00832674
300.7 ±  0.0 ms - Total time
281.3 ±  0.0 ms - Build f time
  7.4 ±  0.3 ms - Apply f time
278.2 ±  1.8 ms - Real f time 
 48.4 ±  1.0 ms - Add time
  2.3 ±  0.2 ms - Find child
  9.0 ±  5.8 ms - Add child
 53.6 ±  0.8 ms - Hash
210.5 ± 170.2 ms - Map
  6.7 ±  0.3 ms - getState
0.00852164
0.00889238
0.00944373
310.1 ±  0.0 ms - Total time
289.8 ±  0.0 ms - Build f time
  7.8 ±  0.3 ms - Apply f time
286.9 ±  1.8 ms - Real f time 
 49.9 ±  1.0 ms - Add time
  2.4 ±  0.2 ms - Find child
  9.2 ±  5.8 ms - Add child
 55.3 ±  0.8 ms - Hash
211.7 ± 170.3 ms - Map
  7.0 ±  0.3 ms - getState
0.00820144
0.00850133
0.00903045
319.2 ±  0.0 ms - Total time
298.0 ±  0.0 ms - Build f time
  8.1 ±  0.3 ms - Apply f time
294.8 ±  1.8 ms - Real f time 
 51.6 ±  1.0 ms - Add time
  2.6 ±  0.2 ms - Find child
  9.3 ±  5.8 ms - Add child
 57.1 ±  0.8 ms - Hash
212.6 ± 170.1 ms - Map
  7.3 ±  0.3 ms - getState
0.0084613
0.00879725
0.00937568
328.5 ±  0.0 ms - Total time
306.5 ±  0.0 ms - Build f time
  8.4 ±  0.3 ms - Apply f time
303.6 ±  1.8 ms - Real f time 
 54.4 ±  1.4 ms - Add time
  2.7 ±  0.2 ms - Find child
  9.6 ±  5.8 ms - Add child
 58.6 ±  0.8 ms - Hash
214.0 ± 170.2 ms - Map
  7.6 ±  0.3 ms - getState
0.00644969
0.00670291
0.00714772
335.7 ±  0.0 ms - Total time
312.9 ±  0.0 ms - Build f time
  8.6 ±  0.3 ms - Apply f time
310.0 ±  1.9 ms - Real f time 
 55.8 ±  1.4 ms - Add time
  2.9 ±  0.2 ms - Find child
  9.8 ±  5.8 ms - Add child
 60.0 ±  0.9 ms - Hash
215.1 ± 170.2 ms - Map
  7.8 ±  0.3 ms - getState
0.0101314
0.0106008
0.0112923
347.0 ±  0.0 ms - Total time
323.1 ±  0.0 ms - Build f time
  9.0 ±  0.3 ms - Apply f time
319.9 ±  1.9 ms - Real f time 
 57.5 ±  1.4 ms - Add time
  3.1 ±  0.2 ms - Find child
  9.9 ±  5.8 ms - Add child
 62.0 ±  0.9 ms - Hash
216.8 ± 170.3 ms - Map
  8.3 ±  0.3 ms - getState
0.00839174
0.00873647
0.00927993
356.3 ±  0.0 ms - Total time
331.5 ±  0.0 ms - Build f time
  9.4 ±  0.3 ms - Apply f time
328.8 ±  1.9 ms - Real f time 
 58.9 ±  1.4 ms - Add time
  3.3 ±  0.2 ms - Find child
 10.1 ±  5.8 ms - Add child
 63.9 ±  0.9 ms - Hash
218.3 ± 170.3 ms - Map
  8.6 ±  0.3 ms - getState
0.0120438
0.0126213
0.0134141
369.7 ±  0.0 ms - Total time
343.5 ±  0.0 ms - Build f time
  9.8 ±  0.3 ms - Apply f time
341.1 ±  1.9 ms - Real f time 
 61.2 ±  1.5 ms - Add time
  3.4 ±  0.2 ms - Find child
 10.3 ±  5.8 ms - Add child
 66.5 ±  0.9 ms - Hash
219.9 ± 170.3 ms - Map
  9.0 ±  0.3 ms - getState
0.00924422
0.00961602
0.0102156
380.0 ±  0.0 ms - Total time
352.8 ±  0.0 ms - Build f time
 10.2 ±  0.3 ms - Apply f time
349.9 ±  2.0 ms - Real f time 
 63.1 ±  1.5 ms - Add time
  3.6 ±  0.2 ms - Find child
 10.6 ±  5.8 ms - Add child
 68.2 ±  0.9 ms - Hash
221.3 ± 170.3 ms - Map
  9.3 ±  0.3 ms - getState
0.00892044
0.0094234
0.0107139
390.7 ±  0.0 ms - Total time
361.7 ±  0.0 ms - Build f time
 10.7 ±  0.3 ms - Apply f time
359.2 ±  2.0 ms - Real f time 
 65.0 ±  1.5 ms - Add time
  3.7 ±  0.2 ms - Find child
 10.9 ±  5.8 ms - Add child
 70.2 ±  0.9 ms - Hash
222.4 ± 170.3 ms - Map
  9.8 ±  0.3 ms - getState
0.0100738
0.0105415
0.0113081
402.0 ±  0.0 ms - Total time
371.7 ±  0.0 ms - Build f time
 11.1 ±  0.3 ms - Apply f time
369.2 ±  2.0 ms - Real f time 
 67.0 ±  1.5 ms - Add time
  3.9 ±  0.2 ms - Find child
 11.1 ±  5.8 ms - Add child
 72.3 ±  0.9 ms - Hash
223.8 ± 170.3 ms - Map
 10.2 ±  0.3 ms - getState
Dag sizes: 3334 3792 3657 3913 3018 4574 3776 5546 3963 4461 3440 3940 3657 3913 3018 4691 3844 5519 4024 4506 5201 
brutePieces time: 0.221308
176.1 ±  0.0 ms - Piece loop time
 47.6 ± 37.6 ms - Set time
158.2 ±  3.2 ms - Child looking time
Nodes:  85787
Pieces: 14350
makePieces time: 0.177138
Memory: 0.4 + 13.9 + 2.7 + 89.4 + 5.0 MB
  0.8 ±  0.0 ms - Greedy fill time
composePieces time: 0.11303
                                                                                