Running only task # 267
Using max depth 23
 |                                        | 0 / 416 (0.0%)Function count: 142
0.0432738
0.0463973
0.0483655
0.0513999
0.0523837
0.0558261
0.0426662
0.0453614
0.0483327
0.0512081
0.0525312
0.0559142
0.0414997
0.0441726
 40.3 ±  0.0 ms - Piece loop time
 48.5 ± 42.3 ms - Set time
 32.8 ±  1.2 ms - Child looking time
0.0430692
0.0457243
0.0551274
405.6 ±  0.0 ms - Total time
372.1 ±  0.0 ms - Build f time
 10.3 ±  0.3 ms - Apply f time
321.9 ±  2.9 ms - Real f time 
 59.9 ±  1.9 ms - Add time
  1.7 ±  0.1 ms - Find child
  2.3 ±  0.2 ms - Add child
 64.4 ±  0.8 ms - Hash
 72.1 ± 37.7 ms - Map
 10.3 ±  0.3 ms - getState
0.04865
0.0516755
0.0633261
469.0 ±  0.0 ms - Total time
420.8 ±  0.0 ms - Build f time
 14.2 ±  0.4 ms - Apply f time
367.7 ±  3.2 ms - Real f time 
 70.4 ±  2.0 ms - Add time
  2.6 ±  0.2 ms - Find child
  3.7 ±  0.2 ms - Add child
 76.6 ±  0.9 ms - Hash
 78.7 ± 37.7 ms - Map
 13.7 ±  0.3 ms - getState
0.0522272
0.0555074
0.068543
537.5 ±  0.0 ms - Total time
473.0 ±  0.0 ms - Build f time
 17.8 ±  0.4 ms - Apply f time
414.5 ±  3.3 ms - Real f time 
 81.7 ±  2.1 ms - Add time
  3.8 ±  0.2 ms - Find child
  5.4 ±  0.3 ms - Add child
 90.2 ±  1.0 ms - Hash
 85.1 ± 37.7 ms - Map
 17.5 ±  0.4 ms - getState
0.0437253
0.0465452
0.0557343
593.3 ±  0.0 ms - Total time
516.7 ±  0.0 ms - Build f time
 21.0 ±  0.5 ms - Apply f time
454.4 ±  3.5 ms - Real f time 
 91.5 ±  2.1 ms - Add time
  4.5 ±  0.2 ms - Find child
  6.5 ±  0.3 ms - Add child
100.8 ±  1.1 ms - Hash
 89.9 ± 37.7 ms - Map
 20.6 ±  0.4 ms - getState
0.0487454
0.0516753
0.0639887
657.3 ±  0.0 ms - Total time
565.5 ±  0.0 ms - Build f time
 25.0 ±  0.5 ms - Apply f time
500.8 ±  3.6 ms - Real f time 
101.9 ±  2.2 ms - Add time
  5.5 ±  0.3 ms - Find child
  8.0 ±  0.3 ms - Add child
113.0 ±  1.1 ms - Hash
 96.5 ± 37.7 ms - Map
 24.0 ±  0.4 ms - getState
0.0534524
0.0569066
0.0700614
727.4 ±  0.0 ms - Total time
618.9 ±  0.0 ms - Build f time
 29.2 ±  0.6 ms - Apply f time
546.9 ±  3.7 ms - Real f time 
113.8 ±  2.2 ms - Add time
  6.7 ±  0.3 ms - Find child
  9.6 ±  0.4 ms - Add child
125.8 ±  1.2 ms - Hash
104.2 ± 37.7 ms - Map
 28.0 ±  0.5 ms - getState
0.0429939
0.0454588
0.0556091
783.0 ±  0.0 ms - Total time
661.9 ±  0.0 ms - Build f time
 32.7 ±  0.6 ms - Apply f time
585.6 ±  3.8 ms - Real f time 
122.5 ±  2.5 ms - Add time
  7.6 ±  0.3 ms - Find child
 10.6 ±  0.4 ms - Add child
136.1 ±  1.2 ms - Hash
110.2 ± 37.7 ms - Map
 31.1 ±  0.5 ms - getState
Dag sizes: 24893 31235 33447 24870 31244 33429 25142 
brutePieces time: 0.437386
 69.8 ±  0.0 ms - Piece loop time
 44.0 ± 35.7 ms - Set time
 56.2 ±  1.4 ms - Child looking time
Nodes:  204260
Pieces: 32622
makePieces time: 0.0707009
Memory: 2.0 + 13.7 + 6.5 + 32.6 + 2.6 MB
  6.8 ±  0.0 ms - Greedy fill time
composePieces time: 0.354609
                                                                                