Running only task # 0
Using max depth 4
 |                                        | 0 / 416 (0.0%)Function count: 142
0.00669627
0.00707927
0.00665832
0.00695242
0.00550321
0.00571057
0.0069386
0.00722437
0.00819474
0.00857167
 14.5 ±  0.0 ms - Piece loop time
 41.2 ± 39.9 ms - Set time
 13.0 ±  0.7 ms - Child looking time
0.0454606
0.0468327
0.0478167
 83.4 ±  0.0 ms - Total time
 79.4 ±  0.0 ms - Build f time
  1.5 ±  0.1 ms - Apply f time
 80.6 ±  1.0 ms - Real f time 
 16.1 ±  5.1 ms - Add time
  0.5 ±  0.1 ms - Find child
  0.6 ±  0.1 ms - Add child
 15.5 ±  0.4 ms - Hash
 47.9 ± 38.3 ms - Map
  1.8 ±  0.1 ms - getState
0.0475016
0.0491915
0.0503398
133.8 ±  0.0 ms - Total time
127.0 ±  0.0 ms - Build f time
  2.7 ±  0.2 ms - Apply f time
129.1 ±  1.3 ms - Real f time 
 21.9 ±  5.1 ms - Add time
  1.0 ±  0.1 ms - Find child
  1.1 ±  0.1 ms - Add child
 25.1 ±  0.6 ms - Hash
 53.6 ± 38.2 ms - Map
  3.3 ±  0.3 ms - getState
0.0398493
0.0411281
0.0420007
175.8 ±  0.0 ms - Total time
166.8 ±  0.0 ms - Build f time
  3.7 ±  0.2 ms - Apply f time
170.1 ±  1.6 ms - Real f time 
 27.4 ±  5.1 ms - Add time
  1.3 ±  0.1 ms - Find child
  1.4 ±  0.1 ms - Add child
 32.5 ±  0.6 ms - Hash
 82.1 ± 44.8 ms - Map
  4.3 ±  0.3 ms - getState
0.0533036
0.0553004
0.0566876
232.5 ±  0.0 ms - Total time
220.1 ±  0.0 ms - Build f time
  5.0 ±  0.2 ms - Apply f time
224.0 ±  1.7 ms - Real f time 
 34.6 ±  5.1 ms - Add time
  1.7 ±  0.1 ms - Find child
  1.9 ±  0.2 ms - Add child
 42.5 ±  0.7 ms - Hash
 89.9 ± 44.8 ms - Map
  5.8 ±  0.3 ms - getState
0.0665924
0.0691022
0.0707623
303.3 ±  0.0 ms - Total time
286.7 ±  0.0 ms - Build f time
  6.4 ±  0.3 ms - Apply f time
291.2 ±  2.2 ms - Real f time 
 43.4 ±  5.1 ms - Add time
  2.4 ±  0.2 ms - Find child
  2.5 ±  0.2 ms - Add child
 55.8 ±  0.8 ms - Hash
 99.3 ± 44.8 ms - Map
  7.4 ±  0.3 ms - getState
Dag sizes: 11316 11534 9181 12308 15791 
brutePieces time: 0.271292
174.5 ±  0.0 ms - Piece loop time
 59.0 ± 39.0 ms - Set time
140.3 ±  2.0 ms - Child looking time
Nodes:  60130
Pieces: 227
makePieces time: 0.175359
Memory: 0.2 + 14.6 + 1.9 + 21.9 + 2.8 MB
  0.0 ±  0.0 ms - Greedy fill time
composePieces time: 0.00101067
                                                                                