Running only task # 19
Using max depth 3
 |                                        | 0 / 416 (0.0%)Function count: 142
0.0738185
0.0803933
0.0878096
0.0962608
0.0826662
0.0928576
0.0879154
0.0963932
 22.6 ±  0.0 ms - Piece loop time
 42.3 ± 37.1 ms - Set time
 16.9 ±  0.8 ms - Child looking time
0.0753997
0.0814447
0.1587
524.7 ±  0.0 ms - Total time
407.6 ±  0.0 ms - Build f time
 25.0 ±  0.5 ms - Apply f time
342.6 ±  3.1 ms - Real f time 
111.5 ±  9.9 ms - Add time
  4.5 ±  0.2 ms - Find child
  6.0 ±  0.3 ms - Add child
 81.7 ±  0.9 ms - Hash
 90.8 ± 36.7 ms - Map
 29.0 ±  0.5 ms - getState
0.0874638
0.0954743
0.183474
708.2 ±  0.0 ms - Total time
495.1 ±  0.0 ms - Build f time
 41.0 ±  0.7 ms - Apply f time
426.7 ±  3.5 ms - Real f time 
158.8 ±  9.9 ms - Add time
  8.2 ±  0.3 ms - Find child
 11.4 ±  0.4 ms - Add child
116.2 ±  1.1 ms - Hash
109.3 ± 36.7 ms - Map
 50.6 ±  0.7 ms - getState
0.0881805
0.0977074
0.191642
899.9 ±  0.0 ms - Total time
583.2 ±  0.0 ms - Build f time
 58.0 ±  0.8 ms - Apply f time
509.0 ±  3.7 ms - Real f time 
211.1 ± 10.0 ms - Add time
 12.3 ±  0.4 ms - Find child
 17.4 ±  0.5 ms - Add child
149.6 ±  1.3 ms - Hash
127.0 ± 36.8 ms - Map
 74.8 ±  0.8 ms - getState
0.0858148
0.0941959
0.185768
1085.7 ±  0.0 ms - Total time
669.1 ±  0.0 ms - Build f time
 75.5 ±  1.4 ms - Apply f time
594.0 ±  4.1 ms - Real f time 
260.1 ± 10.0 ms - Add time
 16.1 ±  0.5 ms - Find child
 23.1 ±  0.5 ms - Add child
184.1 ±  1.4 ms - Hash
148.3 ± 36.8 ms - Map
 97.5 ±  1.1 ms - getState
Dag sizes: 143979 167904 167037 168605 
brutePieces time: 0.722208
 77.3 ±  0.0 ms - Piece loop time
 58.3 ± 35.8 ms - Set time
 52.9 ±  1.1 ms - Child looking time
Nodes:  647525
Pieces: 155895
makePieces time: 0.0784449
Memory: 7.6 + 19.9 + 20.7 + 27.1 + 6.5 MB
  2.7 ±  0.0 ms - Greedy fill time
composePieces time: 0.467867
                                                                                