Running only task # 253
Using max depth 23
 |                                        | 0 / 416 (0.0%)Function count: 142
0.145886
0.157156
0.0468958
0.0499237
0.146483
0.155298
0.0426055
0.0454044
0.12971
0.139386
0.055304
0.0590735
0.148453
0.157105
0.0434896
0.0461945
0.184963
0.197995
 63.5 ±  0.0 ms - Piece loop time
 44.2 ± 36.8 ms - Set time
 52.3 ±  1.5 ms - Child looking time
0.132719
0.142859
0.230825
1238.7 ±  0.0 ms - Total time
1076.5 ±  0.0 ms - Build f time
 35.8 ±  0.9 ms - Apply f time
821.6 ±  8.0 ms - Real f time 
243.9 ± 17.6 ms - Add time
  5.2 ±  0.4 ms - Find child
  6.3 ±  0.3 ms - Add child
215.9 ±  6.0 ms - Hash
126.8 ± 41.1 ms - Map
 62.0 ±  7.9 ms - getState
0.045455
0.0486408
0.0684438
1307.1 ±  0.0 ms - Total time
1122.0 ±  0.0 ms - Build f time
 40.5 ±  0.9 ms - Apply f time
861.8 ±  8.1 ms - Real f time 
256.8 ± 17.6 ms - Add time
  6.5 ±  0.5 ms - Find child
  7.9 ±  0.3 ms - Add child
229.2 ±  6.1 ms - Hash
134.0 ± 41.1 ms - Map
 68.8 ±  7.9 ms - getState
0.149771
0.158352
0.262268
1569.4 ±  0.0 ms - Total time
1271.7 ±  0.0 ms - Build f time
 54.8 ±  1.0 ms - Apply f time
982.1 ±  8.5 ms - Real f time 
317.4 ± 17.7 ms - Add time
  9.6 ±  0.5 ms - Find child
 11.9 ±  0.4 ms - Add child
287.7 ±  6.1 ms - Hash
152.2 ± 41.1 ms - Map
100.4 ±  8.3 ms - getState
0.0459004
0.0486534
0.0674589
1636.9 ±  0.0 ms - Total time
1317.6 ±  0.0 ms - Build f time
 59.5 ±  1.0 ms - Apply f time
1031.6 ± 14.4 ms - Real f time 
330.5 ± 17.7 ms - Add time
 10.8 ±  0.5 ms - Find child
 13.6 ±  0.4 ms - Add child
298.9 ±  6.1 ms - Hash
159.3 ± 41.1 ms - Map
106.7 ±  8.3 ms - getState
0.134644
0.144244
0.232802
1869.7 ±  0.0 ms - Total time
1452.3 ±  0.0 ms - Build f time
 75.6 ±  1.6 ms - Apply f time
1142.0 ± 14.6 ms - Real f time 
381.4 ± 17.7 ms - Add time
 14.7 ±  0.6 ms - Find child
 18.3 ±  0.5 ms - Add child
344.7 ±  6.1 ms - Hash
179.5 ± 41.1 ms - Map
136.3 ±  8.3 ms - getState
0.0511059
0.0539198
0.073637
1943.4 ±  0.0 ms - Total time
1503.4 ±  0.0 ms - Build f time
 80.1 ±  1.6 ms - Apply f time
1185.4 ± 14.7 ms - Real f time 
397.7 ± 17.7 ms - Add time
 16.0 ±  0.6 ms - Find child
 20.1 ±  0.5 ms - Add child
358.1 ±  6.1 ms - Hash
186.8 ± 41.1 ms - Map
143.0 ±  8.3 ms - getState
0.152833
0.161642
0.267462
2210.9 ±  0.0 ms - Total time
1656.2 ±  0.0 ms - Build f time
 93.2 ±  1.6 ms - Apply f time
1304.9 ± 14.9 ms - Real f time 
454.9 ± 17.8 ms - Add time
 18.7 ±  0.6 ms - Find child
 24.5 ±  0.6 ms - Add child
418.4 ±  6.3 ms - Hash
206.7 ± 41.1 ms - Map
173.5 ±  8.3 ms - getState
0.0428795
0.045622
0.0655201
2276.5 ±  0.0 ms - Total time
1699.1 ±  0.0 ms - Build f time
 97.9 ±  1.7 ms - Apply f time
1343.7 ± 15.0 ms - Real f time 
468.6 ± 17.8 ms - Add time
 20.0 ±  0.6 ms - Find child
 26.1 ±  0.7 ms - Add child
430.7 ±  6.3 ms - Hash
213.9 ± 41.1 ms - Map
180.8 ±  8.3 ms - getState
0.215056
0.227554
0.372453
2649.0 ±  0.0 ms - Total time
1914.1 ±  0.0 ms - Build f time
117.5 ±  1.7 ms - Apply f time
1509.4 ± 15.4 ms - Real f time 
553.0 ± 17.8 ms - Add time
 23.7 ±  0.7 ms - Find child
 31.4 ±  0.7 ms - Add child
507.7 ±  6.3 ms - Hash
240.3 ± 41.0 ms - Map
227.8 ±  8.3 ms - getState
Dag sizes: 121835 41220 99099 39137 121533 41221 98967 39135 131590 
brutePieces time: 1.6476
158.8 ±  0.0 ms - Piece loop time
 55.9 ± 35.6 ms - Set time
130.8 ±  2.3 ms - Child looking time
Nodes:  733737
Pieces: 96381
makePieces time: 0.160006
Memory: 16.2 + 32.2 + 23.5 + 49.5 + 7.9 MB
 23.9 ±  2.8 ms - Greedy fill time
composePieces time: 2.36184
                                                                                