Running only task # 378
Using max depth 33
 |                                        | 0 / 416 (0.0%)Function count: 142
0.135724
0.148575
0.160358
0.177809
0.168253
0.186623
0.12969
0.141554
0.15726
0.182947
0.163137
0.182179
0.18477
0.20499
 69.4 ±  0.0 ms - Piece loop time
 53.2 ± 39.4 ms - Set time
 51.5 ±  1.6 ms - Child looking time
0.130134
0.142448
0.334325
1559.3 ±  0.0 ms - Total time
1229.3 ±  0.0 ms - Build f time
 75.8 ±  1.2 ms - Apply f time
972.3 ±  7.1 ms - Real f time 
343.5 ± 15.4 ms - Add time
 12.3 ±  0.4 ms - Find child
 16.9 ±  0.8 ms - Add child
229.6 ±  5.8 ms - Hash
226.0 ± 50.5 ms - Map
 89.3 ±  1.3 ms - getState
0.173863
0.191065
0.434936
1994.3 ±  0.0 ms - Total time
1403.2 ±  0.0 ms - Build f time
114.4 ±  1.4 ms - Apply f time
1131.8 ±  7.5 ms - Real f time 
450.8 ± 15.5 ms - Add time
 23.4 ±  0.5 ms - Find child
 31.8 ±  0.9 ms - Add child
307.1 ±  5.8 ms - Hash
297.6 ± 50.5 ms - Map
144.0 ±  1.5 ms - getState
0.179335
0.209163
0.465784
2460.2 ±  0.0 ms - Total time
1582.5 ±  0.0 ms - Build f time
159.7 ±  1.7 ms - Apply f time
1300.7 ±  8.1 ms - Real f time 
565.0 ± 15.5 ms - Add time
 34.8 ±  0.7 ms - Find child
 48.1 ±  1.0 ms - Add child
387.8 ±  5.9 ms - Hash
369.4 ± 50.4 ms - Map
211.0 ±  1.8 ms - getState
0.135079
0.147409
0.351584
2811.8 ±  0.0 ms - Total time
1717.6 ±  0.0 ms - Build f time
192.1 ±  1.8 ms - Apply f time
1431.0 ±  8.4 ms - Real f time 
699.5 ± 41.4 ms - Add time
 43.7 ±  0.7 ms - Find child
 60.4 ±  1.1 ms - Add child
457.1 ±  7.7 ms - Hash
427.8 ± 50.4 ms - Map
256.6 ±  2.2 ms - getState
0.160469
0.177888
0.420838
3232.7 ±  0.0 ms - Total time
1878.1 ±  0.0 ms - Build f time
231.2 ±  1.9 ms - Apply f time
1578.2 ±  8.7 ms - Real f time 
916.0 ± 118.0 ms - Add time
 54.5 ±  0.8 ms - Find child
 76.7 ±  1.3 ms - Add child
534.9 ±  7.8 ms - Hash
496.6 ± 50.4 ms - Map
311.4 ±  2.4 ms - getState
0.169618
0.18818
0.441287
3674.0 ±  0.0 ms - Total time
2047.7 ±  0.0 ms - Build f time
272.8 ±  2.1 ms - Apply f time
1734.9 ±  9.1 ms - Real f time 
1026.6 ± 118.1 ms - Add time
 66.6 ±  0.9 ms - Find child
 92.6 ±  1.4 ms - Add child
614.0 ±  7.9 ms - Hash
566.6 ± 50.5 ms - Map
369.9 ±  2.6 ms - getState
0.191087
0.211539
0.48589
4160.0 ±  0.0 ms - Total time
2238.8 ±  0.0 ms - Build f time
316.7 ±  2.2 ms - Apply f time
1927.7 ± 19.0 ms - Real f time 
1148.9 ± 118.2 ms - Add time
 79.0 ±  1.0 ms - Find child
110.7 ±  1.5 ms - Add child
700.0 ±  8.0 ms - Hash
643.7 ± 50.5 ms - Map
433.1 ±  2.7 ms - getState
Dag sizes: 261840 315096 325398 271134 318549 325259 350749 
brutePieces time: 2.94014
321.9 ±  0.0 ms - Piece loop time
132.4 ± 41.4 ms - Set time
199.3 ±  2.5 ms - Child looking time
Nodes:  2168025
Pieces: 333880
makePieces time: 0.324737
Memory: 29.7 + 77.5 + 69.4 + 64.0 + 20.5 MB
 88.9 ± 38.9 ms - Greedy fill time
composePieces time: 9.23041
                                                                                