Running only task # 406
Using max depth 23
 |                                        | 0 / 416 (0.0%)Function count: 142
0.114376
0.124514
0.130785
0.143329
0.132574
0.14458
0.110219
0.119873
0.129578
0.142041
0.133955
0.145883
0.159827
0.175207
 46.0 ±  0.0 ms - Piece loop time
 43.3 ± 35.5 ms - Set time
 37.7 ±  2.2 ms - Child looking time
0.111068
0.120419
0.232095
1227.8 ±  0.0 ms - Total time
1022.4 ±  0.0 ms - Build f time
 53.1 ±  1.0 ms - Apply f time
846.2 ±  7.3 ms - Real f time 
232.6 ±  2.8 ms - Add time
  7.4 ±  0.3 ms - Find child
 10.5 ±  0.4 ms - Add child
180.6 ±  5.4 ms - Hash
141.4 ± 38.6 ms - Map
 60.5 ±  0.9 ms - getState
0.122407
0.134791
0.267774
1495.6 ±  0.0 ms - Total time
1144.8 ±  0.0 ms - Build f time
 78.5 ±  1.2 ms - Apply f time
967.3 ±  7.6 ms - Real f time 
298.1 ±  3.0 ms - Add time
 14.1 ±  0.4 ms - Find child
 19.5 ±  0.5 ms - Add child
231.1 ±  5.4 ms - Hash
170.8 ± 38.7 ms - Map
 95.8 ±  1.1 ms - getState
0.134569
0.14898
0.299776
1795.4 ±  0.0 ms - Total time
1279.4 ±  0.0 ms - Build f time
106.3 ±  1.3 ms - Apply f time
1094.9 ±  7.8 ms - Real f time 
383.5 ± 14.3 ms - Add time
 21.4 ±  0.5 ms - Find child
 29.7 ±  0.6 ms - Add child
284.7 ±  5.5 ms - Hash
203.7 ± 38.6 ms - Map
139.0 ±  1.5 ms - getState
0.11495
0.124892
0.246272
2041.7 ±  0.0 ms - Total time
1394.3 ±  0.0 ms - Build f time
128.1 ±  1.5 ms - Apply f time
1202.6 ±  8.1 ms - Real f time 
449.2 ± 15.9 ms - Add time
 27.2 ±  0.6 ms - Find child
 37.8 ±  0.8 ms - Add child
331.1 ±  5.6 ms - Hash
238.0 ± 38.6 ms - Map
169.2 ±  1.6 ms - getState
0.133484
0.146721
0.297171
2338.9 ±  0.0 ms - Total time
1527.8 ±  0.0 ms - Build f time
156.4 ±  1.6 ms - Apply f time
1325.3 ±  8.3 ms - Real f time 
520.0 ± 15.9 ms - Add time
 34.3 ±  0.7 ms - Find child
 47.2 ±  0.9 ms - Add child
385.6 ±  6.1 ms - Hash
278.8 ± 38.6 ms - Map
207.7 ±  1.7 ms - getState
0.139044
0.151281
0.300623
2639.6 ±  0.0 ms - Total time
1666.8 ±  0.0 ms - Build f time
181.7 ±  1.7 ms - Apply f time
1452.4 ±  8.7 ms - Real f time 
588.4 ± 16.0 ms - Add time
 41.7 ±  0.7 ms - Find child
 56.7 ±  0.9 ms - Add child
439.4 ±  6.2 ms - Hash
319.9 ± 38.6 ms - Map
246.4 ±  2.0 ms - getState
0.16555
0.182166
0.358188
2997.8 ±  0.0 ms - Total time
1832.4 ±  0.0 ms - Build f time
211.7 ±  1.8 ms - Apply f time
1604.4 ±  9.1 ms - Real f time 
674.8 ± 16.1 ms - Add time
 49.7 ±  0.8 ms - Find child
 68.2 ±  1.0 ms - Add child
500.2 ±  6.2 ms - Hash
372.2 ± 38.6 ms - Map
294.1 ±  2.8 ms - getState
Dag sizes: 170549 196461 199380 170826 198113 199517 238421 
brutePieces time: 2.00712
207.6 ±  0.0 ms - Piece loop time
106.5 ± 51.6 ms - Set time
135.8 ±  2.4 ms - Child looking time
Nodes:  1373267
Pieces: 201545
makePieces time: 0.209906
Memory: 19.5 + 52.7 + 43.9 + 51.3 + 12.2 MB
 31.0 ±  7.7 ms - Greedy fill time
composePieces time: 3.67063
                                                                                