Running only task # 126
Using max depth 23
 |                                        | 0 / 416 (0.0%)Function count: 142
0.0375677
0.0396306
0.0246933
0.0259054
0.0645054
0.069469
0.0551876
0.0584198
0.0267127
0.0279759
0.0488131
0.0516981
0.0328268
0.0346006
 48.6 ±  0.0 ms - Piece loop time
 39.6 ± 34.7 ms - Set time
 43.5 ±  1.2 ms - Child looking time
0.0535495
0.0559784
0.0739543
381.9 ±  0.0 ms - Total time
343.9 ±  0.0 ms - Build f time
 10.5 ±  0.4 ms - Apply f time
308.9 ± 15.8 ms - Real f time 
 56.5 ±  2.9 ms - Add time
  2.2 ±  0.2 ms - Find child
  2.8 ±  0.2 ms - Add child
 59.3 ±  0.8 ms - Hash
 73.9 ± 39.4 ms - Map
 12.0 ±  0.3 ms - getState
0.0323957
0.0337277
0.0426531
424.5 ±  0.0 ms - Total time
376.2 ±  0.0 ms - Build f time
 12.7 ±  0.4 ms - Apply f time
340.3 ± 15.9 ms - Real f time 
 63.2 ±  2.9 ms - Add time
  3.0 ±  0.2 ms - Find child
  3.6 ±  0.2 ms - Add child
 68.4 ±  0.8 ms - Hash
 78.6 ± 39.3 ms - Map
 14.5 ±  0.4 ms - getState
0.0606848
0.0640889
0.0825642
507.1 ±  0.0 ms - Total time
436.9 ±  0.0 ms - Build f time
 18.6 ±  1.1 ms - Apply f time
394.7 ± 15.9 ms - Real f time 
 76.7 ±  2.9 ms - Add time
  4.3 ±  0.2 ms - Find child
  5.0 ±  0.3 ms - Add child
 84.6 ±  0.9 ms - Hash
 86.5 ± 39.3 ms - Map
 19.5 ±  0.4 ms - getState
0.0536401
0.0560887
0.0743961
581.6 ±  0.0 ms - Total time
490.6 ±  0.0 ms - Build f time
 22.9 ±  1.1 ms - Apply f time
441.4 ± 16.0 ms - Real f time 
 90.3 ±  3.0 ms - Add time
  5.4 ±  0.3 ms - Find child
  6.6 ±  0.3 ms - Add child
100.8 ±  1.1 ms - Hash
 94.9 ± 39.3 ms - Map
 24.4 ±  0.5 ms - getState
0.0323214
0.0336634
0.0429187
624.5 ±  0.0 ms - Total time
522.9 ±  0.0 ms - Build f time
 25.4 ±  1.1 ms - Apply f time
471.0 ± 16.0 ms - Real f time 
 97.2 ±  3.0 ms - Add time
  6.2 ±  0.3 ms - Find child
  7.6 ±  0.3 ms - Add child
109.8 ±  1.1 ms - Hash
 99.2 ± 39.3 ms - Map
 26.8 ±  0.5 ms - getState
0.0626344
0.0659994
0.0853923
710.0 ±  0.0 ms - Total time
585.5 ±  0.0 ms - Build f time
 30.3 ±  1.2 ms - Apply f time
525.6 ± 16.0 ms - Real f time 
111.6 ±  3.1 ms - Add time
  7.4 ±  0.3 ms - Find child
  9.4 ±  0.4 ms - Add child
126.0 ±  1.2 ms - Hash
108.8 ± 39.4 ms - Map
 32.3 ±  0.5 ms - getState
0.0453112
0.0475033
0.0597856
769.8 ±  0.0 ms - Total time
630.8 ±  0.0 ms - Build f time
 33.5 ±  1.2 ms - Apply f time
565.7 ± 16.1 ms - Real f time 
127.7 ±  7.9 ms - Add time
  8.4 ±  0.3 ms - Find child
 10.7 ±  0.4 ms - Add child
137.5 ±  1.2 ms - Hash
116.0 ± 39.4 ms - Map
 35.8 ±  0.5 ms - getState
Dag sizes: 39354 19165 39864 39350 19162 39674 26856 
brutePieces time: 0.468152
102.8 ±  0.0 ms - Piece loop time
 64.6 ± 42.7 ms - Set time
 87.3 ±  2.3 ms - Child looking time
Nodes:  223425
Pieces: 54467
makePieces time: 0.103902
Memory: 2.5 + 13.6 + 7.1 + 32.9 + 4.1 MB
 16.9 ±  0.6 ms - Greedy fill time
composePieces time: 1.00413
                                                                                