Running only task # 77
Using max depth 4
 |                                        | 0 / 416 (0.0%)Function count: 142
0.129286
0.136426
0.105607
0.111902
0.121462
0.128529
0.139778
0.148363
 18.4 ±  0.0 ms - Piece loop time
 41.1 ± 37.4 ms - Set time
 15.1 ±  0.8 ms - Child looking time
3.14395
3.32831
4.00345
4528.8 ±  0.0 ms - Total time
3640.1 ±  0.0 ms - Build f time
185.3 ±  8.0 ms - Apply f time
2952.6 ± 32.7 ms - Real f time 
566.1 ±  4.2 ms - Add time
 39.6 ±  0.7 ms - Find child
 51.2 ±  1.2 ms - Add child
929.6 ± 19.8 ms - Hash
526.3 ± 70.1 ms - Map
220.2 ±  2.5 ms - getState
2.54434
2.66838
3.1919
7720.7 ±  0.0 ms - Total time
6184.4 ±  0.0 ms - Build f time
321.5 ±  8.7 ms - Apply f time
4977.5 ± 35.1 ms - Real f time 
965.0 ±  5.6 ms - Add time
 72.4 ±  1.0 ms - Find child
 94.4 ±  1.5 ms - Add child
1601.6 ± 20.2 ms - Hash
827.5 ± 72.5 ms - Map
380.8 ±  2.8 ms - getState
2.88488
3.04019
3.63797
11358.7 ±  0.0 ms - Total time
9069.3 ±  0.0 ms - Build f time
475.4 ±  8.9 ms - Apply f time
7311.5 ± 43.7 ms - Real f time 
1427.0 ±  8.1 ms - Add time
111.5 ±  1.8 ms - Find child
139.4 ±  1.7 ms - Add child
2373.4 ± 20.5 ms - Hash
1182.7 ± 75.7 ms - Map
576.7 ±  6.9 ms - getState
3.43514
3.63109
4.35154
15710.3 ±  0.0 ms - Total time
12504.4 ±  0.0 ms - Build f time
662.8 ±  9.6 ms - Apply f time
10031.0 ± 48.2 ms - Real f time 
2008.6 ± 23.4 ms - Add time
154.6 ±  2.0 ms - Find child
192.9 ±  1.9 ms - Add child
3291.1 ± 20.9 ms - Hash
1576.7 ± 75.9 ms - Map
805.2 ±  7.2 ms - getState
Dag sizes: 928342 756917 866266 993948 
brutePieces time: 15.1866
1270.0 ±  0.0 ms - Piece loop time
330.5 ± 15.2 ms - Set time
862.5 ± 17.4 ms - Child looking time
Nodes:  3545473
Pieces: 560827
makePieces time: 1.27219
Memory: 75.1 + 244.4 + 113.5 + 90.3 + 40.5 MB
 10.4 ±  0.0 ms - Greedy fill time
composePieces time: 1.84335
                                                                                