Running only task # 123
Using max depth 3
 |                                        | 0 / 416 (0.0%)Function count: 142
0.0604497
0.0687187
0.0900787
0.104158
0.0951418
0.110873
0.114819
0.136523
0.12982
0.151667
 15.0 ±  0.0 ms - Piece loop time
 44.9 ± 41.5 ms - Set time
 11.3 ±  0.8 ms - Child looking time
0.0599918
0.0678247
0.122025
694.2 ±  0.0 ms - Total time
550.3 ±  0.0 ms - Build f time
 38.5 ±  0.9 ms - Apply f time
475.0 ±  6.5 ms - Real f time 
128.5 ±  3.9 ms - Add time
  4.1 ±  0.2 ms - Find child
  5.9 ±  0.3 ms - Add child
103.6 ±  1.3 ms - Hash
 82.2 ± 41.6 ms - Map
 35.9 ±  0.6 ms - getState
0.0896083
0.103435
0.19652
890.7 ±  0.0 ms - Total time
639.9 ±  0.0 ms - Build f time
 56.0 ±  1.0 ms - Apply f time
559.5 ±  6.9 ms - Real f time 
179.6 ±  4.1 ms - Add time
  8.0 ±  0.7 ms - Find child
 10.8 ±  0.4 ms - Add child
140.9 ±  1.4 ms - Hash
100.2 ± 41.5 ms - Map
 61.9 ±  0.8 ms - getState
0.100823
0.116019
0.216625
1107.4 ±  0.0 ms - Total time
740.7 ±  0.0 ms - Build f time
 74.3 ±  1.1 ms - Apply f time
650.5 ±  7.1 ms - Real f time 
232.4 ±  4.2 ms - Add time
 11.8 ±  0.8 ms - Find child
 15.8 ±  0.4 ms - Add child
180.5 ±  1.5 ms - Hash
117.5 ± 41.6 ms - Map
 88.3 ±  0.9 ms - getState
0.117778
0.13652
0.265358
1372.8 ±  0.0 ms - Total time
858.5 ±  0.0 ms - Build f time
 95.6 ±  1.3 ms - Apply f time
761.3 ±  7.5 ms - Real f time 
303.8 ±  5.4 ms - Add time
 16.1 ±  0.8 ms - Find child
 20.4 ±  0.5 ms - Add child
231.0 ±  1.6 ms - Hash
136.0 ± 41.6 ms - Map
122.8 ±  1.1 ms - getState
0.129416
0.15131
0.300993
1673.8 ±  0.0 ms - Total time
987.9 ±  0.0 ms - Build f time
120.1 ±  1.4 ms - Apply f time
879.0 ±  7.9 ms - Real f time 
401.3 ± 19.2 ms - Add time
 20.1 ±  0.8 ms - Find child
 26.1 ±  0.6 ms - Add child
291.6 ±  1.8 ms - Hash
156.5 ± 41.6 ms - Map
162.8 ±  1.2 ms - getState
Dag sizes: 88871 123725 122850 130767 135103 
brutePieces time: 1.10525
 56.6 ±  0.0 ms - Piece loop time
 48.5 ± 34.9 ms - Set time
 40.8 ±  1.0 ms - Child looking time
Nodes:  601316
Pieces: 96174
makePieces time: 0.057663
Memory: 13.5 + 19.9 + 19.2 + 30.6 + 4.9 MB
 98.4 ±  0.0 ms - Greedy fill time
composePieces time: 0.862278
                                                                                