Running only task # 220
Using max depth 33
 |                                        | 0 / 416 (0.0%)Function count: 142
0.0581779
0.0621132
0.070916
0.0752218
0.0597878
0.0637196
0.0655914
0.0698808
0.0674591
0.0719069
 17.0 ±  0.0 ms - Piece loop time
 39.1 ± 35.8 ms - Set time
 12.9 ±  0.9 ms - Child looking time
0.0586008
0.0622291
0.0969204
439.9 ±  0.0 ms - Total time
380.5 ±  0.0 ms - Build f time
 14.2 ±  0.4 ms - Apply f time
311.2 ±  2.9 ms - Real f time 
 73.7 ±  1.3 ms - Add time
  3.0 ±  0.2 ms - Find child
  3.7 ±  0.2 ms - Add child
 74.3 ±  0.9 ms - Hash
 79.4 ± 40.2 ms - Map
 17.4 ±  0.4 ms - getState
0.0671933
0.0714586
0.116784
556.7 ±  0.0 ms - Total time
447.7 ±  0.0 ms - Build f time
 23.9 ±  0.5 ms - Apply f time
372.6 ±  3.2 ms - Real f time 
 99.1 ±  1.5 ms - Add time
  5.5 ±  0.3 ms - Find child
  6.8 ±  0.3 ms - Add child
 99.2 ±  1.2 ms - Hash
 92.0 ± 40.2 ms - Map
 30.0 ±  0.5 ms - getState
0.0628026
0.0665395
0.102522
659.3 ±  0.0 ms - Total time
510.5 ±  0.0 ms - Build f time
 31.1 ±  0.6 ms - Apply f time
429.4 ±  3.4 ms - Real f time 
120.9 ±  1.6 ms - Add time
  8.1 ±  0.3 ms - Find child
  9.3 ±  0.3 ms - Add child
120.2 ±  1.3 ms - Hash
102.2 ± 40.2 ms - Map
 39.5 ±  0.6 ms - getState
0.068228
0.072604
0.120472
779.8 ±  0.0 ms - Total time
578.8 ±  0.0 ms - Build f time
 40.6 ±  0.7 ms - Apply f time
489.4 ±  3.7 ms - Real f time 
166.3 ± 21.2 ms - Add time
 11.0 ±  0.4 ms - Find child
 12.2 ±  0.4 ms - Add child
143.7 ±  1.4 ms - Hash
116.5 ± 40.2 ms - Map
 51.5 ±  0.7 ms - getState
0.0686424
0.075323
0.128761
908.6 ±  0.0 ms - Total time
647.4 ±  0.0 ms - Build f time
 51.8 ±  0.8 ms - Apply f time
552.0 ±  3.9 ms - Real f time 
195.1 ± 21.2 ms - Add time
 13.9 ±  0.4 ms - Find child
 15.9 ±  0.5 ms - Add child
169.1 ±  1.4 ms - Hash
131.4 ± 40.2 ms - Map
 65.3 ±  0.8 ms - getState
Dag sizes: 60933 76809 61331 75838 80810 
brutePieces time: 0.569006
 49.7 ±  0.0 ms - Piece loop time
 53.1 ± 42.1 ms - Set time
 35.4 ±  1.1 ms - Child looking time
Nodes:  355721
Pieces: 67237
makePieces time: 0.0509605
Memory: 4.6 + 15.3 + 11.4 + 26.7 + 3.2 MB
 11.9 ±  0.2 ms - Greedy fill time
composePieces time: 0.710702
                                                                                