Running only task # 385
Using max depth 4
 |                                        | 0 / 416 (0.0%)Function count: 142
0.259273
0.287693
0.232693
0.25956
0.26982
0.298492
0.287575
0.322091
 39.8 ±  0.0 ms - Piece loop time
 30.5 ± 20.4 ms - Set time
 26.2 ±  1.1 ms - Child looking time
8.59126
9.58756
19.7584
20926.5 ±  0.0 ms - Total time
9640.6 ±  0.0 ms - Build f time
1695.0 ±  6.8 ms - Apply f time
8338.0 ± 33.9 ms - Real f time 
4682.6 ± 36.9 ms - Add time
436.3 ±  2.7 ms - Find child
629.9 ±  3.7 ms - Add child
4050.2 ± 32.1 ms - Hash
3125.5 ± 44.9 ms - Map
2324.2 ±  9.3 ms - getState
7.37042
8.22003
16.527
37453.5 ±  0.0 ms - Total time
17011.0 ±  0.0 ms - Build f time
3153.1 ± 17.7 ms - Apply f time
14784.7 ± 47.6 ms - Real f time 
8384.5 ± 50.9 ms - Add time
828.4 ±  4.7 ms - Find child
1196.5 ± 14.7 ms - Add child
7259.8 ± 41.7 ms - Hash
5670.2 ± 52.4 ms - Map
4225.6 ± 11.5 ms - getState
8.39553
9.40939
19.3085
56762.1 ±  0.0 ms - Total time
25406.6 ±  0.0 ms - Build f time
4807.8 ± 23.8 ms - Apply f time
22294.7 ± 59.8 ms - Real f time 
12677.3 ± 61.3 ms - Add time
1268.3 ±  5.9 ms - Find child
1838.2 ± 15.3 ms - Add child
10822.3 ± 43.6 ms - Hash
8763.8 ± 55.2 ms - Map
6443.0 ± 16.5 ms - getState
9.84082
11.0084
22.8787
79640.9 ±  0.0 ms - Total time
35247.4 ±  0.0 ms - Build f time
6759.3 ± 26.1 ms - Apply f time
31051.2 ± 69.4 ms - Real f time 
17881.8 ± 91.6 ms - Add time
1747.1 ±  6.6 ms - Find child
2523.9 ± 19.9 ms - Add child
15169.9 ± 47.6 ms - Hash
14958.0 ± 2573.6 ms - Map
9092.5 ± 21.1 ms - getState
Dag sizes: 9435024 7886167 9663460 11061603 
brutePieces time: 78.4755
11035.5 ±  0.0 ms - Piece loop time
4339.3 ± 45.4 ms - Set time
6310.4 ± 24.8 ms - Child looking time
Nodes:  38046254
Pieces: 4679606
makePieces time: 11.058
Memory: 817.8 + 1646.9 + 1217.5 + 877.2 + 413.5 MB
 47.3 ±  0.0 ms - Greedy fill time
composePieces time: 10.157
                                                                                