Running only task # 396
Using max depth 33
 |                                        | 0 / 416 (0.0%)Function count: 142
0.0806359
0.0868947
0.0814905
0.0882099
0.0869488
0.0938808
0.0725856
0.0786551
0.080792
0.0872815
0.0806579
0.0873967
0.0815006
0.0878573
 59.2 ±  0.0 ms - Piece loop time
 47.9 ± 37.7 ms - Set time
 46.3 ±  1.4 ms - Child looking time
0.0731083
0.0794024
0.150071
760.5 ±  0.0 ms - Total time
637.7 ±  0.0 ms - Build f time
 32.2 ±  0.7 ms - Apply f time
525.2 ±  4.0 ms - Real f time 
143.8 ±  7.0 ms - Add time
  5.7 ±  0.3 ms - Find child
  8.6 ±  0.4 ms - Add child
120.8 ±  1.3 ms - Hash
113.8 ± 39.6 ms - Map
 32.1 ±  0.5 ms - getState
0.0865509
0.0931955
0.179146
939.6 ±  0.0 ms - Total time
724.3 ±  0.0 ms - Build f time
 49.4 ±  0.8 ms - Apply f time
605.7 ±  4.2 ms - Real f time 
185.4 ±  7.1 ms - Add time
  9.9 ±  0.4 ms - Find child
 15.1 ±  0.5 ms - Add child
158.5 ±  3.3 ms - Hash
137.7 ± 39.6 ms - Map
 51.4 ±  0.7 ms - getState
0.0830837
0.0898373
0.174703
1114.4 ±  0.0 ms - Total time
807.3 ±  0.0 ms - Build f time
 66.8 ±  1.0 ms - Apply f time
684.6 ±  4.5 ms - Real f time 
229.6 ±  7.8 ms - Add time
 14.8 ±  0.4 ms - Find child
 22.7 ±  0.9 ms - Add child
193.6 ±  3.4 ms - Hash
158.4 ± 39.6 ms - Map
 72.1 ±  1.2 ms - getState
0.0786847
0.0847717
0.160701
1275.1 ±  0.0 ms - Total time
886.0 ±  0.0 ms - Build f time
 83.1 ±  1.1 ms - Apply f time
757.0 ±  4.6 ms - Real f time 
266.8 ±  7.8 ms - Add time
 19.5 ±  0.5 ms - Find child
 28.9 ±  0.9 ms - Add child
225.3 ±  3.6 ms - Hash
180.9 ± 39.6 ms - Map
 88.8 ±  1.3 ms - getState
0.0826299
0.0892008
0.17506
1450.2 ±  0.0 ms - Total time
968.7 ±  0.0 ms - Build f time
100.6 ±  1.3 ms - Apply f time
834.1 ±  4.8 ms - Real f time 
371.7 ± 61.2 ms - Add time
 24.6 ±  0.6 ms - Find child
 35.7 ±  1.0 ms - Add child
260.1 ±  3.6 ms - Hash
202.9 ± 39.6 ms - Map
108.7 ±  1.3 ms - getState
0.0844887
0.0912917
0.176849
1627.1 ±  0.0 ms - Total time
1053.2 ±  0.0 ms - Build f time
117.5 ±  1.4 ms - Apply f time
914.1 ±  5.0 ms - Real f time 
413.2 ± 61.1 ms - Add time
 29.3 ±  0.6 ms - Find child
 42.9 ±  1.0 ms - Add child
295.0 ±  3.7 ms - Hash
235.2 ± 41.0 ms - Map
128.8 ±  1.4 ms - getState
0.0842143
0.0906815
0.176084
1803.2 ±  0.0 ms - Total time
1137.4 ±  0.0 ms - Build f time
133.5 ±  1.5 ms - Apply f time
989.8 ±  5.1 ms - Real f time 
462.8 ± 61.8 ms - Add time
 33.8 ±  0.7 ms - Find child
 49.3 ±  1.0 ms - Add child
327.5 ±  3.7 ms - Hash
261.0 ± 41.0 ms - Map
148.5 ±  1.6 ms - getState
Dag sizes: 132114 144065 144188 138737 144654 145960 142627 
brutePieces time: 1.19575
255.3 ±  0.0 ms - Piece loop time
 74.6 ± 15.8 ms - Set time
188.0 ±  3.4 ms - Child looking time
Nodes:  992345
Pieces: 200275
makePieces time: 0.256976
Memory: 10.1 + 41.3 + 31.8 + 45.2 + 13.9 MB
 18.5 ±  0.7 ms - Greedy fill time
composePieces time: 3.77922
                                                                                