Running only task # 176
Using max depth 4
 |                                        | 0 / 416 (0.0%)Function count: 142
0.00738976
0.00779886
0.00875582
0.00919102
0.00527416
0.00548728
0.00718781
0.00748835
0.00755136
0.00790937
0.00693874
0.00726909
0.00424166
0.00444898
 28.6 ±  0.0 ms - Piece loop time
 39.8 ± 37.6 ms - Set time
 25.8 ±  1.0 ms - Child looking time
0.0501475
0.0518151
0.052784
102.5 ±  0.0 ms - Total time
 97.5 ±  0.0 ms - Build f time
  2.0 ±  0.1 ms - Apply f time
 97.8 ±  1.1 ms - Real f time 
 14.4 ±  0.5 ms - Add time
  0.5 ±  0.1 ms - Find child
  0.7 ±  0.2 ms - Add child
 17.1 ±  0.5 ms - Hash
 53.3 ± 41.3 ms - Map
  2.3 ±  0.1 ms - getState
0.0757693
0.0789254
0.0807797
183.3 ±  0.0 ms - Total time
173.3 ±  0.0 ms - Build f time
  3.9 ±  0.2 ms - Apply f time
173.9 ±  1.4 ms - Real f time 
 24.9 ±  0.6 ms - Add time
  1.4 ±  0.1 ms - Find child
  1.3 ±  0.2 ms - Add child
 30.6 ±  0.6 ms - Hash
 64.5 ± 41.1 ms - Map
  4.9 ±  0.2 ms - getState
0.0397094
0.0410868
0.0420347
225.3 ±  0.0 ms - Total time
213.0 ±  0.0 ms - Build f time
  4.6 ±  0.2 ms - Apply f time
213.1 ±  1.5 ms - Real f time 
 30.6 ±  0.7 ms - Add time
  1.8 ±  0.1 ms - Find child
  1.7 ±  0.2 ms - Add child
 38.1 ±  0.7 ms - Hash
 69.6 ± 41.1 ms - Map
  6.0 ±  0.2 ms - getState
0.0564423
0.0585074
0.0597984
285.1 ±  0.0 ms - Total time
269.4 ±  0.0 ms - Build f time
  5.9 ±  0.2 ms - Apply f time
269.4 ±  1.7 ms - Real f time 
 39.1 ±  0.8 ms - Add time
  2.2 ±  0.2 ms - Find child
  2.3 ±  0.2 ms - Add child
 48.4 ±  0.8 ms - Hash
 76.9 ± 41.2 ms - Map
  7.3 ±  0.3 ms - getState
0.0660634
0.0690011
0.070529
355.7 ±  0.0 ms - Total time
335.5 ±  0.0 ms - Build f time
  7.3 ±  0.3 ms - Apply f time
334.8 ±  2.0 ms - Real f time 
 48.8 ±  0.9 ms - Add time
  2.9 ±  0.2 ms - Find child
  3.0 ±  0.2 ms - Add child
 60.8 ±  0.9 ms - Hash
 87.0 ± 41.2 ms - Map
  9.5 ±  0.3 ms - getState
0.056572
0.0587537
0.0600907
415.8 ±  0.0 ms - Total time
392.0 ±  0.0 ms - Build f time
  8.4 ±  0.3 ms - Apply f time
391.2 ±  2.1 ms - Real f time 
 57.5 ±  0.9 ms - Add time
  3.4 ±  0.2 ms - Find child
  3.6 ±  0.3 ms - Add child
 71.6 ±  0.9 ms - Hash
 94.5 ± 41.2 ms - Map
 11.1 ±  0.3 ms - getState
0.0359281
0.0372324
0.0380341
453.8 ±  0.0 ms - Total time
428.0 ±  0.0 ms - Build f time
  9.0 ±  0.3 ms - Apply f time
427.6 ±  2.2 ms - Real f time 
 63.3 ±  1.0 ms - Add time
  3.6 ±  0.2 ms - Find child
  3.9 ±  0.3 ms - Add child
 78.5 ±  1.0 ms - Hash
 99.8 ± 41.2 ms - Map
 12.2 ±  0.3 ms - getState
Dag sizes: 13129 21815 11159 15509 18794 16277 10522 
brutePieces time: 0.409243
324.8 ±  0.0 ms - Piece loop time
 64.5 ± 35.9 ms - Set time
283.9 ±  8.0 ms - Child looking time
Nodes:  107205
Pieces: 10
makePieces time: 0.325733
Memory: 0.4 + 22.6 + 3.4 + 31.1 + 6.0 MB
  0.0 ±  0.0 ms - Greedy fill time
composePieces time: 0.00157611
                                                                                