Running only task # 340
Using max depth 23
 |                                        | 0 / 416 (0.0%)Function count: 142
0.359858
0.415551
0.28522
0.325345
0.278686
0.324984
0.27725
0.316566
0.373503
0.426806
0.306974
0.347303
0.277699
0.318171
0.278998
0.318631
0.303786
0.347639
 91.3 ±  0.0 ms - Piece loop time
 33.2 ± 17.2 ms - Set time
 70.3 ±  2.1 ms - Child looking time
0.363674
0.417985
0.698861
3840.3 ±  0.0 ms - Total time
3105.6 ±  0.0 ms - Build f time
200.4 ±  5.6 ms - Apply f time
2592.5 ± 16.6 ms - Real f time 
823.9 ± 47.8 ms - Add time
 17.7 ±  0.8 ms - Find child
 28.1 ±  0.9 ms - Add child
440.4 ±  2.4 ms - Hash
372.4 ± 70.2 ms - Map
235.0 ±  2.5 ms - getState
0.290498
0.330499
0.580125
4420.4 ±  0.0 ms - Total time
3396.1 ±  0.0 ms - Build f time
247.0 ±  5.7 ms - Apply f time
2852.8 ± 17.1 ms - Real f time 
962.5 ± 47.8 ms - Add time
 27.4 ±  0.9 ms - Find child
 41.7 ±  1.0 ms - Add child
538.2 ±  2.5 ms - Hash
438.3 ± 70.2 ms - Map
306.9 ±  3.3 ms - getState
0.272569
0.313263
0.556789
4977.3 ±  0.0 ms - Total time
3668.7 ±  0.0 ms - Build f time
293.2 ±  5.8 ms - Apply f time
3109.9 ± 17.6 ms - Real f time 
1092.6 ± 47.9 ms - Add time
 37.3 ±  0.9 ms - Find child
 55.9 ±  1.1 ms - Add child
629.2 ±  2.7 ms - Hash
499.7 ± 70.2 ms - Map
379.8 ±  3.5 ms - getState
0.279911
0.319152
0.571555
5548.9 ±  0.0 ms - Total time
3948.6 ±  0.0 ms - Build f time
342.7 ±  6.2 ms - Apply f time
3373.2 ± 18.1 ms - Real f time 
1240.9 ± 50.1 ms - Add time
 47.5 ±  1.0 ms - Find child
 69.8 ±  1.1 ms - Add child
723.6 ±  2.9 ms - Hash
567.4 ± 70.2 ms - Map
447.9 ±  3.7 ms - getState
0.357291
0.410589
0.675962
6224.9 ±  0.0 ms - Total time
4305.9 ±  0.0 ms - Build f time
396.2 ±  6.3 ms - Apply f time
3689.1 ± 18.7 ms - Real f time 
1397.5 ± 50.1 ms - Add time
 58.3 ±  1.1 ms - Find child
 84.8 ±  1.2 ms - Add child
825.9 ±  3.1 ms - Hash
638.1 ± 70.3 ms - Map
531.3 ±  3.9 ms - getState
0.290045
0.330222
0.593492
6818.4 ±  0.0 ms - Total time
4596.0 ±  0.0 ms - Build f time
444.1 ±  6.4 ms - Apply f time
3949.0 ± 19.1 ms - Real f time 
1556.8 ± 52.0 ms - Add time
 69.4 ±  1.1 ms - Find child
 98.9 ±  1.3 ms - Add child
933.1 ±  7.4 ms - Hash
705.2 ± 70.3 ms - Map
606.0 ±  4.0 ms - getState
0.280485
0.320746
0.567371
7385.8 ±  0.0 ms - Total time
4876.4 ±  0.0 ms - Build f time
490.5 ±  6.6 ms - Apply f time
4208.2 ± 19.5 ms - Real f time 
1684.1 ± 52.1 ms - Add time
 79.2 ±  1.2 ms - Find child
113.4 ±  1.4 ms - Add child
1022.8 ±  7.5 ms - Hash
770.2 ± 70.3 ms - Map
676.2 ±  4.1 ms - getState
0.285101
0.325818
0.573958
7959.8 ±  0.0 ms - Total time
5161.5 ±  0.0 ms - Build f time
537.9 ±  6.6 ms - Apply f time
4466.7 ± 19.9 ms - Real f time 
1818.2 ± 52.1 ms - Add time
 88.7 ±  1.2 ms - Find child
127.3 ±  1.4 ms - Add child
1120.2 ±  8.4 ms - Hash
835.5 ± 70.3 ms - Map
746.0 ±  4.2 ms - getState
0.334903
0.390141
0.62764
8587.5 ±  0.0 ms - Total time
5496.4 ±  0.0 ms - Build f time
585.5 ±  6.7 ms - Apply f time
4764.7 ± 20.7 ms - Real f time 
1968.4 ± 53.0 ms - Add time
 98.6 ±  1.3 ms - Find child
141.3 ±  1.5 ms - Add child
1212.6 ±  8.5 ms - Hash
909.8 ± 70.5 ms - Map
819.3 ±  4.3 ms - getState
Dag sizes: 321098 310277 295421 306331 320043 310614 294944 305685 297731 
brutePieces time: 5.45175
329.4 ±  0.0 ms - Piece loop time
 98.2 ± 17.5 ms - Set time
224.2 ±  6.7 ms - Child looking time
Nodes:  2762144
Pieces: 312298
makePieces time: 0.33269
Memory: 52.7 + 105.3 + 88.4 + 81.9 + 22.9 MB
 62.7 ±  7.0 ms - Greedy fill time
composePieces time: 14.4996
                                                                                