Running only task # 373
Using max depth 4
 |                                        | 0 / 416 (0.0%)Function count: 142
0.0764301
0.0832925
0.0835788
0.0902519
0.0719516
0.0774666
0.0811881
0.0883887
 21.2 ±  0.0 ms - Piece loop time
 42.1 ± 38.2 ms - Set time
 16.9 ±  0.9 ms - Child looking time
1.88186
2.04243
3.57522
3914.7 ±  0.0 ms - Total time
2195.0 ±  0.0 ms - Build f time
286.2 ±  5.6 ms - Apply f time
1929.0 ± 10.9 ms - Real f time 
745.1 ± 10.1 ms - Add time
 74.1 ±  1.0 ms - Find child
106.2 ±  1.4 ms - Add child
713.9 ±  3.5 ms - Hash
711.7 ± 38.5 ms - Map
353.0 ±  3.5 ms - getState
1.99491
2.17252
3.83722
7752.0 ±  0.0 ms - Total time
4189.9 ±  0.0 ms - Build f time
581.7 ±  6.0 ms - Apply f time
3723.5 ± 17.2 ms - Real f time 
1502.3 ± 19.9 ms - Add time
153.6 ±  1.4 ms - Find child
221.0 ±  2.0 ms - Add child
1439.5 ± 10.1 ms - Hash
1374.7 ± 39.6 ms - Map
732.1 ±  5.6 ms - getState
1.69386
1.83536
3.11489
10866.9 ±  0.0 ms - Total time
5883.8 ±  0.0 ms - Build f time
821.0 ±  6.4 ms - Apply f time
5254.7 ± 19.9 ms - Real f time 
2092.5 ± 20.2 ms - Add time
216.1 ±  1.7 ms - Find child
309.8 ±  2.4 ms - Add child
2033.6 ± 10.5 ms - Hash
1856.6 ± 40.3 ms - Map
1019.3 ±  5.8 ms - getState
1.93457
2.09427
3.6083
14475.3 ±  0.0 ms - Total time
7818.3 ±  0.0 ms - Build f time
1098.1 ±  6.7 ms - Apply f time
6993.6 ± 24.3 ms - Real f time 
3016.7 ± 234.8 ms - Add time
292.8 ±  2.0 ms - Find child
414.2 ±  2.7 ms - Add child
2723.3 ± 11.3 ms - Hash
2430.7 ± 45.1 ms - Map
1369.3 ±  6.2 ms - getState
Dag sizes: 2005519 2210843 1696425 2038879 
brutePieces time: 14.1374
2722.8 ±  0.0 ms - Piece loop time
1085.5 ± 156.3 ms - Set time
1648.8 ±  6.9 ms - Child looking time
Nodes:  7951666
Pieces: 2410089
makePieces time: 2.73011
Memory: 111.1 + 364.7 + 254.5 + 194.3 + 107.5 MB
 42.3 ±  0.0 ms - Greedy fill time
composePieces time: 8.18648
                                                                                