Running only task # 47
Using max depth 33
 |                                        | 0 / 416 (0.0%)Function count: 142
0.11138
0.119939
0.110175
0.119368
0.111863
0.120277
0.101261
0.108823
0.111211
0.119543
0.109716
0.118902
0.107755
0.116359
0.101371
0.109211
0.118558
0.128884
 55.9 ±  0.0 ms - Piece loop time
 60.0 ± 47.8 ms - Set time
 41.6 ±  1.6 ms - Child looking time
0.124885
0.13381
0.19537
1257.0 ±  0.0 ms - Total time
1108.2 ±  0.0 ms - Build f time
 37.0 ±  0.7 ms - Apply f time
883.5 ±  6.6 ms - Real f time 
223.4 ± 17.1 ms - Add time
  5.8 ±  0.6 ms - Find child
  6.5 ±  0.3 ms - Add child
210.9 ±  2.2 ms - Hash
138.0 ± 40.7 ms - Map
 44.0 ±  0.6 ms - getState
0.11372
0.12293
0.18228
1439.4 ±  0.0 ms - Total time
1221.9 ±  0.0 ms - Build f time
 48.6 ±  0.8 ms - Apply f time
978.2 ±  6.9 ms - Real f time 
260.1 ± 17.4 ms - Add time
  8.3 ±  0.7 ms - Find child
 10.1 ±  0.4 ms - Add child
247.0 ±  2.3 ms - Hash
158.9 ± 40.8 ms - Map
 60.6 ±  0.7 ms - getState
0.110653
0.119436
0.17726
1616.7 ±  0.0 ms - Total time
1332.5 ±  0.0 ms - Build f time
 59.4 ±  0.9 ms - Apply f time
1069.6 ±  7.2 ms - Real f time 
294.5 ± 17.4 ms - Add time
 10.5 ±  0.7 ms - Find child
 13.2 ±  0.4 ms - Add child
282.4 ±  2.4 ms - Hash
182.2 ± 40.9 ms - Map
 77.4 ±  0.8 ms - getState
0.105447
0.113393
0.17026
1787.0 ±  0.0 ms - Total time
1438.0 ±  0.0 ms - Build f time
 69.8 ±  1.0 ms - Apply f time
1156.0 ±  7.4 ms - Real f time 
330.2 ± 17.5 ms - Add time
 12.9 ±  0.7 ms - Find child
 16.2 ±  0.5 ms - Add child
317.0 ±  2.5 ms - Hash
200.9 ± 40.9 ms - Map
 94.0 ±  1.3 ms - getState
0.11919
0.128118
0.190978
1978.0 ±  0.0 ms - Total time
1557.2 ±  0.0 ms - Build f time
 81.8 ±  1.1 ms - Apply f time
1256.4 ±  7.6 ms - Real f time 
397.1 ± 33.9 ms - Add time
 15.4 ±  0.7 ms - Find child
 19.6 ±  0.5 ms - Add child
353.9 ±  2.6 ms - Hash
222.1 ± 40.9 ms - Map
111.7 ±  1.4 ms - getState
0.115063
0.124029
0.182653
2160.7 ±  0.0 ms - Total time
1672.2 ±  0.0 ms - Build f time
 92.8 ±  1.1 ms - Apply f time
1350.9 ±  7.8 ms - Real f time 
431.6 ± 33.9 ms - Add time
 17.8 ±  0.7 ms - Find child
 23.5 ±  0.6 ms - Add child
389.6 ±  2.6 ms - Hash
242.1 ± 40.9 ms - Map
127.9 ±  1.4 ms - getState
0.112048
0.120747
0.177688
2338.5 ±  0.0 ms - Total time
1784.3 ±  0.0 ms - Build f time
103.2 ±  1.2 ms - Apply f time
1442.2 ±  8.0 ms - Real f time 
472.6 ± 34.8 ms - Add time
 20.4 ±  0.8 ms - Find child
 26.9 ±  0.6 ms - Add child
424.5 ±  2.7 ms - Hash
262.5 ± 40.8 ms - Map
144.4 ±  1.4 ms - getState
0.104574
0.11236
0.168879
2507.4 ±  0.0 ms - Total time
1888.9 ±  0.0 ms - Build f time
113.3 ±  1.2 ms - Apply f time
1531.4 ±  8.2 ms - Real f time 
504.6 ± 34.8 ms - Add time
 22.9 ±  0.8 ms - Find child
 30.4 ±  0.6 ms - Add child
458.8 ±  2.8 ms - Hash
281.7 ± 40.8 ms - Map
159.8 ±  1.5 ms - getState
0.123707
0.139064
0.206772
2714.2 ±  0.0 ms - Total time
2012.6 ±  0.0 ms - Build f time
126.8 ±  1.3 ms - Apply f time
1632.7 ±  8.3 ms - Real f time 
565.2 ± 38.4 ms - Add time
 25.8 ±  0.8 ms - Find child
 34.6 ±  0.7 ms - Add child
496.9 ±  2.8 ms - Hash
306.4 ± 40.8 ms - Map
179.9 ±  1.5 ms - getState
Dag sizes: 90140 85476 84181 81320 88664 84148 83276 82896 97335 
brutePieces time: 1.66012
113.1 ±  0.0 ms - Piece loop time
 63.1 ± 39.2 ms - Set time
 78.8 ±  1.9 ms - Child looking time
Nodes:  777436
Pieces: 78324
makePieces time: 0.1145
Memory: 12.9 + 33.9 + 24.9 + 50.2 + 7.0 MB
 39.1 ±  3.2 ms - Greedy fill time
composePieces time: 2.37249
                                                                                