Running only task # 132
Using max depth 33
 |                                        | 0 / 416 (0.0%)Function count: 142
0.0957336
0.104307
0.0852958
0.0929177
0.191089
0.205276
0.109862
0.120528
0.128855
0.138187
0.0961461
0.104133
0.0873047
0.094571
0.18819
0.202672
0.107197
0.115937
0.127636
0.136674
0.206763
0.223154
 66.4 ±  0.0 ms - Piece loop time
 50.2 ± 41.0 ms - Set time
 55.7 ±  3.2 ms - Child looking time
0.0953655
0.103027
0.211311
1750.1 ±  0.0 ms - Total time
1519.4 ±  0.0 ms - Build f time
 54.5 ±  1.1 ms - Apply f time
1173.4 ±  9.4 ms - Real f time 
310.0 ± 16.3 ms - Add time
  7.3 ±  0.7 ms - Find child
  9.2 ±  0.3 ms - Add child
302.6 ±  2.5 ms - Hash
172.5 ± 42.5 ms - Map
 65.1 ±  2.4 ms - getState
0.0857216
0.0925095
0.180417
1930.6 ±  0.0 ms - Total time
1605.2 ±  0.0 ms - Build f time
 68.5 ±  1.2 ms - Apply f time
1254.7 ±  9.9 ms - Real f time 
351.4 ± 16.3 ms - Add time
 11.2 ±  0.7 ms - Find child
 14.0 ±  0.4 ms - Add child
339.4 ±  2.6 ms - Hash
194.4 ± 42.5 ms - Map
 85.1 ±  2.4 ms - getState
0.195863
0.209763
0.523034
2453.7 ±  0.0 ms - Total time
1801.0 ±  0.0 ms - Build f time
101.8 ±  1.3 ms - Apply f time
1419.3 ± 10.4 ms - Real f time 
501.4 ± 16.6 ms - Add time
 17.2 ±  0.8 ms - Find child
 22.6 ±  0.5 ms - Add child
460.4 ±  2.9 ms - Hash
233.2 ± 42.5 ms - Map
155.7 ±  2.6 ms - getState
0.10803
0.116563
0.244899
2698.6 ±  0.0 ms - Total time
1909.0 ±  0.0 ms - Build f time
121.0 ±  1.4 ms - Apply f time
1515.6 ± 10.5 ms - Real f time 
567.7 ± 16.9 ms - Add time
 21.7 ±  0.8 ms - Find child
 29.4 ±  0.6 ms - Add child
509.5 ±  3.0 ms - Hash
263.1 ± 42.5 ms - Map
184.2 ±  2.7 ms - getState
0.142008
0.151009
0.334152
3032.8 ±  0.0 ms - Total time
2051.1 ±  0.0 ms - Build f time
145.1 ±  1.5 ms - Apply f time
1643.2 ± 10.8 ms - Real f time 
656.7 ± 16.9 ms - Add time
 26.9 ±  0.9 ms - Find child
 36.5 ±  0.7 ms - Add child
580.0 ±  3.1 ms - Hash
299.0 ± 42.5 ms - Map
223.8 ±  2.7 ms - getState
0.0981457
0.106146
0.215665
3248.5 ±  0.0 ms - Total time
2149.2 ±  0.0 ms - Build f time
162.9 ±  1.6 ms - Apply f time
1726.8 ± 10.9 ms - Real f time 
710.8 ± 17.0 ms - Add time
 31.4 ±  0.9 ms - Find child
 42.4 ±  0.7 ms - Add child
622.1 ±  3.2 ms - Hash
326.6 ± 42.5 ms - Map
248.1 ±  2.8 ms - getState
0.0880566
0.0956743
0.195827
3444.4 ±  0.0 ms - Total time
2237.3 ±  0.0 ms - Build f time
180.2 ±  1.7 ms - Apply f time
1806.6 ± 11.1 ms - Real f time 
775.3 ± 24.0 ms - Add time
 35.3 ±  0.9 ms - Find child
 47.9 ±  0.8 ms - Add child
659.6 ±  3.4 ms - Hash
349.5 ± 42.5 ms - Map
286.6 ± 16.6 ms - getState
0.197031
0.211355
0.519758
3964.2 ±  0.0 ms - Total time
2434.3 ±  0.0 ms - Build f time
213.3 ±  1.8 ms - Apply f time
1979.7 ± 12.7 ms - Real f time 
924.4 ± 24.1 ms - Add time
 41.2 ±  1.0 ms - Find child
 56.4 ±  0.8 ms - Add child
780.4 ±  3.6 ms - Hash
386.5 ± 42.5 ms - Map
352.7 ± 16.6 ms - getState
0.114187
0.122659
0.256173
4220.4 ±  0.0 ms - Total time
2548.5 ±  0.0 ms - Build f time
233.7 ±  1.8 ms - Apply f time
2084.2 ± 13.0 ms - Real f time 
991.0 ± 24.2 ms - Add time
 46.2 ±  1.0 ms - Find child
 63.5 ±  0.9 ms - Add child
830.0 ±  3.7 ms - Hash
417.2 ± 42.5 ms - Map
382.2 ± 16.7 ms - getState
0.131153
0.140227
0.317815
4538.3 ±  0.0 ms - Total time
2679.6 ±  0.0 ms - Build f time
256.1 ±  1.9 ms - Apply f time
2197.7 ± 13.2 ms - Real f time 
1104.0 ± 38.7 ms - Add time
 51.4 ±  1.0 ms - Find child
 70.2 ±  0.9 ms - Add child
901.5 ±  3.9 ms - Hash
445.9 ± 42.6 ms - Map
421.6 ± 16.7 ms - getState
0.214642
0.230133
0.578489
5116.8 ±  0.0 ms - Total time
2894.3 ±  0.0 ms - Build f time
293.7 ±  2.0 ms - Apply f time
2400.2 ± 14.9 ms - Real f time 
1268.5 ± 38.8 ms - Add time
 57.6 ±  1.1 ms - Find child
 79.2 ±  1.0 ms - Add child
1035.2 ±  4.1 ms - Hash
487.2 ± 42.6 ms - Map
497.5 ± 16.7 ms - getState
Dag sizes: 151447 122139 199016 171967 169073 155760 126653 198938 174122 168780 217625 
brutePieces time: 3.5867
272.2 ±  0.0 ms - Piece loop time
 92.7 ± 41.5 ms - Set time
201.1 ±  3.0 ms - Child looking time
Nodes:  1855520
Pieces: 185678
makePieces time: 0.274265
Memory: 45.8 + 65.1 + 59.4 + 75.8 + 18.2 MB
 91.1 ± 10.9 ms - Greedy fill time
composePieces time: 8.78841
                                                                                