Running only task # 343
Using max depth 3
 |                                        | 0 / 416 (0.0%)Function count: 142
0.0456142
0.0483758
0.0693112
0.07455
0.106828
0.113135
0.128237
0.136933
 23.8 ±  0.0 ms - Piece loop time
 39.6 ± 35.7 ms - Set time
 20.8 ±  1.0 ms - Child looking time
0.0459773
0.0484915
0.110513
483.6 ±  0.0 ms - Total time
396.0 ±  0.0 ms - Build f time
 18.3 ±  0.5 ms - Apply f time
330.2 ±  8.3 ms - Real f time 
 90.0 ±  2.4 ms - Add time
  3.9 ±  0.2 ms - Find child
  5.0 ±  0.3 ms - Add child
 85.9 ±  0.9 ms - Hash
 81.9 ± 49.9 ms - Map
 21.5 ±  0.5 ms - getState
0.0519905
0.0550144
0.142791
626.5 ±  0.0 ms - Total time
448.0 ±  0.0 ms - Build f time
 33.6 ±  0.7 ms - Apply f time
384.4 ±  8.5 ms - Real f time 
129.6 ±  2.5 ms - Add time
  8.4 ±  0.3 ms - Find child
 11.2 ±  0.4 ms - Add child
117.3 ±  1.0 ms - Hash
 96.8 ± 49.9 ms - Map
 40.7 ±  0.7 ms - getState
0.108132
0.114444
0.340679
967.2 ±  0.0 ms - Total time
556.1 ±  0.0 ms - Build f time
 61.6 ±  0.9 ms - Apply f time
491.4 ±  8.8 ms - Real f time 
231.3 ±  2.9 ms - Add time
 15.1 ±  0.4 ms - Find child
 20.6 ±  0.5 ms - Add child
197.6 ±  1.3 ms - Hash
126.9 ± 50.0 ms - Map
 86.6 ±  1.0 ms - getState
0.133761
0.142326
0.438404
1405.6 ±  0.0 ms - Total time
689.8 ±  0.0 ms - Build f time
 98.3 ±  1.1 ms - Apply f time
623.2 ±  9.3 ms - Real f time 
366.4 ±  3.6 ms - Add time
 24.4 ±  0.6 ms - Find child
 32.2 ±  0.9 ms - Add child
301.3 ±  1.8 ms - Hash
165.3 ± 50.0 ms - Map
146.6 ±  1.2 ms - getState
Dag sizes: 91043 130003 222864 283395 
brutePieces time: 1.03542
114.1 ±  0.0 ms - Piece loop time
 63.4 ± 36.0 ms - Set time
 86.4 ±  1.2 ms - Child looking time
Nodes:  727305
Pieces: 189626
makePieces time: 0.115434
Memory: 14.7 + 23.4 + 23.3 + 28.4 + 7.5 MB
  6.7 ±  0.0 ms - Greedy fill time
composePieces time: 0.934872
                                                                                