Running only task # 135
Using max depth 4
 |                                        | 0 / 416 (0.0%)Function count: 142
0.0267313
0.0292783
0.0353988
0.0383741
0.0341806
0.0371705
0.0325887
0.0350226
0.0336913
0.0363682
0.0326011
0.0357088
 47.4 ±  0.0 ms - Piece loop time
 43.0 ± 37.0 ms - Set time
 39.7 ±  1.5 ms - Child looking time
0.458732
0.490383
0.554921
767.0 ±  0.0 ms - Total time
653.9 ±  0.0 ms - Build f time
 32.7 ±  0.6 ms - Apply f time
613.2 ±  3.4 ms - Real f time 
116.5 ±  1.4 ms - Add time
 10.4 ±  0.4 ms - Find child
 14.7 ±  1.4 ms - Add child
115.4 ±  2.1 ms - Hash
155.5 ± 39.2 ms - Map
 34.5 ±  1.1 ms - getState
0.599693
0.642606
0.728356
1495.4 ±  0.0 ms - Total time
1253.6 ±  0.0 ms - Build f time
 68.0 ±  0.9 ms - Apply f time
1183.5 ±  5.0 ms - Real f time 
221.8 ±  1.9 ms - Add time
 22.9 ±  0.5 ms - Find child
 28.8 ±  1.5 ms - Add child
222.7 ±  2.6 ms - Hash
281.7 ± 39.3 ms - Map
 72.8 ±  1.8 ms - getState
0.565728
0.605454
0.685004
2180.4 ±  0.0 ms - Total time
1819.3 ±  0.0 ms - Build f time
102.8 ±  1.1 ms - Apply f time
1726.1 ±  5.7 ms - Real f time 
321.6 ±  2.2 ms - Add time
 34.6 ±  0.9 ms - Find child
 42.9 ±  1.5 ms - Add child
325.5 ±  3.1 ms - Hash
397.4 ± 39.5 ms - Map
110.0 ±  2.2 ms - getState
0.576485
0.617741
0.712735
2893.2 ±  0.0 ms - Total time
2395.8 ±  0.0 ms - Build f time
137.2 ±  1.2 ms - Apply f time
2284.4 ±  7.0 ms - Real f time 
426.3 ±  2.5 ms - Add time
 46.5 ±  1.0 ms - Find child
 58.7 ±  1.8 ms - Add child
431.5 ±  3.6 ms - Hash
526.9 ± 39.7 ms - Map
149.2 ±  3.8 ms - getState
0.600502
0.642483
0.743303
3636.6 ±  0.0 ms - Total time
2996.3 ±  0.0 ms - Build f time
173.5 ±  1.4 ms - Apply f time
2844.8 ±  7.5 ms - Real f time 
549.6 ± 17.3 ms - Add time
 59.1 ±  1.1 ms - Find child
 74.0 ±  1.8 ms - Add child
538.6 ±  3.8 ms - Hash
667.6 ± 39.7 ms - Map
186.2 ±  3.9 ms - getState
0.574636
0.614587
0.698489
4335.1 ±  0.0 ms - Total time
3571.0 ±  0.0 ms - Build f time
205.9 ±  1.6 ms - Apply f time
3394.2 ±  8.0 ms - Real f time 
647.3 ± 17.4 ms - Add time
 70.4 ±  1.2 ms - Find child
 87.4 ±  1.9 ms - Add child
634.9 ±  3.9 ms - Hash
787.1 ± 39.7 ms - Map
219.2 ±  3.9 ms - getState
Dag sizes: 254296 338791 325608 325701 334083 310616 
brutePieces time: 4.12604
2157.9 ±  0.0 ms - Piece loop time
375.9 ± 16.1 ms - Set time
1657.1 ± 16.6 ms - Child looking time
Nodes:  1889095
Pieces: 100923
makePieces time: 2.15955
Memory: 8.4 + 184.8 + 60.5 + 55.4 + 50.9 MB
  1.7 ±  0.2 ms - Greedy fill time
composePieces time: 0.62056
                                                                                