Running only task # 132
Using max depth 23
 |                                        | 0 / 416 (0.0%)Function count: 142
0.0979939
0.106248
0.0855931
0.0928898
0.190605
0.205055
0.108109
0.116759
0.128934
0.138124
0.0963863
0.104378
0.0893236
0.100045
0.221437
0.235692
0.106053
0.114738
0.127248
0.13637
0.211865
0.227925
 62.9 ±  0.0 ms - Piece loop time
 49.1 ± 40.8 ms - Set time
 49.3 ±  1.8 ms - Child looking time
0.0983897
0.106313
0.211938
1790.6 ±  0.0 ms - Total time
1561.9 ±  0.0 ms - Build f time
 55.4 ±  1.1 ms - Apply f time
1217.6 ± 17.7 ms - Real f time 
298.5 ±  8.9 ms - Add time
  7.3 ±  0.3 ms - Find child
  9.5 ±  0.3 ms - Add child
304.5 ±  2.2 ms - Hash
209.0 ± 57.8 ms - Map
 63.0 ±  1.0 ms - getState
0.0866715
0.0934401
0.192006
1982.7 ±  0.0 ms - Total time
1648.6 ±  0.0 ms - Build f time
 73.4 ±  1.4 ms - Apply f time
1298.7 ± 17.8 ms - Real f time 
345.3 ±  8.9 ms - Add time
 11.5 ±  0.4 ms - Find child
 15.5 ±  0.4 ms - Add child
340.5 ±  2.2 ms - Hash
232.2 ± 57.8 ms - Map
 85.2 ±  1.3 ms - getState
0.20556
0.219597
0.533358
2516.1 ±  0.0 ms - Total time
1854.2 ±  0.0 ms - Build f time
108.2 ±  1.5 ms - Apply f time
1479.2 ± 19.3 ms - Real f time 
510.3 ± 18.3 ms - Add time
 17.2 ±  0.5 ms - Find child
 23.9 ±  0.5 ms - Add child
461.1 ±  2.5 ms - Hash
269.6 ± 57.8 ms - Map
153.8 ±  1.5 ms - getState
0.110623
0.119935
0.25991
2776.0 ±  0.0 ms - Total time
1964.8 ±  0.0 ms - Build f time
131.8 ±  2.6 ms - Apply f time
1582.5 ± 19.6 ms - Real f time 
575.5 ± 18.3 ms - Add time
 23.5 ±  1.1 ms - Find child
 31.1 ±  0.6 ms - Add child
510.9 ±  2.7 ms - Hash
300.0 ± 57.8 ms - Map
189.0 ±  1.8 ms - getState
0.133019
0.142261
0.315545
3091.6 ±  0.0 ms - Total time
2097.8 ±  0.0 ms - Build f time
153.3 ±  2.7 ms - Apply f time
1699.1 ± 19.8 ms - Real f time 
658.5 ± 18.4 ms - Add time
 28.7 ±  1.1 ms - Find child
 37.7 ±  0.7 ms - Add child
580.6 ±  2.8 ms - Hash
330.4 ± 57.7 ms - Map
227.7 ±  1.9 ms - getState
0.103075
0.111022
0.217507
3309.1 ±  0.0 ms - Total time
2200.9 ±  0.0 ms - Build f time
169.4 ±  2.7 ms - Apply f time
1797.6 ± 20.1 ms - Real f time 
712.7 ± 18.5 ms - Add time
 33.2 ±  1.2 ms - Find child
 43.5 ±  0.7 ms - Add child
622.9 ±  2.9 ms - Hash
356.7 ± 57.7 ms - Map
252.0 ±  2.0 ms - getState
0.0858966
0.0930036
0.180779
3489.9 ±  0.0 ms - Total time
2286.8 ±  0.0 ms - Build f time
183.6 ±  2.8 ms - Apply f time
1874.8 ± 20.2 ms - Real f time 
755.1 ± 18.5 ms - Add time
 37.0 ±  1.2 ms - Find child
 48.4 ±  0.8 ms - Add child
659.0 ±  2.9 ms - Hash
377.8 ± 57.7 ms - Map
273.2 ±  2.0 ms - getState
0.196157
0.210096
0.508629
3998.6 ±  0.0 ms - Total time
2482.9 ±  0.0 ms - Build f time
214.4 ±  2.8 ms - Apply f time
2045.5 ± 20.5 ms - Real f time 
900.8 ± 18.9 ms - Add time
 43.0 ±  1.2 ms - Find child
 55.8 ±  0.8 ms - Add child
794.6 ± 16.1 ms - Hash
412.6 ± 57.7 ms - Map
340.8 ±  3.0 ms - getState
0.108381
0.116888
0.248558
4247.2 ±  0.0 ms - Total time
2591.3 ±  0.0 ms - Build f time
233.9 ±  2.9 ms - Apply f time
2140.5 ± 20.6 ms - Real f time 
976.9 ± 21.2 ms - Add time
 48.4 ±  1.3 ms - Find child
 62.4 ±  0.9 ms - Add child
842.7 ± 16.1 ms - Hash
444.3 ± 57.7 ms - Map
370.4 ±  3.0 ms - getState
0.136988
0.145841
0.318712
4565.9 ±  0.0 ms - Total time
2728.3 ±  0.0 ms - Build f time
255.2 ±  2.9 ms - Apply f time
2258.3 ± 20.8 ms - Real f time 
1058.3 ± 21.3 ms - Add time
 53.3 ±  1.3 ms - Find child
 69.2 ±  0.9 ms - Add child
910.6 ± 16.1 ms - Hash
475.0 ± 57.7 ms - Map
409.0 ±  3.1 ms - getState
0.214487
0.230625
0.567537
5133.5 ±  0.0 ms - Total time
2942.8 ±  0.0 ms - Build f time
290.6 ±  3.0 ms - Apply f time
2444.1 ± 21.3 ms - Real f time 
1221.4 ± 22.0 ms - Add time
 59.8 ±  1.3 ms - Find child
 78.0 ±  1.0 ms - Add child
1045.6 ± 16.2 ms - Hash
518.7 ± 57.8 ms - Map
481.2 ±  3.2 ms - getState
Dag sizes: 150220 120971 196956 170724 167413 150038 121030 196680 169926 167398 215635 
brutePieces time: 3.56396
230.5 ±  0.0 ms - Piece loop time
 90.0 ± 42.3 ms - Set time
165.3 ±  2.5 ms - Child looking time
Nodes:  1826991
Pieces: 181728
makePieces time: 0.232871
Memory: 45.3 + 64.4 + 58.5 + 75.4 + 17.8 MB
 62.2 ±  6.6 ms - Greedy fill time
composePieces time: 8.98747
                                                                                