Running only task # 330
Using max depth 4
 |                                        | 0 / 416 (0.0%)Function count: 142
0.124667
0.13746
0.124086
0.135692
0.125291
0.138189
0.133007
0.147514
 28.5 ±  0.0 ms - Piece loop time
 51.9 ± 43.1 ms - Set time
 18.2 ±  1.0 ms - Child looking time
3.96218
4.41331
9.01007
9569.1 ±  0.0 ms - Total time
4469.2 ±  0.0 ms - Build f time
762.7 ±  3.8 ms - Apply f time
4070.8 ± 20.7 ms - Real f time 
2105.2 ± 22.2 ms - Add time
201.9 ±  1.7 ms - Find child
290.8 ±  2.4 ms - Add child
1555.1 ± 17.3 ms - Hash
1691.5 ± 37.9 ms - Map
1037.3 ±  4.5 ms - getState
3.90803
4.35205
9.02049
18589.6 ±  0.0 ms - Total time
8377.3 ±  0.0 ms - Build f time
1513.6 ±  5.6 ms - Apply f time
7731.7 ± 27.0 ms - Real f time 
4081.2 ± 24.3 ms - Add time
396.3 ±  2.3 ms - Find child
581.9 ±  3.4 ms - Add child
3006.6 ± 17.9 ms - Hash
4355.0 ± 1014.2 ms - Map
2079.1 ±  6.7 ms - getState
3.95507
4.40799
8.95831
27548.0 ±  0.0 ms - Total time
12332.3 ±  0.0 ms - Build f time
2268.0 ±  9.1 ms - Apply f time
11426.7 ± 30.9 ms - Real f time 
6058.2 ± 33.5 ms - Add time
591.9 ±  2.8 ms - Find child
871.5 ±  4.0 ms - Add child
4490.3 ± 19.8 ms - Hash
5971.3 ± 1014.3 ms - Map
3104.1 ±  7.9 ms - getState
4.05634
4.51083
9.46172
37009.8 ±  0.0 ms - Total time
16388.7 ±  0.0 ms - Build f time
3057.9 ± 10.5 ms - Apply f time
15231.9 ± 33.4 ms - Real f time 
8208.2 ± 44.9 ms - Add time
802.1 ±  3.5 ms - Find child
1181.3 ±  7.4 ms - Add child
6023.1 ± 21.2 ms - Hash
7660.0 ± 1014.4 ms - Map
4215.9 ±  9.3 ms - getState
Dag sizes: 5601193 5779065 5606779 6094086 
brutePieces time: 36.4531
4978.7 ±  0.0 ms - Piece loop time
2152.9 ± 36.7 ms - Set time
2606.1 ± 11.2 ms - Child looking time
Nodes:  23081123
Pieces: 5868253
makePieces time: 4.99382
Memory: 333.0 + 858.8 + 738.6 + 637.7 + 241.6 MB
 57.3 ±  0.0 ms - Greedy fill time
composePieces time: 17.706
                                                                                