Running only task # 168
Using max depth 4
 |                                        | 0 / 416 (0.0%)Function count: 142
0.267823
0.300431
0.239619
0.266982
0.235245
0.260152
0.25764
0.287655
 43.5 ±  0.0 ms - Piece loop time
 51.2 ± 39.8 ms - Set time
 31.6 ±  1.0 ms - Child looking time
9.04356
10.1735
13.3493
14464.6 ±  0.0 ms - Total time
10043.9 ±  0.0 ms - Build f time
783.7 ±  5.4 ms - Apply f time
7836.0 ± 29.1 ms - Real f time 
2740.1 ± 59.1 ms - Add time
146.1 ±  1.6 ms - Find child
218.6 ±  1.9 ms - Add child
2256.9 ± 11.1 ms - Hash
1390.7 ± 40.3 ms - Map
1547.6 ±  9.8 ms - getState
7.31339
8.17763
10.6688
25133.5 ±  0.0 ms - Total time
17357.3 ±  0.0 ms - Build f time
1344.9 ±  6.7 ms - Apply f time
13539.1 ± 38.8 ms - Real f time 
4640.6 ± 65.3 ms - Add time
248.8 ±  2.0 ms - Find child
374.8 ±  6.0 ms - Add child
4104.9 ± 20.4 ms - Hash
2316.1 ± 41.1 ms - Map
2676.5 ± 10.8 ms - getState
7.28018
8.06658
10.6715
35805.0 ±  0.0 ms - Total time
24637.4 ±  0.0 ms - Build f time
1914.4 ± 16.9 ms - Apply f time
19127.3 ± 49.5 ms - Real f time 
6590.6 ± 74.8 ms - Add time
357.0 ±  3.5 ms - Find child
528.2 ±  6.2 ms - Add child
6052.6 ± 26.5 ms - Hash
3275.3 ± 44.3 ms - Map
3790.3 ± 18.6 ms - getState
8.22783
9.2128
12.0548
47859.8 ±  0.0 ms - Total time
32865.3 ±  0.0 ms - Build f time
2561.8 ± 17.4 ms - Apply f time
25557.6 ± 58.3 ms - Real f time 
9314.3 ± 526.4 ms - Add time
491.2 ±  6.5 ms - Find child
717.4 ±  6.6 ms - Add child
8038.4 ± 27.5 ms - Hash
4418.9 ± 47.3 ms - Map
5098.5 ± 19.3 ms - getState
Dag sizes: 3879113 2799896 2883442 3391477 
brutePieces time: 46.746
4178.7 ±  0.0 ms - Piece loop time
1426.5 ± 23.0 ms - Set time
2581.4 ± 24.2 ms - Child looking time
Nodes:  12953928
Pieces: 32
makePieces time: 4.1794
Memory: 446.0 + 707.2 + 414.5 + 341.5 + 132.0 MB
 39.8 ±  0.0 ms - Greedy fill time
composePieces time: 0.175563
                                                                                