Running only task # 110
Using max depth 23
 |                                        | 0 / 416 (0.0%)Function count: 142
0.100844
0.10871
0.101468
0.110437
0.109879
0.117973
0.09918
0.106884
0.101286
0.109444
0.108021
0.116429
0.117575
0.126402
 38.0 ±  0.0 ms - Piece loop time
 55.9 ± 38.9 ms - Set time
 29.0 ±  1.2 ms - Child looking time
0.103013
0.110903
0.196171
992.7 ±  0.0 ms - Total time
841.3 ±  0.0 ms - Build f time
 33.3 ±  0.7 ms - Apply f time
667.3 ±  5.6 ms - Real f time 
194.5 ± 22.2 ms - Add time
  6.1 ±  0.3 ms - Find child
  6.8 ±  0.3 ms - Add child
178.8 ±  2.1 ms - Hash
123.6 ± 50.9 ms - Map
 42.3 ±  0.6 ms - getState
0.104866
0.113296
0.202464
1195.2 ±  0.0 ms - Total time
946.1 ±  0.0 ms - Build f time
 48.6 ±  0.8 ms - Apply f time
758.8 ±  5.9 ms - Real f time 
237.6 ± 22.2 ms - Add time
  9.7 ±  0.4 ms - Find child
 11.7 ±  0.4 ms - Add child
220.3 ±  2.2 ms - Hash
149.3 ± 51.0 ms - Map
 66.0 ±  0.7 ms - getState
0.122265
0.130673
0.241047
1436.3 ±  0.0 ms - Total time
1068.4 ±  0.0 ms - Build f time
 65.6 ±  0.9 ms - Apply f time
863.5 ±  6.3 ms - Real f time 
307.4 ± 25.7 ms - Add time
 13.1 ±  0.4 ms - Find child
 17.1 ±  0.5 ms - Add child
267.8 ±  2.2 ms - Hash
174.4 ± 51.1 ms - Map
 96.1 ±  0.9 ms - getState
0.105726
0.113715
0.210931
1647.3 ±  0.0 ms - Total time
1174.1 ±  0.0 ms - Build f time
 83.0 ±  1.0 ms - Apply f time
957.5 ±  6.5 ms - Real f time 
357.0 ± 25.7 ms - Add time
 17.4 ±  0.5 ms - Find child
 22.0 ±  0.5 ms - Add child
310.0 ±  2.4 ms - Hash
200.3 ± 51.0 ms - Map
120.5 ±  1.0 ms - getState
0.106953
0.115567
0.204461
1851.8 ±  0.0 ms - Total time
1281.1 ±  0.0 ms - Build f time
 98.1 ±  1.1 ms - Apply f time
1053.2 ±  7.5 ms - Real f time 
402.7 ± 25.7 ms - Add time
 21.1 ±  0.5 ms - Find child
 26.8 ±  0.6 ms - Add child
350.1 ±  2.5 ms - Hash
223.5 ± 51.0 ms - Map
141.7 ±  1.0 ms - getState
0.112346
0.121331
0.216626
2068.5 ±  0.0 ms - Total time
1393.4 ±  0.0 ms - Build f time
113.7 ±  1.2 ms - Apply f time
1147.7 ±  7.8 ms - Real f time 
453.0 ± 25.7 ms - Add time
 24.4 ±  0.6 ms - Find child
 31.3 ±  0.6 ms - Add child
396.6 ±  2.6 ms - Hash
245.1 ± 51.0 ms - Map
166.1 ±  1.1 ms - getState
0.122231
0.13148
0.231475
2300.0 ±  0.0 ms - Total time
1515.6 ±  0.0 ms - Build f time
130.4 ±  1.3 ms - Apply f time
1252.1 ±  8.1 ms - Real f time 
506.9 ± 25.7 ms - Add time
 28.3 ±  0.6 ms - Find child
 35.8 ±  0.7 ms - Add child
446.8 ±  2.6 ms - Hash
266.3 ± 51.0 ms - Map
191.1 ±  1.2 ms - getState
Dag sizes: 114494 113856 114281 114356 113869 114650 125990 
brutePieces time: 1.50941
118.3 ±  0.0 ms - Piece loop time
 66.3 ± 42.3 ms - Set time
 85.9 ±  1.6 ms - Child looking time
Nodes:  811496
Pieces: 122821
makePieces time: 0.119809
Memory: 14.3 + 30.9 + 26.0 + 42.3 + 8.3 MB
 45.5 ±  1.2 ms - Greedy fill time
composePieces time: 3.82311
                                                                                