Running only task # 164
Using max depth 33
 |                                        | 0 / 416 (0.0%)Function count: 142
0.0231707
0.0258035
0.0231101
0.0255655
0.0225992
0.0248992
0.0162414
0.0177406
0.0187421
0.0207606
0.0194901
0.0214399
0.017687
0.0195305
0.0162709
0.0178052
0.0153491
0.0169613
 33.0 ±  0.0 ms - Piece loop time
 39.8 ± 36.3 ms - Set time
 30.0 ±  1.7 ms - Child looking time
0.0291975
0.032022
0.0447683
235.5 ±  0.0 ms - Total time
201.9 ±  0.0 ms - Build f time
 11.1 ±  0.3 ms - Apply f time
190.6 ±  1.6 ms - Real f time 
 47.3 ±  2.9 ms - Add time
  2.3 ±  0.2 ms - Find child
  3.1 ±  0.2 ms - Add child
 34.5 ±  0.6 ms - Hash
 70.1 ± 40.3 ms - Map
  9.6 ±  0.3 ms - getState
0.0312929
0.0341767
0.0478981
283.4 ±  0.0 ms - Total time
233.1 ±  0.0 ms - Build f time
 15.5 ±  0.4 ms - Apply f time
221.0 ±  1.7 ms - Real f time 
 57.1 ±  2.9 ms - Add time
  3.8 ±  0.2 ms - Find child
  5.1 ±  0.3 ms - Add child
 41.7 ±  0.7 ms - Hash
 95.1 ± 43.8 ms - Map
 13.6 ±  0.4 ms - getState
0.0277268
0.030354
0.0427292
326.3 ±  0.0 ms - Total time
260.9 ±  0.0 ms - Build f time
 19.6 ±  0.5 ms - Apply f time
248.1 ±  1.8 ms - Real f time 
 66.5 ±  2.9 ms - Add time
  5.2 ±  0.3 ms - Find child
  7.0 ±  0.3 ms - Add child
 48.5 ±  0.8 ms - Hash
102.1 ± 43.8 ms - Map
 17.3 ±  0.4 ms - getState
0.0228111
0.0249834
0.0355013
361.9 ±  0.0 ms - Total time
283.7 ±  0.0 ms - Build f time
 23.0 ±  0.5 ms - Apply f time
271.5 ±  1.9 ms - Real f time 
 74.6 ±  3.0 ms - Add time
  6.4 ±  0.3 ms - Find child
  8.4 ±  0.3 ms - Add child
 53.9 ±  0.8 ms - Hash
108.0 ± 43.9 ms - Map
 20.2 ±  0.4 ms - getState
0.0273447
0.0301424
0.0429107
404.8 ±  0.0 ms - Total time
311.0 ±  0.0 ms - Build f time
 26.9 ±  0.5 ms - Apply f time
298.2 ±  2.0 ms - Real f time 
 83.8 ±  3.0 ms - Add time
  7.6 ±  0.3 ms - Find child
 10.4 ±  0.4 ms - Add child
 60.9 ±  0.8 ms - Hash
115.3 ± 43.9 ms - Map
 23.9 ±  0.5 ms - getState
0.0279565
0.0306901
0.0440814
448.9 ±  0.0 ms - Total time
339.0 ±  0.0 ms - Build f time
 31.2 ±  0.6 ms - Apply f time
325.7 ±  2.1 ms - Real f time 
 93.4 ±  3.0 ms - Add time
  9.1 ±  0.3 ms - Find child
 12.1 ±  0.4 ms - Add child
 68.1 ±  0.9 ms - Hash
123.2 ± 43.9 ms - Map
 27.5 ±  0.5 ms - getState
0.0258595
0.0292794
0.041105
490.1 ±  0.0 ms - Total time
364.8 ±  0.0 ms - Build f time
 34.9 ±  0.6 ms - Apply f time
350.9 ±  2.2 ms - Real f time 
102.3 ±  3.0 ms - Add time
 10.4 ±  0.4 ms - Find child
 14.1 ±  0.4 ms - Add child
 74.7 ±  0.9 ms - Hash
129.6 ± 43.9 ms - Map
 30.8 ±  0.5 ms - getState
0.022919
0.0250369
0.0353771
525.5 ±  0.0 ms - Total time
387.8 ±  0.0 ms - Build f time
 38.3 ±  0.6 ms - Apply f time
373.9 ±  2.3 ms - Real f time 
110.2 ±  3.1 ms - Add time
 11.6 ±  0.4 ms - Find child
 15.8 ±  0.5 ms - Add child
 80.5 ±  1.0 ms - Hash
135.3 ± 43.9 ms - Map
 33.9 ±  0.6 ms - getState
0.0200023
0.0216481
0.0294799
555.0 ±  0.0 ms - Total time
407.8 ±  0.0 ms - Build f time
 41.0 ±  0.7 ms - Apply f time
393.6 ±  2.3 ms - Real f time 
116.8 ±  3.1 ms - Add time
 12.5 ±  0.4 ms - Find child
 16.9 ±  0.5 ms - Add child
 85.6 ±  1.0 ms - Hash
139.5 ± 43.9 ms - Map
 36.2 ±  0.6 ms - getState
Dag sizes: 43485 41900 40534 32581 39572 38900 37060 32659 26801 
brutePieces time: 0.370916
 95.2 ±  0.0 ms - Piece loop time
 49.2 ± 35.5 ms - Set time
 74.6 ±  1.6 ms - Child looking time
Nodes:  333492
Pieces: 53348
makePieces time: 0.0962342
Memory: 1.6 + 17.0 + 10.7 + 43.1 + 5.1 MB
  9.1 ±  0.0 ms - Greedy fill time
composePieces time: 0.366581
                                                                                