Running only task # 132
Using max depth 3
 |                                        | 0 / 416 (0.0%)Function count: 142
0.0796317
0.0855819
0.0670945
0.0717849
0.174628
0.187329
0.0891029
0.0965649
0.108032
0.115177
0.185751
0.199713
 30.9 ±  0.0 ms - Piece loop time
 44.3 ± 37.0 ms - Set time
 25.2 ±  1.0 ms - Child looking time
0.0824087
0.088636
0.169475
925.8 ±  0.0 ms - Total time
786.6 ±  0.0 ms - Build f time
 30.9 ±  0.8 ms - Apply f time
628.6 ±  7.6 ms - Real f time 
153.9 ±  4.3 ms - Add time
  5.3 ±  0.3 ms - Find child
  6.6 ±  0.3 ms - Add child
161.2 ±  1.5 ms - Hash
101.9 ± 47.1 ms - Map
 34.6 ±  0.8 ms - getState
0.0670627
0.0717062
0.131409
1057.3 ±  0.0 ms - Total time
853.7 ±  0.0 ms - Build f time
 41.7 ±  0.9 ms - Apply f time
689.8 ±  7.8 ms - Real f time 
185.6 ±  4.4 ms - Add time
  8.3 ±  0.3 ms - Find child
 10.2 ±  0.4 ms - Add child
188.5 ±  1.6 ms - Hash
113.4 ± 47.1 ms - Map
 49.3 ±  0.9 ms - getState
0.173102
0.185494
0.431582
1488.9 ±  0.0 ms - Total time
1026.8 ±  0.0 ms - Build f time
 70.0 ±  1.1 ms - Apply f time
835.7 ±  8.4 ms - Real f time 
311.8 ±  5.4 ms - Add time
 13.0 ±  0.4 ms - Find child
 16.9 ±  0.5 ms - Add child
289.0 ±  1.9 ms - Hash
139.4 ± 47.1 ms - Map
102.2 ±  1.1 ms - getState
0.0906473
0.0973179
0.194124
1683.1 ±  0.0 ms - Total time
1117.5 ±  0.0 ms - Build f time
 85.8 ±  1.2 ms - Apply f time
919.5 ±  8.7 ms - Real f time 
360.3 ±  5.5 ms - Add time
 16.9 ±  0.5 ms - Find child
 22.1 ±  0.5 ms - Add child
327.8 ±  2.0 ms - Hash
158.5 ± 47.1 ms - Map
123.7 ±  1.2 ms - getState
0.109404
0.11654
0.250754
1933.9 ±  0.0 ms - Total time
1226.9 ±  0.0 ms - Build f time
104.1 ±  1.4 ms - Apply f time
1017.5 ±  8.9 ms - Real f time 
424.6 ±  5.6 ms - Add time
 21.2 ±  0.5 ms - Find child
 27.1 ±  0.6 ms - Add child
384.3 ±  2.1 ms - Hash
178.5 ± 47.1 ms - Map
153.5 ±  1.3 ms - getState
0.195613
0.209223
0.481906
2415.8 ±  0.0 ms - Total time
1422.5 ±  0.0 ms - Build f time
135.3 ±  1.5 ms - Apply f time
1181.5 ±  9.8 ms - Real f time 
560.4 ±  6.0 ms - Add time
 26.5 ±  0.6 ms - Find child
 34.2 ±  0.7 ms - Add child
503.2 ±  2.9 ms - Hash
206.7 ± 47.1 ms - Map
212.7 ±  1.5 ms - getState
Dag sizes: 125036 95348 163757 143038 135692 181769 
brutePieces time: 1.66403
109.9 ±  0.0 ms - Piece loop time
 62.5 ± 36.7 ms - Set time
 82.4 ±  3.2 ms - Child looking time
Nodes:  844640
Pieces: 148124
makePieces time: 0.111236
Memory: 21.9 + 30.1 + 27.0 + 38.7 + 8.4 MB
 57.5 ±  9.8 ms - Greedy fill time
composePieces time: 4.47223
                                                                                