Running only task # 391
Using max depth 23
 |                                        | 0 / 416 (0.0%)Function count: 142
0.054721
0.0624433
0.0585072
0.0661467
0.101862
0.116976
0.0543458
0.0616435
0.0580681
0.0655456
0.114681
0.130285
0.115487
0.132159
 44.8 ±  0.0 ms - Piece loop time
 43.5 ± 36.3 ms - Set time
 37.9 ±  3.0 ms - Child looking time
0.0555617
0.0625393
0.106927
742.4 ±  0.0 ms - Total time
613.2 ±  0.0 ms - Build f time
 49.2 ±  6.4 ms - Apply f time
554.3 ±  4.6 ms - Real f time 
151.5 ±  4.4 ms - Add time
  6.6 ±  0.3 ms - Find child
  8.5 ±  0.3 ms - Add child
 73.9 ±  2.4 ms - Hash
104.1 ± 42.1 ms - Map
 40.9 ±  0.7 ms - getState
0.055935
0.0632967
0.111777
854.2 ±  0.0 ms - Total time
669.2 ±  0.0 ms - Build f time
 63.2 ±  6.4 ms - Apply f time
615.1 ±  4.7 ms - Real f time 
179.0 ±  4.5 ms - Add time
 11.5 ±  0.4 ms - Find child
 15.1 ±  0.4 ms - Add child
 89.2 ±  2.4 ms - Hash
120.5 ± 42.1 ms - Map
 54.1 ±  0.8 ms - getState
0.104484
0.123656
0.215265
1069.5 ±  0.0 ms - Total time
773.6 ±  0.0 ms - Build f time
 88.6 ±  6.5 ms - Apply f time
721.2 ±  5.1 ms - Real f time 
232.2 ±  4.6 ms - Add time
 18.8 ±  0.5 ms - Find child
 24.2 ±  0.5 ms - Add child
118.0 ±  2.5 ms - Hash
146.5 ± 42.2 ms - Map
 79.5 ±  1.0 ms - getState
0.0541477
0.0615464
0.110076
1179.6 ±  0.0 ms - Total time
827.8 ±  0.0 ms - Build f time
102.6 ±  6.5 ms - Apply f time
776.5 ±  5.2 ms - Real f time 
259.7 ±  4.7 ms - Add time
 23.7 ±  0.5 ms - Find child
 30.2 ±  0.6 ms - Add child
132.6 ±  2.5 ms - Hash
164.9 ± 42.2 ms - Map
 91.0 ±  1.1 ms - getState
0.0631139
0.0706792
0.12214
1301.8 ±  0.0 ms - Total time
890.9 ±  0.0 ms - Build f time
118.4 ±  6.5 ms - Apply f time
840.9 ±  5.4 ms - Real f time 
290.2 ±  4.7 ms - Add time
 28.6 ±  0.6 ms - Find child
 36.8 ±  0.7 ms - Add child
149.4 ±  2.6 ms - Hash
181.9 ± 42.1 ms - Map
105.3 ±  2.9 ms - getState
0.112952
0.128355
0.21518
1517.0 ±  0.0 ms - Total time
1003.9 ±  0.0 ms - Build f time
141.1 ±  6.5 ms - Apply f time
958.9 ±  5.7 ms - Real f time 
343.5 ±  5.1 ms - Add time
 35.7 ±  0.8 ms - Find child
 45.5 ±  0.8 ms - Add child
177.7 ±  2.6 ms - Hash
204.4 ± 42.2 ms - Map
129.8 ±  2.9 ms - getState
0.114215
0.131214
0.234279
1751.3 ±  0.0 ms - Total time
1118.1 ±  0.0 ms - Build f time
165.5 ±  6.5 ms - Apply f time
1081.6 ±  6.1 ms - Real f time 
401.3 ±  5.4 ms - Add time
 43.2 ±  1.0 ms - Find child
 54.7 ±  0.8 ms - Add child
206.5 ±  2.7 ms - Hash
235.7 ± 42.1 ms - Map
157.4 ±  3.0 ms - getState
Dag sizes: 104903 106803 171928 104768 106962 176452 187164 
brutePieces time: 1.12023
181.7 ±  0.0 ms - Piece loop time
 81.3 ± 42.3 ms - Set time
131.3 ±  2.0 ms - Child looking time
Nodes:  958980
Pieces: 173831
makePieces time: 0.183498
Memory: 8.1 + 37.1 + 30.7 + 44.7 + 11.3 MB
 33.4 ±  0.0 ms - Greedy fill time
composePieces time: 1.30126
                                                                                