Running only task # 117
Using max depth 4
 |                                        | 0 / 416 (0.0%)Function count: 142
0.201931
0.218289
0.228887
0.246989
0.259422
0.280466
0.322708
0.348999
 29.2 ±  0.0 ms - Piece loop time
 48.4 ± 40.7 ms - Set time
 21.8 ±  1.3 ms - Child looking time
5.93163
6.41329
9.76959
10864.5 ±  0.0 ms - Total time
6944.6 ±  0.0 ms - Build f time
586.1 ±  3.9 ms - Apply f time
5418.0 ± 31.5 ms - Real f time 
2007.3 ± 32.4 ms - Add time
122.3 ±  1.9 ms - Find child
170.7 ±  1.9 ms - Add child
2314.1 ± 17.6 ms - Hash
1112.4 ± 41.2 ms - Map
910.7 ±  4.3 ms - getState
6.443
7.0162
10.1744
21038.9 ±  0.0 ms - Total time
13387.6 ±  0.0 ms - Build f time
1168.4 ±  5.6 ms - Apply f time
10517.5 ± 42.1 ms - Real f time 
4024.2 ± 157.3 ms - Add time
229.6 ±  2.2 ms - Find child
313.1 ±  2.7 ms - Add child
4470.8 ± 19.8 ms - Hash
2196.5 ± 190.3 ms - Map
1854.0 ± 18.4 ms - getState
7.60578
8.22542
12.7852
33824.2 ±  0.0 ms - Total time
20993.3 ±  0.0 ms - Build f time
1876.3 ±  6.7 ms - Apply f time
16354.9 ± 56.2 ms - Real f time 
6472.1 ± 159.3 ms - Add time
383.6 ± 20.2 ms - Find child
495.1 ±  3.2 ms - Add child
7428.2 ± 26.5 ms - Hash
3301.9 ± 191.1 ms - Map
3038.3 ± 19.1 ms - getState
9.85442
10.6544
16.3963
50220.6 ±  0.0 ms - Total time
30847.8 ±  0.0 ms - Build f time
2729.1 ±  8.9 ms - Apply f time
24131.6 ± 91.8 ms - Real f time 
9579.0 ± 162.1 ms - Add time
535.0 ± 25.0 ms - Find child
695.8 ±  7.3 ms - Add child
11330.7 ± 42.2 ms - Hash
4567.2 ± 192.9 ms - Map
4522.5 ± 20.5 ms - getState
Dag sizes: 2921983 2493723 3218184 3436527 
brutePieces time: 49.1271
4392.8 ±  0.0 ms - Piece loop time
1512.9 ± 23.8 ms - Set time
2716.0 ± 12.1 ms - Child looking time
Nodes:  12070417
Pieces: 1939848
makePieces time: 4.39999
Memory: 475.0 + 565.2 + 386.3 + 310.6 + 144.2 MB
 45.5 ±  0.0 ms - Greedy fill time
composePieces time: 6.17463
                                                                                