Running only task # 236
Using max depth 3
 |                                        | 0 / 416 (0.0%)Function count: 142
0.0737183
0.0793366
0.121165
0.130059
0.183314
0.193919
0.180095
0.192076
0.280154
0.295867
 26.1 ±  0.0 ms - Piece loop time
 47.9 ± 42.0 ms - Set time
 20.2 ±  0.9 ms - Child looking time
0.0757672
0.0812348
0.167074
1058.5 ±  0.0 ms - Total time
914.2 ±  0.0 ms - Build f time
 28.8 ±  0.8 ms - Apply f time
692.1 ± 23.2 ms - Real f time 
186.3 ±  5.6 ms - Add time
  4.5 ±  0.2 ms - Find child
  6.4 ±  0.3 ms - Add child
199.4 ±  1.8 ms - Hash
 88.2 ± 34.7 ms - Map
 38.7 ±  1.1 ms - getState
0.126498
0.138287
0.352055
1410.6 ±  0.0 ms - Total time
1040.7 ±  0.0 ms - Build f time
 60.3 ±  1.0 ms - Apply f time
807.4 ± 23.3 ms - Real f time 
282.8 ±  5.9 ms - Add time
 10.0 ±  0.4 ms - Find child
 14.9 ±  0.4 ms - Add child
272.3 ±  2.0 ms - Hash
123.1 ± 34.8 ms - Map
 87.5 ±  1.3 ms - getState
0.177888
0.188532
0.451727
1862.4 ±  0.0 ms - Total time
1218.6 ±  0.0 ms - Build f time
 87.9 ±  1.1 ms - Apply f time
953.1 ± 23.5 ms - Real f time 
406.5 ±  6.9 ms - Add time
 14.9 ±  0.4 ms - Find child
 21.8 ±  0.5 ms - Add child
383.6 ±  2.3 ms - Hash
157.3 ± 34.9 ms - Map
143.8 ±  2.0 ms - getState
0.192555
0.204522
0.48899
2351.4 ±  0.0 ms - Total time
1411.1 ±  0.0 ms - Build f time
119.2 ±  1.3 ms - Apply f time
1112.0 ± 23.8 ms - Real f time 
540.1 ±  7.4 ms - Add time
 20.6 ±  0.5 ms - Find child
 29.3 ±  0.6 ms - Add child
501.7 ±  2.6 ms - Hash
194.3 ± 34.9 ms - Map
212.4 ±  7.2 ms - getState
0.296072
0.311569
0.835282
3186.8 ±  0.0 ms - Total time
1707.2 ±  0.0 ms - Build f time
159.3 ±  1.4 ms - Apply f time
1344.1 ± 25.5 ms - Real f time 
800.3 ±  8.6 ms - Add time
 25.4 ±  0.6 ms - Find child
 37.0 ±  0.7 ms - Add child
716.1 ±  3.5 ms - Hash
230.0 ± 34.9 ms - Map
326.2 ±  7.3 ms - getState
Dag sizes: 108372 160579 163932 176741 176524 
brutePieces time: 2.29915
116.6 ±  0.0 ms - Piece loop time
104.0 ± 72.4 ms - Set time
 80.6 ±  1.8 ms - Child looking time
Nodes:  786148
Pieces: 138409
makePieces time: 0.118717
Memory: 34.1 + 27.4 + 25.2 + 33.5 + 6.9 MB
148.1 ± 27.1 ms - Greedy fill time
composePieces time: 4.08013
                                                                                