Running only task # 311
Using max depth 33
 |                                        | 0 / 416 (0.0%)Function count: 142
0.132518
0.142372
0.0754685
0.0814663
0.0974844
0.104737
0.117747
0.125953
0.130897
0.140536
0.0754071
0.0814594
0.103143
0.110697
0.118524
0.12706
0.114021
0.122352
 40.3 ±  0.0 ms - Piece loop time
 48.8 ± 42.0 ms - Set time
 31.8 ±  1.4 ms - Child looking time
0.131804
0.14087
0.311819
1348.9 ±  0.0 ms - Total time
1097.0 ±  0.0 ms - Build f time
 45.0 ±  0.9 ms - Apply f time
837.5 ±  7.5 ms - Real f time 
253.3 ± 10.5 ms - Add time
  5.7 ±  0.3 ms - Find child
  8.2 ±  0.3 ms - Add child
239.9 ±  1.4 ms - Hash
135.6 ± 42.8 ms - Map
 62.8 ±  1.2 ms - getState
0.0795657
0.0852956
0.162203
1511.2 ±  0.0 ms - Total time
1176.6 ±  0.0 ms - Build f time
 57.1 ±  1.0 ms - Apply f time
909.1 ±  7.9 ms - Real f time 
292.1 ± 10.5 ms - Add time
  8.5 ±  0.3 ms - Find child
 12.4 ±  0.4 ms - Add child
275.1 ±  1.4 ms - Hash
152.3 ± 42.9 ms - Map
 81.7 ±  1.2 ms - getState
0.0984129
0.105396
0.216212
1727.4 ±  0.0 ms - Total time
1275.0 ±  0.0 ms - Build f time
 73.3 ±  1.1 ms - Apply f time
1003.0 ±  9.6 ms - Real f time 
346.4 ± 10.5 ms - Add time
 11.9 ±  0.4 ms - Find child
 17.0 ±  0.5 ms - Add child
323.2 ±  1.6 ms - Hash
170.3 ± 42.9 ms - Map
107.9 ±  1.3 ms - getState
0.127733
0.13586
0.280735
2008.2 ±  0.0 ms - Total time
1402.7 ±  0.0 ms - Build f time
 93.4 ±  1.2 ms - Apply f time
1111.7 ± 10.1 ms - Real f time 
430.9 ± 16.4 ms - Add time
 15.7 ±  0.4 ms - Find child
 22.6 ±  0.5 ms - Add child
389.1 ±  4.6 ms - Hash
191.7 ± 43.0 ms - Map
141.7 ±  1.4 ms - getState
0.132315
0.141645
0.301168
2309.4 ±  0.0 ms - Total time
1535.0 ±  0.0 ms - Build f time
115.0 ±  1.4 ms - Apply f time
1226.2 ± 10.3 ms - Real f time 
507.6 ± 16.4 ms - Add time
 20.1 ±  0.5 ms - Find child
 28.9 ±  0.6 ms - Add child
457.7 ±  4.6 ms - Hash
211.7 ± 42.9 ms - Map
179.2 ±  1.7 ms - getState
0.0751537
0.0808218
0.159122
2468.5 ±  0.0 ms - Total time
1610.2 ±  0.0 ms - Build f time
127.1 ±  1.4 ms - Apply f time
1294.3 ± 10.4 ms - Real f time 
549.6 ± 16.6 ms - Add time
 22.9 ±  0.5 ms - Find child
 32.5 ±  0.6 ms - Add child
493.0 ±  4.6 ms - Hash
223.8 ± 42.9 ms - Map
197.0 ±  1.7 ms - getState
0.0976097
0.104587
0.211901
2680.5 ±  0.0 ms - Total time
1707.8 ±  0.0 ms - Build f time
143.0 ±  1.5 ms - Apply f time
1380.4 ± 10.7 ms - Real f time 
607.7 ± 16.7 ms - Add time
 26.4 ±  0.6 ms - Find child
 37.4 ±  0.7 ms - Add child
541.4 ±  4.7 ms - Hash
239.9 ± 43.0 ms - Map
221.9 ±  1.8 ms - getState
0.115544
0.123461
0.267992
2948.5 ±  0.0 ms - Total time
1823.3 ±  0.0 ms - Build f time
162.3 ±  1.6 ms - Apply f time
1477.8 ± 10.9 ms - Real f time 
680.0 ± 16.8 ms - Add time
 30.2 ±  0.6 ms - Find child
 42.7 ±  0.7 ms - Add child
602.4 ±  4.7 ms - Hash
304.2 ± 62.2 ms - Map
255.6 ±  1.8 ms - getState
0.115066
0.12354
0.265422
3214.0 ±  0.0 ms - Total time
1938.4 ±  0.0 ms - Build f time
182.4 ±  1.6 ms - Apply f time
1578.6 ± 11.4 ms - Real f time 
750.3 ± 16.8 ms - Add time
 34.4 ±  0.7 ms - Find child
 48.5 ±  0.8 ms - Add child
660.6 ±  4.7 ms - Hash
325.3 ± 62.2 ms - Map
288.7 ±  1.9 ms - getState
Dag sizes: 142992 92937 119413 130624 146376 93032 117930 130273 137872 
brutePieces time: 2.18396
150.8 ±  0.0 ms - Piece loop time
 73.0 ± 43.8 ms - Set time
115.7 ±  2.7 ms - Child looking time
Nodes:  1111449
Pieces: 123931
makePieces time: 0.152397
Memory: 26.9 + 40.3 + 35.6 + 55.5 + 9.8 MB
141.7 ± 26.4 ms - Greedy fill time
composePieces time: 4.84899
                                                                                