Running only task # 86
Using max depth 33
 |                                        | 0 / 416 (0.0%)Function count: 142
0.00713229
0.00759768
0.00567424
0.00591875
0.00906169
0.00950728
0.00938492
0.00987957
0.00709323
0.00741101
0.00541621
0.00566104
0.0125694
0.0132918
0.010785
0.011249
0.00874939
0.0091897
 28.5 ±  0.0 ms - Piece loop time
 42.9 ± 41.2 ms - Set time
 26.4 ±  1.2 ms - Child looking time
0.00704894
0.00735474
0.0077
 87.5 ±  0.0 ms - Total time
 82.9 ±  0.0 ms - Build f time
  1.7 ±  0.1 ms - Apply f time
 81.4 ±  1.1 ms - Real f time 
 14.2 ±  0.7 ms - Add time
  0.5 ±  0.1 ms - Find child
  0.9 ±  0.5 ms - Add child
 15.1 ±  0.4 ms - Hash
 49.7 ± 39.4 ms - Map
  2.0 ±  0.1 ms - getState
0.00551324
0.00576423
0.00604382
 93.6 ±  0.0 ms - Total time
 88.4 ±  0.0 ms - Build f time
  1.9 ±  0.1 ms - Apply f time
 87.0 ±  1.2 ms - Real f time 
 15.3 ±  0.7 ms - Add time
  0.6 ±  0.1 ms - Find child
  1.0 ±  0.5 ms - Add child
 16.1 ±  0.4 ms - Hash
 50.6 ± 39.5 ms - Map
  2.2 ±  0.1 ms - getState
0.00941501
0.00982426
0.0102324
103.8 ±  0.0 ms - Total time
 97.8 ±  0.0 ms - Build f time
  2.2 ±  0.1 ms - Apply f time
 96.0 ±  1.2 ms - Real f time 
 17.4 ±  0.8 ms - Add time
  0.7 ±  0.1 ms - Find child
  1.2 ±  0.5 ms - Add child
 18.6 ±  0.8 ms - Hash
 51.7 ± 39.5 ms - Map
  2.4 ±  0.2 ms - getState
0.00948423
0.0099342
0.0103958
114.2 ±  0.0 ms - Total time
107.3 ±  0.0 ms - Build f time
  2.5 ±  0.2 ms - Apply f time
106.6 ±  1.2 ms - Real f time 
 19.9 ±  1.1 ms - Add time
  0.8 ±  0.1 ms - Find child
  1.4 ±  0.5 ms - Add child
 20.5 ±  0.8 ms - Hash
 52.8 ± 39.4 ms - Map
  2.6 ±  0.2 ms - getState
0.0071221
0.00743951
0.00779815
122.0 ±  0.0 ms - Total time
114.4 ±  0.0 ms - Build f time
  2.9 ±  0.2 ms - Apply f time
114.0 ±  1.3 ms - Real f time 
 21.0 ±  1.1 ms - Add time
  0.9 ±  0.1 ms - Find child
  1.5 ±  0.5 ms - Add child
 21.9 ±  0.8 ms - Hash
 53.8 ± 39.4 ms - Map
  2.9 ±  0.2 ms - getState
0.00568273
0.00594868
0.00626794
128.3 ±  0.0 ms - Total time
120.1 ±  0.0 ms - Build f time
  3.0 ±  0.2 ms - Apply f time
119.8 ±  1.3 ms - Real f time 
 22.1 ±  1.1 ms - Add time
  1.0 ±  0.1 ms - Find child
  1.6 ±  0.5 ms - Add child
 23.0 ±  0.8 ms - Hash
 54.5 ± 39.4 ms - Map
  3.1 ±  0.2 ms - getState
0.00955277
0.0099999
0.0104872
138.8 ±  0.0 ms - Total time
129.7 ±  0.0 ms - Build f time
  3.4 ±  0.2 ms - Apply f time
129.3 ±  1.3 ms - Real f time 
 25.6 ±  2.1 ms - Add time
  1.1 ±  0.1 ms - Find child
  2.1 ±  0.6 ms - Add child
 24.9 ±  0.8 ms - Hash
 55.7 ± 39.3 ms - Map
  3.4 ±  0.2 ms - getState
0.00930073
0.00974658
0.0102126
149.0 ±  0.0 ms - Total time
139.0 ±  0.0 ms - Build f time
  3.8 ±  0.2 ms - Apply f time
138.8 ±  1.4 ms - Real f time 
 27.2 ±  2.1 ms - Add time
  1.2 ±  0.1 ms - Find child
  2.3 ±  0.6 ms - Add child
 26.7 ±  0.8 ms - Hash
 57.0 ± 39.4 ms - Map
  3.7 ±  0.2 ms - getState
0.00893931
0.00937078
0.00989296
158.9 ±  0.0 ms - Total time
147.9 ±  0.0 ms - Build f time
  4.1 ±  0.2 ms - Apply f time
147.7 ±  1.4 ms - Real f time 
 28.7 ±  2.1 ms - Add time
  1.3 ±  0.1 ms - Find child
  2.5 ±  0.6 ms - Add child
 28.4 ±  0.8 ms - Hash
 58.1 ± 39.4 ms - Map
  4.0 ±  0.2 ms - getState
Dag sizes: 3390 2716 4205 4368 3386 2698 4344 4267 4447 
brutePieces time: 0.0860311
 31.6 ±  0.0 ms - Piece loop time
 39.5 ± 37.4 ms - Set time
 29.5 ±  1.3 ms - Child looking time
Nodes:  33821
Pieces: 5750
makePieces time: 0.0324459
Memory: 0.2 + 5.2 + 1.1 + 38.3 + 0.9 MB
  0.4 ±  0.0 ms - Greedy fill time
composePieces time: 0.0209878
                                                                                