Running only task # 280
Using max depth 33
 |                                        | 0 / 416 (0.0%)Function count: 142
0.101907
0.111053
0.0535512
0.0580213
0.0577961
0.0626994
0.0553587
0.0601072
0.102764
0.111081
0.0530169
0.0574438
0.0578493
0.0626701
0.0559801
0.0607992
0.0595984
0.0644209
 53.9 ±  0.0 ms - Piece loop time
 50.6 ± 42.7 ms - Set time
 44.7 ±  1.8 ms - Child looking time
0.10317
0.111617
0.184471
833.0 ±  0.0 ms - Total time
701.0 ±  0.0 ms - Build f time
 30.2 ±  0.6 ms - Apply f time
573.6 ±  4.8 ms - Real f time 
154.4 ±  8.3 ms - Add time
  5.8 ±  0.9 ms - Find child
  6.6 ±  0.3 ms - Add child
147.7 ±  2.8 ms - Hash
105.5 ± 37.5 ms - Map
 35.1 ±  0.5 ms - getState
0.0544696
0.0589379
0.0929278
925.9 ±  0.0 ms - Total time
755.5 ±  0.0 ms - Build f time
 38.7 ±  0.7 ms - Apply f time
623.6 ±  4.9 ms - Real f time 
173.0 ±  8.3 ms - Add time
  7.9 ±  0.9 ms - Find child
  9.3 ±  0.4 ms - Add child
164.8 ±  2.9 ms - Hash
120.4 ± 37.6 ms - Map
 44.2 ±  0.6 ms - getState
0.0638723
0.0687021
0.106331
1032.3 ±  0.0 ms - Total time
819.3 ±  0.0 ms - Build f time
 47.0 ±  0.8 ms - Apply f time
681.1 ±  5.0 ms - Real f time 
194.2 ±  8.4 ms - Add time
 10.4 ±  0.9 ms - Find child
 12.6 ±  0.4 ms - Add child
183.2 ±  2.9 ms - Hash
135.5 ± 37.6 ms - Map
 53.8 ±  0.7 ms - getState
0.0596052
0.0646367
0.102753
1135.1 ±  0.0 ms - Total time
878.9 ±  0.0 ms - Build f time
 55.7 ±  0.9 ms - Apply f time
736.2 ±  5.2 ms - Real f time 
219.1 ±  9.4 ms - Add time
 12.8 ±  1.0 ms - Find child
 15.9 ±  0.5 ms - Add child
201.6 ±  3.0 ms - Hash
151.9 ± 37.6 ms - Map
 63.3 ±  0.7 ms - getState
0.105172
0.113826
0.194399
1329.6 ±  0.0 ms - Total time
984.1 ±  0.0 ms - Build f time
 69.0 ±  1.0 ms - Apply f time
824.5 ±  5.6 ms - Real f time 
263.5 ±  9.5 ms - Add time
 15.9 ±  1.0 ms - Find child
 19.9 ±  0.5 ms - Add child
242.9 ±  3.0 ms - Hash
171.4 ± 37.6 ms - Map
 87.2 ±  1.7 ms - getState
0.064983
0.069609
0.111574
1441.2 ±  0.0 ms - Total time
1049.1 ±  0.0 ms - Build f time
 77.3 ±  1.0 ms - Apply f time
880.3 ±  5.8 ms - Real f time 
284.3 ±  9.5 ms - Add time
 18.1 ±  1.0 ms - Find child
 22.6 ±  0.5 ms - Add child
260.9 ±  3.1 ms - Hash
187.1 ± 37.6 ms - Map
 98.1 ±  1.7 ms - getState
0.0600151
0.064991
0.103286
1544.6 ±  0.0 ms - Total time
1109.1 ±  0.0 ms - Build f time
 85.8 ±  1.0 ms - Apply f time
935.0 ±  6.0 ms - Real f time 
305.0 ±  9.6 ms - Add time
 20.7 ±  1.0 ms - Find child
 26.0 ±  0.6 ms - Add child
279.1 ±  3.1 ms - Hash
203.4 ± 37.6 ms - Map
107.5 ±  1.8 ms - getState
0.0588778
0.0638459
0.101219
1645.8 ±  0.0 ms - Total time
1168.0 ±  0.0 ms - Build f time
 94.4 ±  1.1 ms - Apply f time
987.2 ±  6.1 ms - Real f time 
324.7 ±  9.6 ms - Add time
 23.5 ±  1.0 ms - Find child
 29.1 ±  0.6 ms - Add child
296.1 ±  3.1 ms - Hash
219.5 ± 37.6 ms - Map
117.3 ±  1.8 ms - getState
0.0629645
0.0680368
0.109673
1755.6 ±  0.0 ms - Total time
1230.9 ±  0.0 ms - Build f time
104.1 ±  1.3 ms - Apply f time
1044.9 ±  6.3 ms - Real f time 
347.0 ±  9.6 ms - Add time
 25.8 ±  1.0 ms - Find child
 32.7 ±  0.7 ms - Add child
315.9 ±  3.1 ms - Hash
235.2 ± 37.5 ms - Map
128.1 ±  1.8 ms - getState
Dag sizes: 89262 66667 73468 73412 91296 65878 73379 72656 75867 
brutePieces time: 1.11462
162.1 ±  0.0 ms - Piece loop time
 70.4 ± 40.9 ms - Set time
118.5 ±  2.2 ms - Child looking time
Nodes:  681885
Pieces: 98988
makePieces time: 0.163653
Memory: 8.3 + 29.4 + 21.8 + 48.7 + 8.4 MB
 17.3 ±  3.9 ms - Greedy fill time
composePieces time: 1.5891
                                                                                