Running only task # 38
Using max depth 33
 |                                        | 0 / 416 (0.0%)Function count: 142
0.259891
0.284716
0.0481809
0.0512485
0.105799
0.114221
0.258756
0.282989
0.0471651
0.0502462
0.10557
0.113779
0.31947
0.350103
 75.8 ±  0.0 ms - Piece loop time
 54.2 ± 41.5 ms - Set time
 61.4 ±  1.5 ms - Child looking time
0.263024
0.286576
0.491408
1739.0 ±  0.0 ms - Total time
1407.9 ±  0.0 ms - Build f time
 63.7 ±  2.1 ms - Apply f time
1045.1 ± 25.4 ms - Real f time 
336.5 ±  4.7 ms - Add time
  6.7 ±  0.3 ms - Find child
  8.7 ±  0.3 ms - Add child
305.5 ±  1.9 ms - Hash
150.6 ± 38.7 ms - Map
107.2 ±  2.0 ms - getState
0.0478371
0.0507869
0.0685974
1807.7 ±  0.0 ms - Total time
1455.7 ±  0.0 ms - Build f time
 67.4 ±  2.1 ms - Apply f time
1086.4 ± 25.4 ms - Real f time 
349.8 ±  4.7 ms - Add time
  8.1 ±  0.3 ms - Find child
 10.1 ±  0.4 ms - Add child
319.0 ±  2.0 ms - Hash
158.3 ± 38.7 ms - Map
114.0 ±  2.1 ms - getState
0.108379
0.116396
0.181132
1988.8 ±  0.0 ms - Total time
1564.1 ±  0.0 ms - Build f time
 78.0 ±  2.2 ms - Apply f time
1174.5 ± 25.5 ms - Real f time 
387.5 ±  4.9 ms - Add time
 11.7 ±  0.8 ms - Find child
 13.8 ±  0.4 ms - Add child
355.8 ±  2.1 ms - Hash
197.4 ± 43.3 ms - Map
133.9 ±  2.2 ms - getState
0.255768
0.279893
0.490253
2479.1 ±  0.0 ms - Total time
1819.8 ±  0.0 ms - Build f time
105.4 ±  2.3 ms - Apply f time
1373.6 ± 25.7 ms - Real f time 
496.6 ±  5.2 ms - Add time
 16.4 ±  0.8 ms - Find child
 19.7 ±  0.5 ms - Add child
456.8 ±  2.3 ms - Hash
233.7 ± 43.2 ms - Map
203.8 ±  2.3 ms - getState
0.0484563
0.0514415
0.0694153
2548.6 ±  0.0 ms - Total time
1868.3 ±  0.0 ms - Build f time
109.7 ±  2.3 ms - Apply f time
1411.1 ± 25.8 ms - Real f time 
509.7 ±  5.2 ms - Add time
 17.6 ±  0.8 ms - Find child
 21.1 ±  0.5 ms - Add child
469.0 ±  2.4 ms - Hash
241.7 ± 43.2 ms - Map
210.4 ±  2.4 ms - getState
0.107535
0.11572
0.182337
2731.0 ±  0.0 ms - Total time
1975.8 ±  0.0 ms - Build f time
121.7 ±  2.3 ms - Apply f time
1501.2 ± 25.8 ms - Real f time 
547.3 ±  5.3 ms - Add time
 20.4 ±  0.8 ms - Find child
 24.4 ±  0.5 ms - Add child
504.6 ±  2.4 ms - Hash
261.2 ± 43.3 ms - Map
231.0 ±  2.5 ms - getState
0.316807
0.347056
0.612424
3343.4 ±  0.0 ms - Total time
2292.6 ±  0.0 ms - Build f time
156.4 ±  2.5 ms - Apply f time
1743.9 ± 26.5 ms - Real f time 
691.6 ±  5.9 ms - Add time
 25.7 ±  0.9 ms - Find child
 32.6 ±  0.8 ms - Add child
632.2 ±  3.0 ms - Hash
300.6 ± 43.2 ms - Map
324.7 ±  2.9 ms - getState
Dag sizes: 170200 32120 90415 171520 32229 89472 190758 
brutePieces time: 2.10016
177.6 ±  0.0 ms - Piece loop time
 70.6 ± 40.8 ms - Set time
142.6 ±  5.7 ms - Child looking time
Nodes:  776714
Pieces: 138831
makePieces time: 0.179048
Memory: 26.4 + 30.2 + 24.9 + 41.8 + 9.2 MB
 10.8 ±  0.0 ms - Greedy fill time
composePieces time: 2.67274
                                                                                