Running only task # 166
Using max depth 33
 |                                        | 0 / 416 (0.0%)Function count: 142
0.167647
0.189411
0.163182
0.187098
0.158171
0.182243
0.167118
0.189879
0.164908
0.191823
0.157335
0.182234
0.177755
0.203029
 72.0 ±  0.0 ms - Piece loop time
 62.5 ± 47.1 ms - Set time
 53.2 ±  1.8 ms - Child looking time
0.1656
0.187688
0.444931
1771.0 ±  0.0 ms - Total time
1321.7 ±  0.0 ms - Build f time
 98.7 ±  1.3 ms - Apply f time
1096.0 ±  6.6 ms - Real f time 
360.0 ±  8.2 ms - Add time
 14.8 ±  0.4 ms - Find child
 20.7 ±  0.5 ms - Add child
246.9 ±  2.3 ms - Hash
219.3 ± 38.6 ms - Map
128.1 ± 16.4 ms - getState
0.183149
0.205742
0.486064
2257.1 ±  0.0 ms - Total time
1504.9 ±  0.0 ms - Build f time
144.5 ±  1.5 ms - Apply f time
1273.5 ±  7.0 ms - Real f time 
485.9 ±  8.4 ms - Add time
 26.2 ±  0.6 ms - Find child
 37.8 ±  0.7 ms - Add child
326.1 ±  2.6 ms - Hash
293.7 ± 38.6 ms - Map
194.4 ± 16.4 ms - getState
0.172475
0.196607
0.456311
2713.5 ±  0.0 ms - Total time
1677.3 ±  0.0 ms - Build f time
187.7 ±  1.6 ms - Apply f time
1434.7 ±  7.3 ms - Real f time 
603.3 ±  8.5 ms - Add time
 36.5 ±  0.7 ms - Find child
 52.8 ±  0.8 ms - Add child
403.3 ±  2.8 ms - Hash
366.5 ± 38.5 ms - Map
255.4 ± 16.4 ms - getState
0.175725
0.198446
0.465521
3179.0 ±  0.0 ms - Total time
1853.1 ±  0.0 ms - Build f time
231.7 ±  2.1 ms - Apply f time
1600.2 ±  7.6 ms - Real f time 
724.9 ±  8.7 ms - Add time
 48.6 ±  0.9 ms - Find child
 70.1 ±  1.0 ms - Add child
485.7 ±  3.0 ms - Hash
442.1 ± 38.5 ms - Map
316.1 ± 16.4 ms - getState
0.161855
0.184954
0.436548
3615.6 ±  0.0 ms - Total time
2014.9 ±  0.0 ms - Build f time
273.9 ±  2.2 ms - Apply f time
1756.7 ±  7.9 ms - Real f time 
845.7 ± 11.2 ms - Add time
 58.8 ±  1.0 ms - Find child
 85.3 ±  1.1 ms - Add child
563.5 ±  3.2 ms - Hash
509.8 ± 38.6 ms - Map
374.9 ± 16.5 ms - getState
0.165721
0.189752
0.457386
4073.0 ±  0.0 ms - Total time
2180.6 ±  0.0 ms - Build f time
320.7 ±  2.3 ms - Apply f time
1925.1 ±  9.3 ms - Real f time 
969.6 ± 11.3 ms - Add time
 70.9 ±  1.0 ms - Find child
102.4 ±  1.2 ms - Add child
639.1 ±  3.3 ms - Hash
578.3 ± 38.6 ms - Map
439.0 ± 16.5 ms - getState
0.178561
0.202355
0.45446
4527.5 ±  0.0 ms - Total time
2359.2 ±  0.0 ms - Build f time
365.0 ±  2.4 ms - Apply f time
2104.3 ±  9.6 ms - Real f time 
1092.3 ± 11.4 ms - Add time
 82.1 ±  1.1 ms - Find child
118.6 ±  1.3 ms - Add child
721.1 ±  3.5 ms - Hash
632.4 ± 38.6 ms - Map
503.5 ± 16.5 ms - getState
Dag sizes: 361652 353872 353928 369088 357268 355714 368916 
brutePieces time: 3.2064
310.1 ±  0.0 ms - Piece loop time
126.6 ± 38.8 ms - Set time
205.5 ±  4.0 ms - Child looking time
Nodes:  2520438
Pieces: 403834
makePieces time: 0.314129
Memory: 34.6 + 82.2 + 80.7 + 69.7 + 25.5 MB
 43.6 ±  5.8 ms - Greedy fill time
composePieces time: 6.63113
                                                                                