Running only task # 102
Using max depth 33
 |                                        | 0 / 416 (0.0%)Function count: 142
0.128914
0.142934
0.146346
0.162481
0.140872
0.155252
0.152721
0.169657
0.13077
0.14559
 34.3 ±  0.0 ms - Piece loop time
 43.6 ± 36.8 ms - Set time
 26.5 ±  1.0 ms - Child looking time
0.129374
0.143238
0.298533
1074.7 ±  0.0 ms - Total time
829.0 ±  0.0 ms - Build f time
 53.2 ±  0.9 ms - Apply f time
698.2 ±  6.2 ms - Real f time 
237.1 ± 18.8 ms - Add time
  8.6 ±  0.3 ms - Find child
 14.7 ±  0.4 ms - Add child
156.7 ±  1.2 ms - Hash
140.8 ± 39.5 ms - Map
 65.4 ±  1.0 ms - getState
0.139682
0.155734
0.320062
1394.8 ±  0.0 ms - Total time
968.7 ±  0.0 ms - Build f time
 83.3 ±  1.1 ms - Apply f time
828.9 ±  6.4 ms - Real f time 
311.1 ± 18.9 ms - Add time
 16.6 ±  0.5 ms - Find child
 27.0 ±  0.6 ms - Add child
213.4 ±  1.4 ms - Hash
187.6 ± 39.6 ms - Map
113.2 ±  4.3 ms - getState
0.136444
0.152377
0.33194
1726.7 ±  0.0 ms - Total time
1105.1 ±  0.0 ms - Build f time
116.5 ±  1.3 ms - Apply f time
961.7 ±  6.9 ms - Real f time 
393.3 ± 18.9 ms - Add time
 24.4 ±  0.6 ms - Find child
 39.7 ±  0.7 ms - Add child
272.5 ±  1.6 ms - Hash
235.9 ± 39.5 ms - Map
159.0 ±  4.8 ms - getState
0.143889
0.16107
0.327124
2053.9 ±  0.0 ms - Total time
1249.0 ±  0.0 ms - Build f time
148.4 ±  1.4 ms - Apply f time
1104.0 ±  7.3 ms - Real f time 
474.2 ± 19.0 ms - Add time
 32.4 ±  0.7 ms - Find child
 52.5 ±  0.9 ms - Add child
331.0 ±  1.8 ms - Hash
278.3 ± 40.0 ms - Map
205.2 ±  4.9 ms - getState
0.137678
0.152067
0.308425
2362.4 ±  0.0 ms - Total time
1386.7 ±  0.0 ms - Build f time
178.3 ±  1.5 ms - Apply f time
1233.2 ±  7.6 ms - Real f time 
552.8 ± 19.0 ms - Add time
 39.9 ±  0.7 ms - Find child
 63.7 ±  1.0 ms - Add child
389.9 ±  2.1 ms - Hash
311.6 ± 39.9 ms - Map
247.4 ±  4.9 ms - getState
Dag sizes: 219121 222950 232711 237194 231568 
brutePieces time: 1.58988
149.4 ±  0.0 ms - Piece loop time
 69.4 ± 24.7 ms - Set time
 97.2 ±  1.6 ms - Child looking time
Nodes:  1143544
Pieces: 218084
makePieces time: 0.150681
Memory: 16.1 + 41.8 + 36.6 + 39.3 + 10.4 MB
 29.9 ± 14.7 ms - Greedy fill time
composePieces time: 2.13702
                                                                                