Running only task # 364
Using max depth 3
 |                                        | 0 / 416 (0.0%)Function count: 142
0.0794717
0.0887494
0.103414
0.115751
0.109819
0.125036
0.0993663
0.109782
0.106256
0.116305
 36.9 ±  0.0 ms - Piece loop time
 43.4 ± 35.1 ms - Set time
 26.7 ±  1.1 ms - Child looking time
0.0794873
0.0886483
0.150064
705.8 ±  0.0 ms - Total time
577.8 ±  0.0 ms - Build f time
 33.4 ±  0.6 ms - Apply f time
485.5 ±  3.5 ms - Real f time 
135.8 ±  4.2 ms - Add time
  5.9 ±  0.3 ms - Find child
  8.1 ±  0.3 ms - Add child
114.3 ± 14.1 ms - Hash
112.0 ± 37.9 ms - Map
 35.1 ±  1.3 ms - getState
0.108226
0.120485
0.229437
935.3 ±  0.0 ms - Total time
686.0 ±  0.0 ms - Build f time
 53.8 ±  0.8 ms - Apply f time
588.0 ±  3.8 ms - Real f time 
189.6 ±  4.3 ms - Add time
 11.9 ±  0.7 ms - Find child
 15.4 ±  0.4 ms - Add child
152.6 ± 14.1 ms - Hash
147.9 ± 37.9 ms - Map
 63.0 ±  1.4 ms - getState
0.113592
0.126533
0.25916
1194.5 ±  0.0 ms - Total time
799.6 ±  0.0 ms - Build f time
 77.5 ±  0.9 ms - Apply f time
694.8 ±  4.1 ms - Real f time 
265.9 ± 14.0 ms - Add time
 18.5 ±  0.9 ms - Find child
 24.1 ±  0.6 ms - Add child
196.4 ± 14.1 ms - Hash
183.9 ± 37.9 ms - Map
 97.9 ±  1.6 ms - getState
0.101185
0.11212
0.209158
1403.7 ±  0.0 ms - Total time
900.8 ±  0.0 ms - Build f time
 96.0 ±  1.0 ms - Apply f time
787.5 ±  4.3 ms - Real f time 
313.6 ± 14.0 ms - Add time
 24.1 ±  1.0 ms - Find child
 31.0 ±  0.6 ms - Add child
230.2 ± 14.1 ms - Hash
217.1 ± 37.9 ms - Map
123.7 ±  1.8 ms - getState
0.104322
0.11463
0.216754
1620.5 ±  0.0 ms - Total time
1005.1 ±  0.0 ms - Build f time
114.9 ±  1.1 ms - Apply f time
884.7 ±  4.6 ms - Real f time 
363.3 ± 14.0 ms - Add time
 28.9 ±  1.1 ms - Find child
 38.6 ±  0.7 ms - Add child
269.4 ± 14.4 ms - Hash
251.1 ± 37.9 ms - Map
150.5 ±  1.8 ms - getState
Dag sizes: 136966 192775 209155 181138 183365 
brutePieces time: 1.0677
131.8 ±  0.0 ms - Piece loop time
 89.3 ± 48.1 ms - Set time
 87.1 ±  2.7 ms - Child looking time
Nodes:  903399
Pieces: 167127
makePieces time: 0.133374
Memory: 9.2 + 30.3 + 28.9 + 35.4 + 8.5 MB
 10.9 ±  0.5 ms - Greedy fill time
composePieces time: 1.51026
                                                                                