Running only task # 94
Using max depth 3
 |                                        | 0 / 416 (0.0%)Function count: 142
0.0457685
0.0505854
0.0732092
0.0810232
0.0615587
0.0680033
0.0759844
0.084549
 35.5 ±  0.0 ms - Piece loop time
 45.2 ± 35.9 ms - Set time
 25.5 ±  1.0 ms - Child looking time
0.0466098
0.0510099
0.0868561
371.2 ±  0.0 ms - Total time
303.1 ±  0.0 ms - Build f time
 19.8 ±  0.5 ms - Apply f time
267.2 ±  2.1 ms - Real f time 
102.0 ± 17.7 ms - Add time
  5.5 ±  0.3 ms - Find child
  6.4 ±  0.3 ms - Add child
 48.1 ±  0.7 ms - Hash
 83.4 ± 34.7 ms - Map
 17.4 ±  0.4 ms - getState
0.0760424
0.08509
0.176203
547.5 ±  0.0 ms - Total time
379.2 ±  0.0 ms - Build f time
 39.7 ±  0.7 ms - Apply f time
342.6 ±  2.6 ms - Real f time 
143.9 ± 17.7 ms - Add time
 12.1 ±  0.4 ms - Find child
 15.9 ±  0.5 ms - Add child
 75.1 ±  1.2 ms - Hash
120.9 ± 34.8 ms - Map
 37.8 ±  0.6 ms - getState
0.0663257
0.0731522
0.136224
683.7 ±  0.0 ms - Total time
445.5 ±  0.0 ms - Build f time
 55.2 ±  0.8 ms - Apply f time
408.6 ±  2.8 ms - Real f time 
175.7 ± 17.8 ms - Add time
 17.4 ±  0.5 ms - Find child
 23.0 ±  0.5 ms - Add child
 95.0 ±  1.3 ms - Hash
150.4 ± 34.8 ms - Map
 51.6 ±  0.7 ms - getState
0.0773283
0.0871009
0.154701
838.5 ±  0.0 ms - Total time
522.8 ±  0.0 ms - Build f time
 73.1 ±  1.1 ms - Apply f time
483.2 ±  3.0 ms - Real f time 
211.8 ± 17.8 ms - Add time
 23.8 ±  0.7 ms - Find child
 31.1 ±  0.6 ms - Add child
116.5 ±  1.4 ms - Hash
182.5 ± 34.8 ms - Map
 69.0 ±  1.2 ms - getState
Dag sizes: 89160 185206 145089 145997 
brutePieces time: 0.556457
140.1 ±  0.0 ms - Piece loop time
 60.0 ± 15.0 ms - Set time
 90.2 ±  1.5 ms - Child looking time
Nodes:  565452
Pieces: 177685
makePieces time: 0.140965
Memory: 3.1 + 25.0 + 18.1 + 25.8 + 7.4 MB
  0.4 ±  0.0 ms - Greedy fill time
composePieces time: 0.218683
                                                                                