Running only task # 405
Using max depth 3
 |                                        | 0 / 416 (0.0%)Function count: 142
0.271863
0.306073
0.377977
0.429465
0.382983
0.4369
0.352217
0.400115
 27.0 ±  0.0 ms - Piece loop time
 47.0 ± 40.8 ms - Set time
 19.3 ±  0.9 ms - Child looking time
0.294097
0.323255
0.489764
2062.5 ±  0.0 ms - Total time
1679.1 ±  0.0 ms - Build f time
 87.3 ±  1.7 ms - Apply f time
1368.6 ± 20.6 ms - Real f time 
382.3 ± 20.5 ms - Add time
  8.5 ±  0.3 ms - Find child
 11.4 ±  0.4 ms - Add child
338.6 ± 10.5 ms - Hash
169.6 ± 60.9 ms - Map
114.0 ±  5.7 ms - getState
0.391582
0.44275
0.681034
2743.5 ±  0.0 ms - Total time
2070.7 ±  0.0 ms - Build f time
132.3 ±  1.9 ms - Apply f time
1706.3 ± 21.4 ms - Real f time 
534.3 ± 21.0 ms - Add time
 15.6 ±  0.4 ms - Find child
 21.5 ±  0.5 ms - Add child
468.6 ± 10.8 ms - Hash
208.0 ± 61.0 ms - Map
191.6 ±  5.8 ms - getState
0.407101
0.461342
0.715926
3459.5 ±  0.0 ms - Total time
2477.8 ±  0.0 ms - Build f time
177.9 ±  2.2 ms - Apply f time
2059.4 ± 22.7 ms - Real f time 
694.4 ± 21.3 ms - Add time
 23.3 ±  0.5 ms - Find child
 32.3 ±  0.7 ms - Add child
605.9 ± 10.9 ms - Hash
251.9 ± 61.0 ms - Map
271.4 ±  5.9 ms - getState
0.376753
0.433677
0.683045
4142.6 ±  0.0 ms - Total time
2854.6 ±  0.0 ms - Build f time
225.8 ±  2.5 ms - Apply f time
2389.1 ± 23.7 ms - Real f time 
839.3 ± 21.5 ms - Add time
 30.9 ±  0.7 ms - Find child
 43.4 ±  0.8 ms - Add child
729.3 ± 10.9 ms - Hash
296.8 ± 61.0 ms - Map
353.3 ±  6.4 ms - getState
Dag sizes: 153853 205062 217429 206738 
brutePieces time: 2.57181
131.1 ±  0.0 ms - Piece loop time
 67.1 ± 16.9 ms - Set time
 77.2 ±  1.3 ms - Child looking time
Nodes:  783082
Pieces: 115874
makePieces time: 0.131969
Memory: 27.6 + 30.0 + 25.1 + 29.3 + 7.1 MB
  2.5 ±  0.0 ms - Greedy fill time
composePieces time: 0.239096
                                                                                