Running only task # 327
Using max depth 3
 |                                        | 0 / 416 (0.0%)Function count: 142
0.258014
0.298135
0.285533
0.328267
0.251438
0.287721
0.279184
0.32071
 22.6 ±  0.0 ms - Piece loop time
 33.5 ± 26.4 ms - Set time
 15.4 ±  0.8 ms - Child looking time
0.265645
0.303871
0.492175
1727.2 ±  0.0 ms - Total time
1339.8 ±  0.0 ms - Build f time
 90.6 ±  1.8 ms - Apply f time
1126.7 ± 13.2 ms - Real f time 
305.9 ±  4.4 ms - Add time
  6.1 ±  0.3 ms - Find child
 10.6 ±  1.7 ms - Add child
259.9 ±  1.6 ms - Hash
108.6 ± 38.3 ms - Map
 96.2 ±  1.3 ms - getState
0.28912
0.332329
0.515363
2242.6 ±  0.0 ms - Total time
1628.9 ±  0.0 ms - Build f time
124.8 ±  2.0 ms - Apply f time
1391.5 ± 14.5 ms - Real f time 
420.5 ±  4.9 ms - Add time
 10.2 ±  0.4 ms - Find child
 16.1 ±  1.7 ms - Add child
354.0 ±  1.8 ms - Hash
157.7 ± 44.1 ms - Map
149.3 ±  1.5 ms - getState
0.25541
0.291556
0.478588
2721.3 ±  0.0 ms - Total time
1884.3 ±  0.0 ms - Build f time
157.1 ±  2.5 ms - Apply f time
1617.8 ± 15.5 ms - Real f time 
570.0 ± 45.2 ms - Add time
 14.3 ±  0.4 ms - Find child
 21.9 ±  1.7 ms - Add child
453.4 ±  3.6 ms - Hash
184.0 ± 44.1 ms - Map
198.8 ±  1.7 ms - getState
0.286501
0.327904
0.534459
3255.8 ±  0.0 ms - Total time
2170.8 ±  0.0 ms - Build f time
194.0 ±  2.6 ms - Apply f time
1863.6 ± 16.3 ms - Real f time 
688.6 ± 45.3 ms - Add time
 18.8 ±  0.5 ms - Find child
 28.0 ±  1.7 ms - Add child
559.8 ±  3.8 ms - Hash
212.9 ± 44.1 ms - Map
254.5 ±  1.8 ms - getState
Dag sizes: 146598 143165 142198 156937 
brutePieces time: 2.02269
 58.6 ±  0.0 ms - Piece loop time
 65.2 ± 48.0 ms - Set time
 40.6 ±  1.0 ms - Child looking time
Nodes:  588898
Pieces: 107976
makePieces time: 0.0598178
Memory: 22.9 + 19.1 + 18.8 + 26.2 + 4.6 MB
 96.3 ±  0.0 ms - Greedy fill time
composePieces time: 1.21971
                                                                                