Running only task # 70
Using max depth 4
 |                                        | 0 / 416 (0.0%)Function count: 142
0.0339687
0.0359136
0.0329462
0.0351068
0.0348042
0.0366705
0.035535
0.0374245
  5.3 ±  0.0 ms - Piece loop time
 36.9 ± 35.8 ms - Set time
  4.5 ±  0.8 ms - Child looking time
0.592531
0.628609
0.851643
996.9 ±  0.0 ms - Total time
729.8 ±  0.0 ms - Build f time
 57.0 ±  0.9 ms - Apply f time
646.7 ±  4.7 ms - Real f time 
166.0 ±  6.6 ms - Add time
 12.9 ±  0.4 ms - Find child
 17.6 ±  0.5 ms - Add child
183.9 ±  1.5 ms - Hash
139.6 ± 40.1 ms - Map
 63.6 ±  0.8 ms - getState
0.620919
0.661153
0.902016
1898.9 ±  0.0 ms - Total time
1350.7 ±  0.0 ms - Build f time
112.9 ±  1.3 ms - Apply f time
1209.5 ±  6.5 ms - Real f time 
311.9 ±  6.8 ms - Add time
 27.2 ±  0.6 ms - Find child
 36.1 ±  0.7 ms - Add child
356.6 ±  2.2 ms - Hash
232.4 ± 40.0 ms - Map
130.0 ±  1.6 ms - getState
0.612309
0.648774
0.8779
2776.9 ±  0.0 ms - Total time
1963.0 ±  0.0 ms - Build f time
165.7 ±  1.5 ms - Apply f time
1777.6 ± 12.6 ms - Real f time 
455.0 ±  7.1 ms - Add time
 40.5 ±  0.7 ms - Find child
 54.0 ±  0.8 ms - Add child
524.5 ±  3.0 ms - Hash
322.1 ± 40.2 ms - Map
192.3 ±  1.8 ms - getState
0.669567
0.712122
0.971843
3748.7 ±  0.0 ms - Total time
2632.6 ±  0.0 ms - Build f time
225.2 ±  1.7 ms - Apply f time
2381.8 ± 13.2 ms - Real f time 
621.0 ±  7.5 ms - Add time
 55.5 ±  0.8 ms - Find child
 73.0 ±  1.0 ms - Add child
713.5 ±  3.8 ms - Hash
418.4 ± 40.3 ms - Map
264.1 ±  2.4 ms - getState
Dag sizes: 356565 396100 378256 434219 
brutePieces time: 3.60646
280.4 ±  0.0 ms - Piece loop time
107.8 ± 35.5 ms - Set time
191.8 ±  6.1 ms - Child looking time
Nodes:  1565140
Pieces: 259208
makePieces time: 0.281984
Memory: 21.4 + 87.5 + 50.1 + 41.8 + 12.4 MB
  6.5 ±  0.0 ms - Greedy fill time
composePieces time: 0.986719
                                                                                