Running only task # 66
Using max depth 23
 |                                        | 0 / 416 (0.0%)Function count: 142
0.125532
0.14575
0.071968
0.0803488
0.116373
0.130238
0.12639
0.14377
0.069647
0.0773914
0.11044
0.124333
0.157816
0.178493
 45.8 ±  0.0 ms - Piece loop time
 45.1 ± 34.6 ms - Set time
 34.6 ±  1.4 ms - Child looking time
0.124659
0.140493
0.202352
1082.9 ±  0.0 ms - Total time
902.8 ±  0.0 ms - Build f time
 55.5 ±  0.9 ms - Apply f time
773.0 ±  4.2 ms - Real f time 
225.4 ± 17.3 ms - Add time
  7.7 ±  0.3 ms - Find child
 10.7 ±  0.4 ms - Add child
151.6 ± 16.5 ms - Hash
132.0 ± 38.4 ms - Map
 55.7 ±  0.7 ms - getState
0.0803773
0.088009
0.112429
1195.4 ±  0.0 ms - Total time
983.2 ±  0.0 ms - Build f time
 64.4 ±  0.9 ms - Apply f time
846.7 ±  4.4 ms - Real f time 
249.4 ± 17.3 ms - Add time
 10.5 ±  0.4 ms - Find child
 14.6 ±  0.4 ms - Add child
166.2 ± 16.5 ms - Hash
145.4 ± 38.4 ms - Map
 64.7 ±  0.8 ms - getState
0.11253
0.125942
0.1756
1371.0 ±  0.0 ms - Total time
1095.7 ±  0.0 ms - Build f time
 80.4 ±  1.0 ms - Apply f time
951.7 ±  4.9 ms - Real f time 
285.1 ± 17.3 ms - Add time
 14.4 ±  0.4 ms - Find child
 20.3 ±  0.5 ms - Add child
193.6 ± 16.5 ms - Hash
163.5 ± 38.3 ms - Map
 81.9 ±  0.9 ms - getState
0.125886
0.141396
0.196146
1567.2 ±  0.0 ms - Total time
1221.6 ±  0.0 ms - Build f time
 97.9 ±  1.1 ms - Apply f time
1070.8 ±  5.4 ms - Real f time 
327.7 ± 17.4 ms - Add time
 19.0 ±  0.5 ms - Find child
 27.5 ±  1.1 ms - Add child
222.2 ± 16.5 ms - Hash
183.3 ± 38.4 ms - Map
100.9 ±  1.0 ms - getState
0.0700492
0.0781803
0.103066
1670.3 ±  0.0 ms - Total time
1291.7 ±  0.0 ms - Build f time
107.1 ±  1.2 ms - Apply f time
1136.7 ±  5.5 ms - Real f time 
350.3 ± 17.4 ms - Add time
 21.8 ±  0.5 ms - Find child
 31.2 ±  1.1 ms - Add child
237.1 ± 16.5 ms - Hash
194.6 ± 38.3 ms - Map
110.4 ±  1.0 ms - getState
0.114902
0.128784
0.181208
1851.6 ±  0.0 ms - Total time
1406.6 ±  0.0 ms - Build f time
123.5 ±  1.3 ms - Apply f time
1240.9 ±  5.7 ms - Real f time 
388.4 ± 17.4 ms - Add time
 26.2 ±  0.6 ms - Find child
 37.5 ±  1.1 ms - Add child
264.5 ± 16.5 ms - Hash
218.0 ± 38.3 ms - Map
127.9 ±  1.1 ms - getState
0.182002
0.211515
0.299596
2151.2 ±  0.0 ms - Total time
1588.6 ±  0.0 ms - Build f time
148.4 ±  1.6 ms - Apply f time
1408.9 ±  6.3 ms - Real f time 
470.5 ± 25.9 ms - Add time
 33.4 ±  1.4 ms - Find child
 45.2 ±  1.2 ms - Add child
307.8 ± 16.5 ms - Hash
252.6 ± 38.3 ms - Map
159.4 ±  1.3 ms - getState
Dag sizes: 132143 71611 120451 132087 71587 120450 186954 
brutePieces time: 1.27498
165.7 ±  0.0 ms - Piece loop time
 58.0 ± 24.3 ms - Set time
126.7 ±  2.1 ms - Child looking time
Nodes:  835283
Pieces: 76155
makePieces time: 0.167074
Memory: 7.8 + 39.2 + 26.7 + 42.7 + 8.5 MB
  2.5 ±  0.2 ms - Greedy fill time
composePieces time: 0.613138
                                                                                