Running only task # 377
Using max depth 33
 |                                        | 0 / 416 (0.0%)Function count: 142
0.0455679
0.0496056
0.0490424
0.0528594
0.0495926
0.0536287
0.0542387
0.058726
0.0457544
0.0494441
0.0477696
0.0516117
0.0493239
0.0533564
0.0545356
0.0589233
0.0567829
0.0616486
 44.6 ±  0.0 ms - Piece loop time
 48.8 ± 41.3 ms - Set time
 34.5 ±  1.4 ms - Child looking time
0.0446439
0.0485437
0.0713445
561.6 ±  0.0 ms - Total time
497.2 ±  0.0 ms - Build f time
 18.3 ±  0.4 ms - Apply f time
456.9 ±  3.2 ms - Real f time 
 93.3 ±  3.5 ms - Add time
  3.6 ±  0.2 ms - Find child
  4.9 ±  0.3 ms - Add child
 74.0 ±  3.5 ms - Hash
111.8 ± 40.4 ms - Map
 18.8 ±  0.4 ms - getState
0.048199
0.051747
0.0756364
637.3 ±  0.0 ms - Total time
545.4 ±  0.0 ms - Build f time
 25.3 ±  0.5 ms - Apply f time
505.0 ±  3.4 ms - Real f time 
110.4 ±  4.2 ms - Add time
  5.9 ±  0.3 ms - Find child
  7.7 ±  0.3 ms - Add child
 85.8 ±  3.6 ms - Hash
122.4 ± 40.4 ms - Map
 25.2 ±  0.5 ms - getState
0.0491511
0.0530839
0.0781597
715.5 ±  0.0 ms - Total time
594.6 ±  0.0 ms - Build f time
 32.3 ±  0.6 ms - Apply f time
553.7 ±  3.5 ms - Real f time 
139.5 ± 14.0 ms - Add time
  8.1 ±  0.3 ms - Find child
 10.3 ±  0.4 ms - Add child
 98.7 ±  3.6 ms - Hash
133.2 ± 40.5 ms - Map
 32.3 ±  0.5 ms - getState
0.053779
0.058045
0.0836999
799.2 ±  0.0 ms - Total time
648.4 ±  0.0 ms - Build f time
 39.4 ±  0.7 ms - Apply f time
606.8 ±  3.8 ms - Real f time 
156.1 ± 14.0 ms - Add time
 10.1 ±  0.4 ms - Find child
 13.4 ±  0.4 ms - Add child
112.0 ±  3.6 ms - Hash
143.9 ± 40.5 ms - Map
 40.8 ±  1.4 ms - getState
0.0460446
0.0494218
0.069605
868.8 ±  0.0 ms - Total time
694.4 ±  0.0 ms - Build f time
 46.1 ±  0.7 ms - Apply f time
651.8 ±  4.0 ms - Real f time 
169.7 ± 14.0 ms - Add time
 11.9 ±  0.4 ms - Find child
 15.9 ±  0.5 ms - Add child
125.5 ±  4.2 ms - Hash
153.5 ± 40.5 ms - Map
 46.2 ±  1.4 ms - getState
0.0484184
0.0521623
0.0748697
943.7 ±  0.0 ms - Total time
742.8 ±  0.0 ms - Build f time
 53.1 ±  0.8 ms - Apply f time
700.6 ±  4.2 ms - Real f time 
187.5 ± 14.1 ms - Add time
 13.9 ±  0.4 ms - Find child
 18.8 ±  0.5 ms - Add child
137.8 ±  4.2 ms - Hash
163.4 ± 40.4 ms - Map
 52.1 ±  1.4 ms - getState
0.0503438
0.0542135
0.0778209
1021.6 ±  0.0 ms - Total time
793.2 ±  0.0 ms - Build f time
 59.6 ±  0.8 ms - Apply f time
753.3 ±  4.6 ms - Real f time 
204.7 ± 14.2 ms - Add time
 16.2 ±  0.5 ms - Find child
 21.3 ±  0.5 ms - Add child
151.3 ±  4.3 ms - Hash
172.4 ± 40.4 ms - Map
 58.4 ±  1.4 ms - getState
0.0573571
0.0617015
0.0867425
1108.4 ±  0.0 ms - Total time
850.5 ±  0.0 ms - Build f time
 67.2 ±  0.9 ms - Apply f time
810.7 ±  4.7 ms - Real f time 
223.1 ± 14.2 ms - Add time
 18.6 ±  0.5 ms - Find child
 24.5 ±  0.6 ms - Add child
164.7 ±  4.3 ms - Hash
182.8 ± 40.5 ms - Map
 65.3 ±  1.5 ms - getState
0.0564061
0.0606003
0.0867268
1195.1 ±  0.0 ms - Total time
906.9 ±  0.0 ms - Build f time
 74.4 ±  0.9 ms - Apply f time
866.8 ±  4.8 ms - Real f time 
243.3 ± 14.4 ms - Add time
 20.9 ±  0.5 ms - Find child
 27.7 ±  0.6 ms - Add child
178.6 ±  4.3 ms - Hash
191.8 ± 40.4 ms - Map
 72.4 ±  1.5 ms - getState
Dag sizes: 56766 60534 62763 65024 57285 60820 62215 64167 66075 
brutePieces time: 0.710987
120.1 ±  0.0 ms - Piece loop time
 54.4 ± 37.0 ms - Set time
 96.4 ±  1.9 ms - Child looking time
Nodes:  555649
Pieces: 76124
makePieces time: 0.121263
Memory: 3.7 + 25.6 + 17.8 + 46.6 + 6.5 MB
  5.1 ±  0.3 ms - Greedy fill time
composePieces time: 0.929521
                                                                                