Running only task # 367
Using max depth 23
 |                                        | 0 / 416 (0.0%)Function count: 142
0.0519774
0.0570778
0.0565191
0.0628556
0.0525855
0.0576712
0.058499
0.0645007
0.0615786
0.0676287
 45.0 ±  0.0 ms - Piece loop time
 43.6 ± 36.7 ms - Set time
 37.0 ±  1.1 ms - Child looking time
0.051069
0.0559235
0.0933346
403.3 ±  0.0 ms - Total time
332.2 ±  0.0 ms - Build f time
 19.7 ±  0.5 ms - Apply f time
284.0 ±  3.2 ms - Real f time 
 78.3 ±  1.2 ms - Add time
  4.2 ±  0.2 ms - Find child
  5.7 ±  0.3 ms - Add child
 56.1 ±  0.8 ms - Hash
 86.2 ± 36.4 ms - Map
 21.8 ±  2.7 ms - getState
0.0550417
0.0611562
0.107084
510.4 ±  0.0 ms - Total time
387.3 ±  0.0 ms - Build f time
 32.0 ±  0.6 ms - Apply f time
338.6 ±  3.3 ms - Real f time 
103.4 ±  1.4 ms - Add time
  8.0 ±  0.3 ms - Find child
 10.6 ±  0.4 ms - Add child
 73.8 ±  0.9 ms - Hash
102.3 ± 36.5 ms - Map
 32.9 ±  2.8 ms - getState
0.0525331
0.0576877
0.0968652
607.3 ±  0.0 ms - Total time
439.8 ±  0.0 ms - Build f time
 41.5 ±  0.7 ms - Apply f time
387.6 ±  3.4 ms - Real f time 
125.3 ±  1.5 ms - Add time
 11.4 ±  0.4 ms - Find child
 14.6 ±  0.4 ms - Add child
 90.0 ±  1.0 ms - Hash
116.4 ± 36.5 ms - Map
 43.1 ±  2.8 ms - getState
0.0608777
0.0669946
0.113841
721.1 ±  0.0 ms - Total time
500.7 ±  0.0 ms - Build f time
 53.2 ±  0.8 ms - Apply f time
443.9 ±  3.6 ms - Real f time 
152.1 ±  1.7 ms - Add time
 15.1 ±  0.4 ms - Find child
 20.4 ±  1.0 ms - Add child
108.6 ±  1.1 ms - Hash
133.9 ± 36.5 ms - Map
 55.3 ±  2.8 ms - getState
0.0638224
0.0700804
0.116924
838.1 ±  0.0 ms - Total time
564.5 ±  0.0 ms - Build f time
 65.9 ±  0.9 ms - Apply f time
504.0 ±  3.7 ms - Real f time 
179.1 ±  1.8 ms - Add time
 19.1 ±  0.5 ms - Find child
 25.8 ±  1.0 ms - Add child
128.2 ±  1.2 ms - Hash
152.0 ± 36.5 ms - Map
 67.6 ±  2.9 ms - getState
Dag sizes: 80985 101093 84397 105847 106443 
brutePieces time: 0.531419
135.0 ±  0.0 ms - Piece loop time
 75.9 ± 42.2 ms - Set time
 97.7 ±  1.5 ms - Child looking time
Nodes:  478765
Pieces: 140404
makePieces time: 0.136413
Memory: 3.3 + 22.3 + 15.3 + 28.6 + 7.6 MB
  1.0 ±  0.0 ms - Greedy fill time
composePieces time: 0.402235
                                                                                