Running only task # 177
Using max depth 33
 |                                        | 0 / 416 (0.0%)Function count: 142
0.0069178
0.00730187
0.00885557
0.00930692
0.00527894
0.00555696
0.00695945
0.00726685
0.00773527
0.00816731
0.00742458
0.00776081
0.00677314
0.00707157
0.00941209
0.00988349
0.00497552
0.00517859
0.00769186
0.0080604
0.00931542
0.00975801
0.0100195
0.010634
0.0111101
0.011701
 71.6 ±  0.0 ms - Piece loop time
 51.9 ± 48.3 ms - Set time
 66.1 ±  1.9 ms - Child looking time
0.0069585
0.00724272
0.0074535
115.3 ±  0.0 ms - Total time
109.4 ±  0.0 ms - Build f time
  1.8 ±  0.2 ms - Apply f time
107.5 ±  1.2 ms - Real f time 
 16.9 ±  0.5 ms - Add time
  0.5 ±  0.1 ms - Find child
  0.9 ±  0.1 ms - Add child
 19.8 ±  0.5 ms - Hash
 49.9 ± 36.0 ms - Map
  2.6 ±  0.2 ms - getState
0.00877847
0.0093002
0.00966279
125.0 ±  0.0 ms - Total time
118.2 ±  0.0 ms - Build f time
  2.2 ±  0.2 ms - Apply f time
116.6 ±  1.2 ms - Real f time 
 18.6 ±  0.5 ms - Add time
  0.7 ±  0.1 ms - Find child
  1.0 ±  0.2 ms - Add child
 21.3 ±  0.5 ms - Hash
 51.2 ± 36.0 ms - Map
  2.9 ±  0.2 ms - getState
0.00519899
0.00540192
0.00559092
130.6 ±  0.0 ms - Total time
123.4 ±  0.0 ms - Build f time
  2.3 ±  0.2 ms - Apply f time
121.9 ±  1.3 ms - Real f time 
 19.3 ±  0.6 ms - Add time
  0.7 ±  0.1 ms - Find child
  1.1 ±  0.2 ms - Add child
 22.3 ±  0.5 ms - Hash
 51.9 ± 36.1 ms - Map
  3.1 ±  0.2 ms - getState
0.00710474
0.00744658
0.00776237
138.4 ±  0.0 ms - Total time
130.5 ±  0.0 ms - Build f time
  2.6 ±  0.2 ms - Apply f time
129.4 ±  1.3 ms - Real f time 
 21.0 ±  0.7 ms - Add time
  0.8 ±  0.1 ms - Find child
  1.2 ±  0.2 ms - Add child
 23.5 ±  0.6 ms - Hash
 52.9 ± 36.0 ms - Map
  3.2 ±  0.2 ms - getState
0.0075175
0.00788025
0.00825929
146.6 ±  0.0 ms - Total time
138.0 ±  0.0 ms - Build f time
  2.9 ±  0.2 ms - Apply f time
136.9 ±  1.3 ms - Real f time 
 22.5 ±  0.7 ms - Add time
  0.9 ±  0.1 ms - Find child
  1.3 ±  0.2 ms - Add child
 25.1 ±  0.6 ms - Hash
 54.1 ± 36.0 ms - Map
  3.6 ±  0.2 ms - getState
0.00695809
0.00726834
0.00752701
154.2 ±  0.0 ms - Total time
145.0 ±  0.0 ms - Build f time
  3.0 ±  0.2 ms - Apply f time
143.6 ±  1.3 ms - Real f time 
 23.8 ±  0.7 ms - Add time
  1.0 ±  0.1 ms - Find child
  1.4 ±  0.2 ms - Add child
 26.5 ±  0.6 ms - Hash
 55.1 ± 36.1 ms - Map
  3.8 ±  0.2 ms - getState
0.00685601
0.00714863
0.00736942
161.6 ±  0.0 ms - Total time
151.8 ±  0.0 ms - Build f time
  3.2 ±  0.2 ms - Apply f time
150.7 ±  1.4 ms - Real f time 
 24.8 ±  0.7 ms - Add time
  1.0 ±  0.1 ms - Find child
  1.4 ±  0.2 ms - Add child
 27.9 ±  0.6 ms - Hash
 55.9 ± 36.0 ms - Map
  4.0 ±  0.2 ms - getState
0.0092768
0.00977074
0.0102371
171.8 ±  0.0 ms - Total time
161.1 ±  0.0 ms - Build f time
  3.6 ±  0.2 ms - Apply f time
160.2 ±  1.4 ms - Real f time 
 26.5 ±  0.8 ms - Add time
  1.2 ±  0.1 ms - Find child
  1.7 ±  0.2 ms - Add child
 30.0 ±  0.6 ms - Hash
 95.6 ± 52.6 ms - Map
  4.5 ±  0.2 ms - getState
0.00516518
0.00537689
0.00558304
177.4 ±  0.0 ms - Total time
166.3 ±  0.0 ms - Build f time
  3.7 ±  0.2 ms - Apply f time
165.3 ±  1.4 ms - Real f time 
 27.3 ±  0.8 ms - Add time
  1.3 ±  0.1 ms - Find child
  1.8 ±  0.2 ms - Add child
 30.9 ±  0.6 ms - Hash
 96.1 ± 52.6 ms - Map
  4.7 ±  0.2 ms - getState
0.00709623
0.00742098
0.00769341
185.1 ±  0.0 ms - Total time
173.4 ±  0.0 ms - Build f time
  4.0 ±  0.2 ms - Apply f time
172.3 ±  1.4 ms - Real f time 
 28.3 ±  0.8 ms - Add time
  1.4 ±  0.1 ms - Find child
  1.9 ±  0.2 ms - Add child
 32.4 ±  0.6 ms - Hash
 97.1 ± 52.6 ms - Map
  4.9 ±  0.2 ms - getState
0.00867418
0.00908694
0.00943167
194.6 ±  0.0 ms - Total time
182.0 ±  0.0 ms - Build f time
  4.2 ±  0.2 ms - Apply f time
180.1 ±  1.5 ms - Real f time 
 29.8 ±  0.8 ms - Add time
  1.5 ±  0.1 ms - Find child
  2.0 ±  0.2 ms - Add child
 33.9 ±  0.7 ms - Hash
 98.3 ± 52.6 ms - Map
  5.2 ±  0.2 ms - getState
0.00750597
0.00785177
0.00815549
202.7 ±  0.0 ms - Total time
189.6 ±  0.0 ms - Build f time
  4.5 ±  0.2 ms - Apply f time
187.8 ±  1.5 ms - Real f time 
 31.4 ±  0.8 ms - Add time
  1.7 ±  0.1 ms - Find child
  2.2 ±  0.2 ms - Add child
 35.3 ±  0.7 ms - Hash
 99.6 ± 52.6 ms - Map
  5.4 ±  0.2 ms - getState
0.00696792
0.00726941
0.00753275
210.3 ±  0.0 ms - Total time
196.5 ±  0.0 ms - Build f time
  4.7 ±  0.2 ms - Apply f time
194.3 ±  1.5 ms - Real f time 
 32.6 ±  0.8 ms - Add time
  1.8 ±  0.2 ms - Find child
  2.2 ±  0.2 ms - Add child
 36.7 ±  0.7 ms - Hash
100.5 ± 52.6 ms - Map
  5.7 ±  0.2 ms - getState
Dag sizes: 2553 4033 2023 2902 3481 3054 2553 4102 2025 2903 3493 3122 2823 
brutePieces time: 0.112199
 63.0 ±  0.0 ms - Piece loop time
 41.3 ± 38.1 ms - Set time
 59.3 ±  1.4 ms - Child looking time
Nodes:  39067
Pieces: 16
makePieces time: 0.063809
Memory: 0.2 + 6.8 + 1.3 + 55.1 + 1.6 MB
  0.0 ±  0.0 ms - Greedy fill time
composePieces time: 0.000502012
                                                                                