Running only task # 211
Using max depth 33
 |                                        | 0 / 416 (0.0%)Function count: 142
0.0165745
0.0178913
0.0186346
0.0200552
0.0186173
0.0199763
0.0169169
0.018235
0.016879
0.0180263
 14.8 ±  0.0 ms - Piece loop time
 41.3 ± 39.0 ms - Set time
 12.4 ±  0.8 ms - Child looking time
0.0343046
0.0365337
0.0534778
147.8 ±  0.0 ms - Total time
121.9 ±  0.0 ms - Build f time
  6.3 ±  0.3 ms - Apply f time
114.1 ±  2.2 ms - Real f time 
 27.7 ±  0.7 ms - Add time
  1.7 ±  0.1 ms - Find child
  1.9 ±  0.2 ms - Add child
 26.3 ±  0.5 ms - Hash
 55.8 ± 37.9 ms - Map
  7.9 ±  0.3 ms - getState
0.0380533
0.0403781
0.0589068
206.7 ±  0.0 ms - Total time
160.0 ±  0.0 ms - Build f time
 10.3 ±  0.3 ms - Apply f time
148.3 ±  2.4 ms - Real f time 
 40.4 ±  0.9 ms - Add time
  3.1 ±  0.2 ms - Find child
  3.4 ±  0.2 ms - Add child
 37.5 ±  0.7 ms - Hash
 63.3 ± 37.8 ms - Map
 13.7 ±  0.3 ms - getState
0.0373826
0.0398168
0.0587348
265.5 ±  0.0 ms - Total time
197.4 ±  0.0 ms - Build f time
 14.6 ±  0.4 ms - Apply f time
181.6 ±  2.5 ms - Real f time 
 59.0 ±  6.5 ms - Add time
  4.4 ±  0.2 ms - Find child
  4.9 ±  0.3 ms - Add child
 48.0 ±  0.8 ms - Hash
 71.6 ± 37.8 ms - Map
 19.2 ±  0.4 ms - getState
0.0361726
0.0384668
0.0553666
320.9 ±  0.0 ms - Total time
233.5 ±  0.0 ms - Build f time
 18.1 ±  0.4 ms - Apply f time
212.5 ±  2.7 ms - Real f time 
 71.0 ±  6.5 ms - Add time
  5.6 ±  0.3 ms - Find child
  6.4 ±  0.3 ms - Add child
 57.9 ±  0.8 ms - Hash
 78.7 ± 37.8 ms - Map
 24.2 ±  0.4 ms - getState
0.0368142
0.039173
0.0572393
378.2 ±  0.0 ms - Total time
270.3 ±  0.0 ms - Build f time
 22.4 ±  0.5 ms - Apply f time
245.6 ±  2.8 ms - Real f time 
 83.8 ±  6.6 ms - Add time
  6.6 ±  0.3 ms - Find child
  7.9 ±  0.3 ms - Add child
 68.8 ±  0.9 ms - Hash
 85.3 ± 37.8 ms - Map
 30.0 ±  0.5 ms - getState
Dag sizes: 36327 40554 40554 36327 39977 
brutePieces time: 0.287271
 34.9 ±  0.0 ms - Piece loop time
 43.8 ± 36.1 ms - Set time
 24.8 ±  0.9 ms - Child looking time
Nodes:  193739
Pieces: 39917
makePieces time: 0.0357651
Memory: 1.9 + 10.5 + 6.2 + 24.1 + 2.1 MB
 23.4 ±  0.0 ms - Greedy fill time
composePieces time: 0.322104
                                                                                