Running only task # 84
Using max depth 4
 |                                        | 0 / 416 (0.0%)Function count: 142
0.130104
0.141528
0.151634
0.164011
0.16602
0.183204
0.135292
0.147723
0.20555
0.227394
 30.8 ±  0.0 ms - Piece loop time
 45.1 ± 39.6 ms - Set time
 24.4 ±  1.0 ms - Child looking time
3.30582
3.58834
4.64399
5508.0 ±  0.0 ms - Total time
4094.4 ±  0.0 ms - Build f time
260.1 ±  2.4 ms - Apply f time
3692.9 ± 27.1 ms - Real f time 
906.0 ± 45.3 ms - Add time
 49.8 ±  1.0 ms - Find child
 64.2 ±  1.1 ms - Add child
907.5 ±  4.8 ms - Hash
553.3 ± 38.9 ms - Map
316.2 ±  2.2 ms - getState
3.83364
4.15643
5.47765
10985.7 ±  0.0 ms - Total time
7928.1 ±  0.0 ms - Build f time
522.7 ±  3.2 ms - Apply f time
7103.8 ± 31.1 ms - Real f time 
2577.8 ± 658.8 ms - Add time
 99.6 ±  1.2 ms - Find child
129.7 ±  1.5 ms - Add child
1881.6 ±  5.9 ms - Hash
1070.6 ± 42.3 ms - Map
686.3 ± 10.0 ms - getState
4.12125
4.50795
5.8132
16798.9 ±  0.0 ms - Total time
12049.3 ±  0.0 ms - Build f time
805.0 ±  4.1 ms - Apply f time
10823.5 ± 35.2 ms - Real f time 
3504.1 ± 658.8 ms - Add time
153.2 ±  1.5 ms - Find child
203.5 ±  3.4 ms - Add child
2847.2 ±  6.6 ms - Hash
1608.3 ± 43.1 ms - Map
1077.6 ± 18.2 ms - getState
3.35671
3.65294
4.59732
21396.3 ±  0.0 ms - Total time
15406.0 ±  0.0 ms - Build f time
1041.1 ±  4.6 ms - Apply f time
13909.8 ± 38.0 ms - Real f time 
4197.4 ± 658.9 ms - Add time
199.7 ±  1.7 ms - Find child
266.2 ±  3.5 ms - Add child
3595.4 ±  7.3 ms - Hash
2063.0 ± 43.3 ms - Map
1360.3 ± 19.5 ms - getState
5.09671
5.60779
7.12277
28519.1 ±  0.0 ms - Total time
20502.7 ±  0.0 ms - Build f time
1381.8 ±  5.6 ms - Apply f time
18632.9 ± 41.8 ms - Real f time 
5368.8 ± 659.7 ms - Add time
255.8 ±  2.0 ms - Find child
345.1 ±  3.7 ms - Add child
4726.5 ±  8.2 ms - Hash
2634.9 ± 43.9 ms - Map
1814.6 ± 19.6 ms - getState
Dag sizes: 1459327 1556617 1633018 1460476 1800093 
brutePieces time: 27.6572
2192.5 ±  0.0 ms - Piece loop time
611.8 ± 19.6 ms - Set time
1474.2 ±  9.2 ms - Child looking time
Nodes:  7909531
Pieces: 1493266
makePieces time: 2.19913
Memory: 175.2 + 380.1 + 253.1 + 210.4 + 88.0 MB
 28.6 ±  0.0 ms - Greedy fill time
composePieces time: 10.0391
                                                                                