Running only task # 414
Using max depth 4
 |                                        | 0 / 416 (0.0%)Function count: 142
0.0364576
0.0407386
0.0210753
0.0223801
0.048773
0.054417
0.0620859
0.0689929
 27.1 ±  0.0 ms - Piece loop time
 48.2 ± 41.8 ms - Set time
 22.8 ±  1.4 ms - Child looking time
0.673987
0.726101
0.810723
997.4 ±  0.0 ms - Total time
842.4 ±  0.0 ms - Build f time
 45.3 ±  0.7 ms - Apply f time
836.2 ±  9.1 ms - Real f time 
141.8 ±  3.8 ms - Add time
 11.8 ±  0.4 ms - Find child
 14.1 ±  0.4 ms - Add child
121.8 ±  1.3 ms - Hash
141.8 ± 40.2 ms - Map
 56.1 ±  6.3 ms - getState
0.281562
0.299725
0.330531
1327.9 ±  0.0 ms - Total time
1123.9 ±  0.0 ms - Build f time
 60.9 ±  1.1 ms - Apply f time
1123.7 ± 10.3 ms - Real f time 
186.1 ±  3.9 ms - Add time
 32.0 ± 15.2 ms - Find child
 21.1 ±  1.4 ms - Add child
165.5 ±  1.5 ms - Hash
180.4 ± 40.1 ms - Map
 71.7 ±  6.2 ms - getState
1.07716
1.18478
1.36138
2689.3 ±  0.0 ms - Total time
2201.1 ±  0.0 ms - Build f time
139.2 ±  1.5 ms - Apply f time
2159.0 ± 11.2 ms - Real f time 
385.4 ±  7.2 ms - Add time
 51.7 ± 15.2 ms - Find child
 48.7 ±  1.6 ms - Add child
334.9 ±  2.0 ms - Hash
330.9 ± 40.4 ms - Map
162.5 ±  8.4 ms - getState
1.34611
1.48319
1.72111
4410.5 ±  0.0 ms - Total time
3547.2 ±  0.0 ms - Build f time
234.8 ±  1.9 ms - Apply f time
3491.6 ± 12.7 ms - Real f time 
648.6 ± 17.6 ms - Add time
 74.9 ± 15.2 ms - Find child
 80.6 ±  1.7 ms - Add child
529.2 ±  2.6 ms - Hash
514.2 ± 40.5 ms - Map
266.6 ±  8.7 ms - getState
Dag sizes: 304460 126486 539720 660610 
brutePieces time: 4.22693
1392.2 ±  0.0 ms - Piece loop time
332.8 ± 16.4 ms - Set time
1000.8 ±  5.5 ms - Child looking time
Nodes:  1631276
Pieces: 17092
makePieces time: 1.39299
Memory: 15.1 + 118.7 + 52.2 + 42.9 + 34.2 MB
  0.1 ±  0.0 ms - Greedy fill time
composePieces time: 0.0446377
                                                                                