Running only task # 304
Using max depth 33
 |                                        | 0 / 416 (0.0%)Function count: 142
0.0500752
0.0534619
0.0257619
0.0278106
0.0504134
0.0553076
0.051525
0.0547449
0.0253869
0.0273637
0.0503781
0.0549951
0.100444
0.110192
 86.4 ±  0.0 ms - Piece loop time
 44.3 ± 35.5 ms - Set time
 76.2 ±  2.0 ms - Child looking time
0.0513283
0.0549709
0.0927192
476.8 ±  0.0 ms - Total time
405.3 ±  0.0 ms - Build f time
 18.3 ±  0.4 ms - Apply f time
337.0 ±  2.9 ms - Real f time 
 89.1 ±  2.1 ms - Add time
  3.5 ±  0.2 ms - Find child
  5.0 ±  0.3 ms - Add child
 74.2 ±  0.9 ms - Hash
106.5 ± 45.9 ms - Map
 18.4 ±  0.4 ms - getState
0.0267269
0.0286931
0.0444394
521.3 ±  0.0 ms - Total time
432.0 ±  0.0 ms - Build f time
 22.2 ±  0.5 ms - Apply f time
362.7 ±  2.9 ms - Real f time 
 98.3 ±  2.1 ms - Add time
  4.9 ±  0.2 ms - Find child
  6.8 ±  0.3 ms - Add child
 81.8 ±  1.0 ms - Hash
114.8 ± 45.9 ms - Map
 22.5 ±  0.5 ms - getState
0.0535058
0.0591786
0.102226
623.6 ±  0.0 ms - Total time
485.5 ±  0.0 ms - Build f time
 33.1 ±  1.6 ms - Apply f time
411.1 ±  3.1 ms - Real f time 
119.4 ±  2.2 ms - Add time
  8.2 ±  0.3 ms - Find child
 11.0 ±  0.4 ms - Add child
 97.4 ±  1.0 ms - Hash
136.7 ± 45.9 ms - Map
 32.1 ±  0.5 ms - getState
0.0529018
0.0564213
0.0959351
719.6 ±  0.0 ms - Total time
538.4 ±  0.0 ms - Build f time
 41.2 ±  1.6 ms - Apply f time
458.7 ±  3.2 ms - Real f time 
138.8 ±  2.3 ms - Add time
 10.3 ±  0.4 ms - Find child
 14.4 ±  0.4 ms - Add child
114.1 ±  1.1 ms - Hash
154.1 ± 45.9 ms - Map
 41.4 ±  0.6 ms - getState
0.0290191
0.0321344
0.0488762
768.5 ±  0.0 ms - Total time
567.5 ±  0.0 ms - Build f time
 45.6 ±  1.6 ms - Apply f time
486.7 ±  3.3 ms - Real f time 
148.1 ±  2.3 ms - Add time
 12.0 ±  0.4 ms - Find child
 16.3 ±  0.5 ms - Add child
121.7 ±  1.2 ms - Hash
163.9 ± 45.9 ms - Map
 45.7 ±  0.6 ms - getState
0.0553362
0.0607378
0.102901
871.5 ±  0.0 ms - Total time
622.8 ±  0.0 ms - Build f time
 55.6 ±  1.7 ms - Apply f time
538.6 ±  3.9 ms - Real f time 
169.3 ±  2.3 ms - Add time
 14.9 ±  0.4 ms - Find child
 20.5 ±  0.5 ms - Add child
137.7 ±  1.2 ms - Hash
185.8 ± 45.9 ms - Map
 58.3 ±  1.9 ms - getState
0.103547
0.113366
0.218311
1089.8 ±  0.0 ms - Total time
726.3 ±  0.0 ms - Build f time
 74.1 ±  1.7 ms - Apply f time
631.7 ±  4.2 ms - Real f time 
220.6 ±  3.5 ms - Add time
 20.7 ±  0.5 ms - Find child
 27.6 ±  0.6 ms - Add child
174.4 ±  1.4 ms - Hash
224.7 ± 45.9 ms - Map
 85.2 ±  1.9 ms - getState
Dag sizes: 75024 38558 90557 75765 39088 90128 174036 
brutePieces time: 0.711077
247.1 ±  0.0 ms - Piece loop time
 97.4 ± 48.6 ms - Set time
185.6 ±  2.3 ms - Child looking time
Nodes:  583156
Pieces: 143979
makePieces time: 0.248772
Memory: 4.6 + 24.3 + 18.7 + 38.7 + 10.0 MB
 10.2 ±  0.8 ms - Greedy fill time
composePieces time: 1.97258
                                                                                