Running only task # 349
Using max depth 23
 |                                        | 0 / 416 (0.0%)Function count: 142
0.393448
0.452192
0.400495
0.45415
0.44781
0.512016
0.416047
0.473861
0.387967
0.443173
0.443071
0.509643
0.447022
0.510801
 29.2 ±  0.0 ms - Piece loop time
 51.4 ± 45.9 ms - Set time
 21.9 ±  1.3 ms - Child looking time
0.401198
0.457065
1.03193
4388.1 ±  0.0 ms - Total time
3337.1 ±  0.0 ms - Build f time
191.0 ±  3.8 ms - Apply f time
2497.6 ± 66.8 ms - Real f time 
873.6 ± 19.4 ms - Add time
  9.0 ±  0.3 ms - Find child
 12.5 ±  0.4 ms - Add child
887.5 ±  5.8 ms - Hash
140.5 ± 41.2 ms - Map
299.8 ± 17.4 ms - getState
0.42412
0.478282
1.04554
5433.7 ±  0.0 ms - Total time
3761.2 ±  0.0 ms - Build f time
250.4 ±  4.0 ms - Apply f time
2829.5 ± 68.8 ms - Real f time 
1167.7 ± 20.0 ms - Add time
 15.1 ±  0.4 ms - Find child
 21.3 ±  0.5 ms - Add child
1150.6 ± 11.1 ms - Hash
183.8 ± 41.8 ms - Map
454.9 ± 18.4 ms - getState
0.455341
0.518725
1.14497
6578.7 ±  0.0 ms - Total time
4216.5 ±  0.0 ms - Build f time
321.2 ±  4.4 ms - Apply f time
3180.7 ± 69.6 ms - Real f time 
1594.2 ± 115.8 ms - Add time
 21.9 ±  0.5 ms - Find child
 30.7 ±  0.6 ms - Add child
1454.9 ± 18.9 ms - Hash
222.8 ± 41.9 ms - Map
612.2 ± 18.5 ms - getState
0.404032
0.459714
1.04583
7624.6 ±  0.0 ms - Total time
4620.5 ±  0.0 ms - Build f time
383.1 ±  4.7 ms - Apply f time
3550.5 ± 77.8 ms - Real f time 
2090.0 ± 225.1 ms - Add time
 29.1 ±  1.4 ms - Find child
 39.4 ±  0.7 ms - Add child
1717.2 ± 19.1 ms - Hash
255.5 ± 41.9 ms - Map
758.7 ± 18.5 ms - getState
0.398225
0.451829
1.00493
8629.5 ±  0.0 ms - Total time
5018.8 ±  0.0 ms - Build f time
442.8 ±  4.9 ms - Apply f time
3900.0 ± 81.8 ms - Real f time 
2376.3 ± 225.0 ms - Add time
 34.9 ±  1.4 ms - Find child
 47.5 ±  0.8 ms - Add child
1971.0 ± 19.3 ms - Hash
296.1 ± 42.4 ms - Map
892.9 ± 18.6 ms - getState
0.451355
0.518889
1.15178
9781.4 ±  0.0 ms - Total time
5470.1 ±  0.0 ms - Build f time
514.2 ±  5.2 ms - Apply f time
4287.0 ± 85.5 ms - Real f time 
2696.9 ± 225.2 ms - Add time
 41.6 ±  1.4 ms - Find child
 57.0 ±  0.8 ms - Add child
2264.5 ± 19.8 ms - Hash
334.4 ± 42.4 ms - Map
1051.1 ± 18.7 ms - getState
0.455348
0.518064
1.14245
10923.9 ±  0.0 ms - Total time
5925.5 ±  0.0 ms - Build f time
585.5 ±  5.6 ms - Apply f time
4650.4 ± 86.0 ms - Real f time 
3020.7 ± 224.9 ms - Add time
 48.3 ±  1.5 ms - Find child
 67.2 ±  1.0 ms - Add child
2553.1 ± 20.1 ms - Hash
371.1 ± 42.4 ms - Map
1208.9 ± 18.8 ms - getState
Dag sizes: 168697 163764 182029 168579 163071 181609 179471 
brutePieces time: 7.57053
 99.7 ±  0.0 ms - Piece loop time
 49.1 ± 17.9 ms - Set time
 71.1 ±  3.2 ms - Child looking time
Nodes:  1207220
Pieces: 129598
makePieces time: 0.100784
Memory: 125.2 + 39.6 + 38.6 + 48.7 + 8.5 MB
1572.7 ± 71.6 ms - Greedy fill time
composePieces time: 25.2539
                                                                                