Running only task # 409
Using max depth 23
 |                                        | 0 / 416 (0.0%)Function count: 142
0.0489343
0.0519458
0.04564
0.0486148
0.0487175
0.0517564
0.0460355
0.0489582
0.0503659
0.0538218
 23.2 ±  0.0 ms - Piece loop time
 43.4 ± 39.4 ms - Set time
 18.6 ±  0.9 ms - Child looking time
0.0491055
0.0521157
0.0866387
341.9 ±  0.0 ms - Total time
288.8 ±  0.0 ms - Build f time
 12.6 ±  0.4 ms - Apply f time
246.7 ±  2.6 ms - Real f time 
 57.7 ±  1.0 ms - Add time
  2.3 ±  0.2 ms - Find child
  3.4 ±  0.2 ms - Add child
 54.1 ±  0.7 ms - Hash
 67.5 ± 36.1 ms - Map
 13.9 ±  0.3 ms - getState
0.0507746
0.0536422
0.0885401
430.4 ±  0.0 ms - Total time
339.6 ±  0.0 ms - Build f time
 20.1 ±  0.5 ms - Apply f time
293.9 ±  2.8 ms - Real f time 
 77.2 ±  1.1 ms - Add time
  4.2 ±  0.2 ms - Find child
  5.6 ±  0.3 ms - Add child
 70.1 ±  0.8 ms - Hash
 77.9 ± 36.1 ms - Map
 21.6 ±  0.4 ms - getState
0.049952
0.0530507
0.0904922
521.0 ±  0.0 ms - Total time
389.5 ±  0.0 ms - Build f time
 27.0 ±  0.6 ms - Apply f time
342.2 ±  3.1 ms - Real f time 
 96.7 ±  1.2 ms - Add time
  6.4 ±  0.3 ms - Find child
  8.2 ±  0.3 ms - Add child
 86.9 ±  0.9 ms - Hash
 88.9 ± 36.1 ms - Map
 30.5 ±  0.5 ms - getState
0.0470067
0.0500107
0.0868392
607.8 ±  0.0 ms - Total time
436.5 ±  0.0 ms - Build f time
 34.3 ±  0.6 ms - Apply f time
386.3 ±  3.3 ms - Real f time 
116.4 ±  1.3 ms - Add time
  8.5 ±  0.3 ms - Find child
 11.1 ±  0.4 ms - Add child
102.9 ±  1.0 ms - Hash
 99.8 ± 36.1 ms - Map
 39.2 ±  0.6 ms - getState
0.0511936
0.0543615
0.0936544
701.5 ±  0.0 ms - Total time
487.7 ±  0.0 ms - Build f time
 41.5 ±  0.7 ms - Apply f time
434.4 ±  3.5 ms - Real f time 
138.9 ±  1.4 ms - Add time
 10.5 ±  0.4 ms - Find child
 14.0 ±  0.4 ms - Add child
120.8 ±  1.1 ms - Hash
111.5 ± 36.1 ms - Map
 48.3 ±  0.8 ms - getState
Dag sizes: 72203 70315 72152 70229 78682 
brutePieces time: 0.449969
 70.6 ±  0.0 ms - Piece loop time
 52.7 ± 36.6 ms - Set time
 53.4 ±  1.1 ms - Child looking time
Nodes:  363581
Pieces: 88734
makePieces time: 0.0717549
Memory: 3.7 + 14.2 + 11.6 + 26.8 + 4.5 MB
  5.8 ±  0.0 ms - Greedy fill time
composePieces time: 0.581052
                                                                                