Running only task # 381
Using max depth 33
 |                                        | 0 / 416 (0.0%)Function count: 142
0.0670765
0.0725202
0.0608034
0.0647596
0.0667849
0.0717872
0.0658858
0.0707733
0.0643426
0.0684332
0.0655554
0.070388
0.0810163
0.0855239
 31.3 ±  0.0 ms - Piece loop time
 40.1 ± 35.6 ms - Set time
 26.1 ±  1.3 ms - Child looking time
0.0670476
0.071926
0.117685
622.1 ±  0.0 ms - Total time
538.5 ±  0.0 ms - Build f time
 19.1 ±  0.5 ms - Apply f time
451.6 ±  6.5 ms - Real f time 
103.1 ±  1.7 ms - Add time
  3.7 ±  0.2 ms - Find child
  5.0 ±  0.3 ms - Add child
104.2 ±  1.0 ms - Hash
 91.2 ± 39.0 ms - Map
 24.7 ±  1.5 ms - getState
0.0624419
0.0666871
0.107041
729.1 ±  0.0 ms - Total time
600.9 ±  0.0 ms - Build f time
 27.1 ±  0.6 ms - Apply f time
507.8 ±  6.6 ms - Real f time 
125.3 ±  1.8 ms - Add time
  6.2 ±  0.3 ms - Find child
  7.7 ±  0.3 ms - Add child
124.9 ±  1.1 ms - Hash
102.2 ± 39.1 ms - Map
 34.3 ±  1.5 ms - getState
0.069082
0.0741461
0.128286
857.5 ±  0.0 ms - Total time
670.0 ±  0.0 ms - Build f time
 37.3 ±  0.7 ms - Apply f time
569.3 ±  6.7 ms - Real f time 
152.7 ±  1.9 ms - Add time
  8.7 ±  0.3 ms - Find child
 11.5 ±  0.4 ms - Add child
148.5 ±  1.2 ms - Hash
116.5 ± 39.1 ms - Map
 49.4 ±  1.8 ms - getState
0.0684457
0.0734504
0.120781
978.3 ±  0.0 ms - Total time
738.5 ±  0.0 ms - Build f time
 46.3 ±  0.7 ms - Apply f time
630.8 ±  6.9 ms - Real f time 
177.9 ±  2.0 ms - Add time
 11.4 ±  0.4 ms - Find child
 14.7 ±  0.4 ms - Add child
172.5 ±  1.3 ms - Hash
132.5 ± 39.1 ms - Map
 60.0 ±  1.8 ms - getState
0.062265
0.0664296
0.106946
1085.3 ±  0.0 ms - Total time
800.7 ±  0.0 ms - Build f time
 53.9 ±  0.8 ms - Apply f time
690.7 ±  7.4 ms - Real f time 
200.0 ±  2.1 ms - Add time
 13.5 ±  0.4 ms - Find child
 17.5 ±  0.5 ms - Add child
193.6 ±  1.4 ms - Hash
158.8 ± 41.3 ms - Map
 69.5 ±  1.8 ms - getState
0.068292
0.0734578
0.136844
1222.2 ±  0.0 ms - Total time
869.0 ±  0.0 ms - Build f time
 67.8 ±  0.9 ms - Apply f time
755.3 ±  7.5 ms - Real f time 
230.2 ±  2.3 ms - Add time
 17.2 ±  0.5 ms - Find child
 21.8 ±  0.5 ms - Add child
218.1 ±  1.4 ms - Hash
178.4 ± 41.3 ms - Map
 84.5 ±  1.9 ms - getState
0.0653545
0.069929
0.114013
1336.2 ±  0.0 ms - Total time
934.4 ±  0.0 ms - Build f time
 76.5 ±  0.9 ms - Apply f time
814.3 ±  7.6 ms - Real f time 
255.1 ±  2.3 ms - Add time
 19.5 ±  0.5 ms - Find child
 25.0 ±  0.6 ms - Add child
240.5 ±  1.5 ms - Hash
188.9 ± 41.3 ms - Map
 95.0 ±  1.9 ms - getState
Dag sizes: 85946 70277 83473 83342 67895 80337 80806 
brutePieces time: 0.837132
 76.9 ±  0.0 ms - Piece loop time
 52.8 ± 36.7 ms - Set time
 55.1 ±  1.3 ms - Child looking time
Nodes:  552076
Pieces: 80151
makePieces time: 0.0781664
Memory: 6.5 + 22.2 + 17.7 + 38.2 + 5.4 MB
 22.9 ±  0.6 ms - Greedy fill time
composePieces time: 1.74682
                                                                                