Running only task # 99
Using max depth 3
 |                                        | 0 / 416 (0.0%)Function count: 142
1.57155
1.83122
2.34385
2.76553
1.08947
1.26532
1.21273
1.41017
 42.3 ±  0.0 ms - Piece loop time
 48.2 ± 36.8 ms - Set time
 29.8 ±  1.3 ms - Child looking time
1.62642
1.89676
2.06932
9341.8 ±  0.0 ms - Total time
7844.0 ±  0.0 ms - Build f time
541.0 ± 10.6 ms - Apply f time
7015.4 ± 79.1 ms - Real f time 
1759.8 ± 33.4 ms - Add time
  7.8 ±  0.3 ms - Find child
 14.0 ±  0.4 ms - Add child
640.0 ±  6.8 ms - Hash
177.8 ± 37.6 ms - Map
648.1 ± 20.2 ms - getState
2.39704
2.80413
3.1108
12452.6 ±  0.0 ms - Total time
10241.1 ±  0.0 ms - Build f time
725.2 ± 15.6 ms - Apply f time
9120.9 ± 96.8 ms - Real f time 
2323.7 ± 37.8 ms - Add time
 14.6 ±  1.1 ms - Find child
 22.4 ±  0.8 ms - Add child
880.5 ±  7.6 ms - Hash
225.2 ± 37.6 ms - Map
997.9 ± 21.3 ms - getState
1.10813
1.2919
1.45842
13911.0 ±  0.0 ms - Total time
11349.2 ±  0.0 ms - Build f time
806.0 ± 16.0 ms - Apply f time
10109.6 ± 98.6 ms - Real f time 
2587.5 ± 38.5 ms - Add time
 19.5 ±  1.1 ms - Find child
 29.3 ±  0.8 ms - Add child
999.4 ±  8.1 ms - Hash
266.1 ± 37.6 ms - Map
1181.6 ± 25.8 ms - getState
1.22683
1.43654
1.61918
15530.2 ±  0.0 ms - Total time
12576.0 ±  0.0 ms - Build f time
902.4 ± 16.8 ms - Apply f time
11166.2 ± 100.2 ms - Real f time 
2898.5 ± 42.7 ms - Add time
 24.1 ±  1.1 ms - Find child
 36.6 ±  0.9 ms - Add child
1131.6 ±  8.5 ms - Hash
305.9 ± 37.5 ms - Map
1367.3 ± 26.1 ms - getState
Dag sizes: 161742 196938 186073 184372 
brutePieces time: 8.25923
 85.9 ±  0.0 ms - Piece loop time
 64.9 ± 39.2 ms - Set time
 50.7 ±  1.3 ms - Child looking time
Nodes:  729125
Pieces: 85549
makePieces time: 0.0869485
Memory: 77.4 + 31.1 + 23.3 + 28.4 + 5.1 MB
  6.5 ±  0.0 ms - Greedy fill time
composePieces time: 0.305574
                                                                                