Running only task # 65
Using max depth 23
 |                                        | 0 / 416 (0.0%)Function count: 142
0.0221127
0.0235739
0.0255167
0.0273148
0.0283285
0.0304408
0.0217178
0.0230023
0.0254106
0.027151
0.0298942
0.031983
0.0249359
0.0266751
 24.7 ±  0.0 ms - Piece loop time
 37.9 ± 34.9 ms - Set time
 20.9 ±  1.1 ms - Child looking time
0.021971
0.023296
0.0256422
215.9 ±  0.0 ms - Total time
199.9 ±  0.0 ms - Build f time
  6.1 ±  0.2 ms - Apply f time
192.8 ±  1.7 ms - Real f time 
 34.3 ±  2.0 ms - Add time
  1.1 ±  0.1 ms - Find child
  1.4 ±  0.1 ms - Add child
 32.4 ±  0.6 ms - Hash
 60.1 ± 38.5 ms - Map
  5.6 ±  0.2 ms - getState
0.0274112
0.0298737
0.0337459
249.7 ±  0.0 ms - Total time
227.3 ±  0.0 ms - Build f time
  8.6 ±  0.3 ms - Apply f time
220.7 ±  1.9 ms - Real f time 
 39.4 ±  2.0 ms - Add time
  1.7 ±  0.1 ms - Find child
  2.4 ±  0.2 ms - Add child
 37.1 ±  0.7 ms - Hash
 63.6 ± 38.5 ms - Map
  7.5 ±  0.3 ms - getState
0.0292891
0.0312674
0.0343092
284.0 ±  0.0 ms - Total time
256.6 ±  0.0 ms - Build f time
 10.7 ±  0.3 ms - Apply f time
247.7 ±  2.0 ms - Real f time 
 44.2 ±  2.1 ms - Add time
  2.4 ±  0.2 ms - Find child
  3.2 ±  0.2 ms - Add child
 43.0 ±  0.7 ms - Hash
 67.3 ± 38.4 ms - Map
  8.9 ±  0.3 ms - getState
0.024615
0.0261087
0.0284792
312.5 ±  0.0 ms - Total time
281.2 ±  0.0 ms - Build f time
 12.2 ±  0.4 ms - Apply f time
271.4 ±  2.0 ms - Real f time 
 48.2 ±  2.1 ms - Add time
  3.0 ±  0.2 ms - Find child
  3.8 ±  0.2 ms - Add child
 47.3 ±  0.8 ms - Hash
 70.4 ± 38.5 ms - Map
 10.0 ±  0.3 ms - getState
0.0300313
0.0317514
0.0343248
346.9 ±  0.0 ms - Total time
311.2 ±  0.0 ms - Build f time
 14.1 ±  0.4 ms - Apply f time
300.6 ±  2.1 ms - Real f time 
 53.2 ±  2.1 ms - Add time
  3.3 ±  0.2 ms - Find child
  4.3 ±  0.2 ms - Add child
 52.7 ±  0.8 ms - Hash
 74.0 ± 38.4 ms - Map
 11.1 ±  0.3 ms - getState
0.0289485
0.0310273
0.0346546
381.5 ±  0.0 ms - Total time
340.2 ±  0.0 ms - Build f time
 16.3 ±  0.4 ms - Apply f time
329.1 ±  2.2 ms - Real f time 
 59.2 ±  2.1 ms - Add time
  4.1 ±  0.2 ms - Find child
  5.3 ±  0.3 ms - Add child
 58.0 ±  0.9 ms - Hash
 77.9 ± 38.5 ms - Map
 12.5 ±  0.3 ms - getState
0.0254008
0.027133
0.0298819
411.4 ±  0.0 ms - Total time
365.6 ±  0.0 ms - Build f time
 18.1 ±  0.4 ms - Apply f time
355.1 ±  2.3 ms - Real f time 
 63.6 ±  2.1 ms - Add time
  4.6 ±  0.2 ms - Find child
  6.2 ±  0.3 ms - Add child
 62.7 ±  0.9 ms - Hash
 81.2 ± 38.5 ms - Map
 13.5 ±  0.3 ms - getState
Dag sizes: 11827 13337 16343 11828 13346 16400 14151 
brutePieces time: 0.226554
 31.3 ±  0.0 ms - Piece loop time
 41.4 ± 37.5 ms - Set time
 25.0 ±  1.0 ms - Child looking time
Nodes:  97232
Pieces: 237
makePieces time: 0.032128
Memory: 0.5 + 9.9 + 3.1 + 30.9 + 1.2 MB
  0.2 ±  0.0 ms - Greedy fill time
composePieces time: 0.00226571
                                                                                