Running only task # 355
Using max depth 4
 |                                        | 0 / 416 (0.0%)Function count: 142
1.29725
1.51107
0.4903
0.571019
0.720564
0.834297
0.639495
0.742287
 38.9 ±  0.0 ms - Piece loop time
 24.8 ± 15.1 ms - Set time
 31.2 ±  3.5 ms - Child looking time
48.7326
55.9167
74.6872
78346.1 ±  0.0 ms - Total time
51880.3 ±  0.0 ms - Build f time
4910.3 ± 30.4 ms - Apply f time
49929.3 ± 177.9 ms - Real f time 
14706.8 ± 103.7 ms - Add time
468.3 ±  3.7 ms - Find child
731.3 ± 11.6 ms - Add child
8771.5 ± 26.0 ms - Hash
3949.9 ± 46.6 ms - Map
7883.2 ± 28.5 ms - getState
17.7451
20.3072
29.0304
