Running only task # 212
Using max depth 4
 |                                        | 0 / 416 (0.0%)Function count: 142
0.0149326
0.0157672
0.0156901
0.0164688
0.0129972
0.0136643
0.0124562
0.0131818
 14.4 ±  0.0 ms - Piece loop time
 43.3 ± 40.9 ms - Set time
 11.4 ±  0.7 ms - Child looking time
0.336581
0.352929
0.425132
484.3 ±  0.0 ms - Total time
392.7 ±  0.0 ms - Build f time
 22.7 ±  0.5 ms - Apply f time
375.5 ±  3.2 ms - Real f time 
 73.8 ±  1.1 ms - Add time
  8.6 ±  1.0 ms - Find child
 10.5 ±  0.7 ms - Add child
 75.5 ±  1.1 ms - Hash
113.1 ± 38.9 ms - Map
 23.1 ±  0.5 ms - getState
0.318075
0.333694
0.385027
869.4 ±  0.0 ms - Total time
710.7 ±  0.0 ms - Build f time
 40.3 ±  0.7 ms - Apply f time
694.0 ±  3.9 ms - Real f time 
132.0 ±  2.5 ms - Add time
 14.7 ±  1.0 ms - Find child
 17.8 ±  0.7 ms - Add child
132.8 ±  2.1 ms - Hash
162.6 ± 38.9 ms - Map
 41.7 ±  0.6 ms - getState
0.257105
0.269044
0.318449
1187.8 ±  0.0 ms - Total time
967.8 ±  0.0 ms - Build f time
 55.5 ±  0.8 ms - Apply f time
941.7 ±  4.3 ms - Real f time 
198.5 ± 12.2 ms - Add time
 20.5 ±  1.1 ms - Find child
 24.1 ±  0.9 ms - Add child
184.1 ±  2.3 ms - Hash
208.8 ± 38.8 ms - Map
 57.3 ±  0.8 ms - getState
0.264656
0.276654
0.325916
1513.8 ±  0.0 ms - Total time
1232.5 ±  0.0 ms - Build f time
 71.9 ±  1.1 ms - Apply f time
1196.8 ±  4.8 ms - Real f time 
247.4 ± 12.2 ms - Add time
 26.5 ±  1.2 ms - Find child
 30.4 ±  0.9 ms - Add child
236.6 ±  2.4 ms - Hash
256.2 ± 38.9 ms - Map
 72.6 ±  0.9 ms - getState
Dag sizes: 250423 192903 178948 177729 
brutePieces time: 1.45736
684.6 ±  0.0 ms - Piece loop time
173.5 ± 15.5 ms - Set time
489.0 ±  5.7 ms - Child looking time
Nodes:  800003
Pieces: 378506
makePieces time: 0.686005
Memory: 3.6 + 65.5 + 25.6 + 29.6 + 21.3 MB
  0.5 ±  0.0 ms - Greedy fill time
composePieces time: 0.492779
                                                                                