Running only task # 191
Using max depth 3
 |                                        | 0 / 416 (0.0%)Function count: 142
0.0350606
0.0370257
0.0284789
0.0302002
0.0350162
0.0370377
0.0413844
0.0436696
  6.4 ±  0.0 ms - Piece loop time
 45.8 ± 44.2 ms - Set time
  4.9 ±  0.5 ms - Child looking time
0.0259175
0.0276358
0.0358192
183.8 ±  0.0 ms - Total time
165.9 ±  0.0 ms - Build f time
  5.7 ±  0.3 ms - Apply f time
166.6 ±  2.3 ms - Real f time 
 28.5 ±  3.0 ms - Add time
  1.2 ±  0.1 ms - Find child
  1.5 ±  0.1 ms - Add child
 22.6 ±  0.7 ms - Hash
104.1 ± 64.4 ms - Map
  5.8 ±  0.3 ms - getState
0.0286892
0.030379
0.0387822
222.6 ±  0.0 ms - Total time
194.5 ±  0.0 ms - Build f time
  8.1 ±  0.3 ms - Apply f time
196.9 ±  2.4 ms - Real f time 
 35.5 ±  3.0 ms - Add time
  2.0 ±  0.2 ms - Find child
  2.5 ±  0.2 ms - Add child
 28.5 ±  0.8 ms - Hash
107.5 ± 64.5 ms - Map
  8.3 ±  0.3 ms - getState
0.0356886
0.0376524
0.0492947
272.0 ±  0.0 ms - Total time
230.2 ±  0.0 ms - Build f time
 11.4 ±  0.4 ms - Apply f time
234.4 ±  2.6 ms - Real f time 
 44.4 ±  3.1 ms - Add time
  3.2 ±  0.2 ms - Find child
  3.8 ±  0.2 ms - Add child
 35.8 ±  0.8 ms - Hash
112.1 ± 64.4 ms - Map
 11.5 ±  0.3 ms - getState
0.0414116
0.0436957
0.0565382
328.5 ±  0.0 ms - Total time
271.6 ±  0.0 ms - Build f time
 14.9 ±  0.5 ms - Apply f time
277.5 ±  2.8 ms - Real f time 
 59.7 ±  6.3 ms - Add time
  4.1 ±  0.2 ms - Find child
  5.0 ±  0.2 ms - Add child
 43.3 ±  0.9 ms - Hash
116.1 ± 64.3 ms - Map
 15.0 ±  0.4 ms - getState
Dag sizes: 26300 24437 29190 29382 
brutePieces time: 0.183875
 15.6 ±  0.0 ms - Piece loop time
 43.9 ± 40.8 ms - Set time
 11.8 ±  0.6 ms - Child looking time
Nodes:  109309
Pieces: 20756
makePieces time: 0.0165042
Memory: 0.9 + 5.6 + 3.5 + 18.5 + 0.9 MB
  0.4 ±  0.0 ms - Greedy fill time
composePieces time: 0.0376861
                                                                                