Running only task # 231
Using max depth 3
 |                                        | 0 / 416 (0.0%)Function count: 142
0.0126332
0.0136328
0.017046
0.0186606
0.0244834
0.0273345
0.0312746
0.0352291
 13.6 ±  0.0 ms - Piece loop time
 37.4 ± 35.2 ms - Set time
 11.3 ±  0.6 ms - Child looking time
0.0123966
0.013237
0.0149863
109.9 ±  0.0 ms - Total time
 97.8 ±  0.0 ms - Build f time
  4.3 ±  0.2 ms - Apply f time
 93.9 ±  1.3 ms - Real f time 
 18.1 ±  0.6 ms - Add time
  0.5 ±  0.1 ms - Find child
  1.0 ±  0.1 ms - Add child
 14.8 ±  0.4 ms - Hash
 45.0 ± 34.6 ms - Map
  3.7 ±  0.2 ms - getState
0.0173767
0.019013
0.0239571
133.9 ±  0.0 ms - Total time
115.2 ±  0.0 ms - Build f time
  6.0 ±  0.2 ms - Apply f time
109.9 ±  1.4 ms - Real f time 
 23.1 ±  0.6 ms - Add time
  1.1 ±  0.1 ms - Find child
  1.8 ±  0.2 ms - Add child
 19.0 ±  0.5 ms - Hash
 47.8 ± 34.5 ms - Map
  5.7 ±  0.2 ms - getState
0.0245933
0.0274152
0.0346378
168.6 ±  0.0 ms - Total time
139.8 ±  0.0 ms - Build f time
  8.7 ±  0.3 ms - Apply f time
134.6 ±  1.5 ms - Real f time 
 30.0 ±  0.7 ms - Add time
  1.9 ±  0.2 ms - Find child
  3.0 ±  0.2 ms - Add child
 24.2 ±  0.5 ms - Hash
 51.6 ± 34.5 ms - Map
  8.2 ±  0.3 ms - getState
0.0306132
0.0344374
0.0438689
212.5 ±  0.0 ms - Total time
170.4 ±  0.0 ms - Build f time
 12.3 ±  0.4 ms - Apply f time
164.3 ±  1.6 ms - Real f time 
 39.2 ±  0.8 ms - Add time
  2.7 ±  0.2 ms - Find child
  4.2 ±  0.2 ms - Add child
 30.4 ±  0.6 ms - Hash
 56.6 ± 34.5 ms - Map
 11.7 ±  0.3 ms - getState
Dag sizes: 8788 19102 27065 35639 
brutePieces time: 0.120334
 28.1 ±  0.0 ms - Piece loop time
 47.0 ± 40.3 ms - Set time
 20.2 ±  0.6 ms - Child looking time
Nodes:  90594
Pieces: 24180
makePieces time: 0.0290324
Memory: 0.5 + 5.1 + 2.9 + 18.2 + 1.3 MB
  0.1 ±  0.0 ms - Greedy fill time
composePieces time: 0.0225267
                                                                                