Running only task # 37
Using max depth 23
 |                                        | 0 / 416 (0.0%)Function count: 142
0.0651937
0.0704998
0.0577013
0.0622181
0.0735818
0.0800027
0.0643031
0.0692019
0.0603063
0.0648543
0.0627403
0.067822
0.0959207
0.105026
 32.3 ±  0.0 ms - Piece loop time
 49.2 ± 44.0 ms - Set time
 27.1 ±  1.2 ms - Child looking time
0.0664784
0.0713503
0.114111
633.9 ±  0.0 ms - Total time
546.2 ±  0.0 ms - Build f time
 22.7 ±  0.5 ms - Apply f time
464.9 ± 11.5 ms - Real f time 
124.6 ± 11.5 ms - Add time
  3.4 ±  0.2 ms - Find child
  5.4 ±  0.3 ms - Add child
108.0 ±  1.3 ms - Hash
 92.3 ± 39.3 ms - Map
 25.6 ±  0.5 ms - getState
0.0586342
0.0631351
0.105499
739.5 ±  0.0 ms - Total time
604.9 ±  0.0 ms - Build f time
 31.5 ±  0.6 ms - Apply f time
519.6 ± 11.6 ms - Real f time 
147.6 ± 11.6 ms - Add time
  6.2 ±  0.6 ms - Find child
  8.3 ±  0.3 ms - Add child
129.0 ±  1.4 ms - Hash
102.8 ± 39.4 ms - Map
 37.5 ±  0.6 ms - getState
0.0647308
0.0698638
0.115245
854.8 ±  0.0 ms - Total time
669.6 ±  0.0 ms - Build f time
 41.2 ±  0.7 ms - Apply f time
578.4 ± 11.6 ms - Real f time 
172.6 ± 11.6 ms - Add time
  8.7 ±  0.6 ms - Find child
 11.7 ±  0.4 ms - Add child
151.7 ±  1.4 ms - Hash
115.8 ± 39.4 ms - Map
 49.8 ±  0.8 ms - getState
0.0664047
0.0713197
0.115054
969.9 ±  0.0 ms - Total time
736.0 ±  0.0 ms - Build f time
 50.0 ±  0.8 ms - Apply f time
638.5 ± 11.7 ms - Real f time 
196.7 ± 11.6 ms - Add time
 10.9 ±  0.6 ms - Find child
 15.0 ±  0.4 ms - Add child
175.4 ±  1.5 ms - Hash
127.3 ± 39.4 ms - Map
 61.0 ±  0.9 ms - getState
0.0606157
0.065211
0.107431
1077.3 ±  0.0 ms - Total time
796.6 ±  0.0 ms - Build f time
 58.3 ±  0.8 ms - Apply f time
691.3 ± 11.7 ms - Real f time 
220.1 ± 11.6 ms - Add time
 13.1 ±  0.6 ms - Find child
 18.2 ±  0.5 ms - Add child
196.5 ±  1.6 ms - Hash
138.4 ± 39.4 ms - Map
 72.1 ±  0.9 ms - getState
0.0638649
0.0689222
0.115336
1192.7 ±  0.0 ms - Total time
860.5 ±  0.0 ms - Build f time
 67.8 ±  0.9 ms - Apply f time
749.7 ± 11.8 ms - Real f time 
245.9 ± 11.6 ms - Add time
 15.6 ±  0.7 ms - Find child
 21.7 ±  0.5 ms - Add child
218.7 ±  1.6 ms - Hash
156.3 ± 39.8 ms - Map
 84.2 ±  1.0 ms - getState
0.0981102
0.107117
0.19946
1392.2 ±  0.0 ms - Total time
958.6 ±  0.0 ms - Build f time
 83.3 ±  1.0 ms - Apply f time
837.5 ± 11.9 ms - Real f time 
331.1 ± 34.0 ms - Add time
 19.0 ±  0.7 ms - Find child
 26.5 ±  0.6 ms - Add child
258.6 ±  1.8 ms - Hash
175.7 ± 39.8 ms - Map
109.8 ±  1.3 ms - getState
Dag sizes: 74296 72552 78396 74302 72545 78378 127039 
brutePieces time: 0.876927
 92.7 ±  0.0 ms - Piece loop time
 59.4 ± 41.3 ms - Set time
 72.7 ±  3.1 ms - Child looking time
Nodes:  577508
Pieces: 90586
makePieces time: 0.0940498
Memory: 7.6 + 23.1 + 18.5 + 38.6 + 6.2 MB
 27.2 ±  1.6 ms - Greedy fill time
composePieces time: 1.58034
                                                                                