Running only task # 388
Using max depth 33
 |                                        | 0 / 416 (0.0%)Function count: 142
0.997205
1.13267
0.702677
0.781145
0.999114
1.13614
0.683497
0.766195
1.25224
1.45413
 57.2 ±  0.0 ms - Piece loop time
 27.9 ± 17.3 ms - Set time
 44.9 ±  1.3 ms - Child looking time
0.997831
1.13161
1.44269
6713.2 ±  0.0 ms - Total time
5632.6 ±  0.0 ms - Build f time
291.7 ±  7.1 ms - Apply f time
4586.1 ± 88.8 ms - Real f time 
1245.9 ± 75.7 ms - Add time
  9.3 ±  0.7 ms - Find child
 14.2 ±  0.4 ms - Add child
931.7 ± 15.3 ms - Hash
171.3 ± 40.9 ms - Map
398.8 ± 10.0 ms - getState
0.682777
0.766809
0.998383
7711.7 ±  0.0 ms - Total time
6315.3 ±  0.0 ms - Build f time
340.5 ±  7.5 ms - Apply f time
5141.9 ± 92.5 ms - Real f time 
1425.9 ± 75.9 ms - Add time
 13.6 ±  0.7 ms - Find child
 20.6 ±  0.5 ms - Add child
1120.0 ± 15.6 ms - Hash
202.1 ± 40.9 ms - Map
498.0 ± 10.3 ms - getState
1.00119
1.13521
1.44991
9161.7 ±  0.0 ms - Total time
7316.5 ±  0.0 ms - Build f time
411.3 ±  8.2 ms - Apply f time
5973.5 ± 101.1 ms - Real f time 
1716.7 ± 78.8 ms - Add time
 19.5 ±  0.7 ms - Find child
 28.9 ±  0.6 ms - Add child
1346.7 ± 15.7 ms - Hash
241.1 ± 40.9 ms - Map
663.1 ± 10.8 ms - getState
0.705122
0.783562
1.02575
10187.5 ±  0.0 ms - Total time
8021.6 ±  0.0 ms - Build f time
455.4 ±  8.5 ms - Apply f time
6526.7 ± 104.0 ms - Real f time 
1922.1 ± 79.0 ms - Add time
 24.2 ±  0.8 ms - Find child
 35.5 ±  0.7 ms - Add child
1540.2 ± 16.1 ms - Hash
273.8 ± 40.9 ms - Map
764.1 ± 11.0 ms - getState
1.27471
1.4643
1.89767
12085.2 ±  0.0 ms - Total time
9296.4 ±  0.0 ms - Build f time
553.7 ±  9.3 ms - Apply f time
7580.7 ± 111.7 ms - Real f time 
2279.8 ± 79.3 ms - Add time
 32.0 ±  0.8 ms - Find child
 46.3 ±  0.7 ms - Add child
1811.8 ± 16.4 ms - Hash
327.4 ± 40.8 ms - Map
1019.5 ± 21.0 ms - getState
Dag sizes: 145210 115708 147741 120833 188211 
brutePieces time: 6.81677
139.5 ±  0.0 ms - Piece loop time
 55.2 ± 20.4 ms - Set time
102.2 ±  3.9 ms - Child looking time
Nodes:  717703
Pieces: 36259
makePieces time: 0.140271
Memory: 71.9 + 34.7 + 23.0 + 32.5 + 6.2 MB
  0.3 ±  0.0 ms - Greedy fill time
composePieces time: 0.0910872
                                                                                