Running only task # 13
Using max depth 33
 |                                        | 0 / 416 (0.0%)Function count: 142
0.0716069
0.0765317
0.0754097
0.0805496
0.0756856
0.0810583
0.0707756
0.0756832
0.0760876
0.0834522
0.079577
0.0850462
0.0836405
0.0896532
 28.1 ±  0.0 ms - Piece loop time
 46.0 ± 40.6 ms - Set time
 22.9 ±  2.3 ms - Child looking time
0.0716963
0.0765079
0.124669
704.3 ±  0.0 ms - Total time
604.5 ±  0.0 ms - Build f time
 22.9 ±  0.6 ms - Apply f time
514.0 ±  4.0 ms - Real f time 
145.8 ± 18.9 ms - Add time
  3.9 ±  0.2 ms - Find child
  4.6 ±  0.2 ms - Add child
109.0 ±  1.6 ms - Hash
 96.8 ± 38.3 ms - Map
 26.5 ±  0.5 ms - getState
0.0811752
0.089292
0.145213
849.6 ±  0.0 ms - Total time
685.6 ±  0.0 ms - Build f time
 35.0 ±  0.7 ms - Apply f time
594.2 ±  5.0 ms - Real f time 
175.4 ± 18.9 ms - Add time
  7.0 ±  0.3 ms - Find child
  8.9 ±  0.3 ms - Add child
135.3 ±  1.7 ms - Hash
113.0 ± 38.3 ms - Map
 40.8 ±  0.6 ms - getState
0.0838709
0.0893825
0.150398
1000.0 ±  0.0 ms - Total time
769.5 ±  0.0 ms - Build f time
 45.8 ±  0.8 ms - Apply f time
669.4 ±  5.1 ms - Real f time 
207.3 ± 19.0 ms - Add time
  9.9 ±  0.4 ms - Find child
 13.3 ±  0.4 ms - Add child
162.4 ±  1.8 ms - Hash
130.6 ± 38.3 ms - Map
 57.7 ±  0.7 ms - getState
0.0805244
0.0853879
0.136042
1136.1 ±  0.0 ms - Total time
850.0 ±  0.0 ms - Build f time
 56.2 ±  0.9 ms - Apply f time
740.4 ±  5.3 ms - Real f time 
236.1 ± 19.0 ms - Add time
 12.7 ±  0.4 ms - Find child
 16.8 ±  0.5 ms - Add child
188.1 ±  1.8 ms - Hash
145.4 ± 38.3 ms - Map
 69.9 ±  0.8 ms - getState
0.0819056
0.0873364
0.142792
1278.9 ±  0.0 ms - Total time
931.9 ±  0.0 ms - Build f time
 67.0 ±  0.9 ms - Apply f time
815.4 ±  5.5 ms - Real f time 
268.2 ± 19.0 ms - Add time
 15.6 ±  0.4 ms - Find child
 20.6 ±  0.5 ms - Add child
215.2 ±  1.9 ms - Hash
162.7 ± 38.3 ms - Map
 83.5 ±  0.9 ms - getState
0.0803997
0.0859884
0.143232
1422.2 ±  0.0 ms - Total time
1012.3 ±  0.0 ms - Build f time
 78.2 ±  1.0 ms - Apply f time
889.7 ±  5.9 ms - Real f time 
299.9 ± 19.1 ms - Add time
 18.7 ±  0.5 ms - Find child
 24.7 ±  0.6 ms - Add child
242.6 ±  2.0 ms - Hash
180.0 ± 38.3 ms - Map
 97.2 ±  0.9 ms - getState
0.0807468
0.0868508
0.140487
1562.7 ±  0.0 ms - Total time
1093.1 ±  0.0 ms - Build f time
 88.4 ±  1.1 ms - Apply f time
970.5 ±  7.3 ms - Real f time 
327.0 ± 19.1 ms - Add time
 21.7 ±  0.5 ms - Find child
 28.3 ±  0.6 ms - Add child
268.2 ±  2.0 ms - Hash
195.6 ± 38.3 ms - Map
109.9 ±  1.0 ms - getState
Dag sizes: 83554 89499 91890 85725 89517 91917 85123 
brutePieces time: 0.988604
 79.6 ±  0.0 ms - Piece loop time
 62.6 ± 44.7 ms - Set time
 54.1 ±  2.1 ms - Child looking time
Nodes:  617225
Pieces: 72373
makePieces time: 0.0810023
Memory: 7.7 + 24.9 + 19.8 + 39.2 + 4.8 MB
 15.9 ±  0.5 ms - Greedy fill time
composePieces time: 1.20171
                                                                                