Running only task # 206
Using max depth 33
 |                                        | 0 / 416 (0.0%)Function count: 142
0.0308341
0.0338335
0.0428116
0.0461152
0.0211915
0.0228299
0.0405106
0.0446088
0.0486443
0.052176
0.0219455
0.023605
0.0503347
0.0540615
 33.5 ±  0.0 ms - Piece loop time
 39.2 ± 35.1 ms - Set time
 28.9 ±  1.0 ms - Child looking time
0.0348622
0.0373224
0.0501825
327.6 ±  0.0 ms - Total time
291.1 ±  0.0 ms - Build f time
 12.9 ±  0.4 ms - Apply f time
253.2 ±  2.1 ms - Real f time 
 59.2 ±  2.1 ms - Add time
  2.3 ±  0.2 ms - Find child
  3.4 ±  0.2 ms - Add child
 45.4 ±  0.7 ms - Hash
 68.8 ± 38.1 ms - Map
 13.1 ±  1.7 ms - getState
0.0425772
0.0459184
0.0678904
395.5 ±  0.0 ms - Total time
333.7 ±  0.0 ms - Build f time
 19.8 ±  0.5 ms - Apply f time
294.2 ±  2.4 ms - Real f time 
 72.8 ±  2.1 ms - Add time
  4.4 ±  0.2 ms - Find child
  6.4 ±  0.3 ms - Add child
 57.5 ±  1.0 ms - Hash
 76.9 ± 38.1 ms - Map
 19.0 ±  1.7 ms - getState
0.0216016
0.0231909
0.0319073
427.4 ±  0.0 ms - Total time
355.3 ±  0.0 ms - Build f time
 23.4 ±  0.6 ms - Apply f time
316.4 ±  2.4 ms - Real f time 
 79.9 ±  2.2 ms - Add time
  5.5 ±  0.3 ms - Find child
  8.0 ±  0.3 ms - Add child
 62.8 ±  1.1 ms - Hash
 81.8 ± 38.1 ms - Map
 21.4 ±  1.7 ms - getState
0.0317512
0.0342833
0.0492532
476.7 ±  0.0 ms - Total time
387.1 ±  0.0 ms - Build f time
 28.1 ±  0.6 ms - Apply f time
348.7 ±  2.8 ms - Real f time 
 90.1 ±  2.2 ms - Add time
  7.3 ±  0.3 ms - Find child
 10.1 ±  0.4 ms - Add child
 71.1 ±  1.1 ms - Hash
 88.4 ± 38.1 ms - Map
 25.8 ±  1.7 ms - getState
0.0428307
0.0462104
0.0699247
546.7 ±  0.0 ms - Total time
429.9 ±  0.0 ms - Build f time
 34.6 ±  0.7 ms - Apply f time
390.4 ±  2.9 ms - Real f time 
105.2 ±  2.3 ms - Add time
 10.1 ±  0.9 ms - Find child
 13.0 ±  0.4 ms - Add child
 83.1 ±  1.2 ms - Hash
 97.9 ± 38.1 ms - Map
 32.1 ±  1.7 ms - getState
0.0229064
0.0245601
0.0339142
580.6 ±  0.0 ms - Total time
452.8 ±  0.0 ms - Build f time
 40.8 ±  2.5 ms - Apply f time
412.7 ±  2.9 ms - Real f time 
112.9 ±  2.3 ms - Add time
 11.3 ±  0.9 ms - Find child
 14.6 ±  0.4 ms - Add child
 88.9 ±  1.2 ms - Hash
102.3 ± 38.1 ms - Map
 34.6 ±  1.7 ms - getState
0.0513215
0.0551283
0.0790228
659.7 ±  0.0 ms - Total time
504.1 ±  0.0 ms - Build f time
 47.3 ±  2.5 ms - Apply f time
461.0 ±  3.2 ms - Real f time 
129.5 ±  2.4 ms - Add time
 13.1 ±  0.9 ms - Find child
 17.2 ±  0.5 ms - Add child
102.2 ±  1.2 ms - Hash
110.8 ± 38.1 ms - Map
 41.1 ±  1.7 ms - getState
Dag sizes: 37195 50100 25749 40061 54158 27552 51259 
brutePieces time: 0.386757
101.3 ±  0.0 ms - Piece loop time
 54.3 ± 38.4 ms - Set time
 78.4 ±  1.6 ms - Child looking time
Nodes:  286074
Pieces: 52356
makePieces time: 0.102363
Memory: 1.9 + 17.5 + 9.2 + 33.9 + 4.2 MB
 26.5 ±  6.5 ms - Greedy fill time
composePieces time: 0.718484
                                                                                