Running only task # 415
Using max depth 33
 |                                        | 0 / 416 (0.0%)Function count: 142
0.0724776
0.0802227
0.065687
0.0729002
0.0899187
0.100646
0.108511
0.120097
0.0682171
0.075667
0.0706037
0.077656
0.0945517
0.104872
0.124356
0.135933
0.158817
0.176841
 27.4 ±  0.0 ms - Piece loop time
 43.3 ± 37.5 ms - Set time
 19.5 ±  1.4 ms - Child looking time
0.0676469
0.0749987
0.135922
1081.2 ±  0.0 ms - Total time
920.8 ±  0.0 ms - Build f time
 41.5 ±  0.9 ms - Apply f time
716.6 ±  6.8 ms - Real f time 
209.6 ± 17.0 ms - Add time
  4.8 ±  0.2 ms - Find child
  6.5 ±  0.3 ms - Add child
183.0 ±  1.9 ms - Hash
124.9 ± 55.2 ms - Map
 43.7 ±  0.7 ms - getState
0.0659396
0.0728146
0.127294
1208.6 ±  0.0 ms - Total time
986.7 ±  0.0 ms - Build f time
 52.4 ±  1.0 ms - Apply f time
777.4 ±  7.1 ms - Real f time 
237.9 ± 17.0 ms - Add time
  7.1 ±  0.3 ms - Find child
  9.8 ±  0.3 ms - Add child
209.6 ±  2.0 ms - Hash
138.2 ± 55.3 ms - Map
 57.8 ±  0.8 ms - getState
0.0908609
0.101114
0.195974
1404.6 ±  0.0 ms - Total time
1077.6 ±  0.0 ms - Build f time
 68.0 ±  1.1 ms - Apply f time
854.5 ±  7.2 ms - Real f time 
286.7 ± 17.1 ms - Add time
 10.6 ±  0.4 ms - Find child
 14.1 ±  0.4 ms - Add child
252.0 ±  2.6 ms - Hash
154.4 ± 55.3 ms - Map
 81.4 ±  0.9 ms - getState
0.107973
0.119292
0.231803
1636.4 ±  0.0 ms - Total time
1185.6 ±  0.0 ms - Build f time
 85.1 ±  1.6 ms - Apply f time
948.5 ±  7.8 ms - Real f time 
351.8 ± 18.7 ms - Add time
 13.5 ±  0.4 ms - Find child
 18.5 ±  0.5 ms - Add child
305.1 ±  2.7 ms - Hash
170.4 ± 55.3 ms - Map
110.5 ±  1.0 ms - getState
0.0672253
0.0746602
0.134986
1771.4 ±  0.0 ms - Total time
1252.8 ±  0.0 ms - Build f time
 96.5 ±  1.6 ms - Apply f time
1008.8 ±  7.9 ms - Real f time 
383.6 ± 18.7 ms - Add time
 16.5 ±  0.5 ms - Find child
 22.3 ±  0.5 ms - Add child
333.5 ±  2.8 ms - Hash
184.0 ± 55.3 ms - Map
126.0 ±  1.1 ms - getState
0.066087
0.0727621
0.129977
1901.5 ±  0.0 ms - Total time
1318.9 ±  0.0 ms - Build f time
107.2 ±  1.7 ms - Apply f time
1068.2 ±  8.0 ms - Real f time 
413.5 ± 18.7 ms - Add time
 18.8 ±  0.5 ms - Find child
 25.4 ±  0.6 ms - Add child
360.2 ±  2.8 ms - Hash
196.8 ± 55.3 ms - Map
140.8 ±  1.1 ms - getState
0.0900021
0.0999535
0.189566
2091.1 ±  0.0 ms - Total time
1408.9 ±  0.0 ms - Build f time
121.7 ±  1.7 ms - Apply f time
1144.5 ±  8.2 ms - Real f time 
460.2 ± 18.7 ms - Add time
 22.2 ±  0.5 ms - Find child
 29.9 ±  0.6 ms - Add child
400.7 ±  2.9 ms - Hash
213.2 ± 55.3 ms - Map
163.6 ±  1.2 ms - getState
0.107866
0.119153
0.229756
2320.9 ±  0.0 ms - Total time
1516.7 ±  0.0 ms - Build f time
141.0 ±  2.7 ms - Apply f time
1237.7 ±  8.6 ms - Real f time 
516.6 ± 18.8 ms - Add time
 25.5 ±  0.6 ms - Find child
 34.3 ±  0.7 ms - Add child
453.2 ±  3.0 ms - Hash
229.2 ± 55.3 ms - Map
191.7 ±  1.4 ms - getState
0.171313
0.188916
0.382615
2703.5 ±  0.0 ms - Total time
1688.0 ±  0.0 ms - Build f time
165.3 ±  2.8 ms - Apply f time
1389.1 ±  9.8 ms - Real f time 
614.7 ± 19.0 ms - Add time
 28.8 ±  0.6 ms - Find child
 39.9 ±  0.7 ms - Add child
536.8 ±  3.2 ms - Hash
250.3 ± 55.3 ms - Map
241.7 ±  2.2 ms - getState
Dag sizes: 84725 74431 103140 100053 85766 76035 103915 99662 119779 
brutePieces time: 1.76482
 92.6 ±  0.0 ms - Piece loop time
 67.9 ± 45.2 ms - Set time
 63.2 ±  1.7 ms - Child looking time
Nodes:  847506
Pieces: 77615
makePieces time: 0.0940595
Memory: 20.5 + 32.1 + 27.1 + 51.3 + 6.7 MB
225.4 ± 43.5 ms - Greedy fill time
composePieces time: 3.21536
                                                                                