Running only task # 245
Using max depth 4
 |                                        | 0 / 416 (0.0%)Function count: 142
0.0636982
0.0676206
0.0669281
0.0709771
0.0675403
0.0719436
0.0714541
0.0759688
 14.0 ±  0.0 ms - Piece loop time
 39.3 ± 36.2 ms - Set time
 11.1 ±  0.8 ms - Child looking time
1.42125
1.51489
1.89121
2177.9 ±  0.0 ms - Total time
1690.9 ±  0.0 ms - Build f time
100.7 ±  1.1 ms - Apply f time
1483.7 ±  9.2 ms - Real f time 
304.8 ±  2.8 ms - Add time
 27.0 ±  0.6 ms - Find child
 34.1 ±  0.8 ms - Add child
375.3 ±  5.8 ms - Hash
296.8 ± 35.4 ms - Map
108.6 ±  1.4 ms - getState
1.48461
1.58434
1.97207
4150.0 ±  0.0 ms - Total time
3175.5 ±  0.0 ms - Build f time
200.7 ±  1.8 ms - Apply f time
2805.8 ± 11.7 ms - Real f time 
585.9 ±  6.0 ms - Add time
 53.2 ±  0.8 ms - Find child
 65.7 ±  1.0 ms - Add child
712.1 ±  6.3 ms - Hash
545.7 ± 35.5 ms - Map
219.5 ±  1.8 ms - getState
1.59796
1.70987
2.14072
6290.7 ±  0.0 ms - Total time
4773.4 ±  0.0 ms - Build f time
315.7 ±  5.3 ms - Apply f time
4240.1 ± 15.7 ms - Real f time 
898.3 ±  7.1 ms - Add time
 83.6 ±  1.1 ms - Find child
103.0 ±  1.7 ms - Add child
1065.6 ±  6.6 ms - Hash
821.5 ± 35.8 ms - Map
339.4 ±  2.2 ms - getState
1.61416
1.72948
2.16304
8453.8 ±  0.0 ms - Total time
6387.6 ±  0.0 ms - Build f time
429.5 ±  5.5 ms - Apply f time
5680.8 ± 18.6 ms - Real f time 
1221.6 ± 18.0 ms - Add time
115.1 ±  1.3 ms - Find child
149.2 ±  9.5 ms - Add child
1426.3 ±  6.9 ms - Hash
1102.8 ± 36.5 ms - Map
474.4 ± 11.2 ms - getState
Dag sizes: 712675 740134 826185 845833 
brutePieces time: 8.16945
895.3 ±  0.0 ms - Piece loop time
282.1 ± 16.9 ms - Set time
557.0 ±  5.6 ms - Child looking time
Nodes:  3124827
Pieces: 690113
makePieces time: 0.898009
Memory: 37.6 + 190.0 + 100.0 + 83.6 + 32.7 MB
 11.2 ±  0.0 ms - Greedy fill time
composePieces time: 2.55352
                                                                                