Running only task # 258
Using max depth 3
 |                                        | 0 / 416 (0.0%)Function count: 142
0.226934
0.253524
0.23063
0.259482
0.216246
0.241413
0.285149
0.318431
 38.6 ±  0.0 ms - Piece loop time
 31.4 ± 23.4 ms - Set time
 27.7 ±  1.0 ms - Child looking time
0.231664
0.257856
0.655268
1728.3 ±  0.0 ms - Total time
1190.6 ±  0.0 ms - Build f time
 98.3 ±  1.4 ms - Apply f time
968.8 ±  9.0 ms - Real f time 
387.8 ±  4.0 ms - Add time
 15.6 ±  0.4 ms - Find child
 21.5 ±  0.6 ms - Add child
283.5 ±  2.3 ms - Hash
167.4 ± 36.9 ms - Map
140.1 ±  1.4 ms - getState
0.22952
0.258027
0.712294
2440.6 ±  0.0 ms - Total time
1420.1 ±  0.0 ms - Build f time
163.8 ±  1.8 ms - Apply f time
1201.3 ± 10.0 ms - Real f time 
596.4 ±  4.7 ms - Add time
 31.3 ±  0.6 ms - Find child
 42.8 ±  0.8 ms - Add child
424.2 ±  2.7 ms - Hash
245.9 ± 36.9 ms - Map
260.8 ±  1.9 ms - getState
0.219265
0.244428
0.641565
3082.2 ±  0.0 ms - Total time
1639.4 ±  0.0 ms - Build f time
221.4 ±  2.2 ms - Apply f time
1413.7 ± 10.7 ms - Real f time 
778.6 ±  5.3 ms - Add time
 45.1 ±  0.9 ms - Find child
 60.9 ±  0.9 ms - Add child
556.7 ±  3.4 ms - Hash
314.5 ± 36.9 ms - Map
359.5 ±  2.2 ms - getState
0.298523
0.331592
0.879112
3961.4 ±  0.0 ms - Total time
1937.9 ±  0.0 ms - Build f time
293.9 ±  2.4 ms - Apply f time
1690.5 ± 11.3 ms - Real f time 
1036.5 ±  6.1 ms - Add time
 60.8 ±  1.0 ms - Find child
 83.4 ±  1.1 ms - Add child
733.1 ±  3.5 ms - Hash
395.4 ± 36.9 ms - Map
498.0 ±  2.6 ms - getState
Dag sizes: 430926 496194 435314 521226 
brutePieces time: 2.88995
209.6 ±  0.0 ms - Piece loop time
193.7 ± 82.6 ms - Set time
131.4 ±  1.6 ms - Child looking time
Nodes:  1883660
Pieces: 426743
makePieces time: 0.211737
Memory: 40.1 + 57.7 + 60.3 + 46.9 + 17.0 MB
 17.8 ±  0.0 ms - Greedy fill time
composePieces time: 2.80899
                                                                                