Running only task # 228
Using max depth 4
 |                                        | 0 / 416 (0.0%)Function count: 142
0.056172
0.0595658
0.0800792
0.0857638
0.0866498
0.0920733
0.0493635
0.0525379
0.0223715
0.0239058
0.0393146
0.0417433
0.0521257
0.0555298
0.0975846
0.103191
0.118306
0.127418
 62.3 ±  0.0 ms - Piece loop time
 57.7 ± 49.0 ms - Set time
 52.5 ±  2.2 ms - Child looking time
1.35257
1.45233
1.99469
2636.7 ±  0.0 ms - Total time
1954.5 ±  0.0 ms - Build f time
125.8 ±  1.3 ms - Apply f time
1677.9 ±  8.6 ms - Real f time 
443.2 ±  3.3 ms - Add time
 30.5 ±  0.6 ms - Find child
 43.3 ±  1.3 ms - Add child
444.9 ±  2.5 ms - Hash
372.5 ± 39.2 ms - Map
179.3 ±  3.4 ms - getState
1.98214
2.13145
3.00627
5643.0 ±  0.0 ms - Total time
3936.7 ±  0.0 ms - Build f time
298.8 ±  3.8 ms - Apply f time
3389.3 ± 11.3 ms - Real f time 
955.2 ±  5.3 ms - Add time
 75.3 ±  1.9 ms - Find child
 98.8 ±  1.5 ms - Add child
975.0 ±  7.1 ms - Hash
781.4 ± 39.7 ms - Map
426.6 ±  4.0 ms - getState
2.21179
2.36957
3.37033
9013.4 ±  0.0 ms - Total time
6148.5 ±  0.0 ms - Build f time
477.8 ±  4.4 ms - Apply f time
5295.1 ± 23.6 ms - Real f time 
1841.2 ± 273.5 ms - Add time
120.4 ±  2.0 ms - Find child
157.1 ±  1.8 ms - Add child
1578.4 ±  8.2 ms - Hash
1211.2 ± 39.9 ms - Map
706.4 ±  4.9 ms - getState
1.08629
1.16654
1.55945
10573.0 ±  0.0 ms - Total time
7234.7 ±  0.0 ms - Build f time
583.9 ± 12.1 ms - Apply f time
6279.4 ± 26.6 ms - Real f time 
2099.6 ± 273.5 ms - Add time
147.0 ±  2.1 ms - Find child
191.1 ±  1.9 ms - Add child
1848.7 ± 16.4 ms - Hash
1566.0 ± 140.4 ms - Map
824.0 ±  5.2 ms - getState
0.538668
0.59037
0.738891
11311.9 ±  0.0 ms - Total time
7773.4 ±  0.0 ms - Build f time
628.1 ± 12.1 ms - Apply f time
6754.7 ± 26.9 ms - Real f time 
2222.8 ± 273.5 ms - Add time
158.6 ±  2.1 ms - Find child
207.1 ±  2.0 ms - Add child
1965.1 ± 16.5 ms - Hash
1668.3 ± 140.5 ms - Map
878.7 ±  5.3 ms - getState
0.906048
0.976662
1.25888
12570.9 ±  0.0 ms - Total time
8679.5 ±  0.0 ms - Build f time
703.4 ± 12.1 ms - Apply f time
7544.7 ± 27.3 ms - Real f time 
2419.7 ± 273.6 ms - Add time
182.5 ±  2.8 ms - Find child
234.3 ±  2.1 ms - Add child
2159.1 ± 16.6 ms - Hash
1872.7 ± 140.5 ms - Map
967.3 ±  5.4 ms - getState
1.19962
1.29911
1.70934
14280.3 ±  0.0 ms - Total time
9879.1 ±  0.0 ms - Build f time
805.5 ± 12.2 ms - Apply f time
8633.5 ± 35.7 ms - Real f time 
2729.6 ± 275.6 ms - Add time
212.7 ±  3.2 ms - Find child
272.6 ±  2.2 ms - Add child
2446.1 ± 23.1 ms - Hash
2169.1 ± 140.6 ms - Map
1090.4 ±  5.7 ms - getState
2.48694
2.66978
3.76658
18046.9 ±  0.0 ms - Total time
12366.0 ±  0.0 ms - Build f time
1000.6 ± 12.4 ms - Apply f time
10792.3 ± 37.1 ms - Real f time 
3419.0 ± 280.1 ms - Add time
262.4 ±  3.6 ms - Find child
334.8 ±  2.4 ms - Add child
3118.0 ± 27.9 ms - Hash
2704.9 ± 142.3 ms - Map
1387.6 ±  6.1 ms - getState
3.05728
3.28596
4.72366
22770.6 ±  0.0 ms - Total time
15423.3 ±  0.0 ms - Build f time
1245.6 ± 12.6 ms - Apply f time
13427.1 ± 42.3 ms - Real f time 
4318.5 ± 294.1 ms - Add time
320.0 ±  3.8 ms - Find child
410.3 ±  2.6 ms - Add child
3950.8 ± 31.9 ms - Hash
3332.5 ± 142.6 ms - Map
1780.8 ±  6.6 ms - getState
Dag sizes: 935572 1398864 1442936 804162 326632 621188 870660 1553990 1857147 
brutePieces time: 22.1341
4300.2 ±  0.0 ms - Piece loop time
664.5 ± 17.6 ms - Set time
3337.1 ± 11.2 ms - Child looking time
Nodes:  9811151
Pieces: 1486690
makePieces time: 4.3103
Memory: 138.7 + 511.7 + 314.0 + 257.6 + 138.6 MB
163.6 ± 105.2 ms - Greedy fill time
composePieces time: 24.3356
                                                                                