Running only task # 269
Using max depth 4
 |                                        | 0 / 416 (0.0%)Function count: 142
0.136586
0.151144
0.120351
0.133079
0.164676
0.182664
0.0842141
0.0929752
0.19983
0.222334
 45.1 ±  0.0 ms - Piece loop time
 48.5 ± 39.7 ms - Set time
 34.8 ±  1.3 ms - Child looking time
4.20692
4.7067
8.77887
9561.3 ±  0.0 ms - Total time
4912.6 ±  0.0 ms - Build f time
773.4 ±  5.5 ms - Apply f time
4480.6 ± 16.5 ms - Real f time 
1994.4 ± 14.5 ms - Add time
203.5 ±  1.8 ms - Find child
306.1 ±  9.2 ms - Add child
1426.2 ±  5.3 ms - Hash
1723.4 ± 45.9 ms - Map
994.5 ±  3.8 ms - getState
3.75862
4.18903
8.00945
17570.7 ±  0.0 ms - Total time
8671.2 ±  0.0 ms - Build f time
1457.4 ±  9.1 ms - Apply f time
8084.7 ± 22.0 ms - Real f time 
3674.2 ± 35.7 ms - Add time
416.9 ± 19.1 ms - Find child
581.8 ±  9.5 ms - Add child
2644.7 ±  8.4 ms - Hash
3195.9 ± 47.1 ms - Map
1876.9 ± 11.9 ms - getState
5.51169
6.12965
11.1552
28726.0 ±  0.0 ms - Total time
14182.9 ±  0.0 ms - Build f time
2325.1 ± 10.1 ms - Apply f time
13244.7 ± 28.9 ms - Real f time 
6045.0 ± 45.2 ms - Add time
648.0 ± 19.2 ms - Find child
921.8 ± 10.0 ms - Add child
4301.6 ±  9.7 ms - Hash
5058.9 ± 50.3 ms - Map
3105.3 ± 12.7 ms - getState
2.45549
2.72898
4.99733
33723.4 ±  0.0 ms - Total time
16638.4 ±  0.0 ms - Build f time
2788.2 ± 10.4 ms - Apply f time
15615.0 ± 30.1 ms - Real f time 
7055.6 ± 46.2 ms - Add time
792.5 ± 19.3 ms - Find child
1116.5 ± 10.2 ms - Add child
5035.5 ± 10.2 ms - Hash
6102.2 ± 52.5 ms - Map
3610.9 ± 13.2 ms - getState
6.65869
7.41343
14.131
47854.5 ±  0.0 ms - Total time
23297.1 ±  0.0 ms - Build f time
3862.0 ± 11.6 ms - Apply f time
21803.3 ± 36.7 ms - Real f time 
10664.4 ± 424.2 ms - Add time
1045.0 ± 19.3 ms - Find child
1489.7 ± 10.6 ms - Add child
7375.6 ± 29.6 ms - Hash
8203.1 ± 76.8 ms - Map
5294.1 ± 14.6 ms - getState
Dag sizes: 5154651 5009742 5850488 3490571 6899591 
brutePieces time: 47.0739
8396.6 ±  0.0 ms - Piece loop time
2687.6 ± 25.9 ms - Set time
5253.3 ± 22.3 ms - Child looking time
Nodes:  26405043
Pieces: 6566732
makePieces time: 8.41668
Memory: 389.0 + 1038.5 + 845.0 + 657.4 + 340.9 MB
 49.9 ±  0.0 ms - Greedy fill time
composePieces time: 42.1978
                                                                                