Running only task # 77
Using max depth 33
 |                                        | 0 / 416 (0.0%)Function count: 142
0.140933
0.148213
0.10873
0.114953
0.125293
0.132442
0.13167
0.138852
0.116121
0.12544
0.125154
0.132393
0.144278
0.15284
 33.9 ±  0.0 ms - Piece loop time
 52.2 ± 46.0 ms - Set time
 27.8 ±  1.1 ms - Child looking time
0.143283
0.150498
0.184717
1130.1 ±  0.0 ms - Total time
1035.5 ±  0.0 ms - Build f time
 24.1 ±  0.7 ms - Apply f time
809.2 ±  8.4 ms - Real f time 
179.5 ± 17.2 ms - Add time
  3.4 ±  0.2 ms - Find child
  3.9 ±  0.2 ms - Add child
209.7 ±  1.4 ms - Hash
105.4 ± 43.5 ms - Map
 29.6 ±  0.6 ms - getState
0.137867
0.143911
0.171949
1302.1 ±  0.0 ms - Total time
1173.3 ±  0.0 ms - Build f time
 31.5 ±  0.8 ms - Apply f time
921.6 ±  8.9 ms - Real f time 
201.6 ± 17.2 ms - Add time
  5.0 ±  0.3 ms - Find child
  6.3 ±  0.3 ms - Add child
246.0 ±  1.6 ms - Hash
118.3 ± 43.5 ms - Map
 38.4 ±  0.7 ms - getState
0.138653
0.145928
0.177893
1480.0 ±  0.0 ms - Total time
1312.0 ±  0.0 ms - Build f time
 39.5 ±  0.9 ms - Apply f time
1056.7 ± 18.6 ms - Real f time 
226.8 ± 17.2 ms - Add time
  7.1 ±  0.3 ms - Find child
  8.5 ±  0.3 ms - Add child
286.8 ±  1.7 ms - Hash
131.4 ± 43.6 ms - Map
 48.2 ±  0.7 ms - getState
0.148371
0.155834
0.187741
1667.8 ±  0.0 ms - Total time
1460.3 ±  0.0 ms - Build f time
 47.9 ±  0.9 ms - Apply f time
1177.8 ± 18.9 ms - Real f time 
253.6 ± 17.3 ms - Add time
  9.2 ±  0.3 ms - Find child
 10.9 ±  0.4 ms - Add child
327.3 ±  1.8 ms - Hash
145.1 ± 43.6 ms - Map
 58.1 ±  0.8 ms - getState
0.123546
0.13136
0.163074
1830.9 ±  0.0 ms - Total time
1583.9 ±  0.0 ms - Build f time
 56.4 ±  1.0 ms - Apply f time
1275.3 ± 19.0 ms - Real f time 
277.5 ± 17.3 ms - Add time
 11.2 ±  0.4 ms - Find child
 13.1 ±  0.4 ms - Add child
362.4 ±  1.9 ms - Hash
156.3 ± 43.6 ms - Map
 68.4 ±  0.8 ms - getState
0.135979
0.14315
0.185236
2016.2 ±  0.0 ms - Total time
1719.9 ±  0.0 ms - Build f time
 67.2 ±  1.0 ms - Apply f time
1382.2 ± 19.1 ms - Real f time 
305.8 ± 17.3 ms - Add time
 13.9 ±  0.4 ms - Find child
 16.9 ±  0.5 ms - Add child
403.0 ±  2.0 ms - Hash
168.5 ± 43.5 ms - Map
 83.3 ±  1.0 ms - getState
0.166279
0.174993
0.211771
2228.0 ±  0.0 ms - Total time
1886.2 ±  0.0 ms - Build f time
 76.8 ±  1.1 ms - Apply f time
1512.1 ± 19.5 ms - Real f time 
336.9 ± 17.4 ms - Add time
 15.7 ±  0.5 ms - Find child
 19.7 ±  0.5 ms - Add child
449.7 ±  2.4 ms - Hash
182.6 ± 43.6 ms - Map
 95.2 ±  1.0 ms - getState
Dag sizes: 52239 44492 50658 49649 44145 49589 55224 
brutePieces time: 1.28866
 79.8 ±  0.0 ms - Piece loop time
 54.6 ± 41.1 ms - Set time
 59.7 ±  1.5 ms - Child looking time
Nodes:  345996
Pieces: 35972
makePieces time: 0.0810083
Memory: 6.9 + 21.3 + 11.1 + 34.9 + 3.5 MB
 18.0 ±  0.4 ms - Greedy fill time
composePieces time: 0.702764
                                                                                