Running only task # 302
Using max depth 4
 |                                        | 0 / 416 (0.0%)Function count: 142
0.498719
0.576748
0.668553
0.775343
0.824449
0.949078
0.821143
0.959855
 51.0 ±  0.0 ms - Piece loop time
 27.4 ± 15.5 ms - Set time
 37.3 ±  1.1 ms - Child looking time
19.7189
22.7369
42.6537
45914.9 ±  0.0 ms - Total time
22531.7 ±  0.0 ms - Build f time
3417.3 ± 23.8 ms - Apply f time
21536.0 ± 62.7 ms - Real f time 
10905.8 ± 184.2 ms - Add time
611.0 ±  3.1 ms - Find child
913.8 ± 20.6 ms - Add child
6531.1 ± 22.1 ms - Hash
5019.6 ± 49.8 ms - Map
5629.9 ± 25.7 ms - getState
26.4786
30.4284
55.7735
101688.5 ±  0.0 ms - Total time
49010.3 ±  0.0 ms - Build f time
7413.5 ± 29.5 ms - Apply f time
47439.7 ± 99.4 ms - Real f time 
24188.0 ± 197.6 ms - Add time
1237.0 ±  4.3 ms - Find child
1864.8 ± 21.2 ms - Add child
14691.6 ± 33.6 ms - Hash
11005.7 ± 691.1 ms - Map
12621.0 ± 35.4 ms - getState
31.1148
35.6855
