Running only task # 317
Using max depth 3
 |                                        | 0 / 416 (0.0%)Function count: 142
0.0442598
0.0472241
0.0435552
0.0464501
0.0705665
0.0761761
 16.2 ±  0.0 ms - Piece loop time
 46.0 ± 42.4 ms - Set time
 12.2 ±  0.7 ms - Child looking time
0.0440878
0.0467801
0.0763932
246.3 ±  0.0 ms - Total time
202.5 ±  0.0 ms - Build f time
 11.1 ±  0.3 ms - Apply f time
171.3 ±  1.8 ms - Real f time 
 48.2 ±  2.1 ms - Add time
  2.9 ±  0.2 ms - Find child
  3.4 ±  0.2 ms - Add child
 41.9 ±  1.0 ms - Hash
 73.3 ± 48.0 ms - Map
 11.3 ±  0.3 ms - getState
0.0440481
0.0468665
0.0767504
323.1 ±  0.0 ms - Total time
246.5 ±  0.0 ms - Build f time
 19.1 ±  0.5 ms - Apply f time
216.0 ±  2.2 ms - Real f time 
 68.7 ±  4.4 ms - Add time
  5.1 ±  0.3 ms - Find child
  6.8 ±  0.3 ms - Add child
 57.3 ±  1.1 ms - Hash
 82.6 ± 48.0 ms - Map
 18.4 ±  0.4 ms - getState
0.0717073
0.076898
0.133455
456.6 ±  0.0 ms - Total time
318.2 ±  0.0 ms - Build f time
 32.0 ±  0.6 ms - Apply f time
282.6 ±  2.4 ms - Real f time 
 99.6 ±  4.5 ms - Add time
  9.0 ±  0.3 ms - Find child
 13.1 ±  0.4 ms - Add child
 81.3 ±  1.2 ms - Hash
102.1 ± 47.9 ms - Map
 32.5 ±  0.5 ms - getState
Dag sizes: 59214 58829 103529 
brutePieces time: 0.288676
 41.4 ±  0.0 ms - Piece loop time
 37.4 ± 26.0 ms - Set time
 29.5 ±  0.8 ms - Child looking time
Nodes:  221572
Pieces: 66740
makePieces time: 0.0421788
Memory: 1.9 + 11.3 + 7.1 + 16.1 + 2.3 MB
  0.2 ±  0.0 ms - Greedy fill time
composePieces time: 0.0621164
                                                                                