Running only task # 251
Using max depth 23
 |                                        | 0 / 416 (0.0%)Function count: 142
2.33535
2.73592
2.50026
2.98457
2.50053
2.97404
2.64123
3.14411
2.33042
2.76416
2.48482
2.97334
2.49903
2.96176
2.66005
3.17761
2.40378
2.83045
122.9 ±  0.0 ms - Piece loop time
 41.2 ± 17.0 ms - Set time
 94.4 ±  2.3 ms - Child looking time
2.35914
2.76119
6.82905
33375.4 ±  0.0 ms - Total time
24714.6 ±  0.0 ms - Build f time
2036.5 ± 22.3 ms - Apply f time
20318.4 ± 186.2 ms - Real f time 
6991.2 ± 167.1 ms - Add time
 48.8 ±  0.9 ms - Find child
 70.6 ±  0.9 ms - Add child
4023.5 ± 20.5 ms - Hash
630.5 ± 40.4 ms - Map
2731.6 ± 18.9 ms - getState
2.53621
3.02779
7.19033
40565.8 ±  0.0 ms - Total time
27250.8 ±  0.0 ms - Build f time
2546.4 ± 27.3 ms - Apply f time
22754.0 ± 199.9 ms - Real f time 
9097.4 ± 168.1 ms - Add time
 85.6 ±  1.1 ms - Find child
121.0 ±  1.8 ms - Add child
5442.5 ± 23.5 ms - Hash
891.9 ± 40.7 ms - Map
3963.9 ± 21.9 ms - getState
2.51823
2.98071
7.03334
47599.2 ±  0.0 ms - Total time
29769.0 ±  0.0 ms - Build f time
3041.6 ± 29.3 ms - Apply f time
25103.9 ± 208.4 ms - Real f time 
11185.8 ± 171.1 ms - Add time
122.1 ±  1.3 ms - Find child
169.6 ±  2.0 ms - Add child
6847.2 ± 24.7 ms - Hash
1135.3 ± 40.8 ms - Map
5154.4 ± 23.9 ms - getState
2.62069
3.11995
7.52185
55121.1 ±  0.0 ms - Total time
32389.7 ±  0.0 ms - Build f time
3548.8 ± 30.5 ms - Apply f time
27478.4 ± 212.9 ms - Real f time 
13386.0 ± 172.3 ms - Add time
158.5 ±  1.5 ms - Find child
223.9 ±  2.2 ms - Add child
8327.5 ± 26.3 ms - Hash
1424.3 ± 45.7 ms - Map
6462.0 ± 26.0 ms - getState
2.33084
2.72214
6.71519
61836.3 ±  0.0 ms - Total time
34720.6 ±  0.0 ms - Build f time
3980.5 ± 31.2 ms - Apply f time
29622.4 ± 219.9 ms - Real f time 
15453.0 ± 179.6 ms - Add time
196.1 ±  1.7 ms - Find child
275.2 ±  2.6 ms - Add child
9717.4 ± 27.4 ms - Hash
1702.8 ± 52.1 ms - Map
7603.5 ± 28.3 ms - getState
2.45886
2.93032
7.06809
68904.4 ±  0.0 ms - Total time
37179.4 ±  0.0 ms - Build f time
4454.8 ± 32.2 ms - Apply f time
31907.2 ± 228.2 ms - Real f time 
17498.3 ± 180.2 ms - Add time
231.6 ±  1.8 ms - Find child
325.8 ±  2.8 ms - Add child
11106.3 ± 28.3 ms - Hash
1959.2 ± 52.2 ms - Map
8833.3 ± 30.7 ms - getState
2.48317
2.93839
6.99588
75900.4 ±  0.0 ms - Total time
39662.6 ±  0.0 ms - Build f time
4920.4 ± 33.0 ms - Apply f time
34297.5 ± 243.0 ms - Real f time 
19577.2 ± 181.9 ms - Add time
268.2 ±  2.7 ms - Find child
384.2 ±  7.3 ms - Add child
12496.3 ± 28.9 ms - Hash
2208.5 ± 52.3 ms - Map
10027.7 ± 32.5 ms - getState
2.60366
3.10215
7.53742
83437.8 ±  0.0 ms - Total time
42266.3 ±  0.0 ms - Build f time
5431.7 ± 34.5 ms - Apply f time
36731.5 ± 249.2 ms - Real f time 
21820.6 ± 183.9 ms - Add time
306.5 ±  2.8 ms - Find child
439.9 ±  7.4 ms - Add child
13971.5 ± 29.4 ms - Hash
2492.7 ± 54.1 ms - Map
11314.7 ± 33.9 ms - getState
2.38896
2.80475
6.85328
90291.2 ±  0.0 ms - Total time
44655.2 ±  0.0 ms - Build f time
5881.4 ± 35.2 ms - Apply f time
39025.0 ± 260.7 ms - Real f time 
23885.5 ± 186.7 ms - Add time
343.5 ±  2.8 ms - Find child
488.3 ±  7.5 ms - Add child
15353.7 ± 29.9 ms - Hash
2761.3 ± 56.7 ms - Map
12476.0 ± 35.1 ms - getState
Dag sizes: 1039874 1047122 1047810 1116890 1036318 1053330 1047013 1116594 1032667 
brutePieces time: 63.7487
849.7 ±  0.0 ms - Piece loop time
276.6 ± 17.0 ms - Set time
520.8 ±  4.5 ms - Child looking time
Nodes:  9537618
Pieces: 997814
makePieces time: 0.856425
Memory: 1173.1 + 262.7 + 305.2 + 228.1 + 73.0 MB
380.7 ± 73.0 ms - Greedy fill time
composePieces time: 137.215
                                                                                