Running only task # 274
Using max depth 23
 |                                        | 0 / 416 (0.0%)Function count: 142
0.0186221
0.0199439
0.0218442
0.0230679
0.0223883
0.0237551
0.0226384
0.0239143
0.022797
0.0240172
0.0190597
0.0202901
0.0217254
0.0229817
0.0221322
0.0233626
0.0225586
0.0238906
0.0221192
0.0233489
0.0240582
0.0254523
 57.3 ±  0.0 ms - Piece loop time
 45.6 ± 40.3 ms - Set time
 51.2 ±  1.5 ms - Child looking time
0.0300763
0.0317195
0.0406946
294.9 ±  0.0 ms - Total time
270.0 ±  0.0 ms - Build f time
  7.5 ±  0.3 ms - Apply f time
248.2 ±  4.1 ms - Real f time 
 52.0 ±  3.8 ms - Add time
  1.3 ±  0.1 ms - Find child
  1.9 ±  0.2 ms - Add child
 46.9 ±  0.8 ms - Hash
 64.0 ± 35.0 ms - Map
  8.1 ±  0.3 ms - getState
0.0373971
0.0392465
0.0499634
344.9 ±  0.0 ms - Total time
307.4 ±  0.0 ms - Build f time
 10.7 ±  0.4 ms - Apply f time
285.1 ±  5.0 ms - Real f time 
 60.1 ±  3.8 ms - Add time
  2.2 ±  0.2 ms - Find child
  2.8 ±  0.2 ms - Add child
 56.7 ±  0.8 ms - Hash
 70.3 ± 34.9 ms - Map
 11.1 ±  0.3 ms - getState
0.0386649
0.040601
0.0519604
396.9 ±  0.0 ms - Total time
346.1 ±  0.0 ms - Build f time
 14.1 ±  0.4 ms - Apply f time
320.3 ±  5.1 ms - Real f time 
 68.6 ±  3.8 ms - Add time
  3.1 ±  0.2 ms - Find child
  3.8 ±  0.2 ms - Add child
 67.3 ±  0.9 ms - Hash
 75.5 ± 35.0 ms - Map
 14.1 ±  0.3 ms - getState
0.0390429
0.0416308
0.0528916
449.9 ±  0.0 ms - Total time
385.1 ±  0.0 ms - Build f time
 17.2 ±  0.5 ms - Apply f time
354.2 ±  5.2 ms - Real f time 
 78.4 ±  3.9 ms - Add time
  3.8 ±  0.2 ms - Find child
  5.2 ±  0.3 ms - Add child
 77.4 ±  1.0 ms - Hash
 81.6 ± 35.0 ms - Map
 17.2 ±  0.4 ms - getState
0.0373553
0.0393852
0.0494523
499.3 ±  0.0 ms - Total time
422.5 ±  0.0 ms - Build f time
 20.2 ±  0.5 ms - Apply f time
386.3 ±  5.2 ms - Real f time 
 90.1 ±  5.4 ms - Add time
  4.7 ±  0.2 ms - Find child
  6.3 ±  0.3 ms - Add child
 87.6 ±  1.0 ms - Hash
 86.1 ± 35.0 ms - Map
 19.7 ±  0.4 ms - getState
0.0296751
0.0312295
0.0403969
539.8 ±  0.0 ms - Total time
452.1 ±  0.0 ms - Build f time
 22.3 ±  0.5 ms - Apply f time
413.6 ±  5.3 ms - Real f time 
 97.6 ±  5.4 ms - Add time
  5.5 ±  0.3 ms - Find child
  7.2 ±  0.3 ms - Add child
 95.4 ±  1.0 ms - Hash
 90.5 ± 35.0 ms - Map
 22.5 ±  0.4 ms - getState
0.0374054
0.0394601
0.0495213
589.3 ±  0.0 ms - Total time
489.6 ±  0.0 ms - Build f time
 25.1 ±  0.6 ms - Apply f time
448.8 ±  5.4 ms - Real f time 
106.0 ±  5.4 ms - Add time
  6.5 ±  0.3 ms - Find child
  8.5 ±  0.3 ms - Add child
104.7 ±  1.1 ms - Hash
 95.0 ± 35.0 ms - Map
 25.4 ±  0.5 ms - getState
0.0393384
0.0412569
0.0531499
642.5 ±  0.0 ms - Total time
528.9 ±  0.0 ms - Build f time
 28.1 ±  0.6 ms - Apply f time
483.6 ±  5.5 ms - Real f time 
114.9 ±  5.4 ms - Add time
  7.5 ±  0.3 ms - Find child
  9.6 ±  0.4 ms - Add child
114.7 ±  1.1 ms - Hash
101.7 ± 35.0 ms - Map
 28.5 ±  0.5 ms - getState
0.0396034
0.041981
0.0529844
695.5 ±  0.0 ms - Total time
568.5 ±  0.0 ms - Build f time
 31.1 ±  0.6 ms - Apply f time
520.2 ±  5.6 ms - Real f time 
124.6 ±  5.4 ms - Add time
  8.4 ±  0.3 ms - Find child
 10.9 ±  0.4 ms - Add child
125.5 ±  1.2 ms - Hash
107.7 ± 35.0 ms - Map
 31.9 ±  0.5 ms - getState
0.0383245
0.0403471
0.050382
745.9 ±  0.0 ms - Total time
606.8 ±  0.0 ms - Build f time
 34.2 ±  0.6 ms - Apply f time
555.8 ±  5.7 ms - Real f time 
132.9 ±  5.4 ms - Add time
  9.4 ±  0.3 ms - Find child
 11.9 ±  0.4 ms - Add child
134.7 ±  1.2 ms - Hash
112.4 ± 35.0 ms - Map
 34.6 ±  0.5 ms - getState
0.0389137
0.0413504
0.0515415
797.5 ±  0.0 ms - Total time
645.7 ±  0.0 ms - Build f time
 37.6 ±  0.7 ms - Apply f time
592.3 ±  5.8 ms - Real f time 
142.3 ±  5.5 ms - Add time
 10.3 ±  0.4 ms - Find child
 13.0 ±  0.4 ms - Add child
144.7 ±  1.3 ms - Hash
118.1 ± 35.1 ms - Map
 37.7 ±  0.6 ms - getState
Dag sizes: 21339 25144 27148 27197 24909 21332 25131 27162 27124 24904 27282 
brutePieces time: 0.550986
109.1 ±  0.0 ms - Piece loop time
 52.8 ± 43.8 ms - Set time
 92.5 ±  2.2 ms - Child looking time
Nodes:  278672
Pieces: 35300
makePieces time: 0.110263
Memory: 2.7 + 18.5 + 8.9 + 50.6 + 4.2 MB
  7.1 ±  0.0 ms - Greedy fill time
composePieces time: 0.47454
                                                                                