Running only task # 286
Using max depth 33
 |                                        | 0 / 416 (0.0%)Function count: 142
0.0300053
0.0337541
0.0279071
0.0309287
0.0336382
0.037482
0.0303422
0.0337521
0.0233692
0.0260796
0.0305608
0.0340457
0.0329814
0.036882
 31.7 ±  0.0 ms - Piece loop time
 39.5 ± 35.4 ms - Set time
 26.4 ±  1.0 ms - Child looking time
0.0301395
0.0336778
0.049148
282.3 ±  0.0 ms - Total time
238.9 ±  0.0 ms - Build f time
 13.8 ±  0.4 ms - Apply f time
223.3 ±  1.7 ms - Real f time 
 61.7 ±  7.7 ms - Add time
  2.3 ±  0.2 ms - Find child
  4.3 ±  0.2 ms - Add child
 37.5 ±  1.0 ms - Hash
 73.5 ± 38.4 ms - Map
 11.8 ±  0.3 ms - getState
0.0272763
0.0301419
0.0413679
323.7 ±  0.0 ms - Total time
266.2 ±  0.0 ms - Build f time
 18.0 ±  0.4 ms - Apply f time
251.2 ±  1.8 ms - Real f time 
 82.9 ± 14.8 ms - Add time
  3.8 ±  0.2 ms - Find child
  6.2 ±  0.3 ms - Add child
 43.7 ±  1.0 ms - Hash
 79.8 ± 38.4 ms - Map
 15.0 ±  0.4 ms - getState
0.0335423
0.0371609
0.0515681
375.3 ±  0.0 ms - Total time
299.8 ±  0.0 ms - Build f time
 23.7 ±  0.5 ms - Apply f time
285.3 ±  1.9 ms - Real f time 
 94.2 ± 14.9 ms - Add time
  5.6 ±  0.3 ms - Find child
  8.4 ±  0.3 ms - Add child
 51.2 ±  1.0 ms - Hash
 86.8 ± 38.4 ms - Map
 19.6 ±  0.4 ms - getState
0.0300159
0.0335106
0.0483678
423.6 ±  0.0 ms - Total time
329.8 ±  0.0 ms - Build f time
 28.6 ±  0.6 ms - Apply f time
315.4 ±  2.0 ms - Real f time 
105.3 ± 14.9 ms - Add time
  7.5 ±  0.3 ms - Find child
 10.5 ±  0.4 ms - Add child
 58.4 ±  1.1 ms - Hash
 94.1 ± 38.4 ms - Map
 23.7 ±  0.5 ms - getState
0.0230929
0.0256205
0.0355688
459.2 ±  0.0 ms - Total time
352.9 ±  0.0 ms - Build f time
 32.6 ±  0.6 ms - Apply f time
339.4 ±  2.1 ms - Real f time 
117.6 ± 15.5 ms - Add time
  8.9 ±  0.3 ms - Find child
 12.5 ±  0.4 ms - Add child
 63.9 ±  1.1 ms - Hash
 99.1 ± 38.4 ms - Map
 26.5 ±  0.5 ms - getState
0.0305562
0.0338114
0.0484434
507.7 ±  0.0 ms - Total time
383.4 ±  0.0 ms - Build f time
 38.4 ±  0.6 ms - Apply f time
370.0 ±  2.2 ms - Real f time 
128.4 ± 15.5 ms - Add time
 10.6 ±  0.4 ms - Find child
 15.1 ±  0.4 ms - Add child
 70.9 ±  1.1 ms - Hash
105.6 ± 38.5 ms - Map
 30.6 ±  0.5 ms - getState
0.0324622
0.0360964
0.0516766
559.4 ±  0.0 ms - Total time
415.9 ±  0.0 ms - Build f time
 44.0 ±  0.7 ms - Apply f time
404.6 ±  2.2 ms - Real f time 
140.6 ± 15.5 ms - Add time
 12.6 ±  0.4 ms - Find child
 17.9 ±  0.5 ms - Add child
 78.4 ±  1.2 ms - Hash
113.0 ± 38.4 ms - Map
 35.0 ±  0.6 ms - getState
Dag sizes: 45945 36831 46944 45723 34474 45658 50184 
brutePieces time: 0.331019
 91.0 ±  0.0 ms - Piece loop time
 52.8 ± 38.6 ms - Set time
 71.8 ±  1.6 ms - Child looking time
Nodes:  305759
Pieces: 61776
makePieces time: 0.0923559
Memory: 1.4 + 17.1 + 9.8 + 34.3 + 4.8 MB
 32.6 ± 27.0 ms - Greedy fill time
composePieces time: 0.422633
                                                                                