Running only task # 357
Using max depth 33
 |                                        | 0 / 416 (0.0%)Function count: 142
0.6311
0.724487
0.54442
0.625028
0.475316
0.561179
0.261867
0.299394
0.609277
0.702217
0.507834
0.588413
0.457832
0.532379
0.265752
0.302498
0.594945
0.691788
 80.8 ±  0.0 ms - Piece loop time
 57.5 ± 39.1 ms - Set time
 60.7 ±  1.8 ms - Child looking time
0.613446
0.719735
1.49269
6520.5 ±  0.0 ms - Total time
4961.8 ±  0.0 ms - Build f time
352.2 ±  4.6 ms - Apply f time
4213.3 ± 36.1 ms - Real f time 
1242.8 ± 32.6 ms - Add time
 18.6 ±  0.6 ms - Find child
 27.9 ±  0.6 ms - Add child
859.2 ±  3.8 ms - Hash
279.5 ± 39.4 ms - Map
430.9 ±  7.8 ms - getState
0.529367
0.610525
1.22506
7745.6 ±  0.0 ms - Total time
5491.1 ±  0.0 ms - Build f time
434.4 ±  5.0 ms - Apply f time
4693.0 ± 37.5 ms - Real f time 
1562.3 ± 32.7 ms - Add time
 29.2 ±  0.7 ms - Find child
 43.6 ±  0.8 ms - Add child
1093.4 ±  4.0 ms - Hash
353.0 ± 39.3 ms - Map
598.3 ±  8.0 ms - getState
0.465086
0.538313
1.14904
8894.7 ±  0.0 ms - Total time
5956.2 ±  0.0 ms - Build f time
515.7 ±  5.2 ms - Apply f time
5121.0 ± 38.2 ms - Real f time 
1870.1 ± 32.9 ms - Add time
 40.2 ±  0.8 ms - Find child
 59.5 ±  0.9 ms - Add child
1317.4 ±  4.3 ms - Hash
427.6 ± 39.3 ms - Map
767.5 ±  8.2 ms - getState
0.253331
0.289925
0.597977
9492.7 ±  0.0 ms - Total time
6209.6 ±  0.0 ms - Build f time
565.2 ±  5.4 ms - Apply f time
5362.2 ± 38.4 ms - Real f time 
2020.9 ± 33.0 ms - Add time
 49.9 ±  0.9 ms - Find child
 72.9 ±  1.0 ms - Add child
1418.8 ±  4.6 ms - Hash
485.9 ± 39.4 ms - Map
848.8 ±  8.4 ms - getState
0.620417
0.713808
1.47416
10966.9 ±  0.0 ms - Total time
6830.0 ±  0.0 ms - Build f time
663.0 ±  5.7 ms - Apply f time
5934.1 ± 39.9 ms - Real f time 
2416.3 ± 33.2 ms - Add time
 62.3 ±  0.9 ms - Find child
 89.7 ±  1.1 ms - Add child
1694.2 ±  4.8 ms - Hash
562.7 ± 39.4 ms - Map
1052.5 ±  8.5 ms - getState
0.512394
0.594174
1.19219
12159.2 ±  0.0 ms - Total time
7342.4 ±  0.0 ms - Build f time
747.6 ±  5.9 ms - Apply f time
6411.3 ± 41.2 ms - Real f time 
2738.0 ± 36.0 ms - Add time
 72.3 ±  1.0 ms - Find child
104.0 ±  1.2 ms - Add child
1926.0 ±  5.1 ms - Hash
631.7 ± 39.4 ms - Map
1216.5 ±  8.7 ms - getState
0.463746
0.534204
1.17122
13330.4 ±  0.0 ms - Total time
7806.1 ±  0.0 ms - Build f time
828.8 ±  6.1 ms - Apply f time
6855.0 ± 42.8 ms - Real f time 
3066.4 ± 36.6 ms - Add time
 84.1 ±  1.1 ms - Find child
119.5 ±  1.3 ms - Add child
2153.3 ±  5.2 ms - Hash
712.4 ± 39.5 ms - Map
1387.9 ±  8.8 ms - getState
0.253347
0.289836
0.574406
13904.9 ±  0.0 ms - Total time
8059.5 ±  0.0 ms - Build f time
875.7 ±  6.2 ms - Apply f time
7094.5 ± 43.0 ms - Real f time 
3209.9 ± 36.7 ms - Add time
 92.8 ±  1.1 ms - Find child
131.9 ±  1.3 ms - Add child
2254.4 ±  5.4 ms - Hash
771.0 ± 39.5 ms - Map
1464.4 ±  8.9 ms - getState
0.632203
0.728238
1.55928
15464.2 ±  0.0 ms - Total time
8691.7 ±  0.0 ms - Build f time
982.3 ±  6.4 ms - Apply f time
7695.1 ± 45.0 ms - Real f time 
3941.1 ± 255.9 ms - Add time
105.4 ±  1.2 ms - Find child
151.4 ±  1.4 ms - Add child
2548.4 ±  6.0 ms - Hash
855.4 ± 39.5 ms - Map
1696.9 ±  9.1 ms - getState
Dag sizes: 413635 358861 393487 320572 416056 350859 411763 322079 447981 
brutePieces time: 10.44
393.8 ±  0.0 ms - Piece loop time
119.3 ± 17.9 ms - Set time
265.3 ±  3.4 ms - Child looking time
Nodes:  3435293
Pieces: 349996
makePieces time: 0.396129
Memory: 148.4 + 102.2 + 109.9 + 92.7 + 28.5 MB
224.7 ± 66.4 ms - Greedy fill time
composePieces time: 33.7321
                                                                                