Running only task # 347
Using max depth 4
 |                                        | 0 / 416 (0.0%)Function count: 142
0.0575687
0.0636155
0.0662976
0.0745503
0.068331
0.0765831
  5.5 ±  0.0 ms - Piece loop time
 40.9 ± 39.2 ms - Set time
  3.9 ±  0.5 ms - Child looking time
1.19712
1.31881
2.15794
2372.8 ±  0.0 ms - Total time
1389.3 ±  0.0 ms - Build f time
148.6 ±  2.6 ms - Apply f time
1188.0 ±  8.4 ms - Real f time 
486.5 ± 18.6 ms - Add time
 27.3 ±  0.6 ms - Find child
 38.0 ±  0.8 ms - Add child
512.7 ±  6.1 ms - Hash
218.5 ± 36.2 ms - Map
224.0 ±  2.7 ms - getState
1.36571
1.51066
2.54955
4922.4 ±  0.0 ms - Total time
2755.0 ±  0.0 ms - Build f time
320.2 ±  3.5 ms - Apply f time
2387.5 ± 11.3 ms - Real f time 
1042.6 ± 20.6 ms - Add time
 60.6 ±  0.9 ms - Find child
 82.8 ±  1.1 ms - Add child
1059.7 ±  7.8 ms - Hash
433.3 ± 36.3 ms - Map
491.8 ±  4.2 ms - getState
1.50802
1.68233
2.88208
7804.5 ±  0.0 ms - Total time
4263.1 ±  0.0 ms - Build f time
509.6 ±  4.0 ms - Apply f time
3720.2 ± 16.5 ms - Real f time 
1658.9 ± 25.3 ms - Add time
 98.8 ±  1.5 ms - Find child
132.2 ±  1.4 ms - Add child
1652.5 ±  8.8 ms - Hash
691.8 ± 36.4 ms - Map
802.8 ±  4.7 ms - getState
Dag sizes: 776569 1006408 1113337 
brutePieces time: 7.59172
521.3 ±  0.0 ms - Piece loop time
220.7 ± 17.1 ms - Set time
311.9 ± 10.4 ms - Child looking time
Nodes:  2896314
Pieces: 672004
makePieces time: 0.523138
Memory: 79.6 + 119.1 + 92.7 + 71.5 + 24.7 MB
 24.5 ±  0.0 ms - Greedy fill time
composePieces time: 1.95133
                                                                                