Running only task # 285
Using max depth 33
 |                                        | 0 / 416 (0.0%)Function count: 142
0.0908811
0.0991938
0.0780982
0.0845751
0.106824
0.117758
0.0900709
0.0991678
0.076956
0.0835355
0.108282
0.11967
0.11682
0.128903
 48.0 ±  0.0 ms - Piece loop time
 46.7 ± 37.3 ms - Set time
 36.9 ±  2.8 ms - Child looking time
0.0908236
0.0992479
0.137009
870.1 ±  0.0 ms - Total time
758.8 ±  0.0 ms - Build f time
 30.2 ±  1.0 ms - Apply f time
645.2 ±  4.7 ms - Real f time 
144.5 ±  8.3 ms - Add time
  3.7 ±  0.2 ms - Find child
  4.6 ±  0.2 ms - Add child
114.8 ±  1.2 ms - Hash
105.4 ± 39.4 ms - Map
 37.2 ±  0.7 ms - getState
0.0775598
0.0840241
0.118335
988.5 ±  0.0 ms - Total time
836.3 ±  0.0 ms - Build f time
 37.6 ±  1.1 ms - Apply f time
714.7 ±  5.0 ms - Real f time 
173.9 ± 11.4 ms - Add time
  5.5 ±  0.3 ms - Find child
  6.9 ±  0.3 ms - Add child
133.4 ±  1.3 ms - Hash
118.3 ± 39.4 ms - Map
 48.7 ±  0.8 ms - getState
0.114756
0.126103
0.186981
1175.6 ±  0.0 ms - Total time
951.1 ±  0.0 ms - Build f time
 51.2 ±  1.6 ms - Apply f time
818.2 ±  5.4 ms - Real f time 
211.7 ± 11.5 ms - Add time
  8.3 ±  0.3 ms - Find child
 10.4 ±  0.4 ms - Add child
161.8 ±  1.4 ms - Hash
139.2 ± 39.4 ms - Map
 68.3 ±  0.9 ms - getState
0.0924227
0.100903
0.138663
1314.3 ±  0.0 ms - Total time
1043.5 ±  0.0 ms - Build f time
 59.2 ±  1.6 ms - Apply f time
904.9 ±  6.1 ms - Real f time 
236.9 ± 11.5 ms - Add time
 10.3 ±  0.4 ms - Find child
 13.1 ±  0.4 ms - Add child
184.1 ±  1.5 ms - Hash
155.5 ± 39.5 ms - Map
 80.6 ±  1.0 ms - getState
0.0789016
0.0855095
0.115287
1429.6 ±  0.0 ms - Total time
1122.4 ±  0.0 ms - Build f time
 66.0 ±  1.6 ms - Apply f time
973.8 ±  6.3 ms - Real f time 
260.8 ± 12.1 ms - Add time
 11.9 ±  0.4 ms - Find child
 15.5 ±  0.4 ms - Add child
204.4 ±  2.0 ms - Hash
168.1 ± 39.5 ms - Map
 90.2 ±  1.0 ms - getState
0.120997
0.133049
0.19047
1620.1 ±  0.0 ms - Total time
1243.4 ±  0.0 ms - Build f time
 77.7 ±  1.7 ms - Apply f time
1082.1 ±  6.8 ms - Real f time 
317.7 ± 20.4 ms - Add time
 14.5 ±  0.4 ms - Find child
 19.1 ±  0.5 ms - Add child
233.1 ±  2.1 ms - Hash
189.3 ± 39.4 ms - Map
108.4 ±  1.1 ms - getState
0.114477
0.12605
0.182418
1802.6 ±  0.0 ms - Total time
1357.9 ±  0.0 ms - Build f time
 88.8 ±  1.7 ms - Apply f time
1183.5 ±  7.1 ms - Real f time 
355.1 ± 20.4 ms - Add time
 17.0 ±  0.5 ms - Find child
 22.5 ±  0.5 ms - Add child
261.1 ±  2.1 ms - Hash
210.2 ± 39.4 ms - Map
126.5 ±  1.2 ms - getState
Dag sizes: 63521 56157 101139 64788 56157 101129 101771 
brutePieces time: 1.07478
123.5 ±  0.0 ms - Piece loop time
 63.0 ± 36.9 ms - Set time
 90.0 ±  1.9 ms - Child looking time
Nodes:  544662
Pieces: 87320
makePieces time: 0.124853
Memory: 7.6 + 23.3 + 17.4 + 38.1 + 6.1 MB
 17.2 ±  0.6 ms - Greedy fill time
composePieces time: 1.50671
                                                                                