Running only task # 353
Using max depth 33
 |                                        | 0 / 416 (0.0%)Function count: 142
0.419284
0.468452
0.322966
0.359204
0.33041
0.374054
0.365638
0.414062
0.323234
0.359817
0.332792
0.375884
0.390596
0.437904
 51.3 ±  0.0 ms - Piece loop time
 23.9 ± 15.2 ms - Set time
 39.8 ±  1.4 ms - Child looking time
0.375012
0.42363
0.65566
3445.4 ±  0.0 ms - Total time
2859.9 ±  0.0 ms - Build f time
147.5 ±  2.3 ms - Apply f time
2395.5 ± 24.8 ms - Real f time 
651.3 ± 17.0 ms - Add time
  9.7 ±  0.3 ms - Find child
 14.8 ±  0.4 ms - Add child
451.4 ±  3.3 ms - Hash
183.8 ± 36.4 ms - Map
196.3 ±  2.0 ms - getState
0.332332
0.370061
0.610305
4055.8 ±  0.0 ms - Total time
3192.3 ±  0.0 ms - Build f time
182.9 ±  2.5 ms - Apply f time
2676.8 ± 25.2 ms - Real f time 
796.6 ± 18.3 ms - Add time
 15.8 ±  0.4 ms - Find child
 23.2 ±  0.5 ms - Add child
584.1 ± 17.8 ms - Hash
223.9 ± 36.3 ms - Map
283.9 ±  2.4 ms - getState
0.342899
0.385689
0.596958
4652.8 ±  0.0 ms - Total time
3535.2 ±  0.0 ms - Build f time
218.4 ±  2.7 ms - Apply f time
2979.7 ± 25.9 ms - Real f time 
926.3 ± 18.4 ms - Add time
 21.1 ±  0.5 ms - Find child
 30.7 ±  0.6 ms - Add child
685.8 ± 17.8 ms - Hash
258.3 ± 36.3 ms - Map
367.6 ±  3.6 ms - getState
0.381595
0.429622
0.663918
5316.8 ±  0.0 ms - Total time
3916.8 ±  0.0 ms - Build f time
257.5 ±  2.9 ms - Apply f time
3313.1 ± 26.8 ms - Real f time 
1066.9 ± 18.6 ms - Add time
 27.4 ±  0.6 ms - Find child
 39.5 ±  0.7 ms - Add child
819.3 ± 32.2 ms - Hash
300.1 ± 36.3 ms - Map
457.0 ±  3.8 ms - getState
0.339027
0.377009
0.618433
5935.2 ±  0.0 ms - Total time
4255.8 ±  0.0 ms - Build f time
294.2 ±  3.1 ms - Apply f time
3617.8 ± 32.6 ms - Real f time 
1266.0 ± 69.4 ms - Add time
 33.4 ±  0.7 ms - Find child
 48.7 ±  1.4 ms - Add child
929.1 ± 32.2 ms - Hash
340.2 ± 36.3 ms - Map
543.5 ±  3.9 ms - getState
0.338688
0.382251
0.601479
6536.8 ±  0.0 ms - Total time
4594.5 ±  0.0 ms - Build f time
329.7 ±  3.3 ms - Apply f time
3925.0 ± 33.3 ms - Real f time 
1394.4 ± 69.4 ms - Add time
 38.8 ±  0.7 ms - Find child
 56.3 ±  1.5 ms - Add child
1029.9 ± 32.2 ms - Hash
378.6 ± 36.3 ms - Map
623.9 ±  4.1 ms - getState
0.402721
0.454724
0.730494
7267.3 ±  0.0 ms - Total time
4997.2 ±  0.0 ms - Build f time
371.5 ±  3.5 ms - Apply f time
4278.3 ± 34.7 ms - Real f time 
1552.2 ± 69.5 ms - Add time
 45.2 ±  0.8 ms - Find child
 64.1 ±  1.5 ms - Add child
1159.0 ± 32.3 ms - Hash
422.3 ± 36.4 ms - Map
728.3 ±  4.3 ms - getState
Dag sizes: 215517 204852 192044 213279 203910 191376 207920 
brutePieces time: 4.48133
165.3 ±  0.0 ms - Piece loop time
 61.9 ± 16.5 ms - Set time
106.4 ±  2.4 ms - Child looking time
Nodes:  1428898
Pieces: 168733
makePieces time: 0.166373
Memory: 51.0 + 49.1 + 45.7 + 52.2 + 11.0 MB
 47.3 ±  1.5 ms - Greedy fill time
composePieces time: 6.50796
                                                                                