Running only task # 124
Using max depth 4
 |                                        | 0 / 416 (0.0%)Function count: 142
0.136126
0.145822
0.100948
0.108006
0.10638
0.11457
0.145418
0.157308
 27.0 ±  0.0 ms - Piece loop time
 66.4 ± 59.2 ms - Set time
 19.1 ±  0.8 ms - Child looking time
3.68454
3.99135
6.49703
7022.9 ±  0.0 ms - Total time
4173.4 ±  0.0 ms - Build f time
398.5 ±  3.2 ms - Apply f time
3584.7 ± 17.4 ms - Real f time 
1346.3 ± 12.0 ms - Add time
 80.8 ±  1.1 ms - Find child
113.9 ±  1.5 ms - Add child
1290.4 ±  6.4 ms - Hash
796.9 ± 41.4 ms - Map
651.5 ±  5.0 ms - getState
2.65516
2.87302
4.68734
11710.3 ±  0.0 ms - Total time
6828.6 ±  0.0 ms - Build f time
704.4 ±  4.7 ms - Apply f time
5942.2 ± 25.1 ms - Real f time 
2244.6 ± 16.4 ms - Add time
146.9 ±  1.4 ms - Find child
207.9 ±  2.0 ms - Add child
2153.4 ±  7.4 ms - Hash
1411.7 ± 41.5 ms - Map
1097.0 ±  6.0 ms - getState
2.88865
3.15033
5.0301
16740.5 ±  0.0 ms - Total time
9717.2 ±  0.0 ms - Build f time
1035.8 ±  8.3 ms - Apply f time
8530.2 ± 32.8 ms - Real f time 
3209.8 ± 22.9 ms - Add time
216.0 ±  1.8 ms - Find child
305.3 ±  2.7 ms - Add child
3057.1 ±  8.2 ms - Hash
2023.9 ± 42.1 ms - Map
1580.9 ±  6.8 ms - getState
4.13463
4.50139
7.5618
24302.3 ±  0.0 ms - Total time
13851.8 ±  0.0 ms - Build f time
1495.8 ±  8.7 ms - Apply f time
12167.0 ± 37.2 ms - Real f time 
4743.8 ± 27.8 ms - Add time
308.5 ±  2.1 ms - Find child
434.6 ±  3.1 ms - Add child
4503.2 ± 11.5 ms - Hash
2833.8 ± 42.4 ms - Map
2376.1 ± 10.3 ms - getState
Dag sizes: 2374209 2119411 2226708 2921919 
brutePieces time: 23.7781
3331.1 ±  0.0 ms - Piece loop time
1103.6 ± 17.4 ms - Set time
2101.5 ± 12.0 ms - Child looking time
Nodes:  9642247
Pieces: 3114497
makePieces time: 3.34034
Memory: 211.5 + 379.7 + 308.6 + 238.2 + 132.3 MB
 43.7 ±  0.0 ms - Greedy fill time
composePieces time: 21.5511
                                                                                