Running only task # 170
Using max depth 33
 |                                        | 0 / 416 (0.0%)Function count: 142
0.0180352
0.0197137
0.0392841
0.0418693
0.0130026
0.014186
0.0174506
0.0188797
0.0388812
0.0413618
0.0127622
0.0139032
0.0288271
0.0312855
 37.1 ±  0.0 ms - Piece loop time
 40.8 ± 37.7 ms - Set time
 32.4 ±  1.0 ms - Child looking time
0.0277917
0.0294943
0.0434402
224.8 ±  0.0 ms - Total time
196.0 ±  0.0 ms - Build f time
  8.6 ±  0.3 ms - Apply f time
177.6 ±  2.4 ms - Real f time 
 39.8 ±  1.4 ms - Add time
  2.1 ±  0.2 ms - Find child
  2.7 ±  0.2 ms - Add child
 35.3 ±  0.6 ms - Hash
 62.4 ± 38.6 ms - Map
  8.3 ±  0.3 ms - getState
0.0708218
0.0741034
0.143982
368.8 ±  0.0 ms - Total time
266.9 ±  0.0 ms - Build f time
 20.2 ±  0.5 ms - Apply f time
240.2 ±  2.8 ms - Real f time 
 73.6 ±  1.6 ms - Add time
  5.3 ±  0.3 ms - Find child
  6.5 ±  0.3 ms - Add child
 64.4 ±  0.9 ms - Hash
 82.0 ± 38.6 ms - Map
 23.2 ±  0.4 ms - getState
0.0177582
0.0191034
0.0256712
394.5 ±  0.0 ms - Total time
284.6 ±  0.0 ms - Build f time
 22.3 ±  0.5 ms - Apply f time
256.4 ±  2.8 ms - Real f time 
 78.5 ±  1.7 ms - Add time
  6.0 ±  0.3 ms - Find child
  7.3 ±  0.3 ms - Add child
 68.9 ±  0.9 ms - Hash
124.2 ± 54.6 ms - Map
 25.2 ±  0.5 ms - getState
0.0263254
0.0279536
0.0408449
435.4 ±  0.0 ms - Total time
310.9 ±  0.0 ms - Build f time
 26.1 ±  0.6 ms - Apply f time
281.9 ±  2.9 ms - Real f time 
 87.5 ±  1.7 ms - Add time
  7.1 ±  0.3 ms - Find child
  8.9 ±  0.3 ms - Add child
 76.6 ±  1.0 ms - Hash
129.3 ± 54.6 ms - Map
 28.7 ±  0.5 ms - getState
0.0706105
0.0738411
0.142175
577.6 ±  0.0 ms - Total time
381.5 ±  0.0 ms - Build f time
 37.4 ±  0.7 ms - Apply f time
346.1 ±  3.2 ms - Real f time 
123.7 ±  1.9 ms - Add time
 10.1 ±  0.4 ms - Find child
 13.5 ±  0.4 ms - Add child
120.7 ± 14.2 ms - Hash
145.4 ± 54.6 ms - Map
 44.5 ±  0.6 ms - getState
0.01707
0.018432
0.0250363
602.6 ±  0.0 ms - Total time
398.6 ±  0.0 ms - Build f time
 39.2 ±  0.7 ms - Apply f time
363.8 ±  3.3 ms - Real f time 
129.7 ±  2.0 ms - Add time
 10.7 ±  0.4 ms - Find child
 14.6 ±  0.4 ms - Add child
125.4 ± 14.2 ms - Hash
151.4 ± 54.7 ms - Map
 46.4 ±  0.6 ms - getState
0.0485962
0.0514622
0.086706
689.4 ±  0.0 ms - Total time
447.2 ±  0.0 ms - Build f time
 47.0 ±  0.7 ms - Apply f time
408.5 ±  3.5 ms - Real f time 
148.7 ±  2.1 ms - Add time
 13.1 ±  0.4 ms - Find child
 17.9 ±  0.5 ms - Add child
142.5 ± 14.2 ms - Hash
163.5 ± 54.7 ms - Map
 54.6 ±  0.7 ms - getState
Dag sizes: 34100 98482 16587 34094 101993 16668 72828 
brutePieces time: 0.513251
127.0 ±  0.0 ms - Piece loop time
 54.6 ± 37.0 ms - Set time
103.9 ±  2.8 ms - Child looking time
Nodes:  374752
Pieces: 83763
makePieces time: 0.12839
Memory: 4.0 + 17.1 + 12.0 + 35.4 + 5.6 MB
 38.2 ±  8.9 ms - Greedy fill time
composePieces time: 1.31524
                                                                                