Running only task # 356
Using max depth 33
 |                                        | 0 / 416 (0.0%)Function count: 142
0.0618613
0.0646852
0.0732479
0.0764125
0.0347761
0.0363728
0.0673684
0.0699557
0.0769364
0.0798633
0.0343124
0.035948
0.0907827
0.0943462
 17.0 ±  0.0 ms - Piece loop time
 40.0 ± 37.8 ms - Set time
 13.9 ±  0.9 ms - Child looking time
0.0644244
0.0669919
0.0809385
538.7 ±  0.0 ms - Total time
503.7 ±  0.0 ms - Build f time
  8.5 ±  0.4 ms - Apply f time
423.4 ±  5.2 ms - Real f time 
 69.1 ±  2.3 ms - Add time
  1.1 ±  0.1 ms - Find child
  1.6 ±  0.1 ms - Add child
 95.0 ±  0.9 ms - Hash
 68.4 ± 41.9 ms - Map
 11.5 ±  0.3 ms - getState
0.0733348
0.076248
0.0938668
632.6 ±  0.0 ms - Total time
577.0 ±  0.0 ms - Build f time
 12.1 ±  0.5 ms - Apply f time
483.0 ±  5.5 ms - Real f time 
 82.1 ±  2.3 ms - Add time
  2.0 ±  0.2 ms - Find child
  2.7 ±  0.2 ms - Add child
116.1 ±  1.0 ms - Hash
 73.7 ± 41.9 ms - Map
 17.0 ±  0.7 ms - getState
0.0346648
0.036253
0.0419587
674.6 ±  0.0 ms - Total time
611.7 ±  0.0 ms - Build f time
 14.5 ±  0.6 ms - Apply f time
514.5 ±  5.6 ms - Real f time 
 87.7 ±  2.4 ms - Add time
  2.6 ±  0.2 ms - Find child
  3.5 ±  0.2 ms - Add child
124.1 ±  1.0 ms - Hash
 77.6 ± 41.9 ms - Map
 18.7 ±  0.8 ms - getState
0.0642095
0.0668662
0.0820035
756.6 ±  0.0 ms - Total time
675.9 ±  0.0 ms - Build f time
 17.9 ±  0.6 ms - Apply f time
567.4 ±  5.9 ms - Real f time 
 98.5 ±  2.4 ms - Add time
  3.2 ±  0.2 ms - Find child
  4.4 ±  0.2 ms - Add child
142.2 ±  1.1 ms - Hash
 82.0 ± 41.9 ms - Map
 22.9 ±  0.8 ms - getState
0.0750955
0.0781871
0.0966673
853.3 ±  0.0 ms - Total time
751.0 ±  0.0 ms - Build f time
 21.3 ±  0.7 ms - Apply f time
626.7 ±  6.1 ms - Real f time 
112.3 ±  2.5 ms - Add time
  4.2 ±  0.2 ms - Find child
  5.6 ±  0.3 ms - Add child
164.2 ±  1.2 ms - Hash
 87.8 ± 41.9 ms - Map
 28.1 ±  0.8 ms - getState
0.0376766
0.0403974
0.0494774
902.8 ±  0.0 ms - Total time
788.7 ±  0.0 ms - Build f time
 24.9 ±  0.7 ms - Apply f time
660.2 ±  6.1 ms - Real f time 
118.7 ±  2.5 ms - Add time
  5.0 ±  0.3 ms - Find child
  6.9 ±  0.3 ms - Add child
172.1 ±  1.2 ms - Hash
 93.0 ± 41.9 ms - Map
 31.5 ±  0.8 ms - getState
0.0962942
0.0999043
0.125855
1028.7 ±  0.0 ms - Total time
885.0 ±  0.0 ms - Build f time
 29.7 ±  0.7 ms - Apply f time
737.3 ±  6.5 ms - Real f time 
143.8 ±  7.2 ms - Add time
  6.1 ±  0.3 ms - Find child
  8.1 ±  0.3 ms - Add child
202.1 ±  1.3 ms - Hash
100.3 ± 41.9 ms - Map
 38.7 ±  0.8 ms - getState
Dag sizes: 18766 22726 16029 19365 22786 16153 26520 
brutePieces time: 0.576298
 29.1 ±  0.0 ms - Piece loop time
 47.9 ± 43.5 ms - Set time
 22.1 ±  1.0 ms - Child looking time
Nodes:  142345
Pieces: 19280
makePieces time: 0.0301338
Memory: 3.0 + 10.4 + 4.6 + 31.6 + 1.4 MB
  8.6 ±  0.0 ms - Greedy fill time
composePieces time: 0.313507
                                                                                