Running only task # 97
Using max depth 33
 |                                        | 0 / 416 (0.0%)Function count: 142
0.186219
0.20575
0.171371
0.191582
0.191778
0.211792
0.173902
0.193423
0.170068
0.18851
0.183003
0.202369
0.204062
0.225543
 26.1 ±  0.0 ms - Piece loop time
 44.4 ± 38.3 ms - Set time
 18.2 ±  1.2 ms - Child looking time
0.176884
0.195434
0.369864
1789.1 ±  0.0 ms - Total time
1457.3 ±  0.0 ms - Build f time
 68.3 ±  1.1 ms - Apply f time
1080.8 ± 10.9 ms - Real f time 
344.1 ± 10.6 ms - Add time
  7.5 ±  0.3 ms - Find child
 10.2 ±  0.4 ms - Add child
349.4 ±  9.0 ms - Hash
137.2 ± 38.9 ms - Map
 92.0 ±  2.1 ms - getState
0.172927
0.190678
0.370471
2159.6 ±  0.0 ms - Total time
1630.2 ±  0.0 ms - Build f time
 94.1 ±  2.0 ms - Apply f time
1224.3 ± 11.3 ms - Real f time 
435.6 ± 10.8 ms - Add time
 11.5 ±  0.4 ms - Find child
 16.2 ±  0.5 ms - Add child
432.3 ±  9.0 ms - Hash
163.8 ± 38.9 ms - Map
141.9 ±  2.5 ms - getState
0.187438
0.20673
0.398695
2558.4 ±  0.0 ms - Total time
1817.6 ±  0.0 ms - Build f time
120.0 ±  2.1 ms - Apply f time
1378.0 ± 11.7 ms - Real f time 
544.7 ± 13.2 ms - Add time
 15.9 ±  0.5 ms - Find child
 22.5 ±  0.6 ms - Add child
523.1 ±  9.1 ms - Hash
191.6 ± 38.9 ms - Map
194.1 ±  2.6 ms - getState
0.178884
0.198221
0.384058
2942.5 ±  0.0 ms - Total time
1996.5 ±  0.0 ms - Build f time
146.8 ±  2.2 ms - Apply f time
1518.6 ± 12.0 ms - Real f time 
634.9 ± 13.2 ms - Add time
 20.9 ±  0.5 ms - Find child
 29.1 ±  0.6 ms - Add child
607.0 ±  9.1 ms - Hash
221.7 ± 38.9 ms - Map
248.1 ±  2.7 ms - getState
0.173748
0.19191
0.373875
3316.4 ±  0.0 ms - Total time
2170.3 ±  0.0 ms - Build f time
171.6 ±  2.2 ms - Apply f time
1669.8 ± 12.3 ms - Real f time 
728.6 ± 13.3 ms - Add time
 25.5 ±  0.6 ms - Find child
 35.1 ±  0.7 ms - Add child
690.1 ±  9.2 ms - Hash
247.3 ± 38.9 ms - Map
297.1 ±  2.7 ms - getState
0.18852
0.208829
0.41284
3729.3 ±  0.0 ms - Total time
2358.8 ±  0.0 ms - Build f time
197.4 ±  2.3 ms - Apply f time
1826.3 ± 13.1 ms - Real f time 
830.3 ± 13.4 ms - Add time
 29.9 ±  0.6 ms - Find child
 41.6 ±  0.7 ms - Add child
783.9 ±  9.2 ms - Hash
294.6 ± 41.7 ms - Map
351.5 ±  2.8 ms - getState
0.217154
0.239425
0.463192
4192.5 ±  0.0 ms - Total time
2576.0 ±  0.0 ms - Build f time
225.8 ±  2.4 ms - Apply f time
2000.5 ± 13.6 ms - Real f time 
946.2 ± 13.6 ms - Add time
 34.5 ±  0.7 ms - Find child
 48.0 ±  0.8 ms - Add child
899.3 ± 13.1 ms - Hash
324.3 ± 41.7 ms - Map
412.4 ±  3.1 ms - getState
Dag sizes: 160522 168698 164504 160572 170708 169065 167423 
brutePieces time: 2.77781
 81.6 ±  0.0 ms - Piece loop time
 60.3 ± 36.7 ms - Set time
 55.2 ±  1.5 ms - Child looking time
Nodes:  1161492
Pieces: 117083
makePieces time: 0.0828947
Memory: 37.8 + 37.0 + 37.2 + 47.9 + 7.9 MB
279.7 ± 25.7 ms - Greedy fill time
composePieces time: 8.36137
                                                                                