Running only task # 249
Using max depth 4
 |                                        | 0 / 416 (0.0%)Function count: 142
0.0802973
0.0924909
0.087232
0.0944806
0.0748934
0.0818583
0.0771552
0.083906
0.0790681
0.0867806
 24.7 ±  0.0 ms - Piece loop time
 41.2 ± 36.6 ms - Set time
 19.1 ±  0.9 ms - Child looking time
1.85528
2.02919
3.14068
3580.4 ±  0.0 ms - Total time
2253.9 ±  0.0 ms - Build f time
222.9 ±  2.1 ms - Apply f time
1993.6 ± 22.7 ms - Real f time 
649.5 ±  7.2 ms - Add time
 53.2 ±  0.8 ms - Find child
 71.9 ±  1.0 ms - Add child
639.7 ± 18.4 ms - Hash
563.7 ± 38.0 ms - Map
294.0 ±  1.8 ms - getState
2.04343
2.24015
3.53154
7112.0 ±  0.0 ms - Total time
4297.4 ±  0.0 ms - Build f time
466.8 ±  2.7 ms - Apply f time
3803.9 ± 27.8 ms - Real f time 
1327.6 ± 12.1 ms - Add time
113.7 ±  1.2 ms - Find child
158.1 ±  3.0 ms - Add child
1248.6 ± 18.5 ms - Hash
1114.1 ± 39.7 ms - Map
652.4 ± 21.0 ms - getState
1.7562
1.92882
2.94692
10059.0 ±  0.0 ms - Total time
6053.6 ±  0.0 ms - Build f time
663.4 ±  3.7 ms - Apply f time
5401.9 ± 32.0 ms - Real f time 
1999.4 ± 115.0 ms - Add time
161.6 ±  1.4 ms - Find child
222.2 ±  3.1 ms - Add child
1756.5 ± 19.5 ms - Hash
1530.3 ± 40.8 ms - Map
918.5 ± 21.2 ms - getState
1.88774
2.06912
3.22853
13287.5 ±  0.0 ms - Total time
7941.3 ±  0.0 ms - Build f time
884.1 ±  4.8 ms - Apply f time
7106.7 ± 37.1 ms - Real f time 
2581.0 ± 115.1 ms - Add time
217.7 ±  2.2 ms - Find child
294.5 ±  3.3 ms - Add child
2320.1 ± 19.8 ms - Hash
2077.3 ± 46.4 ms - Map
1201.7 ± 21.2 ms - getState
2.02251
2.22055
3.47778
16765.4 ±  0.0 ms - Total time
9963.8 ±  0.0 ms - Build f time
1141.7 ± 17.1 ms - Apply f time
8919.5 ± 40.8 ms - Real f time 
3252.0 ± 117.2 ms - Add time
276.5 ±  2.4 ms - Find child
382.1 ±  7.5 ms - Add child
2901.6 ± 19.9 ms - Hash
2639.0 ± 46.7 ms - Map
1524.6 ± 21.4 ms - getState
Dag sizes: 1671607 1968524 1541109 1668056 1835893 
brutePieces time: 16.3275
2516.2 ±  0.0 ms - Piece loop time
817.0 ± 17.0 ms - Set time
1572.4 ± 17.5 ms - Child looking time
Nodes:  8685189
Pieces: 2007516
makePieces time: 2.52269
Memory: 116.5 + 383.0 + 277.9 + 222.8 + 109.8 MB
132.4 ± 50.6 ms - Greedy fill time
composePieces time: 14.799
                                                                                