Running only task # 360
Using max depth 33
 |                                        | 0 / 416 (0.0%)Function count: 142
0.0331045
0.0379531
0.0234137
0.0258567
0.0186292
0.0200921
0.0297767
0.0328221
0.0243345
0.0269495
0.0182796
0.0196966
0.0454215
0.0501366
 35.5 ±  0.0 ms - Piece loop time
 41.4 ± 37.2 ms - Set time
 30.3 ±  1.1 ms - Child looking time
0.0308556
0.0339519
0.0497151
263.4 ±  0.0 ms - Total time
223.8 ±  0.0 ms - Build f time
 13.3 ±  0.4 ms - Apply f time
207.6 ±  1.7 ms - Real f time 
 55.3 ±  4.1 ms - Add time
  2.7 ±  0.2 ms - Find child
  3.7 ±  0.2 ms - Add child
 35.5 ±  0.6 ms - Hash
 70.1 ± 41.3 ms - Map
 13.1 ±  1.2 ms - getState
0.0246345
0.0272223
0.0386543
302.1 ±  0.0 ms - Total time
248.4 ±  0.0 ms - Build f time
 17.8 ±  0.5 ms - Apply f time
232.4 ±  1.8 ms - Real f time 
 63.5 ±  4.1 ms - Add time
  4.4 ±  0.2 ms - Find child
  5.6 ±  0.3 ms - Add child
 42.6 ±  1.1 ms - Hash
 77.2 ± 41.2 ms - Map
 16.3 ±  1.2 ms - getState
0.0192758
0.0207854
0.0273718
329.5 ±  0.0 ms - Total time
267.7 ±  0.0 ms - Build f time
 20.3 ±  0.5 ms - Apply f time
252.6 ±  1.9 ms - Real f time 
 68.6 ±  4.2 ms - Add time
  5.5 ±  0.3 ms - Find child
  6.8 ±  0.3 ms - Add child
 47.3 ±  1.2 ms - Hash
 81.5 ± 41.2 ms - Map
 17.9 ±  1.2 ms - getState
0.0431417
0.0481375
0.0659663
395.5 ±  0.0 ms - Total time
310.9 ±  0.0 ms - Build f time
 26.5 ±  0.6 ms - Apply f time
294.0 ±  2.1 ms - Real f time 
 81.7 ±  4.2 ms - Add time
  7.6 ±  0.3 ms - Find child
  9.2 ±  0.3 ms - Add child
 56.1 ±  1.2 ms - Hash
 90.5 ± 41.3 ms - Map
 23.4 ±  1.2 ms - getState
0.0259821
0.0289196
0.0410702
436.6 ±  0.0 ms - Total time
336.8 ±  0.0 ms - Build f time
 30.8 ±  0.6 ms - Apply f time
320.2 ±  2.3 ms - Real f time 
 90.4 ±  4.2 ms - Add time
  9.4 ±  0.3 ms - Find child
 11.4 ±  0.4 ms - Add child
 62.4 ±  1.2 ms - Hash
 97.7 ± 41.3 ms - Map
 26.5 ±  1.2 ms - getState
0.0197247
0.0212857
0.0279655
464.6 ±  0.0 ms - Total time
356.6 ±  0.0 ms - Build f time
 33.5 ±  0.6 ms - Apply f time
340.5 ±  2.3 ms - Real f time 
100.2 ±  5.8 ms - Add time
 10.3 ±  0.4 ms - Find child
 12.9 ±  0.4 ms - Add child
 66.3 ±  1.3 ms - Hash
102.6 ± 41.3 ms - Map
 29.3 ±  1.6 ms - getState
0.0480981
0.0530308
0.0719299
536.6 ±  0.0 ms - Total time
404.7 ±  0.0 ms - Build f time
 40.5 ±  0.7 ms - Apply f time
388.8 ±  2.5 ms - Real f time 
114.4 ±  5.8 ms - Add time
 12.9 ±  0.4 ms - Find child
 15.9 ±  0.5 ms - Add child
 76.0 ±  1.3 ms - Hash
112.5 ± 41.3 ms - Map
 35.6 ±  1.6 ms - getState
Dag sizes: 43884 32936 18663 43893 32325 19304 51109 
brutePieces time: 0.328037
118.9 ±  0.0 ms - Piece loop time
 54.1 ± 37.0 ms - Set time
 91.3 ±  1.6 ms - Child looking time
Nodes:  242114
Pieces: 34709
makePieces time: 0.119992
Memory: 1.3 + 15.4 + 7.7 + 33.2 + 4.6 MB
  2.0 ±  0.0 ms - Greedy fill time
composePieces time: 0.169871
                                                                                