Running only task # 279
Using max depth 3
 |                                        | 0 / 416 (0.0%)Function count: 142
0.0569891
0.0606272
0.0963614
0.104683
0.102385
0.112016
0.134343
0.149419
 31.9 ±  0.0 ms - Piece loop time
 40.0 ± 34.5 ms - Set time
 25.4 ±  0.9 ms - Child looking time
0.0595041
0.0631383
0.0790617
506.0 ±  0.0 ms - Total time
449.6 ±  0.0 ms - Build f time
 17.4 ±  0.5 ms - Apply f time
375.3 ±  3.9 ms - Real f time 
 79.2 ±  1.4 ms - Add time
  2.1 ±  0.2 ms - Find child
  3.3 ±  0.2 ms - Add child
 76.9 ±  2.6 ms - Hash
 76.2 ± 38.1 ms - Map
 18.1 ±  0.4 ms - getState
0.0952624
0.103706
0.152992
659.0 ±  0.0 ms - Total time
544.8 ±  0.0 ms - Build f time
 27.7 ±  0.6 ms - Apply f time
457.5 ±  4.2 ms - Real f time 
112.1 ±  1.9 ms - Add time
  4.6 ±  0.2 ms - Find child
  7.0 ±  0.3 ms - Add child
103.8 ±  2.7 ms - Hash
 92.2 ± 38.1 ms - Map
 33.9 ±  0.5 ms - getState
0.103751
0.113307
0.164735
823.8 ±  0.0 ms - Total time
648.6 ±  0.0 ms - Build f time
 38.7 ±  0.7 ms - Apply f time
547.9 ±  4.4 ms - Real f time 
148.1 ±  2.7 ms - Add time
  7.4 ±  0.3 ms - Find child
 10.6 ±  0.4 ms - Add child
132.8 ±  2.7 ms - Hash
108.1 ± 38.1 ms - Map
 51.2 ±  0.7 ms - getState
0.138782
0.153264
0.225416
1049.2 ±  0.0 ms - Total time
787.4 ±  0.0 ms - Build f time
 54.1 ±  0.9 ms - Apply f time
669.7 ±  4.9 ms - Real f time 
196.0 ±  2.8 ms - Add time
 11.6 ±  0.6 ms - Find child
 15.2 ±  0.4 ms - Add child
172.2 ±  3.3 ms - Hash
127.0 ± 38.1 ms - Map
 78.0 ±  0.8 ms - getState
Dag sizes: 34731 90543 93140 129491 
brutePieces time: 0.62466
 67.5 ±  0.0 ms - Piece loop time
 49.4 ± 34.3 ms - Set time
 48.5 ±  1.0 ms - Child looking time
Nodes:  347905
Pieces: 95483
makePieces time: 0.0684455
Memory: 4.9 + 14.8 + 11.1 + 22.3 + 4.0 MB
  2.4 ±  0.0 ms - Greedy fill time
composePieces time: 0.241773
                                                                                