Running only task # 187
Using max depth 33
 |                                        | 0 / 416 (0.0%)Function count: 142
0.0505402
0.0532198
0.0496243
0.0521894
0.0513564
0.0543157
0.049146
0.0517535
0.0418396
0.0440955
 18.9 ±  0.0 ms - Piece loop time
 38.9 ± 36.0 ms - Set time
 15.1 ±  0.8 ms - Child looking time
0.0511383
0.0537684
0.0897729
345.5 ±  0.0 ms - Total time
293.6 ±  0.0 ms - Build f time
 12.0 ±  0.3 ms - Apply f time
253.5 ±  2.7 ms - Real f time 
 61.2 ±  4.5 ms - Add time
  2.8 ±  0.2 ms - Find child
  3.4 ±  0.2 ms - Add child
 60.1 ±  2.3 ms - Hash
 68.3 ± 35.8 ms - Map
 12.7 ±  0.3 ms - getState
0.0505693
0.0530739
0.082128
427.6 ±  0.0 ms - Total time
344.2 ±  0.0 ms - Build f time
 17.9 ±  0.4 ms - Apply f time
300.8 ±  3.4 ms - Real f time 
 78.8 ±  4.6 ms - Add time
  4.7 ±  0.2 ms - Find child
  5.5 ±  0.3 ms - Add child
 77.3 ±  2.3 ms - Hash
 77.8 ± 35.8 ms - Map
 19.0 ±  0.4 ms - getState
0.0540802
0.0566811
0.0871593
514.8 ±  0.0 ms - Total time
398.3 ±  0.0 ms - Build f time
 23.8 ±  0.5 ms - Apply f time
349.9 ±  3.6 ms - Real f time 
109.5 ± 14.0 ms - Add time
  6.4 ±  0.3 ms - Find child
  7.9 ±  0.3 ms - Add child
 95.2 ±  2.4 ms - Hash
 88.2 ± 35.8 ms - Map
 26.0 ±  0.5 ms - getState
0.0510702
0.0536106
0.0831496
598.0 ±  0.0 ms - Total time
449.4 ±  0.0 ms - Build f time
 30.6 ±  0.8 ms - Apply f time
395.5 ±  3.7 ms - Real f time 
127.2 ± 14.0 ms - Add time
  8.4 ±  0.3 ms - Find child
 10.1 ±  0.4 ms - Add child
111.8 ±  2.4 ms - Hash
 97.4 ± 35.8 ms - Map
 33.0 ±  0.5 ms - getState
0.0431858
0.0455434
0.0717806
669.8 ±  0.0 ms - Total time
492.5 ±  0.0 ms - Build f time
 36.4 ±  0.9 ms - Apply f time
435.5 ±  3.9 ms - Real f time 
142.4 ± 14.0 ms - Add time
 10.3 ±  0.4 ms - Find child
 12.6 ±  0.4 ms - Add child
124.7 ±  2.4 ms - Hash
107.6 ± 35.8 ms - Map
 39.6 ±  0.6 ms - getState
Dag sizes: 51585 51288 52183 51985 56166 
brutePieces time: 0.417974
 54.9 ±  0.0 ms - Piece loop time
 47.0 ± 36.1 ms - Set time
 41.4 ±  1.0 ms - Child looking time
Nodes:  263207
Pieces: 52557
makePieces time: 0.0558085
Memory: 2.9 + 12.1 + 8.4 + 25.2 + 2.7 MB
  7.9 ±  0.0 ms - Greedy fill time
composePieces time: 0.465696
                                                                                