Running only task # 352
Using max depth 3
 |                                        | 0 / 416 (0.0%)Function count: 142
0.921463
1.0173
1.13709
1.29365
0.931283
1.01336
1.24551
1.41029
 36.6 ±  0.0 ms - Piece loop time
 23.5 ± 15.7 ms - Set time
 29.2 ±  1.0 ms - Child looking time
0.936376
1.02965
1.61241
6347.2 ±  0.0 ms - Total time
5171.7 ±  0.0 ms - Build f time
294.1 ±  7.2 ms - Apply f time
4862.7 ± 76.7 ms - Real f time 
1053.5 ± 30.4 ms - Add time
 12.5 ±  0.4 ms - Find child
 17.7 ±  0.5 ms - Add child
603.3 ±  3.4 ms - Hash
161.6 ± 35.9 ms - Map
367.7 ±  6.1 ms - getState
1.15371
1.31136
2.13699
8484.2 ±  0.0 ms - Total time
6325.4 ±  0.0 ms - Build f time
436.4 ±  8.3 ms - Apply f time
6028.2 ± 82.3 ms - Real f time 
1557.2 ± 32.9 ms - Add time
 26.1 ±  0.6 ms - Find child
 38.2 ±  0.8 ms - Add child
932.9 ±  4.0 ms - Hash
236.0 ± 36.0 ms - Map
637.4 ± 16.0 ms - getState
0.866244
0.948725
1.51933
10003.6 ±  0.0 ms - Total time
7191.7 ±  0.0 ms - Build f time
522.5 ±  8.8 ms - Apply f time
6866.7 ± 85.9 ms - Real f time 
1877.5 ± 35.3 ms - Add time
 36.2 ±  0.7 ms - Find child
 51.7 ±  0.9 ms - Add child
1188.1 ±  4.4 ms - Hash
285.9 ± 35.9 ms - Map
796.3 ± 16.3 ms - getState
1.25394
1.4178
2.32436
12328.0 ±  0.0 ms - Total time
8445.6 ±  0.0 ms - Build f time
679.6 ±  9.9 ms - Apply f time
8099.0 ± 91.4 ms - Real f time 
2429.7 ± 38.6 ms - Add time
 51.1 ±  0.8 ms - Find child
 72.8 ±  1.0 ms - Add child
1553.2 ±  4.8 ms - Hash
370.7 ± 35.9 ms - Map
1063.4 ± 16.8 ms - getState
Dag sizes: 274277 400779 274930 434264 
brutePieces time: 7.59475
189.6 ±  0.0 ms - Piece loop time
 78.7 ± 24.2 ms - Set time
135.3 ±  1.5 ms - Child looking time
Nodes:  1384250
Pieces: 367471
makePieces time: 0.19118
Memory: 94.3 + 45.1 + 44.3 + 38.9 + 13.6 MB
169.6 ±  0.0 ms - Greedy fill time
composePieces time: 4.06187
                                                                                