Running only task # 245
Using max depth 23
 |                                        | 0 / 416 (0.0%)Function count: 142
0.0711391
0.0804222
0.0776082
0.0825655
0.0739925
0.0788073
0.0683671
0.0726298
0.0705785
0.0753366
0.0745689
0.0799118
0.0753693
0.0801914
 23.9 ±  0.0 ms - Piece loop time
 39.3 ± 35.2 ms - Set time
 18.2 ±  1.0 ms - Child looking time
0.0692082
0.0732676
0.0974062
647.6 ±  0.0 ms - Total time
580.8 ±  0.0 ms - Build f time
 17.7 ±  0.5 ms - Apply f time
483.6 ±  5.2 ms - Real f time 
126.8 ± 23.9 ms - Add time
  3.0 ±  0.2 ms - Find child
  3.8 ±  0.2 ms - Add child
100.2 ±  1.5 ms - Hash
103.9 ± 45.0 ms - Map
 18.9 ±  0.4 ms - getState
0.0773609
0.0817419
0.10496
752.6 ±  0.0 ms - Total time
658.2 ±  0.0 ms - Build f time
 24.1 ±  0.6 ms - Apply f time
552.1 ±  5.4 ms - Real f time 
144.1 ± 24.0 ms - Add time
  4.5 ±  0.2 ms - Find child
  5.9 ±  0.3 ms - Add child
119.5 ±  1.6 ms - Hash
114.8 ± 45.1 ms - Map
 25.3 ±  0.5 ms - getState
0.0751393
0.0815236
0.112193
864.8 ±  0.0 ms - Total time
733.3 ±  0.0 ms - Build f time
 32.7 ±  0.7 ms - Apply f time
619.8 ±  5.6 ms - Real f time 
164.2 ± 24.0 ms - Add time
  6.5 ±  0.3 ms - Find child
  8.5 ±  0.3 ms - Add child
139.8 ±  1.6 ms - Hash
127.9 ± 45.1 ms - Map
 34.2 ±  0.6 ms - getState
0.0700157
0.0741079
0.0972855
962.1 ±  0.0 ms - Total time
803.3 ±  0.0 ms - Build f time
 38.7 ±  0.7 ms - Apply f time
680.1 ±  5.7 ms - Real f time 
181.5 ± 24.0 ms - Add time
  7.9 ±  0.3 ms - Find child
 10.6 ±  0.4 ms - Add child
158.7 ±  1.7 ms - Hash
138.5 ± 45.1 ms - Map
 40.4 ±  0.6 ms - getState
0.0719766
0.0767255
0.0994776
1061.6 ±  0.0 ms - Total time
875.3 ±  0.0 ms - Build f time
 44.5 ±  0.8 ms - Apply f time
745.5 ±  5.9 ms - Real f time 
211.8 ± 27.7 ms - Add time
  9.5 ±  0.3 ms - Find child
 12.4 ±  0.4 ms - Add child
178.5 ±  1.7 ms - Hash
148.0 ± 45.1 ms - Map
 46.6 ±  0.6 ms - getState
0.0754412
0.0802443
0.104508
1166.2 ±  0.0 ms - Total time
950.8 ±  0.0 ms - Build f time
 51.5 ±  0.8 ms - Apply f time
813.5 ±  6.1 ms - Real f time 
230.5 ± 27.7 ms - Add time
 11.1 ±  0.4 ms - Find child
 14.8 ±  0.4 ms - Add child
198.3 ±  1.8 ms - Hash
162.6 ± 45.3 ms - Map
 53.1 ±  0.7 ms - getState
0.0769559
0.0817581
0.106514
1272.7 ±  0.0 ms - Total time
1027.7 ±  0.0 ms - Build f time
 57.7 ±  0.9 ms - Apply f time
880.6 ±  6.3 ms - Real f time 
255.1 ± 28.3 ms - Add time
 12.9 ±  0.4 ms - Find child
 17.2 ±  0.5 ms - Add child
218.7 ±  1.8 ms - Hash
172.8 ± 45.3 ms - Map
 59.9 ±  0.7 ms - getState
Dag sizes: 47213 48029 52262 47226 48020 52271 52881 
brutePieces time: 0.726837
 44.4 ±  0.0 ms - Piece loop time
 49.0 ± 41.0 ms - Set time
 29.8 ±  1.2 ms - Child looking time
Nodes:  347902
Pieces: 39284
makePieces time: 0.0454168
Memory: 4.1 + 18.8 + 11.1 + 34.9 + 2.7 MB
 15.7 ±  0.3 ms - Greedy fill time
composePieces time: 0.70655
                                                                                