Running only task # 64
Using max depth 33
 |                                        | 0 / 416 (0.0%)Function count: 142
0.0192749
0.0210952
0.0166475
0.0181896
0.0168115
0.0183619
0.0189724
0.0207225
0.016258
0.017743
0.0168422
0.0184131
0.0218156
0.0240828
 31.9 ±  0.0 ms - Piece loop time
 47.1 ± 43.5 ms - Set time
 27.6 ±  1.1 ms - Child looking time
0.0190538
0.0207256
0.0221601
160.9 ±  0.0 ms - Total time
145.7 ±  0.0 ms - Build f time
  5.7 ±  0.2 ms - Apply f time
145.0 ±  2.6 ms - Real f time 
 29.7 ±  0.8 ms - Add time
  1.3 ±  0.2 ms - Find child
  1.5 ±  0.1 ms - Add child
 21.5 ±  0.5 ms - Hash
 55.3 ± 38.7 ms - Map
  8.8 ±  3.2 ms - getState
0.0165593
0.0181154
0.0192488
180.2 ±  0.0 ms - Total time
162.2 ±  0.0 ms - Build f time
  6.6 ±  0.3 ms - Apply f time
163.0 ±  2.9 ms - Real f time 
 32.9 ±  0.8 ms - Add time
  1.5 ±  0.2 ms - Find child
  1.7 ±  0.1 ms - Add child
 24.1 ±  0.5 ms - Hash
 57.2 ± 38.7 ms - Map
  9.8 ±  3.2 ms - getState
0.016493
0.0180215
0.0191323
199.3 ±  0.0 ms - Total time
178.7 ±  0.0 ms - Build f time
  7.4 ±  0.3 ms - Apply f time
179.7 ±  3.0 ms - Real f time 
 36.7 ±  0.8 ms - Add time
  1.8 ±  0.2 ms - Find child
  1.9 ±  0.2 ms - Add child
 26.7 ±  0.6 ms - Hash
 59.5 ± 38.7 ms - Map
 10.9 ±  3.2 ms - getState
0.0192989
0.0210903
0.0225885
221.9 ±  0.0 ms - Total time
198.0 ±  0.0 ms - Build f time
  8.4 ±  0.3 ms - Apply f time
198.8 ±  3.0 ms - Real f time 
 40.8 ±  0.9 ms - Add time
  2.1 ±  0.2 ms - Find child
  2.2 ±  0.2 ms - Add child
 29.9 ±  0.6 ms - Hash
 62.6 ± 38.7 ms - Map
 12.0 ±  3.2 ms - getState
0.0179383
0.0196145
0.0208753
242.8 ±  0.0 ms - Total time
216.0 ±  0.0 ms - Build f time
  9.2 ±  0.3 ms - Apply f time
215.0 ±  3.0 ms - Real f time 
 44.3 ±  1.0 ms - Add time
  2.4 ±  0.2 ms - Find child
  2.7 ±  0.2 ms - Add child
 32.6 ±  0.6 ms - Hash
 65.2 ± 38.6 ms - Map
 13.2 ±  3.2 ms - getState
0.017179
0.0187105
0.0198542
262.7 ±  0.0 ms - Total time
233.1 ±  0.0 ms - Build f time
 10.1 ±  0.3 ms - Apply f time
232.5 ±  3.0 ms - Real f time 
 48.1 ±  1.1 ms - Add time
  2.6 ±  0.2 ms - Find child
  3.1 ±  0.2 ms - Add child
 35.4 ±  0.7 ms - Hash
 67.2 ± 38.6 ms - Map
 14.2 ±  3.2 ms - getState
0.0216889
0.0235465
0.0251028
287.8 ±  0.0 ms - Total time
254.8 ±  0.0 ms - Build f time
 11.1 ±  0.3 ms - Apply f time
253.7 ±  3.1 ms - Real f time 
 52.3 ±  1.1 ms - Add time
  2.9 ±  0.2 ms - Find child
  3.4 ±  0.2 ms - Add child
 38.8 ±  0.7 ms - Hash
 69.7 ± 38.7 ms - Map
 15.5 ±  3.2 ms - getState
Dag sizes: 11790 9561 9777 11745 9565 9703 12191 
brutePieces time: 0.154021
 38.4 ±  0.0 ms - Piece loop time
 43.3 ± 38.7 ms - Set time
 32.5 ±  1.1 ms - Child looking time
Nodes:  74332
Pieces: 15078
makePieces time: 0.0393395
Memory: 0.4 + 7.4 + 2.4 + 30.5 + 1.4 MB
  0.7 ±  0.0 ms - Greedy fill time
composePieces time: 0.0515105
                                                                                