Running only task # 302
Using max depth 33
 |                                        | 0 / 416 (0.0%)Function count: 142
0.54446
0.629462
0.714387
0.828819
0.851351
0.983832
0.555947
0.640851
0.717356
0.831669
0.848546
1.00901
0.896934
1.03487
 95.9 ±  0.0 ms - Piece loop time
 30.5 ± 12.2 ms - Set time
 75.2 ±  2.1 ms - Child looking time
0.542434
0.63464
1.34024
7299.1 ±  0.0 ms - Total time
5671.4 ±  0.0 ms - Build f time
430.5 ±  5.9 ms - Apply f time
4896.3 ± 41.0 ms - Real f time 
1604.8 ± 78.7 ms - Add time
 28.1 ±  0.6 ms - Find child
 41.7 ±  0.8 ms - Add child
722.3 ±  3.5 ms - Hash
310.9 ± 36.6 ms - Map
530.3 ±  5.7 ms - getState
0.742902
0.857996
1.77489
9074.0 ±  0.0 ms - Total time
6414.3 ±  0.0 ms - Build f time
573.3 ±  6.4 ms - Apply f time
5617.5 ± 42.6 ms - Real f time 
2087.8 ± 78.8 ms - Add time
 50.8 ±  0.8 ms - Find child
 73.4 ±  1.0 ms - Add child
1015.6 ±  4.0 ms - Hash
443.7 ± 36.7 ms - Map
791.7 ±  6.4 ms - getState
0.856441
0.989135
2.02811
11102.1 ±  0.0 ms - Total time
7270.8 ±  0.0 ms - Build f time
738.0 ±  9.2 ms - Apply f time
6442.4 ± 44.8 ms - Real f time 
2645.5 ± 80.2 ms - Add time
 74.9 ±  1.0 ms - Find child
105.5 ±  1.2 ms - Add child
1348.3 ±  4.3 ms - Hash
577.0 ± 36.7 ms - Map
1087.7 ±  7.0 ms - getState
0.549133
0.634226
1.3559
12458.1 ±  0.0 ms - Total time
7819.9 ±  0.0 ms - Build f time
855.3 ±  9.5 ms - Apply f time
6976.9 ± 47.8 ms - Real f time 
3016.4 ± 80.4 ms - Add time
 97.5 ±  1.1 ms - Find child
135.6 ±  1.4 ms - Add child
1574.1 ±  4.5 ms - Hash
688.4 ± 36.8 ms - Map
1294.6 ±  7.4 ms - getState
0.749501
0.863803
1.79903
14257.1 ±  0.0 ms - Total time
8569.4 ±  0.0 ms - Build f time
996.9 ±  9.7 ms - Apply f time
7682.5 ± 49.0 ms - Real f time 
3494.4 ± 80.6 ms - Add time
121.9 ±  1.2 ms - Find child
167.0 ±  1.5 ms - Add child
1865.9 ±  4.7 ms - Hash
831.3 ± 36.9 ms - Map
1553.3 ±  7.9 ms - getState
0.890409
1.03261
2.0815
16338.7 ±  0.0 ms - Total time
9459.8 ±  0.0 ms - Build f time
1157.4 ± 10.2 ms - Apply f time
8557.3 ± 52.9 ms - Real f time 
4058.2 ± 80.9 ms - Add time
146.9 ±  1.4 ms - Find child
199.6 ±  1.7 ms - Add child
2202.9 ±  5.0 ms - Hash
968.5 ± 36.9 ms - Map
1865.8 ± 12.5 ms - getState
0.905905
1.04675
2.25153
18590.2 ±  0.0 ms - Total time
10365.7 ±  0.0 ms - Build f time
1334.8 ± 10.5 ms - Apply f time
9416.5 ± 55.6 ms - Real f time 
4668.4 ± 81.2 ms - Add time
175.5 ±  1.6 ms - Find child
238.6 ±  1.8 ms - Add child
2565.0 ±  5.3 ms - Hash
1149.5 ± 37.1 ms - Map
2203.1 ± 13.0 ms - getState
Dag sizes: 668590 714782 742421 669948 712292 746077 811154 
brutePieces time: 12.635
617.9 ±  0.0 ms - Piece loop time
382.2 ± 160.6 ms - Set time
372.7 ±  3.1 ms - Child looking time
Nodes:  5065264
Pieces: 723220
makePieces time: 0.622772
Memory: 173.6 + 151.0 + 162.1 + 131.4 + 43.2 MB
1776.6 ± 174.2 ms - Greedy fill time
composePieces time: 35.2085
                                                                                