Running only task # 23
Using max depth 33
 |                                        | 0 / 416 (0.0%)Function count: 142
0.0253808
0.0268256
0.035556
0.0375294
0.0398901
0.0422361
0.0528015
0.056094
0.0725961
0.0768678
0.083876
0.0890412
0.025182
0.0265451
0.027802
0.0291968
0.0359154
0.0379915
0.0394188
0.0417731
0.0546584
0.0581628
0.0743997
0.0788888
0.0836502
0.0888041
0.0264201
0.0279043
0.0258937
0.0274119
124.5 ±  0.0 ms - Piece loop time
 54.7 ± 44.8 ms - Set time
106.0 ±  2.7 ms - Child looking time
0.0267461
0.0282119
0.0381582
783.8 ±  0.0 ms - Total time
730.2 ±  0.0 ms - Build f time
 17.9 ±  0.4 ms - Apply f time
604.3 ±  4.4 ms - Real f time 
135.5 ±  4.6 ms - Add time
  2.7 ±  0.2 ms - Find child
  4.0 ±  0.3 ms - Add child
129.6 ±  3.4 ms - Hash
115.4 ± 37.1 ms - Map
 19.6 ±  0.6 ms - getState
0.0364863
0.038642
0.0546437
838.5 ±  0.0 ms - Total time
766.7 ±  0.0 ms - Build f time
 22.8 ±  0.5 ms - Apply f time
638.6 ±  4.5 ms - Real f time 
146.2 ±  4.6 ms - Add time
  4.6 ±  0.2 ms - Find child
  6.4 ±  0.3 ms - Add child
139.4 ±  3.5 ms - Hash
124.8 ± 37.1 ms - Map
 24.3 ±  0.6 ms - getState
0.0405596
0.0430601
0.0641007
902.7 ±  0.0 ms - Total time
807.2 ±  0.0 ms - Build f time
 28.2 ±  0.6 ms - Apply f time
676.1 ±  4.5 ms - Real f time 
159.1 ±  4.7 ms - Add time
  6.5 ±  0.3 ms - Find child
  8.6 ±  0.4 ms - Add child
150.6 ±  3.5 ms - Hash
136.8 ± 37.1 ms - Map
 30.3 ±  0.6 ms - getState
0.0555707
0.0589848
0.0965738
999.5 ±  0.0 ms - Total time
862.8 ±  0.0 ms - Build f time
 36.5 ±  0.6 ms - Apply f time
727.9 ±  4.6 ms - Real f time 
178.9 ±  4.7 ms - Add time
  9.1 ±  0.3 ms - Find child
 12.0 ±  0.4 ms - Add child
168.4 ±  3.5 ms - Hash
154.4 ± 37.1 ms - Map
 41.9 ±  1.9 ms - getState
0.0761072
0.0804337
0.131974
1131.6 ±  0.0 ms - Total time
938.9 ±  0.0 ms - Build f time
 46.9 ±  0.7 ms - Apply f time
793.6 ±  4.8 ms - Real f time 
207.9 ±  4.8 ms - Add time
 12.1 ±  0.4 ms - Find child
 15.9 ±  0.5 ms - Add child
195.4 ±  3.6 ms - Hash
172.5 ± 37.1 ms - Map
 54.6 ±  1.9 ms - getState
0.0876709
0.0928628
0.15838
1290.0 ±  0.0 ms - Total time
1026.6 ±  0.0 ms - Build f time
 58.9 ±  0.8 ms - Apply f time
868.3 ±  5.0 ms - Real f time 
253.7 ± 13.6 ms - Add time
 15.2 ±  0.4 ms - Find child
 20.1 ±  0.6 ms - Add child
228.0 ±  3.6 ms - Hash
193.4 ± 37.1 ms - Map
 71.4 ±  2.1 ms - getState
0.0265816
0.028031
0.0384725
1328.5 ±  0.0 ms - Total time
1053.2 ±  0.0 ms - Build f time
 62.2 ±  0.8 ms - Apply f time
893.0 ±  5.0 ms - Real f time 
262.4 ± 13.6 ms - Add time
 16.3 ±  0.5 ms - Find child
 21.3 ±  0.6 ms - Add child
235.2 ±  3.6 ms - Hash
199.7 ± 37.1 ms - Map
 74.5 ±  2.1 ms - getState
0.02617
0.0276167
0.0382141
1366.8 ±  0.0 ms - Total time
1079.3 ±  0.0 ms - Build f time
 65.1 ±  0.9 ms - Apply f time
918.1 ±  5.1 ms - Real f time 
270.1 ± 13.6 ms - Add time
 17.5 ±  0.5 ms - Find child
 22.8 ±  0.6 ms - Add child
241.1 ±  3.6 ms - Hash
206.2 ± 37.1 ms - Map
 77.4 ±  2.1 ms - getState
0.0428231
0.0449726
0.0615765
1428.4 ±  0.0 ms - Total time
1122.1 ±  0.0 ms - Build f time
 70.5 ±  0.9 ms - Apply f time
956.7 ±  5.2 ms - Real f time 
282.0 ± 13.6 ms - Add time
 19.2 ±  0.5 ms - Find child
 24.6 ±  0.6 ms - Add child
251.0 ±  3.7 ms - Hash
216.6 ± 37.1 ms - Map
 82.1 ±  2.1 ms - getState
0.0416717
0.0441255
0.0657143
1494.1 ±  0.0 ms - Total time
1163.8 ±  0.0 ms - Build f time
 76.3 ±  0.9 ms - Apply f time
994.2 ±  5.2 ms - Real f time 
295.1 ± 13.6 ms - Add time
 21.0 ±  0.5 ms - Find child
 26.8 ±  0.6 ms - Add child
262.2 ±  3.7 ms - Hash
229.1 ± 37.1 ms - Map
 88.2 ±  2.2 ms - getState
0.0578417
0.0613239
0.103665
1597.9 ±  0.0 ms - Total time
1221.7 ±  0.0 ms - Build f time
 85.5 ±  1.0 ms - Apply f time
1045.5 ±  5.3 ms - Real f time 
317.5 ± 13.7 ms - Add time
 24.1 ±  0.6 ms - Find child
 30.2 ±  0.7 ms - Add child
280.5 ±  3.7 ms - Hash
247.2 ± 37.1 ms - Map
 98.1 ±  2.2 ms - getState
0.0773122
0.0819656
0.135067
1733.0 ±  0.0 ms - Total time
1299.0 ±  0.0 ms - Build f time
 95.6 ±  1.0 ms - Apply f time
1112.2 ±  5.5 ms - Real f time 
345.6 ± 13.7 ms - Add time
 27.1 ±  0.6 ms - Find child
 33.9 ±  0.7 ms - Add child
307.2 ±  3.8 ms - Hash
264.5 ± 37.1 ms - Map
111.8 ±  2.2 ms - getState
0.0875879
0.0928725
0.162659
1895.7 ±  0.0 ms - Total time
1386.6 ±  0.0 ms - Build f time
107.7 ±  1.1 ms - Apply f time
1188.6 ±  5.7 ms - Real f time 
381.2 ± 13.7 ms - Add time
 30.3 ±  0.6 ms - Find child
 38.1 ±  0.7 ms - Add child
338.8 ±  3.8 ms - Hash
288.0 ± 37.2 ms - Map
129.2 ±  2.2 ms - getState
0.0319687
0.0334301
0.0440388
1939.8 ±  0.0 ms - Total time
1418.5 ±  0.0 ms - Build f time
110.7 ±  1.1 ms - Apply f time
1218.6 ±  5.8 ms - Real f time 
389.2 ± 13.7 ms - Add time
 31.8 ±  0.7 ms - Find child
 39.5 ±  0.8 ms - Add child
347.8 ±  4.2 ms - Hash
295.2 ± 37.2 ms - Map
132.2 ±  2.2 ms - getState
0.026728
0.0281852
0.0385644
1978.4 ±  0.0 ms - Total time
1445.3 ±  0.0 ms - Build f time
113.6 ±  1.1 ms - Apply f time
1242.7 ±  5.8 ms - Real f time 
400.2 ± 14.2 ms - Add time
 32.7 ±  0.7 ms - Find child
 40.8 ±  0.8 ms - Add child
354.8 ±  4.2 ms - Hash
344.6 ± 57.2 ms - Map
134.8 ±  2.2 ms - getState
Dag sizes: 24181 38183 50718 77275 79402 91444 24418 24104 38662 49984 79154 80681 92018 24411 24233 
brutePieces time: 1.24325
345.3 ±  0.0 ms - Piece loop time
 78.4 ± 44.0 ms - Set time
283.5 ±  4.5 ms - Child looking time
Nodes:  798868
Pieces: 96337
makePieces time: 0.347051
Memory: 7.9 + 42.7 + 25.6 + 75.7 + 13.3 MB
  9.1 ±  1.3 ms - Greedy fill time
composePieces time: 1.50825
                                                                                