Running only task # 379
Using max depth 3
 |                                        | 0 / 416 (0.0%)Function count: 142
0.322747
0.35342
0.145117
0.157052
0.265994
0.290119
0.483125
0.535393
 45.7 ±  0.0 ms - Piece loop time
 24.7 ± 16.4 ms - Set time
 35.8 ±  1.0 ms - Child looking time
0.326872
0.359007
0.751909
2088.1 ±  0.0 ms - Total time
1543.9 ±  0.0 ms - Build f time
 91.8 ±  1.9 ms - Apply f time
1207.6 ± 16.5 ms - Real f time 
435.8 ±  5.1 ms - Add time
 10.3 ±  0.4 ms - Find child
 13.5 ±  0.4 ms - Add child
349.4 ±  6.6 ms - Hash
157.0 ± 37.7 ms - Map
160.5 ±  2.1 ms - getState
0.150534
0.162495
0.316334
2404.4 ±  0.0 ms - Total time
1694.4 ±  0.0 ms - Build f time
116.4 ±  2.0 ms - Apply f time
1342.5 ± 16.8 ms - Real f time 
509.3 ±  5.3 ms - Add time
 15.4 ±  0.4 ms - Find child
 20.8 ±  0.5 ms - Add child
410.0 ±  6.7 ms - Hash
189.8 ± 37.7 ms - Map
202.2 ±  2.2 ms - getState
0.294854
0.319155
0.609944
3014.4 ±  0.0 ms - Total time
1989.2 ±  0.0 ms - Build f time
155.8 ±  2.2 ms - Apply f time
1583.9 ± 18.6 ms - Real f time 
697.5 ± 34.2 ms - Add time
 22.2 ±  0.9 ms - Find child
 31.7 ±  0.6 ms - Add child
530.5 ±  6.7 ms - Hash
234.1 ± 37.7 ms - Map
288.7 ±  2.7 ms - getState
0.495997
0.550411
1.10617
4120.6 ±  0.0 ms - Total time
2485.2 ±  0.0 ms - Build f time
226.0 ±  2.7 ms - Apply f time
1993.4 ± 21.7 ms - Real f time 
1131.9 ± 103.4 ms - Add time
 36.5 ±  3.0 ms - Find child
 45.9 ±  0.8 ms - Add child
768.1 ± 16.2 ms - Hash
295.4 ± 37.7 ms - Map
473.2 ±  8.9 ms - getState
Dag sizes: 289332 172468 238452 344273 
brutePieces time: 2.78638
150.0 ±  0.0 ms - Piece loop time
 53.0 ± 15.2 ms - Set time
109.5 ±  1.4 ms - Child looking time
Nodes:  1044525
Pieces: 256601
makePieces time: 0.150932
Memory: 38.0 + 32.6 + 33.4 + 33.5 + 10.2 MB
 14.9 ±  0.0 ms - Greedy fill time
composePieces time: 2.37812
                                                                                