Running only task # 246
Using max depth 23
 |                                        | 0 / 416 (0.0%)Function count: 142
0.0340595
0.0366022
0.0891818
0.0982307
0.10362
0.114355
0.0336028
0.0359735
0.0886445
0.0977202
0.101613
0.112478
0.118569
0.13237
 74.1 ±  0.0 ms - Piece loop time
 47.1 ± 36.7 ms - Set time
 61.1 ±  1.5 ms - Child looking time
0.0342913
0.036782
0.0506132
678.5 ±  0.0 ms - Total time
603.6 ±  0.0 ms - Build f time
 26.2 ±  0.5 ms - Apply f time
514.2 ±  3.3 ms - Real f time 
130.3 ±  1.8 ms - Add time
  3.7 ±  0.2 ms - Find child
  5.0 ±  0.2 ms - Add child
 84.9 ±  1.0 ms - Hash
110.5 ± 38.8 ms - Map
 24.8 ±  0.5 ms - getState
0.0893881
0.0987441
0.178845
857.5 ±  0.0 ms - Total time
693.0 ±  0.0 ms - Build f time
 44.3 ±  1.0 ms - Apply f time
602.0 ±  3.6 ms - Real f time 
174.4 ±  3.4 ms - Add time
 10.3 ±  0.8 ms - Find child
 12.0 ±  0.4 ms - Add child
111.1 ±  1.1 ms - Hash
140.7 ± 38.8 ms - Map
 48.2 ±  0.7 ms - getState
0.104046
0.115013
0.201252
1058.8 ±  0.0 ms - Total time
797.0 ±  0.0 ms - Build f time
 62.0 ±  1.1 ms - Apply f time
702.0 ±  3.9 ms - Real f time 
222.5 ±  3.6 ms - Add time
 15.6 ±  0.9 ms - Find child
 19.4 ±  0.5 ms - Add child
140.0 ±  1.3 ms - Hash
172.9 ± 38.8 ms - Map
 72.5 ±  0.9 ms - getState
0.0357452
0.0384575
0.0530107
1111.8 ±  0.0 ms - Total time
832.8 ±  0.0 ms - Build f time
 66.8 ±  1.1 ms - Apply f time
735.7 ±  3.9 ms - Real f time 
233.8 ±  3.6 ms - Add time
 17.1 ±  0.9 ms - Find child
 21.4 ±  0.5 ms - Add child
148.1 ±  1.3 ms - Hash
182.0 ± 38.8 ms - Map
 77.3 ±  0.9 ms - getState
0.0948075
0.104146
0.183946
1295.8 ±  0.0 ms - Total time
927.6 ±  0.0 ms - Build f time
 83.5 ±  1.2 ms - Apply f time
823.8 ±  4.1 ms - Real f time 
276.7 ±  3.7 ms - Add time
 22.0 ±  0.9 ms - Find child
 28.7 ±  0.6 ms - Add child
182.8 ±  7.8 ms - Hash
213.8 ± 38.8 ms - Map
100.5 ±  1.0 ms - getState
0.115674
0.127027
0.212412
1508.2 ±  0.0 ms - Total time
1043.2 ±  0.0 ms - Build f time
102.3 ±  1.3 ms - Apply f time
934.5 ±  5.8 ms - Real f time 
323.7 ±  3.8 ms - Add time
 27.7 ±  0.9 ms - Find child
 36.1 ±  0.7 ms - Add child
212.6 ±  7.8 ms - Hash
247.4 ± 38.8 ms - Map
125.6 ±  1.1 ms - getState
0.118542
0.131273
0.231516
1739.8 ±  0.0 ms - Total time
1161.8 ±  0.0 ms - Build f time
123.9 ±  1.6 ms - Apply f time
1046.9 ±  6.1 ms - Real f time 
375.4 ±  3.9 ms - Add time
 32.8 ±  1.0 ms - Find child
 43.4 ±  0.8 ms - Add child
245.0 ±  7.8 ms - Hash
284.5 ± 38.8 ms - Map
153.4 ±  1.2 ms - getState
Dag sizes: 38995 172999 175141 38813 174370 174471 187778 
brutePieces time: 1.11582
273.5 ±  0.0 ms - Piece loop time
 98.7 ± 42.2 ms - Set time
202.4 ±  2.2 ms - Child looking time
Nodes:  962567
Pieces: 182162
makePieces time: 0.275259
Memory: 7.6 + 37.1 + 30.8 + 44.8 + 12.1 MB
  7.0 ±  0.6 ms - Greedy fill time
composePieces time: 2.18471
                                                                                