Running only task # 282
Using max depth 33
 |                                        | 0 / 416 (0.0%)Function count: 142
0.0454156
0.0507573
0.0606408
0.0685183
0.0739048
0.0833204
0.0720171
0.0814752
0.0776984
0.0864991
0.0651873
0.0733963
0.0497189
0.0551375
0.0601008
0.0676238
0.0747121
0.083975
0.0735484
0.0838275
0.075956
0.08455
0.0652348
0.0736755
0.101066
0.11167
123.3 ±  0.0 ms - Piece loop time
 53.8 ± 38.2 ms - Set time
 98.1 ±  2.7 ms - Child looking time
0.0431016
0.0474336
0.0532324
1058.2 ±  0.0 ms - Total time
938.3 ±  0.0 ms - Build f time
 41.9 ±  1.7 ms - Apply f time
810.3 ±  4.3 ms - Real f time 
199.7 ± 14.9 ms - Add time
  5.1 ±  0.3 ms - Find child
  6.2 ±  0.3 ms - Add child
125.9 ±  1.2 ms - Hash
163.8 ± 43.4 ms - Map
 37.4 ±  0.8 ms - getState
0.0570875
0.0642596
0.0741936
1132.5 ±  0.0 ms - Total time
995.4 ±  0.0 ms - Build f time
 46.7 ±  1.7 ms - Apply f time
863.1 ±  4.4 ms - Real f time 
212.4 ± 14.9 ms - Add time
  6.2 ±  0.3 ms - Find child
  7.8 ±  0.3 ms - Add child
136.0 ±  1.2 ms - Hash
172.1 ± 43.3 ms - Map
 43.7 ±  0.8 ms - getState
0.0700061
0.0786476
0.0899665
1222.4 ±  0.0 ms - Total time
1065.4 ±  0.0 ms - Build f time
 52.4 ±  1.7 ms - Apply f time
925.9 ±  4.5 ms - Real f time 
227.3 ± 14.9 ms - Add time
  7.7 ±  0.3 ms - Find child
  9.7 ±  0.4 ms - Add child
147.8 ±  1.3 ms - Hash
182.2 ± 43.4 ms - Map
 50.9 ±  0.8 ms - getState
0.0705755
0.0794742
0.0911579
1313.6 ±  0.0 ms - Total time
1136.0 ±  0.0 ms - Build f time
 58.0 ±  1.8 ms - Apply f time
992.6 ±  4.6 ms - Real f time 
250.2 ± 16.1 ms - Add time
  9.0 ±  0.3 ms - Find child
 11.8 ±  0.4 ms - Add child
159.2 ±  1.3 ms - Hash
192.0 ± 43.4 ms - Map
 58.6 ±  1.1 ms - getState
0.0746717
0.0828248
0.0956963
1409.4 ±  0.0 ms - Total time
1210.6 ±  0.0 ms - Build f time
 63.6 ±  1.8 ms - Apply f time
1062.9 ±  4.9 ms - Real f time 
268.4 ± 16.1 ms - Add time
 10.9 ±  0.4 ms - Find child
 14.2 ±  0.4 ms - Add child
172.5 ±  1.4 ms - Hash
202.8 ± 43.3 ms - Map
 66.8 ±  1.1 ms - getState
0.0642408
0.0721069
0.0825143
1491.9 ±  0.0 ms - Total time
1274.9 ±  0.0 ms - Build f time
 69.6 ±  2.0 ms - Apply f time
1122.0 ±  5.0 ms - Real f time 
282.1 ± 16.1 ms - Add time
 12.2 ±  0.4 ms - Find child
 15.9 ±  0.5 ms - Add child
183.5 ±  1.5 ms - Hash
212.3 ± 43.3 ms - Map
 73.1 ±  1.1 ms - getState
0.0439859
0.0487357
0.0547869
1546.7 ±  0.0 ms - Total time
1318.9 ±  0.0 ms - Build f time
 72.9 ±  2.0 ms - Apply f time
1162.2 ±  5.0 ms - Real f time 
299.2 ± 17.7 ms - Add time
 13.1 ±  0.4 ms - Find child
 17.1 ±  0.5 ms - Add child
191.2 ±  1.5 ms - Hash
219.1 ± 43.3 ms - Map
 77.0 ±  1.2 ms - getState
0.058355
0.0652263
0.0751193
1621.9 ±  0.0 ms - Total time
1377.2 ±  0.0 ms - Build f time
 77.3 ±  2.0 ms - Apply f time
1213.9 ±  5.1 ms - Real f time 
319.4 ± 18.9 ms - Add time
 14.5 ±  0.4 ms - Find child
 18.9 ±  0.5 ms - Add child
201.1 ±  1.5 ms - Hash
228.5 ± 43.3 ms - Map
 83.1 ±  1.2 ms - getState
0.0725147
0.0818296
0.0949228
1716.8 ±  0.0 ms - Total time
1449.7 ±  0.0 ms - Build f time
 82.7 ±  2.1 ms - Apply f time
1279.0 ±  5.2 ms - Real f time 
335.6 ± 18.9 ms - Add time
 16.0 ±  0.4 ms - Find child
 20.7 ±  0.5 ms - Add child
212.3 ±  1.6 ms - Hash
239.9 ± 43.3 ms - Map
 91.0 ±  1.2 ms - getState
0.0730035
0.0825177
0.0956279
1812.5 ±  0.0 ms - Total time
1522.7 ±  0.0 ms - Build f time
 88.7 ±  2.1 ms - Apply f time
1344.3 ±  5.3 ms - Real f time 
353.1 ± 18.9 ms - Add time
 17.6 ±  0.5 ms - Find child
 23.0 ±  0.6 ms - Add child
223.9 ±  1.6 ms - Hash
252.2 ± 43.3 ms - Map
 99.8 ±  1.3 ms - getState
0.0764062
0.084861
0.0985171
1911.0 ±  0.0 ms - Total time
1599.1 ±  0.0 ms - Build f time
 94.2 ±  2.1 ms - Apply f time
1412.8 ±  5.4 ms - Real f time 
371.7 ± 18.9 ms - Add time
 19.2 ±  0.5 ms - Find child
 25.1 ±  0.6 ms - Add child
236.8 ±  1.7 ms - Hash
264.1 ± 43.3 ms - Map
107.9 ±  1.3 ms - getState
0.0649134
0.0726706
0.0859532
1997.0 ±  0.0 ms - Total time
1664.1 ±  0.0 ms - Build f time
 99.6 ±  2.1 ms - Apply f time
1474.0 ±  5.5 ms - Real f time 
386.7 ± 19.0 ms - Add time
 21.5 ±  0.8 ms - Find child
 27.4 ±  0.6 ms - Add child
248.0 ±  1.7 ms - Hash
275.3 ± 43.3 ms - Map
114.9 ±  1.4 ms - getState
0.0822475
0.0926372
0.108703
2105.8 ±  0.0 ms - Total time
1746.3 ±  0.0 ms - Build f time
105.9 ±  2.1 ms - Apply f time
1548.2 ±  5.6 ms - Real f time 
405.5 ± 19.0 ms - Add time
 23.6 ±  0.9 ms - Find child
 29.8 ±  0.7 ms - Add child
261.3 ±  1.8 ms - Hash
288.0 ± 43.3 ms - Map
124.0 ±  1.4 ms - getState
Dag sizes: 31572 45877 50154 53181 53866 45853 31590 45485 50794 53093 53347 46195 58309 
brutePieces time: 1.10863
160.6 ±  0.0 ms - Piece loop time
 54.7 ± 36.8 ms - Set time
127.8 ±  3.3 ms - Child looking time
Nodes:  619316
Pieces: 47
makePieces time: 0.161474
Memory: 4.8 + 41.6 + 19.8 + 64.4 + 6.6 MB
  0.1 ±  0.0 ms - Greedy fill time
composePieces time: 0.00926936
                                                                                