Running only task # 46
Using max depth 33
 |                                        | 0 / 416 (0.0%)Function count: 142
0.0816372
0.0922727
0.0844646
0.0954478
0.0806551
0.0907967
0.088456
0.0996423
0.0898789
0.101792
 10.1 ±  0.0 ms - Piece loop time
 38.6 ± 35.8 ms - Set time
  7.5 ±  0.7 ms - Child looking time
0.0810193
0.091134
0.193708
673.8 ±  0.0 ms - Total time
506.1 ±  0.0 ms - Build f time
 32.7 ±  0.7 ms - Apply f time
406.6 ±  5.0 ms - Real f time 
128.2 ±  2.4 ms - Add time
  4.3 ±  0.2 ms - Find child
  5.7 ±  0.3 ms - Add child
119.1 ±  1.0 ms - Hash
 88.8 ± 51.3 ms - Map
 41.3 ±  0.6 ms - getState
0.0845973
0.0954777
0.200799
874.6 ±  0.0 ms - Total time
590.7 ±  0.0 ms - Build f time
 48.3 ±  0.9 ms - Apply f time
484.7 ±  5.3 ms - Real f time 
179.8 ±  2.6 ms - Add time
  7.4 ±  0.3 ms - Find child
 10.5 ±  0.4 ms - Add child
163.9 ±  1.1 ms - Hash
105.0 ± 51.2 ms - Map
 68.0 ±  0.8 ms - getState
0.0939246
0.103997
0.205625
1080.3 ±  0.0 ms - Total time
684.6 ±  0.0 ms - Build f time
 63.6 ±  1.0 ms - Apply f time
566.1 ±  5.7 ms - Real f time 
231.8 ±  2.8 ms - Add time
 10.7 ±  0.4 ms - Find child
 14.5 ±  0.4 ms - Add child
209.2 ±  1.3 ms - Hash
119.6 ± 51.2 ms - Map
 92.7 ±  0.9 ms - getState
0.0843738
0.095372
0.197484
1277.8 ±  0.0 ms - Total time
769.0 ±  0.0 ms - Build f time
 78.7 ±  1.1 ms - Apply f time
651.8 ±  8.5 ms - Real f time 
282.7 ±  3.1 ms - Add time
 13.8 ±  0.4 ms - Find child
 18.8 ±  0.5 ms - Add child
254.7 ±  1.8 ms - Hash
132.9 ± 51.2 ms - Map
117.9 ±  1.1 ms - getState
0.106069
0.125219
0.239485
1517.4 ±  0.0 ms - Total time
875.1 ±  0.0 ms - Build f time
 98.1 ±  1.2 ms - Apply f time
752.5 ±  8.9 ms - Real f time 
340.3 ±  3.3 ms - Add time
 17.5 ±  0.5 ms - Find child
 23.7 ±  0.5 ms - Add child
302.4 ±  2.0 ms - Hash
148.8 ± 51.2 ms - Map
150.8 ±  1.5 ms - getState
Dag sizes: 96038 98036 95032 97064 106508 
brutePieces time: 1.04089
 40.0 ±  0.0 ms - Piece loop time
 47.8 ± 35.0 ms - Set time
 24.6 ±  0.8 ms - Child looking time
Nodes:  492678
Pieces: 70250
makePieces time: 0.0410451
Memory: 13.4 + 17.1 + 15.8 + 28.9 + 3.6 MB
 75.6 ±  0.0 ms - Greedy fill time
composePieces time: 0.730432
                                                                                