Running only task # 387
Using max depth 3
 |                                        | 0 / 416 (0.0%)Function count: 142
0.227182
0.260362
0.240222
0.269932
0.232605
0.263358
 27.1 ±  0.0 ms - Piece loop time
 50.4 ± 42.0 ms - Set time
 17.6 ±  0.8 ms - Child looking time
0.223581
0.254466
0.39052
1184.3 ±  0.0 ms - Total time
923.6 ±  0.0 ms - Build f time
 53.0 ±  0.9 ms - Apply f time
770.1 ±  7.8 ms - Real f time 
334.6 ± 63.3 ms - Add time
  5.7 ±  0.3 ms - Find child
  8.1 ±  0.3 ms - Add child
170.5 ±  1.3 ms - Hash
114.4 ± 41.0 ms - Map
 75.3 ±  1.1 ms - getState
0.232608
0.261691
0.437837
1622.2 ±  0.0 ms - Total time
1156.2 ±  0.0 ms - Build f time
 81.0 ±  1.2 ms - Apply f time
970.3 ±  8.6 ms - Real f time 
490.2 ± 84.0 ms - Add time
 10.3 ±  0.4 ms - Find child
 14.8 ±  0.4 ms - Add child
253.5 ±  1.6 ms - Hash
146.0 ± 41.1 ms - Map
136.0 ±  2.1 ms - getState
0.232038
0.261274
0.427627
2049.9 ±  0.0 ms - Total time
1388.2 ±  0.0 ms - Build f time
108.5 ±  1.4 ms - Apply f time
1167.5 ±  9.3 ms - Real f time 
619.4 ± 89.1 ms - Add time
 15.0 ±  0.4 ms - Find child
 21.5 ±  0.5 ms - Add child
333.1 ±  1.8 ms - Hash
175.3 ± 41.1 ms - Map
191.8 ±  2.2 ms - getState
Dag sizes: 168246 194918 188262 
brutePieces time: 1.2579
 65.5 ±  0.0 ms - Piece loop time
 72.0 ± 38.6 ms - Set time
 41.9 ±  1.0 ms - Child looking time
Nodes:  551426
Pieces: 138999
makePieces time: 0.0665728
Memory: 14.5 + 18.5 + 17.6 + 21.4 + 4.7 MB
  3.7 ±  0.0 ms - Greedy fill time
composePieces time: 0.324353
                                                                                