Running only task # 132
Using max depth 4
 |                                        | 0 / 416 (0.0%)Function count: 142
0.0772926
0.0835293
0.0667331
0.0713787
0.165399
0.177775
0.0867667
0.0937229
0.105815
0.11282
0.186473
0.199874
 29.9 ±  0.0 ms - Piece loop time
 44.8 ± 39.7 ms - Set time
 24.6 ±  1.1 ms - Child looking time
1.78116
1.92782
3.46334
4202.6 ±  0.0 ms - Total time
2469.6 ±  0.0 ms - Build f time
271.8 ±  3.3 ms - Apply f time
2166.7 ± 11.0 ms - Real f time 
880.3 ± 32.1 ms - Add time
 64.4 ±  1.0 ms - Find child
 99.1 ±  6.1 ms - Add child
764.9 ±  5.3 ms - Hash
655.5 ± 69.7 ms - Map
351.4 ±  3.4 ms - getState
1.45693
1.57694
2.77129
6973.9 ±  0.0 ms - Total time
3926.6 ±  0.0 ms - Build f time
480.8 ±  3.7 ms - Apply f time
3520.4 ± 14.7 ms - Real f time 
1520.9 ± 85.1 ms - Add time
114.6 ±  1.3 ms - Find child
166.5 ±  6.3 ms - Add child
1275.1 ±  6.0 ms - Hash
1032.6 ± 69.7 ms - Map
618.3 ±  4.0 ms - getState
3.90327
4.21235
9.41425
16388.2 ±  0.0 ms - Total time
7829.8 ±  0.0 ms - Build f time
1027.6 ±  5.6 ms - Apply f time
6920.9 ± 27.9 ms - Real f time 
3984.2 ± 89.2 ms - Add time
213.8 ±  2.2 ms - Find child
305.6 ±  6.7 ms - Add child
3360.3 ±  8.2 ms - Hash
1934.2 ± 73.6 ms - Map
1728.3 ±  7.9 ms - getState
1.95979
2.12625
3.96381
20352.1 ±  0.0 ms - Total time
9789.6 ±  0.0 ms - Build f time
1309.9 ±  5.9 ms - Apply f time
8709.3 ± 29.1 ms - Real f time 
4846.1 ± 90.2 ms - Add time
286.5 ±  5.0 ms - Find child
403.9 ±  6.9 ms - Add child
4094.4 ±  8.8 ms - Hash
2499.2 ± 73.9 ms - Map
2119.4 ±  8.4 ms - getState
2.3934
2.5734
5.08498
25437.1 ±  0.0 ms - Total time
12183.0 ±  0.0 ms - Build f time
1631.2 ±  6.4 ms - Apply f time
10833.4 ± 31.6 ms - Real f time 
6013.2 ± 90.7 ms - Add time
357.5 ±  5.2 ms - Find child
498.4 ±  6.9 ms - Add child
5155.3 ±  9.5 ms - Hash
3088.0 ± 77.1 ms - Map
2662.6 ±  8.9 ms - getState
4.44724
4.7829
10.4914
35928.5 ±  0.0 ms - Total time
16630.3 ±  0.0 ms - Build f time
2237.2 ±  7.3 ms - Apply f time
15012.3 ± 350.3 ms - Real f time 
8713.3 ± 96.0 ms - Add time
460.1 ±  5.3 ms - Find child
649.6 ±  7.5 ms - Add child
7514.4 ± 11.7 ms - Hash
4071.3 ± 77.8 ms - Map
3861.4 ± 14.0 ms - getState
Dag sizes: 2029580 1534858 3295054 2332967 2330451 3564074 
brutePieces time: 35.192
4091.4 ±  0.0 ms - Piece loop time
1276.8 ± 28.3 ms - Set time
2681.1 ± 17.7 ms - Child looking time
Nodes:  15086984
Pieces: 3334182
makePieces time: 4.10362
Memory: 411.1 + 573.5 + 482.8 + 375.6 + 196.8 MB
175.9 ± 66.4 ms - Greedy fill time
composePieces time: 95.5291
                                                                                