Running only task # 232
Using max depth 23
 |                                        | 0 / 416 (0.0%)Function count: 142
0.160909
0.18069
0.161925
0.183829
0.157567
0.172898
0.158214
0.173719
0.173827
0.191122
 29.3 ±  0.0 ms - Piece loop time
 41.5 ± 35.2 ms - Set time
 21.4 ±  1.1 ms - Child looking time
0.157921
0.173532
0.344024
1246.4 ±  0.0 ms - Total time
970.4 ±  0.0 ms - Build f time
 77.0 ± 10.1 ms - Apply f time
752.5 ±  6.3 ms - Real f time 
261.1 ±  5.9 ms - Add time
 11.5 ±  0.4 ms - Find child
 16.9 ±  0.5 ms - Add child
201.4 ±  1.4 ms - Hash
130.0 ± 35.8 ms - Map
 75.1 ±  1.1 ms - getState
0.160836
0.176854
0.352929
1599.4 ±  0.0 ms - Total time
1131.2 ±  0.0 ms - Build f time
113.7 ± 10.1 ms - Apply f time
897.7 ±  6.8 ms - Real f time 
348.9 ±  6.1 ms - Add time
 22.9 ±  0.8 ms - Find child
 32.1 ±  0.6 ms - Add child
272.1 ±  1.7 ms - Hash
168.0 ± 35.8 ms - Map
120.6 ±  1.3 ms - getState
0.170101
0.187891
0.361019
1960.5 ±  0.0 ms - Total time
1301.3 ±  0.0 ms - Build f time
149.1 ± 10.1 ms - Apply f time
1048.0 ±  7.2 ms - Real f time 
436.9 ±  6.3 ms - Add time
 33.6 ±  0.9 ms - Find child
 46.4 ±  0.8 ms - Add child
342.6 ±  1.9 ms - Hash
210.2 ± 35.8 ms - Map
165.4 ±  1.5 ms - getState
0.169481
0.185465
0.361517
2322.0 ±  0.0 ms - Total time
1470.8 ±  0.0 ms - Build f time
184.2 ± 10.2 ms - Apply f time
1196.1 ±  7.6 ms - Real f time 
526.7 ±  6.5 ms - Add time
 44.0 ±  1.0 ms - Find child
 61.0 ±  0.9 ms - Add child
412.8 ±  2.1 ms - Hash
251.9 ± 35.8 ms - Map
210.9 ±  1.7 ms - getState
0.178925
0.196459
0.40204
2724.1 ±  0.0 ms - Total time
1649.7 ±  0.0 ms - Build f time
226.9 ± 10.2 ms - Apply f time
1363.1 ±  8.3 ms - Real f time 
627.0 ±  6.7 ms - Add time
 55.5 ±  1.1 ms - Find child
 77.7 ±  1.1 ms - Add child
488.4 ±  3.0 ms - Hash
301.1 ± 35.8 ms - Map
263.9 ±  2.0 ms - getState
Dag sizes: 234099 240356 233725 240078 243221 
brutePieces time: 1.82465
139.6 ±  0.0 ms - Piece loop time
 82.7 ± 35.3 ms - Set time
 87.7 ±  1.5 ms - Child looking time
Nodes:  1191479
Pieces: 61713
makePieces time: 0.140885
Memory: 19.1 + 55.9 + 38.1 + 40.0 + 9.0 MB
  1.5 ±  0.0 ms - Greedy fill time
composePieces time: 0.254244
                                                                                