Running only task # 183
Using max depth 33
 |                                        | 0 / 416 (0.0%)Function count: 142
0.167888
0.183651
0.15645
0.170859
0.203259
0.22559
0.151493
0.166822
0.152098
0.166847
0.186977
0.208385
0.209353
0.231284
 84.5 ±  0.0 ms - Piece loop time
 33.6 ± 16.8 ms - Set time
 69.8 ±  2.3 ms - Child looking time
0.155572
0.170478
0.422909
1776.6 ±  0.0 ms - Total time
1383.1 ±  0.0 ms - Build f time
 89.7 ±  1.3 ms - Apply f time
1102.7 ± 10.3 ms - Real f time 
402.4 ±  8.9 ms - Add time
 15.8 ±  0.5 ms - Find child
 22.0 ±  0.9 ms - Add child
253.1 ±  1.7 ms - Hash
198.6 ± 41.5 ms - Map
105.8 ±  1.3 ms - getState
0.177676
0.191772
0.456392
2233.2 ±  0.0 ms - Total time
1560.8 ±  0.0 ms - Build f time
137.2 ±  1.5 ms - Apply f time
1280.4 ± 10.7 ms - Real f time 
524.0 ±  9.0 ms - Add time
 29.2 ±  0.6 ms - Find child
 40.0 ±  1.0 ms - Add child
338.5 ±  2.0 ms - Hash
262.3 ± 41.4 ms - Map
166.9 ±  1.6 ms - getState
0.187843
0.209356
0.531039
2764.2 ±  0.0 ms - Total time
1748.6 ±  0.0 ms - Build f time
190.9 ±  1.7 ms - Apply f time
1463.9 ± 11.0 ms - Real f time 
666.6 ±  9.3 ms - Add time
 44.8 ±  0.8 ms - Find child
 60.2 ±  1.1 ms - Add child
434.3 ±  2.3 ms - Hash
349.1 ± 41.5 ms - Map
241.7 ±  2.1 ms - getState
0.154402
0.170282
0.444058
3208.3 ±  0.0 ms - Total time
1903.0 ±  0.0 ms - Build f time
237.0 ±  1.9 ms - Apply f time
1613.0 ± 11.3 ms - Real f time 
786.0 ±  9.5 ms - Add time
 58.3 ±  0.9 ms - Find child
 77.5 ±  1.2 ms - Add child
521.1 ±  2.5 ms - Hash
415.8 ± 41.6 ms - Map
302.1 ±  2.4 ms - getState
0.160788
0.176899
0.456488
3664.9 ±  0.0 ms - Total time
2063.8 ±  0.0 ms - Build f time
282.5 ±  2.0 ms - Apply f time
1774.9 ± 11.6 ms - Real f time 
901.2 ±  9.6 ms - Add time
 72.1 ±  1.0 ms - Find child
 95.6 ±  1.3 ms - Add child
606.1 ±  2.6 ms - Hash
491.5 ± 41.6 ms - Map
362.3 ±  2.5 ms - getState
0.189409
0.211595
0.543151
4208.1 ±  0.0 ms - Total time
2253.2 ±  0.0 ms - Build f time
337.7 ±  2.2 ms - Apply f time
1955.4 ± 11.8 ms - Real f time 
1100.8 ± 53.0 ms - Add time
 88.0 ±  1.1 ms - Find child
116.0 ±  1.4 ms - Add child
704.7 ±  2.8 ms - Hash
584.1 ± 41.6 ms - Map
435.5 ±  2.7 ms - getState
0.207753
0.229802
0.605295
4813.4 ±  0.0 ms - Total time
2461.0 ±  0.0 ms - Build f time
401.9 ±  2.5 ms - Apply f time
2158.8 ± 12.4 ms - Real f time 
1312.1 ± 74.6 ms - Add time
106.6 ±  1.2 ms - Find child
139.4 ±  1.5 ms - Add child
810.0 ±  3.0 ms - Hash
685.5 ± 41.7 ms - Map
521.9 ±  3.0 ms - getState
Dag sizes: 364737 341564 428292 362984 346379 428579 450827 
brutePieces time: 3.46435
492.4 ±  0.0 ms - Piece loop time
185.9 ± 42.9 ms - Set time
324.2 ±  4.2 ms - Child looking time
Nodes:  2723362
Pieces: 482062
makePieces time: 0.49586
Memory: 36.5 + 93.3 + 87.1 + 72.9 + 30.2 MB
 97.8 ± 50.4 ms - Greedy fill time
composePieces time: 13.4827
                                                                                