Running only task # 11
Using max depth 33
 |                                        | 0 / 416 (0.0%)Function count: 142
0.132033
0.142593
0.0827851
0.0891892
0.119113
0.128438
0.108275
0.117881
0.126698
0.137349
0.0830372
0.089707
0.108759
0.117806
0.11385
0.122736
0.157449
0.171651
 49.4 ±  0.0 ms - Piece loop time
 45.9 ± 38.7 ms - Set time
 43.1 ±  1.7 ms - Child looking time
0.12864
0.139051
0.250468
1368.3 ±  0.0 ms - Total time
1160.6 ±  0.0 ms - Build f time
 60.0 ± 17.5 ms - Apply f time
865.1 ±  8.8 ms - Real f time 
245.0 ± 11.8 ms - Add time
  4.2 ±  0.2 ms - Find child
  6.3 ±  0.3 ms - Add child
258.1 ±  2.8 ms - Hash
122.0 ± 43.4 ms - Map
 63.1 ±  0.9 ms - getState
0.0936465
0.104329
0.17418
1542.5 ±  0.0 ms - Total time
1254.3 ±  0.0 ms - Build f time
 73.7 ± 17.6 ms - Apply f time
945.2 ±  9.1 ms - Real f time 
280.5 ± 11.8 ms - Add time
  6.8 ±  0.3 ms - Find child
  9.8 ±  0.4 ms - Add child
292.8 ±  2.8 ms - Hash
137.2 ± 43.4 ms - Map
 84.0 ±  1.1 ms - getState
0.111653
0.120765
0.21453
1757.1 ±  0.0 ms - Total time
1365.9 ±  0.0 ms - Build f time
 87.3 ± 17.5 ms - Apply f time
1035.2 ±  9.2 ms - Real f time 
329.8 ± 11.9 ms - Add time
  9.7 ±  0.4 ms - Find child
 13.8 ±  0.6 ms - Add child
339.2 ±  2.9 ms - Hash
155.4 ± 43.4 ms - Map
109.2 ±  1.2 ms - getState
0.111033
0.120002
0.211389
1968.5 ±  0.0 ms - Total time
1477.0 ±  0.0 ms - Build f time
100.7 ± 17.5 ms - Apply f time
1124.0 ±  9.6 ms - Real f time 
376.0 ± 12.0 ms - Add time
 12.4 ±  0.4 ms - Find child
 17.8 ±  0.6 ms - Add child
385.1 ±  3.0 ms - Hash
172.6 ± 43.5 ms - Map
134.6 ±  1.4 ms - getState
0.133256
0.143375
0.256884
2225.5 ±  0.0 ms - Total time
1610.2 ±  0.0 ms - Build f time
116.1 ± 17.5 ms - Apply f time
1232.7 ± 10.2 ms - Real f time 
432.3 ± 12.0 ms - Add time
 15.4 ±  0.4 ms - Find child
 21.3 ±  0.7 ms - Add child
443.9 ±  3.8 ms - Hash
191.0 ± 43.4 ms - Map
167.4 ±  1.9 ms - getState
0.0846183
0.0909175
0.154357
2379.9 ±  0.0 ms - Total time
1694.8 ±  0.0 ms - Build f time
125.6 ± 17.5 ms - Apply f time
1302.7 ± 10.4 ms - Real f time 
464.7 ± 12.0 ms - Add time
 17.5 ±  0.5 ms - Find child
 24.1 ±  0.7 ms - Add child
477.5 ±  3.8 ms - Hash
240.5 ± 56.9 ms - Map
184.5 ±  2.0 ms - getState
0.112675
0.12191
0.213562
2593.5 ±  0.0 ms - Total time
1807.5 ±  0.0 ms - Build f time
139.5 ± 17.5 ms - Apply f time
1407.1 ± 13.5 ms - Real f time 
529.4 ± 19.6 ms - Add time
 20.5 ±  0.5 ms - Find child
 28.2 ±  0.7 ms - Add child
523.9 ±  3.9 ms - Hash
258.9 ± 56.9 ms - Map
209.4 ±  2.1 ms - getState
0.110431
0.119369
0.216041
2809.5 ±  0.0 ms - Total time
1917.9 ±  0.0 ms - Build f time
153.3 ± 17.5 ms - Apply f time
1494.6 ± 13.6 ms - Real f time 
578.0 ± 19.6 ms - Add time
 23.2 ±  0.5 ms - Find child
 31.8 ±  0.8 ms - Add child
570.0 ±  3.9 ms - Hash
279.2 ± 56.9 ms - Map
235.0 ±  2.2 ms - getState
0.161794
0.175529
0.318303
3127.9 ±  0.0 ms - Total time
2079.7 ±  0.0 ms - Build f time
172.9 ± 17.5 ms - Apply f time
1626.4 ± 14.1 ms - Real f time 
666.7 ± 24.2 ms - Add time
 26.6 ±  0.6 ms - Find child
 36.5 ±  0.8 ms - Add child
641.6 ±  4.0 ms - Hash
306.8 ± 56.9 ms - Map
273.7 ±  2.2 ms - getState
Dag sizes: 87203 65893 92439 88121 87178 65866 92970 89893 120312 
brutePieces time: 2.01728
130.9 ±  0.0 ms - Piece loop time
 69.3 ± 42.7 ms - Set time
 95.4 ±  1.9 ms - Child looking time
Nodes:  789875
Pieces: 98674
makePieces time: 0.132426
Memory: 23.6 + 29.2 + 25.3 + 50.4 + 8.4 MB
340.7 ± 22.0 ms - Greedy fill time
composePieces time: 6.86768
                                                                                