Running only task # 142
Using max depth 23
 |                                        | 0 / 416 (0.0%)Function count: 142
0.0882408
0.0964771
0.125091
0.138343
0.128718
0.142111
0.0896399
0.0972242
0.128207
0.141169
0.128093
0.141543
0.13099
0.1443
 58.2 ±  0.0 ms - Piece loop time
 47.7 ± 35.7 ms - Set time
 41.4 ±  1.6 ms - Child looking time
0.0923664
0.0996915
0.164617
1066.1 ±  0.0 ms - Total time
911.3 ±  0.0 ms - Build f time
 42.9 ±  0.8 ms - Apply f time
742.9 ± 17.5 ms - Real f time 
203.4 ± 16.9 ms - Add time
  6.2 ±  0.3 ms - Find child
  8.3 ±  0.3 ms - Add child
164.7 ±  1.4 ms - Hash
153.1 ± 42.1 ms - Map
 44.9 ±  0.6 ms - getState
0.127719
0.140343
0.259229
1325.4 ±  0.0 ms - Total time
1039.1 ±  0.0 ms - Build f time
 63.8 ±  0.9 ms - Apply f time
858.6 ± 17.9 ms - Real f time 
261.1 ± 17.0 ms - Add time
 11.5 ±  0.4 ms - Find child
 15.6 ±  0.5 ms - Add child
211.9 ±  1.5 ms - Hash
192.0 ± 42.2 ms - Map
 75.7 ±  0.8 ms - getState
0.129835
0.143178
0.267704
1593.2 ±  0.0 ms - Total time
1168.9 ±  0.0 ms - Build f time
 86.7 ±  1.1 ms - Apply f time
975.3 ± 17.9 ms - Real f time 
321.2 ± 17.0 ms - Add time
 17.6 ±  0.5 ms - Find child
 23.8 ±  0.6 ms - Add child
260.4 ±  1.7 ms - Hash
229.3 ± 42.1 ms - Map
108.5 ±  1.0 ms - getState
0.0931088
0.100735
0.168632
1761.9 ±  0.0 ms - Total time
1262.0 ±  0.0 ms - Build f time
 99.6 ±  1.1 ms - Apply f time
1056.8 ± 18.1 ms - Real f time 
357.4 ± 17.0 ms - Add time
 21.4 ±  0.5 ms - Find child
 28.7 ±  0.6 ms - Add child
292.0 ±  1.8 ms - Hash
254.8 ± 42.2 ms - Map
125.1 ±  1.1 ms - getState
0.132486
0.145382
0.266317
2028.3 ±  0.0 ms - Total time
1394.5 ±  0.0 ms - Build f time
125.0 ±  3.7 ms - Apply f time
1174.1 ± 18.2 ms - Real f time 
417.9 ± 17.0 ms - Add time
 27.2 ±  0.6 ms - Find child
 36.4 ±  0.7 ms - Add child
339.2 ±  1.9 ms - Hash
290.9 ± 42.2 ms - Map
155.9 ±  1.3 ms - getState
0.137676
0.151338
0.278656
2307.0 ±  0.0 ms - Total time
1532.2 ±  0.0 ms - Build f time
147.8 ±  3.8 ms - Apply f time
1296.1 ± 18.3 ms - Real f time 
512.6 ± 29.3 ms - Add time
 32.5 ±  0.6 ms - Find child
 44.1 ±  0.8 ms - Add child
389.3 ±  2.0 ms - Hash
331.6 ± 42.2 ms - Map
189.2 ±  1.4 ms - getState
0.129698
0.142795
0.25647
2563.5 ±  0.0 ms - Total time
1661.9 ±  0.0 ms - Build f time
169.6 ±  3.8 ms - Apply f time
1408.9 ± 18.3 ms - Real f time 
585.5 ± 32.1 ms - Add time
 38.3 ±  0.7 ms - Find child
 51.2 ±  0.9 ms - Add child
436.4 ±  2.1 ms - Hash
364.8 ± 42.2 ms - Map
218.2 ±  1.5 ms - getState
Dag sizes: 108995 189837 192197 109540 191116 193569 175251 
brutePieces time: 1.66736
176.9 ±  0.0 ms - Piece loop time
 71.9 ± 24.5 ms - Set time
119.1 ±  2.4 ms - Child looking time
Nodes:  1160505
Pieces: 168296
makePieces time: 0.17822
Memory: 14.7 + 42.0 + 37.1 + 47.9 + 11.3 MB
 96.5 ± 22.7 ms - Greedy fill time
composePieces time: 3.44834
                                                                                