Running only task # 105
Using max depth 4
 |                                        | 0 / 416 (0.0%)Function count: 142
0.315405
0.351371
0.193074
0.214607
0.398968
0.44596
 33.9 ±  0.0 ms - Piece loop time
 40.7 ± 33.2 ms - Set time
 26.2 ±  0.8 ms - Child looking time
8.99502
10.0551
20.2092
21221.3 ±  0.0 ms - Total time
9902.5 ±  0.0 ms - Build f time
1364.6 ± 19.0 ms - Apply f time
8372.4 ± 35.6 ms - Real f time 
4934.9 ± 32.6 ms - Add time
210.4 ±  1.8 ms - Find child
322.6 ±  2.6 ms - Add child
4598.4 ± 20.8 ms - Hash
2362.8 ± 464.9 ms - Map
2407.7 ± 17.3 ms - getState
6.52344
7.26884
15.3138
36535.1 ±  0.0 ms - Total time
16425.9 ±  0.0 ms - Build f time
2537.6 ± 20.3 ms - Apply f time
14359.1 ± 54.0 ms - Real f time 
8474.7 ± 40.7 ms - Add time
470.3 ±  2.6 ms - Find child
723.6 ± 16.0 ms - Add child
7468.2 ± 30.4 ms - Hash
4575.9 ± 465.3 ms - Map
4237.7 ± 18.6 ms - getState
11.464
12.7587
27.2476
63782.8 ±  0.0 ms - Total time
27889.9 ±  0.0 ms - Build f time
4169.4 ± 25.2 ms - Apply f time
23849.5 ± 72.7 ms - Real f time 
15503.6 ± 57.6 ms - Add time
693.4 ±  3.3 ms - Find child
1068.4 ± 17.7 ms - Add child
13888.2 ± 34.5 ms - Hash
6558.3 ± 465.7 ms - Map
7604.8 ± 23.1 ms - getState
Dag sizes: 5848658 7371905 6424707 
brutePieces time: 62.7723
7184.2 ±  0.0 ms - Piece loop time
3101.3 ± 39.7 ms - Set time
4040.3 ± 22.3 ms - Child looking time
Nodes:  19645270
Pieces: 7802663
makePieces time: 7.20035
Memory: 798.9 + 702.9 + 628.6 + 515.7 + 271.3 MB
 59.0 ±  0.0 ms - Greedy fill time
composePieces time: 29.1305
                                                                                