Running only task # 118
Using max depth 23
 |                                        | 0 / 416 (0.0%)Function count: 142
0.0631863
0.0669883
0.0589476
0.0619849
0.0602043
0.0634262
0.0612371
0.0644738
0.0580126
0.0611178
0.063131
0.0666926
0.0673408
0.0709621
 22.3 ±  0.0 ms - Piece loop time
 43.9 ± 40.4 ms - Set time
 18.4 ±  1.1 ms - Child looking time
0.0641091
0.0674696
0.0793631
535.2 ±  0.0 ms - Total time
496.2 ±  0.0 ms - Build f time
 10.9 ±  0.4 ms - Apply f time
399.5 ±  3.5 ms - Real f time 
 77.9 ±  2.3 ms - Add time
  2.4 ±  0.2 ms - Find child
  3.3 ±  0.2 ms - Add child
 95.0 ±  1.1 ms - Hash
 84.7 ± 39.1 ms - Map
 13.3 ±  0.4 ms - getState
0.0616073
0.0649465
0.0758731
611.1 ±  0.0 ms - Total time
557.8 ±  0.0 ms - Build f time
 14.7 ±  0.5 ms - Apply f time
453.1 ±  3.8 ms - Real f time 
 88.2 ±  2.4 ms - Add time
  3.7 ±  0.2 ms - Find child
  4.9 ±  0.3 ms - Add child
111.6 ±  1.3 ms - Hash
 92.6 ± 39.1 ms - Map
 17.3 ±  0.4 ms - getState
0.064006
0.0672263
0.0778868
689.0 ±  0.0 ms - Total time
621.8 ±  0.0 ms - Build f time
 18.5 ±  0.5 ms - Apply f time
507.3 ±  4.0 ms - Real f time 
 99.4 ±  2.4 ms - Add time
  4.5 ±  0.2 ms - Find child
  6.3 ±  0.3 ms - Add child
127.2 ±  1.4 ms - Hash
100.8 ± 39.1 ms - Map
 21.3 ±  0.4 ms - getState
0.0638017
0.0673094
0.0807643
769.8 ±  0.0 ms - Total time
685.6 ±  0.0 ms - Build f time
 23.1 ±  0.7 ms - Apply f time
563.0 ±  4.1 ms - Real f time 
112.5 ±  2.6 ms - Add time
  5.9 ±  0.3 ms - Find child
  8.3 ±  0.4 ms - Add child
143.8 ±  1.4 ms - Hash
115.9 ± 39.6 ms - Map
 25.7 ±  0.5 ms - getState
0.0629929
0.066222
0.0773029
847.1 ±  0.0 ms - Total time
748.6 ±  0.0 ms - Build f time
 26.8 ±  0.7 ms - Apply f time
615.4 ±  4.5 ms - Real f time 
123.5 ±  2.7 ms - Add time
  7.1 ±  0.3 ms - Find child
  9.9 ±  0.4 ms - Add child
159.6 ±  1.5 ms - Hash
123.7 ± 39.6 ms - Map
 29.4 ±  0.5 ms - getState
0.0632213
0.0665212
0.0772831
924.4 ±  0.0 ms - Total time
811.8 ±  0.0 ms - Build f time
 30.5 ±  0.8 ms - Apply f time
669.0 ±  4.7 ms - Real f time 
134.0 ±  2.7 ms - Add time
  8.4 ±  0.3 ms - Find child
 11.5 ±  0.4 ms - Add child
175.0 ±  1.5 ms - Hash
131.3 ± 39.7 ms - Map
 33.1 ±  0.5 ms - getState
0.0724541
0.07636
0.0912975
1015.7 ±  0.0 ms - Total time
884.2 ±  0.0 ms - Build f time
 34.9 ±  0.8 ms - Apply f time
730.2 ±  5.0 ms - Real f time 
146.3 ±  2.8 ms - Add time
  9.8 ±  0.4 ms - Find child
 13.6 ±  0.5 ms - Add child
193.8 ±  1.6 ms - Hash
140.8 ± 39.6 ms - Map
 38.1 ±  0.6 ms - getState
Dag sizes: 32811 27760 27110 32819 27761 27113 35489 
brutePieces time: 0.56549
 40.7 ±  0.0 ms - Piece loop time
 47.1 ± 40.9 ms - Set time
 33.7 ±  1.2 ms - Child looking time
Nodes:  210863
Pieces: 11541
makePieces time: 0.0416858
Memory: 2.2 + 16.8 + 6.7 + 32.7 + 1.9 MB
  0.7 ±  0.0 ms - Greedy fill time
composePieces time: 0.0537618
                                                                                