Running only task # 54
Using max depth 33
 |                                        | 0 / 416 (0.0%)Function count: 142
0.0598349
0.065519
0.0596201
0.0646769
0.0585572
0.0636548
0.0593907
0.0651003
0.0597741
0.0650603
0.0634848
0.0689596
0.0638746
0.0710026
 35.9 ±  0.0 ms - Piece loop time
 51.2 ± 44.9 ms - Set time
 27.7 ±  1.6 ms - Child looking time
0.0618925
0.0668017
0.116442
580.6 ±  0.0 ms - Total time
486.4 ±  0.0 ms - Build f time
 25.9 ±  0.6 ms - Apply f time
421.9 ±  4.0 ms - Real f time 
128.6 ± 14.1 ms - Add time
  6.2 ±  0.3 ms - Find child
  8.4 ±  0.3 ms - Add child
 78.7 ±  1.3 ms - Hash
157.8 ± 68.6 ms - Map
 24.8 ±  0.5 ms - getState
0.0584711
0.0635283
0.114401
695.1 ±  0.0 ms - Total time
544.9 ±  0.0 ms - Build f time
 38.6 ±  0.7 ms - Apply f time
479.6 ±  4.1 ms - Real f time 
154.9 ± 14.1 ms - Add time
 11.0 ±  0.4 ms - Find child
 15.0 ±  0.4 ms - Add child
 98.4 ±  1.3 ms - Hash
174.3 ± 68.6 ms - Map
 36.7 ±  0.6 ms - getState
0.0623372
0.0678653
0.120985
816.1 ±  0.0 ms - Total time
607.2 ±  0.0 ms - Build f time
 51.3 ±  0.8 ms - Apply f time
540.7 ±  4.3 ms - Real f time 
181.6 ± 14.1 ms - Add time
 15.5 ±  0.4 ms - Find child
 21.7 ±  0.5 ms - Add child
118.1 ±  1.4 ms - Hash
192.2 ± 68.7 ms - Map
 48.9 ±  0.7 ms - getState
0.0612125
0.0665141
0.126028
942.1 ±  0.0 ms - Total time
668.4 ±  0.0 ms - Build f time
 65.6 ±  0.9 ms - Apply f time
601.0 ±  4.4 ms - Real f time 
210.8 ± 14.1 ms - Add time
 20.4 ±  0.5 ms - Find child
 28.7 ±  0.6 ms - Add child
138.5 ±  1.5 ms - Hash
212.4 ± 68.6 ms - Map
 61.3 ±  0.7 ms - getState
0.0617067
0.0670125
0.131793
1074.0 ±  0.0 ms - Total time
730.2 ±  0.0 ms - Build f time
 81.0 ±  1.0 ms - Apply f time
664.5 ±  5.1 ms - Real f time 
241.5 ± 14.1 ms - Add time
 27.2 ±  1.3 ms - Find child
 35.4 ±  0.7 ms - Add child
158.1 ±  1.6 ms - Hash
238.8 ± 68.6 ms - Map
 75.4 ±  1.7 ms - getState
0.0640224
0.0695695
0.12121
1195.2 ±  0.0 ms - Total time
794.2 ±  0.0 ms - Build f time
 93.0 ±  1.1 ms - Apply f time
724.5 ±  5.2 ms - Real f time 
269.6 ± 14.1 ms - Add time
 31.8 ±  1.3 ms - Find child
 41.9 ±  0.7 ms - Add child
177.0 ±  1.6 ms - Hash
258.2 ± 68.5 ms - Map
 87.0 ±  1.7 ms - getState
0.0653162
0.0706293
0.129118
1324.4 ±  0.0 ms - Total time
859.5 ±  0.0 ms - Build f time
107.5 ±  1.2 ms - Apply f time
785.5 ±  5.3 ms - Real f time 
301.4 ± 14.1 ms - Add time
 36.5 ±  1.3 ms - Find child
 48.4 ±  0.8 ms - Add child
198.9 ±  1.8 ms - Hash
280.4 ± 68.5 ms - Map
 99.3 ±  1.8 ms - getState
Dag sizes: 103060 103291 103060 103191 106715 103191 114812 
brutePieces time: 0.865346
122.1 ±  0.0 ms - Piece loop time
 72.4 ± 37.7 ms - Set time
 85.4 ±  4.2 ms - Child looking time
Nodes:  737320
Pieces: 123041
makePieces time: 0.12362
Memory: 4.8 + 36.0 + 23.6 + 41.2 + 7.9 MB
  9.7 ±  0.4 ms - Greedy fill time
composePieces time: 1.60093
                                                                                