Running only task # 222
Using max depth 4
 |                                        | 0 / 416 (0.0%)Function count: 142
0.0115437
0.0123996
0.0401692
0.0430046
0.0302539
0.0324318
0.0494309
0.0519358
 13.1 ±  0.0 ms - Piece loop time
 42.2 ± 39.7 ms - Set time
 10.1 ±  0.6 ms - Child looking time
0.182071
0.195591
0.241528
381.4 ±  0.0 ms - Total time
313.5 ±  0.0 ms - Build f time
 20.4 ±  0.7 ms - Apply f time
304.0 ± 16.1 ms - Real f time 
 72.5 ±  8.1 ms - Add time
  5.7 ±  0.3 ms - Find child
  8.6 ±  0.4 ms - Add child
 59.8 ±  0.8 ms - Hash
 30.7 ± 15.5 ms - Map
 19.3 ±  0.4 ms - getState
0.78799
0.843285
1.19178
1573.2 ±  0.0 ms - Total time
1101.5 ±  0.0 ms - Build f time
102.1 ±  2.5 ms - Apply f time
1056.5 ± 16.8 ms - Real f time 
295.6 ± 18.5 ms - Add time
 29.8 ±  0.6 ms - Find child
 39.7 ±  0.8 ms - Add child
249.6 ±  2.2 ms - Hash
209.0 ± 15.7 ms - Map
107.7 ±  1.8 ms - getState
0.560531
0.599685
0.799003
2372.3 ±  0.0 ms - Total time
1662.0 ±  0.0 ms - Build f time
161.4 ±  2.6 ms - Apply f time
1605.5 ± 18.8 ms - Real f time 
452.1 ± 24.3 ms - Add time
 47.9 ±  0.8 ms - Find child
 63.1 ±  1.0 ms - Add child
380.2 ±  2.5 ms - Hash
320.6 ± 15.8 ms - Map
163.5 ±  2.1 ms - getState
0.993847
1.05327
1.58082
3953.1 ±  0.0 ms - Total time
2655.8 ±  0.0 ms - Build f time
254.5 ±  2.8 ms - Apply f time
2509.6 ± 19.8 ms - Real f time 
756.9 ± 25.4 ms - Add time
 72.1 ±  1.0 ms - Find child
 94.0 ±  1.2 ms - Add child
668.2 ±  3.0 ms - Hash
658.4 ± 165.3 ms - Map
295.4 ±  2.5 ms - getState
Dag sizes: 128553 671569 504061 774513 
brutePieces time: 3.81566
915.4 ±  0.0 ms - Piece loop time
232.3 ± 16.3 ms - Set time
654.5 ±  3.9 ms - Child looking time
Nodes:  2078696
Pieces: 600723
makePieces time: 0.9173
Memory: 21.4 + 106.7 + 66.5 + 54.2 + 29.1 MB
  4.4 ±  0.0 ms - Greedy fill time
composePieces time: 1.20456
                                                                                