Running only task # 369
Using max depth 33
 |                                        | 0 / 416 (0.0%)Function count: 142
0.12597
0.136519
0.131792
0.143464
0.128276
0.139904
0.13602
0.146276
0.133471
0.145446
0.131115
0.142954
0.134719
0.14737
 53.0 ±  0.0 ms - Piece loop time
 52.4 ± 43.4 ms - Set time
 42.0 ±  1.8 ms - Child looking time
0.124288
0.134536
0.28436
1286.5 ±  0.0 ms - Total time
1045.6 ±  0.0 ms - Build f time
 55.3 ±  1.0 ms - Apply f time
854.6 ±  6.7 ms - Real f time 
259.3 ±  5.6 ms - Add time
  9.4 ±  0.3 ms - Find child
 12.6 ±  0.4 ms - Add child
186.6 ±  1.5 ms - Hash
142.0 ± 35.3 ms - Map
 68.7 ±  1.1 ms - getState
0.135538
0.147743
0.299694
1586.3 ±  0.0 ms - Total time
1181.2 ±  0.0 ms - Build f time
 84.0 ±  1.2 ms - Apply f time
981.9 ±  7.0 ms - Real f time 
331.9 ±  5.8 ms - Add time
 17.9 ±  0.6 ms - Find child
 23.2 ±  0.5 ms - Add child
243.5 ±  1.7 ms - Hash
182.2 ± 35.3 ms - Map
105.4 ±  1.2 ms - getState
0.131939
0.143949
0.306887
1893.2 ±  0.0 ms - Total time
1313.1 ±  0.0 ms - Build f time
113.1 ±  1.3 ms - Apply f time
1107.9 ±  7.3 ms - Real f time 
408.9 ±  5.9 ms - Add time
 26.7 ±  1.1 ms - Find child
 34.9 ±  0.7 ms - Add child
302.2 ±  2.1 ms - Hash
226.1 ± 35.3 ms - Map
144.8 ±  1.4 ms - getState
0.127525
0.138266
0.295303
2188.6 ±  0.0 ms - Total time
1440.6 ±  0.0 ms - Build f time
142.1 ±  1.5 ms - Apply f time
1239.3 ± 18.2 ms - Real f time 
477.3 ±  6.0 ms - Add time
 35.0 ±  1.2 ms - Find child
 45.5 ±  0.8 ms - Add child
359.4 ±  2.2 ms - Hash
268.5 ± 35.3 ms - Map
181.9 ±  1.5 ms - getState
0.139498
0.151734
0.307096
2495.7 ±  0.0 ms - Total time
1580.1 ±  0.0 ms - Build f time
170.7 ±  1.6 ms - Apply f time
1370.5 ± 18.3 ms - Real f time 
549.5 ±  6.2 ms - Add time
 43.4 ±  1.2 ms - Find child
 55.9 ±  0.8 ms - Add child
416.4 ±  2.3 ms - Hash
313.3 ± 35.3 ms - Map
219.8 ±  1.7 ms - getState
0.133491
0.145305
0.309472
2805.2 ±  0.0 ms - Total time
1713.6 ±  0.0 ms - Build f time
199.7 ±  1.7 ms - Apply f time
1494.9 ± 18.5 ms - Real f time 
625.2 ±  6.3 ms - Add time
 52.1 ±  1.4 ms - Find child
 67.5 ±  0.9 ms - Add child
473.6 ±  2.4 ms - Hash
357.9 ± 35.3 ms - Map
258.6 ±  1.8 ms - getState
0.146113
0.159182
0.325577
3130.9 ±  0.0 ms - Total time
1859.7 ±  0.0 ms - Build f time
230.8 ±  2.3 ms - Apply f time
1640.4 ± 19.5 ms - Real f time 
776.5 ± 74.2 ms - Add time
 60.4 ±  1.5 ms - Find child
 78.8 ±  1.0 ms - Add child
532.3 ±  2.6 ms - Hash
405.6 ± 35.4 ms - Map
298.8 ±  1.9 ms - getState
Dag sizes: 206100 203937 213265 207321 200114 214389 212465 
brutePieces time: 2.134
215.9 ±  0.0 ms - Piece loop time
104.0 ± 47.7 ms - Set time
148.1 ±  2.4 ms - Child looking time
Nodes:  1457591
Pieces: 240634
makePieces time: 0.217899
Memory: 21.1 + 57.1 + 46.6 + 52.7 + 14.8 MB
 30.6 ±  8.3 ms - Greedy fill time
composePieces time: 4.27308
                                                                                