Running only task # 21
Using max depth 3
 |                                        | 0 / 416 (0.0%)Function count: 142
0.108231
0.117199
0.172069
0.187493
0.222166
0.24101
 19.0 ±  0.0 ms - Piece loop time
 71.1 ± 66.0 ms - Set time
 14.7 ±  0.7 ms - Child looking time
0.120599
0.1292
0.229607
775.4 ±  0.0 ms - Total time
623.1 ±  0.0 ms - Build f time
 32.0 ±  1.0 ms - Apply f time
500.8 ±  6.4 ms - Real f time 
151.9 ± 12.6 ms - Add time
  5.9 ±  0.4 ms - Find child
  7.5 ±  0.3 ms - Add child
128.5 ±  1.3 ms - Hash
 82.2 ± 34.9 ms - Map
 44.1 ±  1.1 ms - getState
0.174836
0.189686
0.379066
1154.5 ±  0.0 ms - Total time
797.9 ±  0.0 ms - Build f time
 60.5 ±  1.2 ms - Apply f time
655.8 ±  7.8 ms - Real f time 
282.8 ± 39.9 ms - Add time
 12.3 ±  0.5 ms - Find child
 15.8 ±  0.4 ms - Add child
207.7 ±  1.5 ms - Hash
113.6 ± 34.9 ms - Map
 93.0 ±  1.3 ms - getState
0.22964
0.246577
0.468732
1623.3 ±  0.0 ms - Total time
1027.5 ±  0.0 ms - Build f time
 89.2 ±  1.4 ms - Apply f time
842.5 ±  8.8 ms - Real f time 
397.5 ± 40.0 ms - Add time
 16.9 ±  0.6 ms - Find child
 22.3 ±  0.5 ms - Add child
315.0 ±  2.0 ms - Hash
145.0 ± 35.0 ms - Map
151.7 ±  3.0 ms - getState
Dag sizes: 126806 184588 147282 
brutePieces time: 1.07937
 84.3 ±  0.0 ms - Piece loop time
 45.0 ± 17.5 ms - Set time
 57.4 ±  2.5 ms - Child looking time
Nodes:  458676
Pieces: 143646
makePieces time: 0.0849905
Memory: 12.6 + 18.3 + 14.7 + 19.9 + 4.6 MB
  0.9 ±  0.0 ms - Greedy fill time
composePieces time: 0.401628
                                                                                