Running only task # 350
Using max depth 23
 |                                        | 0 / 416 (0.0%)Function count: 142
0.0247469
0.026614
0.0227063
0.0244672
0.0251728
0.0269973
0.0254341
0.0272809
0.0229314
0.0246753
0.0255918
0.0274702
0.0297808
0.0323292
 36.0 ±  0.0 ms - Piece loop time
 38.8 ± 34.4 ms - Set time
 30.2 ±  1.1 ms - Child looking time
0.0472892
0.050266
0.0801418
270.2 ±  0.0 ms - Total time
223.6 ±  0.0 ms - Build f time
 11.4 ±  0.4 ms - Apply f time
208.3 ±  2.4 ms - Real f time 
 48.5 ±  1.2 ms - Add time
  2.6 ±  0.2 ms - Find child
  3.3 ±  0.2 ms - Add child
 42.1 ±  0.7 ms - Hash
 66.3 ± 36.9 ms - Map
 16.7 ±  2.5 ms - getState
0.041096
0.0440532
0.0729558
343.1 ±  0.0 ms - Total time
264.7 ±  0.0 ms - Build f time
 17.9 ±  0.5 ms - Apply f time
248.3 ±  2.6 ms - Real f time 
 67.2 ±  2.0 ms - Add time
  4.8 ±  0.3 ms - Find child
  5.7 ±  0.3 ms - Add child
 56.0 ±  0.8 ms - Hash
 74.3 ± 36.8 ms - Map
 24.6 ±  2.5 ms - getState
0.0475607
0.0509153
0.0811051
424.3 ±  0.0 ms - Total time
312.3 ±  0.0 ms - Build f time
 24.5 ±  0.5 ms - Apply f time
293.5 ±  2.7 ms - Real f time 
 84.5 ±  2.1 ms - Add time
  6.7 ±  0.3 ms - Find child
  8.3 ±  0.3 ms - Add child
 70.2 ±  0.9 ms - Hash
 82.8 ± 36.8 ms - Map
 32.7 ±  2.6 ms - getState
0.0461413
0.048929
0.0850338
509.3 ±  0.0 ms - Total time
358.4 ±  0.0 ms - Build f time
 32.9 ±  0.6 ms - Apply f time
339.6 ±  2.9 ms - Real f time 
103.4 ±  2.2 ms - Add time
  8.9 ±  0.3 ms - Find child
 11.6 ±  0.4 ms - Add child
 84.8 ±  1.0 ms - Hash
 92.6 ± 36.9 ms - Map
 42.2 ±  2.6 ms - getState
0.0435632
0.0465144
0.0767195
586.1 ±  0.0 ms - Total time
402.0 ±  0.0 ms - Build f time
 39.0 ±  0.7 ms - Apply f time
383.5 ±  3.3 ms - Real f time 
122.2 ±  2.3 ms - Add time
 10.7 ±  0.4 ms - Find child
 14.0 ±  0.4 ms - Add child
 98.6 ±  1.1 ms - Hash
101.5 ± 36.9 ms - Map
 50.4 ±  2.6 ms - getState
0.0480159
0.0513289
0.0812782
667.4 ±  0.0 ms - Total time
450.0 ±  0.0 ms - Build f time
 46.0 ±  1.0 ms - Apply f time
429.3 ±  3.4 ms - Real f time 
142.1 ±  2.8 ms - Add time
 12.7 ±  0.4 ms - Find child
 17.2 ±  0.8 ms - Add child
113.4 ±  1.1 ms - Hash
110.9 ± 36.9 ms - Map
 58.5 ±  2.6 ms - getState
0.0529243
0.0569482
0.0878894
755.3 ±  0.0 ms - Total time
502.9 ±  0.0 ms - Build f time
 52.8 ±  1.1 ms - Apply f time
479.2 ±  3.5 ms - Real f time 
160.9 ±  2.9 ms - Add time
 15.0 ±  0.4 ms - Find child
 20.1 ±  0.8 ms - Add child
129.1 ±  1.2 ms - Hash
120.5 ± 36.9 ms - Map
 67.5 ±  2.6 ms - getState
Dag sizes: 58299 56330 56219 58364 56330 56269 60454 
brutePieces time: 0.570382
102.2 ±  0.0 ms - Piece loop time
 53.9 ± 34.9 ms - Set time
 77.4 ±  1.6 ms - Child looking time
Nodes:  402265
Pieces: 82054
makePieces time: 0.103265
Memory: 4.2 + 18.3 + 12.9 + 35.8 + 5.5 MB
  8.8 ±  0.7 ms - Greedy fill time
composePieces time: 1.02752
                                                                                