Running only task # 396
Using max depth 4
 |                                        | 0 / 416 (0.0%)Function count: 142
0.0639282
0.0701915
0.0744267
0.0809096
0.0712258
0.0775675
0.0688189
0.0746732
 33.4 ±  0.0 ms - Piece loop time
 43.3 ± 36.5 ms - Set time
 24.2 ±  0.8 ms - Child looking time
1.53104
1.66051
2.77989
3083.4 ±  0.0 ms - Total time
1809.4 ±  0.0 ms - Build f time
242.7 ± 11.9 ms - Apply f time
1661.1 ±  6.7 ms - Real f time 
668.2 ± 94.6 ms - Add time
 67.5 ±  0.9 ms - Find child
 98.5 ±  1.4 ms - Add child
526.3 ±  2.8 ms - Hash
590.8 ± 38.2 ms - Map
245.2 ±  2.1 ms - getState
1.68828
1.82276
3.09105
6174.4 ±  0.0 ms - Total time
3497.7 ±  0.0 ms - Build f time
489.8 ± 12.0 ms - Apply f time
3232.0 ±  9.9 ms - Real f time 
1265.6 ± 95.4 ms - Add time
136.3 ±  1.5 ms - Find child
194.6 ±  1.9 ms - Add child
1086.3 ±  3.7 ms - Hash
1089.8 ± 39.0 ms - Map
520.9 ±  3.1 ms - getState
1.68222
1.81925
3.12598
9300.5 ±  0.0 ms - Total time
5179.9 ±  0.0 ms - Build f time
744.2 ± 12.3 ms - Apply f time
4806.7 ± 11.8 ms - Real f time 
1871.6 ± 96.0 ms - Add time
207.7 ±  1.9 ms - Find child
294.6 ±  2.2 ms - Add child
1654.2 ±  4.5 ms - Hash
1613.9 ± 40.0 ms - Map
802.8 ±  3.6 ms - getState
1.6285
1.75819
3.00109
12301.6 ±  0.0 ms - Total time
6808.4 ±  0.0 ms - Build f time
992.3 ± 12.8 ms - Apply f time
6326.2 ± 17.1 ms - Real f time 
2516.1 ± 108.9 ms - Add time
279.4 ±  2.2 ms - Find child
395.8 ±  2.6 ms - Add child
2183.0 ±  5.5 ms - Hash
2149.1 ± 40.3 ms - Map
1067.9 ±  3.9 ms - getState
Dag sizes: 1793114 1946914 1969810 1966832 
brutePieces time: 11.9994
4062.2 ±  0.0 ms - Piece loop time
1502.9 ± 142.4 ms - Set time
2561.7 ± 10.5 ms - Child looking time
Nodes:  7676670
Pieces: 3008981
makePieces time: 4.07267
Memory: 80.1 + 370.7 + 245.7 + 189.9 + 149.2 MB
 22.4 ±  0.0 ms - Greedy fill time
composePieces time: 8.96843
                                                                                