Running only task # 259
Using max depth 23
 |                                        | 0 / 416 (0.0%)Function count: 142
0.127294
0.134917
0.107414
0.114216
0.111329
0.118249
0.124109
0.131884
0.108352
0.115116
0.111174
0.118038
0.113819
0.124495
 29.2 ±  0.0 ms - Piece loop time
 72.6 ± 65.3 ms - Set time
 21.1 ±  1.3 ms - Child looking time
0.129635
0.137043
0.298235
1155.4 ±  0.0 ms - Total time
933.1 ±  0.0 ms - Build f time
 40.3 ±  0.8 ms - Apply f time
702.5 ±  5.7 ms - Real f time 
225.3 ±  8.4 ms - Add time
  7.0 ±  0.7 ms - Find child
  8.1 ±  0.3 ms - Add child
216.8 ±  1.4 ms - Hash
117.9 ± 36.8 ms - Map
 54.0 ±  0.7 ms - getState
0.112209
0.119036
0.269982
1425.5 ±  0.0 ms - Total time
1045.3 ±  0.0 ms - Build f time
 62.4 ±  1.0 ms - Apply f time
801.3 ±  6.0 ms - Real f time 
291.1 ±  8.5 ms - Add time
 12.2 ±  0.7 ms - Find child
 15.0 ±  0.4 ms - Add child
275.1 ±  1.5 ms - Hash
151.6 ± 36.9 ms - Map
 89.1 ±  0.8 ms - getState
0.117952
0.124859
0.276708
1702.2 ±  0.0 ms - Total time
1163.3 ±  0.0 ms - Build f time
 84.7 ±  1.1 ms - Apply f time
903.6 ±  6.3 ms - Real f time 
359.6 ±  8.6 ms - Add time
 17.7 ±  0.8 ms - Find child
 21.9 ±  0.5 ms - Add child
335.9 ±  1.7 ms - Hash
190.0 ± 37.4 ms - Map
121.5 ±  1.0 ms - getState
0.13641
0.144116
0.310229
2012.5 ±  0.0 ms - Total time
1299.7 ±  0.0 ms - Build f time
107.4 ±  1.2 ms - Apply f time
1016.2 ±  7.0 ms - Real f time 
437.3 ±  8.7 ms - Add time
 22.8 ±  0.8 ms - Find child
 29.7 ±  0.9 ms - Add child
405.9 ±  1.9 ms - Hash
218.3 ± 37.3 ms - Map
159.5 ±  1.2 ms - getState
0.112947
0.119834
0.265327
2277.9 ±  0.0 ms - Total time
1412.6 ±  0.0 ms - Build f time
128.8 ±  1.3 ms - Apply f time
1115.9 ±  7.2 ms - Real f time 
502.8 ±  8.7 ms - Add time
 28.0 ±  0.9 ms - Find child
 36.5 ±  0.9 ms - Add child
463.6 ±  2.0 ms - Hash
250.3 ± 37.4 ms - Map
190.0 ±  1.3 ms - getState
0.120959
0.128104
0.277683
2555.6 ±  0.0 ms - Total time
1533.6 ±  0.0 ms - Build f time
150.3 ±  1.4 ms - Apply f time
1218.9 ±  7.5 ms - Real f time 
570.7 ±  8.8 ms - Add time
 33.2 ±  0.9 ms - Find child
 43.3 ±  0.9 ms - Add child
522.6 ±  2.1 ms - Hash
281.9 ± 37.3 ms - Map
222.8 ±  1.6 ms - getState
0.118554
0.12594
0.275022
2830.7 ±  0.0 ms - Total time
1652.2 ±  0.0 ms - Build f time
173.0 ±  1.5 ms - Apply f time
1325.3 ±  8.2 ms - Real f time 
641.5 ±  8.9 ms - Add time
 38.5 ±  1.0 ms - Find child
 50.7 ±  1.0 ms - Add child
583.1 ±  2.2 ms - Hash
313.4 ± 37.3 ms - Map
257.1 ±  2.1 ms - getState
Dag sizes: 143075 152409 154593 142938 152444 154282 158427 
brutePieces time: 1.97959
114.6 ±  0.0 ms - Piece loop time
 77.5 ± 44.0 ms - Set time
 75.6 ±  1.7 ms - Child looking time
Nodes:  1058168
Pieces: 128841
makePieces time: 0.116196
Memory: 22.3 + 40.7 + 33.9 + 46.3 + 8.2 MB
 43.7 ±  1.4 ms - Greedy fill time
composePieces time: 3.9299
                                                                                