Running only task # 57
Using max depth 4
 |                                        | 0 / 416 (0.0%)Function count: 142
0.0749156
0.0814537
0.0534638
0.0563722
0.0721034
0.0764764
 10.8 ±  0.0 ms - Piece loop time
 39.2 ± 37.1 ms - Set time
  8.3 ±  0.6 ms - Child looking time
1.37254
1.44841
1.79045
2004.9 ±  0.0 ms - Total time
1573.0 ±  0.0 ms - Build f time
 76.1 ±  1.7 ms - Apply f time
1327.6 ± 20.9 ms - Real f time 
270.1 ±  3.9 ms - Add time
 13.9 ±  0.5 ms - Find child
 18.0 ±  0.5 ms - Add child
417.3 ±  2.3 ms - Hash
164.6 ± 37.0 ms - Map
104.1 ±  1.3 ms - getState
0.822514
0.869117
1.01124
3016.2 ±  0.0 ms - Total time
2395.5 ±  0.0 ms - Build f time
117.6 ±  1.9 ms - Apply f time
2063.2 ± 24.7 ms - Real f time 
400.1 ±  4.9 ms - Add time
 24.2 ±  0.9 ms - Find child
 30.6 ±  0.7 ms - Add child
619.0 ± 15.1 ms - Hash
248.6 ± 36.9 ms - Map
153.9 ±  1.7 ms - getState
1.3928
1.48036
1.81827
4834.5 ±  0.0 ms - Total time
3788.3 ±  0.0 ms - Build f time
195.1 ±  2.2 ms - Apply f time
3266.4 ± 26.7 ms - Real f time 
724.8 ± 65.9 ms - Add time
 41.8 ±  1.1 ms - Find child
 53.1 ±  1.2 ms - Add child
965.2 ± 15.3 ms - Hash
401.2 ± 37.0 ms - Map
256.4 ±  2.2 ms - getState
Dag sizes: 364150 273957 466291 
brutePieces time: 4.62234
401.7 ±  0.0 ms - Piece loop time
155.3 ± 43.6 ms - Set time
266.4 ±  5.1 ms - Child looking time
Nodes:  1104398
Pieces: 320800
makePieces time: 0.403493
Memory: 23.5 + 77.5 + 35.3 + 30.3 + 13.0 MB
  1.4 ±  0.0 ms - Greedy fill time
composePieces time: 0.690801
                                                                                