Running only task # 351
Using max depth 33
 |                                        | 0 / 416 (0.0%)Function count: 142
0.0428646
0.0454532
0.0564671
0.0597074
0.0432119
0.0459879
0.0574297
0.0606558
0.0529895
0.0560028
 17.3 ±  0.0 ms - Piece loop time
 39.8 ± 36.2 ms - Set time
 13.8 ±  0.9 ms - Child looking time
0.0437068
0.0472864
0.0694271
337.4 ±  0.0 ms - Total time
296.7 ±  0.0 ms - Build f time
 10.0 ±  0.3 ms - Apply f time
253.7 ±  2.4 ms - Real f time 
 54.2 ±  3.8 ms - Add time
  2.0 ±  0.2 ms - Find child
  2.4 ±  0.2 ms - Add child
 52.2 ±  0.7 ms - Hash
 71.1 ± 39.5 ms - Map
 12.1 ±  0.3 ms - getState
0.0561644
0.0593712
0.0863517
423.8 ±  0.0 ms - Total time
352.8 ±  0.0 ms - Build f time
 15.4 ±  0.4 ms - Apply f time
305.6 ±  2.7 ms - Real f time 
 71.4 ±  3.8 ms - Add time
  3.7 ±  0.2 ms - Find child
  4.5 ±  0.2 ms - Add child
 67.9 ±  0.8 ms - Hash
 80.7 ± 39.5 ms - Map
 18.7 ±  0.4 ms - getState
0.0436974
0.0462629
0.0655774
489.4 ±  0.0 ms - Total time
396.5 ±  0.0 ms - Build f time
 19.0 ±  0.5 ms - Apply f time
345.3 ±  2.9 ms - Real f time 
 84.1 ±  3.9 ms - Add time
  5.0 ±  0.3 ms - Find child
  6.1 ±  0.3 ms - Add child
 79.6 ±  1.0 ms - Hash
 88.8 ± 39.5 ms - Map
 24.2 ±  0.5 ms - getState
0.0564879
0.0609386
0.0928676
582.3 ±  0.0 ms - Total time
453.0 ±  0.0 ms - Build f time
 26.4 ±  0.5 ms - Apply f time
396.5 ±  3.1 ms - Real f time 
102.0 ±  3.9 ms - Add time
  6.9 ±  0.3 ms - Find child
  8.3 ±  0.3 ms - Add child
 95.0 ±  1.0 ms - Hash
 99.3 ± 39.5 ms - Map
 33.5 ±  0.6 ms - getState
0.0590477
0.0621018
0.0890062
671.3 ±  0.0 ms - Total time
512.1 ±  0.0 ms - Build f time
 31.7 ±  0.6 ms - Apply f time
451.2 ±  3.4 ms - Real f time 
120.2 ±  4.0 ms - Add time
  8.3 ±  0.3 ms - Find child
 10.5 ±  0.4 ms - Add child
110.2 ±  1.1 ms - Hash
109.6 ± 39.5 ms - Map
 41.3 ±  0.7 ms - getState
Dag sizes: 41860 57701 41860 55395 58176 
brutePieces time: 0.407063
 42.9 ±  0.0 ms - Piece loop time
 48.6 ± 37.9 ms - Set time
 30.0 ±  1.2 ms - Child looking time
Nodes:  254992
Pieces: 46000
makePieces time: 0.0439055
Memory: 2.6 + 12.1 + 8.2 + 25.1 + 2.4 MB
  7.0 ±  0.0 ms - Greedy fill time
composePieces time: 0.194913
                                                                                