Running only task # 35
Using max depth 3
 |                                        | 0 / 416 (0.0%)Function count: 142
0.696015
0.802855
0.673315
0.776643
0.651455
0.743751
0.750948
0.862675
 23.1 ±  0.0 ms - Piece loop time
 45.3 ± 39.9 ms - Set time
 18.6 ±  1.1 ms - Child looking time
0.685735
0.793154
1.36834
4554.4 ±  0.0 ms - Total time
3457.5 ±  0.0 ms - Build f time
225.7 ±  4.4 ms - Apply f time
2979.5 ± 47.9 ms - Real f time 
833.7 ±  9.7 ms - Add time
  8.3 ±  0.3 ms - Find child
 12.7 ±  0.4 ms - Add child
659.8 ±  4.9 ms - Hash
129.5 ± 46.2 ms - Map
268.7 ±  2.8 ms - getState
0.683449
0.786612
1.37536
5929.8 ±  0.0 ms - Total time
4140.9 ±  0.0 ms - Build f time
307.4 ±  4.9 ms - Apply f time
3589.2 ± 51.2 ms - Real f time 
1184.6 ± 10.9 ms - Add time
 14.6 ±  0.6 ms - Find child
 21.1 ±  0.5 ms - Add child
938.3 ±  5.2 ms - Hash
167.2 ± 46.3 ms - Map
425.0 ±  3.9 ms - getState
0.662759
0.755505
1.33712
7267.0 ±  0.0 ms - Total time
4803.7 ±  0.0 ms - Build f time
383.2 ±  5.3 ms - Apply f time
4219.3 ± 59.2 ms - Real f time 
1517.3 ± 12.0 ms - Add time
 20.4 ±  0.7 ms - Find child
 29.5 ±  0.6 ms - Add child
1209.2 ±  5.6 ms - Hash
206.3 ± 46.3 ms - Map
575.0 ±  4.3 ms - getState
0.787028
0.899538
1.53747
8804.5 ±  0.0 ms - Total time
5590.7 ±  0.0 ms - Build f time
470.1 ±  5.7 ms - Apply f time
4901.9 ± 61.4 ms - Real f time 
1924.9 ± 39.1 ms - Add time
 26.3 ±  0.7 ms - Find child
 38.5 ±  0.7 ms - Add child
1509.5 ±  5.9 ms - Hash
266.3 ± 49.1 ms - Map
746.9 ±  4.7 ms - getState
Dag sizes: 184509 192982 187059 202870 
brutePieces time: 5.61992
 81.2 ±  0.0 ms - Piece loop time
 46.8 ± 15.3 ms - Set time
 48.5 ±  1.3 ms - Child looking time
Nodes:  767420
Pieces: 132758
makePieces time: 0.0819613
Memory: 75.0 + 22.7 + 24.6 + 29.1 + 5.5 MB
 72.3 ±  0.0 ms - Greedy fill time
composePieces time: 3.28952
                                                                                