Running only task # 249
Using max depth 3
 |                                        | 0 / 416 (0.0%)Function count: 142
0.0769473
0.0845405
0.080151
0.0873599
0.0730905
0.0799367
0.0772242
0.084047
0.0820438
0.0904386
 25.2 ±  0.0 ms - Piece loop time
157.2 ± 152.4 ms - Set time
 20.2 ±  1.6 ms - Child looking time
0.0782491
0.0850734
0.140055
566.7 ±  0.0 ms - Total time
467.7 ±  0.0 ms - Build f time
 23.4 ±  0.5 ms - Apply f time
383.0 ±  3.4 ms - Real f time 
106.4 ±  4.0 ms - Add time
  4.4 ±  0.2 ms - Find child
  5.9 ±  0.5 ms - Add child
 96.9 ±  1.3 ms - Hash
 86.0 ± 36.3 ms - Map
 27.7 ±  0.9 ms - getState
0.082806
0.0902879
0.156664
723.4 ±  0.0 ms - Total time
550.5 ±  0.0 ms - Build f time
 36.2 ±  0.7 ms - Apply f time
457.5 ±  5.0 ms - Real f time 
141.9 ±  4.1 ms - Add time
  7.8 ±  0.3 ms - Find child
 10.3 ±  0.6 ms - Add child
127.9 ±  1.4 ms - Hash
104.2 ± 36.3 ms - Map
 44.6 ±  1.0 ms - getState
0.0747816
0.0814145
0.131373
854.8 ±  0.0 ms - Total time
625.3 ±  0.0 ms - Build f time
 46.8 ±  0.8 ms - Apply f time
524.6 ±  5.1 ms - Real f time 
182.0 ± 11.8 ms - Add time
 10.5 ±  0.4 ms - Find child
 13.5 ±  0.6 ms - Add child
154.8 ±  1.5 ms - Hash
116.0 ± 36.3 ms - Map
 58.2 ±  1.1 ms - getState
0.0798425
0.0864826
0.142956
997.8 ±  0.0 ms - Total time
705.1 ±  0.0 ms - Build f time
 58.1 ±  0.8 ms - Apply f time
599.7 ±  6.0 ms - Real f time 
237.1 ± 26.1 ms - Add time
 13.9 ±  0.4 ms - Find child
 17.6 ±  0.6 ms - Add child
183.2 ±  1.6 ms - Hash
130.9 ± 36.4 ms - Map
 73.5 ±  1.1 ms - getState
0.0831137
0.0903347
0.150699
1148.5 ±  0.0 ms - Total time
788.2 ±  0.0 ms - Build f time
 70.1 ±  0.9 ms - Apply f time
676.5 ±  6.2 ms - Real f time 
286.4 ± 29.3 ms - Add time
 17.0 ±  0.5 ms - Find child
 22.0 ±  0.7 ms - Add child
214.2 ±  1.7 ms - Hash
147.5 ± 36.3 ms - Map
 89.1 ±  1.2 ms - getState
Dag sizes: 100079 113524 89586 98562 105391 
brutePieces time: 0.724857
 63.4 ±  0.0 ms - Piece loop time
 54.0 ± 36.6 ms - Set time
 42.4 ±  1.1 ms - Child looking time
Nodes:  507142
Pieces: 96955
makePieces time: 0.0645778
Memory: 6.3 + 20.5 + 16.2 + 29.1 + 4.9 MB
 53.7 ± 13.2 ms - Greedy fill time
composePieces time: 0.849086
                                                                                