Running only task # 229
Using max depth 23
 |                                        | 0 / 416 (0.0%)Function count: 142
0.138929
0.153011
0.127686
0.141177
0.146133
0.159808
0.127033
0.140405
0.140272
0.158244
 53.8 ±  0.0 ms - Piece loop time
 49.3 ± 39.8 ms - Set time
 42.1 ±  1.2 ms - Child looking time
0.140487
0.154363
0.287548
1040.4 ±  0.0 ms - Total time
820.5 ±  0.0 ms - Build f time
 50.1 ±  0.8 ms - Apply f time
676.6 ±  5.5 ms - Real f time 
204.4 ±  2.6 ms - Add time
  7.3 ±  0.3 ms - Find child
 10.4 ±  0.4 ms - Add child
156.2 ±  1.8 ms - Hash
135.0 ± 37.0 ms - Map
 61.1 ±  0.8 ms - getState
0.127557
0.141461
0.285592
1326.0 ±  0.0 ms - Total time
948.1 ±  0.0 ms - Build f time
 73.8 ±  1.0 ms - Apply f time
796.0 ±  5.8 ms - Real f time 
275.0 ±  2.8 ms - Add time
 13.9 ±  0.4 ms - Find child
 18.5 ±  0.5 ms - Add child
205.6 ±  1.9 ms - Hash
175.6 ± 37.0 ms - Map
 98.8 ±  1.5 ms - getState
0.143764
0.15774
0.292333
1618.4 ±  0.0 ms - Total time
1091.9 ±  0.0 ms - Build f time
 98.8 ±  1.2 ms - Apply f time
920.5 ±  6.1 ms - Real f time 
345.6 ±  3.0 ms - Add time
 20.4 ±  0.5 ms - Find child
 26.2 ±  0.6 ms - Add child
255.9 ±  2.1 ms - Hash
214.7 ± 36.9 ms - Map
134.6 ±  1.7 ms - getState
0.129211
0.143649
0.289693
1908.1 ±  0.0 ms - Total time
1221.1 ±  0.0 ms - Build f time
122.9 ±  1.3 ms - Apply f time
1038.8 ±  7.0 ms - Real f time 
417.8 ±  3.5 ms - Add time
 26.9 ±  0.6 ms - Find child
 35.9 ±  0.9 ms - Add child
305.7 ±  2.2 ms - Hash
256.6 ± 36.9 ms - Map
172.3 ±  1.8 ms - getState
0.151669
0.169868
0.332614
2240.8 ±  0.0 ms - Total time
1372.7 ±  0.0 ms - Build f time
151.2 ±  1.5 ms - Apply f time
1175.2 ±  7.2 ms - Real f time 
513.7 ± 13.9 ms - Add time
 34.0 ±  0.7 ms - Find child
 45.6 ±  1.0 ms - Add child
362.0 ±  2.6 ms - Hash
304.3 ± 36.9 ms - Map
216.7 ±  1.9 ms - getState
Dag sizes: 200050 228279 199657 227425 258627 
brutePieces time: 1.49148
203.9 ±  0.0 ms - Piece loop time
117.5 ± 47.5 ms - Set time
126.8 ±  1.8 ms - Child looking time
Nodes:  1114038
Pieces: 249194
makePieces time: 0.205904
Memory: 14.7 + 36.4 + 35.6 + 38.8 + 12.1 MB
  8.6 ±  0.0 ms - Greedy fill time
composePieces time: 1.87538
                                                                                