Running only task # 215
Using max depth 23
 |                                        | 0 / 416 (0.0%)Function count: 142
0.0210799
0.022579
0.0170605
0.0182092
0.0227355
0.0243281
0.024285
0.0260548
0.0175684
0.0187407
0.0203676
0.021727
0.0170207
0.0181863
0.0225068
0.0240485
0.0243733
0.0261083
0.0175584
0.0187843
0.0232999
0.0250042
 50.3 ±  0.0 ms - Piece loop time
 39.1 ± 35.8 ms - Set time
 45.4 ±  1.4 ms - Child looking time
0.0373842
0.0395057
0.0555562
299.6 ±  0.0 ms - Total time
265.2 ±  0.0 ms - Build f time
  9.5 ±  1.0 ms - Apply f time
239.6 ±  4.8 ms - Real f time 
 55.6 ±  3.5 ms - Add time
  1.9 ±  0.2 ms - Find child
  2.2 ±  0.2 ms - Add child
 46.1 ±  0.7 ms - Hash
100.0 ± 54.4 ms - Map
 11.9 ±  0.7 ms - getState
0.0191435
0.0203545
0.0244203
324.0 ±  0.0 ms - Total time
284.4 ±  0.0 ms - Build f time
 10.8 ±  1.0 ms - Apply f time
257.1 ±  4.9 ms - Real f time 
 59.3 ±  3.5 ms - Add time
  2.3 ±  0.2 ms - Find child
  2.5 ±  0.2 ms - Add child
 50.5 ±  0.8 ms - Hash
102.1 ± 54.5 ms - Map
 13.6 ±  0.7 ms - getState
0.0518425
0.0555893
0.0841579
408.2 ±  0.0 ms - Total time
336.2 ±  0.0 ms - Build f time
 15.8 ±  1.0 ms - Apply f time
299.9 ±  5.1 ms - Real f time 
 75.9 ±  3.6 ms - Add time
  3.4 ±  0.2 ms - Find child
  4.1 ±  0.2 ms - Add child
 67.5 ±  0.9 ms - Hash
107.7 ± 54.4 ms - Map
 22.7 ±  0.8 ms - getState
0.0571649
0.060299
0.0903039
498.5 ±  0.0 ms - Total time
393.4 ±  0.0 ms - Build f time
 20.9 ±  1.1 ms - Apply f time
347.5 ±  5.7 ms - Real f time 
 94.4 ±  3.7 ms - Add time
  4.5 ±  0.2 ms - Find child
  5.9 ±  0.3 ms - Add child
 87.7 ±  1.0 ms - Hash
113.9 ± 54.3 ms - Map
 32.0 ±  0.8 ms - getState
0.0196808
0.0209301
0.0250932
523.6 ±  0.0 ms - Total time
413.1 ±  0.0 ms - Build f time
 22.4 ±  1.1 ms - Apply f time
366.6 ±  6.0 ms - Real f time 
 98.6 ±  3.7 ms - Add time
  4.9 ±  0.2 ms - Find child
  6.3 ±  0.3 ms - Add child
 91.9 ±  1.0 ms - Hash
115.9 ± 54.4 ms - Map
 33.6 ±  0.8 ms - getState
0.0418362
0.0442781
0.0590472
582.7 ±  0.0 ms - Total time
454.9 ±  0.0 ms - Build f time
 25.5 ±  1.1 ms - Apply f time
401.6 ±  6.2 ms - Real f time 
110.7 ±  3.8 ms - Add time
  6.0 ±  0.3 ms - Find child
  7.5 ±  0.3 ms - Add child
102.0 ±  1.0 ms - Hash
121.5 ± 54.4 ms - Map
 38.7 ±  0.9 ms - getState
0.0199175
0.0211278
0.0253673
608.1 ±  0.0 ms - Total time
474.8 ±  0.0 ms - Build f time
 26.7 ±  1.1 ms - Apply f time
418.3 ±  6.3 ms - Real f time 
115.3 ±  3.8 ms - Add time
  6.3 ±  0.3 ms - Find child
  8.0 ±  0.3 ms - Add child
106.3 ±  1.1 ms - Hash
123.4 ± 54.5 ms - Map
 40.3 ±  0.9 ms - getState
0.0503286
0.053171
0.078092
686.2 ±  0.0 ms - Total time
525.1 ±  0.0 ms - Build f time
 30.9 ±  1.2 ms - Apply f time
463.4 ±  6.9 ms - Real f time 
130.7 ±  3.9 ms - Add time
  7.0 ±  0.3 ms - Find child
  9.3 ±  0.3 ms - Add child
123.0 ±  1.1 ms - Hash
129.3 ± 54.4 ms - Map
 47.6 ±  0.9 ms - getState
0.0589072
0.0620629
0.0935447
779.8 ±  0.0 ms - Total time
584.1 ±  0.0 ms - Build f time
 35.7 ±  1.2 ms - Apply f time
511.0 ±  7.3 ms - Real f time 
156.4 ±  7.4 ms - Add time
  8.3 ±  0.3 ms - Find child
 10.9 ±  0.4 ms - Add child
142.6 ±  1.2 ms - Hash
136.3 ± 54.4 ms - Map
 57.3 ±  1.0 ms - getState
0.0214534
0.0227699
0.0274458
807.3 ±  0.0 ms - Total time
605.5 ±  0.0 ms - Build f time
 37.1 ±  1.2 ms - Apply f time
528.8 ±  7.4 ms - Real f time 
160.8 ±  7.5 ms - Add time
  8.7 ±  0.3 ms - Find child
 11.4 ±  0.4 ms - Add child
146.9 ±  1.2 ms - Hash
139.1 ± 54.5 ms - Map
 58.9 ±  1.0 ms - getState
0.0839442
0.088716
0.13709
944.4 ±  0.0 ms - Total time
689.5 ±  0.0 ms - Build f time
 43.2 ±  1.2 ms - Apply f time
597.7 ±  7.8 ms - Real f time 
193.7 ±  8.3 ms - Add time
  9.5 ±  0.3 ms - Find child
 12.9 ±  0.4 ms - Add child
178.9 ±  3.0 ms - Hash
147.7 ± 54.5 ms - Map
 73.2 ±  1.1 ms - getState
Dag sizes: 26289 9718 28354 34153 10067 26350 9722 28396 34151 10070 35371 
brutePieces time: 0.708317
159.7 ±  0.0 ms - Piece loop time
 51.7 ± 36.1 ms - Set time
136.8 ±  3.2 ms - Child looking time
Nodes:  252641
Pieces: 52167
makePieces time: 0.161181
Memory: 6.1 + 15.1 + 8.1 + 50.2 + 5.5 MB
 10.6 ±  0.0 ms - Greedy fill time
composePieces time: 1.12485
                                                                                