Running only task # 364
Using max depth 23
 |                                        | 0 / 416 (0.0%)Function count: 142
0.0888274
0.100049
0.12205
0.135686
0.126374
0.140735
0.106965
0.122062
0.0896141
0.0994665
0.121445
0.133862
0.122307
0.13625
0.107064
0.119322
0.112463
0.124098
 72.6 ±  0.0 ms - Piece loop time
 53.0 ± 40.3 ms - Set time
 57.1 ±  2.5 ms - Child looking time
0.0862208
0.0953039
0.157575
1269.6 ±  0.0 ms - Total time
1083.3 ±  0.0 ms - Build f time
 53.3 ±  0.8 ms - Apply f time
925.1 ± 24.3 ms - Real f time 
268.2 ± 30.5 ms - Add time
  7.8 ±  0.3 ms - Find child
 10.5 ±  0.4 ms - Add child
178.6 ±  1.9 ms - Hash
160.9 ± 23.4 ms - Map
 51.4 ±  0.9 ms - getState
0.113712
0.125302
0.228798
1498.4 ±  0.0 ms - Total time
1197.0 ±  0.0 ms - Build f time
 75.4 ±  1.0 ms - Apply f time
1032.0 ± 24.4 ms - Real f time 
324.3 ± 30.5 ms - Add time
 13.2 ±  0.4 ms - Find child
 18.1 ±  0.5 ms - Add child
221.0 ±  2.1 ms - Hash
186.6 ± 23.4 ms - Map
 81.1 ±  1.0 ms - getState
0.121846
0.134932
0.25717
1755.6 ±  0.0 ms - Total time
1318.9 ±  0.0 ms - Build f time
 99.5 ±  1.1 ms - Apply f time
1145.2 ± 24.5 ms - Real f time 
389.5 ± 30.4 ms - Add time
 19.6 ±  0.5 ms - Find child
 43.2 ± 17.2 ms - Add child
268.0 ±  2.2 ms - Hash
216.4 ± 23.4 ms - Map
114.8 ±  1.1 ms - getState
0.107424
0.11893
0.216627
1972.3 ±  0.0 ms - Total time
1426.3 ±  0.0 ms - Build f time
121.4 ±  2.2 ms - Apply f time
1245.9 ± 24.5 ms - Real f time 
449.7 ± 31.0 ms - Add time
 25.1 ±  0.6 ms - Find child
 50.8 ± 17.2 ms - Add child
306.3 ±  2.3 ms - Hash
241.9 ± 23.4 ms - Map
159.5 ± 17.3 ms - getState
0.0916625
0.101181
0.167628
2139.9 ±  0.0 ms - Total time
1518.0 ±  0.0 ms - Build f time
136.7 ±  2.3 ms - Apply f time
1332.9 ± 24.6 ms - Real f time 
488.2 ± 31.0 ms - Add time
 29.1 ±  0.6 ms - Find child
 56.3 ± 17.2 ms - Add child
333.8 ±  2.4 ms - Hash
265.9 ± 23.3 ms - Map
177.7 ± 17.3 ms - getState
0.118001
0.130417
0.239391
2379.3 ±  0.0 ms - Total time
1636.0 ±  0.0 ms - Build f time
158.5 ±  2.3 ms - Apply f time
1443.9 ± 24.6 ms - Real f time 
553.5 ± 31.8 ms - Add time
 35.0 ±  0.7 ms - Find child
 63.8 ± 17.2 ms - Add child
375.6 ±  2.5 ms - Hash
297.6 ± 23.4 ms - Map
207.3 ± 17.3 ms - getState
0.121023
0.134498
0.260979
2640.4 ±  0.0 ms - Total time
1757.0 ±  0.0 ms - Build f time
182.5 ±  2.4 ms - Apply f time
1559.3 ± 24.7 ms - Real f time 
625.3 ± 32.4 ms - Add time
 41.3 ±  0.7 ms - Find child
 71.8 ± 17.2 ms - Add child
423.0 ±  2.6 ms - Hash
330.3 ± 23.4 ms - Map
241.0 ± 17.3 ms - getState
0.10633
0.118152
0.215341
2855.7 ±  0.0 ms - Total time
1863.3 ±  0.0 ms - Build f time
203.0 ±  2.4 ms - Apply f time
1660.0 ± 24.7 ms - Real f time 
689.7 ± 34.7 ms - Add time
 47.1 ±  0.8 ms - Find child
 79.1 ± 17.2 ms - Add child
460.4 ±  2.7 ms - Hash
355.6 ± 23.4 ms - Map
268.4 ± 17.3 ms - getState
0.109731
0.121286
0.226769
3082.6 ±  0.0 ms - Total time
1973.0 ±  0.0 ms - Build f time
223.9 ±  2.5 ms - Apply f time
1762.6 ± 24.8 ms - Real f time 
745.9 ± 34.7 ms - Add time
 52.6 ±  0.9 ms - Find child
 87.3 ± 17.2 ms - Add child
501.6 ±  2.7 ms - Hash
394.9 ± 26.6 ms - Map
298.9 ± 17.4 ms - getState
Dag sizes: 153155 209880 228114 199423 152950 210158 227602 198331 202395 
brutePieces time: 1.97622
225.4 ±  0.0 ms - Piece loop time
 91.5 ± 41.2 ms - Set time
163.0 ±  2.5 ms - Child looking time
Nodes:  1782008
Pieces: 194831
makePieces time: 0.22733
Memory: 18.2 + 59.2 + 57.0 + 66.3 + 16.5 MB
 32.5 ±  3.0 ms - Greedy fill time
composePieces time: 5.33819
                                                                                