Running only task # 144
Using max depth 23
 |                                        | 0 / 416 (0.0%)Function count: 142
0.0367582
0.0401158
0.0625724
0.068382
0.0658599
0.0724295
0.0355249
0.0383015
0.0593091
0.0646065
0.0649564
0.0713779
0.0562874
0.06179
 38.4 ±  0.0 ms - Piece loop time
 42.9 ± 37.6 ms - Set time
 31.6 ±  1.1 ms - Child looking time
0.0353196
0.0381136
0.0560065
473.2 ±  0.0 ms - Total time
416.6 ±  0.0 ms - Build f time
 17.8 ±  0.5 ms - Apply f time
377.8 ±  4.5 ms - Real f time 
 80.2 ±  4.1 ms - Add time
  2.7 ±  0.2 ms - Find child
  3.8 ±  0.2 ms - Add child
 60.2 ±  0.8 ms - Hash
 79.3 ± 39.0 ms - Map
 17.9 ±  0.4 ms - getState
0.0574689
0.0629567
0.0953509
568.6 ±  0.0 ms - Total time
474.1 ±  0.0 ms - Build f time
 27.0 ±  0.6 ms - Apply f time
436.8 ±  4.6 ms - Real f time 
 99.9 ±  4.1 ms - Add time
  5.6 ±  0.3 ms - Find child
  7.7 ±  0.3 ms - Add child
 75.3 ±  0.9 ms - Hash
 92.2 ± 39.1 ms - Map
 27.0 ±  0.5 ms - getState
0.0656762
0.0719074
0.110949
679.6 ±  0.0 ms - Total time
539.7 ±  0.0 ms - Build f time
 37.0 ±  0.7 ms - Apply f time
503.0 ±  4.8 ms - Real f time 
131.1 ±  7.8 ms - Add time
  8.8 ±  0.3 ms - Find child
 11.9 ±  0.4 ms - Add child
 93.2 ±  1.0 ms - Hash
104.3 ± 39.1 ms - Map
 37.9 ±  0.6 ms - getState
0.0368869
0.0402306
0.0584973
738.1 ±  0.0 ms - Total time
576.6 ±  0.0 ms - Build f time
 59.2 ± 17.0 ms - Apply f time
539.8 ±  4.9 ms - Real f time 
143.4 ±  7.9 ms - Add time
 10.6 ±  0.4 ms - Find child
 14.0 ±  0.4 ms - Add child
103.0 ±  1.1 ms - Hash
146.8 ± 52.7 ms - Map
 42.8 ±  0.7 ms - getState
0.0581021
0.0629373
0.094449
832.6 ±  0.0 ms - Total time
634.7 ±  0.0 ms - Build f time
 67.3 ± 17.0 ms - Apply f time
599.1 ±  5.1 ms - Real f time 
164.3 ±  7.9 ms - Add time
 13.0 ±  0.4 ms - Find child
 17.6 ±  0.5 ms - Add child
118.5 ±  1.2 ms - Hash
155.0 ± 52.6 ms - Map
 51.7 ±  0.7 ms - getState
0.0649262
0.0713201
0.110969
943.6 ±  0.0 ms - Total time
699.6 ±  0.0 ms - Build f time
 77.8 ± 17.0 ms - Apply f time
668.0 ±  5.4 ms - Real f time 
189.2 ±  7.9 ms - Add time
 16.0 ±  0.5 ms - Find child
 21.9 ±  0.5 ms - Add child
135.8 ±  1.2 ms - Hash
166.8 ± 52.7 ms - Map
 62.6 ±  0.8 ms - getState
0.056217
0.0618071
0.0978078
1041.4 ±  0.0 ms - Total time
755.9 ±  0.0 ms - Build f time
 87.6 ± 17.0 ms - Apply f time
726.3 ±  5.6 ms - Real f time 
209.5 ±  8.0 ms - Add time
 18.8 ±  0.5 ms - Find child
 25.5 ±  0.6 ms - Add child
151.0 ±  1.3 ms - Hash
178.7 ± 52.6 ms - Map
 72.0 ±  0.8 ms - getState
Dag sizes: 40637 75665 88692 40637 75665 88692 74759 
brutePieces time: 0.629114
122.1 ±  0.0 ms - Piece loop time
 55.9 ± 35.9 ms - Set time
 91.3 ±  1.6 ms - Child looking time
Nodes:  484747
Pieces: 96213
makePieces time: 0.123449
Memory: 4.1 + 22.9 + 15.5 + 37.1 + 6.7 MB
 25.4 ±  1.7 ms - Greedy fill time
composePieces time: 0.967279
                                                                                