Running only task # 4
Using max depth 23
 |                                        | 0 / 416 (0.0%)Function count: 142
0.0380076
0.0410041
0.0477203
0.0509817
0.0286254
0.0311303
0.0413115
0.0441668
0.051941
0.0551718
0.0302832
0.0330755
0.0594762
0.0635136
 33.4 ±  0.0 ms - Piece loop time
 41.4 ± 36.2 ms - Set time
 27.5 ±  1.2 ms - Child looking time
0.0382054
0.0410923
0.0631355
382.4 ±  0.0 ms - Total time
335.6 ±  0.0 ms - Build f time
 12.9 ±  0.4 ms - Apply f time
280.3 ±  2.4 ms - Real f time 
 74.9 ±  6.3 ms - Add time
  2.2 ±  0.2 ms - Find child
  3.1 ±  0.2 ms - Add child
 60.9 ±  0.8 ms - Hash
 73.0 ± 37.6 ms - Map
 13.4 ±  0.3 ms - getState
0.0489454
0.0522434
0.0837996
466.2 ±  0.0 ms - Total time
384.5 ±  0.0 ms - Build f time
 19.8 ±  0.5 ms - Apply f time
324.5 ±  2.5 ms - Real f time 
 91.7 ±  6.4 ms - Add time
  4.2 ±  0.2 ms - Find child
  5.4 ±  0.3 ms - Add child
 77.1 ±  0.9 ms - Hash
 83.3 ± 37.6 ms - Map
 21.1 ±  0.4 ms - getState
0.0292875
0.0319139
0.0498314
516.1 ±  0.0 ms - Total time
413.8 ±  0.0 ms - Build f time
 24.3 ±  0.5 ms - Apply f time
352.0 ±  2.6 ms - Real f time 
102.1 ±  6.4 ms - Add time
  5.8 ±  0.3 ms - Find child
  7.4 ±  0.3 ms - Add child
 85.6 ±  1.0 ms - Hash
 90.4 ± 37.6 ms - Map
 25.7 ±  0.5 ms - getState
0.0392743
0.0421476
0.0634409
579.6 ±  0.0 ms - Total time
453.1 ±  0.0 ms - Build f time
 29.5 ±  0.6 ms - Apply f time
388.5 ±  2.7 ms - Real f time 
118.6 ±  7.1 ms - Add time
  7.3 ±  0.3 ms - Find child
  9.6 ±  0.4 ms - Add child
 97.0 ±  1.0 ms - Hash
100.1 ± 37.7 ms - Map
 31.6 ±  0.9 ms - getState
0.0492824
0.0527433
0.085157
664.8 ±  0.0 ms - Total time
502.4 ±  0.0 ms - Build f time
 36.6 ±  0.7 ms - Apply f time
432.3 ±  2.9 ms - Real f time 
136.1 ±  7.1 ms - Add time
  9.2 ±  0.3 ms - Find child
 12.6 ±  0.4 ms - Add child
113.0 ±  1.1 ms - Hash
112.3 ± 37.7 ms - Map
 39.7 ±  0.9 ms - getState
0.035201
0.037725
0.0562879
721.1 ±  0.0 ms - Total time
537.6 ±  0.0 ms - Build f time
 41.8 ±  0.8 ms - Apply f time
466.2 ±  3.0 ms - Real f time 
148.3 ±  7.1 ms - Add time
 10.5 ±  0.4 ms - Find child
 14.5 ±  0.4 ms - Add child
123.7 ±  1.8 ms - Hash
120.5 ± 37.7 ms - Map
 44.4 ±  1.0 ms - getState
0.0612894
0.0654805
0.106471
827.6 ±  0.0 ms - Total time
598.8 ±  0.0 ms - Build f time
 49.8 ±  0.8 ms - Apply f time
520.2 ±  3.4 ms - Real f time 
170.1 ±  7.2 ms - Add time
 12.6 ±  0.4 ms - Find child
 17.5 ±  0.5 ms - Add child
144.3 ±  1.9 ms - Hash
133.6 ± 37.7 ms - Map
 54.7 ±  1.0 ms - getState
Dag sizes: 49125 60974 42691 49134 60983 42707 70539 
brutePieces time: 0.51318
 87.2 ±  0.0 ms - Piece loop time
 54.8 ± 35.9 ms - Set time
 65.0 ±  1.4 ms - Child looking time
Nodes:  376153
Pieces: 66963
makePieces time: 0.0882453
Memory: 3.5 + 16.7 + 12.0 + 35.4 + 4.6 MB
 53.0 ±  4.2 ms - Greedy fill time
composePieces time: 1.4168
                                                                                