Running only task # 257
Using max depth 3
 |                                        | 0 / 416 (0.0%)Function count: 142
0.343874
0.389263
0.431817
0.484939
0.236728
0.265692
0.571522
0.658576
 20.1 ±  0.0 ms - Piece loop time
 50.3 ± 45.3 ms - Set time
 15.3 ±  0.8 ms - Child looking time
0.348788
0.392368
0.7872
2585.8 ±  0.0 ms - Total time
1932.7 ±  0.0 ms - Build f time
123.2 ±  4.9 ms - Apply f time
1465.2 ± 24.1 ms - Real f time 
512.9 ± 15.5 ms - Add time
  7.3 ±  0.5 ms - Find child
 10.6 ±  0.5 ms - Add child
489.8 ±  7.7 ms - Hash
110.7 ± 41.7 ms - Map
157.2 ±  2.3 ms - getState
0.435553
0.488805
0.977303
3563.2 ±  0.0 ms - Total time
2368.3 ±  0.0 ms - Build f time
176.9 ±  5.0 ms - Apply f time
1829.0 ± 25.7 ms - Real f time 
834.7 ± 54.0 ms - Add time
 12.8 ±  0.6 ms - Find child
 18.8 ±  0.6 ms - Add child
729.1 ±  8.1 ms - Hash
141.3 ± 41.8 ms - Map
280.0 ±  7.4 ms - getState
0.235
0.263457
0.526241
4089.4 ±  0.0 ms - Total time
2603.3 ±  0.0 ms - Build f time
212.4 ±  5.2 ms - Apply f time
2019.4 ± 25.9 ms - Real f time 
974.2 ± 54.1 ms - Add time
 17.9 ±  0.6 ms - Find child
 26.2 ±  0.7 ms - Add child
852.5 ±  8.3 ms - Hash
169.8 ± 41.9 ms - Map
341.0 ±  7.5 ms - getState
0.574966
0.662564
1.27076
5360.2 ±  0.0 ms - Total time
3178.2 ±  0.0 ms - Build f time
291.2 ±  5.7 ms - Apply f time
2493.3 ± 28.8 ms - Real f time 
1324.2 ± 55.7 ms - Add time
 24.5 ±  0.7 ms - Find child
 36.3 ±  0.7 ms - Add child
1136.2 ±  8.8 ms - Hash
212.9 ± 41.9 ms - Map
495.0 ±  7.7 ms - getState
Dag sizes: 184316 165379 173857 225820 
brutePieces time: 3.5631
 71.3 ±  0.0 ms - Piece loop time
 70.7 ± 37.8 ms - Set time
 46.9 ±  1.0 ms - Child looking time
Nodes:  749372
Pieces: 146188
makePieces time: 0.0720465
Memory: 52.7 + 24.8 + 24.0 + 28.8 + 6.0 MB
149.0 ±  0.0 ms - Greedy fill time
composePieces time: 2.10853
                                                                                