Running only task # 233
Using max depth 23
 |                                        | 0 / 416 (0.0%)Function count: 142
0.0205379
0.0218898
0.0219195
0.0232066
0.0203912
0.0217054
0.0223977
0.0237967
0.0278997
0.0296126
 20.7 ±  0.0 ms - Piece loop time
 40.1 ± 37.6 ms - Set time
 17.1 ±  0.9 ms - Child looking time
0.0213902
0.0226754
0.0291643
149.5 ±  0.0 ms - Total time
134.5 ±  0.0 ms - Build f time
  5.1 ±  0.2 ms - Apply f time
123.3 ±  2.3 ms - Real f time 
 27.4 ±  3.9 ms - Add time
  1.2 ±  0.1 ms - Find child
  1.7 ±  0.1 ms - Add child
 22.6 ±  0.5 ms - Hash
 87.8 ± 53.0 ms - Map
  4.5 ±  0.2 ms - getState
0.0222435
0.023581
0.0317851
181.3 ±  0.0 ms - Total time
156.8 ±  0.0 ms - Build f time
  7.5 ±  0.3 ms - Apply f time
144.6 ±  2.3 ms - Real f time 
 33.4 ±  3.9 ms - Add time
  2.0 ±  0.2 ms - Find child
  2.6 ±  0.2 ms - Add child
 28.6 ±  0.6 ms - Hash
 91.2 ± 52.9 ms - Map
  7.0 ±  0.3 ms - getState
0.0210416
0.0223974
0.029882
211.2 ±  0.0 ms - Total time
177.8 ±  0.0 ms - Build f time
 10.0 ±  0.3 ms - Apply f time
165.8 ±  2.4 ms - Real f time 
 38.6 ±  3.9 ms - Add time
  2.7 ±  0.2 ms - Find child
  3.8 ±  0.2 ms - Add child
 34.0 ±  0.6 ms - Hash
 95.2 ± 52.9 ms - Map
  9.4 ±  0.3 ms - getState
0.023167
0.024529
0.0332701
244.5 ±  0.0 ms - Total time
201.0 ±  0.0 ms - Build f time
 12.8 ±  0.4 ms - Apply f time
187.6 ±  2.5 ms - Real f time 
 45.2 ±  3.9 ms - Add time
  3.5 ±  0.2 ms - Find child
  4.9 ±  0.2 ms - Add child
 40.3 ±  0.7 ms - Hash
 98.9 ± 52.9 ms - Map
 11.6 ±  0.3 ms - getState
0.0277063
0.0294005
0.0414929
286.0 ±  0.0 ms - Total time
228.7 ±  0.0 ms - Build f time
 16.2 ±  0.5 ms - Apply f time
214.0 ±  2.7 ms - Real f time 
 53.7 ±  3.9 ms - Add time
  4.5 ±  0.2 ms - Find child
  6.3 ±  0.3 ms - Add child
 48.2 ±  0.7 ms - Hash
103.9 ± 52.8 ms - Map
 15.0 ±  0.4 ms - getState
Dag sizes: 20400 21717 20408 21697 28022 
brutePieces time: 0.169712
 37.7 ±  0.0 ms - Piece loop time
 41.9 ± 35.9 ms - Set time
 29.5 ±  0.9 ms - Child looking time
Nodes:  112244
Pieces: 29030
makePieces time: 0.038545
Memory: 0.8 + 6.8 + 3.6 + 22.8 + 1.7 MB
  1.6 ±  0.0 ms - Greedy fill time
composePieces time: 0.114892
                                                                                