Running only task # 305
Using max depth 33
 |                                        | 0 / 416 (0.0%)Function count: 142
0.00751424
0.00794182
0.0081753
0.00854405
0.00799181
0.00832036
0.00880789
0.00921756
0.00640228
0.0066639
0.00977173
0.0102013
0.00824739
0.0086225
0.0121612
0.0128619
0.00841687
0.00882863
0.00924153
0.00967833
0.00749338
0.00778628
0.00857806
0.00896036
0.00799025
0.00831511
0.00842208
0.00878584
0.00635293
0.00661121
0.0102825
0.0107305
0.00849174
0.00887768
0.0117892
0.0124019
0.00889359
0.00926038
0.0089417
0.0093699
0.00785403
0.0082033
133.6 ±  0.0 ms - Piece loop time
 49.1 ± 43.4 ms - Set time
121.3 ±  3.0 ms - Child looking time
0.00742268
0.0077237
0.0081528
198.6 ±  0.0 ms - Total time
189.2 ±  0.0 ms - Build f time
  3.4 ±  0.3 ms - Apply f time
187.9 ±  1.5 ms - Real f time 
 29.6 ±  0.8 ms - Add time
  0.8 ±  0.1 ms - Find child
  1.1 ±  0.1 ms - Add child
 35.9 ±  0.7 ms - Hash
 63.6 ± 37.0 ms - Map
  4.2 ±  0.2 ms - getState
0.00835769
0.00868661
0.00918321
207.8 ±  0.0 ms - Total time
197.6 ±  0.0 ms - Build f time
  3.7 ±  0.3 ms - Apply f time
195.9 ±  1.6 ms - Real f time 
 31.0 ±  0.8 ms - Add time
  1.0 ±  0.1 ms - Find child
  1.2 ±  0.1 ms - Add child
 37.7 ±  0.7 ms - Hash
 64.8 ± 37.0 ms - Map
  4.5 ±  0.2 ms - getState
0.00801546
0.00831339
0.00880085
216.6 ±  0.0 ms - Total time
205.6 ±  0.0 ms - Build f time
  4.0 ±  0.3 ms - Apply f time
204.2 ±  1.6 ms - Real f time 
 32.3 ±  0.8 ms - Add time
  1.1 ±  0.1 ms - Find child
  1.3 ±  0.1 ms - Add child
 39.5 ±  0.7 ms - Hash
 65.9 ± 37.0 ms - Map
  4.7 ±  0.2 ms - getState
0.00829572
0.00861845
0.00919709
225.8 ±  0.0 ms - Total time
213.9 ±  0.0 ms - Build f time
  4.4 ±  0.3 ms - Apply f time
213.0 ±  1.6 ms - Real f time 
 33.9 ±  0.8 ms - Add time
  1.2 ±  0.1 ms - Find child
  1.4 ±  0.1 ms - Add child
 41.3 ±  0.8 ms - Hash
 67.1 ± 37.0 ms - Map
  4.9 ±  0.2 ms - getState
0.00679768
0.00710173
0.00760227
233.4 ±  0.0 ms - Total time
220.7 ±  0.0 ms - Build f time
  4.7 ±  0.3 ms - Apply f time
219.6 ±  1.6 ms - Real f time 
 35.1 ±  0.8 ms - Add time
  1.4 ±  0.1 ms - Find child
  1.6 ±  0.1 ms - Add child
 42.9 ±  0.8 ms - Hash
 68.0 ± 37.1 ms - Map
  5.1 ±  0.2 ms - getState
0.00998319
0.0104076
0.0111134
244.6 ±  0.0 ms - Total time
230.7 ±  0.0 ms - Build f time
  5.1 ±  0.3 ms - Apply f time
229.4 ±  1.7 ms - Real f time 
 36.8 ±  0.8 ms - Add time
  1.5 ±  0.1 ms - Find child
  1.7 ±  0.1 ms - Add child
 44.9 ±  0.8 ms - Hash
 69.6 ± 37.0 ms - Map
  5.5 ±  0.2 ms - getState
0.00812256
0.00845758
0.00896236
253.5 ±  0.0 ms - Total time
238.8 ±  0.0 ms - Build f time
  5.5 ±  0.3 ms - Apply f time
237.7 ±  1.7 ms - Real f time 
 38.4 ±  0.9 ms - Add time
  1.7 ±  0.1 ms - Find child
  1.8 ±  0.2 ms - Add child
 46.4 ±  0.8 ms - Hash
 70.9 ± 37.0 ms - Map
  5.7 ±  0.2 ms - getState
0.011963
0.0125587
0.0134422
267.0 ±  0.0 ms - Total time
250.8 ±  0.0 ms - Build f time
  5.9 ±  0.3 ms - Apply f time
250.0 ±  1.7 ms - Real f time 
 40.6 ±  0.9 ms - Add time
  1.9 ±  0.2 ms - Find child
  2.0 ±  0.2 ms - Add child
 48.9 ±  0.8 ms - Hash
 72.9 ± 37.0 ms - Map
  6.2 ±  0.2 ms - getState
0.00864063
0.00903234
0.0096273
276.6 ±  0.0 ms - Total time
259.4 ±  0.0 ms - Build f time
  6.1 ±  0.3 ms - Apply f time
259.4 ±  2.1 ms - Real f time 
 42.2 ±  0.9 ms - Add time
  2.1 ±  0.2 ms - Find child
  2.1 ±  0.2 ms - Add child
 50.6 ±  0.8 ms - Hash
 74.3 ± 37.1 ms - Map
  6.5 ±  0.3 ms - getState
0.00896459
0.00936072
0.0100922
286.7 ±  0.0 ms - Total time
268.4 ±  0.0 ms - Build f time
  6.5 ±  0.3 ms - Apply f time
268.3 ±  2.1 ms - Real f time 
 43.6 ±  0.9 ms - Add time
  2.3 ±  0.2 ms - Find child
  2.3 ±  0.2 ms - Add child
 52.7 ±  0.8 ms - Hash
 75.5 ± 37.1 ms - Map
  6.9 ±  0.3 ms - getState
0.0081737
0.00847232
0.0089901
295.7 ±  0.0 ms - Total time
276.5 ±  0.0 ms - Build f time
  6.8 ±  0.3 ms - Apply f time
276.2 ±  2.2 ms - Real f time 
 45.3 ±  0.9 ms - Add time
  2.4 ±  0.2 ms - Find child
  2.5 ±  0.2 ms - Add child
 54.6 ±  0.9 ms - Hash
 76.9 ± 37.1 ms - Map
  7.1 ±  0.3 ms - getState
0.00908845
0.0095045
0.0101839
305.9 ±  0.0 ms - Total time
285.6 ±  0.0 ms - Build f time
  7.0 ±  0.3 ms - Apply f time
285.4 ±  2.2 ms - Real f time 
 46.5 ±  1.0 ms - Add time
  2.5 ±  0.2 ms - Find child
  2.7 ±  0.2 ms - Add child
 56.3 ±  0.9 ms - Hash
 78.3 ± 37.1 ms - Map
  7.4 ±  0.3 ms - getState
0.00856612
0.00887046
0.00938388
315.3 ±  0.0 ms - Total time
294.2 ±  0.0 ms - Build f time
  7.3 ±  0.3 ms - Apply f time
294.3 ±  2.3 ms - Real f time 
 48.4 ±  1.0 ms - Add time
  2.6 ±  0.2 ms - Find child
  2.8 ±  0.2 ms - Add child
 58.0 ±  0.9 ms - Hash
 79.6 ± 37.1 ms - Map
  7.7 ±  0.3 ms - getState
0.00863515
0.00899922
0.00956666
324.9 ±  0.0 ms - Total time
302.8 ±  0.0 ms - Build f time
  7.7 ±  0.4 ms - Apply f time
302.9 ±  2.3 ms - Real f time 
 49.7 ±  1.0 ms - Add time
  2.8 ±  0.2 ms - Find child
  3.0 ±  0.2 ms - Add child
 59.8 ±  0.9 ms - Hash
 80.9 ± 37.1 ms - Map
  8.1 ±  0.3 ms - getState
0.00666437
0.00691313
0.00735644
332.3 ±  0.0 ms - Total time
309.5 ±  0.0 ms - Build f time
  8.2 ±  0.4 ms - Apply f time
309.8 ±  2.3 ms - Real f time 
 50.9 ±  1.0 ms - Add time
  2.9 ±  0.2 ms - Find child
  3.1 ±  0.2 ms - Add child
 61.1 ±  0.9 ms - Hash
 81.9 ± 37.1 ms - Map
  8.4 ±  0.3 ms - getState
0.0103423
0.0107784
0.0114872
343.8 ±  0.0 ms - Total time
319.8 ±  0.0 ms - Build f time
  8.5 ±  0.4 ms - Apply f time
320.5 ±  2.3 ms - Real f time 
 53.1 ±  1.0 ms - Add time
  3.0 ±  0.2 ms - Find child
  3.3 ±  0.2 ms - Add child
 63.5 ±  0.9 ms - Hash
 83.6 ± 37.1 ms - Map
  8.7 ±  0.3 ms - getState
0.00842188
0.00876269
0.00929947
353.1 ±  0.0 ms - Total time
328.3 ±  0.0 ms - Build f time
  8.8 ±  0.4 ms - Apply f time
329.2 ±  2.4 ms - Real f time 
 54.8 ±  1.0 ms - Add time
  3.2 ±  0.2 ms - Find child
  3.6 ±  0.2 ms - Add child
 65.2 ±  0.9 ms - Hash
 85.1 ± 37.1 ms - Map
  9.0 ±  0.3 ms - getState
0.0119333
0.0124867
0.0132383
366.3 ±  0.0 ms - Total time
340.2 ±  0.0 ms - Build f time
  9.3 ±  0.4 ms - Apply f time
341.2 ±  2.4 ms - Real f time 
 56.9 ±  1.1 ms - Add time
  3.4 ±  0.2 ms - Find child
  3.9 ±  0.2 ms - Add child
 67.5 ±  0.9 ms - Hash
 86.8 ± 37.1 ms - Map
  9.4 ±  0.3 ms - getState
0.00878239
0.00916429
0.00975843
376.1 ±  0.0 ms - Total time
349.0 ±  0.0 ms - Build f time
  9.7 ±  0.4 ms - Apply f time
350.1 ±  2.4 ms - Real f time 
 58.3 ±  1.1 ms - Add time
  3.6 ±  0.2 ms - Find child
  4.0 ±  0.2 ms - Add child
 69.5 ±  1.0 ms - Hash
 88.1 ± 37.1 ms - Map
  9.7 ±  0.3 ms - getState
0.0089248
0.00930126
0.0100091
386.1 ±  0.0 ms - Total time
357.9 ±  0.0 ms - Build f time
 10.0 ±  0.4 ms - Apply f time
358.6 ±  2.4 ms - Real f time 
 60.0 ±  1.1 ms - Add time
  3.7 ±  0.2 ms - Find child
  4.2 ±  0.2 ms - Add child
 71.3 ±  1.0 ms - Hash
 89.4 ± 37.1 ms - Map
 10.0 ±  0.3 ms - getState
0.00786638
0.00816516
0.00863184
394.8 ±  0.0 ms - Total time
365.8 ±  0.0 ms - Build f time
 10.3 ±  0.4 ms - Apply f time
366.6 ±  2.5 ms - Real f time 
 61.7 ±  1.1 ms - Add time
  3.8 ±  0.2 ms - Find child
  4.4 ±  0.2 ms - Add child
 72.9 ±  1.0 ms - Hash
 90.4 ± 37.1 ms - Map
 10.2 ±  0.3 ms - getState
Dag sizes: 3334 3792 3657 3913 3018 4574 3776 5546 3963 4461 3440 3940 3657 3913 3018 4691 3844 5519 4024 4506 3425 
brutePieces time: 0.21912
166.3 ±  0.0 ms - Piece loop time
 43.8 ± 36.5 ms - Set time
151.3 ±  3.0 ms - Child looking time
Nodes:  84011
Pieces: 14085
makePieces time: 0.167333
Memory: 0.4 + 13.7 + 2.7 + 89.4 + 4.9 MB
  0.8 ±  0.0 ms - Greedy fill time
composePieces time: 0.101814
                                                                                