Running only task # 270
Using max depth 3
 |                                        | 0 / 416 (0.0%)Function count: 142
0.135432
0.15517
0.143927
0.165005
0.130311
0.147555
0.134317
0.154712
0.120792
0.139373
0.136586
0.157754
 57.7 ±  0.0 ms - Piece loop time
 48.9 ± 38.8 ms - Set time
 43.9 ±  1.4 ms - Child looking time
0.134192
0.154035
0.260984
1180.8 ±  0.0 ms - Total time
935.6 ±  0.0 ms - Build f time
 71.2 ±  1.1 ms - Apply f time
815.9 ±  6.7 ms - Real f time 
238.7 ±  2.3 ms - Add time
 12.0 ±  0.4 ms - Find child
 16.4 ±  0.5 ms - Add child
141.8 ±  1.3 ms - Hash
167.1 ± 52.7 ms - Map
 67.1 ±  0.8 ms - getState
0.143633
0.164701
0.274462
1455.3 ±  0.0 ms - Total time
1079.2 ±  0.0 ms - Build f time
102.3 ±  1.3 ms - Apply f time
957.4 ±  6.9 ms - Real f time 
305.3 ±  3.1 ms - Add time
 21.2 ±  0.5 ms - Find child
 28.9 ±  0.6 ms - Add child
182.1 ±  1.4 ms - Hash
203.9 ± 52.6 ms - Map
 99.1 ±  1.0 ms - getState
0.129907
0.147223
0.258108
1713.4 ±  0.0 ms - Total time
1209.1 ±  0.0 ms - Build f time
131.1 ±  1.4 ms - Apply f time
1082.4 ±  7.1 ms - Real f time 
364.9 ±  3.3 ms - Add time
 29.9 ±  0.6 ms - Find child
 40.5 ±  0.7 ms - Add child
219.3 ±  1.6 ms - Hash
241.1 ± 52.6 ms - Map
128.7 ±  1.1 ms - getState
0.13831
0.159799
0.271415
1984.9 ±  0.0 ms - Total time
1347.4 ±  0.0 ms - Build f time
160.1 ±  1.6 ms - Apply f time
1215.2 ±  7.6 ms - Real f time 
428.5 ±  4.1 ms - Add time
 40.8 ±  2.7 ms - Find child
 52.5 ±  0.8 ms - Add child
257.5 ±  1.7 ms - Hash
283.4 ± 52.5 ms - Map
164.4 ±  3.8 ms - getState
0.138531
0.157923
0.264388
2249.4 ±  0.0 ms - Total time
1485.9 ±  0.0 ms - Build f time
187.4 ±  1.7 ms - Apply f time
1347.1 ±  7.8 ms - Real f time 
495.3 ±  7.9 ms - Add time
 49.7 ±  2.7 ms - Find child
 63.6 ±  0.9 ms - Add child
296.4 ±  2.0 ms - Hash
327.4 ± 52.5 ms - Map
193.2 ±  3.8 ms - getState
0.152429
0.173843
0.300109
2549.5 ±  0.0 ms - Total time
1638.4 ±  0.0 ms - Build f time
218.7 ±  1.8 ms - Apply f time
1491.0 ±  8.0 ms - Real f time 
564.3 ±  8.3 ms - Add time
 59.2 ±  2.8 ms - Find child
 77.2 ±  1.6 ms - Add child
338.3 ±  2.1 ms - Hash
383.7 ± 52.7 ms - Map
228.4 ±  4.3 ms - getState
Dag sizes: 223664 228851 207846 209441 207507 235090 
brutePieces time: 1.63472
253.9 ±  0.0 ms - Piece loop time
124.8 ± 48.7 ms - Set time
165.4 ±  2.0 ms - Child looking time
Nodes:  1312399
Pieces: 115441
makePieces time: 0.2556
Memory: 11.3 + 60.7 + 42.0 + 46.2 + 13.2 MB
  5.5 ±  0.8 ms - Greedy fill time
composePieces time: 1.02153
                                                                                