Running only task # 98
Using max depth 3
 |                                        | 0 / 416 (0.0%)Function count: 142
0.0701285
0.0757453
0.0991279
0.107883
0.0861236
0.0927907
0.112346
0.122854
 27.8 ±  0.0 ms - Piece loop time
 41.4 ± 35.3 ms - Set time
 20.8 ±  0.9 ms - Child looking time
0.0773179
0.0820174
0.171413
570.8 ±  0.0 ms - Total time
445.0 ±  0.0 ms - Build f time
 29.4 ±  0.6 ms - Apply f time
364.0 ±  3.5 ms - Real f time 
116.2 ±  1.7 ms - Add time
  6.2 ±  0.3 ms - Find child
  8.4 ±  0.3 ms - Add child
 90.9 ±  3.0 ms - Hash
 94.5 ± 38.4 ms - Map
 32.5 ±  0.8 ms - getState
0.101543
0.115044
0.282201
853.1 ±  0.0 ms - Total time
546.6 ±  0.0 ms - Build f time
 66.2 ±  0.9 ms - Apply f time
469.2 ±  3.8 ms - Real f time 
195.3 ±  2.3 ms - Add time
 16.7 ±  0.5 ms - Find child
 21.6 ±  0.5 ms - Add child
141.7 ±  3.1 ms - Hash
128.0 ± 38.5 ms - Map
 71.8 ±  1.1 ms - getState
0.0883798
0.0952418
0.229592
1082.7 ±  0.0 ms - Total time
635.0 ±  0.0 ms - Build f time
 91.8 ±  1.2 ms - Apply f time
557.2 ±  4.1 ms - Real f time 
254.2 ±  2.6 ms - Add time
 24.1 ±  0.6 ms - Find child
 32.2 ±  0.6 ms - Add child
186.1 ±  3.1 ms - Hash
158.9 ± 38.5 ms - Map
102.7 ±  1.2 ms - getState
0.11503
0.124923
0.303608
1386.3 ±  0.0 ms - Total time
750.0 ±  0.0 ms - Build f time
125.3 ±  1.4 ms - Apply f time
672.5 ±  4.6 ms - Real f time 
335.1 ±  2.8 ms - Add time
 34.5 ±  1.2 ms - Find child
 45.8 ±  0.8 ms - Add child
242.5 ±  3.2 ms - Hash
239.8 ± 57.0 ms - Map
146.1 ±  1.3 ms - getState
Dag sizes: 143367 244421 205266 275794 
brutePieces time: 0.989351
117.0 ±  0.0 ms - Piece loop time
 66.1 ± 31.1 ms - Set time
 79.4 ±  1.2 ms - Child looking time
Nodes:  868848
Pieces: 213676
makePieces time: 0.118283
Memory: 9.6 + 31.9 + 27.8 + 30.7 + 8.3 MB
  4.3 ±  0.0 ms - Greedy fill time
composePieces time: 0.840661
                                                                                