Running only task # 204
Using max depth 33
 |                                        | 0 / 416 (0.0%)Function count: 142
0.0336899
0.0373582
0.0313996
0.0344464
0.0307823
0.0337677
0.0307815
0.0343846
0.030657
0.0336479
0.0303998
0.0333275
0.0274096
0.0297665
 20.6 ±  0.0 ms - Piece loop time
 51.5 ± 47.0 ms - Set time
 16.9 ±  1.1 ms - Child looking time
0.0327248
0.0359778
0.0475384
284.4 ±  0.0 ms - Total time
247.8 ±  0.0 ms - Build f time
 12.2 ±  0.4 ms - Apply f time
221.1 ±  1.8 ms - Real f time 
 60.7 ±  8.6 ms - Add time
  2.6 ±  0.2 ms - Find child
  3.2 ±  0.3 ms - Add child
 44.8 ±  1.3 ms - Hash
 67.1 ± 36.8 ms - Map
 10.8 ±  0.3 ms - getState
0.0324379
0.0351386
0.0454766
329.9 ±  0.0 ms - Total time
280.3 ±  0.0 ms - Build f time
 16.2 ±  0.4 ms - Apply f time
252.1 ±  1.9 ms - Real f time 
 69.2 ±  8.6 ms - Add time
  3.9 ±  0.2 ms - Find child
  4.8 ±  0.4 ms - Add child
 52.5 ±  1.3 ms - Hash
 72.7 ± 36.8 ms - Map
 13.7 ±  0.3 ms - getState
0.0314904
0.0343809
0.0457105
375.7 ±  0.0 ms - Total time
311.8 ±  0.0 ms - Build f time
 20.7 ±  0.5 ms - Apply f time
282.4 ±  2.0 ms - Real f time 
 77.9 ±  8.6 ms - Add time
  5.1 ±  0.3 ms - Find child
  6.5 ±  0.4 ms - Add child
 61.0 ±  1.3 ms - Hash
 78.8 ± 36.8 ms - Map
 17.4 ±  0.4 ms - getState
0.0329504
0.0361361
0.0485979
424.3 ±  0.0 ms - Total time
344.7 ±  0.0 ms - Build f time
 25.4 ±  0.5 ms - Apply f time
314.7 ±  2.2 ms - Real f time 
 91.0 ±  9.3 ms - Add time
  6.7 ±  0.3 ms - Find child
 10.3 ±  1.8 ms - Add child
 69.0 ±  1.4 ms - Hash
 85.8 ± 36.8 ms - Map
 21.9 ±  0.7 ms - getState
0.0319662
0.034829
0.0457942
470.1 ±  0.0 ms - Total time
376.7 ±  0.0 ms - Build f time
 29.4 ±  0.6 ms - Apply f time
346.1 ±  2.8 ms - Real f time 
 99.9 ±  9.3 ms - Add time
  8.1 ±  0.3 ms - Find child
 12.0 ±  1.8 ms - Add child
 76.4 ±  1.4 ms - Hash
 91.7 ± 36.8 ms - Map
 25.5 ±  0.8 ms - getState
0.0326868
0.0356188
0.0470349
517.2 ±  0.0 ms - Total time
409.4 ±  0.0 ms - Build f time
 33.7 ±  0.6 ms - Apply f time
376.9 ±  2.9 ms - Real f time 
109.6 ±  9.4 ms - Add time
  9.5 ±  0.4 ms - Find child
 14.0 ±  1.8 ms - Add child
 84.4 ±  1.4 ms - Hash
 98.0 ± 36.8 ms - Map
 28.7 ±  0.8 ms - getState
0.0293268
0.0316225
0.0408017
558.0 ±  0.0 ms - Total time
438.7 ±  0.0 ms - Build f time
 36.9 ±  0.6 ms - Apply f time
406.1 ±  3.0 ms - Real f time 
125.5 ± 12.3 ms - Add time
 10.7 ±  0.4 ms - Find child
 15.6 ±  1.8 ms - Add child
 93.2 ±  2.1 ms - Hash
103.1 ± 36.8 ms - Map
 31.2 ±  0.8 ms - getState
Dag sizes: 34441 29631 31785 35167 29773 31906 26707 
brutePieces time: 0.326142
 46.8 ±  0.0 ms - Piece loop time
 48.0 ± 40.7 ms - Set time
 36.2 ±  1.2 ms - Child looking time
Nodes:  219410
Pieces: 7202
makePieces time: 0.0477148
Memory: 1.5 + 14.1 + 7.0 + 32.9 + 2.2 MB
  0.8 ±  0.0 ms - Greedy fill time
composePieces time: 0.0500409
                                                                                