Running only task # 147
Using max depth 33
 |                                        | 0 / 416 (0.0%)Function count: 142
0.228758
0.260017
0.193728
0.216015
0.199698
0.222092
0.233421
0.263638
0.195213
0.216613
0.199964
0.221811
0.222714
0.250901
 86.8 ±  0.0 ms - Piece loop time
 37.5 ± 17.4 ms - Set time
 62.2 ±  2.0 ms - Child looking time
0.225297
0.255085
0.368658
2020.1 ±  0.0 ms - Total time
1698.8 ±  0.0 ms - Build f time
 83.5 ±  1.3 ms - Apply f time
1298.4 ± 19.0 ms - Real f time 
398.8 ± 15.8 ms - Add time
  9.6 ±  0.3 ms - Find child
 13.0 ±  0.4 ms - Add child
295.0 ±  2.0 ms - Hash
193.9 ± 40.9 ms - Map
104.9 ±  1.2 ms - getState
0.19696
0.217978
0.307422
2327.6 ±  0.0 ms - Total time
1895.7 ±  0.0 ms - Build f time
102.9 ±  1.5 ms - Apply f time
1455.6 ± 19.2 ms - Real f time 
465.3 ± 16.7 ms - Add time
 15.0 ±  0.4 ms - Find child
 19.2 ±  0.5 ms - Add child
346.5 ±  2.1 ms - Hash
229.6 ± 40.9 ms - Map
140.7 ±  1.3 ms - getState
0.198654
0.225929
0.320161
2647.8 ±  0.0 ms - Total time
2094.4 ±  0.0 ms - Build f time
125.1 ±  1.6 ms - Apply f time
1616.2 ± 19.7 ms - Real f time 
528.7 ± 16.7 ms - Add time
 21.8 ±  1.5 ms - Find child
 26.8 ±  0.6 ms - Add child
399.8 ±  2.3 ms - Hash
263.3 ± 40.8 ms - Map
181.5 ±  1.6 ms - getState
0.226755
0.256841
0.372044
3019.9 ±  0.0 ms - Total time
2321.2 ±  0.0 ms - Build f time
150.4 ±  1.7 ms - Apply f time
1807.2 ± 20.7 ms - Real f time 
608.7 ± 16.8 ms - Add time
 29.2 ±  1.8 ms - Find child
 35.2 ±  0.7 ms - Add child
458.2 ±  2.4 ms - Hash
301.9 ± 40.8 ms - Map
229.1 ±  1.8 ms - getState
0.199582
0.221773
0.348734
3368.7 ±  0.0 ms - Total time
2520.7 ±  0.0 ms - Build f time
177.0 ±  1.9 ms - Apply f time
1974.5 ± 20.9 ms - Real f time 
678.7 ± 16.8 ms - Add time
 35.4 ±  1.9 ms - Find child
 44.0 ±  0.7 ms - Add child
512.8 ±  2.6 ms - Hash
342.4 ± 40.8 ms - Map
279.2 ±  2.0 ms - getState
0.201337
0.22385
0.321696
3690.4 ±  0.0 ms - Total time
2722.1 ±  0.0 ms - Build f time
198.3 ±  1.9 ms - Apply f time
2137.3 ± 21.1 ms - Real f time 
745.2 ± 16.9 ms - Add time
 40.9 ±  1.9 ms - Find child
 51.6 ±  0.8 ms - Add child
573.9 ±  7.6 ms - Hash
385.7 ± 41.5 ms - Map
318.3 ±  2.2 ms - getState
0.226016
0.25354
0.364051
4054.5 ±  0.0 ms - Total time
2948.1 ±  0.0 ms - Build f time
222.6 ±  2.0 ms - Apply f time
2339.8 ± 24.3 ms - Real f time 
818.1 ± 16.9 ms - Add time
 47.0 ±  1.9 ms - Find child
 59.5 ±  0.9 ms - Add child
631.9 ±  7.6 ms - Hash
422.7 ± 41.5 ms - Map
364.7 ±  2.3 ms - getState
Dag sizes: 161491 138626 148808 165134 140918 148551 155182 
brutePieces time: 2.40702
202.0 ±  0.0 ms - Piece loop time
 97.4 ± 50.9 ms - Set time
136.4 ±  2.4 ms - Child looking time
Nodes:  1058710
Pieces: 24923
makePieces time: 0.203614
Memory: 21.6 + 52.8 + 33.9 + 46.3 + 9.4 MB
  1.3 ±  0.1 ms - Greedy fill time
composePieces time: 0.190808
                                                                                