Running only task # 266
Using max depth 33
 |                                        | 0 / 416 (0.0%)Function count: 142
0.197938
0.212749
0.159039
0.173088
0.163988
0.178975
0.164488
0.178443
0.159308
0.173329
0.165596
0.179991
0.166246
0.181446
 51.8 ±  0.0 ms - Piece loop time
 48.5 ± 37.6 ms - Set time
 36.1 ±  1.3 ms - Child looking time
0.166236
0.1805
0.345325
1623.7 ±  0.0 ms - Total time
1342.8 ±  0.0 ms - Build f time
 55.7 ±  1.0 ms - Apply f time
1021.7 ±  9.0 ms - Real f time 
301.9 ±  9.7 ms - Add time
  7.4 ±  0.3 ms - Find child
 10.0 ±  0.4 ms - Add child
280.0 ±  1.7 ms - Hash
154.7 ± 40.4 ms - Map
 74.7 ±  1.0 ms - getState
0.159481
0.173494
0.338713
1962.5 ±  0.0 ms - Total time
1502.3 ±  0.0 ms - Build f time
 78.7 ±  1.1 ms - Apply f time
1154.0 ±  9.5 ms - Real f time 
381.9 ±  9.8 ms - Add time
 12.7 ±  0.4 ms - Find child
 16.5 ±  0.5 ms - Add child
351.4 ±  1.8 ms - Hash
191.6 ± 40.4 ms - Map
116.9 ±  1.2 ms - getState
0.163989
0.178457
0.353501
2316.0 ±  0.0 ms - Total time
1666.3 ±  0.0 ms - Build f time
103.1 ±  1.3 ms - Apply f time
1293.3 ± 10.0 ms - Real f time 
468.2 ±  9.9 ms - Add time
 18.1 ±  0.5 ms - Find child
 23.2 ±  0.6 ms - Add child
425.6 ±  2.0 ms - Hash
226.5 ± 40.4 ms - Map
158.8 ±  1.3 ms - getState
0.17402
0.188372
0.353042
2669.1 ±  0.0 ms - Total time
1840.3 ±  0.0 ms - Build f time
127.2 ±  1.6 ms - Apply f time
1435.5 ± 10.3 ms - Real f time 
550.1 ± 10.1 ms - Add time
 23.2 ±  0.5 ms - Find child
 29.5 ±  0.6 ms - Add child
500.1 ±  2.1 ms - Hash
260.1 ± 40.4 ms - Map
199.7 ±  1.4 ms - getState
0.160086
0.17393
0.340083
3009.2 ±  0.0 ms - Total time
2000.4 ±  0.0 ms - Build f time
149.6 ±  1.7 ms - Apply f time
1569.8 ± 10.5 ms - Real f time 
634.8 ± 10.2 ms - Add time
 27.8 ±  0.6 ms - Find child
 36.3 ±  0.7 ms - Add child
577.4 ±  4.2 ms - Hash
293.3 ± 40.4 ms - Map
239.5 ±  1.5 ms - getState
0.170874
0.185643
0.367756
3377.0 ±  0.0 ms - Total time
2171.3 ±  0.0 ms - Build f time
174.7 ±  1.8 ms - Apply f time
1718.3 ± 11.2 ms - Real f time 
727.2 ± 10.4 ms - Add time
 33.1 ±  0.6 ms - Find child
 43.7 ±  0.7 ms - Add child
654.0 ±  4.3 ms - Hash
333.6 ± 40.6 ms - Map
283.4 ±  1.6 ms - getState
0.174418
0.189885
0.377537
3754.6 ±  0.0 ms - Total time
2345.7 ±  0.0 ms - Build f time
200.4 ±  1.8 ms - Apply f time
1865.7 ± 11.5 ms - Real f time 
824.2 ± 11.4 ms - Add time
 38.4 ±  0.7 ms - Find child
 50.5 ±  0.8 ms - Add child
732.8 ±  4.4 ms - Hash
370.9 ± 40.6 ms - Map
329.2 ±  1.7 ms - getState
Dag sizes: 159461 167594 180956 163723 168955 186294 186971 
brutePieces time: 2.4819
189.2 ±  0.0 ms - Piece loop time
108.0 ± 51.6 ms - Set time
124.1 ±  2.1 ms - Child looking time
Nodes:  1213954
Pieces: 190219
makePieces time: 0.191326
Memory: 29.0 + 40.4 + 38.8 + 48.8 + 12.3 MB
103.9 ± 24.7 ms - Greedy fill time
composePieces time: 9.31758
                                                                                