Running only task # 299
Using max depth 4
 |                                        | 0 / 416 (0.0%)Function count: 142
0.0144823
0.0157388
0.0120376
0.0128932
0.0400276
0.0445778
0.0821284
0.0930061
 43.7 ±  0.0 ms - Piece loop time
 44.2 ± 38.1 ms - Set time
 35.8 ±  0.8 ms - Child looking time
0.614395
0.672155
1.02685
1193.2 ±  0.0 ms - Total time
763.1 ±  0.0 ms - Build f time
 97.7 ±  1.1 ms - Apply f time
735.3 ±  8.5 ms - Real f time 
243.7 ±  8.6 ms - Add time
 30.7 ±  1.4 ms - Find child
 42.0 ±  0.8 ms - Add child
178.7 ±  1.5 ms - Hash
214.9 ± 38.3 ms - Map
101.3 ±  1.8 ms - getState
0.361867
0.390157
0.513201
1706.4 ±  0.0 ms - Total time
1124.9 ±  0.0 ms - Build f time
138.5 ±  1.3 ms - Apply f time
1082.5 ±  9.0 ms - Real f time 
338.5 ±  8.7 ms - Add time
 45.2 ±  1.5 ms - Find child
 61.6 ±  1.0 ms - Add child
259.4 ±  1.8 ms - Hash
289.1 ± 38.4 ms - Map
139.0 ±  1.9 ms - getState
1.82823
2.02342
3.54704
5253.5 ±  0.0 ms - Total time
2953.2 ±  0.0 ms - Build f time
439.4 ±  2.7 ms - Apply f time
2830.7 ± 22.3 ms - Real f time 
1056.6 ±  9.8 ms - Add time
133.6 ±  2.0 ms - Find child
188.7 ±  1.8 ms - Add child
792.6 ±  6.6 ms - Hash
1013.1 ± 41.4 ms - Map
505.9 ±  3.2 ms - getState
4.09459
4.55961
8.46704
13720.6 ±  0.0 ms - Total time
7047.7 ±  0.0 ms - Build f time
1089.0 ±  4.1 ms - Apply f time
6563.9 ± 29.0 ms - Real f time 
2912.1 ± 25.7 ms - Add time
313.4 ±  4.2 ms - Find child
463.8 ±  8.9 ms - Add child
2026.9 ± 27.8 ms - Hash
2667.9 ± 47.2 ms - Map
1469.0 ±  5.6 ms - getState
Dag sizes: 765746 305685 2506787 5112972 
brutePieces time: 13.5568
5848.5 ±  0.0 ms - Piece loop time
1665.9 ± 36.2 ms - Set time
4084.6 ± 27.0 ms - Child looking time
Nodes:  8691190
Pieces: 4282234
makePieces time: 5.86223
Memory: 96.8 + 390.5 + 278.1 + 202.0 + 187.0 MB
 30.9 ±  0.0 ms - Greedy fill time
composePieces time: 7.03647
                                                                                