Running only task # 42
Using max depth 23
 |                                        | 0 / 416 (0.0%)Function count: 142
0.351313
0.386209
0.332526
0.367111
0.372576
0.414003
0.327615
0.360597
0.33602
0.371289
0.385057
0.427667
0.369058
0.410433
 45.8 ±  0.0 ms - Piece loop time
 57.6 ± 47.7 ms - Set time
 32.8 ±  1.5 ms - Child looking time
0.360183
0.393929
0.785545
3523.2 ±  0.0 ms - Total time
2834.3 ±  0.0 ms - Build f time
130.4 ±  2.2 ms - Apply f time
2212.6 ± 24.1 ms - Real f time 
687.7 ± 16.6 ms - Add time
 11.7 ±  0.6 ms - Find child
 14.0 ±  0.4 ms - Add child
588.6 ±  7.3 ms - Hash
201.1 ± 50.0 ms - Map
184.4 ±  2.0 ms - getState
0.35254
0.388908
0.794419
4317.7 ±  0.0 ms - Total time
3186.9 ±  0.0 ms - Build f time
179.6 ±  2.5 ms - Apply f time
2511.5 ± 24.9 ms - Real f time 
903.0 ± 16.9 ms - Add time
 19.2 ±  0.7 ms - Find child
 24.1 ±  0.5 ms - Add child
777.8 ± 19.3 ms - Hash
251.9 ± 49.9 ms - Map
300.1 ±  8.9 ms - getState
0.380584
0.423675
0.837074
5154.8 ±  0.0 ms - Total time
3567.5 ±  0.0 ms - Build f time
229.8 ±  2.7 ms - Apply f time
2843.1 ± 26.2 ms - Real f time 
1120.9 ± 17.2 ms - Add time
 26.6 ±  0.7 ms - Find child
 34.5 ±  0.7 ms - Add child
952.0 ± 19.3 ms - Hash
305.1 ± 49.9 ms - Map
408.9 ±  9.0 ms - getState
0.342831
0.375803
0.767855
5922.7 ±  0.0 ms - Total time
3910.3 ±  0.0 ms - Build f time
278.0 ±  2.9 ms - Apply f time
3127.2 ± 27.1 ms - Real f time 
1321.7 ± 17.4 ms - Add time
 34.3 ±  0.8 ms - Find child
 44.5 ±  0.8 ms - Add child
1126.8 ± 19.7 ms - Hash
353.5 ± 49.9 ms - Map
510.8 ±  9.1 ms - getState
0.347684
0.383761
0.782064
6704.8 ±  0.0 ms - Total time
4258.0 ±  0.0 ms - Build f time
325.7 ±  3.2 ms - Apply f time
3414.9 ± 27.9 ms - Real f time 
1529.1 ± 17.8 ms - Add time
 41.9 ±  0.9 ms - Find child
 54.4 ±  0.8 ms - Add child
1292.6 ± 19.7 ms - Hash
401.4 ± 49.8 ms - Map
614.9 ±  9.2 ms - getState
0.400917
0.442986
0.851929
7556.8 ±  0.0 ms - Total time
4658.9 ±  0.0 ms - Build f time
378.2 ±  3.4 ms - Apply f time
3753.6 ± 28.6 ms - Real f time 
1750.4 ± 18.5 ms - Add time
 49.1 ±  0.9 ms - Find child
 64.4 ±  0.9 ms - Add child
1470.8 ± 19.9 ms - Hash
451.4 ± 49.9 ms - Map
726.2 ±  9.4 ms - getState
0.381322
0.427978
0.86567
8422.5 ±  0.0 ms - Total time
5040.2 ±  0.0 ms - Build f time
436.7 ±  3.6 ms - Apply f time
4083.6 ± 29.3 ms - Real f time 
1971.1 ± 18.7 ms - Add time
 57.6 ±  1.0 ms - Find child
 76.1 ±  1.0 ms - Add child
1643.1 ± 19.9 ms - Hash
504.3 ± 49.9 ms - Map
851.6 ±  9.7 ms - getState
Dag sizes: 245998 250761 253271 245899 251091 253102 247973 
brutePieces time: 5.68773
172.7 ±  0.0 ms - Piece loop time
 68.0 ± 15.9 ms - Set time
111.6 ±  2.3 ms - Child looking time
Nodes:  1748095
Pieces: 212541
makePieces time: 0.174385
Memory: 77.6 + 52.9 + 55.9 + 57.3 + 13.6 MB
135.3 ±  2.9 ms - Greedy fill time
composePieces time: 16.9953
                                                                                