Running only task # 397
Using max depth 23
 |                                        | 0 / 416 (0.0%)Function count: 142
0.2173
0.248165
0.232935
0.264055
0.207529
0.234584
0.242664
0.272191
0.246361
0.277628
0.204863
0.231542
0.333737
0.37158
 69.1 ±  0.0 ms - Piece loop time
 32.8 ± 16.2 ms - Set time
 51.3 ±  1.8 ms - Child looking time
0.2241
0.257912
0.538066
2438.2 ±  0.0 ms - Total time
1909.5 ±  0.0 ms - Build f time
126.3 ± 14.1 ms - Apply f time
1509.7 ± 11.4 ms - Real f time 
573.2 ± 54.3 ms - Add time
 13.2 ±  0.4 ms - Find child
 19.5 ±  0.5 ms - Add child
356.2 ±  2.1 ms - Hash
217.1 ± 38.9 ms - Map
151.4 ±  2.2 ms - getState
0.233998
0.263689
0.540978
2979.2 ±  0.0 ms - Total time
2143.5 ±  0.0 ms - Build f time
172.2 ± 14.1 ms - Apply f time
1721.7 ± 11.9 ms - Real f time 
708.5 ± 54.3 ms - Add time
 23.7 ±  0.7 ms - Find child
 37.1 ±  3.7 ms - Add child
459.3 ±  2.3 ms - Hash
278.2 ± 38.9 ms - Map
226.3 ±  2.4 ms - getState
0.20688
0.233803
0.502737
3482.0 ±  0.0 ms - Total time
2350.4 ±  0.0 ms - Build f time
214.3 ± 14.2 ms - Apply f time
1907.6 ± 12.3 ms - Real f time 
833.1 ± 54.3 ms - Add time
 31.8 ±  0.8 ms - Find child
 49.4 ±  3.7 ms - Add child
553.1 ±  2.4 ms - Hash
335.3 ± 38.9 ms - Map
297.9 ±  2.6 ms - getState
0.226756
0.257821
0.540289
4022.4 ±  0.0 ms - Total time
2577.1 ±  0.0 ms - Build f time
258.5 ± 14.2 ms - Apply f time
2107.5 ± 12.7 ms - Real f time 
999.5 ± 63.4 ms - Add time
 41.0 ±  0.9 ms - Find child
 63.5 ±  3.7 ms - Add child
652.0 ±  2.6 ms - Hash
400.3 ± 38.9 ms - Map
376.2 ±  4.2 ms - getState
0.235132
0.26711
0.54846
4570.9 ±  0.0 ms - Total time
2812.2 ±  0.0 ms - Build f time
304.1 ± 14.2 ms - Apply f time
2316.5 ± 13.1 ms - Real f time 
1150.6 ± 65.2 ms - Add time
 50.7 ±  0.9 ms - Find child
 77.2 ±  3.7 ms - Add child
752.9 ±  2.8 ms - Hash
467.9 ± 38.9 ms - Map
453.0 ±  4.3 ms - getState
0.213726
0.240301
0.511503
5082.4 ±  0.0 ms - Total time
3026.0 ±  0.0 ms - Build f time
344.6 ± 14.3 ms - Apply f time
2505.9 ± 13.4 ms - Real f time 
1275.3 ± 65.2 ms - Add time
 60.3 ±  1.1 ms - Find child
 90.0 ±  3.8 ms - Add child
850.6 ±  3.2 ms - Hash
528.2 ± 38.9 ms - Map
524.2 ±  4.4 ms - getState
0.339176
0.381273
0.836916
5919.4 ±  0.0 ms - Total time
3365.1 ±  0.0 ms - Build f time
404.5 ± 14.3 ms - Apply f time
2800.0 ± 14.1 ms - Real f time 
1637.8 ± 145.9 ms - Add time
 72.0 ±  1.3 ms - Find child
104.9 ±  3.8 ms - Add child
1014.7 ±  7.0 ms - Hash
607.7 ± 39.0 ms - Map
649.9 ±  4.7 ms - getState
Dag sizes: 297596 290263 274424 296959 291147 275647 347277 
brutePieces time: 4.02421
294.5 ±  0.0 ms - Piece loop time
 97.8 ± 16.4 ms - Set time
193.4 ±  4.3 ms - Child looking time
Nodes:  2073313
Pieces: 278402
makePieces time: 0.296321
Memory: 47.7 + 72.9 + 66.3 + 62.5 + 17.5 MB
 30.5 ±  0.8 ms - Greedy fill time
composePieces time: 8.29193
                                                                                