Running only task # 185
Using max depth 23
 |                                        | 0 / 416 (0.0%)Function count: 142
0.063092
0.0670435
0.0516447
0.0542945
0.095123
0.100204
0.0619134
0.0656565
0.0502689
0.0527681
0.0970671
0.10205
0.205806
0.218967
 38.3 ±  0.0 ms - Piece loop time
 49.4 ± 44.4 ms - Set time
 32.0 ±  1.7 ms - Child looking time
0.0640845
0.0677197
0.0985439
759.7 ±  0.0 ms - Total time
689.0 ±  0.0 ms - Build f time
 16.9 ±  0.6 ms - Apply f time
551.1 ±  8.6 ms - Real f time 
111.9 ±  2.4 ms - Add time
  2.6 ±  0.2 ms - Find child
  3.9 ±  0.2 ms - Add child
139.8 ±  2.6 ms - Hash
 94.6 ± 48.9 ms - Map
 23.0 ±  0.7 ms - getState
0.052243
0.0546966
0.0745516
834.3 ±  0.0 ms - Total time
741.2 ±  0.0 ms - Build f time
 21.0 ±  0.6 ms - Apply f time
599.5 ±  9.1 ms - Real f time 
125.9 ±  2.5 ms - Add time
  3.5 ±  0.2 ms - Find child
  5.3 ±  0.3 ms - Add child
155.7 ±  2.6 ms - Hash
101.0 ± 48.9 ms - Map
 28.4 ±  0.8 ms - getState
0.0991951
0.104135
0.167477
1001.8 ±  0.0 ms - Total time
840.4 ±  0.0 ms - Build f time
 29.5 ±  0.8 ms - Apply f time
682.0 ±  9.3 ms - Real f time 
163.1 ±  2.6 ms - Add time
  5.4 ±  0.3 ms - Find child
  7.9 ±  0.3 ms - Add child
192.6 ±  2.8 ms - Hash
113.5 ± 48.9 ms - Map
 46.2 ±  2.8 ms - getState
0.0643037
0.0680646
0.101138
1103.0 ±  0.0 ms - Total time
904.7 ±  0.0 ms - Build f time
 36.1 ±  0.8 ms - Apply f time
736.9 ±  9.3 ms - Real f time 
184.9 ±  2.8 ms - Add time
  7.1 ±  0.3 ms - Find child
 10.1 ±  0.4 ms - Add child
211.7 ±  2.8 ms - Hash
124.3 ± 48.9 ms - Map
 54.8 ±  2.9 ms - getState
0.0514826
0.0539711
0.0742461
1177.3 ±  0.0 ms - Total time
956.2 ±  0.0 ms - Build f time
 40.3 ±  0.9 ms - Apply f time
784.0 ±  9.4 ms - Real f time 
198.1 ±  2.9 ms - Add time
  8.4 ±  0.4 ms - Find child
 11.7 ±  0.4 ms - Add child
227.0 ±  2.8 ms - Hash
131.7 ± 48.9 ms - Map
 60.4 ±  2.9 ms - getState
0.098461
0.103331
0.165294
1342.6 ±  0.0 ms - Total time
1054.7 ±  0.0 ms - Build f time
 48.8 ±  0.9 ms - Apply f time
866.8 ±  9.7 ms - Real f time 
233.6 ±  3.1 ms - Add time
 10.2 ±  0.4 ms - Find child
 14.1 ±  0.4 ms - Add child
262.9 ±  2.9 ms - Hash
143.2 ± 48.9 ms - Map
 75.2 ±  2.9 ms - getState
0.21546
0.223922
0.381742
1724.4 ±  0.0 ms - Total time
1270.1 ±  0.0 ms - Build f time
 62.9 ±  1.1 ms - Apply f time
1029.6 ± 10.6 ms - Real f time 
352.9 ± 25.4 ms - Add time
 12.3 ±  0.5 ms - Find child
 17.2 ±  0.5 ms - Add child
353.7 ±  3.2 ms - Hash
157.7 ± 48.9 ms - Map
112.2 ±  3.0 ms - getState
Dag sizes: 66710 42453 74725 66712 42450 74738 87504 
brutePieces time: 1.06977
 87.4 ±  0.0 ms - Piece loop time
 33.2 ± 19.1 ms - Set time
 69.5 ±  1.6 ms - Child looking time
Nodes:  455292
Pieces: 75862
makePieces time: 0.0883434
Memory: 10.6 + 20.1 + 14.6 + 36.6 + 5.2 MB
 20.2 ±  0.0 ms - Greedy fill time
composePieces time: 1.49141
                                                                                