Running only task # 243
Using max depth 4
 |                                        | 0 / 416 (0.0%)Function count: 142
0.00936575
0.0100386
0.00694735
0.00721884
0.00683119
0.0071305
0.00755145
0.00792073
0.00757364
0.00797143
0.00942058
0.00994112
0.00519896
0.0054272
0.00652477
0.00694642
 19.5 ±  0.0 ms - Piece loop time
 42.2 ± 40.5 ms - Set time
 16.2 ±  0.9 ms - Child looking time
0.0862851
0.0901972
0.0924984
155.2 ±  0.0 ms - Total time
145.7 ±  0.0 ms - Build f time
  3.1 ±  0.2 ms - Apply f time
153.6 ±  5.4 ms - Real f time 
 23.9 ±  1.4 ms - Add time
  1.0 ±  0.1 ms - Find child
  1.4 ±  0.2 ms - Add child
 26.2 ±  0.6 ms - Hash
 91.0 ± 49.9 ms - Map
  3.9 ±  0.2 ms - getState
0.0537565
0.0558482
0.0572303
212.5 ±  0.0 ms - Total time
199.5 ±  0.0 ms - Build f time
  4.1 ±  0.2 ms - Apply f time
209.0 ±  5.5 ms - Real f time 
 30.9 ±  1.4 ms - Add time
  1.5 ±  0.1 ms - Find child
  2.0 ±  0.2 ms - Add child
 35.5 ±  0.7 ms - Hash
 99.4 ± 49.8 ms - Map
  5.4 ±  0.2 ms - getState
0.058719
0.0606162
0.0618817
274.4 ±  0.0 ms - Total time
258.2 ±  0.0 ms - Build f time
  5.3 ±  0.2 ms - Apply f time
268.5 ±  5.5 ms - Real f time 
 38.8 ±  1.5 ms - Add time
  2.0 ±  0.2 ms - Find child
  2.4 ±  0.2 ms - Add child
 45.8 ±  0.8 ms - Hash
107.4 ± 49.9 ms - Map
  6.7 ±  0.3 ms - getState
0.0690808
0.0720288
0.0740367
348.4 ±  0.0 ms - Total time
327.3 ±  0.0 ms - Build f time
  7.0 ±  0.3 ms - Apply f time
337.6 ±  5.6 ms - Real f time 
 52.2 ±  3.6 ms - Add time
  2.8 ±  0.2 ms - Find child
  3.1 ±  0.2 ms - Add child
 57.8 ±  0.9 ms - Hash
118.1 ± 49.9 ms - Map
  8.7 ±  0.3 ms - getState
0.0682413
0.0708627
0.0727977
421.2 ±  0.0 ms - Total time
395.5 ±  0.0 ms - Build f time
  8.7 ±  0.4 ms - Apply f time
407.8 ±  5.9 ms - Real f time 
 63.7 ±  3.7 ms - Add time
  3.3 ±  0.2 ms - Find child
  3.9 ±  0.3 ms - Add child
 70.8 ±  1.0 ms - Hash
128.4 ± 49.9 ms - Map
 10.4 ±  0.3 ms - getState
0.0870699
0.0907482
0.0930543
514.3 ±  0.0 ms - Total time
482.6 ±  0.0 ms - Build f time
 10.6 ±  0.4 ms - Apply f time
497.1 ±  5.9 ms - Real f time 
 83.6 ±  8.1 ms - Add time
  4.2 ±  0.2 ms - Find child
  4.8 ±  0.3 ms - Add child
 85.4 ±  1.1 ms - Hash
139.3 ± 49.9 ms - Map
 13.2 ±  0.4 ms - getState
0.0435958
0.045196
0.046234
560.6 ±  0.0 ms - Total time
526.2 ±  0.0 ms - Build f time
 11.5 ±  0.4 ms - Apply f time
542.2 ±  6.0 ms - Real f time 
 90.2 ±  8.1 ms - Add time
  4.6 ±  0.2 ms - Find child
  5.2 ±  0.3 ms - Add child
 93.2 ±  1.1 ms - Hash
144.3 ± 49.9 ms - Map
 14.4 ±  0.4 ms - getState
0.0394496
0.0406279
0.0413759
601.9 ±  0.0 ms - Total time
565.6 ±  0.0 ms - Build f time
 12.2 ±  0.4 ms - Apply f time
582.0 ±  6.0 ms - Real f time 
 95.7 ±  8.1 ms - Add time
  4.9 ±  0.2 ms - Find child
  5.4 ±  0.3 ms - Add child
100.2 ±  1.1 ms - Hash
149.2 ± 49.9 ms - Map
 15.4 ±  0.4 ms - getState
Dag sizes: 26348 14497 14497 21293 21293 26348 12622 9702 
brutePieces time: 0.545106
196.7 ±  0.0 ms - Piece loop time
 54.6 ± 36.6 ms - Set time
160.2 ±  2.5 ms - Child looking time
Nodes:  146600
Pieces: 10
makePieces time: 0.197433
Memory: 0.6 + 29.3 + 4.7 + 35.9 + 4.0 MB
  0.0 ±  0.0 ms - Greedy fill time
composePieces time: 0.00206259
                                                                                