Running only task # 46
Using max depth 3
 |                                        | 0 / 416 (0.0%)Function count: 142
0.0817707
0.091814
0.0786384
0.0889964
0.0830328
0.0943056
  6.2 ±  0.0 ms - Piece loop time
 37.9 ± 36.1 ms - Set time
  4.4 ±  0.5 ms - Child looking time
0.0744636
0.0839352
0.177602
452.9 ±  0.0 ms - Total time
317.9 ±  0.0 ms - Build f time
 24.9 ±  0.6 ms - Apply f time
265.7 ±  3.8 ms - Real f time 
102.7 ±  7.4 ms - Add time
  3.6 ±  0.2 ms - Find child
  4.8 ±  0.2 ms - Add child
 83.7 ±  0.8 ms - Hash
 64.5 ± 39.4 ms - Map
 31.4 ±  0.6 ms - getState
0.0771873
0.0873799
0.191464
644.4 ±  0.0 ms - Total time
395.1 ±  0.0 ms - Build f time
 41.4 ±  1.0 ms - Apply f time
339.9 ±  4.2 ms - Real f time 
171.7 ± 15.5 ms - Add time
  7.0 ±  0.3 ms - Find child
  9.2 ±  0.3 ms - Add child
124.7 ±  1.0 ms - Hash
 77.7 ± 39.3 ms - Map
 61.9 ±  0.9 ms - getState
0.0884747
0.099809
0.214669
859.1 ±  0.0 ms - Total time
483.6 ±  0.0 ms - Build f time
 58.5 ±  1.1 ms - Apply f time
419.5 ±  4.5 ms - Real f time 
261.8 ± 27.9 ms - Add time
 10.1 ±  0.4 ms - Find child
 14.2 ±  0.5 ms - Add child
169.2 ±  1.3 ms - Hash
 92.4 ± 39.2 ms - Map
 93.4 ±  1.1 ms - getState
Dag sizes: 88931 91120 99438 
brutePieces time: 0.585992
 24.6 ±  0.0 ms - Piece loop time
 47.3 ± 39.8 ms - Set time
 15.7 ±  0.7 ms - Child looking time
Nodes:  279489
Pieces: 61623
makePieces time: 0.0255822
Memory: 7.5 + 9.7 + 8.9 + 17.1 + 2.1 MB
 10.6 ±  0.0 ms - Greedy fill time
composePieces time: 0.163318
                                                                                