Running only task # 314
Using max depth 3
 |                                        | 0 / 416 (0.0%)Function count: 142
0.524958
0.568532
0.252561
0.276377
0.396172
0.430141
 22.0 ±  0.0 ms - Piece loop time
 25.2 ± 18.5 ms - Set time
 14.9 ±  0.8 ms - Child looking time
0.530547
0.574867
1.83142
3106.6 ±  0.0 ms - Total time
1704.2 ±  0.0 ms - Build f time
157.0 ±  2.4 ms - Apply f time
1355.5 ± 31.4 ms - Real f time 
806.0 ±  9.7 ms - Add time
 18.6 ±  0.5 ms - Find child
 24.0 ±  0.5 ms - Add child
651.2 ±  3.8 ms - Hash
198.4 ± 40.9 ms - Map
325.9 ±  3.1 ms - getState
0.260339
0.284209
0.856251
3962.9 ±  0.0 ms - Total time
1964.6 ±  0.0 ms - Build f time
232.2 ±  2.7 ms - Apply f time
1600.4 ± 31.7 ms - Real f time 
1059.2 ± 16.8 ms - Add time
 35.3 ±  0.7 ms - Find child
 45.5 ±  0.8 ms - Add child
825.1 ±  4.1 ms - Hash
303.9 ± 40.9 ms - Map
454.3 ±  3.7 ms - getState
0.407038
0.441497
1.32448
5287.4 ±  0.0 ms - Total time
2371.6 ±  0.0 ms - Build f time
326.5 ±  2.9 ms - Apply f time
1970.8 ± 33.8 ms - Real f time 
1448.5 ± 17.3 ms - Add time
 51.3 ±  0.8 ms - Find child
 66.3 ±  0.9 ms - Add child
1135.7 ±  5.5 ms - Hash
412.7 ± 40.9 ms - Map
656.5 ±  5.0 ms - getState
Dag sizes: 490127 465103 460618 
brutePieces time: 4.01349
159.6 ±  0.0 ms - Piece loop time
 89.3 ± 16.4 ms - Set time
 87.4 ±  1.9 ms - Child looking time
Nodes:  1415848
Pieces: 362241
makePieces time: 0.160813
Memory: 65.5 + 43.2 + 45.3 + 35.2 + 11.0 MB
  8.2 ±  0.0 ms - Greedy fill time
composePieces time: 1.63291
                                                                                