Running only task # 216
Using max depth 3
 |                                        | 0 / 416 (0.0%)Function count: 142
0.0854564
0.0959161
0.0901878
0.109344
0.0787071
0.0879793
0.039641
0.0422818
 38.4 ±  0.0 ms - Piece loop time
 42.1 ± 35.4 ms - Set time
 31.8 ±  0.8 ms - Child looking time
0.0837111
0.0929854
0.128452
464.1 ±  0.0 ms - Total time
377.7 ±  0.0 ms - Build f time
 28.1 ±  0.8 ms - Apply f time
354.7 ±  3.2 ms - Real f time 
103.3 ± 16.8 ms - Add time
  6.2 ±  1.0 ms - Find child
  6.9 ±  0.3 ms - Add child
 54.2 ±  2.8 ms - Hash
 71.9 ± 35.9 ms - Map
 25.2 ±  0.6 ms - getState
0.0924541
0.104881
0.137062
601.2 ±  0.0 ms - Total time
470.2 ±  0.0 ms - Build f time
 40.1 ±  0.9 ms - Apply f time
450.6 ±  3.8 ms - Real f time 
144.9 ± 23.0 ms - Add time
  9.4 ±  1.0 ms - Find child
 11.0 ±  0.5 ms - Add child
 72.0 ±  2.9 ms - Hash
 85.5 ± 35.9 ms - Map
 37.5 ±  0.8 ms - getState
0.0695602
0.077068
0.102634
703.9 ±  0.0 ms - Total time
539.7 ±  0.0 ms - Build f time
 48.4 ±  1.0 ms - Apply f time
518.6 ±  4.2 ms - Real f time 
163.4 ± 23.0 ms - Add time
 11.9 ±  1.1 ms - Find child
 14.4 ±  0.5 ms - Add child
 86.2 ±  2.9 ms - Hash
 94.3 ± 36.0 ms - Map
 46.7 ±  0.8 ms - getState
0.0312035
0.0338907
0.0454244
749.3 ±  0.0 ms - Total time
570.9 ±  0.0 ms - Build f time
 52.4 ±  1.0 ms - Apply f time
550.2 ±  4.3 ms - Real f time 
172.2 ± 23.0 ms - Add time
 13.5 ±  1.1 ms - Find child
 16.4 ±  0.5 ms - Add child
 92.7 ±  2.9 ms - Hash
 99.4 ± 36.0 ms - Map
 50.0 ±  0.9 ms - getState
Dag sizes: 93476 67323 49944 29405 
brutePieces time: 0.416603
 80.9 ±  0.0 ms - Piece loop time
 54.3 ± 38.3 ms - Set time
 65.3 ±  2.3 ms - Child looking time
Nodes:  240148
Pieces: 2785
makePieces time: 0.0817194
Memory: 2.4 + 14.2 + 7.7 + 20.6 + 3.2 MB
  0.0 ±  0.0 ms - Greedy fill time
composePieces time: 0.00555555
                                                                                