Running only task # 39
Using max depth 23
 |                                        | 0 / 416 (0.0%)Function count: 142
0.0127126
0.0134648
0.0107218
0.011209
0.00932961
0.00982049
0.0152958
0.0159143
0.0101616
0.0106501
0.009634
0.0101395
0.011847
0.0124467
 26.7 ±  0.0 ms - Piece loop time
 39.6 ± 37.1 ms - Set time
 23.1 ±  1.0 ms - Child looking time
0.0183102
0.0191621
0.0213468
105.1 ±  0.0 ms - Total time
 98.0 ±  0.0 ms - Build f time
  2.6 ±  0.2 ms - Apply f time
 98.4 ±  3.8 ms - Real f time 
 16.3 ±  0.5 ms - Add time
  0.7 ±  0.1 ms - Find child
  1.2 ±  0.1 ms - Add child
 17.8 ±  0.5 ms - Hash
 57.3 ± 42.3 ms - Map
  2.2 ±  0.1 ms - getState
0.0137165
0.0142616
0.0159606
121.1 ±  0.0 ms - Total time
111.7 ±  0.0 ms - Build f time
  3.6 ±  0.2 ms - Apply f time
112.1 ±  3.8 ms - Real f time 
 18.7 ±  0.5 ms - Add time
  1.1 ±  0.1 ms - Find child
  1.6 ±  0.1 ms - Add child
 20.9 ±  0.5 ms - Hash
 59.5 ± 42.3 ms - Map
  2.9 ±  0.2 ms - getState
0.013019
0.0135476
0.0150542
136.1 ±  0.0 ms - Total time
124.7 ±  0.0 ms - Build f time
  4.4 ±  0.2 ms - Apply f time
124.0 ±  3.8 ms - Real f time 
 21.3 ±  0.6 ms - Add time
  1.4 ±  0.1 ms - Find child
  2.0 ±  0.2 ms - Add child
 23.6 ±  0.5 ms - Hash
 61.8 ± 42.2 ms - Map
  3.4 ±  0.2 ms - getState
0.0185821
0.0194702
0.021694
157.8 ±  0.0 ms - Total time
143.3 ±  0.0 ms - Build f time
  5.6 ±  0.2 ms - Apply f time
141.9 ±  3.8 ms - Real f time 
 24.9 ±  0.6 ms - Add time
  1.8 ±  0.2 ms - Find child
  2.6 ±  0.2 ms - Add child
 27.8 ±  0.7 ms - Hash
 65.0 ± 42.2 ms - Map
  4.3 ±  0.2 ms - getState
0.0139427
0.0145251
0.0162222
174.1 ±  0.0 ms - Total time
157.3 ±  0.0 ms - Build f time
  6.5 ±  0.3 ms - Apply f time
155.3 ±  3.8 ms - Real f time 
 27.4 ±  0.6 ms - Add time
  2.2 ±  0.2 ms - Find child
  2.9 ±  0.2 ms - Add child
 31.0 ±  0.7 ms - Hash
 67.2 ± 42.2 ms - Map
  4.8 ±  0.2 ms - getState
0.0126031
0.0131187
0.0146296
188.7 ±  0.0 ms - Total time
169.9 ±  0.0 ms - Build f time
  7.4 ±  0.3 ms - Apply f time
168.2 ±  3.9 ms - Real f time 
 29.9 ±  0.7 ms - Add time
  2.4 ±  0.2 ms - Find child
  3.3 ±  0.2 ms - Add child
 33.8 ±  0.7 ms - Hash
 69.3 ± 42.2 ms - Map
  5.5 ±  0.2 ms - getState
0.0120346
0.0126718
0.0136875
202.4 ±  0.0 ms - Total time
181.9 ±  0.0 ms - Build f time
  8.1 ±  0.3 ms - Apply f time
180.2 ±  3.9 ms - Real f time 
 32.2 ±  0.7 ms - Add time
  2.7 ±  0.2 ms - Find child
  3.6 ±  0.2 ms - Add child
 36.5 ±  0.7 ms - Hash
 71.0 ± 42.2 ms - Map
  6.0 ±  0.2 ms - getState
Dag sizes: 11526 8302 7699 11495 8298 7697 6291 
brutePieces time: 0.123897
 55.7 ±  0.0 ms - Piece loop time
 43.6 ± 38.6 ms - Set time
 47.6 ±  1.1 ms - Child looking time
Nodes:  61308
Pieces: 18132
makePieces time: 0.0566008
Memory: 0.3 + 7.5 + 2.0 + 30.3 + 1.7 MB
  0.6 ±  0.0 ms - Greedy fill time
composePieces time: 0.0806134
                                                                                