Running only task # 82
Using max depth 3
 |                                        | 0 / 416 (0.0%)Function count: 142
0.0942972
0.101924
0.0956989
0.103163
0.0796221
0.0854307
0.101774
0.109451
 17.1 ±  0.0 ms - Piece loop time
 50.2 ± 44.6 ms - Set time
 12.6 ±  0.8 ms - Child looking time
0.0944348
0.10161
0.21251
612.6 ±  0.0 ms - Total time
465.8 ±  0.0 ms - Build f time
 26.4 ±  0.6 ms - Apply f time
375.1 ±  4.8 ms - Real f time 
128.9 ±  7.6 ms - Add time
  4.9 ±  0.2 ms - Find child
  7.2 ±  0.6 ms - Add child
111.7 ±  1.0 ms - Hash
 85.3 ± 36.2 ms - Map
 34.9 ±  0.6 ms - getState
0.0973202
0.10458
0.225155
837.8 ±  0.0 ms - Total time
563.1 ±  0.0 ms - Build f time
 45.5 ±  0.8 ms - Apply f time
472.7 ±  9.7 ms - Real f time 
188.1 ±  7.8 ms - Add time
  9.8 ±  0.4 ms - Find child
 14.3 ±  0.7 ms - Add child
159.8 ±  1.2 ms - Hash
107.8 ± 36.3 ms - Map
 62.1 ±  0.7 ms - getState
0.084016
0.0897826
0.187425
1025.2 ±  0.0 ms - Total time
647.2 ±  0.0 ms - Build f time
 60.6 ±  0.9 ms - Apply f time
563.2 ± 17.8 ms - Real f time 
236.7 ±  7.9 ms - Add time
 14.2 ±  0.4 ms - Find child
 19.3 ±  0.7 ms - Add child
199.8 ±  1.3 ms - Hash
129.7 ± 36.3 ms - Map
 82.7 ±  0.8 ms - getState
0.10413
0.111637
0.240315
1265.6 ±  0.0 ms - Total time
751.3 ±  0.0 ms - Build f time
 80.5 ±  1.0 ms - Apply f time
659.2 ± 17.8 ms - Real f time 
308.2 ±  9.9 ms - Add time
 19.1 ±  0.5 ms - Find child
 26.2 ±  0.8 ms - Add child
250.0 ±  1.5 ms - Hash
152.7 ± 36.4 ms - Map
111.0 ±  1.0 ms - getState
Dag sizes: 153067 162634 126039 173316 
brutePieces time: 0.868652
 65.2 ±  0.0 ms - Piece loop time
 63.1 ± 45.2 ms - Set time
 43.4 ±  1.4 ms - Child looking time
Nodes:  615056
Pieces: 131999
makePieces time: 0.0665168
Memory: 9.6 + 22.1 + 19.7 + 26.6 + 5.3 MB
  6.7 ±  0.0 ms - Greedy fill time
composePieces time: 0.5774
                                                                                