Running only task # 369
Using max depth 3
 |                                        | 0 / 416 (0.0%)Function count: 142
0.122933
0.133948
0.128036
0.139413
0.130577
0.142041
0.127803
0.139825
 21.9 ±  0.0 ms - Piece loop time
 43.8 ± 37.6 ms - Set time
 14.9 ±  0.8 ms - Child looking time
0.117978
0.128171
0.277598
833.0 ±  0.0 ms - Total time
627.3 ±  0.0 ms - Build f time
 43.0 ±  0.9 ms - Apply f time
524.8 ±  5.4 ms - Real f time 
180.1 ±  6.4 ms - Add time
  8.4 ±  0.3 ms - Find child
 11.5 ±  0.4 ms - Add child
125.2 ±  1.6 ms - Hash
121.3 ± 39.8 ms - Map
 52.1 ±  0.8 ms - getState
0.126851
0.138277
0.286287
1119.4 ±  0.0 ms - Total time
754.2 ±  0.0 ms - Build f time
 69.2 ±  1.1 ms - Apply f time
644.7 ±  6.0 ms - Real f time 
247.2 ±  6.5 ms - Add time
 16.0 ±  0.5 ms - Find child
 21.9 ±  0.5 ms - Add child
177.1 ±  1.7 ms - Hash
161.3 ± 39.9 ms - Map
 88.0 ±  1.0 ms - getState
0.128483
0.139919
0.297532
1416.9 ±  0.0 ms - Total time
882.7 ±  0.0 ms - Build f time
 97.5 ±  1.3 ms - Apply f time
766.2 ±  6.5 ms - Real f time 
317.9 ±  6.6 ms - Add time
 23.7 ±  0.6 ms - Find child
 31.9 ±  0.6 ms - Add child
231.6 ±  1.9 ms - Hash
206.7 ± 39.9 ms - Map
123.0 ±  1.2 ms - getState
0.13293
0.145627
0.305118
1722.1 ±  0.0 ms - Total time
1015.6 ±  0.0 ms - Build f time
125.4 ±  1.4 ms - Apply f time
891.3 ±  6.8 ms - Real f time 
390.2 ±  6.7 ms - Add time
 30.6 ±  0.6 ms - Find child
 42.4 ±  0.7 ms - Add child
285.2 ±  2.0 ms - Hash
255.1 ± 40.2 ms - Map
162.8 ±  1.5 ms - getState
Dag sizes: 192027 186871 201914 196062 
brutePieces time: 1.16889
100.2 ±  0.0 ms - Piece loop time
 75.4 ± 39.3 ms - Set time
 57.5 ±  1.3 ms - Child looking time
Nodes:  776874
Pieces: 159953
makePieces time: 0.101609
Memory: 11.3 + 30.6 + 24.9 + 29.2 + 6.2 MB
  2.3 ±  0.0 ms - Greedy fill time
composePieces time: 0.503364
                                                                                