Running only task # 129
Using max depth 23
 |                                        | 0 / 416 (0.0%)Function count: 142
0.105017
0.116124
0.0744568
0.0831457
0.0889475
0.0986147
0.0958358
0.104567
0.104058
0.114603
0.0751995
0.0833222
0.0856234
0.0984234
0.0840361
0.0931074
0.110317
0.124258
 91.0 ±  0.0 ms - Piece loop time
 49.0 ± 36.6 ms - Set time
 72.6 ±  2.0 ms - Child looking time
0.110823
0.121836
0.168227
1084.7 ±  0.0 ms - Total time
934.3 ±  0.0 ms - Build f time
 47.0 ±  0.8 ms - Apply f time
752.7 ±  4.3 ms - Real f time 
215.9 ±  9.2 ms - Add time
  6.4 ±  0.3 ms - Find child
  9.1 ±  0.5 ms - Add child
160.1 ±  3.4 ms - Hash
185.1 ± 51.4 ms - Map
 45.7 ±  0.9 ms - getState
0.0774952
0.0868113
0.116771
1201.5 ±  0.0 ms - Total time
1011.8 ±  0.0 ms - Build f time
 57.3 ±  0.9 ms - Apply f time
821.3 ±  4.5 ms - Real f time 
237.9 ±  9.2 ms - Add time
  9.5 ±  0.3 ms - Find child
 12.9 ±  0.5 ms - Add child
177.6 ±  3.4 ms - Hash
204.9 ± 51.4 ms - Map
 57.6 ±  0.9 ms - getState
0.0893006
0.0989696
0.137892
1339.4 ±  0.0 ms - Total time
1101.1 ±  0.0 ms - Build f time
 68.2 ±  1.0 ms - Apply f time
900.5 ±  5.0 ms - Real f time 
264.0 ±  9.2 ms - Add time
 12.9 ±  0.4 ms - Find child
 17.8 ±  1.0 ms - Add child
199.1 ±  3.4 ms - Hash
226.9 ± 51.4 ms - Map
 71.5 ±  1.0 ms - getState
0.08878
0.098381
0.134069
1473.6 ±  0.0 ms - Total time
1189.9 ±  0.0 ms - Build f time
 78.5 ±  1.1 ms - Apply f time
976.7 ±  5.2 ms - Real f time 
290.5 ±  9.2 ms - Add time
 16.0 ±  0.5 ms - Find child
 22.1 ±  1.0 ms - Add child
220.8 ±  3.5 ms - Hash
247.7 ± 51.4 ms - Map
 84.5 ±  1.1 ms - getState
0.113425
0.125042
0.172431
1646.0 ±  0.0 ms - Total time
1303.3 ±  0.0 ms - Build f time
 91.7 ±  1.1 ms - Apply f time
1071.5 ±  5.5 ms - Real f time 
323.8 ±  9.2 ms - Add time
 19.9 ±  0.5 ms - Find child
 27.3 ±  1.0 ms - Add child
249.7 ±  3.5 ms - Hash
271.7 ± 51.3 ms - Map
101.2 ±  1.1 ms - getState
0.0853305
0.0985628
0.13648
1782.6 ±  0.0 ms - Total time
1388.6 ±  0.0 ms - Build f time
105.2 ±  1.4 ms - Apply f time
1145.3 ±  5.6 ms - Real f time 
361.7 ± 14.3 ms - Add time
 23.4 ±  0.5 ms - Find child
 32.4 ±  1.1 ms - Add child
267.8 ±  3.5 ms - Hash
292.3 ± 51.3 ms - Map
115.1 ±  1.2 ms - getState
0.0914406
0.101158
0.138832
1921.4 ±  0.0 ms - Total time
1480.1 ±  0.0 ms - Build f time
116.2 ±  1.4 ms - Apply f time
1236.3 ± 12.9 ms - Real f time 
389.0 ± 14.3 ms - Add time
 27.3 ±  1.0 ms - Find child
 36.9 ±  1.1 ms - Add child
288.8 ±  3.6 ms - Hash
317.9 ± 51.5 ms - Map
128.4 ±  1.2 ms - getState
0.0907788
0.100521
0.135763
2057.2 ±  0.0 ms - Total time
1570.9 ±  0.0 ms - Build f time
127.3 ±  1.5 ms - Apply f time
1316.1 ± 12.9 ms - Real f time 
416.1 ± 14.3 ms - Add time
 30.5 ±  1.0 ms - Find child
 40.7 ±  1.1 ms - Add child
308.5 ±  3.6 ms - Hash
337.7 ± 51.5 ms - Map
147.8 ±  7.0 ms - getState
0.121819
0.138027
0.187523
2244.8 ±  0.0 ms - Total time
1692.7 ±  0.0 ms - Build f time
141.4 ±  1.5 ms - Apply f time
1415.6 ± 13.0 ms - Real f time 
452.0 ± 14.3 ms - Add time
 34.2 ±  1.0 ms - Find child
 46.1 ±  1.2 ms - Add child
337.3 ±  3.6 ms - Hash
363.7 ± 51.5 ms - Map
168.6 ±  7.1 ms - getState
Dag sizes: 99419 77920 86852 83896 99421 77861 87419 85269 109585 
brutePieces time: 1.3347
220.7 ±  0.0 ms - Piece loop time
 73.4 ± 36.8 ms - Set time
165.9 ±  3.2 ms - Child looking time
Nodes:  807642
Pieces: 37305
makePieces time: 0.221883
Memory: 7.7 + 45.3 + 25.8 + 50.7 + 9.9 MB
  0.8 ±  0.0 ms - Greedy fill time
composePieces time: 0.22133
                                                                                