Running only task # 381
Using max depth 4
 |                                        | 0 / 416 (0.0%)Function count: 142
0.058712
0.0629868
0.054984
0.0584443
0.060689
0.0647083
0.0565607
0.0607322
 16.6 ±  0.0 ms - Piece loop time
 46.8 ± 42.5 ms - Set time
 12.8 ±  0.8 ms - Child looking time
1.22414
1.3193
1.97926
2226.3 ±  0.0 ms - Total time
1455.1 ±  0.0 ms - Build f time
132.1 ±  1.4 ms - Apply f time
1301.8 ± 16.0 ms - Real f time 
396.1 ±  3.1 ms - Add time
 36.1 ±  0.9 ms - Find child
 47.5 ±  0.9 ms - Add child
403.4 ±  2.1 ms - Hash
341.7 ± 38.5 ms - Map
157.9 ±  1.3 ms - getState
1.07423
1.15075
1.7249
3951.2 ±  0.0 ms - Total time
2529.3 ±  0.0 ms - Build f time
241.7 ±  2.0 ms - Apply f time
2281.9 ± 17.0 ms - Real f time 
911.7 ± 134.7 ms - Add time
 64.7 ±  1.1 ms - Find child
 86.1 ±  1.2 ms - Add child
719.2 ±  4.1 ms - Hash
606.0 ± 41.6 ms - Map
292.3 ±  2.0 ms - getState
1.29932
1.39438
2.09936
6050.6 ±  0.0 ms - Total time
3828.6 ±  0.0 ms - Build f time
381.3 ±  2.3 ms - Apply f time
3463.4 ± 18.0 ms - Real f time 
1399.3 ± 170.4 ms - Add time
100.5 ±  1.3 ms - Find child
132.9 ±  1.4 ms - Add child
1094.1 ±  4.6 ms - Hash
920.5 ± 46.7 ms - Map
456.9 ±  3.1 ms - getState
1.24176
1.33992
2.08784
8138.5 ±  0.0 ms - Total time
5070.4 ±  0.0 ms - Build f time
521.4 ±  2.7 ms - Apply f time
4593.5 ± 19.0 ms - Real f time 
1804.9 ± 171.1 ms - Add time
136.2 ±  1.4 ms - Find child
181.2 ±  1.6 ms - Add child
1461.3 ±  4.9 ms - Hash
1227.6 ± 46.8 ms - Map
629.3 ±  3.4 ms - getState
Dag sizes: 1148971 951928 1221227 1226280 
brutePieces time: 7.89355
1196.9 ±  0.0 ms - Piece loop time
426.8 ± 16.7 ms - Set time
746.6 ±  4.5 ms - Child looking time
Nodes:  4548406
Pieces: 1163971
makePieces time: 1.20056
Memory: 53.1 + 203.2 + 145.5 + 106.3 + 53.5 MB
 15.7 ±  0.0 ms - Greedy fill time
composePieces time: 3.8338
                                                                                