Running only task # 312
Using max depth 4
 |                                        | 0 / 416 (0.0%)Function count: 142
0.0384094
0.0414894
0.0423986
0.0448743
0.0430746
0.0454488
0.0507597
0.0536266
  8.8 ±  0.0 ms - Piece loop time
 40.2 ± 38.0 ms - Set time
  6.9 ±  0.6 ms - Child looking time
0.723555
0.768266
1.08595
1271.5 ±  0.0 ms - Total time
898.2 ±  0.0 ms - Build f time
 76.1 ±  1.0 ms - Apply f time
820.6 ±  5.1 ms - Real f time 
215.5 ±  2.8 ms - Add time
 23.8 ±  1.5 ms - Find child
 28.3 ±  0.7 ms - Add child
213.7 ±  2.3 ms - Hash
212.4 ± 37.7 ms - Map
 83.2 ±  2.7 ms - getState
0.78901
0.836823
1.20713
2478.7 ±  0.0 ms - Total time
1687.2 ±  0.0 ms - Build f time
157.6 ±  1.5 ms - Apply f time
1584.7 ± 20.6 ms - Real f time 
425.4 ±  3.4 ms - Add time
 48.6 ±  1.6 ms - Find child
 59.1 ±  1.0 ms - Add child
421.7 ±  2.8 ms - Hash
376.0 ± 37.8 ms - Map
174.3 ±  3.0 ms - getState
0.79232
0.839729
1.19137
3670.1 ±  0.0 ms - Total time
2479.5 ±  0.0 ms - Build f time
237.6 ±  3.0 ms - Apply f time
2317.2 ± 21.0 ms - Real f time 
635.9 ±  7.5 ms - Add time
 69.7 ±  1.7 ms - Find child
 87.0 ±  1.1 ms - Add child
628.2 ±  3.2 ms - Hash
532.3 ± 37.9 ms - Map
264.1 ±  3.2 ms - getState
1.02338
1.08399
1.6632
5333.3 ±  0.0 ms - Total time
3502.9 ±  0.0 ms - Build f time
345.3 ±  3.2 ms - Apply f time
3270.8 ± 25.8 ms - Real f time 
941.4 ±  9.1 ms - Add time
100.1 ±  1.8 ms - Find child
125.5 ±  1.3 ms - Add child
927.4 ±  4.5 ms - Hash
755.8 ± 38.0 ms - Map
401.1 ±  3.6 ms - getState
Dag sizes: 643573 728959 689856 940520 
brutePieces time: 5.14997
651.5 ±  0.0 ms - Piece loop time
223.5 ± 22.8 ms - Set time
400.3 ±  3.2 ms - Child looking time
Nodes:  3002908
Pieces: 645611
makePieces time: 0.653945
Memory: 29.5 + 149.0 + 96.1 + 73.2 + 28.6 MB
 11.1 ±  0.0 ms - Greedy fill time
composePieces time: 2.07553
                                                                                