Running only task # 288
Using max depth 3
 |                                        | 0 / 416 (0.0%)Function count: 142
0.048409
0.0513422
0.0637552
0.0672856
0.0621764
0.0666107
 11.3 ±  0.0 ms - Piece loop time
 44.1 ± 41.6 ms - Set time
  8.9 ±  0.7 ms - Child looking time
0.049179
0.0519906
0.0838233
269.2 ±  0.0 ms - Total time
223.5 ±  0.0 ms - Build f time
 10.8 ±  0.4 ms - Apply f time
188.4 ±  2.2 ms - Real f time 
 49.2 ±  3.2 ms - Add time
  2.5 ±  0.2 ms - Find child
  3.1 ±  0.2 ms - Add child
 43.8 ±  0.7 ms - Hash
 71.3 ± 45.2 ms - Map
 11.6 ±  0.3 ms - getState
0.0584585
0.0622307
0.114447
383.7 ±  0.0 ms - Total time
282.0 ±  0.0 ms - Build f time
 21.6 ±  0.5 ms - Apply f time
244.8 ±  2.5 ms - Real f time 
 72.9 ±  3.4 ms - Add time
  5.2 ±  0.3 ms - Find child
  6.9 ±  0.3 ms - Add child
 62.5 ±  0.8 ms - Hash
 87.6 ± 45.2 ms - Map
 25.1 ±  0.4 ms - getState
0.0673168
0.0719595
0.119294
503.0 ±  0.0 ms - Total time
349.3 ±  0.0 ms - Build f time
 31.5 ±  0.6 ms - Apply f time
305.7 ±  2.8 ms - Real f time 
 98.2 ±  3.5 ms - Add time
  7.7 ±  0.3 ms - Find child
 10.5 ±  0.4 ms - Add child
 83.7 ±  0.9 ms - Hash
104.6 ± 45.1 ms - Map
 36.0 ±  0.6 ms - getState
Dag sizes: 61396 74080 85409 
brutePieces time: 0.320469
 37.2 ±  0.0 ms - Piece loop time
 36.2 ± 23.4 ms - Set time
 21.9 ±  0.7 ms - Child looking time
Nodes:  220885
Pieces: 57459
makePieces time: 0.0378811
Memory: 2.3 + 9.1 + 7.1 + 16.1 + 1.9 MB
  0.4 ±  0.0 ms - Greedy fill time
composePieces time: 0.0651413
                                                                                