Running only task # 404
Using max depth 3
 |                                        | 0 / 416 (0.0%)Function count: 142
0.290555
0.331983
0.21325
0.2414
0.231294
0.265028
 26.1 ±  0.0 ms - Piece loop time
 51.9 ± 45.0 ms - Set time
 18.0 ±  0.8 ms - Child looking time
0.288296
0.328523
0.676574
1515.1 ±  0.0 ms - Total time
1023.4 ±  0.0 ms - Build f time
 86.6 ±  1.3 ms - Apply f time
864.0 ± 10.3 ms - Real f time 
355.4 ± 35.9 ms - Add time
  9.1 ±  0.3 ms - Find child
 14.1 ±  0.4 ms - Add child
259.8 ±  2.4 ms - Hash
132.5 ± 41.2 ms - Map
117.8 ±  1.9 ms - getState
0.218719
0.250445
0.46541
1980.6 ±  0.0 ms - Total time
1242.1 ±  0.0 ms - Build f time
122.2 ±  1.5 ms - Apply f time
1068.7 ± 12.0 ms - Real f time 
467.5 ± 36.0 ms - Add time
 15.4 ±  0.5 ms - Find child
 24.1 ±  1.2 ms - Add child
347.1 ±  2.5 ms - Hash
174.5 ± 41.3 ms - Map
173.6 ±  2.1 ms - getState
0.248465
0.283335
0.538384
2519.0 ±  0.0 ms - Total time
1490.6 ±  0.0 ms - Build f time
163.6 ±  1.7 ms - Apply f time
1288.4 ± 12.6 ms - Real f time 
604.1 ± 36.0 ms - Add time
 21.9 ±  0.6 ms - Find child
 33.9 ±  1.3 ms - Add child
451.5 ±  2.6 ms - Hash
212.7 ± 41.3 ms - Map
254.6 ± 16.0 ms - getState
Dag sizes: 278302 220735 234099 
brutePieces time: 1.68224
100.2 ±  0.0 ms - Piece loop time
 71.6 ± 41.1 ms - Set time
 66.5 ±  1.2 ms - Child looking time
Nodes:  733136
Pieces: 207151
makePieces time: 0.101566
Memory: 21.1 + 24.5 + 23.5 + 24.3 + 7.0 MB
  5.0 ±  0.0 ms - Greedy fill time
composePieces time: 0.559464
                                                                                