Running only task # 136
Using max depth 23
 |                                        | 0 / 416 (0.0%)Function count: 142
0.0825125
0.0971378
0.0807243
0.0894152
0.0617823
0.0681949
0.0818921
0.0916416
0.0798139
0.0894277
0.0764405
0.0855465
0.0624641
0.0688577
0.0826967
0.0921985
0.0784987
0.0869268
 93.7 ±  0.0 ms - Piece loop time
 48.6 ± 37.2 ms - Set time
 76.9 ±  2.0 ms - Child looking time
0.0798461
0.0892276
0.1247
894.3 ±  0.0 ms - Total time
766.7 ±  0.0 ms - Build f time
 42.5 ±  0.9 ms - Apply f time
686.7 ± 15.4 ms - Real f time 
180.9 ± 13.4 ms - Add time
  6.0 ±  0.3 ms - Find child
  9.8 ±  0.6 ms - Add child
112.3 ±  1.3 ms - Hash
176.3 ± 52.0 ms - Map
 37.6 ±  0.7 ms - getState
0.0783237
0.0874208
0.11817
1012.5 ±  0.0 ms - Total time
845.0 ±  0.0 ms - Build f time
 52.5 ±  1.0 ms - Apply f time
759.3 ± 15.5 ms - Real f time 
209.9 ± 14.3 ms - Add time
  8.9 ±  0.3 ms - Find child
 14.0 ±  0.6 ms - Add child
129.2 ±  1.3 ms - Hash
193.5 ± 51.9 ms - Map
 48.1 ±  0.7 ms - getState
0.0659413
0.0730856
0.098579
1111.2 ±  0.0 ms - Total time
910.9 ±  0.0 ms - Build f time
 60.5 ±  1.0 ms - Apply f time
822.5 ± 15.7 ms - Real f time 
229.3 ± 14.3 ms - Add time
 12.0 ±  0.9 ms - Find child
 17.5 ±  0.7 ms - Add child
143.9 ±  1.4 ms - Hash
208.3 ± 51.9 ms - Map
 57.1 ±  0.8 ms - getState
0.0861001
0.0960707
0.133394
1244.6 ±  0.0 ms - Total time
997.0 ±  0.0 ms - Build f time
 71.8 ±  1.1 ms - Apply f time
903.8 ± 15.8 ms - Real f time 
259.3 ± 14.6 ms - Add time
 15.4 ±  0.9 ms - Find child
 22.2 ±  0.7 ms - Add child
166.2 ±  4.6 ms - Hash
229.1 ± 51.9 ms - Map
 70.1 ±  1.1 ms - getState
0.0841054
0.0938547
0.129103
1373.8 ±  0.0 ms - Total time
1081.1 ±  0.0 ms - Build f time
 82.8 ±  1.1 ms - Apply f time
981.3 ± 15.8 ms - Real f time 
286.6 ± 14.6 ms - Add time
 18.6 ±  0.9 ms - Find child
 26.5 ±  0.7 ms - Add child
184.1 ±  4.6 ms - Hash
249.7 ± 51.9 ms - Map
 82.1 ±  1.2 ms - getState
0.0815481
0.0910281
0.123322
1497.1 ±  0.0 ms - Total time
1162.7 ±  0.0 ms - Build f time
 92.9 ±  1.2 ms - Apply f time
1074.9 ± 23.0 ms - Real f time 
332.9 ± 26.8 ms - Add time
 21.5 ±  1.0 ms - Find child
 30.6 ±  0.8 ms - Add child
200.7 ±  4.7 ms - Hash
268.4 ± 51.9 ms - Map
 92.8 ±  1.2 ms - getState
0.0670284
0.0738434
0.101061
1598.3 ±  0.0 ms - Total time
1229.7 ±  0.0 ms - Build f time
101.4 ±  1.3 ms - Apply f time
1135.0 ± 23.1 ms - Real f time 
366.6 ± 29.9 ms - Add time
 24.3 ±  1.0 ms - Find child
 33.9 ±  0.8 ms - Add child
215.8 ±  4.7 ms - Hash
285.1 ± 51.8 ms - Map
101.5 ±  1.3 ms - getState
0.0873631
0.0972424
0.135504
1733.8 ±  0.0 ms - Total time
1317.1 ±  0.0 ms - Build f time
116.4 ±  3.6 ms - Apply f time
1216.3 ± 23.1 ms - Real f time 
394.9 ± 29.9 ms - Add time
 27.4 ±  1.0 ms - Find child
 38.3 ±  0.8 ms - Add child
234.8 ±  4.7 ms - Hash
307.6 ± 51.9 ms - Map
113.7 ±  1.3 ms - getState
0.0820918
0.0931828
0.12788
1861.8 ±  0.0 ms - Total time
1399.2 ±  0.0 ms - Build f time
127.5 ±  3.6 ms - Apply f time
1291.2 ± 23.1 ms - Real f time 
421.9 ± 30.0 ms - Add time
 30.7 ±  1.0 ms - Find child
 42.7 ±  0.9 ms - Add child
252.5 ±  4.7 ms - Hash
328.9 ± 51.9 ms - Map
125.0 ±  1.3 ms - getState
Dag sizes: 98364 91865 76778 103357 98962 91404 76827 102443 94134 
brutePieces time: 1.09814
244.1 ±  0.0 ms - Piece loop time
 83.7 ± 39.5 ms - Set time
179.2 ±  2.7 ms - Child looking time
Nodes:  834134
Pieces: 77246
makePieces time: 0.245591
Memory: 5.3 + 43.9 + 26.7 + 51.1 + 11.4 MB
  3.5 ±  0.2 ms - Greedy fill time
composePieces time: 0.7179
                                                                                