Running only task # 310
Using max depth 23
 |                                        | 0 / 416 (0.0%)Function count: 142
0.0140274
0.0151554
0.0156017
0.0163401
0.017675
0.0184959
0.0134205
0.0140272
0.0155297
0.0162529
0.0176373
0.018445
0.0187179
0.0195964
 14.3 ±  0.0 ms - Piece loop time
 37.7 ± 36.2 ms - Set time
 12.7 ±  0.8 ms - Child looking time
0.0139265
0.0144951
0.0159313
134.4 ±  0.0 ms - Total time
126.5 ±  0.0 ms - Build f time
  2.9 ±  0.2 ms - Apply f time
118.7 ±  1.4 ms - Real f time 
 18.6 ±  0.7 ms - Add time
  0.5 ±  0.1 ms - Find child
  0.8 ±  0.1 ms - Add child
 20.8 ±  0.5 ms - Hash
 53.6 ± 41.1 ms - Map
  2.9 ±  0.2 ms - getState
0.0160982
0.0168145
0.0189111
153.3 ±  0.0 ms - Total time
142.6 ±  0.0 ms - Build f time
  4.1 ±  0.2 ms - Apply f time
134.3 ±  1.4 ms - Real f time 
 21.2 ±  0.7 ms - Add time
  0.9 ±  0.1 ms - Find child
  1.1 ±  0.1 ms - Add child
 24.2 ±  0.5 ms - Hash
 55.3 ± 41.1 ms - Map
  3.7 ±  0.2 ms - getState
0.0183038
0.0191496
0.0223901
175.7 ±  0.0 ms - Total time
160.9 ±  0.0 ms - Build f time
  5.2 ±  0.2 ms - Apply f time
152.4 ±  1.5 ms - Real f time 
 24.7 ±  0.8 ms - Add time
  1.3 ±  0.1 ms - Find child
  1.6 ±  0.1 ms - Add child
 27.8 ±  0.6 ms - Hash
 57.2 ± 41.0 ms - Map
  4.5 ±  0.2 ms - getState
0.0136998
0.0143052
0.0157883
191.5 ±  0.0 ms - Total time
174.6 ±  0.0 ms - Build f time
  5.9 ±  0.3 ms - Apply f time
165.7 ±  1.6 ms - Real f time 
 27.2 ±  0.8 ms - Add time
  1.6 ±  0.1 ms - Find child
  2.1 ±  0.2 ms - Add child
 30.6 ±  0.6 ms - Hash
 58.9 ± 41.1 ms - Map
  5.2 ±  0.2 ms - getState
0.0159509
0.0166471
0.0188538
210.4 ±  0.0 ms - Total time
190.6 ±  0.0 ms - Build f time
  7.2 ±  0.3 ms - Apply f time
182.2 ±  1.7 ms - Real f time 
 30.1 ±  0.8 ms - Add time
  1.9 ±  0.2 ms - Find child
  2.5 ±  0.2 ms - Add child
 33.9 ±  0.6 ms - Hash
 60.6 ± 41.0 ms - Map
  6.0 ±  0.2 ms - getState
0.0183269
0.0191063
0.0221034
232.5 ±  0.0 ms - Total time
208.9 ±  0.0 ms - Build f time
  8.5 ±  0.3 ms - Apply f time
199.6 ±  1.8 ms - Real f time 
 33.5 ±  0.9 ms - Add time
  2.3 ±  0.2 ms - Find child
  3.0 ±  0.2 ms - Add child
 38.1 ±  0.7 ms - Hash
 62.7 ± 41.0 ms - Map
  7.1 ±  0.3 ms - getState
0.0189551
0.0198054
0.0229365
255.4 ±  0.0 ms - Total time
227.9 ±  0.0 ms - Build f time
  9.6 ±  0.3 ms - Apply f time
217.6 ±  1.8 ms - Real f time 
 36.8 ±  0.9 ms - Add time
  2.7 ±  0.2 ms - Find child
  3.5 ±  0.2 ms - Add child
 42.1 ±  0.7 ms - Hash
 64.7 ± 41.0 ms - Map
  8.2 ±  0.3 ms - getState
Dag sizes: 6833 8707 10264 6824 8699 10258 10290 
brutePieces time: 0.141705
 21.5 ±  0.0 ms - Piece loop time
 38.9 ± 36.7 ms - Set time
 17.5 ±  0.8 ms - Child looking time
Nodes:  61875
Pieces: 9648
makePieces time: 0.0223102
Memory: 0.4 + 6.0 + 2.0 + 30.3 + 0.8 MB
  2.7 ±  0.2 ms - Greedy fill time
composePieces time: 0.109169
                                                                                