Running only task # 218
Using max depth 4
 |                                        | 0 / 416 (0.0%)Function count: 142
0.0753116
0.0818521
0.0690556
0.0754272
0.0716394
0.0770877
0.0831754
0.0910066
 23.5 ±  0.0 ms - Piece loop time
 41.4 ± 36.2 ms - Set time
 18.4 ±  0.8 ms - Child looking time
1.75635
1.89789
3.315
3640.5 ±  0.0 ms - Total time
2055.5 ±  0.0 ms - Build f time
240.3 ±  2.5 ms - Apply f time
1863.3 ±  9.4 ms - Real f time 
726.2 ± 13.7 ms - Add time
 62.6 ±  1.0 ms - Find child
 93.6 ±  7.9 ms - Add child
624.5 ±  3.2 ms - Hash
620.7 ± 44.5 ms - Map
311.2 ±  1.8 ms - getState
1.61993
1.76118
3.13067
6771.2 ±  0.0 ms - Total time
3675.5 ±  0.0 ms - Build f time
478.4 ± 10.9 ms - Apply f time
3354.6 ± 14.1 ms - Real f time 
1535.2 ± 154.8 ms - Add time
122.9 ±  1.5 ms - Find child
175.3 ±  8.0 ms - Add child
1168.3 ±  4.3 ms - Hash
1126.5 ± 45.3 ms - Map
614.6 ±  5.1 ms - getState
1.61862
1.7449
3.00914
9780.4 ±  0.0 ms - Total time
5294.1 ±  0.0 ms - Build f time
689.0 ± 11.0 ms - Apply f time
4828.3 ± 17.1 ms - Real f time 
2144.2 ± 154.8 ms - Add time
180.1 ±  1.8 ms - Find child
253.6 ±  8.0 ms - Add child
1699.0 ±  4.9 ms - Hash
1634.3 ± 46.9 ms - Map
896.7 ±  5.3 ms - getState
2.01384
2.2059
4.00957
13790.0 ±  0.0 ms - Total time
7307.9 ±  0.0 ms - Build f time
978.0 ± 11.2 ms - Apply f time
6697.1 ± 18.6 ms - Real f time 
2983.0 ± 154.8 ms - Add time
254.2 ±  2.0 ms - Find child
362.1 ±  8.2 ms - Add child
2351.8 ±  5.8 ms - Hash
2344.7 ± 47.2 ms - Map
1288.3 ±  6.0 ms - getState
Dag sizes: 2105928 2155453 1989984 2845686 
brutePieces time: 13.4661
3001.7 ±  0.0 ms - Piece loop time
1110.0 ± 22.1 ms - Set time
1818.4 ±  7.8 ms - Child looking time
Nodes:  9097051
Pieces: 2946085
makePieces time: 3.01158
Memory: 109.4 + 337.6 + 291.1 + 229.4 + 129.9 MB
 32.0 ±  0.0 ms - Greedy fill time
composePieces time: 7.68835
                                                                                