Running only task # 143
Using max depth 33
 |                                        | 0 / 416 (0.0%)Function count: 142
0.125074
0.136451
0.202727
0.217949
0.0537893
0.0576941
0.125462
0.136018
0.17705
0.191523
0.0542097
0.0580383
0.092295
0.100439
 42.7 ±  0.0 ms - Piece loop time
 41.8 ± 35.2 ms - Set time
 33.9 ±  1.2 ms - Child looking time
0.12894
0.139756
0.190926
1089.2 ±  0.0 ms - Total time
959.5 ±  0.0 ms - Build f time
 34.1 ±  0.7 ms - Apply f time
789.8 ±  6.4 ms - Real f time 
178.6 ±  7.2 ms - Add time
  3.8 ±  0.2 ms - Find child
  5.3 ±  0.3 ms - Add child
174.9 ±  1.5 ms - Hash
133.9 ± 49.0 ms - Map
 35.0 ±  0.5 ms - getState
0.184119
0.199282
0.283931
1373.2 ±  0.0 ms - Total time
1143.7 ±  0.0 ms - Build f time
 49.6 ±  1.1 ms - Apply f time
942.6 ±  7.1 ms - Real f time 
231.1 ±  7.3 ms - Add time
  6.6 ±  0.3 ms - Find child
  8.8 ±  0.3 ms - Add child
234.9 ±  1.7 ms - Hash
156.0 ± 49.0 ms - Map
 57.4 ±  0.6 ms - getState
0.0579671
0.0620916
0.0826909
1455.9 ±  0.0 ms - Total time
1201.6 ±  0.0 ms - Build f time
 55.5 ±  1.1 ms - Apply f time
994.6 ±  7.2 ms - Real f time 
253.0 ± 10.7 ms - Add time
  8.2 ±  0.3 ms - Find child
 11.3 ±  0.4 ms - Add child
248.7 ±  1.7 ms - Hash
166.4 ± 49.0 ms - Map
 64.1 ±  0.7 ms - getState
0.127909
0.138764
0.195853
1651.9 ±  0.0 ms - Total time
1329.5 ±  0.0 ms - Build f time
 68.6 ±  1.5 ms - Apply f time
1105.7 ±  7.6 ms - Real f time 
287.9 ± 10.7 ms - Add time
 10.5 ±  0.4 ms - Find child
 15.2 ±  0.5 ms - Add child
287.4 ±  2.0 ms - Hash
187.0 ± 49.1 ms - Map
 79.1 ±  0.8 ms - getState
0.184345
0.199185
0.280801
1932.7 ±  0.0 ms - Total time
1513.9 ±  0.0 ms - Build f time
 83.1 ±  1.6 ms - Apply f time
1263.4 ±  8.6 ms - Real f time 
339.7 ± 10.8 ms - Add time
 13.1 ±  0.4 ms - Find child
 18.3 ±  0.5 ms - Add child
346.6 ±  2.1 ms - Hash
206.6 ± 49.0 ms - Map
100.6 ±  0.8 ms - getState
0.0571165
0.0613937
0.0786015
2011.4 ±  0.0 ms - Total time
1571.0 ±  0.0 ms - Build f time
 87.7 ±  1.6 ms - Apply f time
1313.1 ±  8.6 ms - Real f time 
352.3 ± 10.8 ms - Add time
 14.5 ±  0.4 ms - Find child
 20.8 ±  0.9 ms - Add child
360.4 ±  2.2 ms - Hash
217.1 ± 49.0 ms - Map
107.7 ±  2.2 ms - getState
0.10279
0.111554
0.147267
2158.7 ±  0.0 ms - Total time
1673.8 ±  0.0 ms - Build f time
 96.6 ±  1.7 ms - Apply f time
1406.7 ±  8.8 ms - Real f time 
377.4 ± 10.8 ms - Add time
 16.7 ±  0.5 ms - Find child
 23.4 ±  0.9 ms - Add child
385.9 ±  2.3 ms - Hash
233.9 ± 49.0 ms - Map
118.6 ±  2.5 ms - getState
Dag sizes: 79403 87603 39966 76988 83332 40056 65928 
brutePieces time: 1.26601
 93.8 ±  0.0 ms - Piece loop time
 64.4 ± 43.5 ms - Set time
 67.9 ±  1.8 ms - Child looking time
Nodes:  473276
Pieces: 65658
makePieces time: 0.095071
Memory: 9.2 + 22.3 + 15.1 + 36.9 + 4.8 MB
144.7 ± 23.0 ms - Greedy fill time
composePieces time: 1.52509
                                                                                