Running only task # 360
Using max depth 3
 |                                        | 0 / 416 (0.0%)Function count: 142
0.0280298
0.0309193
0.0221444
0.0243776
0.0169474
0.0182768
0.0426845
0.0471086
 18.3 ±  0.0 ms - Piece loop time
 46.6 ± 44.1 ms - Set time
 16.1 ±  0.8 ms - Child looking time
0.0291995
0.0320203
0.0459063
166.7 ±  0.0 ms - Total time
139.0 ±  0.0 ms - Build f time
  9.7 ±  0.3 ms - Apply f time
133.1 ±  1.5 ms - Real f time 
 37.1 ±  3.8 ms - Add time
  2.2 ±  0.2 ms - Find child
  2.8 ±  0.2 ms - Add child
 22.4 ±  0.5 ms - Hash
 61.0 ± 44.8 ms - Map
  7.7 ±  0.3 ms - getState
0.023528
0.0258227
0.0362944
203.0 ±  0.0 ms - Total time
162.5 ±  0.0 ms - Build f time
 13.8 ±  0.4 ms - Apply f time
157.0 ±  1.6 ms - Real f time 
 44.9 ±  3.8 ms - Add time
  3.7 ±  0.2 ms - Find child
  4.6 ±  0.2 ms - Add child
 28.5 ±  0.6 ms - Hash
 65.5 ± 44.7 ms - Map
 10.6 ±  0.3 ms - getState
0.0180222
0.0193276
0.0254375
228.4 ±  0.0 ms - Total time
180.6 ±  0.0 ms - Build f time
 16.3 ±  0.4 ms - Apply f time
175.5 ±  1.6 ms - Real f time 
 49.6 ±  3.8 ms - Add time
  4.8 ±  0.2 ms - Find child
  5.9 ±  0.3 ms - Add child
 33.6 ±  1.3 ms - Hash
 69.4 ± 44.7 ms - Map
 12.3 ±  0.3 ms - getState
0.0458142
0.0503731
0.0667882
295.3 ±  0.0 ms - Total time
226.4 ±  0.0 ms - Build f time
 22.9 ±  0.5 ms - Apply f time
221.3 ±  1.9 ms - Real f time 
 63.2 ±  3.8 ms - Add time
  7.1 ±  0.3 ms - Find child
  8.7 ±  0.3 ms - Add child
 42.8 ±  1.3 ms - Hash
 78.5 ± 44.6 ms - Map
 17.5 ±  0.4 ms - getState
Dag sizes: 41594 31784 17637 46392 
brutePieces time: 0.17769
 51.9 ±  0.0 ms - Piece loop time
 52.0 ± 41.2 ms - Set time
 41.6 ±  1.0 ms - Child looking time
Nodes:  137407
Pieces: 23385
makePieces time: 0.0529046
Memory: 0.8 + 8.8 + 4.4 + 19.0 + 2.2 MB
  0.2 ±  0.0 ms - Greedy fill time
composePieces time: 0.0182443
                                                                                