Running only task # 326
Using max depth 33
 |                                        | 0 / 416 (0.0%)Function count: 142
0.0957602
0.104658
0.111797
0.12153
0.0715049
0.0779318
0.0947566
0.103134
0.107704
0.117956
0.0712655
0.0778479
0.124471
0.136191
 58.4 ±  0.0 ms - Piece loop time
 63.3 ± 49.9 ms - Set time
 41.6 ±  1.4 ms - Child looking time
0.0981799
0.106789
0.178505
918.0 ±  0.0 ms - Total time
775.4 ±  0.0 ms - Build f time
 34.7 ±  0.6 ms - Apply f time
646.9 ±  4.3 ms - Real f time 
194.5 ± 21.6 ms - Add time
  6.3 ±  0.3 ms - Find child
  8.0 ±  0.3 ms - Add child
134.6 ±  1.2 ms - Hash
137.4 ± 40.3 ms - Map
 40.6 ±  1.0 ms - getState
0.114845
0.125151
0.219387
1137.5 ±  0.0 ms - Total time
890.3 ±  0.0 ms - Build f time
 54.2 ±  1.0 ms - Apply f time
769.5 ± 18.3 ms - Real f time 
239.5 ± 21.7 ms - Add time
 11.6 ±  0.4 ms - Find child
 14.0 ±  0.4 ms - Add child
172.6 ±  1.4 ms - Hash
169.7 ± 40.4 ms - Map
 65.3 ±  1.1 ms - getState
0.0736232
0.080737
0.132917
1270.4 ±  0.0 ms - Total time
963.9 ±  0.0 ms - Build f time
 65.7 ±  1.0 ms - Apply f time
837.2 ± 18.3 ms - Real f time 
268.0 ± 21.7 ms - Add time
 15.4 ±  0.4 ms - Find child
 18.4 ±  0.5 ms - Add child
193.1 ±  1.4 ms - Hash
194.0 ± 40.3 ms - Map
 78.3 ±  1.2 ms - getState
0.0998471
0.108798
0.184202
1454.7 ±  0.0 ms - Total time
1063.7 ±  0.0 ms - Build f time
 81.3 ±  1.4 ms - Apply f time
929.2 ± 18.5 ms - Real f time 
306.9 ± 21.7 ms - Add time
 19.5 ±  0.5 ms - Find child
 23.9 ±  0.5 ms - Add child
226.6 ±  2.0 ms - Hash
220.8 ± 40.3 ms - Map
 97.7 ±  1.2 ms - getState
0.112251
0.12278
0.207487
1662.2 ±  0.0 ms - Total time
1176.0 ±  0.0 ms - Build f time
 99.3 ±  1.5 ms - Apply f time
1033.1 ± 18.6 ms - Real f time 
352.5 ± 21.7 ms - Add time
 24.5 ±  0.6 ms - Find child
 29.9 ±  0.6 ms - Add child
266.4 ±  3.4 ms - Hash
251.1 ± 40.3 ms - Map
120.2 ±  1.3 ms - getState
0.0743081
0.0816519
0.13183
1794.1 ±  0.0 ms - Total time
1250.3 ±  0.0 ms - Build f time
111.2 ±  1.5 ms - Apply f time
1103.9 ± 18.7 ms - Real f time 
380.1 ± 21.7 ms - Add time
 27.8 ±  0.6 ms - Find child
 34.0 ±  0.7 ms - Add child
288.1 ±  3.5 ms - Hash
273.3 ± 40.3 ms - Map
133.2 ±  1.3 ms - getState
0.127181
0.13885
0.235328
2029.5 ±  0.0 ms - Total time
1377.5 ±  0.0 ms - Build f time
128.9 ±  1.6 ms - Apply f time
1222.1 ± 18.8 ms - Real f time 
431.1 ± 21.7 ms - Add time
 32.0 ±  0.6 ms - Find child
 40.4 ±  0.7 ms - Add child
331.7 ±  3.5 ms - Hash
302.1 ± 40.3 ms - Map
158.4 ±  1.5 ms - getState
Dag sizes: 119740 142363 105607 124744 139964 107600 140201 
brutePieces time: 1.29485
196.5 ±  0.0 ms - Piece loop time
 83.0 ± 38.2 ms - Set time
146.7 ±  8.8 ms - Child looking time
Nodes:  880219
Pieces: 154999
makePieces time: 0.198016
Memory: 10.1 + 34.2 + 28.2 + 43.4 + 10.4 MB
 22.7 ±  1.0 ms - Greedy fill time
composePieces time: 3.14904
                                                                                