Running only task # 302
Using max depth 3
 |                                        | 0 / 416 (0.0%)Function count: 142
0.511689
0.590512
0.6858
0.793022
0.813847
0.94025
0.844561
0.987655
 52.3 ±  0.0 ms - Piece loop time
 29.3 ± 15.7 ms - Set time
 36.2 ±  1.1 ms - Child looking time
0.520644
0.600437
1.31169
4623.3 ±  0.0 ms - Total time
3376.5 ±  0.0 ms - Build f time
289.3 ±  6.8 ms - Apply f time
2982.6 ± 29.7 ms - Real f time 
1032.8 ± 31.4 ms - Add time
 26.7 ±  0.6 ms - Find child
 36.0 ±  0.7 ms - Add child
491.0 ±  3.3 ms - Hash
277.8 ± 37.9 ms - Map
370.2 ±  3.9 ms - getState
0.687072
0.797389
1.67318
6296.5 ±  0.0 ms - Total time
4063.6 ±  0.0 ms - Build f time
419.9 ±  7.2 ms - Apply f time
3625.2 ± 31.1 ms - Real f time 
1467.0 ± 31.8 ms - Add time
 49.5 ±  0.8 ms - Find child
 69.7 ±  2.2 ms - Add child
770.7 ±  4.1 ms - Hash
424.2 ± 37.9 ms - Map
614.1 ±  4.8 ms - getState
0.868711
0.996787
1.98951
8286.1 ±  0.0 ms - Total time
4932.3 ±  0.0 ms - Build f time
564.7 ±  7.7 ms - Apply f time
4463.8 ± 35.0 ms - Real f time 
1982.0 ± 33.1 ms - Add time
 73.3 ±  1.0 ms - Find child
100.8 ±  2.3 ms - Add child
1086.4 ±  4.4 ms - Hash
576.5 ± 38.0 ms - Map
893.7 ±  5.6 ms - getState
0.842966
0.984061
2.05416
10340.3 ±  0.0 ms - Total time
5775.3 ±  0.0 ms - Build f time
724.2 ±  8.4 ms - Apply f time
5240.1 ± 36.5 ms - Real f time 
2541.4 ± 33.8 ms - Add time
100.0 ±  1.1 ms - Find child
135.7 ±  3.0 ms - Add child
1426.7 ±  4.8 ms - Hash
742.1 ± 38.0 ms - Map
1205.3 ± 16.2 ms - getState
Dag sizes: 624049 667434 693099 761431 
brutePieces time: 7.03028
343.8 ±  0.0 ms - Piece loop time
193.9 ± 48.0 ms - Set time
193.3 ±  1.9 ms - Child looking time
Nodes:  2746013
Pieces: 632264
makePieces time: 0.346698
Memory: 95.3 + 82.2 + 87.9 + 64.9 + 23.7 MB
241.5 ±  0.0 ms - Greedy fill time
composePieces time: 4.78494
                                                                                