Running only task # 100
Using max depth 4
 |                                        | 0 / 416 (0.0%)Function count: 142
0.0695429
0.076179
0.0643708
0.0699212
0.0697091
0.0763277
0.0677076
0.0736959
0.0717023
0.0786561
 15.3 ±  0.0 ms - Piece loop time
 41.7 ± 38.8 ms - Set time
 11.7 ±  1.0 ms - Child looking time
1.49018
1.62113
2.17776
2560.7 ±  0.0 ms - Total time
1833.2 ±  0.0 ms - Build f time
126.6 ±  1.4 ms - Apply f time
1589.5 ± 18.0 ms - Real f time 
405.3 ±  6.1 ms - Add time
 27.9 ±  0.6 ms - Find child
 37.6 ±  0.8 ms - Add child
442.0 ±  2.5 ms - Hash
337.5 ± 37.4 ms - Map
183.0 ±  4.3 ms - getState
1.31228
1.41949
1.8605
4421.3 ±  0.0 ms - Total time
3145.5 ±  0.0 ms - Build f time
225.1 ±  1.8 ms - Apply f time
2739.3 ± 19.7 ms - Real f time 
751.9 ± 32.2 ms - Add time
 49.5 ±  0.8 ms - Find child
 69.1 ±  1.1 ms - Add child
772.0 ±  3.3 ms - Hash
546.8 ± 37.6 ms - Map
322.2 ±  4.5 ms - getState
1.48102
1.61131
2.13662
6557.9 ±  0.0 ms - Total time
4626.5 ±  0.0 ms - Build f time
339.0 ±  2.1 ms - Apply f time
4013.6 ± 20.8 ms - Real f time 
1088.5 ± 32.4 ms - Add time
 74.6 ±  1.0 ms - Find child
105.7 ±  1.5 ms - Add child
1141.7 ±  3.8 ms - Hash
824.5 ± 38.0 ms - Map
488.7 ±  6.8 ms - getState
1.41377
1.52849
1.97847
8536.4 ±  0.0 ms - Total time
6040.3 ±  0.0 ms - Build f time
444.0 ±  2.4 ms - Apply f time
5257.7 ± 28.8 ms - Real f time 
1404.6 ± 33.1 ms - Add time
 99.3 ±  1.2 ms - Find child
143.2 ±  4.7 ms - Add child
1499.8 ±  6.7 ms - Hash
1056.9 ± 38.2 ms - Map
637.1 ±  7.0 ms - getState
1.49884
1.62969
2.16209
10698.5 ±  0.0 ms - Total time
7539.1 ±  0.0 ms - Build f time
564.3 ±  2.7 ms - Apply f time
6590.9 ± 33.1 ms - Real f time 
1773.0 ± 38.2 ms - Add time
126.8 ±  1.3 ms - Find child
181.3 ±  4.8 ms - Add child
1889.9 ±  8.5 ms - Hash
1507.3 ± 184.5 ms - Map
807.2 ±  7.2 ms - getState
Dag sizes: 923805 782211 886236 809636 909830 
brutePieces time: 10.318
965.6 ±  0.0 ms - Piece loop time
294.4 ± 25.0 ms - Set time
606.7 ±  5.4 ms - Child looking time
Nodes:  4311718
Pieces: 713011
makePieces time: 0.968408
Memory: 62.8 + 234.0 + 138.0 + 110.9 + 42.1 MB
 11.6 ±  0.6 ms - Greedy fill time
composePieces time: 6.56422
                                                                                