Running only task # 125
Using max depth 33
 |                                        | 0 / 416 (0.0%)Function count: 142
0.0365391
0.0386286
0.0245926
0.0257676
0.0486799
0.0515758
0.0378812
0.0398566
0.0254129
0.0268382
0.0487315
0.0515695
0.050476
0.0529133
 55.2 ±  0.0 ms - Piece loop time
 47.1 ± 41.7 ms - Set time
 48.4 ±  1.6 ms - Child looking time
0.0541868
0.056649
0.0802979
367.6 ±  0.0 ms - Total time
326.5 ±  0.0 ms - Build f time
 10.6 ±  0.3 ms - Apply f time
284.3 ±  3.1 ms - Real f time 
 57.1 ±  2.8 ms - Add time
  2.8 ±  0.6 ms - Find child
  2.9 ±  0.2 ms - Add child
 61.1 ±  0.8 ms - Hash
 69.6 ± 37.0 ms - Map
 13.2 ±  0.3 ms - getState
0.0340356
0.0353892
0.0440044
411.7 ±  0.0 ms - Total time
360.5 ±  0.0 ms - Build f time
 12.7 ±  0.4 ms - Apply f time
314.6 ±  3.3 ms - Real f time 
 63.7 ±  2.8 ms - Add time
  3.5 ±  0.6 ms - Find child
  3.7 ±  0.2 ms - Add child
 69.9 ±  0.9 ms - Hash
 74.2 ± 36.9 ms - Map
 15.6 ±  0.3 ms - getState
0.0601184
0.0633599
0.0818077
493.5 ±  0.0 ms - Total time
420.6 ±  0.0 ms - Build f time
 17.8 ±  0.5 ms - Apply f time
367.9 ±  3.4 ms - Real f time 
 77.2 ±  2.9 ms - Add time
  4.8 ±  0.7 ms - Find child
  5.3 ±  0.3 ms - Add child
 86.2 ±  0.9 ms - Hash
 82.0 ± 37.0 ms - Map
 21.1 ±  0.4 ms - getState
0.0541325
0.0564671
0.0756533
569.2 ±  0.0 ms - Total time
474.8 ±  0.0 ms - Build f time
 22.5 ±  0.5 ms - Apply f time
414.3 ±  3.6 ms - Real f time 
 90.1 ±  2.9 ms - Add time
  6.1 ±  0.7 ms - Find child
  6.9 ±  0.3 ms - Add child
101.8 ±  1.0 ms - Hash
 88.4 ± 37.0 ms - Map
 26.8 ±  0.7 ms - getState
0.0333221
0.0348935
0.0438137
613.1 ±  0.0 ms - Total time
508.1 ±  0.0 ms - Build f time
 25.0 ±  0.5 ms - Apply f time
445.3 ±  4.2 ms - Real f time 
 98.5 ±  3.0 ms - Add time
  6.8 ±  0.7 ms - Find child
  7.8 ±  0.3 ms - Add child
110.6 ±  1.1 ms - Hash
 92.4 ± 37.0 ms - Map
 30.4 ±  1.1 ms - getState
0.0669932
0.0703744
0.0905493
703.6 ±  0.0 ms - Total time
575.1 ±  0.0 ms - Build f time
 30.3 ±  0.6 ms - Apply f time
502.9 ±  4.4 ms - Real f time 
113.5 ±  3.2 ms - Add time
  8.4 ±  0.7 ms - Find child
  9.5 ±  0.4 ms - Add child
127.8 ±  1.1 ms - Hash
102.4 ± 37.0 ms - Map
 35.8 ±  1.1 ms - getState
0.0684134
0.071279
0.0968665
800.5 ±  0.0 ms - Total time
643.5 ±  0.0 ms - Build f time
 36.3 ±  0.6 ms - Apply f time
569.5 ±  6.0 ms - Real f time 
128.6 ±  3.2 ms - Add time
 10.1 ±  0.7 ms - Find child
 11.5 ±  0.4 ms - Add child
145.0 ±  1.2 ms - Hash
112.5 ± 37.0 ms - Map
 42.7 ±  1.1 ms - getState
Dag sizes: 39455 19310 39954 40197 19747 42507 40323 
brutePieces time: 0.518217
106.1 ±  0.0 ms - Piece loop time
 50.6 ± 37.7 ms - Set time
 90.8 ±  3.4 ms - Child looking time
Nodes:  241493
Pieces: 55238
makePieces time: 0.107155
Memory: 2.7 + 14.4 + 7.7 + 33.2 + 4.1 MB
 16.0 ±  1.1 ms - Greedy fill time
composePieces time: 0.960588
                                                                                