Running only task # 124
Using max depth 23
 |                                        | 0 / 416 (0.0%)Function count: 142
0.145858
0.156601
0.11137
0.119336
0.123146
0.133441
0.147237
0.157653
0.109731
0.117386
0.120337
0.12959
0.156571
0.167997
 44.7 ±  0.0 ms - Piece loop time
 47.6 ± 37.5 ms - Set time
 32.9 ±  1.2 ms - Child looking time
0.147562
0.15763
0.283427
1265.8 ±  0.0 ms - Total time
1061.8 ±  0.0 ms - Build f time
 40.8 ±  0.8 ms - Apply f time
847.8 ±  9.2 ms - Real f time 
224.3 ±  3.0 ms - Add time
  5.5 ±  0.3 ms - Find child
  7.7 ±  0.4 ms - Add child
214.7 ±  2.4 ms - Hash
128.8 ± 38.9 ms - Map
 57.3 ±  0.8 ms - getState
0.111483
0.11917
0.215716
1481.5 ±  0.0 ms - Total time
1173.3 ±  0.0 ms - Build f time
 56.9 ±  1.0 ms - Apply f time
945.5 ±  9.4 ms - Real f time 
274.8 ±  3.6 ms - Add time
  9.6 ±  0.4 ms - Find child
 12.7 ±  0.5 ms - Add child
259.4 ±  2.5 ms - Hash
152.6 ± 38.9 ms - Map
 81.3 ±  0.9 ms - getState
0.117998
0.126404
0.2231
1704.7 ±  0.0 ms - Total time
1291.3 ±  0.0 ms - Build f time
 73.7 ±  1.1 ms - Apply f time
1046.9 ±  9.6 ms - Real f time 
339.8 ± 13.6 ms - Add time
 13.5 ±  0.4 ms - Find child
 17.6 ±  0.5 ms - Add child
305.7 ±  2.6 ms - Hash
174.5 ± 39.0 ms - Map
106.4 ±  1.0 ms - getState
0.148319
0.158591
0.286313
1991.0 ±  0.0 ms - Total time
1439.6 ±  0.0 ms - Build f time
 93.4 ±  1.2 ms - Apply f time
1171.5 ±  9.8 ms - Real f time 
409.1 ± 14.1 ms - Add time
 17.6 ±  0.5 ms - Find child
 22.8 ±  0.6 ms - Add child
367.1 ±  2.7 ms - Hash
196.1 ± 38.9 ms - Map
140.5 ±  1.2 ms - getState
0.111355
0.118878
0.213368
2204.4 ±  0.0 ms - Total time
1551.0 ±  0.0 ms - Build f time
108.9 ±  1.3 ms - Apply f time
1266.6 ± 10.1 ms - Real f time 
458.2 ± 14.1 ms - Add time
 21.6 ±  0.5 ms - Find child
 28.4 ±  0.6 ms - Add child
411.4 ±  2.7 ms - Hash
216.8 ± 39.0 ms - Map
165.4 ±  1.2 ms - getState
0.119516
0.128208
0.230477
2434.9 ±  0.0 ms - Total time
1670.5 ±  0.0 ms - Build f time
125.6 ±  1.4 ms - Apply f time
1371.8 ± 10.3 ms - Real f time 
511.0 ± 14.1 ms - Add time
 25.5 ±  0.6 ms - Find child
 34.4 ±  0.7 ms - Add child
457.4 ±  2.8 ms - Hash
240.6 ± 38.9 ms - Map
191.0 ±  1.3 ms - getState
0.162613
0.174248
0.328618
2763.6 ±  0.0 ms - Total time
1833.1 ±  0.0 ms - Build f time
147.4 ±  1.5 ms - Apply f time
1505.2 ± 10.7 ms - Real f time 
591.2 ± 14.5 ms - Add time
 30.2 ±  0.6 ms - Find child
 40.5 ±  0.8 ms - Add child
526.8 ±  2.9 ms - Hash
271.7 ± 38.9 ms - Map
229.1 ±  1.4 ms - getState
Dag sizes: 133276 124081 126956 133583 124510 127118 152709 
brutePieces time: 1.78636
159.7 ±  0.0 ms - Piece loop time
 91.3 ± 51.5 ms - Set time
110.2 ±  1.8 ms - Child looking time
Nodes:  922233
Pieces: 145221
makePieces time: 0.161382
Memory: 18.5 + 33.7 + 29.5 + 44.1 + 9.2 MB
 73.0 ±  2.7 ms - Greedy fill time
composePieces time: 6.96146
                                                                                