Running only task # 30
Using max depth 33
 |                                        | 0 / 416 (0.0%)Function count: 142
0.0429901
0.0455592
0.0472293
0.0499926
0.0438664
0.0477924
0.0449646
0.0476358
0.0467532
0.0494221
0.0476416
0.0500751
0.0559007
0.0593727
 37.8 ±  0.0 ms - Piece loop time
 40.4 ± 36.1 ms - Set time
 34.6 ±  1.7 ms - Child looking time
0.0477857
0.0500478
0.0609086
411.0 ±  0.0 ms - Total time
377.1 ±  0.0 ms - Build f time
  9.8 ±  0.4 ms - Apply f time
335.3 ± 13.6 ms - Real f time 
 60.7 ±  3.2 ms - Add time
  2.3 ±  0.2 ms - Find child
  2.9 ±  0.2 ms - Add child
 68.3 ±  1.1 ms - Hash
 77.0 ± 38.1 ms - Map
 10.4 ±  0.3 ms - getState
0.0507646
0.0535209
0.0664439
477.5 ±  0.0 ms - Total time
427.9 ±  0.0 ms - Build f time
 14.0 ±  0.4 ms - Apply f time
380.4 ± 13.6 ms - Real f time 
 71.9 ±  3.4 ms - Add time
  4.4 ±  0.7 ms - Find child
  4.4 ±  0.2 ms - Add child
 81.7 ±  1.2 ms - Hash
 85.2 ± 38.1 ms - Map
 14.1 ±  0.4 ms - getState
0.0505204
0.053406
0.0663607
543.9 ±  0.0 ms - Total time
478.4 ±  0.0 ms - Build f time
 18.3 ±  0.5 ms - Apply f time
437.0 ± 19.0 ms - Real f time 
 85.6 ±  4.6 ms - Add time
  5.7 ±  0.7 ms - Find child
  6.2 ±  0.3 ms - Add child
 94.6 ±  1.2 ms - Hash
 93.2 ± 38.2 ms - Map
 18.0 ±  0.4 ms - getState
0.049079
0.0514531
0.0628362
606.8 ±  0.0 ms - Total time
527.5 ±  0.0 ms - Build f time
 21.9 ±  0.5 ms - Apply f time
479.4 ± 19.0 ms - Real f time 
 95.2 ±  4.7 ms - Add time
  6.8 ±  0.7 ms - Find child
  7.6 ±  0.3 ms - Add child
106.9 ±  1.3 ms - Hash
100.8 ± 38.2 ms - Map
 21.4 ±  0.4 ms - getState
0.051614
0.0544871
0.0665879
673.4 ±  0.0 ms - Total time
579.1 ±  0.0 ms - Build f time
 26.5 ±  0.6 ms - Apply f time
525.2 ± 19.1 ms - Real f time 
105.6 ±  4.7 ms - Add time
  8.2 ±  0.7 ms - Find child
  9.4 ±  0.4 ms - Add child
119.7 ±  1.3 ms - Hash
108.7 ± 38.2 ms - Map
 25.0 ±  0.5 ms - getState
0.0505729
0.0530495
0.0661587
739.6 ±  0.0 ms - Total time
629.7 ±  0.0 ms - Build f time
 30.5 ±  0.6 ms - Apply f time
568.4 ± 19.1 ms - Real f time 
119.0 ±  5.6 ms - Add time
  9.5 ±  0.7 ms - Find child
 11.0 ±  0.4 ms - Add child
132.4 ±  1.4 ms - Hash
116.2 ± 38.2 ms - Map
 28.7 ±  0.5 ms - getState
0.0669361
0.0701423
0.0889562
828.5 ±  0.0 ms - Total time
696.6 ±  0.0 ms - Build f time
 36.2 ±  0.7 ms - Apply f time
628.3 ± 19.1 ms - Real f time 
134.3 ±  5.6 ms - Add time
 11.1 ±  0.7 ms - Find child
 12.8 ±  0.4 ms - Add child
148.6 ±  1.4 ms - Hash
126.5 ± 38.2 ms - Map
 34.3 ±  0.6 ms - getState
Dag sizes: 32048 34664 35707 31809 33811 34121 45473 
brutePieces time: 0.482805
 80.0 ±  0.0 ms - Piece loop time
 45.3 ± 35.4 ms - Set time
 62.1 ±  1.8 ms - Child looking time
Nodes:  247633
Pieces: 36767
makePieces time: 0.0810666
Memory: 2.0 + 16.6 + 7.9 + 33.3 + 3.2 MB
  2.8 ±  0.0 ms - Greedy fill time
composePieces time: 0.252383
                                                                                