Running only task # 331
Using max depth 3
 |                                        | 0 / 416 (0.0%)Function count: 142
0.0138631
0.0147452
0.011338
0.0119091
0.0212127
0.0222034
0.0233837
0.0247561
 13.5 ±  0.0 ms - Piece loop time
 39.3 ± 36.4 ms - Set time
 10.6 ±  0.6 ms - Child looking time
0.013849
0.0145826
0.0171289
 90.8 ±  0.0 ms - Total time
 83.6 ±  0.0 ms - Build f time
  2.5 ±  0.2 ms - Apply f time
 77.1 ±  1.4 ms - Real f time 
 14.4 ±  0.5 ms - Add time
  0.6 ±  0.1 ms - Find child
  0.8 ±  0.1 ms - Add child
 16.5 ±  1.4 ms - Hash
 58.0 ± 38.9 ms - Map
  2.2 ±  0.1 ms - getState
0.00934477
0.00979545
0.0111724
102.0 ±  0.0 ms - Total time
 93.0 ±  0.0 ms - Build f time
  3.3 ±  0.2 ms - Apply f time
 87.5 ±  1.4 ms - Real f time 
 16.5 ±  0.6 ms - Add time
  1.0 ±  0.1 ms - Find child
  1.0 ±  0.1 ms - Add child
 18.6 ±  1.4 ms - Hash
 59.7 ± 38.8 ms - Map
  2.7 ±  0.2 ms - getState
0.018342
0.0193014
0.0238922
125.9 ±  0.0 ms - Total time
111.3 ±  0.0 ms - Build f time
  5.0 ±  0.2 ms - Apply f time
105.5 ±  1.5 ms - Real f time 
 21.0 ±  0.7 ms - Add time
  1.5 ±  0.1 ms - Find child
  1.8 ±  0.2 ms - Add child
 22.9 ±  1.4 ms - Hash
 62.7 ± 38.9 ms - Map
  4.1 ±  0.2 ms - getState
0.0231151
0.0243585
0.0300921
156.0 ±  0.0 ms - Total time
134.4 ±  0.0 ms - Build f time
  7.1 ±  0.3 ms - Apply f time
127.4 ±  1.6 ms - Real f time 
 26.6 ±  0.7 ms - Add time
  2.1 ±  0.2 ms - Find child
  2.6 ±  0.2 ms - Add child
 28.5 ±  1.4 ms - Hash
 69.8 ± 38.9 ms - Map
  5.9 ±  0.2 ms - getState
Dag sizes: 10961 6632 16922 22402 
brutePieces time: 0.0856484
 21.2 ±  0.0 ms - Piece loop time
 38.5 ± 35.2 ms - Set time
 16.8 ±  0.6 ms - Child looking time
Nodes:  56917
Pieces: 16681
makePieces time: 0.0220161
Memory: 0.3 + 4.6 + 1.8 + 17.7 + 0.9 MB
  0.3 ±  0.0 ms - Greedy fill time
composePieces time: 0.0230181
                                                                                