Running only task # 194
Using max depth 23
 |                                        | 0 / 416 (0.0%)Function count: 142
0.0630639
0.0683352
0.0708637
0.0764719
0.0767633
0.0829437
0.067443
0.0734451
0.0629862
0.0680309
0.0685493
0.0740386
0.0791546
0.0879264
0.0760071
0.0820995
0.143036
0.153271
 63.3 ±  0.0 ms - Piece loop time
 47.3 ± 39.1 ms - Set time
 53.6 ±  1.6 ms - Child looking time
0.0644459
0.0695904
0.1081
875.1 ±  0.0 ms - Total time
772.3 ±  0.0 ms - Build f time
 25.5 ±  0.6 ms - Apply f time
620.4 ±  5.7 ms - Real f time 
165.2 ± 18.6 ms - Add time
  3.1 ±  0.2 ms - Find child
  4.6 ±  0.3 ms - Add child
137.4 ±  1.2 ms - Hash
106.1 ± 40.5 ms - Map
 31.6 ±  0.6 ms - getState
0.0721321
0.0774644
0.126853
1002.0 ±  0.0 ms - Total time
844.4 ±  0.0 ms - Build f time
 33.9 ±  0.7 ms - Apply f time
683.6 ±  6.0 ms - Real f time 
191.1 ± 18.6 ms - Add time
  5.0 ±  0.2 ms - Find child
  7.1 ±  0.3 ms - Add child
163.3 ±  1.3 ms - Hash
120.2 ± 40.5 ms - Map
 45.4 ±  0.7 ms - getState
0.0833773
0.0892259
0.147796
1149.8 ±  0.0 ms - Total time
927.8 ±  0.0 ms - Build f time
 43.7 ±  0.8 ms - Apply f time
755.3 ±  6.2 ms - Real f time 
219.9 ± 18.6 ms - Add time
  7.1 ±  0.3 ms - Find child
  9.9 ±  0.4 ms - Add child
192.0 ±  1.4 ms - Hash
134.0 ± 40.5 ms - Map
 62.4 ±  0.8 ms - getState
0.0696084
0.0753061
0.114607
1264.5 ±  0.0 ms - Total time
997.4 ±  0.0 ms - Build f time
 53.6 ±  0.9 ms - Apply f time
818.6 ±  6.8 ms - Real f time 
243.7 ± 18.6 ms - Add time
 10.0 ±  0.4 ms - Find child
 13.4 ±  0.4 ms - Add child
212.1 ±  1.4 ms - Hash
148.5 ± 40.5 ms - Map
 74.0 ±  0.8 ms - getState
0.0627621
0.0677402
0.106802
1371.3 ±  0.0 ms - Total time
1060.2 ±  0.0 ms - Build f time
 61.9 ±  0.9 ms - Apply f time
876.4 ±  6.9 ms - Real f time 
265.9 ± 18.6 ms - Add time
 12.2 ±  0.4 ms - Find child
 15.9 ±  0.5 ms - Add child
231.3 ±  1.5 ms - Hash
157.4 ± 40.5 ms - Map
 85.1 ±  0.9 ms - getState
0.071306
0.0766294
0.125033
1496.4 ±  0.0 ms - Total time
1131.5 ±  0.0 ms - Build f time
 70.1 ±  1.0 ms - Apply f time
944.3 ±  7.4 ms - Real f time 
305.4 ± 22.4 ms - Add time
 22.0 ±  7.8 ms - Find child
 18.4 ±  0.5 ms - Add child
257.5 ±  1.6 ms - Hash
168.2 ± 40.5 ms - Map
 98.0 ±  0.9 ms - getState
0.0784763
0.0843236
0.133852
1630.3 ±  0.0 ms - Total time
1210.0 ±  0.0 ms - Build f time
 78.6 ±  1.0 ms - Apply f time
1012.1 ±  7.5 ms - Real f time 
332.9 ± 22.4 ms - Add time
 23.8 ±  7.8 ms - Find child
 21.0 ±  0.5 ms - Add child
285.2 ±  1.6 ms - Hash
180.8 ± 40.5 ms - Map
112.0 ±  1.0 ms - getState
0.0672076
0.0731328
0.110427
1740.7 ±  0.0 ms - Total time
1277.2 ±  0.0 ms - Build f time
 87.8 ±  1.1 ms - Apply f time
1072.3 ±  7.6 ms - Real f time 
355.2 ± 22.4 ms - Add time
 26.5 ±  7.8 ms - Find child
 24.8 ±  0.6 ms - Add child
305.3 ±  1.7 ms - Hash
194.4 ± 40.5 ms - Map
123.9 ±  1.2 ms - getState
0.143141
0.153443
0.246651
1987.4 ±  0.0 ms - Total time
1420.3 ±  0.0 ms - Build f time
102.0 ±  1.2 ms - Apply f time
1193.9 ±  8.3 ms - Real f time 
414.2 ± 23.5 ms - Add time
 29.1 ±  7.8 ms - Find child
 28.6 ±  0.6 ms - Add child
360.8 ±  1.9 ms - Hash
209.9 ± 40.5 ms - Map
150.8 ±  1.3 ms - getState
Dag sizes: 58097 63823 61740 72208 58170 63726 61683 71835 83009 
brutePieces time: 1.22627
140.6 ±  0.0 ms - Piece loop time
 55.0 ± 34.5 ms - Set time
137.6 ± 18.4 ms - Child looking time
Nodes:  594291
Pieces: 89036
makePieces time: 0.141854
Memory: 10.6 + 25.6 + 19.0 + 47.3 + 7.5 MB
 44.3 ±  1.8 ms - Greedy fill time
composePieces time: 3.38771
                                                                                