Running only task # 53
Using max depth 4
 |                                        | 0 / 416 (0.0%)Function count: 142
0.631965
0.696507
0.711238
0.783684
0.667809
0.74968
0.676075
0.761735
 50.1 ±  0.0 ms - Piece loop time
 49.4 ± 37.9 ms - Set time
 35.7 ±  1.2 ms - Child looking time
21.2097
23.554
29.5172
32509.0 ±  0.0 ms - Total time
23896.8 ±  0.0 ms - Build f time
1382.4 ± 10.3 ms - Apply f time
17761.0 ± 87.5 ms - Real f time 
6183.7 ± 109.0 ms - Add time
172.6 ±  1.6 ms - Find child
253.7 ±  2.3 ms - Add child
5970.9 ± 18.9 ms - Hash
1716.4 ± 38.5 ms - Map
2918.4 ± 17.1 ms - getState
24.2328
26.8538
33.8213
66330.3 ±  0.0 ms - Total time
48129.6 ±  0.0 ms - Build f time
2818.3 ± 15.7 ms - Apply f time
35795.3 ± 135.8 ms - Real f time 
12387.5 ± 115.9 ms - Add time
354.4 ±  2.2 ms - Find child
517.3 ±  3.3 ms - Add child
12168.1 ± 28.7 ms - Hash
3364.3 ± 43.3 ms - Map
6351.1 ± 25.7 ms - getState
22.2015
24.8131
31.4075
97737.9 ±  0.0 ms - Total time
70331.1 ±  0.0 ms - Build f time
4267.9 ± 18.9 ms - Apply f time
52736.4 ± 158.8 ms - Real f time 
18314.8 ± 124.9 ms - Add time
542.2 ±  2.8 ms - Find child
804.5 ±  5.4 ms - Add child
17739.6 ± 34.3 ms - Hash
5125.5 ± 44.2 ms - Map
9412.0 ± 39.2 ms - getState
24.4846
27.4049
35.2161
132954.0 ±  0.0 ms - Total time
94815.8 ±  0.0 ms - Build f time
5917.8 ± 22.8 ms - Apply f time
71303.9 ± 183.0 ms - Real f time 
25086.2 ± 134.0 ms - Add time
792.6 ± 16.9 ms - Find child
1143.6 ±  8.7 ms - Add child
23876.9 ± 49.8 ms - Hash
7193.7 ± 45.3 ms - Map
13080.3 ± 46.8 ms - getState
Dag sizes: 4194176 4463445 4953202 5762855 
brutePieces time: 129.964
5932.5 ±  0.0 ms - Piece loop time
2149.6 ± 25.2 ms - Set time
3524.0 ± 21.6 ms - Child looking time
Nodes:  19373678
Pieces: 310318
makePieces time: 5.93611
Memory: 1312.1 + 1019.2 + 620.0 + 477.8 + 179.4 MB
 50.5 ±  0.0 ms - Greedy fill time
composePieces time: 0.780664
                                                                                