Running only task # 268
Using max depth 4
 |                                        | 0 / 416 (0.0%)Function count: 142
0.125543
0.139378
0.117817
0.129298
0.130591
0.143875
0.125165
0.138304
 25.9 ±  0.0 ms - Piece loop time
 45.2 ± 38.6 ms - Set time
 17.6 ±  0.9 ms - Child looking time
3.5458
3.91043
7.45128
8002.3 ±  0.0 ms - Total time
4044.9 ±  0.0 ms - Build f time
584.9 ±  3.0 ms - Apply f time
3656.2 ± 19.5 ms - Real f time 
1682.0 ± 13.6 ms - Add time
138.1 ±  1.3 ms - Find child
216.0 ±  2.1 ms - Add child
1306.0 ±  8.8 ms - Hash
1412.2 ± 39.4 ms - Map
803.2 ±  8.1 ms - getState
3.14252
3.46937
6.35722
14359.5 ±  0.0 ms - Total time
7187.4 ±  0.0 ms - Build f time
1059.4 ±  4.1 ms - Apply f time
6477.5 ± 22.0 ms - Real f time 
3025.7 ± 33.6 ms - Add time
259.2 ±  2.0 ms - Find child
389.9 ±  2.7 ms - Add child
2359.8 ± 10.5 ms - Hash
2587.1 ± 46.1 ms - Map
1437.8 ±  8.7 ms - getState
3.81512
4.22567
8.04944
22409.0 ±  0.0 ms - Total time
11002.6 ±  0.0 ms - Build f time
1691.6 ±  5.2 ms - Apply f time
9962.3 ± 24.7 ms - Real f time 
4804.3 ± 44.9 ms - Add time
410.1 ±  2.5 ms - Find child
624.5 ±  3.6 ms - Add child
3662.8 ± 11.5 ms - Hash
4052.1 ± 47.1 ms - Map
2309.0 ±  9.6 ms - getState
3.39425
3.74391
6.90346
29312.5 ±  0.0 ms - Total time
14396.8 ±  0.0 ms - Build f time
2220.1 ±  9.1 ms - Apply f time
13060.1 ± 34.0 ms - Real f time 
6261.6 ± 56.6 ms - Add time
540.3 ±  2.8 ms - Find child
818.6 ±  4.7 ms - Add child
4817.6 ± 12.3 ms - Hash
5223.1 ± 47.8 ms - Map
3025.4 ± 18.9 ms - getState
Dag sizes: 4790541 3905846 5152210 4270181 
brutePieces time: 28.7629
4378.2 ±  0.0 ms - Piece loop time
1792.6 ± 18.9 ms - Set time
2446.4 ± 16.6 ms - Child looking time
Nodes:  18118778
Pieces: 4701177
makePieces time: 4.39076
Memory: 243.0 + 701.7 + 579.8 + 424.1 + 202.2 MB
 76.2 ±  0.0 ms - Greedy fill time
composePieces time: 13.2846
                                                                                