Running only task # 278
Using max depth 3
 |                                        | 0 / 416 (0.0%)Function count: 142
0.126505
0.143371
0.140336
0.165559
0.139833
0.159913
0.111543
0.126373
0.116454
0.132429
0.125142
0.14336
 56.5 ±  0.0 ms - Piece loop time
 48.9 ± 37.9 ms - Set time
 43.3 ±  1.4 ms - Child looking time
0.121904
0.137941
0.20739
1078.7 ±  0.0 ms - Total time
881.7 ±  0.0 ms - Build f time
 58.6 ±  0.9 ms - Apply f time
767.9 ±  4.5 ms - Real f time 
239.0 ± 27.0 ms - Add time
  9.0 ±  0.3 ms - Find child
 12.3 ±  0.4 ms - Add child
129.2 ±  1.4 ms - Hash
173.7 ± 49.7 ms - Map
 55.4 ±  0.7 ms - getState
0.132935
0.150331
0.238622
1317.3 ±  0.0 ms - Total time
1014.6 ±  0.0 ms - Build f time
 83.3 ±  1.4 ms - Apply f time
896.3 ±  4.8 ms - Real f time 
294.3 ± 27.0 ms - Add time
 16.2 ±  0.5 ms - Find child
 21.8 ±  0.5 ms - Add child
163.5 ±  1.5 ms - Hash
210.5 ± 49.7 ms - Map
 82.1 ±  1.3 ms - getState
0.153576
0.172352
0.256359
1573.7 ±  0.0 ms - Total time
1168.2 ±  0.0 ms - Build f time
108.4 ±  1.5 ms - Apply f time
1035.9 ±  5.1 ms - Real f time 
362.6 ± 28.7 ms - Add time
 23.0 ±  0.5 ms - Find child
 31.0 ±  0.6 ms - Add child
199.2 ±  1.7 ms - Hash
243.0 ± 49.7 ms - Map
109.9 ±  1.4 ms - getState
0.115469
0.131127
0.195999
1769.8 ±  0.0 ms - Total time
1283.7 ±  0.0 ms - Build f time
129.1 ±  1.6 ms - Apply f time
1146.4 ±  5.4 ms - Real f time 
406.0 ± 28.6 ms - Add time
 29.1 ±  0.6 ms - Find child
 38.5 ±  0.7 ms - Add child
227.8 ±  1.8 ms - Hash
267.4 ± 49.6 ms - Map
131.0 ±  1.5 ms - getState
0.11779
0.133348
0.201901
1971.7 ±  0.0 ms - Total time
1401.5 ±  0.0 ms - Build f time
148.9 ±  1.6 ms - Apply f time
1259.4 ±  5.7 ms - Real f time 
464.6 ± 31.5 ms - Add time
 34.6 ±  0.7 ms - Find child
 45.7 ±  0.8 ms - Add child
258.1 ±  1.8 ms - Hash
292.1 ± 49.6 ms - Map
152.9 ±  1.6 ms - getState
0.135514
0.153328
0.233661
2205.4 ±  0.0 ms - Total time
1537.0 ±  0.0 ms - Build f time
173.0 ±  1.8 ms - Apply f time
1387.2 ±  5.9 ms - Real f time 
519.1 ± 31.6 ms - Add time
 40.6 ±  0.7 ms - Find child
 54.3 ±  0.8 ms - Add child
292.0 ±  2.0 ms - Hash
323.1 ± 49.6 ms - Map
178.3 ±  1.7 ms - getState
Dag sizes: 167145 175465 191974 154718 161004 183166 
brutePieces time: 1.33811
188.9 ±  0.0 ms - Piece loop time
 87.4 ± 40.7 ms - Set time
129.4 ±  2.3 ms - Child looking time
Nodes:  1033472
Pieces: 76896
makePieces time: 0.19027
Memory: 9.0 + 45.9 + 33.1 + 41.7 + 10.0 MB
  3.8 ±  0.3 ms - Greedy fill time
composePieces time: 0.609431
                                                                                