Running only task # 386
Using max depth 4
 |                                        | 0 / 416 (0.0%)Function count: 142
0.0469537
0.0506058
0.0577265
0.0619134
0.0552938
0.0592025
0.0878
0.0970955
 16.2 ±  0.0 ms - Piece loop time
 46.4 ± 42.5 ms - Set time
 11.6 ±  0.8 ms - Child looking time
1.0269
1.10906
2.03452
2303.5 ±  0.0 ms - Total time
1274.7 ±  0.0 ms - Build f time
173.7 ±  1.6 ms - Apply f time
1183.9 ±  6.6 ms - Real f time 
458.1 ±  7.0 ms - Add time
 45.4 ±  0.8 ms - Find child
 79.6 ± 14.1 ms - Add child
405.1 ±  2.6 ms - Hash
358.9 ± 38.5 ms - Map
193.2 ±  1.6 ms - getState
1.18553
1.27796
2.22865
4532.2 ±  0.0 ms - Total time
2460.2 ±  0.0 ms - Build f time
346.9 ±  2.3 ms - Apply f time
2321.1 ±  9.4 ms - Real f time 
915.3 ± 21.5 ms - Add time
 93.4 ±  1.1 ms - Find child
144.7 ± 14.1 ms - Add child
810.3 ±  3.6 ms - Hash
675.2 ± 38.6 ms - Map
390.9 ±  2.4 ms - getState
1.16596
1.25404
2.18973
6722.0 ±  0.0 ms - Total time
3626.2 ±  0.0 ms - Build f time
518.0 ±  2.8 ms - Apply f time
3430.9 ± 11.2 ms - Real f time 
1361.0 ± 26.3 ms - Add time
139.1 ±  1.4 ms - Find child
209.6 ± 14.1 ms - Add child
1206.7 ±  4.1 ms - Hash
967.4 ± 38.8 ms - Map
589.2 ±  3.1 ms - getState
2.11593
2.32519
3.5135
10235.6 ±  0.0 ms - Total time
5742.1 ±  0.0 ms - Build f time
775.3 ±  3.8 ms - Apply f time
5490.3 ± 15.6 ms - Real f time 
1990.8 ± 26.7 ms - Add time
197.0 ±  1.6 ms - Find child
290.5 ± 14.2 ms - Add child
1711.9 ±  5.0 ms - Hash
1393.0 ± 39.8 ms - Map
885.4 ±  4.5 ms - getState
Dag sizes: 1229274 1290995 1298291 1687565 
brutePieces time: 9.96841
1580.4 ±  0.0 ms - Piece loop time
536.5 ± 16.4 ms - Set time
986.1 ±  9.0 ms - Child looking time
Nodes:  5506125
Pieces: 1558831
makePieces time: 1.58587
Memory: 74.9 + 233.6 + 176.2 + 130.0 + 69.2 MB
 37.8 ±  0.0 ms - Greedy fill time
composePieces time: 5.74308
                                                                                