Running only task # 219
Using max depth 23
 |                                        | 0 / 416 (0.0%)Function count: 142
0.0938727
0.100505
0.0723301
0.0775176
0.0602434
0.0630835
0.0512923
0.0539402
0.0936974
0.100317
0.0734232
0.0787176
0.0585394
0.0614279
0.0517481
0.0543036
0.0808883
0.0869427
 63.6 ±  0.0 ms - Piece loop time
 49.2 ± 38.7 ms - Set time
 49.0 ±  1.5 ms - Child looking time
0.0943039
0.100469
0.153455
830.6 ±  0.0 ms - Total time
730.3 ±  0.0 ms - Build f time
 24.9 ±  0.6 ms - Apply f time
588.1 ±  3.9 ms - Real f time 
139.0 ±  2.2 ms - Add time
  4.3 ±  0.2 ms - Find child
 11.0 ±  5.6 ms - Add child
132.0 ±  2.0 ms - Hash
167.9 ± 57.9 ms - Map
 30.6 ±  0.5 ms - getState
0.0720188
0.0771316
0.115141
945.7 ±  0.0 ms - Total time
802.4 ±  0.0 ms - Build f time
 33.6 ±  0.7 ms - Apply f time
649.8 ±  4.1 ms - Real f time 
162.6 ±  2.3 ms - Add time
  6.8 ±  0.3 ms - Find child
 14.8 ±  5.6 ms - Add child
151.0 ±  2.1 ms - Hash
184.3 ± 57.9 ms - Map
 42.6 ±  0.6 ms - getState
0.0593908
0.062161
0.0826888
1028.5 ±  0.0 ms - Total time
861.7 ±  0.0 ms - Build f time
 38.7 ±  0.7 ms - Apply f time
701.3 ±  4.2 ms - Real f time 
176.1 ±  2.3 ms - Add time
  8.3 ±  0.3 ms - Find child
 16.3 ±  5.6 ms - Add child
168.2 ±  2.1 ms - Hash
193.0 ± 57.9 ms - Map
 48.4 ±  0.6 ms - getState
0.0508443
0.0533028
0.0712268
1099.7 ±  0.0 ms - Total time
912.6 ±  0.0 ms - Build f time
 43.5 ±  0.7 ms - Apply f time
747.4 ±  4.3 ms - Real f time 
188.9 ±  2.4 ms - Add time
  9.7 ±  0.4 ms - Find child
 17.9 ±  5.6 ms - Add child
183.1 ±  2.2 ms - Hash
201.5 ± 57.9 ms - Map
 53.8 ±  0.7 ms - getState
0.0931562
0.0995049
0.152687
1252.5 ±  0.0 ms - Total time
1005.7 ±  0.0 ms - Build f time
 54.0 ±  0.8 ms - Apply f time
827.4 ±  4.6 ms - Real f time 
220.2 ±  2.5 ms - Add time
 12.4 ±  0.4 ms - Find child
 21.8 ±  5.6 ms - Add child
212.1 ±  2.2 ms - Hash
217.9 ± 57.8 ms - Map
 69.7 ±  0.8 ms - getState
0.0730258
0.0783284
0.117876
1370.4 ±  0.0 ms - Total time
1078.8 ±  0.0 ms - Build f time
 62.5 ±  0.9 ms - Apply f time
892.8 ±  5.4 ms - Real f time 
244.4 ±  2.7 ms - Add time
 14.8 ±  0.4 ms - Find child
 25.3 ±  5.6 ms - Add child
248.2 ± 16.4 ms - Hash
248.3 ± 59.3 ms - Map
 81.1 ±  0.8 ms - getState
0.0602454
0.0630202
0.0877943
1458.2 ±  0.0 ms - Total time
1139.0 ±  0.0 ms - Build f time
 67.9 ±  0.9 ms - Apply f time
947.0 ±  5.6 ms - Real f time 
260.0 ±  2.8 ms - Add time
 16.3 ±  0.5 ms - Find child
 27.3 ±  5.6 ms - Add child
265.4 ± 16.4 ms - Hash
257.6 ± 59.3 ms - Map
 89.1 ±  0.9 ms - getState
0.0614227
0.0640025
0.0835711
1541.9 ±  0.0 ms - Total time
1200.4 ±  0.0 ms - Build f time
 72.6 ±  0.9 ms - Apply f time
998.0 ±  5.7 ms - Real f time 
276.1 ±  2.8 ms - Add time
 17.6 ±  0.5 ms - Find child
 29.0 ±  5.6 ms - Add child
279.8 ± 16.4 ms - Hash
267.6 ± 59.3 ms - Map
 94.5 ±  0.9 ms - getState
0.0797213
0.0855756
0.129388
1671.3 ±  0.0 ms - Total time
1280.2 ±  0.0 ms - Build f time
 82.5 ±  1.1 ms - Apply f time
1070.9 ±  6.0 ms - Real f time 
301.9 ±  2.9 ms - Add time
 20.1 ±  0.5 ms - Find child
 32.4 ±  5.6 ms - Add child
303.1 ± 16.4 ms - Hash
285.4 ± 59.2 ms - Map
107.3 ±  0.9 ms - getState
Dag sizes: 92885 86551 41648 43001 93207 86408 41655 42986 87951 
brutePieces time: 1.00219
142.9 ±  0.0 ms - Piece loop time
 68.1 ± 45.8 ms - Set time
110.1 ±  2.1 ms - Child looking time
Nodes:  616292
Pieces: 83973
makePieces time: 0.144301
Memory: 6.6 + 29.4 + 19.7 + 47.6 + 7.0 MB
 27.7 ±  4.0 ms - Greedy fill time
composePieces time: 1.17345
                                                                                