Running only task # 63
Using max depth 23
 |                                        | 0 / 416 (0.0%)Function count: 142
0.148108
0.167579
0.111869
0.125785
0.0760643
0.0849721
0.110563
0.122995
0.14876
0.167683
0.114487
0.128113
0.0752505
0.0841129
0.107434
0.119658
0.128126
0.144323
111.9 ±  0.0 ms - Piece loop time
 58.5 ± 41.7 ms - Set time
 89.4 ±  2.0 ms - Child looking time
0.14795
0.166894
0.267252
1412.9 ±  0.0 ms - Total time
1168.6 ±  0.0 ms - Build f time
 62.7 ±  1.1 ms - Apply f time
1006.2 ±  6.8 ms - Real f time 
270.9 ± 17.8 ms - Add time
  8.3 ±  0.3 ms - Find child
 11.6 ±  0.4 ms - Add child
180.1 ±  1.5 ms - Hash
176.5 ± 43.1 ms - Map
 66.8 ±  1.2 ms - getState
0.118679
0.132231
0.208101
1621.1 ±  0.0 ms - Total time
1287.3 ±  0.0 ms - Build f time
 80.0 ±  1.4 ms - Apply f time
1124.6 ± 12.1 ms - Real f time 
316.2 ± 17.8 ms - Add time
 12.2 ±  0.4 ms - Find child
 17.6 ±  0.5 ms - Add child
214.4 ±  1.6 ms - Hash
202.0 ± 43.0 ms - Map
 88.7 ±  1.9 ms - getState
0.074361
0.0829054
0.12665
1747.8 ±  0.0 ms - Total time
1361.6 ±  0.0 ms - Build f time
 92.2 ±  1.4 ms - Apply f time
1197.7 ± 12.2 ms - Real f time 
343.5 ± 17.9 ms - Add time
 15.5 ±  0.4 ms - Find child
 21.8 ±  0.5 ms - Add child
234.6 ±  1.7 ms - Hash
220.7 ± 43.1 ms - Map
100.4 ±  2.0 ms - getState
0.107642
0.120349
0.196794
1944.6 ±  0.0 ms - Total time
1469.3 ±  0.0 ms - Build f time
108.5 ±  1.5 ms - Apply f time
1297.1 ± 12.3 ms - Real f time 
393.3 ± 19.3 ms - Add time
 19.6 ±  0.5 ms - Find child
 27.5 ±  0.6 ms - Add child
268.4 ±  1.8 ms - Hash
246.9 ± 43.0 ms - Map
120.8 ±  2.0 ms - getState
0.147878
0.166819
0.271075
2215.7 ±  0.0 ms - Total time
1617.2 ±  0.0 ms - Build f time
130.9 ±  1.6 ms - Apply f time
1430.9 ± 12.4 ms - Real f time 
530.5 ± 82.0 ms - Add time
 24.7 ±  0.6 ms - Find child
 35.0 ±  1.2 ms - Add child
311.0 ±  1.9 ms - Hash
278.1 ± 43.0 ms - Map
150.0 ±  2.1 ms - getState
0.112287
0.125519
0.204166
2419.9 ±  0.0 ms - Total time
1729.5 ±  0.0 ms - Build f time
149.0 ±  1.8 ms - Apply f time
1535.1 ± 12.5 ms - Real f time 
573.5 ± 82.0 ms - Add time
 29.0 ±  0.6 ms - Find child
 41.0 ±  1.2 ms - Add child
344.0 ±  2.0 ms - Hash
304.5 ± 43.0 ms - Map
169.5 ±  2.2 ms - getState
0.0739722
0.0824498
0.121931
2541.9 ±  0.0 ms - Total time
1803.4 ±  0.0 ms - Build f time
162.0 ±  1.9 ms - Apply f time
1610.5 ± 12.6 ms - Real f time 
599.1 ± 82.0 ms - Add time
 32.0 ±  0.6 ms - Find child
 45.2 ±  1.3 ms - Add child
363.5 ±  2.0 ms - Hash
358.8 ± 58.5 ms - Map
180.1 ±  2.2 ms - getState
0.106857
0.119043
0.192015
2734.0 ±  0.0 ms - Total time
1910.3 ±  0.0 ms - Build f time
178.8 ±  2.0 ms - Apply f time
1711.3 ± 12.8 ms - Real f time 
642.3 ± 82.0 ms - Add time
 36.1 ±  0.7 ms - Find child
 50.4 ±  1.3 ms - Add child
396.4 ±  2.1 ms - Hash
380.9 ± 58.5 ms - Map
199.8 ±  2.3 ms - getState
0.127536
0.143911
0.237762
2971.8 ±  0.0 ms - Total time
2037.8 ±  0.0 ms - Build f time
201.0 ±  2.8 ms - Apply f time
1844.7 ± 20.5 ms - Real f time 
696.0 ± 82.0 ms - Add time
 41.0 ±  0.7 ms - Find child
 56.9 ±  1.3 ms - Add child
438.3 ±  2.2 ms - Hash
405.5 ± 58.6 ms - Map
224.6 ±  2.3 ms - getState
Dag sizes: 166702 140283 95152 137104 165242 138490 94718 136155 162135 
brutePieces time: 1.83281
299.3 ±  0.0 ms - Piece loop time
 61.6 ± 14.8 ms - Set time
232.3 ±  2.7 ms - Child looking time
Nodes:  1235981
Pieces: 191607
makePieces time: 0.300643
Memory: 14.1 + 45.9 + 39.6 + 57.5 + 16.6 MB
 43.5 ± 27.1 ms - Greedy fill time
composePieces time: 3.93653
                                                                                