Running only task # 89
Using max depth 3
 |                                        | 0 / 416 (0.0%)Function count: 142
0.126934
0.140451
0.135958
0.150655
0.100758
0.109727
0.157024
0.177332
 32.4 ±  0.0 ms - Piece loop time
 43.0 ± 35.6 ms - Set time
 24.5 ±  1.0 ms - Child looking time
0.125649
0.138797
0.26119
844.3 ±  0.0 ms - Total time
646.3 ±  0.0 ms - Build f time
 43.1 ±  0.8 ms - Apply f time
546.4 ±  8.5 ms - Real f time 
186.7 ± 16.6 ms - Add time
  7.2 ±  0.3 ms - Find child
 10.2 ±  0.4 ms - Add child
141.6 ± 17.2 ms - Hash
110.5 ± 39.5 ms - Map
 61.4 ±  1.2 ms - getState
0.146995
0.161722
0.289812
1134.1 ±  0.0 ms - Total time
793.3 ±  0.0 ms - Build f time
 66.9 ±  1.0 ms - Apply f time
681.7 ±  8.9 ms - Real f time 
254.2 ± 16.6 ms - Add time
 13.1 ±  0.4 ms - Find child
 18.1 ±  0.5 ms - Add child
193.4 ± 17.3 ms - Hash
141.0 ± 39.5 ms - Map
100.0 ±  1.3 ms - getState
0.0984928
0.107094
0.198335
1332.5 ±  0.0 ms - Total time
891.8 ±  0.0 ms - Build f time
 84.0 ±  1.1 ms - Apply f time
772.4 ±  9.1 ms - Real f time 
315.6 ± 21.3 ms - Add time
 18.4 ±  0.7 ms - Find child
 24.6 ±  0.6 ms - Add child
231.8 ± 17.3 ms - Hash
162.0 ± 39.5 ms - Map
124.8 ±  1.4 ms - getState
0.147554
0.163389
0.302414
1635.0 ±  0.0 ms - Total time
1039.4 ±  0.0 ms - Build f time
111.2 ±  1.5 ms - Apply f time
908.3 ±  9.4 ms - Real f time 
386.5 ± 21.3 ms - Add time
 29.3 ±  4.3 ms - Find child
 33.3 ±  0.7 ms - Add child
285.7 ± 17.3 ms - Hash
196.4 ± 39.4 ms - Map
163.5 ±  1.5 ms - getState
Dag sizes: 176869 195131 148338 204909 
brutePieces time: 1.05404
122.6 ±  0.0 ms - Piece loop time
 79.0 ± 44.0 ms - Set time
 87.4 ±  2.6 ms - Child looking time
Nodes:  725247
Pieces: 176532
makePieces time: 0.12397
Memory: 10.2 + 24.9 + 23.2 + 28.4 + 7.1 MB
  4.2 ±  0.0 ms - Greedy fill time
composePieces time: 0.683872
                                                                                