Running only task # 112
Using max depth 3
 |                                        | 0 / 416 (0.0%)Function count: 142
0.260562
0.285253
0.185091
0.204503
0.164134
0.179251
0.423706
0.470593
 37.6 ±  0.0 ms - Piece loop time
 43.2 ± 35.1 ms - Set time
 28.6 ±  0.9 ms - Child looking time
0.258308
0.283119
0.498078
1638.0 ±  0.0 ms - Total time
1291.8 ±  0.0 ms - Build f time
 62.0 ±  1.3 ms - Apply f time
956.5 ± 11.0 ms - Real f time 
338.4 ± 15.9 ms - Add time
  5.9 ±  0.3 ms - Find child
  7.9 ±  0.3 ms - Add child
302.6 ±  2.1 ms - Hash
112.6 ± 36.0 ms - Map
110.1 ±  1.6 ms - getState
0.190388
0.213863
0.372016
2010.1 ±  0.0 ms - Total time
1482.2 ±  0.0 ms - Build f time
 90.1 ±  2.2 ms - Apply f time
1116.8 ± 11.4 ms - Real f time 
425.9 ± 16.1 ms - Add time
 10.7 ±  0.4 ms - Find child
 14.5 ±  0.4 ms - Add child
375.2 ±  2.2 ms - Hash
141.2 ± 36.1 ms - Map
161.8 ±  1.9 ms - getState
0.181078
0.196494
0.317021
2327.1 ±  0.0 ms - Total time
1663.3 ±  0.0 ms - Build f time
107.7 ±  2.3 ms - Apply f time
1263.4 ± 11.8 ms - Real f time 
498.9 ± 16.1 ms - Add time
 14.3 ±  0.4 ms - Find child
 18.9 ±  0.5 ms - Add child
440.9 ±  2.4 ms - Hash
163.0 ± 36.1 ms - Map
198.9 ±  2.1 ms - getState
0.43843
0.48517
0.841023
3168.2 ±  0.0 ms - Total time
2101.7 ±  0.0 ms - Build f time
151.9 ±  2.5 ms - Apply f time
1590.7 ± 14.3 ms - Real f time 
700.7 ± 16.4 ms - Add time
 19.2 ±  0.5 ms - Find child
 26.2 ±  0.6 ms - Add child
626.1 ±  2.9 ms - Hash
200.2 ± 36.1 ms - Map
329.3 ±  8.6 ms - getState
Dag sizes: 151442 147733 124001 190929 
brutePieces time: 2.03143
103.8 ±  0.0 ms - Piece loop time
 70.4 ± 41.0 ms - Set time
 71.8 ±  1.2 ms - Child looking time
Nodes:  614105
Pieces: 156311
makePieces time: 0.105024
Memory: 26.7 + 22.2 + 19.7 + 26.6 + 6.5 MB
 10.9 ±  0.0 ms - Greedy fill time
composePieces time: 1.43083
                                                                                