Running only task # 195
Using max depth 4
 |                                        | 0 / 416 (0.0%)Function count: 142
0.0183591
0.0197782
0.0392962
0.0429769
0.07153
0.0786563
0.0789287
0.0884552
 27.7 ±  0.0 ms - Piece loop time
 43.7 ± 38.5 ms - Set time
 22.0 ±  0.7 ms - Child looking time
0.264911
0.285108
0.336116
566.1 ±  0.0 ms - Total time
473.0 ±  0.0 ms - Build f time
 29.0 ±  0.6 ms - Apply f time
443.0 ±  3.4 ms - Real f time 
 98.0 ±  2.5 ms - Add time
  8.6 ±  0.3 ms - Find child
 10.1 ±  0.4 ms - Add child
 77.7 ±  2.4 ms - Hash
112.6 ± 36.3 ms - Map
 26.6 ±  0.5 ms - getState
0.741576
0.806491
0.963572
1529.7 ±  0.0 ms - Total time
1214.6 ±  0.0 ms - Build f time
 91.9 ±  1.1 ms - Apply f time
1198.9 ± 15.5 ms - Real f time 
257.4 ±  2.9 ms - Add time
 28.7 ±  0.6 ms - Find child
 37.7 ±  0.9 ms - Add child
209.0 ±  2.7 ms - Hash
249.8 ± 36.3 ms - Map
 89.4 ±  2.0 ms - getState
1.28476
1.4244
1.82423
3354.1 ±  0.0 ms - Total time
2499.4 ±  0.0 ms - Build f time
220.5 ±  1.7 ms - Apply f time
2466.1 ± 21.5 ms - Real f time 
576.3 ±  7.6 ms - Add time
 66.1 ±  0.9 ms - Find child
 85.4 ±  1.3 ms - Add child
431.6 ±  3.2 ms - Hash
540.8 ± 36.4 ms - Map
222.2 ±  2.2 ms - getState
2.06035
2.29591
3.06717
6421.3 ±  0.0 ms - Total time
4559.7 ±  0.0 ms - Build f time
427.5 ±  2.3 ms - Apply f time
4427.1 ± 22.7 ms - Real f time 
1182.8 ± 72.2 ms - Add time
125.4 ±  1.3 ms - Find child
160.8 ±  1.7 ms - Add child
793.4 ±  8.7 ms - Hash
1069.9 ± 36.6 ms - Map
470.9 ±  3.1 ms - getState
Dag sizes: 170796 506602 1021905 1706229 
brutePieces time: 6.19368
2159.0 ±  0.0 ms - Piece loop time
806.9 ± 258.0 ms - Set time
1473.2 ±  7.8 ms - Child looking time
Nodes:  3405532
Pieces: 1193386
makePieces time: 2.16266
Memory: 23.8 + 196.6 + 109.0 + 88.0 + 62.3 MB
  0.4 ±  0.0 ms - Greedy fill time
composePieces time: 1.43121
                                                                                