Running only task # 412
Using max depth 33
 |                                        | 0 / 416 (0.0%)Function count: 142
0.118355
0.133592
0.136654
0.153252
0.134414
0.150853
0.112689
0.126857
0.13382
0.150025
0.128552
0.145345
0.153901
0.174228
 73.7 ±  0.0 ms - Piece loop time
 57.4 ± 40.5 ms - Set time
 55.2 ±  1.7 ms - Child looking time
0.127768
0.14115
0.236562
1271.1 ±  0.0 ms - Total time
1046.1 ±  0.0 ms - Build f time
 70.1 ±  9.0 ms - Apply f time
852.1 ±  6.1 ms - Real f time 
237.9 ±  3.1 ms - Add time
  8.6 ±  0.3 ms - Find child
 12.0 ±  0.4 ms - Add child
173.5 ±  1.4 ms - Hash
172.9 ± 41.9 ms - Map
 66.4 ±  1.0 ms - getState
0.142878
0.158586
0.269924
1541.1 ±  0.0 ms - Total time
1189.0 ±  0.0 ms - Build f time
 96.1 ±  9.0 ms - Apply f time
983.7 ±  6.4 ms - Real f time 
297.7 ±  3.2 ms - Add time
 15.8 ±  0.5 ms - Find child
 20.7 ±  0.5 ms - Add child
217.0 ±  1.5 ms - Hash
209.0 ± 41.9 ms - Map
 98.1 ±  1.2 ms - getState
0.137589
0.153771
0.272516
1813.6 ±  0.0 ms - Total time
1326.6 ±  0.0 ms - Build f time
122.5 ±  9.0 ms - Apply f time
1109.0 ±  6.7 ms - Real f time 
357.9 ±  3.4 ms - Add time
 23.3 ±  0.6 ms - Find child
 30.4 ±  0.6 ms - Add child
260.8 ±  1.6 ms - Hash
257.3 ± 42.3 ms - Map
131.5 ±  1.3 ms - getState
0.126751
0.141679
0.242554
2056.2 ±  0.0 ms - Total time
1453.4 ±  0.0 ms - Build f time
146.0 ±  9.1 ms - Apply f time
1221.1 ±  6.9 ms - Real f time 
414.9 ±  5.3 ms - Add time
 29.4 ±  0.7 ms - Find child
 39.6 ±  0.7 ms - Add child
300.9 ±  1.8 ms - Hash
331.4 ± 55.9 ms - Map
159.3 ±  1.4 ms - getState
0.141266
0.157435
0.282823
2339.1 ±  0.0 ms - Total time
1594.6 ±  0.0 ms - Build f time
176.9 ±  9.8 ms - Apply f time
1353.1 ±  7.2 ms - Real f time 
477.5 ±  5.4 ms - Add time
 37.3 ±  0.8 ms - Find child
 48.7 ±  0.8 ms - Add child
344.6 ±  1.9 ms - Hash
375.6 ± 55.9 ms - Map
194.0 ±  1.5 ms - getState
0.136315
0.152618
0.26846
2607.6 ±  0.0 ms - Total time
1730.9 ±  0.0 ms - Build f time
202.2 ±  9.8 ms - Apply f time
1476.2 ±  7.5 ms - Real f time 
582.2 ± 33.1 ms - Add time
 43.5 ±  0.8 ms - Find child
 57.6 ±  0.9 ms - Add child
387.1 ±  2.0 ms - Hash
418.6 ± 55.9 ms - Map
225.9 ±  1.6 ms - getState
0.159626
0.179554
0.282705
2890.4 ±  0.0 ms - Total time
1890.6 ±  0.0 ms - Build f time
227.2 ±  9.8 ms - Apply f time
1637.5 ± 19.6 ms - Real f time 
639.5 ± 33.2 ms - Add time
 50.3 ±  0.9 ms - Find child
 66.9 ±  1.0 ms - Add child
430.4 ±  2.2 ms - Hash
459.1 ± 55.9 ms - Map
258.3 ±  1.9 ms - getState
Dag sizes: 191225 200877 209480 186931 200328 210852 177319 
brutePieces time: 1.86105
312.3 ±  0.0 ms - Piece loop time
112.1 ± 37.0 ms - Set time
208.5 ±  3.1 ms - Child looking time
Nodes:  1377012
Pieces: 162970
makePieces time: 0.314055
Memory: 14.4 + 53.4 + 44.1 + 51.4 + 14.8 MB
  8.8 ±  0.4 ms - Greedy fill time
composePieces time: 2.26778
                                                                                