Running only task # 386
Using max depth 3
 |                                        | 0 / 416 (0.0%)Function count: 142
0.0476188
0.0514598
0.0568409
0.0609047
0.0707197
0.0769892
0.0944213
0.104039
 12.7 ±  0.0 ms - Piece loop time
 38.6 ± 36.0 ms - Set time
 10.2 ±  0.6 ms - Child looking time
0.048611
0.0522657
0.106573
400.1 ±  0.0 ms - Total time
318.2 ±  0.0 ms - Build f time
 18.2 ±  0.6 ms - Apply f time
295.3 ± 17.5 ms - Real f time 
 69.5 ±  2.6 ms - Add time
  3.3 ±  0.2 ms - Find child
  4.6 ±  0.2 ms - Add child
 58.3 ±  0.8 ms - Hash
 74.2 ± 41.5 ms - Map
 19.8 ±  0.7 ms - getState
0.0565431
0.0607607
0.11736
517.5 ±  0.0 ms - Total time
374.8 ±  0.0 ms - Build f time
 29.1 ±  0.7 ms - Apply f time
351.2 ± 17.6 ms - Real f time 
 98.2 ±  2.8 ms - Add time
  5.9 ±  0.3 ms - Find child
  8.6 ±  0.3 ms - Add child
 81.2 ±  0.9 ms - Hash
 88.5 ± 41.5 ms - Map
 31.2 ±  0.8 ms - getState
0.0566536
0.060707
0.118391
635.9 ±  0.0 ms - Total time
431.4 ±  0.0 ms - Build f time
 40.2 ±  0.9 ms - Apply f time
405.6 ± 17.6 ms - Real f time 
128.9 ±  4.3 ms - Add time
  8.7 ±  0.3 ms - Find child
 12.9 ±  0.4 ms - Add child
104.0 ±  1.0 ms - Hash
102.5 ± 41.4 ms - Map
 43.3 ±  0.8 ms - getState
0.0873618
0.0965468
0.162556
798.5 ±  0.0 ms - Total time
518.8 ±  0.0 ms - Build f time
 54.0 ±  1.0 ms - Apply f time
497.3 ± 17.8 ms - Real f time 
165.0 ±  4.4 ms - Add time
 12.1 ±  0.4 ms - Find child
 17.9 ±  0.5 ms - Add child
130.5 ±  1.1 ms - Hash
116.7 ± 41.5 ms - Map
 59.4 ±  1.0 ms - getState
Dag sizes: 80229 85262 88298 103352 
brutePieces time: 0.508724
 49.6 ±  0.0 ms - Piece loop time
 62.5 ± 45.1 ms - Set time
 35.7 ±  1.0 ms - Child looking time
Nodes:  357141
Pieces: 88277
makePieces time: 0.0507432
Memory: 4.6 + 14.0 + 11.4 + 22.5 + 3.6 MB
  4.9 ±  0.0 ms - Greedy fill time
composePieces time: 0.311746
                                                                                