Running only task # 162
Using max depth 23
 |                                        | 0 / 416 (0.0%)Function count: 142
0.0734356
0.0821811
0.0666168
0.0742942
0.0881011
0.0962956
0.0768432
0.0849499
0.0761224
0.0846618
0.0667942
0.0745201
0.0738679
0.0822686
0.076519
0.085206
0.0816238
0.0906209
 91.1 ±  0.0 ms - Piece loop time
 48.5 ± 35.6 ms - Set time
 71.8 ±  2.3 ms - Child looking time
0.0770341
0.0861363
0.116954
872.3 ±  0.0 ms - Total time
757.0 ±  0.0 ms - Build f time
 37.4 ±  0.6 ms - Apply f time
674.7 ±  3.9 ms - Real f time 
155.3 ±  2.2 ms - Add time
  5.6 ±  0.3 ms - Find child
  7.8 ±  0.3 ms - Add child
110.0 ±  1.3 ms - Hash
132.9 ± 38.4 ms - Map
 34.7 ±  0.5 ms - getState
0.0783986
0.087107
0.113981
986.3 ±  0.0 ms - Total time
835.4 ±  0.0 ms - Build f time
 46.7 ±  0.7 ms - Apply f time
746.7 ±  4.1 ms - Real f time 
177.4 ±  2.3 ms - Add time
  8.1 ±  0.3 ms - Find child
 11.1 ±  0.4 ms - Add child
125.4 ±  1.4 ms - Hash
151.4 ± 38.4 ms - Map
 44.1 ±  0.6 ms - getState
0.0788213
0.087991
0.130021
1116.4 ±  0.0 ms - Total time
914.2 ±  0.0 ms - Build f time
 58.6 ±  0.8 ms - Apply f time
826.1 ±  6.3 ms - Real f time 
201.7 ±  2.4 ms - Add time
 11.6 ±  0.4 ms - Find child
 15.3 ±  0.5 ms - Add child
141.4 ±  1.5 ms - Hash
172.8 ± 38.3 ms - Map
 57.3 ±  0.7 ms - getState
0.0846874
0.0936963
0.125567
1242.0 ±  0.0 ms - Total time
998.9 ±  0.0 ms - Build f time
 68.6 ±  0.8 ms - Apply f time
903.5 ±  6.4 ms - Real f time 
226.4 ±  2.4 ms - Add time
 14.6 ±  0.4 ms - Find child
 19.2 ±  0.5 ms - Add child
159.1 ±  1.5 ms - Hash
192.6 ± 38.3 ms - Map
 67.7 ±  0.7 ms - getState
0.0792183
0.0882659
0.121662
1363.6 ±  0.0 ms - Total time
1078.1 ±  0.0 ms - Build f time
 78.6 ±  0.9 ms - Apply f time
977.8 ±  6.5 ms - Real f time 
250.3 ±  2.6 ms - Add time
 17.4 ±  0.5 ms - Find child
 23.3 ±  0.6 ms - Add child
175.8 ±  1.6 ms - Hash
225.3 ± 40.5 ms - Map
 78.3 ±  0.8 ms - getState
0.073079
0.0813877
0.110008
1473.7 ±  0.0 ms - Total time
1151.2 ±  0.0 ms - Build f time
 88.4 ±  1.2 ms - Apply f time
1043.8 ±  6.6 ms - Real f time 
271.4 ±  2.6 ms - Add time
 20.1 ±  0.5 ms - Find child
 26.9 ±  0.6 ms - Add child
190.9 ±  1.6 ms - Hash
243.1 ± 40.5 ms - Map
 89.2 ±  0.9 ms - getState
0.0798093
0.0883418
0.118746
1592.5 ±  0.0 ms - Total time
1231.0 ±  0.0 ms - Build f time
 97.7 ±  1.3 ms - Apply f time
1117.1 ±  6.7 ms - Real f time 
295.2 ±  2.7 ms - Add time
 22.6 ±  0.5 ms - Find child
 30.1 ±  0.6 ms - Add child
208.2 ±  2.2 ms - Hash
262.1 ± 40.4 ms - Map
 99.1 ±  0.9 ms - getState
0.0841685
0.0928717
0.125059
1717.6 ±  0.0 ms - Total time
1315.1 ±  0.0 ms - Build f time
107.4 ±  1.3 ms - Apply f time
1193.7 ±  6.9 ms - Real f time 
319.9 ±  2.8 ms - Add time
 25.7 ±  0.6 ms - Find child
 34.3 ±  0.7 ms - Add child
224.6 ±  2.2 ms - Hash
283.3 ± 40.4 ms - Map
109.5 ±  1.0 ms - getState
0.0960129
0.106019
0.142899
1860.6 ±  0.0 ms - Total time
1411.1 ±  0.0 ms - Build f time
118.3 ±  1.4 ms - Apply f time
1281.6 ±  7.0 ms - Real f time 
347.9 ±  2.9 ms - Add time
 28.9 ±  0.6 ms - Find child
 38.8 ±  0.7 ms - Add child
242.7 ±  2.2 ms - Hash
307.6 ± 40.4 ms - Map
123.1 ±  1.6 ms - getState
Dag sizes: 90056 81002 85536 90071 90579 81185 84664 89040 97609 
brutePieces time: 1.11173
241.7 ±  0.0 ms - Piece loop time
 85.5 ± 40.3 ms - Set time
171.4 ±  2.7 ms - Child looking time
Nodes:  789742
Pieces: 76717
makePieces time: 0.243356
Memory: 5.2 + 41.4 + 25.3 + 50.4 + 11.2 MB
  2.2 ±  0.0 ms - Greedy fill time
composePieces time: 0.540098
                                                                                