Running only task # 3
Using max depth 3
 |                                        | 0 / 416 (0.0%)Function count: 142
0.187809
0.21199
0.204734
0.22947
0.181092
0.200819
0.172465
0.192385
0.202806
0.228185
 48.0 ±  0.0 ms - Piece loop time
 58.4 ± 45.7 ms - Set time
 35.3 ±  1.2 ms - Child looking time
0.196792
0.220039
0.431099
1494.1 ±  0.0 ms - Total time
1145.7 ±  0.0 ms - Build f time
 80.4 ±  1.7 ms - Apply f time
928.9 ±  7.3 ms - Real f time 
303.1 ±  3.5 ms - Add time
 13.6 ±  0.4 ms - Find child
 17.8 ±  0.5 ms - Add child
235.7 ±  2.3 ms - Hash
160.1 ± 42.2 ms - Map
 95.7 ±  1.4 ms - getState
0.224056
0.249329
0.508869
2003.0 ±  0.0 ms - Total time
1369.7 ±  0.0 ms - Build f time
127.1 ±  1.9 ms - Apply f time
1132.6 ±  8.2 ms - Real f time 
427.1 ±  3.7 ms - Add time
 26.5 ±  0.6 ms - Find child
 35.1 ±  0.7 ms - Add child
333.9 ±  2.6 ms - Hash
218.1 ± 42.2 ms - Map
168.9 ±  2.8 ms - getState
0.189476
0.208589
0.366677
2369.7 ±  0.0 ms - Total time
1559.2 ±  0.0 ms - Build f time
162.4 ±  2.0 ms - Apply f time
1302.5 ±  8.7 ms - Real f time 
522.6 ± 11.9 ms - Add time
 35.9 ±  0.7 ms - Find child
 49.0 ±  0.8 ms - Add child
404.7 ±  2.8 ms - Hash
254.9 ± 42.1 ms - Map
218.2 ±  3.4 ms - getState
0.180968
0.199455
0.363969
2733.8 ±  0.0 ms - Total time
1740.2 ±  0.0 ms - Build f time
196.9 ±  2.1 ms - Apply f time
1464.8 ±  9.2 ms - Real f time 
612.6 ± 13.5 ms - Add time
 45.0 ±  0.8 ms - Find child
 62.2 ±  0.9 ms - Add child
474.0 ±  2.9 ms - Hash
294.7 ± 42.1 ms - Map
264.0 ±  3.4 ms - getState
0.215976
0.242208
0.476026
3209.8 ±  0.0 ms - Total time
1956.2 ±  0.0 ms - Build f time
247.1 ±  4.0 ms - Apply f time
1668.1 ±  9.9 ms - Real f time 
731.5 ± 13.6 ms - Add time
 56.4 ±  0.9 ms - Find child
 78.8 ±  1.0 ms - Add child
565.4 ±  3.1 ms - Hash
344.1 ± 42.1 ms - Map
328.0 ±  3.6 ms - getState
Dag sizes: 312872 377666 241810 247249 343456 
brutePieces time: 2.14989
237.6 ±  0.0 ms - Piece loop time
 80.4 ± 14.5 ms - Set time
165.0 ±  1.8 ms - Child looking time
Nodes:  1523053
Pieces: 220640
makePieces time: 0.238968
Memory: 22.2 + 60.5 + 48.7 + 45.3 + 15.2 MB
  4.5 ±  0.3 ms - Greedy fill time
composePieces time: 1.26296
                                                                                