Running only task # 167
Using max depth 4
 |                                        | 0 / 416 (0.0%)Function count: 142
0.0433377
0.046219
0.0572803
0.0606229
0.0521755
0.0552162
0.064602
0.0684753
 14.7 ±  0.0 ms - Piece loop time
 41.0 ± 38.5 ms - Set time
 11.6 ±  0.7 ms - Child looking time
0.827392
0.879016
1.04029
1270.9 ±  0.0 ms - Total time
1044.8 ±  0.0 ms - Build f time
 54.6 ±  1.1 ms - Apply f time
926.5 ±  5.5 ms - Real f time 
184.7 ±  7.1 ms - Add time
 13.8 ±  0.4 ms - Find child
 17.7 ±  0.5 ms - Add child
222.2 ±  1.5 ms - Hash
195.4 ± 55.8 ms - Map
 71.2 ±  9.6 ms - getState
1.11455
1.18476
1.40622
2677.2 ±  0.0 ms - Total time
2159.3 ±  0.0 ms - Build f time
121.5 ±  1.5 ms - Apply f time
1919.3 ±  8.3 ms - Real f time 
402.3 ± 20.1 ms - Add time
 33.0 ±  1.6 ms - Find child
 39.9 ±  0.8 ms - Add child
471.5 ±  2.4 ms - Hash
346.7 ± 55.7 ms - Map
145.4 ±  9.7 ms - getState
1.04445
1.11022
1.33421
4011.4 ±  0.0 ms - Total time
3203.8 ±  0.0 ms - Build f time
186.8 ±  2.1 ms - Apply f time
2847.0 ±  9.7 ms - Real f time 
606.6 ± 25.2 ms - Add time
 50.4 ±  1.7 ms - Find child
 62.2 ±  1.0 ms - Add child
725.6 ± 16.6 ms - Hash
490.7 ± 55.7 ms - Map
218.4 ±  9.8 ms - getState
1.29978
1.38099
1.67238
5683.9 ±  0.0 ms - Total time
4503.6 ±  0.0 ms - Build f time
265.3 ±  2.5 ms - Apply f time
4000.1 ± 11.5 ms - Real f time 
833.1 ± 25.6 ms - Add time
 70.6 ±  1.7 ms - Find child
 88.6 ±  1.2 ms - Add child
1015.1 ± 16.8 ms - Hash
691.6 ± 55.8 ms - Map
306.3 ±  9.9 ms - getState
Dag sizes: 363643 495267 482119 575095 
brutePieces time: 5.45603
687.4 ±  0.0 ms - Piece loop time
214.4 ± 35.7 ms - Set time
455.4 ±  3.4 ms - Child looking time
Nodes:  1916124
Pieces: 448287
makePieces time: 0.689651
Memory: 22.4 + 138.0 + 61.3 + 47.4 + 22.4 MB
  5.9 ±  0.0 ms - Greedy fill time
composePieces time: 1.59398
                                                                                