Running only task # 151
Using max depth 3
 |                                        | 0 / 416 (0.0%)Function count: 142
0.019175
0.0208572
0.0274975
0.02969
0.0392303
0.0429234
0.0270941
0.0295433
 16.1 ±  0.0 ms - Piece loop time
 40.8 ± 37.9 ms - Set time
 13.0 ±  0.7 ms - Child looking time
0.018957
0.0204996
0.0283555
151.5 ±  0.0 ms - Total time
132.0 ±  0.0 ms - Build f time
  6.0 ±  0.2 ms - Apply f time
120.0 ±  1.9 ms - Real f time 
 38.8 ± 10.7 ms - Add time
  1.1 ±  0.1 ms - Find child
  2.5 ±  0.7 ms - Add child
 24.6 ±  1.0 ms - Hash
 52.5 ± 36.3 ms - Map
  6.0 ±  0.6 ms - getState
0.0277052
0.0298406
0.0426745
194.2 ±  0.0 ms - Total time
159.7 ±  0.0 ms - Build f time
 10.0 ±  0.3 ms - Apply f time
147.8 ±  2.0 ms - Real f time 
 47.8 ± 10.7 ms - Add time
  2.3 ±  0.2 ms - Find child
  4.1 ±  0.7 ms - Add child
 32.6 ±  1.1 ms - Hash
 57.0 ± 36.3 ms - Map
 10.1 ±  0.6 ms - getState
0.0401137
0.044038
0.06581
260.0 ±  0.0 ms - Total time
199.8 ±  0.0 ms - Build f time
 15.4 ±  0.4 ms - Apply f time
187.1 ±  2.2 ms - Real f time 
 61.6 ± 10.7 ms - Add time
  3.7 ±  0.2 ms - Find child
  6.2 ±  0.7 ms - Add child
 44.4 ±  1.1 ms - Hash
 64.2 ± 36.3 ms - Map
 23.5 ±  7.4 ms - getState
0.0257824
0.0277902
0.0389308
299.0 ±  0.0 ms - Total time
225.6 ±  0.0 ms - Build f time
 18.7 ±  0.4 ms - Apply f time
211.6 ±  2.3 ms - Real f time 
 69.9 ± 10.7 ms - Add time
  4.6 ±  0.2 ms - Find child
  7.7 ±  0.8 ms - Add child
 51.3 ±  1.2 ms - Hash
 68.8 ± 36.2 ms - Map
 27.0 ±  7.5 ms - getState
Dag sizes: 22432 39165 49341 32479 
brutePieces time: 0.178847
 36.9 ±  0.0 ms - Piece loop time
 43.7 ± 34.1 ms - Set time
 29.0 ±  0.8 ms - Child looking time
Nodes:  143417
Pieces: 40670
makePieces time: 0.0377305
Memory: 1.0 + 6.9 + 4.6 + 19.1 + 1.9 MB
  0.9 ±  0.0 ms - Greedy fill time
composePieces time: 0.0650912
                                                                                