Running only task # 378
Using max depth 3
 |                                        | 0 / 416 (0.0%)Function count: 142
0.123255
0.134665
0.148366
0.164834
0.153002
0.170376
0.170824
0.190297
 33.1 ±  0.0 ms - Piece loop time
 46.0 ± 38.4 ms - Set time
 24.9 ±  1.2 ms - Child looking time
0.113948
0.124796
0.279752
940.1 ±  0.0 ms - Total time
709.4 ±  0.0 ms - Build f time
 51.7 ±  0.9 ms - Apply f time
589.6 ± 26.3 ms - Real f time 
217.3 ± 11.8 ms - Add time
 10.2 ±  0.4 ms - Find child
 13.0 ±  0.4 ms - Add child
144.7 ±  1.2 ms - Hash
164.0 ± 52.5 ms - Map
 58.8 ±  0.8 ms - getState
0.149589
0.165658
0.374219
1314.3 ±  0.0 ms - Total time
859.0 ±  0.0 ms - Build f time
 88.4 ±  1.1 ms - Apply f time
732.8 ± 26.4 ms - Real f time 
327.2 ± 14.3 ms - Add time
 20.1 ±  0.5 ms - Find child
 27.6 ±  0.6 ms - Add child
220.1 ±  4.5 ms - Hash
218.0 ± 53.0 ms - Map
109.9 ±  1.0 ms - getState
0.154642
0.171931
0.383857
1698.2 ±  0.0 ms - Total time
1013.6 ±  0.0 ms - Build f time
126.9 ±  1.3 ms - Apply f time
877.7 ± 26.5 ms - Real f time 
427.7 ± 14.4 ms - Add time
 30.7 ±  0.6 ms - Find child
 41.9 ±  0.7 ms - Add child
292.1 ±  4.5 ms - Hash
266.6 ± 53.0 ms - Map
163.3 ±  1.4 ms - getState
0.179182
0.198277
0.43015
2128.4 ±  0.0 ms - Total time
1192.8 ±  0.0 ms - Build f time
168.4 ±  1.5 ms - Apply f time
1048.1 ± 26.9 ms - Real f time 
555.8 ± 21.5 ms - Add time
 41.4 ±  0.7 ms - Find child
 58.1 ±  0.9 ms - Add child
372.0 ±  4.6 ms - Hash
320.8 ± 52.9 ms - Map
221.3 ±  1.8 ms - getState
Dag sizes: 236373 289840 299877 323428 
brutePieces time: 1.4706
140.4 ±  0.0 ms - Piece loop time
152.2 ± 76.7 ms - Set time
 91.0 ±  1.8 ms - Child looking time
Nodes:  1149518
Pieces: 267879
makePieces time: 0.142191
Memory: 15.8 + 41.4 + 36.8 + 35.2 + 10.4 MB
  7.0 ±  0.0 ms - Greedy fill time
composePieces time: 1.13501
                                                                                