Running only task # 26
Using max depth 3
 |                                        | 0 / 416 (0.0%)Function count: 142
0.34866
0.3861
0.365715
0.403373
0.387396
0.435865
0.378478
0.426125
0.422674
0.483207
 47.7 ±  0.0 ms - Piece loop time
 25.9 ± 15.3 ms - Set time
 35.9 ±  1.2 ms - Child looking time
0.356246
0.392341
0.958982
3093.8 ±  0.0 ms - Total time
2259.2 ±  0.0 ms - Build f time
137.8 ±  2.0 ms - Apply f time
1691.3 ± 15.9 ms - Real f time 
675.3 ± 16.4 ms - Add time
 13.7 ±  0.4 ms - Find child
 19.1 ±  0.5 ms - Add child
600.6 ±  4.2 ms - Hash
183.1 ± 36.7 ms - Map
203.3 ±  1.6 ms - getState
0.378526
0.415699
1.06759
4161.5 ±  0.0 ms - Total time
2637.7 ±  0.0 ms - Build f time
212.8 ±  2.3 ms - Apply f time
2006.1 ± 16.7 ms - Real f time 
1001.4 ± 22.6 ms - Add time
 25.1 ±  0.6 ms - Find child
 36.2 ±  0.7 ms - Add child
852.8 ±  4.5 ms - Hash
244.7 ± 36.6 ms - Map
361.5 ±  2.1 ms - getState
0.405139
0.453589
1.10491
5266.4 ±  0.0 ms - Total time
3042.8 ±  0.0 ms - Build f time
287.8 ±  2.5 ms - Apply f time
2347.0 ± 17.7 ms - Real f time 
1341.0 ± 30.9 ms - Add time
 36.3 ±  0.7 ms - Find child
 53.1 ±  0.8 ms - Add child
1113.4 ±  5.1 ms - Hash
308.6 ± 36.6 ms - Map
521.2 ±  2.4 ms - getState
0.390981
0.439044
1.16647
6432.9 ±  0.0 ms - Total time
3433.8 ±  0.0 ms - Build f time
368.5 ±  3.0 ms - Apply f time
2676.5 ± 18.4 ms - Real f time 
1689.1 ± 31.0 ms - Add time
 49.1 ±  0.8 ms - Find child
 70.9 ±  0.9 ms - Add child
1381.9 ±  5.4 ms - Hash
379.1 ± 36.6 ms - Map
707.0 ±  3.2 ms - getState
0.43554
0.495813
1.26075
7693.7 ±  0.0 ms - Total time
3869.3 ±  0.0 ms - Build f time
456.5 ±  3.3 ms - Apply f time
3063.1 ± 19.8 ms - Real f time 
2059.6 ± 31.2 ms - Add time
 62.9 ±  0.9 ms - Find child
 90.0 ±  1.1 ms - Add child
1667.7 ±  5.7 ms - Hash
458.1 ± 36.6 ms - Map
906.2 ±  3.7 ms - getState
Dag sizes: 349425 386891 393711 437791 447715 
brutePieces time: 5.5607
238.6 ±  0.0 ms - Piece loop time
 92.5 ± 14.8 ms - Set time
154.8 ±  1.9 ms - Child looking time
Nodes:  2015533
Pieces: 406302
makePieces time: 0.240435
Memory: 90.1 + 63.3 + 64.5 + 53.2 + 19.4 MB
 39.7 ±  0.0 ms - Greedy fill time
composePieces time: 7.98709
                                                                                