Running only task # 21
Using max depth 33
 |                                        | 0 / 416 (0.0%)Function count: 142
0.119239
0.129443
0.186344
0.203346
0.118954
0.128912
0.192406
0.20827
0.249549
0.268087
 37.9 ±  0.0 ms - Piece loop time
 56.9 ± 47.6 ms - Set time
 28.3 ±  1.6 ms - Child looking time
0.120604
0.130025
0.25925
1197.6 ±  0.0 ms - Total time
987.1 ±  0.0 ms - Build f time
 44.5 ±  1.1 ms - Apply f time
768.8 ±  8.1 ms - Real f time 
206.5 ±  3.3 ms - Add time
  6.8 ±  0.3 ms - Find child
  8.8 ±  0.3 ms - Add child
188.1 ±  1.8 ms - Hash
126.1 ± 38.2 ms - Map
 62.0 ±  1.0 ms - getState
0.201441
0.217215
0.430063
1627.7 ±  0.0 ms - Total time
1188.5 ±  0.0 ms - Build f time
 74.1 ±  1.2 ms - Apply f time
947.9 ±  9.3 ms - Real f time 
368.3 ± 56.9 ms - Add time
 13.2 ±  0.4 ms - Find child
 17.1 ±  0.5 ms - Add child
273.1 ±  2.0 ms - Hash
218.1 ± 61.9 ms - Map
115.5 ±  1.4 ms - getState
0.12151
0.131445
0.255317
1883.1 ±  0.0 ms - Total time
1310.0 ±  0.0 ms - Build f time
 94.5 ±  1.3 ms - Apply f time
1057.3 ±  9.7 ms - Real f time 
428.9 ± 56.9 ms - Add time
 18.6 ±  0.5 ms - Find child
 23.8 ±  0.5 ms - Add child
322.8 ±  2.1 ms - Hash
250.8 ± 62.0 ms - Map
145.9 ±  1.5 ms - getState
0.189279
0.205029
0.409485
2292.6 ±  0.0 ms - Total time
1499.3 ±  0.0 ms - Build f time
123.3 ±  1.5 ms - Apply f time
1224.3 ± 10.2 ms - Real f time 
531.8 ± 56.9 ms - Add time
 24.8 ±  0.6 ms - Find child
 31.8 ±  0.6 ms - Add child
407.2 ±  2.2 ms - Hash
283.2 ± 61.9 ms - Map
200.1 ±  1.7 ms - getState
0.248168
0.266144
0.510941
2803.6 ±  0.0 ms - Total time
1747.5 ±  0.0 ms - Build f time
153.1 ±  1.7 ms - Apply f time
1432.3 ± 11.5 ms - Real f time 
658.7 ± 57.0 ms - Add time
 30.3 ±  0.6 ms - Find child
 39.2 ±  0.7 ms - Add child
521.6 ±  2.6 ms - Hash
310.4 ± 61.9 ms - Map
262.9 ±  2.0 ms - getState
Dag sizes: 139011 198614 150217 198168 160402 
brutePieces time: 1.86799
143.4 ±  0.0 ms - Piece loop time
 87.2 ± 46.9 ms - Set time
106.2 ±  1.7 ms - Child looking time
Nodes:  846412
Pieces: 178270
makePieces time: 0.144915
Memory: 21.4 + 33.0 + 27.1 + 34.5 + 8.5 MB
  8.0 ±  0.0 ms - Greedy fill time
composePieces time: 1.77731
                                                                                