Running only task # 49
Using max depth 33
 |                                        | 0 / 416 (0.0%)Function count: 142
0.0692143
0.0743692
0.0683325
0.0732307
0.0691465
0.0741102
0.0683567
0.0736873
0.0780275
0.0837575
 20.2 ±  0.0 ms - Piece loop time
 46.9 ± 42.7 ms - Set time
 15.7 ±  0.9 ms - Child looking time
0.0754449
0.0804535
0.204693
584.1 ±  0.0 ms - Total time
428.5 ±  0.0 ms - Build f time
 28.3 ±  0.6 ms - Apply f time
384.6 ±  8.6 ms - Real f time 
118.0 ±  6.1 ms - Add time
  7.4 ±  1.1 ms - Find child
  8.0 ±  0.3 ms - Add child
 89.4 ±  1.0 ms - Hash
 99.0 ± 37.6 ms - Map
 33.1 ±  0.6 ms - getState
0.104401
0.111835
0.235276
819.4 ±  0.0 ms - Total time
532.9 ±  0.0 ms - Build f time
 47.9 ±  0.9 ms - Apply f time
485.0 ±  8.9 ms - Real f time 
267.6 ± 75.7 ms - Add time
 12.6 ±  1.1 ms - Find child
 15.3 ±  0.4 ms - Add child
129.3 ±  2.0 ms - Hash
133.4 ± 37.7 ms - Map
 59.7 ±  0.8 ms - getState
0.0821723
0.0902399
0.219651
1039.1 ±  0.0 ms - Total time
615.1 ±  0.0 ms - Build f time
 67.6 ±  1.0 ms - Apply f time
566.1 ±  9.0 ms - Real f time 
322.6 ± 75.7 ms - Add time
 17.9 ±  1.1 ms - Find child
 22.5 ±  0.5 ms - Add child
166.4 ±  2.1 ms - Hash
166.3 ± 37.7 ms - Map
 84.1 ±  1.0 ms - getState
0.0763055
0.0815918
0.227833
1267.0 ±  0.0 ms - Total time
691.4 ±  0.0 ms - Build f time
 89.0 ±  1.1 ms - Apply f time
647.6 ±  9.2 ms - Real f time 
381.3 ± 75.8 ms - Add time
 23.9 ±  1.1 ms - Find child
 31.0 ±  0.6 ms - Add child
204.1 ±  2.5 ms - Hash
200.4 ± 37.7 ms - Map
118.7 ±  1.1 ms - getState
0.091686
0.0975276
0.233604
1500.7 ±  0.0 ms - Total time
783.1 ±  0.0 ms - Build f time
112.2 ±  1.4 ms - Apply f time
742.7 ±  9.5 ms - Real f time 
447.9 ± 75.7 ms - Add time
 30.6 ±  1.2 ms - Find child
 39.5 ±  0.7 ms - Add child
245.0 ±  2.6 ms - Hash
235.5 ± 37.7 ms - Map
144.4 ±  1.2 ms - getState
Dag sizes: 189457 174974 182268 176900 203249 
brutePieces time: 1.12586
110.4 ±  0.0 ms - Piece loop time
114.7 ± 59.7 ms - Set time
 74.3 ±  1.6 ms - Child looking time
Nodes:  926848
Pieces: 180133
makePieces time: 0.11199
Memory: 11.2 + 29.8 + 29.7 + 35.8 + 8.4 MB
 14.7 ±  0.5 ms - Greedy fill time
composePieces time: 1.72756
                                                                                