Running only task # 394
Using max depth 3
 |                                        | 0 / 416 (0.0%)Function count: 142
0.110559
0.122393
0.12492
0.140228
0.121996
0.136835
 26.0 ±  0.0 ms - Piece loop time
 46.8 ± 37.5 ms - Set time
 17.5 ±  1.0 ms - Child looking time
0.108952
0.120305
0.22772
627.3 ±  0.0 ms - Total time
466.4 ±  0.0 ms - Build f time
 35.1 ±  0.7 ms - Apply f time
384.0 ±  3.2 ms - Real f time 
135.2 ±  5.6 ms - Add time
  6.1 ±  0.3 ms - Find child
  8.6 ±  0.3 ms - Add child
102.1 ±  1.1 ms - Hash
 89.6 ± 37.1 ms - Map
 43.8 ±  0.7 ms - getState
0.130853
0.14589
0.27308
900.4 ±  0.0 ms - Total time
597.3 ±  0.0 ms - Build f time
 59.1 ±  0.8 ms - Apply f time
510.4 ±  5.7 ms - Real f time 
214.8 ± 12.2 ms - Add time
 11.8 ±  0.4 ms - Find child
 16.8 ±  0.5 ms - Add child
153.4 ±  2.2 ms - Hash
116.5 ± 37.2 ms - Map
 81.3 ±  1.0 ms - getState
0.12447
0.139391
0.250611
1151.1 ±  0.0 ms - Total time
721.7 ±  0.0 ms - Build f time
 81.4 ±  1.1 ms - Apply f time
624.3 ±  6.0 ms - Real f time 
277.0 ± 12.3 ms - Add time
 17.1 ±  0.5 ms - Find child
 24.1 ±  0.6 ms - Add child
200.0 ±  2.3 ms - Hash
140.5 ± 37.2 ms - Map
113.5 ±  1.2 ms - getState
Dag sizes: 189179 212744 192844 
brutePieces time: 0.753473
 76.3 ±  0.0 ms - Piece loop time
 36.0 ± 13.5 ms - Set time
 49.5 ±  1.0 ms - Child looking time
Nodes:  594767
Pieces: 179809
makePieces time: 0.0773838
Memory: 7.8 + 19.8 + 19.0 + 22.1 + 5.9 MB
  1.7 ±  0.0 ms - Greedy fill time
composePieces time: 0.305399
                                                                                