Running only task # 209
Using max depth 23
 |                                        | 0 / 416 (0.0%)Function count: 142
0.239685
0.265956
0.231279
0.253678
0.224573
0.24609
0.241276
0.265919
0.235117
0.256916
0.223839
0.244836
0.229166
0.250755
 47.7 ±  0.0 ms - Piece loop time
 27.5 ± 16.2 ms - Set time
 34.6 ±  1.5 ms - Child looking time
0.240885
0.265285
0.658953
2443.5 ±  0.0 ms - Total time
1865.8 ±  0.0 ms - Build f time
105.2 ±  1.6 ms - Apply f time
1481.7 ± 22.5 ms - Real f time 
532.4 ± 28.6 ms - Add time
 14.4 ±  0.6 ms - Find child
 18.9 ±  0.5 ms - Add child
409.4 ±  2.0 ms - Hash
198.3 ± 36.9 ms - Map
153.1 ±  1.7 ms - getState
0.235592
0.257713
0.654883
3098.4 ±  0.0 ms - Total time
2101.4 ±  0.0 ms - Build f time
158.6 ±  1.8 ms - Apply f time
1697.8 ± 23.1 ms - Real f time 
823.4 ± 121.0 ms - Add time
 25.9 ±  0.7 ms - Find child
 34.8 ±  0.7 ms - Add child
556.0 ±  2.3 ms - Hash
270.2 ± 36.8 ms - Map
245.3 ±  2.0 ms - getState
0.230807
0.252588
0.649757
3748.4 ±  0.0 ms - Total time
2332.2 ±  0.0 ms - Build f time
211.7 ±  2.0 ms - Apply f time
1906.8 ± 23.6 ms - Real f time 
993.8 ± 120.8 ms - Add time
 37.3 ±  0.8 ms - Find child
 50.3 ±  0.8 ms - Add child
697.7 ±  2.5 ms - Hash
356.6 ± 40.8 ms - Map
339.6 ±  2.3 ms - getState
0.254681
0.280253
0.69607
4444.5 ±  0.0 ms - Total time
2586.9 ±  0.0 ms - Build f time
269.0 ±  2.3 ms - Apply f time
2147.1 ± 24.7 ms - Real f time 
1178.1 ± 120.7 ms - Add time
 49.3 ±  0.9 ms - Find child
 66.5 ±  0.9 ms - Add child
843.0 ±  2.6 ms - Hash
447.0 ± 44.4 ms - Map
435.8 ±  2.6 ms - getState
0.256772
0.279429
0.692578
5137.1 ±  0.0 ms - Total time
2843.7 ±  0.0 ms - Build f time
323.1 ±  2.5 ms - Apply f time
2376.6 ± 25.1 ms - Real f time 
1356.3 ± 120.8 ms - Add time
 60.9 ±  1.0 ms - Find child
 82.9 ±  1.0 ms - Add child
989.9 ±  2.9 ms - Hash
520.7 ± 44.4 ms - Map
534.6 ±  2.8 ms - getState
0.232274
0.25367
0.63792
5775.1 ±  0.0 ms - Total time
3075.9 ±  0.0 ms - Build f time
375.5 ±  2.6 ms - Apply f time
2580.4 ± 25.4 ms - Real f time 
1527.6 ± 120.9 ms - Add time
 71.6 ±  1.0 ms - Find child
 98.8 ±  1.1 ms - Add child
1130.2 ±  3.0 ms - Hash
586.4 ± 44.4 ms - Map
621.9 ±  3.0 ms - getState
0.234902
0.255843
0.642123
6417.2 ±  0.0 ms - Total time
3310.8 ±  0.0 ms - Build f time
431.1 ±  2.8 ms - Apply f time
2795.6 ± 25.7 ms - Real f time 
1696.1 ± 121.0 ms - Add time
 83.5 ±  1.1 ms - Find child
114.4 ±  1.2 ms - Add child
1272.6 ±  3.6 ms - Hash
652.0 ± 44.5 ms - Map
713.2 ±  3.2 ms - getState
Dag sizes: 327999 328943 317579 328539 328088 316868 304801 
brutePieces time: 4.63552
245.2 ±  0.0 ms - Piece loop time
 88.6 ± 17.2 ms - Set time
159.2 ±  3.1 ms - Child looking time
Nodes:  2252817
Pieces: 296997
makePieces time: 0.246817
Memory: 61.2 + 77.7 + 72.1 + 65.4 + 17.9 MB
135.2 ± 50.6 ms - Greedy fill time
composePieces time: 12.0325
                                                                                