Running only task # 335
Using max depth 33
 |                                        | 0 / 416 (0.0%)Function count: 142
0.0696724
0.0756445
0.0663043
0.0717696
0.0598834
0.0639929
0.0652801
0.0697362
0.0674436
0.0735235
0.0674185
0.0726524
0.0592439
0.0632392
0.0570196
0.0615839
0.059375
0.0639586
 52.1 ±  0.0 ms - Piece loop time
 50.2 ± 42.6 ms - Set time
 42.9 ±  1.6 ms - Child looking time
0.0714803
0.078359
0.109708
726.1 ±  0.0 ms - Total time
643.1 ±  0.0 ms - Build f time
 22.8 ±  0.9 ms - Apply f time
555.4 ±  5.4 ms - Real f time 
117.6 ±  4.0 ms - Add time
  3.9 ±  0.2 ms - Find child
  5.5 ±  0.5 ms - Add child
109.4 ±  1.1 ms - Hash
102.4 ± 36.9 ms - Map
 25.3 ±  0.5 ms - getState
0.0696703
0.0752451
0.103613
829.7 ±  0.0 ms - Total time
712.8 ±  0.0 ms - Build f time
 29.7 ±  1.1 ms - Apply f time
617.9 ±  5.6 ms - Real f time 
136.6 ±  4.0 ms - Add time
  5.6 ±  0.3 ms - Find child
  7.8 ±  0.5 ms - Add child
127.8 ±  1.2 ms - Hash
115.8 ± 36.9 ms - Map
 33.7 ±  0.5 ms - getState
0.0614118
0.0655663
0.0872987
917.1 ±  0.0 ms - Total time
774.2 ±  0.0 ms - Build f time
 35.3 ±  1.1 ms - Apply f time
674.2 ±  5.7 ms - Real f time 
151.2 ±  4.1 ms - Add time
  7.0 ±  0.3 ms - Find child
  9.7 ±  0.6 ms - Add child
143.1 ±  1.2 ms - Hash
125.3 ± 36.9 ms - Map
 40.5 ±  0.6 ms - getState
0.0586445
0.0633967
0.0871791
1004.3 ±  0.0 ms - Total time
832.8 ±  0.0 ms - Build f time
 41.0 ±  1.1 ms - Apply f time
725.2 ±  5.8 ms - Real f time 
167.0 ±  4.1 ms - Add time
  8.4 ±  0.3 ms - Find child
 11.7 ±  0.6 ms - Add child
158.2 ±  1.3 ms - Hash
135.7 ± 36.9 ms - Map
 47.3 ±  0.7 ms - getState
0.069713
0.0757742
0.104972
1109.3 ±  0.0 ms - Total time
902.6 ±  0.0 ms - Build f time
 47.6 ±  1.2 ms - Apply f time
786.1 ±  5.9 ms - Real f time 
186.4 ±  4.1 ms - Add time
 10.5 ±  0.4 ms - Find child
 14.2 ±  0.6 ms - Add child
177.0 ±  1.4 ms - Hash
149.1 ± 36.9 ms - Map
 56.7 ±  0.7 ms - getState
0.0709866
0.0766138
0.107119
1216.5 ±  0.0 ms - Total time
973.5 ±  0.0 ms - Build f time
 54.4 ±  1.2 ms - Apply f time
853.1 ±  8.2 ms - Real f time 
206.8 ±  4.2 ms - Add time
 12.6 ±  0.4 ms - Find child
 16.5 ±  0.6 ms - Add child
196.1 ±  1.5 ms - Hash
162.6 ± 36.9 ms - Map
 65.8 ±  0.8 ms - getState
0.0662316
0.0704548
0.0928567
1309.4 ±  0.0 ms - Total time
1039.8 ±  0.0 ms - Build f time
 59.6 ±  1.2 ms - Apply f time
919.4 ± 10.8 ms - Real f time 
223.4 ±  4.2 ms - Add time
 14.0 ±  0.4 ms - Find child
 18.3 ±  0.6 ms - Add child
211.9 ±  1.5 ms - Hash
173.3 ± 36.9 ms - Map
 72.6 ±  0.8 ms - getState
0.0588364
0.0634643
0.0858559
1395.3 ±  0.0 ms - Total time
1098.6 ±  0.0 ms - Build f time
 65.2 ±  1.3 ms - Apply f time
973.6 ± 10.9 ms - Real f time 
240.0 ±  4.3 ms - Add time
 15.3 ±  0.4 ms - Find child
 20.1 ±  0.7 ms - Add child
227.2 ±  1.6 ms - Hash
181.0 ± 36.9 ms - Map
 79.7 ±  0.8 ms - getState
0.0598939
0.0644807
0.0878412
1483.1 ±  0.0 ms - Total time
1158.5 ±  0.0 ms - Build f time
 71.3 ±  1.3 ms - Apply f time
1029.7 ± 11.0 ms - Real f time 
256.7 ±  4.3 ms - Add time
 16.7 ±  0.5 ms - Find child
 22.3 ±  0.7 ms - Add child
243.2 ±  1.6 ms - Hash
190.3 ± 36.9 ms - Map
 89.0 ±  2.2 ms - getState
Dag sizes: 59073 57172 45279 47520 59619 61106 46751 50248 52547 
brutePieces time: 0.87291
108.3 ±  0.0 ms - Piece loop time
 53.2 ± 37.1 ms - Set time
 85.3 ±  1.8 ms - Child looking time
Nodes:  479315
Pieces: 65438
makePieces time: 0.10958
Memory: 5.4 + 25.1 + 15.3 + 45.4 + 5.9 MB
 15.6 ±  2.6 ms - Greedy fill time
composePieces time: 0.90431
                                                                                