Running only task # 324
Using max depth 33
 |                                        | 0 / 416 (0.0%)Function count: 142
0.0148302
0.0162345
0.0180976
0.0197872
0.0323723
0.0356039
0.015445
0.0168902
0.0183863
0.0200382
0.0380795
0.0417125
0.0222325
0.0244943
 33.6 ±  0.0 ms - Piece loop time
 44.4 ± 40.6 ms - Set time
 28.5 ±  1.2 ms - Child looking time
0.0211832
0.0229367
0.0371469
212.1 ±  0.0 ms - Total time
180.6 ±  0.0 ms - Build f time
  9.7 ±  0.3 ms - Apply f time
172.1 ±  7.5 ms - Real f time 
 50.8 ±  8.3 ms - Add time
  2.4 ±  0.2 ms - Find child
  3.3 ±  0.2 ms - Add child
 29.4 ±  0.6 ms - Hash
 64.4 ± 37.4 ms - Map
  9.3 ±  0.3 ms - getState
0.027788
0.0300643
0.050592
262.7 ±  0.0 ms - Total time
208.4 ±  0.0 ms - Build f time
 16.9 ±  1.2 ms - Apply f time
198.8 ±  7.5 ms - Real f time 
 62.2 ±  8.3 ms - Add time
  4.6 ±  0.2 ms - Find child
  6.3 ±  0.3 ms - Add child
 37.1 ±  0.7 ms - Hash
 73.0 ± 37.3 ms - Map
 14.2 ±  0.4 ms - getState
0.0475282
0.0517728
0.0844428
347.2 ±  0.0 ms - Total time
255.9 ±  0.0 ms - Build f time
 26.6 ±  1.2 ms - Apply f time
246.3 ±  7.6 ms - Real f time 
 83.3 ±  8.3 ms - Add time
  8.5 ±  0.3 ms - Find child
 11.4 ±  0.5 ms - Add child
 50.2 ±  0.8 ms - Hash
 86.9 ± 37.4 ms - Map
 22.9 ±  0.4 ms - getState
0.0214234
0.023209
0.0378344
385.1 ±  0.0 ms - Total time
277.4 ±  0.0 ms - Build f time
 31.1 ±  1.2 ms - Apply f time
268.4 ±  7.6 ms - Real f time 
 92.6 ±  8.3 ms - Add time
 10.4 ±  0.4 ms - Find child
 13.9 ±  0.5 ms - Add child
 56.1 ±  0.8 ms - Hash
 93.7 ± 37.4 ms - Map
 26.3 ±  0.5 ms - getState
0.0272978
0.0294959
0.0495358
434.7 ±  0.0 ms - Total time
304.7 ±  0.0 ms - Build f time
 37.2 ±  1.3 ms - Apply f time
297.0 ±  7.6 ms - Real f time 
105.4 ±  8.3 ms - Add time
 12.6 ±  0.4 ms - Find child
 17.0 ±  0.5 ms - Add child
 65.1 ±  1.1 ms - Hash
102.2 ± 37.4 ms - Map
 31.2 ±  0.5 ms - getState
0.0474428
0.0523006
0.0858347
520.5 ±  0.0 ms - Total time
352.1 ±  0.0 ms - Build f time
 47.4 ±  1.5 ms - Apply f time
345.3 ±  7.7 ms - Real f time 
126.4 ±  8.3 ms - Add time
 16.1 ±  0.5 ms - Find child
 21.9 ±  0.6 ms - Add child
 78.5 ±  1.2 ms - Hash
117.3 ± 37.4 ms - Map
 39.7 ±  0.6 ms - getState
0.0330356
0.0360325
0.0605808
581.1 ±  0.0 ms - Total time
385.1 ±  0.0 ms - Build f time
 54.7 ±  1.5 ms - Apply f time
377.2 ±  7.7 ms - Real f time 
141.8 ±  8.3 ms - Add time
 18.9 ±  0.5 ms - Find child
 25.6 ±  0.6 ms - Add child
 88.4 ±  1.2 ms - Hash
128.3 ± 37.4 ms - Map
 45.8 ±  0.6 ms - getState
Dag sizes: 37107 49483 78171 37036 49685 78882 59867 
brutePieces time: 0.411028
112.0 ±  0.0 ms - Piece loop time
 58.0 ± 36.8 ms - Set time
 81.6 ±  1.6 ms - Child looking time
Nodes:  390231
Pieces: 77808
makePieces time: 0.113231
Memory: 2.0 + 21.4 + 12.5 + 35.6 + 5.6 MB
  3.8 ±  0.7 ms - Greedy fill time
composePieces time: 0.585099
                                                                                