Running only task # 145
Using max depth 23
 |                                        | 0 / 416 (0.0%)Function count: 142
0.0200359
0.0214951
0.0286719
0.0301562
0.0199486
0.0210232
0.0282965
0.0297633
0.0314856
0.0330272
 14.7 ±  0.0 ms - Piece loop time
 39.5 ± 37.2 ms - Set time
 12.5 ±  0.7 ms - Child looking time
0.0197212
0.0207396
0.0280863
163.7 ±  0.0 ms - Total time
148.2 ±  0.0 ms - Build f time
  5.7 ±  0.8 ms - Apply f time
133.9 ±  1.7 ms - Real f time 
 30.0 ±  3.2 ms - Add time
  1.0 ±  0.1 ms - Find child
  1.4 ±  0.1 ms - Add child
 26.4 ±  0.5 ms - Hash
 52.7 ± 36.4 ms - Map
  4.8 ±  0.2 ms - getState
0.0290037
0.0304002
0.0442703
208.0 ±  0.0 ms - Total time
177.2 ±  0.0 ms - Build f time
  9.3 ±  0.9 ms - Apply f time
160.2 ±  1.8 ms - Real f time 
 39.2 ±  3.2 ms - Add time
  2.0 ±  0.2 ms - Find child
  2.9 ±  0.2 ms - Add child
 34.3 ±  0.6 ms - Hash
 58.7 ± 36.4 ms - Map
  8.3 ±  0.3 ms - getState
0.0197449
0.0207679
0.0294219
237.4 ±  0.0 ms - Total time
196.9 ±  0.0 ms - Build f time
 11.9 ±  0.9 ms - Apply f time
180.4 ±  1.9 ms - Real f time 
 44.5 ±  3.3 ms - Add time
  2.8 ±  0.2 ms - Find child
  4.0 ±  0.2 ms - Add child
 39.6 ±  0.7 ms - Hash
 62.3 ± 36.3 ms - Map
 10.4 ±  0.3 ms - getState
0.029095
0.0304831
0.0444364
281.9 ±  0.0 ms - Total time
226.0 ±  0.0 ms - Build f time
 15.4 ±  0.9 ms - Apply f time
208.9 ±  2.0 ms - Real f time 
 55.3 ±  3.7 ms - Add time
  3.8 ±  0.2 ms - Find child
  5.4 ±  0.3 ms - Add child
 48.0 ±  0.7 ms - Hash
 67.3 ± 36.4 ms - Map
 13.8 ±  0.4 ms - getState
0.0336883
0.0352571
0.0509769
332.9 ±  0.0 ms - Total time
259.7 ±  0.0 ms - Build f time
 18.9 ±  0.9 ms - Apply f time
240.0 ±  2.2 ms - Real f time 
 68.6 ±  4.8 ms - Add time
  5.0 ±  0.3 ms - Find child
  7.0 ±  0.3 ms - Add child
 57.3 ±  0.8 ms - Hash
 72.6 ± 36.3 ms - Map
 17.9 ±  0.4 ms - getState
Dag sizes: 23366 32909 23256 32849 32614 
brutePieces time: 0.200627
 35.0 ±  0.0 ms - Piece loop time
 40.6 ± 35.1 ms - Set time
 27.5 ±  0.8 ms - Child looking time
Nodes:  144994
Pieces: 34988
makePieces time: 0.0358754
Memory: 1.1 + 7.8 + 4.6 + 23.3 + 1.8 MB
  5.6 ±  0.0 ms - Greedy fill time
composePieces time: 0.224719
                                                                                