Running only task # 285
Using max depth 4
 |                                        | 0 / 416 (0.0%)Function count: 142
0.0854319
0.0939412
0.0722439
0.0784131
0.103449
0.114666
0.108951
0.120192
 25.5 ±  0.0 ms - Piece loop time
 56.7 ± 51.8 ms - Set time
 18.8 ±  0.8 ms - Child looking time
2.04987
2.24096
2.87234
3279.7 ±  0.0 ms - Total time
2419.9 ±  0.0 ms - Build f time
161.8 ±  1.7 ms - Apply f time
2266.9 ± 16.2 ms - Real f time 
713.0 ± 169.0 ms - Add time
 34.0 ±  0.7 ms - Find child
 47.3 ±  1.1 ms - Add child
466.0 ±  4.9 ms - Hash
356.6 ± 39.0 ms - Map
235.8 ±  2.9 ms - getState
1.54218
1.68093
2.18667
5466.4 ±  0.0 ms - Total time
3962.1 ±  0.0 ms - Build f time
282.7 ±  6.1 ms - Apply f time
3703.8 ± 22.9 ms - Real f time 
1068.9 ± 169.7 ms - Add time
 59.7 ±  0.9 ms - Find child
 83.1 ±  1.3 ms - Add child
800.5 ±  5.4 ms - Hash
606.7 ± 39.1 ms - Map
401.8 ±  3.1 ms - getState
2.82502
3.12262
4.29926
9765.7 ±  0.0 ms - Total time
6787.1 ±  0.0 ms - Build f time
519.3 ±  6.4 ms - Apply f time
6327.9 ± 27.0 ms - Real f time 
1971.4 ± 222.4 ms - Add time
112.1 ±  1.2 ms - Find child
161.8 ±  5.5 ms - Add child
1392.8 ±  6.2 ms - Hash
1392.3 ± 234.7 ms - Map
797.3 ± 15.7 ms - getState
2.78273
3.06648
4.18716
13952.9 ±  0.0 ms - Total time
9569.9 ±  0.0 ms - Build f time
752.7 ±  6.7 ms - Apply f time
8944.7 ± 36.8 ms - Real f time 
2695.4 ± 222.5 ms - Add time
161.4 ±  1.4 ms - Find child
233.1 ±  5.6 ms - Add child
1987.5 ±  8.8 ms - Hash
1900.1 ± 234.6 ms - Map
1153.0 ± 16.1 ms - getState
Dag sizes: 1094244 904241 1931861 1899480 
brutePieces time: 13.5472
2244.0 ±  0.0 ms - Piece loop time
735.5 ± 15.8 ms - Set time
1404.0 ±  7.7 ms - Child looking time
Nodes:  5829826
Pieces: 1781236
makePieces time: 2.24908
Memory: 86.8 + 266.2 + 186.6 + 143.6 + 84.6 MB
 19.6 ±  0.0 ms - Greedy fill time
composePieces time: 5.48243
                                                                                