Running only task # 18
Using max depth 4
 |                                        | 0 / 416 (0.0%)Function count: 142
0.021319
0.0231713
0.0372675
0.0410009
0.054994
0.0625664
0.0560435
0.0624931
 37.9 ±  0.0 ms - Piece loop time
 51.7 ± 43.0 ms - Set time
 28.5 ±  0.9 ms - Child looking time
0.630737
0.682597
0.880973
1070.3 ±  0.0 ms - Total time
800.4 ±  0.0 ms - Build f time
 73.5 ±  1.1 ms - Apply f time
739.2 ±  4.5 ms - Real f time 
198.6 ±  3.8 ms - Add time
 21.6 ±  0.6 ms - Find child
 30.8 ±  0.7 ms - Add child
154.4 ±  2.0 ms - Hash
220.0 ± 39.4 ms - Map
 70.8 ±  1.1 ms - getState
1.3077
1.42913
2.02507
3095.5 ±  0.0 ms - Total time
2108.1 ±  0.0 ms - Build f time
232.8 ±  2.5 ms - Apply f time
1955.6 ±  6.5 ms - Real f time 
595.0 ± 11.3 ms - Add time
 72.0 ±  1.2 ms - Find child
 97.1 ±  1.8 ms - Add child
427.7 ±  5.0 ms - Hash
633.5 ± 39.6 ms - Map
251.9 ±  4.5 ms - getState
2.02693
2.23395
3.22097
6316.5 ±  0.0 ms - Total time
4135.0 ±  0.0 ms - Build f time
475.5 ±  3.2 ms - Apply f time
3840.6 ± 23.4 ms - Real f time 
1386.3 ± 169.9 ms - Add time
146.7 ±  2.0 ms - Find child
197.1 ±  2.4 ms - Add child
825.5 ±  5.6 ms - Hash
1308.6 ± 39.8 ms - Map
536.8 ±  4.9 ms - getState
2.23614
2.47277
3.78514
10101.6 ±  0.0 ms - Total time
6371.1 ±  0.0 ms - Build f time
774.3 ±  3.8 ms - Apply f time
5885.9 ± 25.5 ms - Real f time 
2462.2 ± 368.2 ms - Add time
235.5 ±  2.3 ms - Find child
315.5 ±  2.7 ms - Add child
1310.9 ±  6.1 ms - Hash
2271.4 ± 119.8 ms - Map
896.8 ±  5.6 ms - getState
Dag sizes: 530738 1300402 1905714 2591947 
brutePieces time: 9.91362
4105.9 ±  0.0 ms - Piece loop time
2142.3 ± 1027.0 ms - Set time
2735.0 ±  9.0 ms - Child looking time
Nodes:  6328801
Pieces: 2467961
makePieces time: 4.11279
Memory: 42.7 + 325.1 + 202.5 + 147.4 + 122.1 MB
 10.1 ±  0.0 ms - Greedy fill time
composePieces time: 3.32695
                                                                                