Running only task # 78
Using max depth 23
 |                                        | 0 / 416 (0.0%)Function count: 142
0.0542557
0.0598944
0.082685
0.0905682
0.0716265
0.0798398
0.0521622
0.0574266
0.0672032
0.0753234
0.0722759
0.0805801
0.0860754
0.0960974
 48.8 ±  0.0 ms - Piece loop time
 46.4 ± 37.9 ms - Set time
 38.8 ±  1.6 ms - Child looking time
0.0777101
0.0843802
0.178667
718.7 ±  0.0 ms - Total time
564.0 ±  0.0 ms - Build f time
 34.5 ±  1.0 ms - Apply f time
457.8 ±  4.8 ms - Real f time 
179.3 ± 25.3 ms - Add time
  6.2 ±  0.3 ms - Find child
  8.3 ±  0.3 ms - Add child
107.7 ±  1.2 ms - Hash
118.1 ± 40.0 ms - Map
 41.2 ±  1.5 ms - getState
0.122549
0.134305
0.349269
1068.0 ±  0.0 ms - Total time
686.5 ±  0.0 ms - Build f time
 60.8 ±  1.1 ms - Apply f time
566.3 ±  5.3 ms - Real f time 
274.1 ± 25.4 ms - Add time
 13.1 ±  0.4 ms - Find child
 17.7 ±  0.5 ms - Add child
180.3 ±  1.5 ms - Hash
162.5 ± 40.0 ms - Map
 94.3 ±  1.7 ms - getState
0.161339
0.174743
0.47942
1547.5 ±  0.0 ms - Total time
847.9 ±  0.0 ms - Build f time
 94.1 ±  1.3 ms - Apply f time
722.0 ±  9.8 ms - Real f time 
417.1 ± 25.5 ms - Add time
 20.7 ±  0.5 ms - Find child
 27.0 ±  0.6 ms - Add child
290.3 ±  2.2 ms - Hash
207.6 ± 40.0 ms - Map
169.7 ±  2.3 ms - getState
0.0776521
0.0846648
0.180316
1727.9 ±  0.0 ms - Total time
925.5 ±  0.0 ms - Build f time
110.5 ±  1.4 ms - Apply f time
789.9 ±  9.9 ms - Real f time 
460.8 ± 25.5 ms - Add time
 25.7 ±  0.6 ms - Find child
 33.1 ±  0.7 ms - Add child
326.2 ±  2.6 ms - Hash
235.0 ± 40.0 ms - Map
191.8 ±  2.4 ms - getState
0.124365
0.135756
0.345043
2073.0 ±  0.0 ms - Total time
1049.9 ±  0.0 ms - Build f time
137.3 ±  1.5 ms - Apply f time
900.1 ± 10.2 ms - Real f time 
556.1 ± 25.5 ms - Add time
 32.1 ±  0.6 ms - Find child
 41.8 ±  0.7 ms - Add child
403.7 ±  6.1 ms - Hash
274.4 ± 40.0 ms - Map
243.3 ±  2.8 ms - getState
0.165074
0.1802
0.468663
2541.7 ±  0.0 ms - Total time
1215.0 ±  0.0 ms - Build f time
169.2 ±  1.6 ms - Apply f time
1040.6 ± 10.7 ms - Real f time 
687.8 ± 25.6 ms - Add time
 39.0 ±  0.7 ms - Find child
 51.4 ±  1.0 ms - Add child
510.0 ±  6.3 ms - Hash
312.8 ± 40.0 ms - Map
314.6 ±  3.0 ms - getState
0.237946
0.258695
0.765019
3306.7 ±  0.0 ms - Total time
1452.9 ±  0.0 ms - Build f time
216.9 ±  1.9 ms - Apply f time
1235.4 ± 11.7 ms - Real f time 
935.0 ± 26.3 ms - Add time
 47.1 ±  0.8 ms - Find child
 63.6 ±  1.1 ms - Add child
694.9 ±  6.7 ms - Hash
361.5 ± 40.0 ms - Map
435.1 ±  3.6 ms - getState
Dag sizes: 129639 203206 192525 129639 202801 192525 238511 
brutePieces time: 2.77092
214.6 ±  0.0 ms - Piece loop time
 93.0 ± 37.5 ms - Set time
147.7 ±  2.1 ms - Child looking time
Nodes:  1288846
Pieces: 209870
makePieces time: 0.216517
Memory: 41.2 + 47.9 + 41.2 + 50.0 + 13.7 MB
202.3 ± 17.1 ms - Greedy fill time
composePieces time: 13.0403
                                                                                