Running only task # 41
Using max depth 3
 |                                        | 0 / 416 (0.0%)Function count: 142
0.0539708
0.0598313
0.0735858
0.0809287
0.0874987
0.0989807
0.0832095
0.094464
0.122656
0.132585
 67.7 ±  0.0 ms - Piece loop time
 44.7 ± 35.4 ms - Set time
 58.0 ±  1.3 ms - Child looking time
0.0529643
0.0584061
0.0713437
538.3 ±  0.0 ms - Total time
473.9 ±  0.0 ms - Build f time
 23.9 ±  2.9 ms - Apply f time
422.4 ±  3.4 ms - Real f time 
100.2 ±  1.7 ms - Add time
  3.3 ±  0.2 ms - Find child
  4.8 ±  0.3 ms - Add child
 61.9 ±  0.9 ms - Hash
 86.2 ± 36.5 ms - Map
 21.1 ±  0.4 ms - getState
0.0753956
0.0833018
0.105075
643.5 ±  0.0 ms - Total time
549.3 ±  0.0 ms - Build f time
 31.9 ±  2.9 ms - Apply f time
495.1 ±  3.6 ms - Real f time 
123.5 ±  3.5 ms - Add time
  5.9 ±  0.3 ms - Find child
  7.7 ±  0.3 ms - Add child
 76.7 ±  1.0 ms - Hash
100.5 ± 36.5 ms - Map
 30.2 ±  0.5 ms - getState
0.0908811
0.103498
0.132715
776.2 ±  0.0 ms - Total time
640.2 ±  0.0 ms - Build f time
 42.4 ±  3.0 ms - Apply f time
580.4 ±  3.9 ms - Real f time 
150.5 ±  3.6 ms - Add time
  8.9 ±  0.3 ms - Find child
 11.5 ±  0.4 ms - Add child
 94.8 ±  1.2 ms - Hash
117.4 ± 36.5 ms - Map
 42.5 ±  0.6 ms - getState
0.0817882
0.0908587
0.114547
890.8 ±  0.0 ms - Total time
721.9 ±  0.0 ms - Build f time
 50.7 ±  3.0 ms - Apply f time
657.6 ±  4.1 ms - Real f time 
173.0 ±  3.7 ms - Add time
 10.9 ±  0.4 ms - Find child
 15.0 ±  0.4 ms - Add child
109.7 ±  1.3 ms - Hash
131.4 ± 36.5 ms - Map
 51.5 ±  0.7 ms - getState
0.103048
0.112984
0.135641
1026.5 ±  0.0 ms - Total time
825.0 ±  0.0 ms - Build f time
 59.6 ±  3.0 ms - Apply f time
750.2 ±  4.3 ms - Real f time 
198.8 ±  3.7 ms - Add time
 13.2 ±  0.4 ms - Find child
 18.0 ±  0.5 ms - Add child
125.9 ±  1.4 ms - Hash
146.0 ± 36.5 ms - Map
 62.6 ±  0.9 ms - getState
Dag sizes: 45806 62925 75495 68277 65104 
brutePieces time: 0.562757
129.6 ±  0.0 ms - Piece loop time
 66.6 ± 43.7 ms - Set time
 99.3 ±  2.1 ms - Child looking time
Nodes:  317607
Pieces: 26836
makePieces time: 0.130833
Memory: 2.8 + 19.5 + 10.2 + 26.1 + 4.8 MB
  0.3 ±  0.0 ms - Greedy fill time
composePieces time: 0.0598047
                                                                                