Running only task # 129
Using max depth 33
 |                                        | 0 / 416 (0.0%)Function count: 142
0.104256
0.115452
0.0751476
0.0827884
0.0837578
0.0927469
0.0825723
0.0911856
0.103181
0.11358
0.0740069
0.0816146
0.0829191
0.0916331
0.0824514
0.0916783
0.116291
0.129849
 89.4 ±  0.0 ms - Piece loop time
 58.1 ± 45.3 ms - Set time
 73.4 ±  2.1 ms - Child looking time
0.109993
0.120976
0.166175
1057.0 ±  0.0 ms - Total time
914.6 ±  0.0 ms - Build f time
 44.7 ±  1.3 ms - Apply f time
737.4 ±  4.3 ms - Real f time 
215.8 ± 16.6 ms - Add time
  6.6 ±  0.3 ms - Find child
  8.6 ±  0.3 ms - Add child
151.4 ±  1.3 ms - Hash
197.9 ± 64.3 ms - Map
 42.8 ±  0.6 ms - getState
0.076145
0.0842177
0.113079
1170.1 ±  0.0 ms - Total time
990.7 ±  0.0 ms - Build f time
 56.3 ±  2.5 ms - Apply f time
805.0 ±  4.5 ms - Real f time 
241.5 ± 16.9 ms - Add time
  9.5 ±  0.3 ms - Find child
 12.4 ±  0.4 ms - Add child
169.2 ±  1.3 ms - Hash
216.5 ± 64.2 ms - Map
 53.6 ±  0.7 ms - getState
0.0881932
0.0973764
0.134326
1304.5 ±  0.0 ms - Total time
1078.9 ±  0.0 ms - Build f time
 67.8 ±  2.6 ms - Apply f time
882.8 ±  4.6 ms - Real f time 
267.8 ± 16.9 ms - Add time
 12.6 ±  0.4 ms - Find child
 16.5 ±  0.5 ms - Add child
190.4 ±  1.5 ms - Hash
237.3 ± 64.3 ms - Map
 67.0 ±  0.7 ms - getState
0.0857611
0.0949484
0.130434
1435.0 ±  0.0 ms - Total time
1164.7 ±  0.0 ms - Build f time
 77.7 ±  2.6 ms - Apply f time
957.6 ±  4.9 ms - Real f time 
293.2 ± 16.9 ms - Add time
 15.8 ±  0.4 ms - Find child
 21.0 ±  0.5 ms - Add child
211.1 ±  1.7 ms - Hash
256.0 ± 64.2 ms - Map
 80.0 ±  0.9 ms - getState
0.109681
0.120884
0.168514
1603.5 ±  0.0 ms - Total time
1274.4 ±  0.0 ms - Build f time
 90.7 ±  2.6 ms - Apply f time
1049.4 ±  5.1 ms - Real f time 
326.3 ± 16.9 ms - Add time
 19.5 ±  0.5 ms - Find child
 26.2 ±  0.6 ms - Add child
238.3 ±  1.8 ms - Hash
279.5 ± 64.2 ms - Map
 97.2 ±  1.0 ms - getState
0.0895476
0.0978886
0.139586
1743.2 ±  0.0 ms - Total time
1363.9 ±  0.0 ms - Build f time
103.3 ±  2.6 ms - Apply f time
1128.3 ±  5.2 ms - Real f time 
354.1 ± 16.9 ms - Add time
 23.2 ±  0.5 ms - Find child
 31.5 ±  0.7 ms - Add child
257.6 ±  1.8 ms - Hash
299.2 ± 64.1 ms - Map
110.8 ±  1.1 ms - getState
0.09008
0.0993993
0.136698
1879.9 ±  0.0 ms - Total time
1454.0 ±  0.0 ms - Build f time
114.9 ±  2.7 ms - Apply f time
1207.3 ±  5.5 ms - Real f time 
380.2 ± 16.9 ms - Add time
 26.0 ±  0.6 ms - Find child
 35.7 ±  0.7 ms - Add child
278.1 ±  1.9 ms - Hash
319.4 ± 64.1 ms - Map
123.5 ±  1.1 ms - getState
0.0872324
0.0965523
0.132929
2012.9 ±  0.0 ms - Total time
1541.2 ±  0.0 ms - Build f time
125.9 ±  2.7 ms - Apply f time
1285.0 ±  5.8 ms - Real f time 
406.4 ± 16.9 ms - Add time
 29.6 ±  0.6 ms - Find child
 40.4 ±  0.8 ms - Add child
299.5 ±  2.0 ms - Hash
341.9 ± 64.2 ms - Map
136.7 ±  1.2 ms - getState
0.122261
0.137605
0.187624
2200.5 ±  0.0 ms - Total time
1663.5 ±  0.0 ms - Build f time
139.4 ±  2.7 ms - Apply f time
1386.5 ±  5.9 ms - Real f time 
443.6 ± 17.0 ms - Add time
 34.0 ±  0.8 ms - Find child
 46.1 ±  0.8 ms - Add child
328.4 ±  2.1 ms - Hash
367.0 ± 64.2 ms - Map
156.4 ±  1.2 ms - getState
Dag sizes: 99396 77923 86835 83907 101334 80212 87746 86634 109626 
brutePieces time: 1.31582
230.3 ±  0.0 ms - Piece loop time
 73.3 ± 36.7 ms - Set time
174.3 ±  2.8 ms - Child looking time
Nodes:  813613
Pieces: 39329
makePieces time: 0.231484
Memory: 7.7 + 45.4 + 26.0 + 50.8 + 10.0 MB
  0.7 ±  0.0 ms - Greedy fill time
composePieces time: 0.223594
                                                                                