Running only task # 375
Using max depth 33
 |                                        | 0 / 416 (0.0%)Function count: 142
0.0543686
0.061119
0.0435751
0.0493852
0.0456093
0.0512684
0.0638666
0.0707195
0.0470442
0.0526177
0.0516005
0.0577178
0.0517207
0.0588202
0.053856
0.0644488
0.0558473
0.0617624
 55.7 ±  0.0 ms - Piece loop time
 52.3 ± 44.1 ms - Set time
 46.6 ±  1.6 ms - Child looking time
0.0572469
0.0639111
0.0718297
600.1 ±  0.0 ms - Total time
524.7 ±  0.0 ms - Build f time
 30.1 ±  5.4 ms - Apply f time
478.8 ± 19.1 ms - Real f time 
118.9 ±  6.4 ms - Add time
  3.2 ±  0.2 ms - Find child
  4.5 ±  0.2 ms - Add child
 67.4 ±  1.0 ms - Hash
103.1 ± 38.8 ms - Map
 24.6 ±  0.4 ms - getState
0.0443574
0.0496017
0.0562317
656.4 ±  0.0 ms - Total time
569.1 ±  0.0 ms - Build f time
 34.0 ±  5.5 ms - Apply f time
519.1 ± 19.1 ms - Real f time 
130.0 ±  6.4 ms - Add time
  4.2 ±  0.2 ms - Find child
  5.7 ±  0.3 ms - Add child
 74.3 ±  1.0 ms - Hash
109.6 ± 38.8 ms - Map
 28.5 ±  0.5 ms - getState
0.0578458
0.0664284
0.0774781
733.9 ±  0.0 ms - Total time
626.9 ±  0.0 ms - Build f time
 39.7 ±  5.5 ms - Apply f time
574.4 ± 19.1 ms - Real f time 
146.0 ±  6.5 ms - Add time
  5.5 ±  0.3 ms - Find child
  7.8 ±  0.3 ms - Add child
 82.5 ±  1.1 ms - Hash
117.1 ± 38.9 ms - Map
 34.9 ±  0.5 ms - getState
0.0599932
0.0661827
0.0738104
807.7 ±  0.0 ms - Total time
686.9 ±  0.0 ms - Build f time
 43.6 ±  5.5 ms - Apply f time
628.3 ± 19.1 ms - Real f time 
172.8 ± 14.3 ms - Add time
  6.4 ±  0.3 ms - Find child
  9.1 ±  0.3 ms - Add child
 90.9 ±  1.1 ms - Hash
125.1 ± 38.9 ms - Map
 39.6 ±  0.6 ms - getState
0.0473981
0.052918
0.062251
870.0 ±  0.0 ms - Total time
734.3 ±  0.0 ms - Build f time
 47.5 ±  5.5 ms - Apply f time
672.3 ± 19.1 ms - Real f time 
185.0 ± 14.3 ms - Add time
  7.5 ±  0.3 ms - Find child
 10.6 ±  0.4 ms - Add child
100.1 ±  1.6 ms - Hash
131.6 ± 38.9 ms - Map
 44.7 ±  0.6 ms - getState
0.0630002
0.0690674
0.0774937
947.5 ±  0.0 ms - Total time
797.3 ±  0.0 ms - Build f time
 51.4 ±  5.5 ms - Apply f time
727.9 ± 19.2 ms - Real f time 
200.6 ± 14.3 ms - Add time
  8.5 ±  0.3 ms - Find child
 12.0 ±  0.4 ms - Add child
109.5 ±  1.6 ms - Hash
141.1 ± 38.9 ms - Map
 50.1 ±  0.6 ms - getState
0.0532034
0.0595973
0.0673364
1014.8 ±  0.0 ms - Total time
850.5 ±  0.0 ms - Build f time
 55.7 ±  5.5 ms - Apply f time
775.5 ± 19.2 ms - Real f time 
214.3 ± 14.3 ms - Add time
  9.5 ±  0.4 ms - Find child
 13.1 ±  0.4 ms - Add child
117.1 ±  1.6 ms - Hash
148.5 ± 38.9 ms - Map
 54.9 ±  0.7 ms - getState
0.0551397
0.0612976
0.0688452
1083.7 ±  0.0 ms - Total time
905.7 ±  0.0 ms - Build f time
 59.4 ±  5.5 ms - Apply f time
825.5 ± 19.2 ms - Real f time 
227.6 ± 14.3 ms - Add time
 10.4 ±  0.4 ms - Find child
 14.3 ±  0.4 ms - Add child
125.4 ±  1.7 ms - Hash
156.2 ± 38.8 ms - Map
 59.6 ±  0.7 ms - getState
0.0486898
0.0542216
0.0615842
1145.3 ±  0.0 ms - Total time
954.4 ±  0.0 ms - Build f time
 62.9 ±  5.5 ms - Apply f time
869.0 ± 19.3 ms - Real f time 
240.9 ± 14.3 ms - Add time
 11.3 ±  0.4 ms - Find child
 15.5 ±  0.5 ms - Add child
133.0 ±  1.7 ms - Hash
163.0 ± 38.9 ms - Map
 64.2 ±  0.7 ms - getState
Dag sizes: 36172 33124 33153 35934 33392 36910 36406 35209 34481 
brutePieces time: 0.623068
 95.5 ±  0.0 ms - Piece loop time
 50.2 ± 36.2 ms - Set time
 81.6 ±  2.0 ms - Child looking time
Nodes:  314781
Pieces: 21936
makePieces time: 0.0965589
Memory: 2.3 + 22.2 + 10.1 + 42.8 + 3.9 MB
  2.4 ±  0.0 ms - Greedy fill time
composePieces time: 0.124163
                                                                                