Running only task # 261
Using max depth 23
 |                                        | 0 / 416 (0.0%)Function count: 142
0.0145053
0.0159536
0.0142617
0.0157204
0.0153785
0.0167493
0.0129994
0.0141466
0.0141897
0.0154905
0.0144319
0.015891
0.015367
0.0167765
0.013663
0.0149021
0.0149707
0.0161949
 29.3 ±  0.0 ms - Piece loop time
 39.1 ± 36.5 ms - Set time
 26.0 ±  1.2 ms - Child looking time
0.0140291
0.015156
0.0175122
159.5 ±  0.0 ms - Total time
143.8 ±  0.0 ms - Build f time
  6.0 ±  0.2 ms - Apply f time
142.4 ±  1.4 ms - Real f time 
 28.4 ±  0.7 ms - Add time
  1.1 ±  0.1 ms - Find child
  2.0 ±  0.2 ms - Add child
 23.6 ±  0.5 ms - Hash
 54.8 ± 36.1 ms - Map
  5.5 ±  0.2 ms - getState
0.0142998
0.0156014
0.0181322
177.7 ±  0.0 ms - Total time
158.1 ±  0.0 ms - Build f time
  7.6 ±  0.3 ms - Apply f time
157.3 ±  1.5 ms - Real f time 
 31.5 ±  0.7 ms - Add time
  1.8 ±  0.2 ms - Find child
  2.5 ±  0.2 ms - Add child
 26.6 ±  0.6 ms - Hash
 57.2 ± 36.1 ms - Map
  6.6 ±  0.2 ms - getState
0.0155886
0.0170281
0.0197845
197.5 ±  0.0 ms - Total time
173.7 ±  0.0 ms - Build f time
  9.2 ±  0.3 ms - Apply f time
173.6 ±  1.6 ms - Real f time 
 35.6 ±  0.8 ms - Add time
  2.3 ±  0.2 ms - Find child
  3.4 ±  0.2 ms - Add child
 29.6 ±  0.6 ms - Hash
 60.0 ± 36.1 ms - Map
  7.4 ±  0.3 ms - getState
0.0135513
0.0147659
0.0173308
214.8 ±  0.0 ms - Total time
187.2 ±  0.0 ms - Build f time
 10.5 ±  0.3 ms - Apply f time
187.5 ±  1.6 ms - Real f time 
 38.6 ±  0.8 ms - Add time
  2.7 ±  0.2 ms - Find child
  4.1 ±  0.2 ms - Add child
 32.4 ±  0.6 ms - Hash
 62.2 ± 36.0 ms - Map
  8.2 ±  0.3 ms - getState
0.0147032
0.0159986
0.0185118
233.3 ±  0.0 ms - Total time
201.9 ±  0.0 ms - Build f time
 12.0 ±  0.4 ms - Apply f time
201.5 ±  1.7 ms - Real f time 
 42.2 ±  0.8 ms - Add time
  3.2 ±  0.2 ms - Find child
  4.9 ±  0.3 ms - Add child
 35.8 ±  0.7 ms - Hash
 65.2 ± 36.0 ms - Map
  9.2 ±  0.3 ms - getState
0.0145643
0.0160098
0.0193105
252.7 ±  0.0 ms - Total time
216.5 ±  0.0 ms - Build f time
 13.5 ±  0.4 ms - Apply f time
216.2 ±  1.7 ms - Real f time 
 45.8 ±  0.9 ms - Add time
  3.8 ±  0.2 ms - Find child
  5.6 ±  0.3 ms - Add child
 39.0 ±  0.7 ms - Hash
 67.8 ± 36.1 ms - Map
 10.3 ±  0.3 ms - getState
0.0153749
0.0167323
0.0193197
272.0 ±  0.0 ms - Total time
231.9 ±  0.0 ms - Build f time
 15.2 ±  0.4 ms - Apply f time
232.0 ±  1.8 ms - Real f time 
 49.8 ±  0.9 ms - Add time
  4.5 ±  0.2 ms - Find child
  6.5 ±  0.3 ms - Add child
 43.1 ±  1.1 ms - Hash
 70.5 ± 36.1 ms - Map
 11.4 ±  0.3 ms - getState
0.0131489
0.0143028
0.0167438
288.8 ±  0.0 ms - Total time
245.0 ±  0.0 ms - Build f time
 16.4 ±  0.4 ms - Apply f time
245.6 ±  1.8 ms - Real f time 
 53.2 ±  0.9 ms - Add time
  5.0 ±  0.2 ms - Find child
  7.2 ±  0.3 ms - Add child
 45.6 ±  1.1 ms - Hash
 73.0 ± 36.1 ms - Map
 12.3 ±  0.3 ms - getState
0.01453
0.01574
0.0185453
307.3 ±  0.0 ms - Total time
259.6 ±  0.0 ms - Build f time
 17.7 ±  0.4 ms - Apply f time
260.6 ±  1.8 ms - Real f time 
 56.7 ±  1.0 ms - Add time
  5.5 ±  0.3 ms - Find child
  7.9 ±  0.3 ms - Add child
 48.4 ±  1.1 ms - Hash
 75.3 ± 36.1 ms - Map
 13.5 ±  0.4 ms - getState
Dag sizes: 11491 12490 12473 10724 11466 12529 12497 10859 11903 
brutePieces time: 0.171457
 49.8 ±  0.0 ms - Piece loop time
 45.7 ± 38.0 ms - Set time
 41.4 ±  1.3 ms - Child looking time
Nodes:  106432
Pieces: 16101
makePieces time: 0.0507413
Memory: 0.4 + 10.0 + 3.4 + 39.5 + 2.2 MB
  1.6 ±  0.0 ms - Greedy fill time
composePieces time: 0.0803762
                                                                                