Running only task # 7
Using max depth 23
 |                                        | 0 / 416 (0.0%)Function count: 142
0.037906
0.0413913
0.0585972
0.0636526
0.0625332
0.0681967
0.060905
0.0670699
0.0366894
0.0400202
0.0470387
0.0510043
0.0362144
0.0395759
0.0590044
0.0644541
0.076093
0.0816369
0.0604471
0.0658818
0.0361992
0.0392226
0.0475449
0.0516706
0.0580101
0.0629695
 70.6 ±  0.0 ms - Piece loop time
 48.8 ± 41.3 ms - Set time
 58.4 ±  2.3 ms - Child looking time
0.0422262
0.0453264
0.0600044
797.1 ±  0.0 ms - Total time
719.4 ±  0.0 ms - Build f time
 24.9 ±  0.5 ms - Apply f time
606.6 ±  3.4 ms - Real f time 
137.2 ±  4.0 ms - Add time
  4.2 ±  0.2 ms - Find child
  5.5 ±  0.3 ms - Add child
124.7 ±  2.8 ms - Hash
112.9 ± 37.1 ms - Map
 25.6 ±  0.5 ms - getState
0.0603903
0.0654191
0.0841208
881.2 ±  0.0 ms - Total time
779.8 ±  0.0 ms - Build f time
 30.5 ±  0.6 ms - Apply f time
660.2 ±  3.5 ms - Real f time 
151.1 ±  4.1 ms - Add time
  5.8 ±  0.3 ms - Find child
  8.0 ±  0.3 ms - Add child
139.3 ±  2.8 ms - Hash
123.9 ± 37.1 ms - Map
 32.0 ±  0.5 ms - getState
0.0721082
0.0776788
0.0984946
979.8 ±  0.0 ms - Total time
851.9 ±  0.0 ms - Build f time
 36.7 ±  0.6 ms - Apply f time
721.0 ±  3.7 ms - Real f time 
170.4 ±  4.5 ms - Add time
  7.8 ±  0.3 ms - Find child
 10.6 ±  0.4 ms - Add child
156.6 ±  3.0 ms - Hash
137.2 ± 37.0 ms - Map
 39.5 ±  0.6 ms - getState
0.0646045
0.0701842
0.090783
1070.6 ±  0.0 ms - Total time
916.5 ±  0.0 ms - Build f time
 42.5 ±  0.7 ms - Apply f time
777.0 ±  3.8 ms - Real f time 
186.8 ±  4.5 ms - Add time
  9.8 ±  0.4 ms - Find child
 12.7 ±  0.4 ms - Add child
172.3 ±  3.0 ms - Hash
164.8 ± 40.7 ms - Map
 46.1 ±  0.6 ms - getState
0.039296
0.0426069
0.0541234
1124.8 ±  0.0 ms - Total time
955.8 ±  0.0 ms - Build f time
 46.9 ±  0.7 ms - Apply f time
815.0 ±  3.9 ms - Real f time 
197.0 ±  4.5 ms - Add time
 11.2 ±  0.4 ms - Find child
 14.6 ±  0.4 ms - Add child
180.6 ±  3.1 ms - Hash
172.8 ± 40.7 ms - Map
 50.5 ±  0.7 ms - getState
0.0522784
0.0569964
0.0741867
1199.0 ±  0.0 ms - Total time
1008.1 ±  0.0 ms - Build f time
 51.9 ±  0.8 ms - Apply f time
864.0 ±  4.1 ms - Real f time 
210.4 ±  4.5 ms - Add time
 13.0 ±  0.4 ms - Find child
 16.8 ±  0.5 ms - Add child
192.2 ±  3.1 ms - Hash
185.4 ± 40.7 ms - Map
 56.2 ±  0.8 ms - getState
0.0394574
0.0427904
0.0545786
1253.6 ±  0.0 ms - Total time
1047.5 ±  0.0 ms - Build f time
 56.3 ±  0.8 ms - Apply f time
899.6 ±  4.2 ms - Real f time 
220.8 ±  4.6 ms - Add time
 14.3 ±  0.4 ms - Find child
 18.6 ±  0.5 ms - Add child
201.1 ±  3.1 ms - Hash
194.5 ± 40.7 ms - Map
 60.5 ±  0.8 ms - getState
0.0622238
0.0673964
0.0856951
1339.3 ±  0.0 ms - Total time
1109.8 ±  0.0 ms - Build f time
 61.8 ±  0.8 ms - Apply f time
955.7 ±  4.4 ms - Real f time 
239.6 ±  6.0 ms - Add time
 15.7 ±  0.5 ms - Find child
 20.6 ±  0.5 ms - Add child
215.4 ±  3.1 ms - Hash
204.6 ± 40.7 ms - Map
 67.0 ±  0.9 ms - getState
0.0650101
0.0706322
0.09061
1430.0 ±  0.0 ms - Total time
1174.8 ±  0.0 ms - Build f time
 67.6 ±  0.9 ms - Apply f time
1010.9 ±  4.5 ms - Real f time 
256.1 ±  6.1 ms - Add time
 17.4 ±  0.5 ms - Find child
 23.1 ±  0.5 ms - Add child
230.8 ±  3.1 ms - Hash
214.9 ± 40.6 ms - Map
 73.9 ±  0.9 ms - getState
0.0633791
0.0689641
0.088578
1518.6 ±  0.0 ms - Total time
1238.1 ±  0.0 ms - Build f time
 74.1 ±  0.9 ms - Apply f time
1066.7 ±  4.6 ms - Real f time 
273.1 ±  6.1 ms - Add time
 19.3 ±  0.5 ms - Find child
 25.7 ±  0.8 ms - Add child
245.8 ±  3.2 ms - Hash
227.7 ± 40.7 ms - Map
 81.0 ±  0.9 ms - getState
0.0396014
0.0432808
0.0553012
1573.9 ±  0.0 ms - Total time
1277.8 ±  0.0 ms - Build f time
 78.3 ±  0.9 ms - Apply f time
1104.8 ±  4.7 ms - Real f time 
283.8 ±  6.1 ms - Add time
 20.8 ±  0.5 ms - Find child
 27.5 ±  0.8 ms - Add child
255.8 ±  3.2 ms - Hash
236.6 ± 40.7 ms - Map
 84.6 ±  1.0 ms - getState
0.0515159
0.0559402
0.0720074
1646.0 ±  0.0 ms - Total time
1329.3 ±  0.0 ms - Build f time
 83.7 ±  1.0 ms - Apply f time
1151.8 ±  4.7 ms - Real f time 
297.5 ±  6.1 ms - Add time
 22.5 ±  0.5 ms - Find child
 29.8 ±  0.8 ms - Add child
267.2 ±  3.2 ms - Hash
248.3 ± 40.7 ms - Map
 90.2 ±  1.0 ms - getState
0.0631178
0.0682849
0.0872224
1733.2 ±  0.0 ms - Total time
1392.4 ±  0.0 ms - Build f time
 89.7 ±  1.0 ms - Apply f time
1205.8 ±  4.8 ms - Real f time 
312.7 ±  6.1 ms - Add time
 24.1 ±  0.6 ms - Find child
 31.8 ±  0.8 ms - Add child
281.8 ±  3.2 ms - Hash
260.6 ± 40.7 ms - Map
 97.0 ±  1.0 ms - getState
Dag sizes: 37962 47832 50705 51297 38535 46030 37893 47982 50454 51233 38835 45919 47070 
brutePieces time: 1.00467
152.3 ±  0.0 ms - Piece loop time
 54.3 ± 35.9 ms - Set time
119.3 ±  2.7 ms - Child looking time
Nodes:  591747
Pieces: 14928
makePieces time: 0.153391
Memory: 4.9 + 39.1 + 18.9 + 64.0 + 7.2 MB
  1.6 ±  0.2 ms - Greedy fill time
composePieces time: 0.161646
                                                                                