Running only task # 194
Using max depth 4
 |                                        | 0 / 416 (0.0%)Function count: 142
0.0497713
0.0537835
0.0563874
0.0602181
0.0637469
0.0683018
0.0552633
0.0597398
0.124966
0.133644
 31.3 ±  0.0 ms - Piece loop time
 41.2 ± 36.6 ms - Set time
 25.3 ±  1.0 ms - Child looking time
1.14539
1.24559
1.83093
2206.8 ±  0.0 ms - Total time
1495.5 ±  0.0 ms - Build f time
124.2 ±  1.3 ms - Apply f time
1322.9 ±  9.9 ms - Real f time 
418.8 ± 16.4 ms - Add time
 28.9 ±  0.6 ms - Find child
 40.9 ±  2.6 ms - Add child
369.6 ±  3.0 ms - Hash
288.1 ± 36.4 ms - Map
173.3 ±  2.1 ms - getState
1.25105
1.35107
2.03148
4238.3 ±  0.0 ms - Total time
2746.6 ±  0.0 ms - Build f time
251.7 ±  1.8 ms - Apply f time
2439.0 ± 11.9 ms - Real f time 
782.1 ± 16.6 ms - Add time
 57.4 ±  0.9 ms - Find child
 78.0 ±  2.7 ms - Add child
750.1 ±  3.8 ms - Hash
517.0 ± 36.6 ms - Map
355.4 ±  2.6 ms - getState
1.42419
1.53937
2.32456
6562.9 ±  0.0 ms - Total time
4170.8 ±  0.0 ms - Build f time
387.1 ±  2.2 ms - Apply f time
3693.1 ± 14.2 ms - Real f time 
1245.1 ± 26.8 ms - Add time
 89.8 ±  1.4 ms - Find child
117.4 ±  2.8 ms - Add child
1179.5 ±  4.4 ms - Hash
758.3 ± 37.8 ms - Map
572.8 ±  3.1 ms - getState
1.30372
1.42061
1.9594
8522.3 ±  0.0 ms - Total time
5474.5 ±  0.0 ms - Build f time
521.0 ±  2.6 ms - Apply f time
4898.4 ± 17.0 ms - Real f time 
1597.0 ± 30.1 ms - Add time
125.7 ±  1.6 ms - Find child
165.6 ±  2.9 ms - Add child
1497.1 ±  4.8 ms - Hash
1023.5 ± 38.0 ms - Map
738.9 ±  3.7 ms - getState
2.91951
3.14961
4.66732
13189.7 ±  0.0 ms - Total time
8394.0 ±  0.0 ms - Build f time
785.6 ± 22.1 ms - Apply f time
7392.6 ± 31.0 ms - Real f time 
2475.9 ± 37.7 ms - Add time
170.5 ±  2.1 ms - Find child
223.8 ±  3.1 ms - Add child
2425.0 ±  9.2 ms - Hash
1408.4 ± 38.5 ms - Map
1171.5 ±  6.5 ms - getState
Dag sizes: 849308 856995 938688 971533 1319968 
brutePieces time: 12.8162
2141.9 ±  0.0 ms - Piece loop time
516.7 ± 15.3 ms - Set time
1527.6 ± 17.1 ms - Child looking time
Nodes:  4936492
Pieces: 1328694
makePieces time: 2.14677
Memory: 101.4 + 225.9 + 158.0 + 120.9 + 73.6 MB
 42.5 ± 15.1 ms - Greedy fill time
composePieces time: 19.0393
                                                                                