Running only task # 69
Using max depth 3
 |                                        | 0 / 416 (0.0%)Function count: 142
0.126797
0.136876
0.106718
0.115007
0.169212
0.184365
 18.8 ±  0.0 ms - Piece loop time
 42.3 ± 37.6 ms - Set time
 13.5 ±  0.8 ms - Child looking time
0.130422
0.140059
0.239908
676.3 ±  0.0 ms - Total time
533.1 ±  0.0 ms - Build f time
 25.0 ±  0.6 ms - Apply f time
405.8 ±  4.9 ms - Real f time 
125.7 ±  4.4 ms - Add time
  3.0 ±  0.2 ms - Find child
  4.6 ±  0.3 ms - Add child
132.2 ±  1.1 ms - Hash
 81.8 ± 40.1 ms - Map
 36.9 ±  0.6 ms - getState
0.108895
0.117399
0.202035
878.4 ±  0.0 ms - Total time
642.0 ±  0.0 ms - Build f time
 39.6 ±  0.8 ms - Apply f time
499.4 ±  5.3 ms - Real f time 
169.0 ±  4.4 ms - Add time
  6.0 ±  0.3 ms - Find child
  9.0 ±  0.4 ms - Add child
177.4 ±  1.5 ms - Hash
 98.4 ± 40.1 ms - Map
 60.7 ±  0.9 ms - getState
0.175298
0.190312
0.368392
1246.8 ±  0.0 ms - Total time
817.3 ±  0.0 ms - Build f time
 65.1 ±  1.1 ms - Apply f time
642.4 ±  5.8 ms - Real f time 
261.7 ±  4.7 ms - Add time
 10.8 ±  0.4 ms - Find child
 15.8 ±  0.5 ms - Add child
259.6 ±  1.7 ms - Hash
128.5 ± 40.1 ms - Map
107.8 ±  1.1 ms - getState
Dag sizes: 92783 104180 171700 
brutePieces time: 0.812309
 59.5 ±  0.0 ms - Piece loop time
 39.6 ± 22.1 ms - Set time
 40.0 ±  0.9 ms - Child looking time
Nodes:  368663
Pieces: 114617
makePieces time: 0.0602046
Memory: 9.4 + 13.5 + 11.8 + 18.5 + 3.8 MB
  1.5 ±  0.0 ms - Greedy fill time
composePieces time: 0.300419
                                                                                