Running only task # 229
Using max depth 4
 |                                        | 0 / 416 (0.0%)Function count: 142
0.135842
0.149942
0.117721
0.131304
0.136673
0.154353
 32.4 ±  0.0 ms - Piece loop time
 49.8 ± 42.1 ms - Set time
 23.9 ±  0.8 ms - Child looking time
3.90194
4.3278
7.10228
7538.0 ±  0.0 ms - Total time
4292.2 ±  0.0 ms - Build f time
494.1 ±  3.0 ms - Apply f time
3722.3 ± 22.1 ms - Real f time 
1769.5 ± 207.9 ms - Add time
116.1 ±  2.1 ms - Find child
162.7 ±  1.8 ms - Add child
1145.3 ±  6.9 ms - Hash
1316.8 ± 47.9 ms - Map
757.7 ± 14.2 ms - getState
3.44767
3.82948
6.81099
14349.1 ±  0.0 ms - Total time
7739.8 ±  0.0 ms - Build f time
988.6 ±  4.2 ms - Apply f time
6811.9 ± 34.1 ms - Real f time 
3188.5 ± 208.6 ms - Add time
242.3 ±  6.3 ms - Find child
342.5 ±  3.4 ms - Add child
2259.4 ± 20.2 ms - Hash
2534.9 ± 51.8 ms - Map
1502.4 ± 16.3 ms - getState
3.92215
4.3982
7.76593
22115.0 ±  0.0 ms - Total time
11662.0 ±  0.0 ms - Build f time
1569.9 ± 16.5 ms - Apply f time
10401.9 ± 44.1 ms - Real f time 
4815.2 ± 209.6 ms - Add time
377.3 ±  6.7 ms - Find child
537.0 ±  3.8 ms - Add child
3462.5 ± 20.6 ms - Hash
3878.5 ± 55.5 ms - Map
2366.2 ± 17.0 ms - getState
Dag sizes: 3760727 4301169 4892858 
brutePieces time: 21.6803
4609.1 ±  0.0 ms - Piece loop time
2014.1 ± 28.1 ms - Set time
2541.4 ± 37.5 ms - Child looking time
Nodes:  12954754
Pieces: 5184613
makePieces time: 4.62099
Memory: 177.7 + 464.7 + 414.6 + 307.9 + 181.2 MB
 27.8 ±  0.0 ms - Greedy fill time
composePieces time: 9.05326
                                                                                