Running only task # 163
Using max depth 4
 |                                        | 0 / 416 (0.0%)Function count: 142
0.133228
0.150376
0.129214
0.145688
0.127029
0.142712
0.13029
0.146582
0.134803
0.151202
 41.1 ±  0.0 ms - Piece loop time
 45.1 ± 36.7 ms - Set time
 30.5 ±  1.1 ms - Child looking time
3.90632
4.3708
5.8454
6582.1 ±  0.0 ms - Total time
4560.9 ±  0.0 ms - Build f time
457.7 ±  6.0 ms - Apply f time
4281.9 ± 14.8 ms - Real f time 
1106.7 ± 12.1 ms - Add time
116.6 ±  1.3 ms - Find child
162.6 ±  3.2 ms - Add child
865.8 ± 15.6 ms - Hash
970.3 ± 37.4 ms - Map
478.4 ±  2.6 ms - getState
3.89621
4.35702
5.82984
12412.0 ±  0.0 ms - Total time
8457.1 ±  0.0 ms - Build f time
879.8 ±  6.7 ms - Apply f time
7954.7 ± 19.9 ms - Real f time 
2143.3 ± 60.6 ms - Add time
234.1 ±  1.9 ms - Find child
320.3 ±  3.5 ms - Add child
1644.8 ± 16.8 ms - Hash
1847.7 ± 38.0 ms - Map
943.0 ±  4.3 ms - getState
3.72274
4.15884
5.69964
18111.7 ±  0.0 ms - Total time
12179.8 ±  0.0 ms - Build f time
1295.5 ±  7.8 ms - Apply f time
11436.3 ± 26.9 ms - Real f time 
3428.8 ± 333.0 ms - Add time
358.1 ±  7.5 ms - Find child
476.5 ±  4.3 ms - Add child
2420.7 ± 17.3 ms - Hash
2759.3 ± 39.2 ms - Map
1394.5 ±  5.4 ms - getState
3.90351
4.37166
5.81014
23921.9 ±  0.0 ms - Total time
16083.3 ±  0.0 ms - Build f time
1711.0 ± 10.5 ms - Apply f time
15157.3 ± 30.1 ms - Real f time 
4625.9 ± 399.0 ms - Add time
469.7 ±  8.0 ms - Find child
624.8 ±  4.6 ms - Add child
3141.4 ± 17.7 ms - Hash
3605.3 ± 39.8 ms - Map
1845.2 ±  6.3 ms - getState
4.02115
4.48352
5.71555
29637.5 ±  0.0 ms - Total time
20104.5 ±  0.0 ms - Build f time
2093.3 ± 10.8 ms - Apply f time
19066.4 ± 33.9 ms - Real f time 
5532.7 ± 399.2 ms - Add time
564.5 ±  8.1 ms - Find child
759.6 ±  4.9 ms - Add child
3849.5 ± 18.0 ms - Hash
4341.5 ± 41.1 ms - Map
2278.9 ± 16.2 ms - getState
Dag sizes: 2655290 2664537 2640117 2490873 2261643 
brutePieces time: 28.9026
4298.9 ±  0.0 ms - Piece loop time
1265.4 ± 24.7 ms - Set time
2813.7 ± 11.4 ms - Child looking time
Nodes:  12712460
Pieces: 110696
makePieces time: 4.30091
Memory: 160.1 + 682.0 + 406.8 + 287.3 + 143.6 MB
  3.5 ±  0.0 ms - Greedy fill time
composePieces time: 0.436516
                                                                                