Running only task # 400
Using max depth 4
 |                                        | 0 / 416 (0.0%)Function count: 142
0.0287819
0.0314643
0.0343733
0.0374318
0.0352869
0.0384387
0.0367894
0.040128
 12.1 ±  0.0 ms - Piece loop time
 41.7 ± 39.1 ms - Set time
  9.0 ±  0.8 ms - Child looking time
0.548598
0.592775
0.746871
894.5 ±  0.0 ms - Total time
683.8 ±  0.0 ms - Build f time
 57.2 ±  0.8 ms - Apply f time
671.4 ± 16.5 ms - Real f time 
160.8 ± 12.0 ms - Add time
 16.7 ±  0.5 ms - Find child
 21.3 ±  0.6 ms - Add child
137.7 ±  2.0 ms - Hash
177.3 ± 36.2 ms - Map
 51.7 ±  0.9 ms - getState
0.672132
0.729692
0.901728
1796.2 ±  0.0 ms - Total time
1356.0 ±  0.0 ms - Build f time
117.8 ±  1.1 ms - Apply f time
1323.8 ± 16.8 ms - Real f time 
311.5 ± 13.4 ms - Add time
 34.9 ±  0.7 ms - Find child
 44.8 ±  0.8 ms - Add child
269.7 ±  2.5 ms - Hash
323.9 ± 36.1 ms - Map
124.7 ± 12.4 ms - getState
0.685891
0.742491
0.935258
2731.5 ±  0.0 ms - Total time
2041.8 ±  0.0 ms - Build f time
185.1 ±  1.4 ms - Apply f time
1981.7 ± 17.1 ms - Real f time 
470.5 ± 13.5 ms - Add time
 57.0 ±  0.9 ms - Find child
 70.7 ±  1.1 ms - Add child
414.4 ±  3.6 ms - Hash
472.8 ± 36.2 ms - Map
187.3 ± 12.5 ms - getState
0.736849
0.799121
1.01155
3743.1 ±  0.0 ms - Total time
2778.7 ±  0.0 ms - Build f time
255.4 ±  1.8 ms - Apply f time
2724.5 ± 23.1 ms - Real f time 
635.4 ± 13.6 ms - Add time
 79.3 ±  1.4 ms - Find child
 97.1 ±  1.3 ms - Add child
562.5 ±  3.8 ms - Hash
636.1 ± 36.5 ms - Map
254.7 ± 12.6 ms - getState
Dag sizes: 432930 495228 572103 582820 
brutePieces time: 3.59787
689.0 ±  0.0 ms - Piece loop time
204.6 ± 16.0 ms - Set time
432.1 ±  3.8 ms - Child looking time
Nodes:  2083081
Pieces: 426668
makePieces time: 0.69095
Memory: 11.9 + 140.2 + 66.7 + 50.1 + 24.6 MB
  3.9 ±  0.0 ms - Greedy fill time
composePieces time: 0.736699
                                                                                