Running only task # 135
Using max depth 33
 |                                        | 0 / 416 (0.0%)Function count: 142
0.0296552
0.0323665
0.0378738
0.0412447
0.036424
0.0397327
0.034841
0.0376183
0.0372668
0.0402487
0.0290814
0.0316899
0.0379001
0.0414184
0.0353321
0.0386329
0.0351181
0.0379806
0.047874
0.0507189
0.0374062
0.0403254
111.9 ±  0.0 ms - Piece loop time
 47.8 ± 38.3 ms - Set time
 98.1 ±  2.1 ms - Child looking time
0.0294156
0.0315982
0.0374365
469.8 ±  0.0 ms - Total time
428.2 ±  0.0 ms - Build f time
 13.7 ±  0.3 ms - Apply f time
389.7 ±  3.4 ms - Real f time 
 80.0 ±  1.3 ms - Add time
  2.9 ±  0.2 ms - Find child
  4.1 ±  0.3 ms - Add child
 67.4 ±  0.9 ms - Hash
106.9 ± 39.8 ms - Map
 14.2 ±  0.4 ms - getState
0.0374317
0.0406314
0.0487931
518.6 ±  0.0 ms - Total time
465.6 ±  0.0 ms - Build f time
 17.5 ±  0.4 ms - Apply f time
426.3 ±  3.5 ms - Real f time 
 88.8 ±  1.3 ms - Add time
  4.1 ±  0.2 ms - Find child
  5.7 ±  0.4 ms - Add child
 75.2 ±  0.9 ms - Hash
114.4 ± 39.8 ms - Map
 17.2 ±  0.4 ms - getState
0.0360727
0.0393266
0.047511
566.1 ±  0.0 ms - Total time
501.7 ±  0.0 ms - Build f time
 20.8 ±  0.4 ms - Apply f time
461.4 ±  3.5 ms - Real f time 
 97.2 ±  1.4 ms - Add time
  6.2 ±  0.7 ms - Find child
  7.2 ±  0.4 ms - Add child
 82.5 ±  1.0 ms - Hash
122.0 ± 39.8 ms - Map
 20.3 ±  0.4 ms - getState
0.0357357
0.03843
0.0465897
612.8 ±  0.0 ms - Total time
537.4 ±  0.0 ms - Build f time
 24.0 ±  0.5 ms - Apply f time
496.0 ±  3.6 ms - Real f time 
105.1 ±  1.4 ms - Add time
  7.4 ±  0.7 ms - Find child
  8.7 ±  0.4 ms - Add child
 90.1 ±  1.0 ms - Hash
128.6 ± 39.8 ms - Map
 23.3 ±  0.5 ms - getState
0.0374183
0.0401809
0.0491679
662.0 ±  0.0 ms - Total time
574.8 ±  0.0 ms - Build f time
 27.4 ±  0.5 ms - Apply f time
532.8 ±  3.7 ms - Real f time 
114.5 ±  1.5 ms - Add time
  8.8 ±  0.7 ms - Find child
 10.4 ±  0.5 ms - Add child
 97.9 ±  1.1 ms - Hash
136.1 ± 39.8 ms - Map
 26.2 ±  0.5 ms - getState
0.0313014
0.0335426
0.0400175
702.0 ±  0.0 ms - Total time
606.1 ±  0.0 ms - Build f time
 30.1 ±  0.6 ms - Apply f time
561.8 ±  3.7 ms - Real f time 
121.8 ±  1.5 ms - Add time
 10.1 ±  0.9 ms - Find child
 11.8 ±  0.5 ms - Add child
104.5 ±  1.1 ms - Hash
142.1 ± 39.8 ms - Map
 28.9 ±  0.5 ms - getState
0.0396342
0.0429151
0.0520259
754.0 ±  0.0 ms - Total time
645.8 ±  0.0 ms - Build f time
 33.8 ±  0.6 ms - Apply f time
599.9 ±  3.8 ms - Real f time 
131.6 ±  1.6 ms - Add time
 11.4 ±  0.9 ms - Find child
 13.3 ±  0.5 ms - Add child
112.0 ±  1.2 ms - Hash
150.4 ± 39.8 ms - Map
 32.1 ±  0.5 ms - getState
0.0354727
0.0385443
0.0461864
800.2 ±  0.0 ms - Total time
681.2 ±  0.0 ms - Build f time
 37.1 ±  0.6 ms - Apply f time
635.5 ±  3.8 ms - Real f time 
147.9 ±  6.9 ms - Add time
 12.5 ±  0.9 ms - Find child
 15.0 ±  0.5 ms - Add child
119.8 ±  1.2 ms - Hash
157.1 ± 39.8 ms - Map
 35.0 ±  0.6 ms - getState
0.0354683
0.0382967
0.046004
846.3 ±  0.0 ms - Total time
716.7 ±  0.0 ms - Build f time
 40.1 ±  0.7 ms - Apply f time
668.6 ±  3.9 ms - Real f time 
156.6 ±  6.9 ms - Add time
 13.5 ±  0.9 ms - Find child
 16.7 ±  0.6 ms - Add child
127.5 ±  1.2 ms - Hash
162.8 ± 39.7 ms - Map
 37.9 ±  0.6 ms - getState
0.0371064
0.0398569
0.0490948
895.4 ±  0.0 ms - Total time
753.8 ±  0.0 ms - Build f time
 43.7 ±  0.7 ms - Apply f time
704.6 ±  3.9 ms - Real f time 
165.8 ±  6.9 ms - Add time
 15.1 ±  1.1 ms - Find child
 18.5 ±  0.6 ms - Add child
135.8 ±  1.3 ms - Hash
169.8 ± 39.7 ms - Map
 40.9 ±  0.6 ms - getState
0.0368849
0.039904
0.047894
943.3 ±  0.0 ms - Total time
790.7 ±  0.0 ms - Build f time
 49.7 ±  2.4 ms - Apply f time
740.3 ±  4.0 ms - Real f time 
173.9 ±  6.9 ms - Add time
 16.1 ±  1.1 ms - Find child
 19.9 ±  0.6 ms - Add child
143.5 ±  1.3 ms - Hash
177.0 ± 39.7 ms - Map
 43.5 ±  0.6 ms - getState
Dag sizes: 27413 36269 33398 32958 35101 27227 38464 33766 33163 36258 32792 
brutePieces time: 0.51773
231.7 ±  0.0 ms - Piece loop time
 61.5 ± 38.4 ms - Set time
195.0 ±  3.7 ms - Child looking time
Nodes:  366809
Pieces: 28898
makePieces time: 0.232975
Memory: 1.5 + 28.2 + 11.7 + 52.0 + 8.4 MB
  1.5 ±  0.1 ms - Greedy fill time
composePieces time: 0.226612
                                                                                