Running only task # 283
Using max depth 4
 |                                        | 0 / 416 (0.0%)Function count: 142
0.173397
0.190309
0.26528
0.292571
0.26644
0.287782
0.262341
0.291221
0.511613
0.563981
 68.1 ±  0.0 ms - Piece loop time
 37.9 ± 19.9 ms - Set time
 49.7 ±  1.4 ms - Child looking time
5.64917
6.24908
13.1833
14809.4 ±  0.0 ms - Total time
7128.2 ±  0.0 ms - Build f time
993.6 ±  8.4 ms - Apply f time
5996.6 ± 31.1 ms - Real f time 
3649.1 ± 187.9 ms - Add time
208.1 ±  1.8 ms - Find child
324.4 ±  6.1 ms - Add child
2806.9 ±  6.9 ms - Hash
2301.9 ± 360.7 ms - Map
1686.2 ± 15.4 ms - getState
9.43161
10.5067
21.6969
36506.3 ±  0.0 ms - Total time
16559.9 ±  0.0 ms - Build f time
2427.3 ± 13.1 ms - Apply f time
14237.7 ± 53.3 ms - Real f time 
8855.5 ± 190.1 ms - Add time
475.5 ±  3.9 ms - Find child
727.1 ±  7.1 ms - Add child
7075.0 ± 12.6 ms - Hash
4946.4 ± 519.9 ms - Map
4556.0 ± 22.4 ms - getState
7.52113
8.296
17.9275
54433.9 ±  0.0 ms - Total time
24081.0 ±  0.0 ms - Build f time
3597.6 ± 14.7 ms - Apply f time
20590.4 ± 65.3 ms - Real f time 
13213.2 ± 191.8 ms - Add time
705.8 ±  8.3 ms - Find child
1054.7 ±  7.5 ms - Add child
10918.0 ± 21.1 ms - Hash
6844.0 ± 520.2 ms - Map
6894.7 ± 23.8 ms - getState
9.18929
10.2676
21.3048
75738.7 ±  0.0 ms - Total time
33270.3 ±  0.0 ms - Build f time
5059.9 ± 16.8 ms - Apply f time
28656.1 ± 76.2 ms - Real f time 
18424.5 ± 196.0 ms - Add time
980.3 ±  8.6 ms - Find child
1465.6 ±  8.3 ms - Add child
15039.0 ± 28.8 ms - Hash
9174.2 ± 520.7 ms - Map
9761.1 ± 25.5 ms - getState
17.5052
19.4183
43.2863
119025.0 ±  0.0 ms - Total time
50775.5 ±  0.0 ms - Build f time
7490.7 ± 19.5 ms - Apply f time
42985.7 ± 102.9 ms - Real f time 
30919.6 ± 964.8 ms - Add time
1341.0 ±  9.3 ms - Find child
2010.8 ± 11.0 ms - Add child
24630.2 ± 33.1 ms - Hash
12358.2 ± 521.2 ms - Map
15882.6 ± 30.9 ms - getState
Dag sizes: 6251211 8051456 6810338 8218925 11069730 
brutePieces time: 117.401
12343.1 ±  0.0 ms - Piece loop time
4224.5 ± 43.9 ms - Set time
7666.9 ± 37.3 ms - Child looking time
Nodes:  40401660
Pieces: 10551692
makePieces time: 12.376
