Running only task # 339
Using max depth 4
 |                                        | 0 / 416 (0.0%)Function count: 142
0.315675
0.362588
0.315781
0.361726
0.307772
0.352675
0.305979
0.351008
0.336854
0.38388
 32.4 ±  0.0 ms - Piece loop time
 22.7 ± 15.8 ms - Set time
 22.9 ±  1.1 ms - Child looking time
10.5341
11.9984
20.4783
22290.4 ±  0.0 ms - Total time
12116.2 ±  0.0 ms - Build f time
1612.9 ±  7.2 ms - Apply f time
11724.0 ± 29.7 ms - Real f time 
4637.2 ± 35.6 ms - Add time
338.7 ±  2.3 ms - Find child
485.9 ±  3.0 ms - Add child
3027.1 ± 20.3 ms - Hash
2842.2 ± 43.1 ms - Map
2319.6 ± 17.7 ms - getState
10.9175
12.4424
21.7205
44010.9 ±  0.0 ms - Total time
23033.6 ±  0.0 ms - Build f time
3258.5 ± 10.7 ms - Apply f time
22383.3 ± 42.3 ms - Real f time 
9580.3 ± 382.4 ms - Add time
698.5 ±  3.5 ms - Find child
1028.8 ± 10.1 ms - Add child
6074.5 ± 23.7 ms - Hash
5852.6 ± 44.0 ms - Map
4706.6 ± 21.5 ms - getState
10.4116
11.8743
21.0504
65065.0 ±  0.0 ms - Total time
33445.2 ±  0.0 ms - Build f time
4918.1 ± 15.1 ms - Apply f time
32651.0 ± 54.6 ms - Real f time 
14112.5 ± 385.6 ms - Add time
1059.4 ±  4.2 ms - Find child
1591.8 ± 24.4 ms - Add child
9060.6 ± 25.8 ms - Hash
8801.5 ± 60.0 ms - Map
7032.1 ± 22.5 ms - getState
10.3681
11.8352
20.9508
86015.9 ±  0.0 ms - Total time
43813.3 ±  0.0 ms - Build f time
6527.5 ± 16.4 ms - Apply f time
42825.1 ± 61.9 ms - Real f time 
18672.9 ± 387.6 ms - Add time
1413.6 ±  4.7 ms - Find child
2119.6 ± 24.7 ms - Add child
12048.4 ± 27.3 ms - Hash
11667.6 ± 62.2 ms - Map
9401.1 ± 25.2 ms - getState
10.9259
12.4523
21.951
107967.0 ±  0.0 ms - Total time
54739.3 ±  0.0 ms - Build f time
8219.9 ± 22.7 ms - Apply f time
53580.4 ± 76.5 ms - Real f time 
24900.5 ± 1608.1 ms - Add time
1785.5 ±  5.4 ms - Find child
2669.4 ± 25.3 ms - Add child
15195.9 ± 35.5 ms - Hash
14621.4 ± 63.7 ms - Map
11832.5 ± 26.1 ms - getState
Dag sizes: 9210567 9948164 9769223 10023747 10273569 
brutePieces time: 106.158
8198.0 ±  0.0 ms - Piece loop time
3343.4 ± 42.5 ms - Set time
4554.0 ± 41.7 ms - Child looking time
Nodes:  49225270
Pieces: 9620463
makePieces time: 8.23244
