Running only task # 47
Using max depth 3
 |                                        | 0 / 416 (0.0%)Function count: 142
0.0997953
0.107991
0.0988886
0.107152
0.0951726
0.102986
0.0916919
0.0992471
0.108564
0.117828
 27.2 ±  0.0 ms - Piece loop time
 43.0 ± 37.2 ms - Set time
 20.5 ±  0.9 ms - Child looking time
0.101773
0.109175
0.159117
694.5 ±  0.0 ms - Total time
595.9 ±  0.0 ms - Build f time
 22.1 ±  0.5 ms - Apply f time
477.0 ±  4.7 ms - Real f time 
122.6 ±  7.0 ms - Add time
  3.5 ±  0.2 ms - Find child
  4.7 ±  0.2 ms - Add child
120.2 ±  1.0 ms - Hash
 96.7 ± 46.5 ms - Map
 28.8 ±  1.0 ms - getState
0.100325
0.108151
0.156496
851.1 ±  0.0 ms - Total time
696.2 ±  0.0 ms - Build f time
 31.9 ±  0.6 ms - Apply f time
562.2 ±  5.0 ms - Real f time 
155.0 ±  7.2 ms - Add time
  5.9 ±  0.3 ms - Find child
  7.7 ±  0.3 ms - Add child
152.6 ±  1.2 ms - Hash
110.4 ± 46.5 ms - Map
 50.4 ±  7.3 ms - getState
0.100719
0.108274
0.155746
1006.8 ±  0.0 ms - Total time
796.9 ±  0.0 ms - Build f time
 41.3 ±  0.7 ms - Apply f time
648.2 ±  5.3 ms - Real f time 
185.7 ±  7.4 ms - Add time
  8.1 ±  0.3 ms - Find child
 10.9 ±  0.4 ms - Add child
183.7 ±  1.3 ms - Hash
126.0 ± 46.6 ms - Map
 66.4 ±  7.4 ms - getState
0.0932537
0.101765
0.154882
1161.8 ±  0.0 ms - Total time
890.2 ±  0.0 ms - Build f time
 53.1 ±  0.8 ms - Apply f time
729.4 ±  5.5 ms - Real f time 
216.7 ±  7.4 ms - Add time
 10.9 ±  0.4 ms - Find child
 14.7 ±  0.4 ms - Add child
214.3 ±  1.4 ms - Hash
138.1 ± 46.6 ms - Map
 82.4 ±  7.5 ms - getState
0.123623
0.132849
0.189065
1350.9 ±  0.0 ms - Total time
1013.8 ±  0.0 ms - Build f time
 64.7 ±  1.1 ms - Apply f time
835.8 ±  5.9 ms - Real f time 
253.6 ±  7.5 ms - Add time
 13.3 ±  0.4 ms - Find child
 18.4 ±  0.5 ms - Add child
250.0 ±  1.5 ms - Hash
153.2 ± 46.6 ms - Map
 98.5 ±  7.5 ms - getState
Dag sizes: 78934 74377 73228 72035 86184 
brutePieces time: 0.818687
 52.0 ±  0.0 ms - Piece loop time
 58.3 ± 46.6 ms - Set time
 38.2 ±  2.1 ms - Child looking time
Nodes:  384758
Pieces: 65743
makePieces time: 0.0531997
Memory: 6.3 + 17.1 + 12.3 + 27.1 + 3.5 MB
 14.4 ±  0.0 ms - Greedy fill time
composePieces time: 0.637896
                                                                                