Running only task # 193
Using max depth 3
 |                                        | 0 / 416 (0.0%)Function count: 142
0.0662902
0.0724464
0.0742819
0.0813855
0.0842605
0.0938928
0.0779125
0.0862766
 20.3 ±  0.0 ms - Piece loop time
 49.1 ± 42.9 ms - Set time
 15.0 ±  0.8 ms - Child looking time
0.066795
0.0723637
0.154649
488.8 ±  0.0 ms - Total time
369.5 ±  0.0 ms - Build f time
 26.3 ±  0.6 ms - Apply f time
323.2 ±  3.6 ms - Real f time 
 91.2 ±  2.0 ms - Add time
  4.9 ±  0.2 ms - Find child
  6.8 ±  0.3 ms - Add child
 75.2 ±  0.8 ms - Hash
 78.9 ± 34.8 ms - Map
 28.7 ±  0.7 ms - getState
0.07415
0.0813647
0.157395
646.3 ±  0.0 ms - Total time
443.7 ±  0.0 ms - Build f time
 41.8 ±  0.7 ms - Apply f time
396.7 ±  3.9 ms - Real f time 
130.3 ±  2.1 ms - Add time
  9.9 ±  0.8 ms - Find child
 12.9 ±  0.4 ms - Add child
107.1 ±  1.0 ms - Hash
 94.9 ± 34.8 ms - Map
 45.6 ±  0.8 ms - getState
0.0839303
0.0934335
0.183864
830.2 ±  0.0 ms - Total time
527.6 ±  0.0 ms - Build f time
 59.0 ±  0.8 ms - Apply f time
480.2 ±  4.2 ms - Real f time 
177.1 ±  2.3 ms - Add time
 14.7 ±  0.9 ms - Find child
 19.7 ±  0.5 ms - Add child
142.0 ±  1.1 ms - Hash
114.9 ± 34.8 ms - Map
 65.5 ±  0.9 ms - getState
0.0774385
0.0856313
0.172381
1002.6 ±  0.0 ms - Total time
605.1 ±  0.0 ms - Build f time
 75.9 ±  1.0 ms - Apply f time
553.5 ±  4.3 ms - Real f time 
220.0 ±  2.4 ms - Add time
 19.7 ±  0.9 ms - Find child
 25.6 ±  0.6 ms - Add child
177.2 ±  1.3 ms - Hash
132.8 ± 34.9 ms - Map
 85.8 ±  1.0 ms - getState
Dag sizes: 121050 123848 149616 138832 
brutePieces time: 0.671748
 71.8 ±  0.0 ms - Piece loop time
 51.2 ± 30.5 ms - Set time
 49.2 ±  1.0 ms - Child looking time
Nodes:  533346
Pieces: 125740
makePieces time: 0.072893
Memory: 6.7 + 19.4 + 17.1 + 25.3 + 5.3 MB
 41.8 ±  0.0 ms - Greedy fill time
composePieces time: 0.464942
                                                                                