Running only task # 193
Using max depth 4
 |                                        | 0 / 416 (0.0%)Function count: 142
0.0794133
0.0864849
0.0834516
0.0902052
0.0847207
0.094596
0.0771078
0.0851232
 18.3 ±  0.0 ms - Piece loop time
 43.1 ± 39.4 ms - Set time
 14.1 ±  0.8 ms - Child looking time
1.57918
1.72369
3.32348
3680.0 ±  0.0 ms - Total time
1903.9 ±  0.0 ms - Build f time
288.8 ±  6.4 ms - Apply f time
1816.4 ±  8.4 ms - Real f time 
773.3 ± 18.7 ms - Add time
 73.5 ±  1.1 ms - Find child
106.9 ±  1.5 ms - Add child
615.7 ±  3.8 ms - Hash
628.3 ± 42.0 ms - Map
325.0 ±  2.8 ms - getState
1.71548
1.8887
3.5486
7228.6 ±  0.0 ms - Total time
3619.4 ±  0.0 ms - Build f time
581.2 ±  6.8 ms - Apply f time
3487.6 ± 18.4 ms - Real f time 
1536.4 ± 27.1 ms - Add time
153.0 ±  4.7 ms - Find child
218.3 ±  2.0 ms - Add child
1232.2 ±  4.5 ms - Hash
1189.3 ± 42.3 ms - Map
678.9 ± 15.7 ms - getState
2.00149
2.22043
4.25881
11487.5 ±  0.0 ms - Total time
5620.8 ±  0.0 ms - Build f time
928.5 ±  7.2 ms - Apply f time
5474.2 ± 25.8 ms - Real f time 
2498.3 ± 64.3 ms - Add time
241.8 ±  4.8 ms - Find child
349.9 ±  2.6 ms - Add child
1944.2 ±  5.8 ms - Hash
1886.9 ± 42.8 ms - Map
1094.3 ± 17.4 ms - getState
1.92735
2.1311
4.11234
15599.9 ±  0.0 ms - Total time
7548.2 ±  0.0 ms - Build f time
1277.2 ±  8.7 ms - Apply f time
7327.5 ± 26.9 ms - Real f time 
3425.0 ± 87.0 ms - Add time
328.5 ±  4.9 ms - Find child
479.4 ±  3.0 ms - Add child
2671.3 ± 14.6 ms - Hash
2608.2 ± 43.8 ms - Map
1493.2 ± 17.7 ms - getState
Dag sizes: 2181840 2286964 2797305 2717592 
brutePieces time: 15.2452
2674.9 ±  0.0 ms - Piece loop time
1115.2 ± 60.1 ms - Set time
1543.4 ± 11.6 ms - Child looking time
Nodes:  9983701
Pieces: 2651065
makePieces time: 2.68431
Memory: 128.4 + 381.0 + 319.5 + 243.6 + 120.0 MB
107.4 ±  0.0 ms - Greedy fill time
composePieces time: 9.14483
                                                                                