Running only task # 71
Using max depth 3
 |                                        | 0 / 416 (0.0%)Function count: 142
0.178844
0.200937
0.224325
0.253454
0.24892
0.279665
0.284453
0.322556
 32.0 ±  0.0 ms - Piece loop time
 43.9 ± 35.8 ms - Set time
 24.5 ±  1.0 ms - Child looking time
0.191426
0.212837
0.302237
1359.0 ±  0.0 ms - Total time
1128.0 ±  0.0 ms - Build f time
 59.4 ±  1.2 ms - Apply f time
927.6 ± 20.6 ms - Real f time 
288.5 ± 30.7 ms - Add time
  6.5 ±  0.3 ms - Find child
  9.9 ±  0.4 ms - Add child
205.0 ±  2.5 ms - Hash
121.5 ± 36.2 ms - Map
 64.9 ±  0.9 ms - getState
0.230656
0.260785
0.365583
1724.7 ±  0.0 ms - Total time
1358.6 ±  0.0 ms - Build f time
 84.3 ±  1.6 ms - Apply f time
1122.8 ± 21.0 ms - Real f time 
363.9 ± 31.0 ms - Add time
 11.8 ±  0.4 ms - Find child
 18.6 ±  1.3 ms - Add child
267.3 ±  2.6 ms - Hash
152.0 ± 36.2 ms - Map
106.1 ±  1.1 ms - getState
0.26034
0.291244
0.409555
2134.3 ±  0.0 ms - Total time
1619.0 ±  0.0 ms - Build f time
111.6 ±  2.0 ms - Apply f time
1342.3 ± 21.5 ms - Real f time 
444.8 ± 31.0 ms - Add time
 16.7 ±  0.5 ms - Find child
 26.1 ±  1.4 ms - Add child
340.2 ±  2.7 ms - Hash
180.3 ± 36.2 ms - Map
153.0 ±  1.5 ms - getState
0.302848
0.340996
0.477588
2611.9 ±  0.0 ms - Total time
1921.8 ±  0.0 ms - Build f time
141.1 ±  2.3 ms - Apply f time
1594.2 ± 22.2 ms - Real f time 
540.8 ± 31.3 ms - Add time
 22.5 ±  0.9 ms - Find child
 33.0 ±  1.4 ms - Add child
425.7 ±  3.0 ms - Hash
211.1 ± 36.2 ms - Map
207.1 ±  2.0 ms - getState
Dag sizes: 149217 151627 168557 167499 
brutePieces time: 1.55742
 90.6 ±  0.0 ms - Piece loop time
 40.3 ± 15.2 ms - Set time
 65.2 ±  4.9 ms - Child looking time
Nodes:  636900
Pieces: 91926
makePieces time: 0.09127
Memory: 14.0 + 26.7 + 20.4 + 27.0 + 5.6 MB
  0.5 ±  0.0 ms - Greedy fill time
composePieces time: 0.160341
                                                                                