Running only task # 362
Using max depth 33
 |                                        | 0 / 416 (0.0%)Function count: 142
0.413692
0.474865
0.368235
0.417866
0.372475
0.42223
0.399188
0.460893
0.360679
0.410214
0.345324
0.399895
0.30552
0.346619
 56.2 ±  0.0 ms - Piece loop time
 31.3 ± 17.8 ms - Set time
 39.4 ±  1.5 ms - Child looking time
0.421391
0.481015
0.699861
3632.8 ±  0.0 ms - Total time
2986.5 ±  0.0 ms - Build f time
163.0 ±  2.1 ms - Apply f time
2394.7 ± 20.2 ms - Real f time 
658.2 ± 16.1 ms - Add time
 12.0 ±  0.4 ms - Find child
 15.7 ±  0.4 ms - Add child
541.8 ±  3.7 ms - Hash
209.8 ± 43.5 ms - Map
177.9 ±  1.8 ms - getState
0.363902
0.413312
0.585048
4217.9 ±  0.0 ms - Total time
3350.4 ±  0.0 ms - Build f time
197.8 ±  2.4 ms - Apply f time
2707.5 ± 21.4 ms - Real f time 
779.5 ± 16.2 ms - Add time
 17.8 ±  0.5 ms - Find child
 24.1 ±  0.7 ms - Add child
647.1 ±  4.1 ms - Hash
247.2 ± 43.5 ms - Map
241.4 ±  2.0 ms - getState
0.359674
0.407953
0.578862
4796.8 ±  0.0 ms - Total time
3710.1 ±  0.0 ms - Build f time
234.1 ±  2.6 ms - Apply f time
3007.0 ± 22.2 ms - Real f time 
897.9 ± 16.3 ms - Add time
 24.0 ±  0.6 ms - Find child
 32.7 ±  0.8 ms - Add child
746.6 ±  4.3 ms - Hash
287.9 ± 43.4 ms - Map
305.8 ±  2.2 ms - getState
0.423777
0.483585
0.693858
5490.7 ±  0.0 ms - Total time
4133.9 ±  0.0 ms - Build f time
276.0 ±  2.8 ms - Apply f time
3345.1 ± 23.0 ms - Real f time 
1043.1 ± 16.5 ms - Add time
 30.6 ±  0.6 ms - Find child
 41.4 ±  0.8 ms - Add child
873.9 ±  4.4 ms - Hash
332.1 ± 43.8 ms - Map
384.7 ±  2.7 ms - getState
0.364052
0.413053
0.582927
6073.6 ±  0.0 ms - Total time
4497.9 ±  0.0 ms - Build f time
312.0 ±  2.9 ms - Apply f time
3650.1 ± 23.8 ms - Real f time 
1197.0 ± 38.8 ms - Add time
 36.1 ±  0.7 ms - Find child
 50.0 ±  0.9 ms - Add child
976.8 ±  4.6 ms - Hash
369.9 ± 43.8 ms - Map
447.4 ±  2.8 ms - getState
0.356642
0.406533
0.580092
6653.7 ±  0.0 ms - Total time
4854.5 ±  0.0 ms - Build f time
347.4 ±  3.1 ms - Apply f time
3940.8 ± 24.3 ms - Real f time 
1317.7 ± 38.8 ms - Add time
 42.3 ±  0.7 ms - Find child
 57.7 ±  1.0 ms - Add child
1079.1 ±  5.1 ms - Hash
411.8 ± 43.9 ms - Map
510.8 ±  3.0 ms - getState
0.318441
0.360342
0.496138
7149.9 ±  0.0 ms - Total time
5173.0 ±  0.0 ms - Build f time
378.8 ±  3.2 ms - Apply f time
4214.0 ± 25.4 ms - Real f time 
1416.4 ± 38.9 ms - Add time
 48.1 ±  0.8 ms - Find child
 65.0 ±  1.0 ms - Add child
1158.2 ±  5.2 ms - Hash
456.0 ± 44.0 ms - Map
562.2 ±  3.3 ms - getState
Dag sizes: 200790 202764 198928 203774 195216 192032 181752 
brutePieces time: 4.22191
202.4 ±  0.0 ms - Piece loop time
 63.6 ± 15.6 ms - Set time
133.1 ±  2.2 ms - Child looking time
Nodes:  1375256
Pieces: 117341
makePieces time: 0.203643
Memory: 43.9 + 54.3 + 44.0 + 51.4 + 11.3 MB
  9.1 ±  0.0 ms - Greedy fill time
composePieces time: 1.02078
                                                                                