Running only task # 39
Using max depth 33
 |                                        | 0 / 416 (0.0%)Function count: 142
0.013286
0.0140869
0.0103162
0.0108444
0.00956604
0.0100809
0.0124366
0.0130796
0.0102853
0.010928
0.00930678
0.00980073
0.0121652
0.012762
 28.8 ±  0.0 ms - Piece loop time
 42.6 ± 40.2 ms - Set time
 24.4 ±  0.9 ms - Child looking time
0.0184699
0.0193345
0.0214987
103.2 ±  0.0 ms - Total time
 95.8 ±  0.0 ms - Build f time
  2.9 ±  0.2 ms - Apply f time
 91.8 ±  1.3 ms - Real f time 
 17.2 ±  1.1 ms - Add time
  0.8 ±  0.1 ms - Find child
  0.7 ±  0.1 ms - Add child
 18.1 ±  0.5 ms - Hash
 53.1 ± 39.7 ms - Map
  2.7 ±  0.2 ms - getState
0.0137173
0.0142661
0.0159083
119.1 ±  0.0 ms - Total time
109.5 ±  0.0 ms - Build f time
  3.6 ±  0.2 ms - Apply f time
105.3 ±  1.3 ms - Real f time 
 19.7 ±  1.1 ms - Add time
  1.2 ±  0.1 ms - Find child
  1.2 ±  0.2 ms - Add child
 21.5 ±  0.5 ms - Hash
 55.3 ± 39.6 ms - Map
  3.3 ±  0.2 ms - getState
0.0127842
0.0133088
0.0148307
134.0 ±  0.0 ms - Total time
122.3 ±  0.0 ms - Build f time
  4.4 ±  0.2 ms - Apply f time
118.0 ±  1.4 ms - Real f time 
 22.0 ±  1.1 ms - Add time
  1.5 ±  0.1 ms - Find child
  1.4 ±  0.2 ms - Add child
 24.8 ±  0.5 ms - Hash
 98.0 ± 56.8 ms - Map
  4.0 ±  0.2 ms - getState
0.0185988
0.0195154
0.022117
156.1 ±  0.0 ms - Total time
140.9 ±  0.0 ms - Build f time
  5.7 ±  0.3 ms - Apply f time
136.0 ±  1.4 ms - Real f time 
 25.1 ±  1.2 ms - Add time
  2.0 ±  0.2 ms - Find child
  1.8 ±  0.2 ms - Add child
 28.3 ±  0.6 ms - Hash
101.3 ± 56.8 ms - Map
  5.0 ±  0.2 ms - getState
0.0139967
0.0145545
0.0161887
172.3 ±  0.0 ms - Total time
154.9 ±  0.0 ms - Build f time
  6.5 ±  0.3 ms - Apply f time
149.2 ±  1.5 ms - Real f time 
 27.9 ±  1.2 ms - Add time
  2.5 ±  0.2 ms - Find child
  2.4 ±  0.2 ms - Add child
 31.5 ±  0.6 ms - Hash
103.2 ± 56.7 ms - Map
  5.5 ±  0.2 ms - getState
0.0134883
0.0140658
0.0157552
188.1 ±  0.0 ms - Total time
168.4 ±  0.0 ms - Build f time
  7.4 ±  0.3 ms - Apply f time
161.6 ±  1.5 ms - Real f time 
 30.5 ±  1.2 ms - Add time
  2.8 ±  0.2 ms - Find child
  2.9 ±  0.2 ms - Add child
 34.5 ±  0.6 ms - Hash
105.4 ± 56.7 ms - Map
  6.0 ±  0.2 ms - getState
0.0227107
0.023835
0.028739
216.8 ±  0.0 ms - Total time
191.1 ±  0.0 ms - Build f time
  9.3 ±  0.3 ms - Apply f time
182.6 ±  1.6 ms - Real f time 
 35.0 ±  1.3 ms - Add time
  3.5 ±  0.2 ms - Find child
  3.7 ±  0.3 ms - Add child
 39.4 ±  0.7 ms - Hash
109.9 ± 56.7 ms - Map
  7.4 ±  0.3 ms - getState
Dag sizes: 11534 8333 7720 10885 8232 8037 17391 
brutePieces time: 0.139887
 60.0 ±  0.0 ms - Piece loop time
 42.4 ± 36.6 ms - Set time
 51.7 ±  1.2 ms - Child looking time
Nodes:  72132
Pieces: 22777
makePieces time: 0.0609018
Memory: 0.3 + 8.0 + 2.3 + 30.5 + 1.9 MB
  1.0 ±  0.0 ms - Greedy fill time
composePieces time: 0.134706
                                                                                