Running only task # 24
Using max depth 33
 |                                        | 0 / 416 (0.0%)Function count: 142
0.141285
0.155133
0.128097
0.143219
0.12661
0.139837
0.143787
0.158367
0.138017
0.153119
 46.7 ±  0.0 ms - Piece loop time
 58.8 ± 47.2 ms - Set time
 33.0 ±  1.2 ms - Child looking time
0.13613
0.150222
0.278748
1028.7 ±  0.0 ms - Total time
813.9 ±  0.0 ms - Build f time
 42.6 ±  0.8 ms - Apply f time
652.5 ± 13.1 ms - Real f time 
193.3 ±  3.1 ms - Add time
  6.7 ±  0.6 ms - Find child
  8.3 ±  0.3 ms - Add child
165.3 ±  2.2 ms - Hash
128.6 ± 41.4 ms - Map
 55.9 ±  0.8 ms - getState
0.130534
0.145629
0.281453
1310.2 ±  0.0 ms - Total time
944.5 ±  0.0 ms - Build f time
 64.2 ±  0.9 ms - Apply f time
772.1 ± 14.0 ms - Real f time 
260.2 ±  3.4 ms - Add time
 11.9 ±  0.6 ms - Find child
 14.4 ±  0.4 ms - Add child
221.1 ±  2.4 ms - Hash
160.6 ± 41.5 ms - Map
 93.7 ±  2.0 ms - getState
0.151226
0.164918
0.2911
1601.4 ±  0.0 ms - Total time
1095.7 ±  0.0 ms - Build f time
 85.4 ±  1.2 ms - Apply f time
902.7 ± 14.1 ms - Real f time 
326.9 ±  3.6 ms - Add time
 16.7 ±  0.7 ms - Find child
 20.6 ±  0.5 ms - Add child
275.0 ±  2.5 ms - Hash
190.8 ± 41.5 ms - Map
126.2 ±  2.0 ms - getState
0.128985
0.143451
0.268436
1869.8 ±  0.0 ms - Total time
1224.7 ±  0.0 ms - Build f time
105.6 ±  1.3 ms - Apply f time
1022.2 ± 14.5 ms - Real f time 
391.5 ±  3.8 ms - Add time
 21.4 ±  0.7 ms - Find child
 26.7 ±  0.6 ms - Add child
327.9 ±  2.5 ms - Hash
215.4 ± 41.5 ms - Map
160.7 ±  2.1 ms - getState
0.157035
0.172072
0.315515
2185.4 ±  0.0 ms - Total time
1381.7 ±  0.0 ms - Build f time
130.3 ±  1.4 ms - Apply f time
1162.7 ± 14.8 ms - Real f time 
493.5 ± 23.3 ms - Add time
 26.8 ±  0.8 ms - Find child
 34.2 ±  0.7 ms - Add child
387.5 ±  2.6 ms - Hash
242.8 ± 41.5 ms - Map
199.8 ±  2.2 ms - getState
Dag sizes: 156962 166433 152417 159527 170607 
brutePieces time: 1.43958
136.8 ±  0.0 ms - Piece loop time
 79.9 ± 46.0 ms - Set time
 97.4 ±  1.7 ms - Child looking time
Nodes:  805946
Pieces: 170237
makePieces time: 0.138386
Memory: 15.5 + 26.7 + 25.8 + 33.9 + 8.6 MB
 66.9 ±  6.1 ms - Greedy fill time
composePieces time: 2.32171
                                                                                