Running only task # 372
Using max depth 4
 |                                        | 0 / 416 (0.0%)Function count: 142
0.025035
0.0270217
0.0286826
0.0308629
0.0297378
0.0324077
0.0304804
0.0334079
0.0361112
0.0391421
0.0386969
0.0423239
 44.6 ±  0.0 ms - Piece loop time
 48.7 ± 41.2 ms - Set time
 35.5 ±  1.1 ms - Child looking time
0.93509
1.01489
1.44181
1647.3 ±  0.0 ms - Total time
1123.8 ±  0.0 ms - Build f time
112.2 ±  1.3 ms - Apply f time
1016.1 ±  7.3 ms - Real f time 
367.1 ± 68.0 ms - Add time
 29.8 ±  0.6 ms - Find child
 42.9 ±  1.1 ms - Add child
256.7 ±  2.1 ms - Hash
318.7 ± 39.1 ms - Map
125.5 ±  1.1 ms - getState
1.07687
1.17132
1.66895
3316.3 ±  0.0 ms - Total time
2200.7 ±  0.0 ms - Build f time
237.0 ±  1.8 ms - Apply f time
2014.3 ± 18.4 ms - Real f time 
662.3 ± 68.3 ms - Add time
 64.9 ±  0.9 ms - Find child
 91.3 ±  1.4 ms - Add child
521.3 ±  6.7 ms - Hash
635.9 ± 41.8 ms - Map
282.6 ± 16.2 ms - getState
1.56397
1.70013
2.67022
5986.5 ±  0.0 ms - Total time
3764.7 ±  0.0 ms - Build f time
430.9 ±  2.9 ms - Apply f time
3444.8 ± 20.1 ms - Real f time 
1161.8 ± 68.9 ms - Add time
115.7 ±  1.2 ms - Find child
158.3 ±  2.1 ms - Add child
937.1 ±  7.4 ms - Hash
1069.6 ± 42.4 ms - Map
551.8 ± 16.3 ms - getState
1.6743
1.82867
2.88893
8875.5 ±  0.0 ms - Total time
5439.0 ±  0.0 ms - Build f time
639.8 ±  3.4 ms - Apply f time
4965.2 ± 21.4 ms - Real f time 
1719.9 ± 70.7 ms - Add time
170.3 ±  1.7 ms - Find child
235.3 ±  3.0 ms - Add child
1386.3 ±  7.7 ms - Hash
1526.5 ± 42.9 ms - Map
855.4 ± 16.5 ms - getState
2.55103
2.79351
4.61999
13495.5 ±  0.0 ms - Total time
7990.0 ±  0.0 ms - Build f time
965.6 ± 16.4 ms - Apply f time
7216.0 ± 24.1 ms - Real f time 
2658.8 ± 73.1 ms - Add time
241.2 ±  2.0 ms - Find child
336.5 ±  3.8 ms - Add child
2163.2 ±  8.3 ms - Hash
2197.5 ± 43.1 ms - Map
1393.9 ± 21.0 ms - getState
2.75474
3.01216
4.94763
18443.2 ±  0.0 ms - Total time
10744.7 ±  0.0 ms - Build f time
1297.6 ± 16.9 ms - Apply f time
9630.1 ± 31.2 ms - Real f time 
3624.7 ± 74.5 ms - Add time
317.1 ±  2.3 ms - Find child
440.8 ±  4.0 ms - Add child
3005.8 ± 17.5 ms - Hash
2919.0 ± 46.1 ms - Map
1939.8 ± 21.2 ms - getState
Dag sizes: 860358 1000693 1454002 1630622 2081858 2146661 
brutePieces time: 18.2408
4627.5 ±  0.0 ms - Piece loop time
1063.8 ± 20.3 ms - Set time
3221.5 ± 21.5 ms - Child looking time
Nodes:  9174194
Pieces: 2570727
makePieces time: 4.63921
Memory: 137.4 + 423.4 + 293.6 + 230.7 + 157.0 MB
 23.5 ±  0.0 ms - Greedy fill time
composePieces time: 26.1763
                                                                                