Running only task # 235
Using max depth 3
 |                                        | 0 / 416 (0.0%)Function count: 142
0.120937
0.13263
0.11771
0.128983
0.13653
0.150579
0.126132
0.139637
 23.2 ±  0.0 ms - Piece loop time
 43.8 ± 37.4 ms - Set time
 15.7 ±  0.9 ms - Child looking time
0.121833
0.13514
0.290145
842.2 ±  0.0 ms - Total time
623.1 ±  0.0 ms - Build f time
 49.2 ±  0.9 ms - Apply f time
506.8 ±  3.8 ms - Real f time 
186.2 ±  5.9 ms - Add time
 10.4 ±  0.4 ms - Find child
 14.6 ±  0.4 ms - Add child
145.5 ±  2.6 ms - Hash
124.1 ± 45.6 ms - Map
 52.0 ±  0.7 ms - getState
0.119661
0.133624
0.300306
1142.5 ±  0.0 ms - Total time
742.8 ±  0.0 ms - Build f time
 82.2 ±  1.4 ms - Apply f time
624.4 ±  4.6 ms - Real f time 
263.6 ±  6.1 ms - Add time
 19.5 ±  0.5 ms - Find child
 26.9 ±  0.7 ms - Add child
208.7 ±  2.7 ms - Hash
161.3 ± 45.6 ms - Map
 87.2 ±  1.0 ms - getState
0.132822
0.146973
0.347579
1490.1 ±  0.0 ms - Total time
875.6 ±  0.0 ms - Build f time
117.2 ±  1.6 ms - Apply f time
750.4 ±  4.9 ms - Real f time 
355.4 ±  7.1 ms - Add time
 30.3 ±  0.7 ms - Find child
 40.7 ±  0.8 ms - Add child
277.2 ±  2.8 ms - Hash
215.2 ± 45.6 ms - Map
129.1 ±  1.1 ms - getState
0.148716
0.161762
0.364786
1855.0 ±  0.0 ms - Total time
1024.3 ±  0.0 ms - Build f time
152.7 ±  1.7 ms - Apply f time
896.3 ±  5.8 ms - Real f time 
447.1 ±  7.2 ms - Add time
 40.1 ±  0.8 ms - Find child
 54.7 ±  0.9 ms - Add child
344.8 ±  2.9 ms - Hash
272.7 ± 45.5 ms - Map
170.6 ±  1.3 ms - getState
Dag sizes: 238345 245276 286673 282934 
brutePieces time: 1.30537
115.8 ±  0.0 ms - Piece loop time
 62.2 ± 16.7 ms - Set time
 68.9 ±  1.4 ms - Child looking time
Nodes:  1053228
Pieces: 210838
makePieces time: 0.116847
Memory: 12.9 + 38.4 + 33.7 + 33.6 + 8.5 MB
  3.1 ±  0.0 ms - Greedy fill time
composePieces time: 0.717274
                                                                                