Running only task # 131
Using max depth 4
 |                                        | 0 / 416 (0.0%)Function count: 142
0.0906591
0.0986277
0.0699709
0.0744611
0.105025
0.112668
0.0837587
0.0904117
 18.2 ±  0.0 ms - Piece loop time
 41.0 ± 37.4 ms - Set time
 14.0 ±  0.7 ms - Child looking time
2.17157
2.34862
3.87614
4252.4 ±  0.0 ms - Total time
2521.0 ±  0.0 ms - Build f time
259.0 ±  1.8 ms - Apply f time
2196.9 ±  9.6 ms - Real f time 
840.1 ± 41.1 ms - Add time
 63.4 ±  1.6 ms - Find child
 80.7 ±  1.1 ms - Add child
790.7 ±  4.1 ms - Hash
735.9 ± 125.2 ms - Map
355.5 ±  2.5 ms - getState
1.66417
1.78269
2.87444
7126.9 ±  0.0 ms - Total time
4185.2 ±  0.0 ms - Build f time
441.9 ±  2.7 ms - Apply f time
3684.7 ± 20.9 ms - Real f time 
1389.6 ± 44.0 ms - Add time
106.8 ±  1.7 ms - Find child
136.4 ±  1.4 ms - Add child
1357.2 ±  5.7 ms - Hash
1107.5 ± 125.4 ms - Map
608.9 ±  3.0 ms - getState
2.69238
2.90568
4.538
11664.9 ±  0.0 ms - Total time
6877.5 ±  0.0 ms - Build f time
716.0 ±  3.4 ms - Apply f time
6130.8 ± 24.6 ms - Real f time 
2233.1 ± 44.7 ms - Add time
171.2 ±  2.0 ms - Find child
225.5 ±  2.7 ms - Add child
2171.1 ±  6.5 ms - Hash
1687.6 ± 126.1 ms - Map
996.6 ±  4.5 ms - getState
1.99914
2.1555
3.52947
15194.4 ±  0.0 ms - Total time
8876.7 ±  0.0 ms - Build f time
941.9 ±  3.8 ms - Apply f time
7885.4 ± 26.0 ms - Real f time 
3007.9 ± 76.3 ms - Add time
225.4 ±  2.2 ms - Find child
296.4 ±  2.9 ms - Add child
2867.4 ± 15.7 ms - Hash
2163.1 ± 126.5 ms - Map
1320.6 ±  7.8 ms - getState
Dag sizes: 1827497 1305704 1990779 1695647 
brutePieces time: 14.8199
1908.0 ±  0.0 ms - Piece loop time
663.3 ± 22.1 ms - Set time
1215.4 ±  8.0 ms - Child looking time
Nodes:  6819627
Pieces: 1708592
makePieces time: 1.91273
Memory: 121.5 + 277.6 + 218.2 + 167.8 + 77.8 MB
 28.1 ±  0.0 ms - Greedy fill time
composePieces time: 7.55492
                                                                                