Running only task # 201
Using max depth 4
 |                                        | 0 / 416 (0.0%)Function count: 142
0.0360701
0.0398255
0.0724639
0.0789314
0.0177366
0.0190943
0.0800659
0.0896142
 35.6 ±  0.0 ms - Piece loop time
 44.2 ± 39.4 ms - Set time
 30.0 ±  0.7 ms - Child looking time
0.721624
0.78537
0.989387
1217.0 ±  0.0 ms - Total time
928.0 ±  0.0 ms - Build f time
 86.1 ±  2.3 ms - Apply f time
923.0 ± 10.4 ms - Real f time 
197.9 ±  2.9 ms - Add time
 26.1 ±  0.9 ms - Find child
 35.5 ±  0.7 ms - Add child
165.6 ±  1.4 ms - Hash
214.4 ± 49.6 ms - Map
 74.2 ±  1.2 ms - getState
1.54789
1.67272
2.17184
3388.9 ±  0.0 ms - Total time
2475.8 ±  0.0 ms - Build f time
244.3 ±  9.1 ms - Apply f time
2516.5 ± 18.8 ms - Real f time 
520.4 ±  4.2 ms - Add time
 72.3 ±  1.1 ms - Find child
 97.8 ±  1.2 ms - Add child
438.9 ±  7.1 ms - Hash
501.9 ± 51.5 ms - Map
224.8 ±  1.9 ms - getState
0.314221
0.338342
0.416908
3805.8 ±  0.0 ms - Total time
2790.1 ±  0.0 ms - Build f time
276.0 ±  9.1 ms - Apply f time
2833.4 ± 18.9 ms - Real f time 
590.2 ±  4.4 ms - Add time
 83.8 ±  1.2 ms - Find child
112.5 ±  1.3 ms - Add child
498.8 ±  7.1 ms - Hash
565.3 ± 51.5 ms - Map
252.3 ±  1.9 ms - getState
2.16418
2.38123
3.44727
7253.1 ±  0.0 ms - Total time
4954.2 ±  0.0 ms - Build f time
543.3 ±  9.3 ms - Apply f time
4873.2 ± 20.3 ms - Real f time 
1162.9 ±  8.8 ms - Add time
161.9 ±  1.6 ms - Find child
223.0 ±  2.5 ms - Add child
1006.7 ± 17.8 ms - Hash
1177.7 ± 51.8 ms - Map
528.7 ±  5.4 ms - getState
Dag sizes: 498034 952032 213834 1838746 
brutePieces time: 7.02801
3440.9 ±  0.0 ms - Piece loop time
865.9 ± 21.9 ms - Set time
2462.5 ± 12.5 ms - Child looking time
Nodes:  3502646
Pieces: 818086
makePieces time: 3.44535
Memory: 30.8 + 217.9 + 112.1 + 89.6 + 84.1 MB
  0.4 ±  0.0 ms - Greedy fill time
composePieces time: 0.771774
                                                                                