Running only task # 134
Using max depth 23
 |                                        | 0 / 416 (0.0%)Function count: 142
0.0278746
0.0303681
0.0362085
0.039568
0.0339216
0.0372037
0.033158
0.035733
0.0343357
0.0369023
0.0271626
0.0294627
0.0349406
0.0378669
0.0334408
0.0363465
0.0323986
0.0348872
0.0335299
0.0360987
0.0388661
0.0417999
106.1 ±  0.0 ms - Piece loop time
 47.9 ± 38.9 ms - Set time
 94.2 ±  2.1 ms - Child looking time
0.0298673
0.0321605
0.0385382
435.0 ±  0.0 ms - Total time
395.7 ±  0.0 ms - Build f time
 14.4 ±  0.3 ms - Apply f time
367.9 ±  2.0 ms - Real f time 
 77.6 ±  1.5 ms - Add time
  3.3 ±  0.6 ms - Find child
  3.9 ±  0.2 ms - Add child
 65.5 ±  0.9 ms - Hash
 87.0 ± 37.6 ms - Map
 13.3 ±  0.3 ms - getState
0.0412003
0.0455523
0.0537156
488.8 ±  0.0 ms - Total time
436.9 ±  0.0 ms - Build f time
 18.2 ±  0.4 ms - Apply f time
408.0 ±  2.1 ms - Real f time 
 87.8 ±  1.6 ms - Add time
  4.5 ±  0.7 ms - Find child
  5.2 ±  0.3 ms - Add child
 74.3 ±  1.0 ms - Hash
 94.2 ± 37.6 ms - Map
 16.5 ±  0.4 ms - getState
0.0351329
0.0383404
0.0457917
534.6 ±  0.0 ms - Total time
472.0 ±  0.0 ms - Build f time
 21.4 ±  0.5 ms - Apply f time
442.2 ±  2.2 ms - Real f time 
 95.9 ±  1.6 ms - Add time
  5.7 ±  0.7 ms - Find child
  6.6 ±  0.3 ms - Add child
 81.3 ±  1.0 ms - Hash
102.2 ± 37.6 ms - Map
 19.4 ±  0.4 ms - getState
0.0339931
0.0364738
0.0435509
578.2 ±  0.0 ms - Total time
506.0 ±  0.0 ms - Build f time
 24.9 ±  0.5 ms - Apply f time
476.2 ±  2.3 ms - Real f time 
106.1 ±  2.1 ms - Add time
  6.9 ±  0.7 ms - Find child
  8.2 ±  0.3 ms - Add child
 88.1 ±  1.0 ms - Hash
108.2 ± 37.6 ms - Map
 22.2 ±  0.5 ms - getState
0.0363786
0.0390268
0.0473895
625.6 ±  0.0 ms - Total time
542.4 ±  0.0 ms - Build f time
 28.4 ±  0.5 ms - Apply f time
510.4 ±  2.4 ms - Real f time 
115.8 ±  2.1 ms - Add time
  8.9 ±  0.9 ms - Find child
  9.6 ±  0.4 ms - Add child
111.3 ± 15.0 ms - Hash
114.9 ± 37.6 ms - Map
 25.5 ±  0.5 ms - getState
0.0290838
0.0313882
0.0371859
662.8 ±  0.0 ms - Total time
571.5 ±  0.0 ms - Build f time
 31.1 ±  0.6 ms - Apply f time
538.7 ±  2.5 ms - Real f time 
122.7 ±  2.1 ms - Add time
  9.8 ±  0.9 ms - Find child
 10.8 ±  0.4 ms - Add child
117.7 ± 15.0 ms - Hash
119.8 ± 37.6 ms - Map
 27.5 ±  0.5 ms - getState
0.0365452
0.0397682
0.048092
710.9 ±  0.0 ms - Total time
608.0 ±  0.0 ms - Build f time
 34.8 ±  0.6 ms - Apply f time
575.3 ±  2.6 ms - Real f time 
132.0 ±  2.1 ms - Add time
 11.2 ±  1.0 ms - Find child
 12.3 ±  0.4 ms - Add child
125.5 ± 15.0 ms - Hash
126.6 ± 37.6 ms - Map
 30.5 ±  0.5 ms - getState
0.035019
0.0382229
0.0458274
756.7 ±  0.0 ms - Total time
643.1 ±  0.0 ms - Build f time
 38.1 ±  0.6 ms - Apply f time
614.1 ±  4.6 ms - Real f time 
148.7 ±  7.7 ms - Add time
 12.2 ±  1.0 ms - Find child
 13.6 ±  0.4 ms - Add child
132.8 ± 15.0 ms - Hash
132.9 ± 37.6 ms - Map
 33.2 ±  0.6 ms - getState
0.0344129
0.0368082
0.0438863
800.6 ±  0.0 ms - Total time
677.5 ±  0.0 ms - Build f time
 41.2 ±  0.7 ms - Apply f time
648.7 ±  5.0 ms - Real f time 
156.6 ±  7.7 ms - Add time
 13.2 ±  1.0 ms - Find child
 15.1 ±  0.5 ms - Add child
140.1 ± 15.0 ms - Hash
139.0 ± 37.6 ms - Map
 36.0 ±  0.6 ms - getState
0.0356553
0.0383535
0.0469476
847.6 ±  0.0 ms - Total time
713.1 ±  0.0 ms - Build f time
 44.4 ±  0.7 ms - Apply f time
683.1 ±  5.0 ms - Real f time 
176.9 ± 13.3 ms - Add time
 14.6 ±  1.0 ms - Find child
 16.7 ±  0.5 ms - Add child
147.3 ± 15.0 ms - Hash
146.2 ± 37.5 ms - Map
 38.7 ±  0.6 ms - getState
0.034996
0.0379945
0.0459419
893.6 ±  0.0 ms - Total time
748.1 ±  0.0 ms - Build f time
 47.5 ±  0.7 ms - Apply f time
718.3 ±  5.0 ms - Real f time 
185.5 ± 13.3 ms - Add time
 15.9 ±  1.0 ms - Find child
 18.3 ±  0.5 ms - Add child
154.9 ± 15.0 ms - Hash
153.3 ± 37.5 ms - Map
 41.6 ±  0.6 ms - getState
Dag sizes: 27034 35859 32892 32283 34427 26972 35699 33003 32125 34008 32704 
brutePieces time: 0.504847
208.6 ±  0.0 ms - Piece loop time
 61.4 ± 40.6 ms - Set time
172.4 ±  2.6 ms - Child looking time
Nodes:  357006
Pieces: 27313
makePieces time: 0.209805
Memory: 1.5 + 27.3 + 11.4 + 51.8 + 8.0 MB
  1.3 ±  0.2 ms - Greedy fill time
composePieces time: 0.214186
                                                                                