Running only task # 296
Using max depth 23
 |                                        | 0 / 416 (0.0%)Function count: 142
0.0306911
0.0335195
0.0360996
0.0395918
0.0373709
0.0402004
0.0325406
0.0355851
0.0290151
0.0314328
0.0298703
0.0324021
0.0361801
0.0393891
0.0363391
0.0391714
0.0443492
0.0494169
0.0349593
0.0371725
0.0364552
0.0397795
122.6 ±  0.0 ms - Piece loop time
 48.2 ± 37.5 ms - Set time
106.8 ±  2.1 ms - Child looking time
0.0305296
0.0328933
0.0384437
456.3 ±  0.0 ms - Total time
414.4 ±  0.0 ms - Build f time
 15.1 ±  0.4 ms - Apply f time
386.6 ±  3.2 ms - Real f time 
 81.3 ±  2.6 ms - Add time
  3.6 ±  0.6 ms - Find child
  4.3 ±  0.2 ms - Add child
 68.1 ±  0.9 ms - Hash
 91.4 ± 38.5 ms - Map
 13.5 ±  0.3 ms - getState
0.0366514
0.0398038
0.0475761
503.9 ±  0.0 ms - Total time
451.0 ±  0.0 ms - Build f time
 18.6 ±  0.4 ms - Apply f time
423.2 ±  3.2 ms - Real f time 
 93.9 ±  4.5 ms - Add time
  4.9 ±  0.7 ms - Find child
  6.0 ±  0.3 ms - Add child
 75.4 ±  0.9 ms - Hash
 98.1 ± 38.5 ms - Map
 16.5 ±  0.4 ms - getState
0.0374287
0.040302
0.0491101
553.1 ±  0.0 ms - Total time
488.5 ±  0.0 ms - Build f time
 22.5 ±  0.5 ms - Apply f time
460.7 ±  3.3 ms - Real f time 
103.6 ±  4.5 ms - Add time
  6.3 ±  0.7 ms - Find child
  7.5 ±  0.3 ms - Add child
 83.2 ±  1.0 ms - Hash
106.1 ± 38.5 ms - Map
 19.6 ±  0.4 ms - getState
0.0354485
0.0384166
0.0463976
599.5 ±  0.0 ms - Total time
523.9 ±  0.0 ms - Build f time
 26.2 ±  0.5 ms - Apply f time
494.4 ±  3.4 ms - Real f time 
112.5 ±  4.5 ms - Add time
  7.5 ±  0.7 ms - Find child
  9.0 ±  0.3 ms - Add child
 91.3 ±  1.0 ms - Hash
113.1 ± 38.5 ms - Map
 22.4 ±  0.5 ms - getState
0.0304112
0.03254
0.0387838
638.3 ±  0.0 ms - Total time
554.3 ±  0.0 ms - Build f time
 28.9 ±  0.5 ms - Apply f time
522.4 ±  3.4 ms - Real f time 
126.0 ±  7.9 ms - Add time
  8.6 ±  0.7 ms - Find child
 10.1 ±  0.4 ms - Add child
 97.1 ±  1.1 ms - Hash
122.6 ± 38.6 ms - Map
 24.6 ±  0.5 ms - getState
0.0334482
0.0466877
0.052806
691.1 ±  0.0 ms - Total time
587.8 ±  0.0 ms - Build f time
 31.5 ±  0.6 ms - Apply f time
554.5 ±  3.4 ms - Real f time 
133.9 ±  7.9 ms - Add time
  9.8 ±  0.7 ms - Find child
 11.2 ±  0.4 ms - Add child
104.1 ±  1.1 ms - Hash
151.2 ± 45.0 ms - Map
 27.1 ±  0.5 ms - getState
0.0399683
0.0436838
0.0527773
743.9 ±  0.0 ms - Total time
627.8 ±  0.0 ms - Build f time
 35.1 ±  0.6 ms - Apply f time
591.8 ±  3.5 ms - Real f time 
150.7 ± 10.3 ms - Add time
 11.0 ±  0.7 ms - Find child
 13.0 ±  0.4 ms - Add child
111.9 ±  1.2 ms - Hash
159.7 ± 45.0 ms - Map
 30.3 ±  0.5 ms - getState
0.0385601
0.0416272
0.0504782
794.4 ±  0.0 ms - Total time
666.3 ±  0.0 ms - Build f time
 38.8 ±  0.6 ms - Apply f time
629.7 ±  3.6 ms - Real f time 
160.1 ± 10.3 ms - Add time
 12.2 ±  0.7 ms - Find child
 14.6 ±  0.4 ms - Add child
119.2 ±  1.2 ms - Hash
166.7 ± 45.0 ms - Map
 33.5 ±  0.6 ms - getState
0.0349805
0.0379252
0.045738
840.2 ±  0.0 ms - Total time
701.3 ±  0.0 ms - Build f time
 42.3 ±  0.7 ms - Apply f time
663.2 ±  3.6 ms - Real f time 
172.1 ± 10.9 ms - Add time
 13.3 ±  0.7 ms - Find child
 16.2 ±  0.5 ms - Add child
126.2 ±  1.2 ms - Hash
173.2 ± 45.0 ms - Map
 36.3 ±  0.6 ms - getState
0.0301645
0.032256
0.0383897
878.6 ±  0.0 ms - Total time
731.5 ±  0.0 ms - Build f time
 45.4 ±  0.7 ms - Apply f time
691.9 ±  3.7 ms - Real f time 
179.4 ± 10.9 ms - Add time
 14.4 ±  0.7 ms - Find child
 17.3 ±  0.5 ms - Add child
133.1 ±  1.3 ms - Hash
178.9 ± 44.9 ms - Map
 38.5 ±  0.6 ms - getState
0.0408818
0.04433
0.0527091
931.3 ±  0.0 ms - Total time
772.3 ±  0.0 ms - Build f time
 48.8 ±  0.7 ms - Apply f time
730.1 ±  3.7 ms - Real f time 
190.2 ± 10.9 ms - Add time
 15.7 ±  0.8 ms - Find child
 18.9 ±  0.5 ms - Add child
141.0 ±  1.3 ms - Hash
186.9 ± 44.9 ms - Map
 41.7 ±  0.6 ms - getState
Dag sizes: 28547 36668 35440 34568 26504 28442 36991 35225 34664 26685 36051 
brutePieces time: 0.520079
209.5 ±  0.0 ms - Piece loop time
 56.4 ± 38.1 ms - Set time
179.9 ±  2.9 ms - Child looking time
Nodes:  359785
Pieces: 27239
makePieces time: 0.210627
Memory: 1.5 + 27.4 + 11.5 + 51.9 + 8.2 MB
  1.3 ±  0.1 ms - Greedy fill time
composePieces time: 0.218681
                                                                                