Running only task # 34
Using max depth 3
 |                                        | 0 / 416 (0.0%)Function count: 142
0.0310063
0.0326593
0.0119854
0.0128244
0.0171911
0.0182837
0.0270521
0.0288281
  4.1 ±  0.0 ms - Piece loop time
112.5 ± 110.1 ms - Set time
  3.7 ±  0.4 ms - Child looking time
0.0316036
0.0330865
0.0547914
147.5 ±  0.0 ms - Total time
118.8 ±  0.0 ms - Build f time
  5.7 ±  0.4 ms - Apply f time
103.8 ±  2.8 ms - Real f time 
 25.8 ±  1.2 ms - Add time
  0.9 ±  0.1 ms - Find child
  1.3 ±  0.1 ms - Add child
 28.5 ±  0.5 ms - Hash
 45.4 ± 37.1 ms - Map
  7.4 ±  0.3 ms - getState
0.0115603
0.0123772
0.0177621
165.2 ±  0.0 ms - Total time
130.4 ±  0.0 ms - Build f time
  7.5 ±  0.4 ms - Apply f time
114.2 ±  2.9 ms - Real f time 
 30.5 ±  1.4 ms - Add time
  1.4 ±  0.1 ms - Find child
  2.1 ±  0.3 ms - Add child
 32.4 ±  0.6 ms - Hash
 46.9 ± 37.2 ms - Map
  8.8 ±  0.3 ms - getState
0.0180077
0.0191233
0.0296345
194.9 ±  0.0 ms - Total time
148.4 ±  0.0 ms - Build f time
  9.6 ±  0.5 ms - Apply f time
131.1 ±  2.9 ms - Real f time 
 36.8 ±  1.4 ms - Add time
  2.3 ±  0.2 ms - Find child
  3.2 ±  0.4 ms - Add child
 37.6 ±  0.6 ms - Hash
 49.9 ± 37.1 ms - Map
 11.4 ±  0.3 ms - getState
0.0271554
0.0287421
0.0475317
242.5 ±  0.0 ms - Total time
175.6 ±  0.0 ms - Build f time
 13.6 ±  0.5 ms - Apply f time
156.5 ±  3.3 ms - Real f time 
 47.8 ±  1.5 ms - Add time
  3.2 ±  0.2 ms - Find child
  4.7 ±  0.4 ms - Add child
 47.3 ±  0.7 ms - Hash
 54.9 ± 37.1 ms - Map
 16.0 ±  0.4 ms - getState
Dag sizes: 23016 10828 19048 28144 
brutePieces time: 0.153218
 11.6 ±  0.0 ms - Piece loop time
 39.0 ± 36.7 ms - Set time
  9.6 ±  0.5 ms - Child looking time
Nodes:  81036
Pieces: 13789
makePieces time: 0.0124319
Memory: 1.3 + 4.4 + 2.6 + 18.1 + 0.6 MB
  2.9 ±  0.0 ms - Greedy fill time
composePieces time: 0.0436662
                                                                                