Running only task # 186
Using max depth 4
 |                                        | 0 / 416 (0.0%)Function count: 142
0.0476177
0.0503769
0.0467853
0.0493084
0.0577659
0.060817
 10.2 ±  0.0 ms - Piece loop time
 41.6 ± 39.0 ms - Set time
  7.6 ±  0.5 ms - Child looking time
0.889166
0.941305
1.32596
1486.6 ±  0.0 ms - Total time
1041.3 ±  0.0 ms - Build f time
 81.3 ±  1.2 ms - Apply f time
963.6 ±  7.1 ms - Real f time 
332.6 ± 59.3 ms - Add time
 21.4 ±  0.5 ms - Find child
 28.0 ±  0.6 ms - Add child
261.2 ±  1.6 ms - Hash
201.4 ± 38.0 ms - Map
 96.2 ±  1.1 ms - getState
0.867177
0.917998
1.30196
2788.6 ±  0.0 ms - Total time
1908.5 ±  0.0 ms - Build f time
165.6 ±  5.4 ms - Apply f time
1775.7 ±  9.0 ms - Real f time 
554.1 ± 59.2 ms - Add time
 42.7 ±  0.7 ms - Find child
 55.8 ±  1.7 ms - Add child
499.6 ±  5.1 ms - Hash
361.1 ± 38.1 ms - Map
186.6 ±  1.4 ms - getState
1.15669
1.2225
1.86406
4652.7 ±  0.0 ms - Total time
3065.2 ±  0.0 ms - Build f time
277.2 ±  5.5 ms - Apply f time
2829.2 ± 11.1 ms - Real f time 
893.5 ± 59.3 ms - Add time
 70.6 ±  0.9 ms - Find child
 91.8 ±  1.8 ms - Add child
850.7 ±  5.4 ms - Hash
574.2 ± 38.3 ms - Map
334.6 ±  1.9 ms - getState
Dag sizes: 657933 651644 858099 
brutePieces time: 4.49384
653.8 ±  0.0 ms - Piece loop time
239.0 ± 25.8 ms - Set time
406.9 ±  2.7 ms - Child looking time
Nodes:  2167676
Pieces: 753865
makePieces time: 0.655799
Memory: 29.4 + 105.1 + 69.4 + 51.5 + 26.1 MB
  4.7 ±  0.0 ms - Greedy fill time
composePieces time: 1.32736
                                                                                