Running only task # 86
Using max depth 3
 |                                        | 0 / 416 (0.0%)Function count: 142
0.00660582
0.00700199
0.00492301
0.00517621
0.00851765
0.00893975
0.00864811
0.00907085
0.00931313
0.0097592
 11.5 ±  0.0 ms - Piece loop time
 37.8 ± 36.2 ms - Set time
 10.3 ±  0.6 ms - Child looking time
0.00656199
0.00685446
0.00715005
 47.2 ±  0.0 ms - Total time
 44.6 ±  0.0 ms - Build f time
  0.8 ±  0.1 ms - Apply f time
 44.2 ±  0.8 ms - Real f time 
  7.8 ±  0.3 ms - Add time
  0.3 ±  0.1 ms - Find child
  0.4 ±  0.1 ms - Add child
  7.8 ±  0.3 ms - Hash
 41.8 ± 36.1 ms - Map
  1.1 ±  0.1 ms - getState
0.00490164
0.00511812
0.00537522
 52.5 ±  0.0 ms - Total time
 49.5 ±  0.0 ms - Build f time
  0.9 ±  0.1 ms - Apply f time
 49.3 ±  0.8 ms - Real f time 
  8.8 ±  0.4 ms - Add time
  0.3 ±  0.1 ms - Find child
  0.5 ±  0.1 ms - Add child
  8.7 ±  0.3 ms - Hash
 42.8 ± 36.4 ms - Map
  1.2 ±  0.1 ms - getState
0.00849444
0.00886851
0.00922996
 61.8 ±  0.0 ms - Total time
 58.0 ±  0.0 ms - Build f time
  1.3 ±  0.1 ms - Apply f time
 58.1 ±  0.9 ms - Real f time 
 10.5 ±  0.4 ms - Add time
  0.5 ±  0.1 ms - Find child
  0.7 ±  0.1 ms - Add child
 10.4 ±  0.4 ms - Hash
 44.1 ± 36.4 ms - Map
  1.5 ±  0.1 ms - getState
0.00881891
0.00927906
0.00968084
 71.5 ±  0.0 ms - Total time
 66.8 ±  0.0 ms - Build f time
  1.6 ±  0.1 ms - Apply f time
 66.7 ±  0.9 ms - Real f time 
 11.9 ±  0.4 ms - Add time
  0.6 ±  0.1 ms - Find child
  0.9 ±  0.1 ms - Add child
 11.9 ±  0.4 ms - Hash
 45.0 ± 36.3 ms - Map
  1.9 ±  0.1 ms - getState
0.00831208
0.00871193
0.00917741
 80.7 ±  0.0 ms - Total time
 75.1 ±  0.0 ms - Build f time
  1.9 ±  0.1 ms - Apply f time
 75.4 ±  1.0 ms - Real f time 
 13.5 ±  0.4 ms - Add time
  0.7 ±  0.1 ms - Find child
  1.1 ±  0.1 ms - Add child
 13.6 ±  0.4 ms - Hash
 46.0 ± 36.2 ms - Map
  2.1 ±  0.1 ms - getState
Dag sizes: 3054 2396 3915 4036 4163 
brutePieces time: 0.0444166
 13.3 ±  0.0 ms - Piece loop time
 37.1 ± 35.7 ms - Set time
 13.2 ±  2.1 ms - Child looking time
Nodes:  17564
Pieces: 3846
makePieces time: 0.0140875
Memory: 0.1 + 2.7 + 0.6 + 21.3 + 0.4 MB
  0.2 ±  0.0 ms - Greedy fill time
composePieces time: 0.0065125
                                                                                