Running only task # 169
Using max depth 33
 |                                        | 0 / 416 (0.0%)Function count: 142
0.451821
0.522813
0.454159
0.525532
0.476395
0.555077
0.44415
0.515193
0.443494
0.516754
0.446187
0.523151
0.404566
0.481081
 39.5 ±  0.0 ms - Piece loop time
 23.5 ± 15.8 ms - Set time
 30.5 ±  1.2 ms - Child looking time
0.432742
0.504828
0.633106
4273.0 ±  0.0 ms - Total time
3553.5 ±  0.0 ms - Build f time
254.8 ±  4.5 ms - Apply f time
3177.0 ± 28.8 ms - Real f time 
759.2 ± 16.8 ms - Add time
  8.9 ±  0.3 ms - Find child
 13.9 ±  0.4 ms - Add child
380.1 ±  3.6 ms - Hash
164.2 ± 48.2 ms - Map
270.1 ±  3.8 ms - getState
0.454362
0.525898
0.652982
4926.0 ±  0.0 ms - Total time
4007.9 ±  0.0 ms - Build f time
299.5 ±  5.1 ms - Apply f time
3590.0 ± 30.5 ms - Real f time 
888.0 ± 17.3 ms - Add time
 13.9 ±  0.4 ms - Find child
 20.3 ±  0.5 ms - Add child
448.4 ±  3.7 ms - Hash
190.6 ± 48.2 ms - Map
338.3 ±  4.2 ms - getState
0.463744
0.542987
0.679013
5605.1 ±  0.0 ms - Total time
4471.6 ±  0.0 ms - Build f time
346.6 ±  5.4 ms - Apply f time
4017.4 ± 31.7 ms - Real f time 
1028.3 ± 18.4 ms - Add time
 19.1 ±  0.5 ms - Find child
 27.7 ±  0.6 ms - Add child
522.5 ±  3.9 ms - Hash
220.8 ± 48.2 ms - Map
414.4 ±  4.7 ms - getState
0.42538
0.496393
0.625832
6231.0 ±  0.0 ms - Total time
4897.0 ±  0.0 ms - Build f time
390.3 ±  5.7 ms - Apply f time
4408.9 ± 33.3 ms - Real f time 
1145.7 ± 18.8 ms - Add time
 24.4 ±  0.7 ms - Find child
 34.6 ±  0.7 ms - Add child
596.4 ±  4.1 ms - Hash
249.0 ± 48.2 ms - Map
482.4 ±  5.0 ms - getState
0.448725
0.519426
0.637037
6868.0 ±  0.0 ms - Total time
5345.7 ±  0.0 ms - Build f time
435.1 ±  6.1 ms - Apply f time
4817.1 ± 35.2 ms - Real f time 
1264.4 ± 19.2 ms - Add time
 28.9 ±  0.7 ms - Find child
 41.2 ±  0.7 ms - Add child
665.0 ±  4.3 ms - Hash
273.8 ± 48.2 ms - Map
549.3 ±  5.3 ms - getState
0.466772
0.543722
0.674359
7542.4 ±  0.0 ms - Total time
5812.5 ±  0.0 ms - Build f time
486.1 ±  6.7 ms - Apply f time
5245.6 ± 36.7 ms - Real f time 
1393.4 ± 19.6 ms - Add time
 33.7 ±  0.8 ms - Find child
 49.3 ±  0.8 ms - Add child
741.3 ±  4.5 ms - Hash
304.4 ± 48.1 ms - Map
618.7 ±  5.5 ms - getState
0.416682
0.502255
0.643704
8186.2 ±  0.0 ms - Total time
6229.2 ±  0.0 ms - Build f time
534.7 ±  7.0 ms - Apply f time
5619.0 ± 38.7 ms - Real f time 
1580.8 ± 70.5 ms - Add time
 39.3 ±  0.8 ms - Find child
 57.2 ±  0.9 ms - Add child
826.0 ±  4.7 ms - Hash
370.0 ± 56.9 ms - Map
701.6 ±  6.0 ms - getState
Dag sizes: 146527 136014 142666 145436 134304 142873 152867 
brutePieces time: 4.54877
138.5 ±  0.0 ms - Piece loop time
 49.6 ± 17.4 ms - Set time
 96.3 ±  1.9 ms - Child looking time
Nodes:  1000687
Pieces: 76051
makePieces time: 0.139318
Memory: 40.8 + 40.2 + 32.0 + 45.4 + 8.5 MB
 26.4 ±  6.0 ms - Greedy fill time
composePieces time: 1.05747
                                                                                