Running only task # 114
Using max depth 3
 |                                        | 0 / 416 (0.0%)Function count: 142
0.0370384
0.0405365
0.0320083
0.0402138
0.0454907
0.0489309
0.0364052
0.0399992
0.032471
0.0358058
0.0347608
0.0375764
0.0311856
0.0339768
0.0389096
0.0428771
 61.1 ±  0.0 ms - Piece loop time
 50.1 ± 41.0 ms - Set time
 49.5 ±  1.9 ms - Child looking time
0.0385471
0.0419735
0.0519053
372.1 ±  0.0 ms - Total time
326.8 ±  0.0 ms - Build f time
 14.3 ±  0.4 ms - Apply f time
301.1 ±  2.2 ms - Real f time 
 73.2 ±  9.1 ms - Add time
  2.8 ±  0.2 ms - Find child
  4.0 ±  0.2 ms - Add child
 50.8 ±  0.8 ms - Hash
 80.8 ± 37.5 ms - Map
 11.9 ±  0.3 ms - getState
0.0336079
0.0363236
0.0455063
417.6 ±  0.0 ms - Total time
360.4 ±  0.0 ms - Build f time
 17.9 ±  0.5 ms - Apply f time
334.0 ±  2.3 ms - Real f time 
 83.4 ±  9.2 ms - Add time
  4.2 ±  0.2 ms - Find child
  5.4 ±  0.3 ms - Add child
 59.0 ±  0.8 ms - Hash
 87.9 ± 37.5 ms - Map
 14.8 ±  0.4 ms - getState
0.0383412
0.0416106
0.0516818
469.3 ±  0.0 ms - Total time
398.8 ±  0.0 ms - Build f time
 22.0 ±  0.5 ms - Apply f time
372.1 ±  2.4 ms - Real f time 
 97.0 ±  9.9 ms - Add time
  5.7 ±  0.3 ms - Find child
  7.2 ±  0.3 ms - Add child
 67.3 ±  0.9 ms - Hash
 95.1 ± 37.5 ms - Map
 18.1 ±  0.4 ms - getState
0.0385335
0.0422124
0.052372
521.7 ±  0.0 ms - Total time
437.3 ±  0.0 ms - Build f time
 26.3 ±  0.6 ms - Apply f time
410.6 ±  2.6 ms - Real f time 
107.2 ±  9.9 ms - Add time
  7.2 ±  0.3 ms - Find child
  9.0 ±  0.3 ms - Add child
 75.1 ±  0.9 ms - Hash
101.8 ± 37.6 ms - Map
 21.9 ±  0.5 ms - getState
0.0356894
0.0390794
0.0480581
569.8 ±  0.0 ms - Total time
473.0 ±  0.0 ms - Build f time
 30.6 ±  0.6 ms - Apply f time
444.7 ±  2.6 ms - Real f time 
116.2 ±  9.9 ms - Add time
  8.4 ±  0.3 ms - Find child
 10.5 ±  0.4 ms - Add child
 82.5 ±  1.0 ms - Hash
107.8 ± 37.6 ms - Map
 25.2 ±  0.5 ms - getState
0.0353706
0.0382874
0.0471546
617.0 ±  0.0 ms - Total time
508.4 ±  0.0 ms - Build f time
 34.1 ±  0.6 ms - Apply f time
479.0 ±  2.7 ms - Real f time 
125.1 ±  9.9 ms - Add time
  9.7 ±  0.4 ms - Find child
 12.1 ±  0.4 ms - Add child
 90.0 ±  1.0 ms - Hash
114.1 ± 37.6 ms - Map
 28.0 ±  0.5 ms - getState
0.0336784
0.0363924
0.0451613
662.2 ±  0.0 ms - Total time
542.0 ±  0.0 ms - Build f time
 37.9 ±  0.7 ms - Apply f time
512.3 ±  2.8 ms - Real f time 
134.2 ± 10.0 ms - Add time
 10.9 ±  0.4 ms - Find child
 13.8 ±  0.4 ms - Add child
 97.5 ±  1.1 ms - Hash
161.3 ± 56.0 ms - Map
 30.8 ±  0.6 ms - getState
0.0352843
0.0377083
0.0469105
709.1 ±  0.0 ms - Total time
577.3 ±  0.0 ms - Build f time
 41.5 ±  0.7 ms - Apply f time
546.6 ±  2.9 ms - Real f time 
142.7 ±  9.9 ms - Add time
 12.3 ±  0.4 ms - Find child
 15.5 ±  0.4 ms - Add child
105.1 ±  1.1 ms - Hash
167.0 ± 56.0 ms - Map
 33.7 ±  0.6 ms - getState
Dag sizes: 41030 34759 39281 40706 36313 35566 35712 34915 
brutePieces time: 0.395178
101.6 ±  0.0 ms - Piece loop time
 55.0 ± 42.4 ms - Set time
 82.9 ±  1.6 ms - Child looking time
Nodes:  298282
Pieces: 12900
makePieces time: 0.102836
Memory: 1.4 + 20.2 + 9.5 + 38.3 + 4.6 MB
  1.6 ±  0.1 ms - Greedy fill time
composePieces time: 0.115924
                                                                                