Running only task # 358
Using max depth 33
 |                                        | 0 / 416 (0.0%)Function count: 142
0.0210338
0.0227403
0.0289964
0.0316249
0.0300138
0.032627
0.0363435
0.0391359
0.020463
0.0219574
0.02747
0.0299402
0.0292338
0.0318319
0.03565
0.038366
0.0437172
0.0467634
 40.8 ±  0.0 ms - Piece loop time
 42.1 ± 38.0 ms - Set time
 35.4 ±  1.3 ms - Child looking time
0.0205101
0.0219413
0.0277354
322.9 ±  0.0 ms - Total time
293.4 ±  0.0 ms - Build f time
 10.9 ±  0.5 ms - Apply f time
276.7 ±  9.3 ms - Real f time 
 62.6 ±  7.0 ms - Add time
  1.8 ±  0.2 ms - Find child
  2.9 ±  0.2 ms - Add child
 47.0 ±  0.7 ms - Hash
 73.7 ± 37.5 ms - Map
  9.7 ±  0.3 ms - getState
0.0277698
0.0300449
0.0408528
363.8 ±  0.0 ms - Total time
321.2 ±  0.0 ms - Build f time
 14.3 ±  0.5 ms - Apply f time
306.0 ±  9.3 ms - Real f time 
 71.0 ±  7.0 ms - Add time
  3.0 ±  0.2 ms - Find child
  4.5 ±  0.3 ms - Add child
 53.7 ±  0.8 ms - Hash
 78.8 ± 37.5 ms - Map
 13.1 ±  0.3 ms - getState
0.0314928
0.0357053
0.0516912
415.5 ±  0.0 ms - Total time
352.7 ±  0.0 ms - Build f time
 19.7 ±  0.6 ms - Apply f time
340.3 ±  9.4 ms - Real f time 
 80.9 ±  7.0 ms - Add time
  4.5 ±  0.2 ms - Find child
  6.7 ±  0.3 ms - Add child
 61.1 ±  0.8 ms - Hash
 86.5 ± 37.5 ms - Map
 17.3 ±  0.4 ms - getState
0.0370698
0.039878
0.0599457
475.5 ±  0.0 ms - Total time
389.8 ±  0.0 ms - Build f time
 25.0 ±  0.6 ms - Apply f time
375.4 ±  9.4 ms - Real f time 
 93.6 ±  7.0 ms - Add time
  6.1 ±  0.3 ms - Find child
  8.8 ±  0.4 ms - Add child
 71.5 ±  0.9 ms - Hash
 94.0 ± 37.5 ms - Map
 22.8 ±  0.4 ms - getState
0.0203711
0.0218629
0.0276088
503.1 ±  0.0 ms - Total time
410.1 ±  0.0 ms - Build f time
 27.5 ±  0.6 ms - Apply f time
396.1 ±  9.4 ms - Real f time 
 98.9 ±  7.0 ms - Add time
  6.9 ±  0.3 ms - Find child
 10.0 ±  0.4 ms - Add child
 76.3 ±  0.9 ms - Hash
 97.4 ± 37.6 ms - Map
 24.6 ±  0.5 ms - getState
0.0308936
0.0345106
0.0481083
551.3 ±  0.0 ms - Total time
441.0 ±  0.0 ms - Build f time
 32.2 ±  0.7 ms - Apply f time
427.7 ±  9.4 ms - Real f time 
115.0 ± 10.1 ms - Add time
  8.2 ±  0.3 ms - Find child
 11.8 ±  0.4 ms - Add child
 83.2 ±  1.0 ms - Hash
105.0 ± 37.5 ms - Map
 28.6 ±  0.5 ms - getState
0.0305158
0.033131
0.0455485
596.8 ±  0.0 ms - Total time
471.5 ±  0.0 ms - Build f time
 36.5 ±  0.7 ms - Apply f time
456.2 ±  9.4 ms - Real f time 
124.2 ± 10.1 ms - Add time
  9.5 ±  0.4 ms - Find child
 13.3 ±  0.4 ms - Add child
 90.5 ±  1.0 ms - Hash
112.4 ± 37.6 ms - Map
 32.2 ±  0.5 ms - getState
0.0363423
0.0391517
0.0586997
655.6 ±  0.0 ms - Total time
507.9 ±  0.0 ms - Build f time
 41.8 ±  0.8 ms - Apply f time
490.6 ±  9.4 ms - Real f time 
137.4 ± 10.1 ms - Add time
 11.0 ±  0.4 ms - Find child
 15.7 ±  0.5 ms - Add child
100.6 ±  1.1 ms - Hash
119.7 ± 37.6 ms - Map
 37.1 ±  0.6 ms - getState
0.0510029
0.0541363
0.0808023
736.4 ±  0.0 ms - Total time
558.9 ±  0.0 ms - Build f time
 47.7 ±  0.8 ms - Apply f time
539.4 ±  9.7 ms - Real f time 
155.3 ± 10.3 ms - Add time
 12.8 ±  0.4 ms - Find child
 17.6 ±  0.5 ms - Add child
114.3 ±  1.1 ms - Hash
129.9 ± 37.6 ms - Map
 44.0 ±  0.6 ms - getState
Dag sizes: 20853 36036 37955 51167 20470 35379 37598 49648 54004 
brutePieces time: 0.446949
108.5 ±  0.0 ms - Piece loop time
 53.8 ± 39.3 ms - Set time
 86.8 ±  1.7 ms - Child looking time
Nodes:  343110
Pieces: 54758
makePieces time: 0.109857
Memory: 2.2 + 18.2 + 11.0 + 43.2 + 5.1 MB
  5.2 ±  0.4 ms - Greedy fill time
composePieces time: 0.626827
                                                                                