Running only task # 345
Using max depth 3
 |                                        | 0 / 416 (0.0%)Function count: 142
0.0112423
0.0120796
0.0128742
0.0135556
0.0148733
0.0156525
0.0158449
0.0167555
  3.9 ±  0.0 ms - Piece loop time
 43.5 ± 42.9 ms - Set time
  3.4 ±  0.5 ms - Child looking time
0.0112953
0.0119781
0.0144172
 72.5 ±  0.0 ms - Total time
 66.1 ±  0.0 ms - Build f time
  2.5 ±  0.2 ms - Apply f time
 64.4 ±  1.3 ms - Real f time 
 11.5 ±  0.5 ms - Add time
  0.5 ±  0.1 ms - Find child
  0.6 ±  0.1 ms - Add child
 11.1 ±  0.4 ms - Hash
 41.8 ± 35.7 ms - Map
  2.4 ±  0.3 ms - getState
0.0130817
0.0137267
0.017208
 89.8 ±  0.0 ms - Total time
 79.2 ±  0.0 ms - Build f time
  3.8 ±  0.2 ms - Apply f time
 76.9 ±  1.4 ms - Real f time 
 14.7 ±  0.5 ms - Add time
  1.1 ±  0.1 ms - Find child
  1.1 ±  0.1 ms - Add child
 14.2 ±  0.4 ms - Hash
 44.4 ± 35.9 ms - Map
  3.3 ±  0.3 ms - getState
0.0159082
0.0167133
0.0215433
111.3 ±  0.0 ms - Total time
 95.1 ±  0.0 ms - Build f time
  5.5 ±  0.3 ms - Apply f time
 91.3 ±  1.4 ms - Real f time 
 18.9 ±  0.6 ms - Add time
  1.6 ±  0.1 ms - Find child
  1.8 ±  0.1 ms - Add child
 18.0 ±  0.5 ms - Hash
 46.8 ± 35.8 ms - Map
  4.6 ±  0.3 ms - getState
0.0164224
0.0173085
0.0219714
133.3 ±  0.0 ms - Total time
111.5 ±  0.0 ms - Build f time
  7.1 ±  0.3 ms - Apply f time
107.7 ±  1.5 ms - Real f time 
 22.7 ±  0.6 ms - Add time
  2.1 ±  0.2 ms - Find child
  2.3 ±  0.2 ms - Add child
 21.9 ±  0.5 ms - Hash
 48.9 ± 35.8 ms - Map
  6.1 ±  0.4 ms - getState
Dag sizes: 8995 11304 13779 13454 
brutePieces time: 0.0783156
  7.6 ±  0.0 ms - Piece loop time
 44.1 ± 42.8 ms - Set time
  6.3 ±  0.5 ms - Child looking time
Nodes:  47532
Pieces: 7430
makePieces time: 0.00848037
Memory: 0.3 + 3.3 + 1.5 + 17.5 + 0.4 MB
  1.2 ±  0.0 ms - Greedy fill time
composePieces time: 0.0156727
                                                                                