Running only task # 329
Using max depth 3
 |                                        | 0 / 416 (0.0%)Function count: 142
0.495361
0.543609
0.531699
0.584352
0.537913
0.594481
0.636139
0.706003
 33.0 ±  0.0 ms - Piece loop time
 40.8 ± 34.7 ms - Set time
 27.0 ±  1.1 ms - Child looking time
0.483133
0.531522
0.881552
3310.2 ±  0.0 ms - Total time
2684.2 ±  0.0 ms - Build f time
147.7 ±  3.9 ms - Apply f time
2565.6 ± 35.7 ms - Real f time 
570.5 ± 42.1 ms - Add time
 11.9 ±  0.7 ms - Find child
 14.6 ±  0.4 ms - Add child
328.8 ±  3.3 ms - Hash
150.1 ± 41.0 ms - Map
191.0 ±  3.6 ms - getState
0.537654
0.595813
0.953365
4263.6 ±  0.0 ms - Total time
3221.9 ±  0.0 ms - Build f time
207.8 ±  4.4 ms - Apply f time
3101.4 ± 38.7 ms - Real f time 
763.9 ± 42.4 ms - Add time
 21.1 ±  0.8 ms - Find child
 26.8 ±  0.6 ms - Add child
473.9 ±  3.4 ms - Hash
196.1 ± 41.0 ms - Map
296.0 ±  4.1 ms - getState
0.544452
0.601325
0.950641
5214.3 ±  0.0 ms - Total time
3766.3 ±  0.0 ms - Build f time
269.1 ±  4.8 ms - Apply f time
3647.9 ± 41.0 ms - Real f time 
1006.2 ± 54.8 ms - Add time
 29.7 ±  0.8 ms - Find child
 39.6 ±  0.7 ms - Add child
619.2 ±  3.6 ms - Hash
244.0 ± 41.0 ms - Map
400.8 ±  4.5 ms - getState
0.628847
0.693299
1.13177
6346.1 ±  0.0 ms - Total time
4395.2 ±  0.0 ms - Build f time
338.6 ±  5.1 ms - Apply f time
4304.5 ± 45.7 ms - Real f time 
1274.2 ± 57.2 ms - Add time
 40.6 ±  0.9 ms - Find child
 55.1 ±  0.8 ms - Add child
798.0 ±  4.0 ms - Hash
304.1 ± 41.0 ms - Map
527.5 ±  5.0 ms - getState
Dag sizes: 252335 263620 256793 314111 
brutePieces time: 3.91948
177.4 ±  0.0 ms - Piece loop time
127.3 ± 74.9 ms - Set time
119.1 ±  1.9 ms - Child looking time
Nodes:  1086859
Pieces: 297268
makePieces time: 0.179575
Memory: 43.9 + 36.7 + 34.8 + 34.2 + 10.9 MB
 14.5 ±  0.0 ms - Greedy fill time
composePieces time: 1.39433
                                                                                