Running only task # 31
Using max depth 4
 |                                        | 0 / 416 (0.0%)Function count: 142
0.0770783
0.0843307
0.0762665
0.0831277
0.0629186
0.0685012
0.112064
0.122033
 14.2 ±  0.0 ms - Piece loop time
 37.2 ± 34.0 ms - Set time
 11.4 ±  0.7 ms - Child looking time
1.8025
1.97515
3.4817
3839.8 ±  0.0 ms - Total time
2130.8 ±  0.0 ms - Build f time
260.4 ±  2.3 ms - Apply f time
1852.7 ±  9.0 ms - Real f time 
767.3 ±  9.7 ms - Add time
 59.5 ±  0.9 ms - Find child
 86.7 ±  1.1 ms - Add child
757.1 ± 15.0 ms - Hash
505.6 ± 45.2 ms - Map
377.1 ± 10.4 ms - getState
1.7927
1.9693
3.62137
7461.2 ±  0.0 ms - Total time
3923.5 ±  0.0 ms - Build f time
524.8 ±  3.5 ms - Apply f time
3482.1 ± 13.8 ms - Real f time 
1536.9 ± 12.1 ms - Add time
120.2 ±  1.2 ms - Find child
191.7 ± 14.6 ms - Add child
1454.1 ± 15.5 ms - Hash
975.7 ± 45.5 ms - Map
754.8 ± 10.6 ms - getState
1.48611
1.62629
2.90735
10368.6 ±  0.0 ms - Total time
5409.6 ±  0.0 ms - Build f time
756.1 ±  9.2 ms - Apply f time
4828.6 ± 17.0 ms - Real f time 
2248.1 ± 89.1 ms - Add time
177.9 ±  1.6 ms - Find child
272.9 ± 14.7 ms - Add child
1967.4 ± 15.7 ms - Hash
1425.2 ± 45.6 ms - Map
1046.0 ± 10.8 ms - getState
2.76988
3.03211
5.74514
16113.8 ±  0.0 ms - Total time
8179.5 ±  0.0 ms - Build f time
1151.9 ±  9.9 ms - Apply f time
7247.6 ± 25.7 ms - Real f time 
3558.9 ± 101.6 ms - Add time
259.6 ±  1.9 ms - Find child
397.8 ± 14.8 ms - Add child
3117.5 ± 16.2 ms - Hash
2149.7 ± 50.1 ms - Map
1687.6 ± 15.3 ms - getState
Dag sizes: 1792936 2002745 1762808 2586637 
brutePieces time: 15.7581
2184.4 ±  0.0 ms - Piece loop time
835.0 ± 21.6 ms - Set time
1299.1 ± 18.4 ms - Child looking time
Nodes:  8145126
Pieces: 2246300
makePieces time: 2.19055
Memory: 150.5 + 320.6 + 260.6 + 197.4 + 97.2 MB
 34.2 ±  0.0 ms - Greedy fill time
composePieces time: 8.12412
                                                                                