Running only task # 217
Using max depth 23
 |                                        | 0 / 416 (0.0%)Function count: 142
0.909552
1.05181
0.997816
1.14532
0.935975
1.08004
1.04615
1.20123
0.904944
1.0421
0.954062
1.09196
0.893659
1.03242
1.04111
1.19475
1.11286
1.27794
117.1 ±  0.0 ms - Piece loop time
 36.4 ± 17.4 ms - Set time
 98.0 ±  3.3 ms - Child looking time
0.885891
1.04962
1.75294
11871.0 ±  0.0 ms - Total time
9682.0 ±  0.0 ms - Build f time
644.1 ±  9.3 ms - Apply f time
8806.8 ± 72.9 ms - Real f time 
2448.3 ± 204.0 ms - Add time
 22.8 ±  0.7 ms - Find child
 34.1 ±  0.6 ms - Add child
1030.3 ±  5.5 ms - Hash
338.1 ± 47.0 ms - Map
759.1 ±  8.5 ms - getState
0.945582
1.09102
1.87405
13745.1 ±  0.0 ms - Total time
10627.6 ±  0.0 ms - Build f time
787.4 ± 10.2 ms - Apply f time
9730.8 ± 76.1 ms - Real f time 
2921.7 ± 205.2 ms - Add time
 38.1 ±  0.8 ms - Find child
 56.5 ±  0.8 ms - Add child
1306.8 ±  5.8 ms - Hash
438.4 ± 47.0 ms - Map
1001.4 ±  9.5 ms - getState
0.907024
1.04092
1.78727
15532.4 ±  0.0 ms - Total time
11534.6 ±  0.0 ms - Build f time
913.0 ± 10.7 ms - Apply f time
10616.3 ± 79.3 ms - Real f time 
3355.8 ± 205.3 ms - Add time
 52.8 ±  0.9 ms - Find child
 77.2 ±  1.0 ms - Add child
1579.5 ±  6.0 ms - Hash
532.7 ± 47.0 ms - Map
1237.1 ± 10.1 ms - getState
1.03289
1.18427
2.0162
17548.6 ±  0.0 ms - Total time
12567.5 ±  0.0 ms - Build f time
1052.9 ± 11.2 ms - Apply f time
11602.8 ± 81.1 ms - Real f time 
3830.6 ± 205.6 ms - Add time
 69.5 ±  1.0 ms - Find child
101.2 ±  1.1 ms - Add child
1880.4 ±  6.4 ms - Hash
636.0 ± 47.0 ms - Map
1505.8 ± 10.7 ms - getState
0.888893
1.0232
1.70181
19250.5 ±  0.0 ms - Total time
13456.4 ±  0.0 ms - Build f time
1173.3 ± 11.6 ms - Apply f time
12459.8 ± 82.5 ms - Real f time 
4244.2 ± 206.0 ms - Add time
 83.3 ±  1.1 ms - Find child
121.3 ±  1.2 ms - Add child
2140.0 ±  6.5 ms - Hash
725.5 ± 47.1 ms - Map
1710.8 ± 11.0 ms - getState
0.958244
1.09519
1.84449
21095.0 ±  0.0 ms - Total time
14414.6 ±  0.0 ms - Build f time
1300.5 ± 12.1 ms - Apply f time
13390.9 ± 84.4 ms - Real f time 
4700.6 ± 207.0 ms - Add time
 99.8 ±  1.2 ms - Find child
143.0 ±  1.3 ms - Add child
2411.7 ±  6.7 ms - Hash
836.6 ± 49.5 ms - Map
1931.6 ± 11.5 ms - getState
0.892718
1.04226
1.79284
22887.9 ±  0.0 ms - Total time
15307.4 ±  0.0 ms - Build f time
1440.3 ± 12.6 ms - Apply f time
14261.8 ± 87.9 ms - Real f time 
5119.9 ± 207.1 ms - Add time
115.1 ±  1.3 ms - Find child
166.0 ±  1.4 ms - Add child
2689.1 ±  7.7 ms - Hash
930.8 ± 49.5 ms - Map
2170.5 ± 12.1 ms - getState
1.03318
1.18601
1.97717
24865.1 ±  0.0 ms - Total time
16340.5 ±  0.0 ms - Build f time
1575.8 ± 13.0 ms - Apply f time
15255.3 ± 89.8 ms - Real f time 
5583.8 ± 207.2 ms - Add time
131.7 ±  1.4 ms - Find child
189.4 ±  1.5 ms - Add child
2991.3 ±  7.9 ms - Hash
1032.7 ± 49.5 ms - Map
2416.3 ± 12.5 ms - getState
1.12022
1.28918
2.1805
27045.7 ±  0.0 ms - Total time
17460.8 ±  0.0 ms - Build f time
1758.3 ± 25.4 ms - Apply f time
16340.0 ± 92.6 ms - Real f time 
6105.3 ± 207.6 ms - Add time
150.4 ±  1.4 ms - Find child
215.3 ±  1.6 ms - Add child
3319.0 ±  8.2 ms - Hash
1147.1 ± 49.6 ms - Map
2686.3 ± 13.0 ms - getState
Dag sizes: 417967 472479 445500 480029 418334 468330 447641 478908 513982 
brutePieces time: 16.9322
655.5 ±  0.0 ms - Piece loop time
199.1 ± 36.8 ms - Set time
448.8 ±  4.9 ms - Child looking time
Nodes:  4143170
Pieces: 585947
makePieces time: 0.659645
Memory: 217.0 + 127.7 + 132.6 + 104.0 + 43.8 MB
1686.6 ± 1110.0 ms - Greedy fill time
composePieces time: 26.1003
                                                                                