Running only task # 56
Using max depth 33
 |                                        | 0 / 416 (0.0%)Function count: 142
0.055606
0.0601775
0.0836083
0.0911877
0.0762981
0.083389
0.0558952
0.060435
0.0861599
0.0942975
0.0838931
0.0911745
0.0957326
0.105599
 67.1 ±  0.0 ms - Piece loop time
 45.3 ± 35.7 ms - Set time
 54.6 ±  1.4 ms - Child looking time
0.0551458
0.0595929
0.0913786
677.9 ±  0.0 ms - Total time
592.3 ±  0.0 ms - Build f time
 25.7 ±  0.6 ms - Apply f time
500.0 ±  6.1 ms - Real f time 
128.9 ± 12.5 ms - Add time
  3.7 ±  0.2 ms - Find child
  4.9 ±  0.2 ms - Add child
 96.9 ±  1.1 ms - Hash
118.4 ± 42.1 ms - Map
 25.2 ±  0.4 ms - getState
0.0822096
0.0894328
0.141404
819.3 ±  0.0 ms - Total time
674.5 ±  0.0 ms - Build f time
 38.1 ±  0.7 ms - Apply f time
575.0 ±  6.2 ms - Real f time 
158.0 ± 12.5 ms - Add time
  7.4 ±  0.4 ms - Find child
  9.1 ±  0.3 ms - Add child
123.3 ±  1.2 ms - Hash
146.2 ± 43.1 ms - Map
 41.1 ±  0.9 ms - getState
0.0779224
0.084914
0.138707
958.1 ±  0.0 ms - Total time
752.5 ±  0.0 ms - Build f time
 50.3 ±  0.8 ms - Apply f time
648.2 ±  6.3 ms - Real f time 
210.5 ± 25.7 ms - Add time
 10.9 ±  0.4 ms - Find child
 13.6 ±  0.4 ms - Add child
147.3 ±  1.3 ms - Hash
164.0 ± 43.2 ms - Map
 56.1 ±  0.9 ms - getState
0.0574804
0.062127
0.0941075
1052.2 ±  0.0 ms - Total time
809.9 ±  0.0 ms - Build f time
 57.9 ±  0.8 ms - Apply f time
701.4 ±  6.4 ms - Real f time 
229.6 ± 25.7 ms - Add time
 13.0 ±  0.5 ms - Find child
 16.0 ±  0.5 ms - Add child
164.9 ±  1.4 ms - Hash
174.0 ± 43.2 ms - Map
 64.8 ±  1.0 ms - getState
0.0856101
0.0932511
0.14877
1201.0 ±  0.0 ms - Total time
895.6 ±  0.0 ms - Build f time
 71.1 ±  0.9 ms - Apply f time
782.9 ±  6.8 ms - Real f time 
261.5 ± 25.7 ms - Add time
 16.9 ±  0.8 ms - Find child
 20.2 ±  0.5 ms - Add child
190.6 ±  1.5 ms - Hash
189.9 ± 43.1 ms - Map
 81.0 ±  1.0 ms - getState
0.0787967
0.0860811
0.142753
1343.8 ±  0.0 ms - Total time
974.4 ±  0.0 ms - Build f time
 83.2 ±  1.0 ms - Apply f time
853.7 ±  6.9 ms - Real f time 
296.0 ± 25.9 ms - Add time
 21.0 ±  0.9 ms - Find child
 24.4 ±  0.6 ms - Add child
215.6 ±  1.6 ms - Hash
208.6 ± 43.1 ms - Map
 97.0 ±  1.1 ms - getState
0.0979449
0.107739
0.16962
1513.5 ±  0.0 ms - Total time
1072.3 ±  0.0 ms - Build f time
 98.0 ±  1.1 ms - Apply f time
941.9 ±  7.1 ms - Real f time 
338.4 ± 26.1 ms - Add time
 24.8 ±  0.9 ms - Find child
 29.4 ±  0.6 ms - Add child
244.4 ±  1.7 ms - Hash
226.5 ± 43.1 ms - Map
116.7 ±  1.2 ms - getState
Dag sizes: 60232 100292 100115 62555 105370 100351 125419 
brutePieces time: 0.93189
177.8 ±  0.0 ms - Piece loop time
 65.6 ± 36.5 ms - Set time
138.4 ±  2.2 ms - Child looking time
Nodes:  654334
Pieces: 136679
makePieces time: 0.179261
Memory: 6.9 + 27.3 + 20.9 + 39.8 + 9.4 MB
 19.9 ±  0.5 ms - Greedy fill time
composePieces time: 3.09362
                                                                                