Running only task # 154
Using max depth 23
 |                                        | 0 / 416 (0.0%)Function count: 142
0.15751
0.170257
0.179846
0.192201
0.177468
0.190699
0.191721
0.205055
0.156691
0.169148
0.182876
0.195463
0.175616
0.189418
0.195568
0.209002
0.217297
0.232296
 38.5 ±  0.0 ms - Piece loop time
 57.0 ± 46.6 ms - Set time
 26.8 ±  2.0 ms - Child looking time
0.160135
0.172525
0.390042
2144.0 ±  0.0 ms - Total time
1794.7 ±  0.0 ms - Build f time
 69.1 ±  1.2 ms - Apply f time
1364.4 ± 10.6 ms - Real f time 
412.5 ± 15.0 ms - Add time
  8.9 ±  0.3 ms - Find child
 12.0 ±  0.4 ms - Add child
376.3 ±  4.3 ms - Hash
202.0 ± 52.9 ms - Map
 95.5 ±  1.1 ms - getState
0.189356
0.20195
0.471599
2615.6 ±  0.0 ms - Total time
1984.1 ±  0.0 ms - Build f time
102.5 ±  1.4 ms - Apply f time
1522.7 ± 11.0 ms - Real f time 
537.9 ± 15.2 ms - Add time
 15.7 ±  0.4 ms - Find child
 22.2 ±  0.8 ms - Add child
480.6 ±  4.4 ms - Hash
247.7 ± 52.8 ms - Map
159.9 ±  1.4 ms - getState
0.181397
0.194598
0.469162
3084.8 ±  0.0 ms - Total time
2165.5 ±  0.0 ms - Build f time
137.6 ±  1.5 ms - Apply f time
1680.9 ± 11.4 ms - Real f time 
665.4 ± 15.4 ms - Add time
 22.9 ±  0.5 ms - Find child
 31.6 ±  0.9 ms - Add child
586.3 ±  4.6 ms - Hash
290.0 ± 52.9 ms - Map
227.3 ±  1.8 ms - getState
0.203329
0.216637
0.499196
3584.1 ±  0.0 ms - Total time
2368.8 ±  0.0 ms - Build f time
171.4 ±  1.7 ms - Apply f time
1859.6 ± 12.3 ms - Real f time 
796.9 ± 15.6 ms - Add time
 29.9 ±  0.6 ms - Find child
 41.2 ±  0.9 ms - Add child
702.5 ±  5.6 ms - Hash
330.5 ± 52.8 ms - Map
294.1 ±  2.0 ms - getState
0.163735
0.176769
0.397684
3981.8 ±  0.0 ms - Total time
2532.5 ±  0.0 ms - Build f time
201.6 ±  1.8 ms - Apply f time
2005.2 ± 13.1 ms - Real f time 
896.5 ± 15.6 ms - Add time
 35.8 ±  0.7 ms - Find child
 50.5 ±  1.0 ms - Add child
787.5 ±  5.7 ms - Hash
370.4 ± 52.7 ms - Map
345.9 ±  2.1 ms - getState
0.188124
0.200881
0.470241
4452.1 ±  0.0 ms - Total time
2720.7 ±  0.0 ms - Build f time
235.3 ±  1.9 ms - Apply f time
2164.0 ± 13.4 ms - Real f time 
1045.5 ± 27.5 ms - Add time
 44.8 ±  2.3 ms - Find child
 60.4 ±  1.1 ms - Add child
891.4 ±  5.7 ms - Hash
409.6 ± 52.8 ms - Map
419.1 ±  5.9 ms - getState
0.179404
0.193088
0.448234
4900.3 ±  0.0 ms - Total time
2900.1 ±  0.0 ms - Build f time
267.7 ±  2.0 ms - Apply f time
2321.8 ± 14.7 ms - Real f time 
1166.2 ± 27.5 ms - Add time
 51.3 ±  2.3 ms - Find child
 70.7 ±  1.4 ms - Add child
995.4 ±  5.9 ms - Hash
442.2 ± 52.8 ms - Map
482.9 ±  5.9 ms - getState
0.198427
0.211657
0.480984
5381.3 ±  0.0 ms - Total time
3098.5 ±  0.0 ms - Build f time
301.4 ±  2.1 ms - Apply f time
2496.6 ± 15.1 ms - Real f time 
1292.9 ± 27.6 ms - Add time
 58.3 ±  2.3 ms - Find child
 80.5 ±  1.5 ms - Add child
1106.8 ±  5.9 ms - Hash
476.2 ± 52.8 ms - Map
550.4 ±  6.0 ms - getState
0.216191
0.23093
0.567248
5948.6 ±  0.0 ms - Total time
3314.7 ±  0.0 ms - Build f time
341.2 ±  2.2 ms - Apply f time
2680.0 ± 15.5 ms - Real f time 
1460.0 ± 28.6 ms - Add time
 65.6 ±  2.4 ms - Find child
 91.1 ±  1.5 ms - Add child
1238.9 ±  6.0 ms - Hash
531.2 ± 55.0 ms - Map
631.0 ±  6.0 ms - getState
Dag sizes: 204098 225235 204825 215403 204188 225367 204878 215389 247400 
brutePieces time: 4.19827
168.2 ±  0.0 ms - Piece loop time
 69.9 ± 35.4 ms - Set time
124.3 ±  6.5 ms - Child looking time
Nodes:  1946783
Pieces: 163953
makePieces time: 0.170052
Memory: 57.4 + 66.8 + 62.3 + 68.9 + 13.1 MB
128.5 ± 34.6 ms - Greedy fill time
composePieces time: 12.1991
                                                                                