Running only task # 210
Using max depth 4
 |                                        | 0 / 416 (0.0%)Function count: 142
0.16753
0.182094
0.149046
0.166247
0.155339
0.172753
 25.5 ±  0.0 ms - Piece loop time
 43.3 ± 36.8 ms - Set time
 17.7 ±  0.7 ms - Child looking time
3.81598
4.21203
7.0052
7526.4 ±  0.0 ms - Total time
4287.9 ±  0.0 ms - Build f time
466.7 ±  3.0 ms - Apply f time
3759.9 ± 12.8 ms - Real f time 
1500.4 ± 12.9 ms - Add time
 98.3 ±  1.3 ms - Find child
140.7 ±  1.7 ms - Add child
1251.7 ±  4.1 ms - Hash
1071.7 ± 48.3 ms - Map
733.5 ±  4.4 ms - getState
3.72641
4.13704
6.9657
14492.2 ±  0.0 ms - Total time
8014.3 ±  0.0 ms - Build f time
920.8 ±  5.0 ms - Apply f time
7077.6 ± 21.7 ms - Real f time 
2983.2 ± 28.1 ms - Add time
195.7 ±  1.8 ms - Find child
279.1 ±  2.3 ms - Add child
2466.5 ±  9.0 ms - Hash
2035.7 ± 49.1 ms - Map
1456.6 ±  5.7 ms - getState
3.99948
4.43692
7.23965
21731.9 ±  0.0 ms - Total time
12013.8 ±  0.0 ms - Build f time
1386.4 ±  8.5 ms - Apply f time
10623.8 ± 29.9 ms - Real f time 
4475.9 ± 40.3 ms - Add time
288.3 ±  2.1 ms - Find child
414.6 ±  2.9 ms - Add child
3712.7 ± 10.2 ms - Hash
3013.4 ± 49.6 ms - Map
2194.4 ±  8.1 ms - getState
Dag sizes: 3349684 3481493 3349631 
brutePieces time: 21.2118
3086.4 ±  0.0 ms - Piece loop time
1361.0 ± 21.4 ms - Set time
1682.3 ±  8.0 ms - Child looking time
Nodes:  10180808
Pieces: 3519006
makePieces time: 3.09502
Memory: 185.7 + 373.2 + 325.8 + 263.6 + 126.6 MB
 42.0 ±  0.0 ms - Greedy fill time
composePieces time: 6.65601
                                                                                