Running only task # 207
Using max depth 23
 |                                        | 0 / 416 (0.0%)Function count: 142
0.785393
0.910954
0.683611
0.799729
0.665756
0.781612
0.693303
0.812404
0.668848
0.789221
0.668255
0.783345
0.758788
0.88504
 73.7 ±  0.0 ms - Piece loop time
 27.9 ± 16.2 ms - Set time
 59.9 ±  1.8 ms - Child looking time
0.756787
0.88214
0.959369
6722.0 ±  0.0 ms - Total time
5680.7 ±  0.0 ms - Build f time
390.7 ±  5.8 ms - Apply f time
5175.4 ± 45.7 ms - Real f time 
1179.0 ± 28.3 ms - Add time
  7.9 ±  0.3 ms - Find child
 14.0 ±  0.4 ms - Add child
527.2 ±  4.2 ms - Hash
198.5 ± 44.1 ms - Map
424.0 ±  4.2 ms - getState
0.666265
0.78296
0.856274
7578.3 ±  0.0 ms - Total time
6347.0 ±  0.0 ms - Build f time
438.8 ±  6.5 ms - Apply f time
5767.4 ± 47.1 ms - Real f time 
1320.3 ± 28.7 ms - Add time
 10.7 ±  0.4 ms - Find child
 17.6 ±  0.5 ms - Add child
601.9 ±  4.4 ms - Hash
225.3 ± 44.0 ms - Map
512.9 ±  4.9 ms - getState
0.676264
0.791913
0.867815
8446.2 ±  0.0 ms - Total time
7023.3 ±  0.0 ms - Build f time
487.6 ±  6.9 ms - Apply f time
6377.2 ± 49.0 ms - Real f time 
1478.9 ± 32.2 ms - Add time
 14.2 ±  0.4 ms - Find child
 23.3 ±  1.4 ms - Add child
677.6 ±  4.5 ms - Hash
252.7 ± 44.0 ms - Map
604.5 ±  5.3 ms - getState
0.706954
0.825798
0.908076
9354.3 ±  0.0 ms - Total time
7730.2 ±  0.0 ms - Build f time
540.5 ±  7.3 ms - Apply f time
7039.8 ± 51.9 ms - Real f time 
1630.4 ± 32.6 ms - Add time
 17.3 ±  0.5 ms - Find child
 28.5 ±  1.4 ms - Add child
752.4 ±  4.7 ms - Hash
280.2 ± 44.0 ms - Map
702.4 ±  6.2 ms - getState
0.682617
0.802512
0.8774
10231.8 ±  0.0 ms - Total time
8412.8 ±  0.0 ms - Build f time
597.0 ±  7.8 ms - Apply f time
7651.2 ± 53.6 ms - Real f time 
1781.6 ± 34.9 ms - Add time
 35.8 ± 15.2 ms - Find child
 32.9 ±  1.4 ms - Add child
825.6 ±  4.8 ms - Hash
307.6 ± 44.0 ms - Map
802.7 ± 10.5 ms - getState
0.689144
0.805326
0.87899
11110.8 ±  0.0 ms - Total time
9102.0 ±  0.0 ms - Build f time
647.4 ±  8.1 ms - Apply f time
8260.0 ± 55.0 ms - Real f time 
1926.8 ± 35.3 ms - Add time
 38.9 ± 15.1 ms - Find child
 37.6 ±  1.5 ms - Add child
902.2 ±  4.9 ms - Hash
335.3 ± 44.0 ms - Map
891.5 ± 10.6 ms - getState
0.783459
0.913018
0.998796
12109.6 ±  0.0 ms - Total time
9885.4 ±  0.0 ms - Build f time
708.6 ±  8.7 ms - Apply f time
8987.1 ± 59.8 ms - Real f time 
2091.2 ± 35.7 ms - Add time
 42.2 ± 15.2 ms - Find child
 42.4 ±  1.5 ms - Add child
982.0 ±  5.1 ms - Hash
375.0 ± 45.0 ms - Map
994.3 ± 10.9 ms - getState
Dag sizes: 99016 97337 100142 97403 97691 100250 102806 
brutePieces time: 6.35001
115.7 ±  0.0 ms - Piece loop time
 40.5 ± 17.6 ms - Set time
 87.1 ±  2.3 ms - Child looking time
Nodes:  694645
Pieces: 18277
makePieces time: 0.116285
Memory: 51.6 + 38.9 + 22.2 + 40.5 + 5.4 MB
  2.2 ±  0.5 ms - Greedy fill time
composePieces time: 0.172563
                                                                                