Running only task # 306
Using max depth 3
 |                                        | 0 / 416 (0.0%)Function count: 142
0.00703694
0.00743359
0.00732243
0.00762039
0.00764091
0.00795035
0.0075545
0.00785662
0.00575525
0.00600227
0.00883721
0.00919948
0.0074086
0.00772366
0.0109499
0.0114524
0.00784163
0.00817943
0.00807687
0.00842752
0.00925359
0.00968147
 49.9 ±  0.0 ms - Piece loop time
 38.7 ± 35.5 ms - Set time
 46.2 ±  1.3 ms - Child looking time
0.00692357
0.00719812
0.00762779
 99.3 ±  0.0 ms - Total time
 94.6 ±  0.0 ms - Build f time
  1.7 ±  0.1 ms - Apply f time
 92.4 ±  1.0 ms - Real f time 
 16.2 ±  0.6 ms - Add time
  0.4 ±  0.1 ms - Find child
  0.7 ±  0.1 ms - Add child
 17.0 ±  0.5 ms - Hash
 86.6 ± 52.0 ms - Map
  2.0 ±  0.1 ms - getState
0.0072775
0.0075627
0.00802577
107.3 ±  0.0 ms - Total time
101.9 ±  0.0 ms - Build f time
  1.9 ±  0.1 ms - Apply f time
 99.5 ±  1.0 ms - Real f time 
 17.4 ±  0.6 ms - Add time
  0.5 ±  0.1 ms - Find child
  0.9 ±  0.1 ms - Add child
 18.5 ±  0.5 ms - Hash
 87.8 ± 52.0 ms - Map
  2.4 ±  0.2 ms - getState
0.00754236
0.00785291
0.00837917
115.7 ±  0.0 ms - Total time
109.4 ±  0.0 ms - Build f time
  2.2 ±  0.2 ms - Apply f time
107.0 ±  1.0 ms - Real f time 
 18.8 ±  0.7 ms - Add time
  0.6 ±  0.1 ms - Find child
  1.0 ±  0.1 ms - Add child
 20.1 ±  0.5 ms - Hash
 89.0 ± 52.0 ms - Map
  2.7 ±  0.2 ms - getState
0.00756464
0.00785489
0.00876284
124.5 ±  0.0 ms - Total time
117.0 ±  0.0 ms - Build f time
  2.7 ±  0.2 ms - Apply f time
114.7 ±  1.1 ms - Real f time 
 20.2 ±  0.7 ms - Add time
  0.8 ±  0.1 ms - Find child
  1.1 ±  0.1 ms - Add child
 21.6 ±  0.5 ms - Hash
 90.0 ± 52.0 ms - Map
  3.0 ±  0.2 ms - getState
0.00562541
0.00585914
0.00624486
130.8 ±  0.0 ms - Total time
122.6 ±  0.0 ms - Build f time
  3.0 ±  0.2 ms - Apply f time
120.5 ±  1.1 ms - Real f time 
 21.3 ±  0.7 ms - Add time
  0.9 ±  0.1 ms - Find child
  1.2 ±  0.1 ms - Add child
 23.1 ±  0.5 ms - Hash
 90.8 ± 52.0 ms - Map
  3.1 ±  0.2 ms - getState
0.00885912
0.00920945
0.00985446
140.6 ±  0.0 ms - Total time
131.5 ±  0.0 ms - Build f time
  3.5 ±  0.2 ms - Apply f time
129.8 ±  1.1 ms - Real f time 
 22.8 ±  0.7 ms - Add time
  1.0 ±  0.1 ms - Find child
  1.4 ±  0.1 ms - Add child
 24.8 ±  0.5 ms - Hash
 92.1 ± 52.0 ms - Map
  3.5 ±  0.2 ms - getState
0.00751796
0.00782904
0.00833823
149.0 ±  0.0 ms - Total time
139.0 ±  0.0 ms - Build f time
  3.7 ±  0.2 ms - Apply f time
137.6 ±  1.2 ms - Real f time 
 24.0 ±  0.7 ms - Add time
  1.2 ±  0.1 ms - Find child
  1.6 ±  0.1 ms - Add child
 26.2 ±  0.6 ms - Hash
 93.0 ± 51.9 ms - Map
  3.7 ±  0.2 ms - getState
0.0112791
0.0117765
0.0125579
161.6 ±  0.0 ms - Total time
150.3 ±  0.0 ms - Build f time
  4.3 ±  0.2 ms - Apply f time
149.6 ±  1.2 ms - Real f time 
 26.0 ±  0.7 ms - Add time
  1.4 ±  0.1 ms - Find child
  1.9 ±  0.2 ms - Add child
 28.4 ±  0.6 ms - Hash
 94.5 ± 51.9 ms - Map
  3.9 ±  0.2 ms - getState
0.00785083
0.00818027
0.00872667
170.3 ±  0.0 ms - Total time
158.1 ±  0.0 ms - Build f time
  4.6 ±  0.2 ms - Apply f time
157.4 ±  1.3 ms - Real f time 
 27.5 ±  0.7 ms - Add time
  1.6 ±  0.1 ms - Find child
  2.0 ±  0.2 ms - Add child
 30.0 ±  0.6 ms - Hash
133.2 ± 64.0 ms - Map
  4.2 ±  0.2 ms - getState
0.00806924
0.0084153
0.00912974
179.4 ±  0.0 ms - Total time
166.2 ±  0.0 ms - Build f time
  5.0 ±  0.2 ms - Apply f time
165.5 ±  1.3 ms - Real f time 
 29.1 ±  0.8 ms - Add time
  1.8 ±  0.1 ms - Find child
  2.3 ±  0.2 ms - Add child
 31.8 ±  0.6 ms - Hash
134.3 ± 64.0 ms - Map
  4.6 ±  0.2 ms - getState
0.00962239
0.0100577
0.0108047
190.3 ±  0.0 ms - Total time
175.8 ±  0.0 ms - Build f time
  5.5 ±  0.2 ms - Apply f time
175.2 ±  1.3 ms - Real f time 
 30.6 ±  0.8 ms - Add time
  1.9 ±  0.2 ms - Find child
  2.5 ±  0.2 ms - Add child
 33.8 ±  0.6 ms - Hash
136.4 ± 64.0 ms - Map
  4.9 ±  0.2 ms - getState
Dag sizes: 3090 3541 3417 3675 2783 4358 3548 5340 3746 4247 4981 
brutePieces time: 0.106414
 70.6 ±  0.0 ms - Piece loop time
 50.2 ± 45.3 ms - Set time
 66.1 ±  5.4 ms - Child looking time
Nodes:  42726
Pieces: 10545
makePieces time: 0.0717275
Memory: 0.2 + 6.6 + 1.4 + 46.8 + 2.1 MB
  0.6 ±  0.0 ms - Greedy fill time
composePieces time: 0.0613704
                                                                                