Running only task # 15
Using max depth 33
 |                                        | 0 / 416 (0.0%)Function count: 142
0.0506237
0.0553115
0.0500884
0.0547919
0.0509351
0.0559799
0.0503856
0.0550775
0.0550495
0.0593947
 18.4 ±  0.0 ms - Piece loop time
 41.8 ± 38.1 ms - Set time
 13.9 ±  0.8 ms - Child looking time
0.0500981
0.0543707
0.0789249
359.6 ±  0.0 ms - Total time
307.2 ±  0.0 ms - Build f time
 14.5 ±  0.4 ms - Apply f time
266.5 ±  2.6 ms - Real f time 
 64.0 ±  1.0 ms - Add time
  2.8 ±  0.2 ms - Find child
  4.2 ±  0.2 ms - Add child
 56.1 ±  0.8 ms - Hash
 79.9 ± 35.6 ms - Map
 14.9 ±  0.4 ms - getState
0.0495593
0.0539555
0.0819708
441.6 ±  0.0 ms - Total time
356.7 ±  0.0 ms - Build f time
 21.4 ±  0.5 ms - Apply f time
312.7 ±  2.7 ms - Real f time 
 83.3 ±  1.8 ms - Add time
  4.6 ±  0.2 ms - Find child
  6.8 ±  0.3 ms - Add child
 69.7 ±  0.9 ms - Hash
 91.5 ± 35.7 ms - Map
 24.0 ±  0.8 ms - getState
0.0511236
0.0557959
0.0825005
524.2 ±  0.0 ms - Total time
407.9 ±  0.0 ms - Build f time
 28.3 ±  0.6 ms - Apply f time
359.8 ±  2.9 ms - Real f time 
100.9 ±  1.9 ms - Add time
  6.5 ±  0.3 ms - Find child
  9.6 ±  0.4 ms - Add child
 83.7 ±  1.0 ms - Hash
102.1 ± 35.7 ms - Map
 32.4 ±  0.8 ms - getState
0.0501927
0.0548726
0.0820251
606.2 ±  0.0 ms - Total time
458.0 ±  0.0 ms - Build f time
 34.5 ±  0.6 ms - Apply f time
408.3 ±  3.9 ms - Real f time 
118.3 ±  1.9 ms - Add time
  8.3 ±  0.3 ms - Find child
 12.0 ±  0.4 ms - Add child
 98.2 ±  1.3 ms - Hash
115.1 ± 35.7 ms - Map
 40.1 ±  0.9 ms - getState
0.0512575
0.0561552
0.0838726
690.1 ±  0.0 ms - Total time
509.3 ±  0.0 ms - Build f time
 40.6 ±  0.7 ms - Apply f time
456.2 ±  4.1 ms - Real f time 
134.6 ±  2.0 ms - Add time
 10.0 ±  0.4 ms - Find child
 14.9 ±  0.4 ms - Add child
111.3 ±  1.3 ms - Hash
127.8 ± 35.7 ms - Map
 47.6 ±  0.9 ms - getState
Dag sizes: 73388 71558 74791 71924 70333 
brutePieces time: 0.412919
 41.5 ±  0.0 ms - Piece loop time
 33.1 ± 23.3 ms - Set time
 28.5 ±  1.0 ms - Child looking time
Nodes:  361994
Pieces: 54718
makePieces time: 0.0421494
Memory: 2.6 + 16.1 + 11.6 + 26.8 + 3.0 MB
  1.3 ±  0.0 ms - Greedy fill time
composePieces time: 0.199522
                                                                                