Running only task # 91
Using max depth 33
 |                                        | 0 / 416 (0.0%)Function count: 142
0.0963673
0.110726
0.0629945
0.0702094
0.362114
0.406934
0.0914048
0.102059
0.0596014
0.0672982
0.348144
0.398114
0.181281
0.208421
 15.7 ±  0.0 ms - Piece loop time
 40.9 ± 37.9 ms - Set time
 13.4 ±  0.9 ms - Child looking time
0.0923983
0.102641
0.121172
1485.2 ±  0.0 ms - Total time
1294.3 ±  0.0 ms - Build f time
 59.3 ±  2.5 ms - Apply f time
1087.4 ± 27.5 ms - Real f time 
224.9 ± 14.2 ms - Add time
  2.3 ±  0.2 ms - Find child
  3.8 ±  0.2 ms - Add child
226.5 ±  3.1 ms - Hash
 80.7 ± 39.5 ms - Map
 64.8 ±  2.1 ms - getState
0.0611581
0.0681048
0.0799379
1565.2 ±  0.0 ms - Total time
1355.5 ±  0.0 ms - Build f time
 63.6 ±  2.6 ms - Apply f time
1139.9 ± 27.5 ms - Real f time 
238.5 ± 14.2 ms - Add time
  2.9 ±  0.2 ms - Find child
  5.1 ±  0.3 ms - Add child
239.5 ±  3.2 ms - Hash
 86.1 ± 39.5 ms - Map
 70.5 ±  2.2 ms - getState
0.38887
0.432604
0.485261
2050.5 ±  0.0 ms - Total time
1744.3 ±  0.0 ms - Build f time
 82.4 ±  2.9 ms - Apply f time
1455.5 ± 29.4 ms - Real f time 
319.7 ± 15.9 ms - Add time
  4.3 ±  0.2 ms - Find child
  7.3 ±  0.3 ms - Add child
315.5 ±  3.8 ms - Hash
 98.6 ± 39.4 ms - Map
102.6 ±  2.6 ms - getState
0.0932239
0.103505
0.123064
2173.7 ±  0.0 ms - Total time
1837.6 ±  0.0 ms - Build f time
 88.0 ±  2.9 ms - Apply f time
1535.4 ± 29.6 ms - Real f time 
339.1 ± 15.9 ms - Add time
  5.1 ±  0.3 ms - Find child
  8.7 ±  0.3 ms - Add child
338.5 ±  3.8 ms - Hash
104.4 ± 39.5 ms - Map
111.8 ±  2.6 ms - getState
0.0608802
0.067901
0.0793744
2253.1 ±  0.0 ms - Total time
1898.4 ±  0.0 ms - Build f time
 93.0 ±  3.0 ms - Apply f time
1591.5 ± 29.6 ms - Real f time 
352.8 ± 16.0 ms - Add time
  6.3 ±  0.3 ms - Find child
 10.0 ±  0.4 ms - Add child
351.9 ±  3.9 ms - Hash
110.3 ± 39.5 ms - Map
117.5 ±  2.7 ms - getState
0.366395
0.409739
0.462245
2715.4 ±  0.0 ms - Total time
2264.8 ±  0.0 ms - Build f time
112.8 ±  3.2 ms - Apply f time
1877.7 ± 30.9 ms - Real f time 
432.0 ± 20.6 ms - Add time
  7.4 ±  0.3 ms - Find child
 12.0 ±  0.4 ms - Add child
427.7 ±  4.3 ms - Hash
119.8 ± 39.5 ms - Map
149.3 ±  3.0 ms - getState
0.173261
0.195315
0.2302
2945.6 ±  0.0 ms - Total time
2438.1 ±  0.0 ms - Build f time
123.9 ±  3.3 ms - Apply f time
2017.0 ± 31.2 ms - Real f time 
467.9 ± 20.7 ms - Add time
  8.8 ±  0.3 ms - Find child
 13.5 ±  0.4 ms - Add child
470.3 ±  4.4 ms - Hash
127.6 ± 39.5 ms - Map
166.1 ±  3.0 ms - getState
Dag sizes: 26493 25198 38602 26905 25060 40222 33641 
brutePieces time: 1.58538
 34.7 ±  0.0 ms - Piece loop time
 47.7 ± 43.0 ms - Set time
 29.4 ±  1.3 ms - Child looking time
Nodes:  216121
Pieces: 10308
makePieces time: 0.0357149
Memory: 11.7 + 12.9 + 6.9 + 32.8 + 1.8 MB
  0.8 ±  0.0 ms - Greedy fill time
composePieces time: 0.0650681
                                                                                