Running only task # 153
Using max depth 33
 |                                        | 0 / 416 (0.0%)Function count: 142
0.14772
0.162751
0.166468
0.183074
0.173828
0.189737
0.149421
0.164348
0.168685
0.190984
0.168064
0.184899
0.171075
0.187944
 46.0 ±  0.0 ms - Piece loop time
 57.3 ± 46.6 ms - Set time
 33.4 ±  1.3 ms - Child looking time
0.147583
0.161841
0.240321
1504.4 ±  0.0 ms - Total time
1292.8 ±  0.0 ms - Build f time
 53.5 ±  1.0 ms - Apply f time
1035.6 ± 10.9 ms - Real f time 
260.9 ±  9.8 ms - Add time
  5.1 ±  0.3 ms - Find child
  6.8 ±  0.3 ms - Add child
241.1 ±  1.7 ms - Hash
135.4 ± 40.2 ms - Map
 63.4 ±  1.6 ms - getState
0.169867
0.18629
0.274382
1778.9 ±  0.0 ms - Total time
1462.7 ±  0.0 ms - Build f time
 70.1 ±  1.1 ms - Apply f time
1177.5 ± 11.2 ms - Real f time 
314.3 ±  9.8 ms - Add time
  8.3 ±  0.3 ms - Find child
 10.8 ±  0.4 ms - Add child
293.9 ±  1.9 ms - Hash
159.0 ± 40.2 ms - Map
 95.3 ±  4.6 ms - getState
0.166455
0.182433
0.280639
2059.6 ±  0.0 ms - Total time
1629.2 ±  0.0 ms - Build f time
 85.2 ±  1.2 ms - Apply f time
1315.8 ± 11.6 ms - Real f time 
372.8 ± 10.0 ms - Add time
 11.7 ±  0.4 ms - Find child
 15.6 ±  0.6 ms - Add child
347.6 ±  2.0 ms - Hash
184.3 ± 40.3 ms - Map
124.7 ±  4.6 ms - getState
0.152913
0.167918
0.252237
2311.8 ±  0.0 ms - Total time
1782.1 ±  0.0 ms - Build f time
 99.6 ±  1.3 ms - Apply f time
1447.8 ± 12.1 ms - Real f time 
423.3 ± 10.1 ms - Add time
 14.3 ±  0.4 ms - Find child
 19.3 ±  0.6 ms - Add child
397.6 ±  2.1 ms - Hash
205.5 ± 40.2 ms - Map
151.0 ±  4.6 ms - getState
0.169141
0.185299
0.277957
2589.8 ±  0.0 ms - Total time
1951.2 ±  0.0 ms - Build f time
115.7 ±  1.4 ms - Apply f time
1591.2 ± 12.4 ms - Real f time 
492.0 ± 18.2 ms - Add time
 17.5 ±  0.6 ms - Find child
 23.5 ±  0.7 ms - Add child
452.4 ±  2.3 ms - Hash
227.7 ± 40.2 ms - Map
179.5 ±  4.7 ms - getState
0.171978
0.188639
0.296328
2886.2 ±  0.0 ms - Total time
2123.2 ±  0.0 ms - Build f time
133.4 ±  1.5 ms - Apply f time
1736.5 ± 12.7 ms - Real f time 
559.6 ± 19.3 ms - Add time
 21.2 ±  0.6 ms - Find child
 28.4 ±  0.7 ms - Add child
508.4 ±  2.4 ms - Hash
258.2 ± 40.3 ms - Map
212.5 ±  4.7 ms - getState
0.176214
0.193234
0.297055
3183.3 ±  0.0 ms - Total time
2299.4 ±  0.0 ms - Build f time
151.2 ±  1.6 ms - Apply f time
1882.7 ± 13.0 ms - Real f time 
622.2 ± 19.3 ms - Add time
 24.5 ±  0.7 ms - Find child
 32.5 ±  0.7 ms - Add child
565.0 ±  2.5 ms - Hash
283.5 ± 40.3 ms - Map
244.5 ±  4.7 ms - getState
Dag sizes: 93399 104677 115085 99225 108318 117925 121602 
brutePieces time: 1.92349
115.1 ±  0.0 ms - Piece loop time
 69.8 ± 38.0 ms - Set time
 80.2 ±  1.9 ms - Child looking time
Nodes:  760231
Pieces: 102900
makePieces time: 0.116355
Memory: 18.6 + 30.7 + 24.3 + 41.5 + 6.9 MB
306.1 ± 51.7 ms - Greedy fill time
composePieces time: 4.5129
                                                                                