Running only task # 400
Using max depth 33
 |                                        | 0 / 416 (0.0%)Function count: 142
0.0373688
0.0405697
0.037326
0.0421452
0.0367759
0.0401365
0.0320914
0.0349728
0.0357284
0.0388012
0.0370967
0.0405102
0.0391431
0.0428578
 43.4 ±  0.0 ms - Piece loop time
 64.8 ± 57.5 ms - Set time
 36.1 ±  1.3 ms - Child looking time
0.0319776
0.0347441
0.0479734
328.2 ±  0.0 ms - Total time
287.5 ±  0.0 ms - Build f time
 12.9 ±  0.3 ms - Apply f time
262.2 ±  2.4 ms - Real f time 
 58.0 ±  1.2 ms - Add time
  2.6 ±  0.2 ms - Find child
  4.7 ±  0.8 ms - Add child
 48.1 ±  0.8 ms - Hash
 78.1 ± 37.0 ms - Map
 12.0 ±  0.3 ms - getState
0.0364076
0.0397918
0.0545535
382.8 ±  0.0 ms - Total time
323.9 ±  0.0 ms - Build f time
 18.3 ±  0.4 ms - Apply f time
297.7 ±  2.5 ms - Real f time 
 70.5 ±  1.4 ms - Add time
  4.2 ±  0.2 ms - Find child
  6.8 ±  0.8 ms - Add child
 57.0 ±  0.9 ms - Hash
 87.0 ± 37.0 ms - Map
 16.4 ±  0.4 ms - getState
0.0372569
0.040662
0.0569304
439.8 ±  0.0 ms - Total time
361.2 ±  0.0 ms - Build f time
 23.8 ±  0.5 ms - Apply f time
335.3 ±  2.6 ms - Real f time 
 97.1 ± 13.6 ms - Add time
  6.1 ±  0.3 ms - Find child
  9.4 ±  0.8 ms - Add child
 65.9 ±  0.9 ms - Hash
 95.0 ± 37.0 ms - Map
 20.8 ±  0.4 ms - getState
0.0315411
0.034401
0.0476531
487.5 ±  0.0 ms - Total time
392.7 ±  0.0 ms - Build f time
 28.1 ±  0.6 ms - Apply f time
366.4 ±  2.6 ms - Real f time 
107.4 ± 13.6 ms - Add time
  7.3 ±  0.3 ms - Find child
 11.4 ±  0.8 ms - Add child
 73.7 ±  1.0 ms - Hash
101.9 ± 37.0 ms - Map
 24.3 ±  0.5 ms - getState
0.0356183
0.038592
0.0522527
539.8 ±  0.0 ms - Total time
428.3 ±  0.0 ms - Build f time
 32.9 ±  0.6 ms - Apply f time
403.1 ±  2.8 ms - Real f time 
118.0 ± 13.6 ms - Add time
  8.9 ±  0.3 ms - Find child
 13.0 ±  0.9 ms - Add child
 82.5 ±  1.0 ms - Hash
108.9 ± 37.0 ms - Map
 28.4 ±  0.5 ms - getState
0.037923
0.0413272
0.0575938
597.5 ±  0.0 ms - Total time
466.2 ±  0.0 ms - Build f time
 38.2 ±  0.7 ms - Apply f time
440.7 ±  2.9 ms - Real f time 
130.5 ± 13.6 ms - Add time
 10.9 ±  0.4 ms - Find child
 15.1 ±  0.9 ms - Add child
 92.0 ±  1.1 ms - Hash
117.3 ± 37.1 ms - Map
 33.3 ±  0.6 ms - getState
0.0390917
0.0426101
0.0605876
658.1 ±  0.0 ms - Total time
505.3 ±  0.0 ms - Build f time
 43.9 ±  0.7 ms - Apply f time
479.9 ±  3.0 ms - Real f time 
143.0 ± 13.7 ms - Add time
 13.0 ±  0.4 ms - Find child
 17.5 ±  0.9 ms - Add child
101.9 ±  1.1 ms - Hash
125.9 ± 37.0 ms - Map
 38.3 ±  0.6 ms - getState
Dag sizes: 41770 46454 51839 40753 43600 49632 54047 
brutePieces time: 0.382921
109.2 ±  0.0 ms - Piece loop time
 64.2 ± 38.7 ms - Set time
 80.5 ±  1.6 ms - Child looking time
Nodes:  328095
Pieces: 66304
makePieces time: 0.110436
Memory: 1.7 + 17.6 + 10.5 + 34.6 + 5.1 MB
  2.8 ±  0.2 ms - Greedy fill time
composePieces time: 0.582394
                                                                                