Running only task # 64
Using max depth 3
 |                                        | 0 / 416 (0.0%)Function count: 142
0.0192804
0.0211304
0.0161574
0.0176606
0.0163868
0.0179228
0.02145
0.023288
 13.3 ±  0.0 ms - Piece loop time
 38.0 ± 36.1 ms - Set time
 11.6 ±  0.6 ms - Child looking time
0.0184159
0.0200308
0.0213078
101.4 ±  0.0 ms - Total time
 91.7 ±  0.0 ms - Build f time
  3.6 ±  0.2 ms - Apply f time
 91.5 ±  1.2 ms - Real f time 
 19.2 ±  0.6 ms - Add time
  0.7 ±  0.1 ms - Find child
  1.2 ±  0.1 ms - Add child
 13.8 ±  0.4 ms - Hash
 82.3 ± 51.0 ms - Map
  5.4 ±  1.8 ms - getState
0.0162698
0.0178127
0.0188915
120.3 ±  0.0 ms - Total time
108.0 ±  0.0 ms - Build f time
  4.5 ±  0.2 ms - Apply f time
108.0 ±  1.3 ms - Real f time 
 23.0 ±  0.6 ms - Add time
  1.0 ±  0.1 ms - Find child
  1.4 ±  0.1 ms - Add child
 16.5 ±  0.4 ms - Hash
 84.5 ± 51.1 ms - Map
  6.4 ±  1.7 ms - getState
0.0167337
0.0183872
0.0196308
140.0 ±  0.0 ms - Total time
124.7 ±  0.0 ms - Build f time
  5.5 ±  0.2 ms - Apply f time
124.7 ±  1.3 ms - Real f time 
 26.8 ±  0.7 ms - Add time
  1.4 ±  0.1 ms - Find child
  1.7 ±  0.2 ms - Add child
 19.1 ±  0.5 ms - Hash
 86.6 ± 51.0 ms - Map
  7.4 ±  1.7 ms - getState
0.0220293
0.023911
0.0254686
165.4 ±  0.0 ms - Total time
146.7 ±  0.0 ms - Build f time
  6.6 ±  0.3 ms - Apply f time
146.8 ±  1.4 ms - Real f time 
 31.4 ±  0.8 ms - Add time
  1.7 ±  0.2 ms - Find child
  2.2 ±  0.2 ms - Add child
 22.6 ±  0.5 ms - Hash
 88.9 ± 51.0 ms - Map
  8.8 ±  1.7 ms - getState
Dag sizes: 11787 9559 9774 12188 
brutePieces time: 0.087824
 16.4 ±  0.0 ms - Piece loop time
 37.3 ± 34.8 ms - Set time
 13.5 ±  0.6 ms - Child looking time
Nodes:  43308
Pieces: 10873
makePieces time: 0.0171986
Memory: 0.2 + 4.3 + 1.4 + 17.5 + 0.6 MB
  0.1 ±  0.0 ms - Greedy fill time
composePieces time: 0.00821459
                                                                                