Running only task # 365
Using max depth 3
 |                                        | 0 / 416 (0.0%)Function count: 142
0.00730177
0.00780052
0.0072391
0.0076321
0.00710413
0.00748653
0.00726023
0.00765818
0.00745312
0.00784407
  2.3 ±  0.0 ms - Piece loop time
 40.0 ± 39.7 ms - Set time
  2.3 ±  0.5 ms - Child looking time
0.00774156
0.00811384
0.00875882
 47.2 ±  0.0 ms - Total time
 44.1 ±  0.0 ms - Build f time
  1.2 ±  0.1 ms - Apply f time
 42.4 ±  0.7 ms - Real f time 
  7.6 ±  0.3 ms - Add time
  0.3 ±  0.1 ms - Find child
  0.4 ±  0.1 ms - Add child
  7.5 ±  0.3 ms - Hash
 42.8 ± 37.5 ms - Map
  1.3 ±  0.1 ms - getState
0.00754122
0.00793678
0.00862184
 55.9 ±  0.0 ms - Total time
 51.6 ±  0.0 ms - Build f time
  1.5 ±  0.1 ms - Apply f time
 49.8 ±  0.7 ms - Real f time 
  9.0 ±  0.4 ms - Add time
  0.5 ±  0.1 ms - Find child
  0.5 ±  0.1 ms - Add child
  9.2 ±  0.3 ms - Hash
 43.9 ± 37.7 ms - Map
  1.7 ±  0.1 ms - getState
0.0071651
0.00753805
0.00820072
 64.1 ±  0.0 ms - Total time
 58.8 ±  0.0 ms - Build f time
  1.8 ±  0.1 ms - Apply f time
 57.1 ±  0.8 ms - Real f time 
 10.4 ±  0.4 ms - Add time
  0.6 ±  0.1 ms - Find child
  0.6 ±  0.1 ms - Add child
 11.0 ±  0.4 ms - Hash
 45.0 ± 37.8 ms - Map
  2.1 ±  0.1 ms - getState
0.00740034
0.00778737
0.0084949
 72.6 ±  0.0 ms - Total time
 66.2 ±  0.0 ms - Build f time
  2.1 ±  0.2 ms - Apply f time
 63.9 ±  0.8 ms - Real f time 
 11.9 ±  0.4 ms - Add time
  0.7 ±  0.1 ms - Find child
  0.8 ±  0.1 ms - Add child
 12.3 ±  0.4 ms - Hash
 46.0 ± 37.7 ms - Map
  2.4 ±  0.2 ms - getState
0.00762395
0.00801049
0.00873199
 81.3 ±  0.0 ms - Total time
 73.8 ±  0.0 ms - Build f time
  2.5 ±  0.2 ms - Apply f time
 71.5 ±  0.9 ms - Real f time 
 13.4 ±  0.4 ms - Add time
  0.9 ±  0.1 ms - Find child
  1.0 ±  0.1 ms - Add child
 13.6 ±  0.4 ms - Hash
 47.0 ± 37.6 ms - Map
  2.7 ±  0.2 ms - getState
Dag sizes: 4217 4291 4218 4289 4403 
brutePieces time: 0.0469222
  2.7 ±  0.0 ms - Piece loop time
 39.3 ± 38.8 ms - Set time
  2.3 ±  0.5 ms - Child looking time
Nodes:  21418
Pieces: 1524
makePieces time: 0.00354272
Memory: 0.1 + 2.7 + 0.7 + 21.3 + 0.1 MB
  0.1 ±  0.0 ms - Greedy fill time
composePieces time: 0.00263596
                                                                                