Running only task # 29
Using max depth 23
 |                                        | 0 / 416 (0.0%)Function count: 142
0.00978697
0.0104664
0.0093312
0.00986781
0.0107665
0.0112882
0.0096847
0.010334
0.00973419
0.0103368
0.0108192
0.01142
0.00912613
0.00968083
 19.6 ±  0.0 ms - Piece loop time
 38.5 ± 36.7 ms - Set time
 17.7 ±  0.8 ms - Child looking time
0.0187808
0.0196555
0.0230555
 96.5 ±  0.0 ms - Total time
 88.0 ±  0.0 ms - Build f time
  3.3 ±  0.2 ms - Apply f time
 87.4 ±  4.6 ms - Real f time 
 14.5 ±  0.6 ms - Add time
  0.8 ±  0.1 ms - Find child
  0.9 ±  0.1 ms - Add child
 16.6 ±  0.4 ms - Hash
 45.7 ± 35.4 ms - Map
  2.7 ±  0.2 ms - getState
0.0174359
0.0183555
0.0221019
118.7 ±  0.0 ms - Total time
105.5 ±  0.0 ms - Build f time
  5.1 ±  0.2 ms - Apply f time
103.3 ±  4.6 ms - Real f time 
 18.7 ±  0.9 ms - Add time
  1.4 ±  0.1 ms - Find child
  1.6 ±  0.1 ms - Add child
 20.4 ±  0.5 ms - Hash
 48.9 ± 35.5 ms - Map
  3.8 ±  0.2 ms - getState
0.0232706
0.0245167
0.0317689
150.5 ±  0.0 ms - Total time
128.7 ±  0.0 ms - Build f time
  8.0 ±  0.3 ms - Apply f time
125.6 ±  4.7 ms - Real f time 
 24.0 ±  1.0 ms - Add time
  2.4 ±  0.2 ms - Find child
  2.5 ±  0.2 ms - Add child
 25.9 ±  0.6 ms - Hash
 52.8 ± 35.4 ms - Map
  5.9 ±  0.2 ms - getState
0.0166091
0.0174817
0.0205027
171.0 ±  0.0 ms - Total time
145.3 ±  0.0 ms - Build f time
  9.4 ±  0.3 ms - Apply f time
143.8 ±  4.8 ms - Real f time 
 27.7 ±  1.0 ms - Add time
  2.8 ±  0.2 ms - Find child
  3.0 ±  0.2 ms - Add child
 29.7 ±  0.6 ms - Hash
 55.0 ± 35.4 ms - Map
  7.0 ±  0.2 ms - getState
0.0164919
0.0173335
0.0207725
191.8 ±  0.0 ms - Total time
161.8 ±  0.0 ms - Build f time
 10.9 ±  0.4 ms - Apply f time
159.7 ±  4.9 ms - Real f time 
 31.5 ±  1.1 ms - Add time
  3.3 ±  0.2 ms - Find child
  3.5 ±  0.2 ms - Add child
 33.6 ±  0.6 ms - Hash
 57.7 ± 35.4 ms - Map
  8.2 ±  0.3 ms - getState
0.0211218
0.0219567
0.0268321
218.6 ±  0.0 ms - Total time
183.0 ±  0.0 ms - Build f time
 12.8 ±  0.4 ms - Apply f time
178.3 ±  4.9 ms - Real f time 
 36.0 ±  1.1 ms - Add time
  3.8 ±  0.2 ms - Find child
  4.2 ±  0.2 ms - Add child
 38.3 ±  0.7 ms - Hash
 61.7 ± 35.4 ms - Map
  9.4 ±  0.3 ms - getState
0.0160225
0.0169713
0.0199836
238.6 ±  0.0 ms - Total time
199.0 ±  0.0 ms - Build f time
 14.3 ±  0.4 ms - Apply f time
193.3 ±  4.9 ms - Real f time 
 41.3 ±  2.0 ms - Add time
  4.2 ±  0.2 ms - Find child
  4.8 ±  0.2 ms - Add child
 42.2 ±  0.7 ms - Hash
 63.6 ± 35.3 ms - Map
 10.5 ±  0.3 ms - getState
Dag sizes: 11630 12592 15937 11636 12596 15948 11555 
brutePieces time: 0.17117
 45.9 ±  0.0 ms - Piece loop time
 40.1 ± 35.5 ms - Set time
 38.6 ±  1.1 ms - Child looking time
Nodes:  91894
Pieces: 21699
makePieces time: 0.0467491
Memory: 0.6 + 7.5 + 2.9 + 30.8 + 1.7 MB
  1.1 ±  0.0 ms - Greedy fill time
composePieces time: 0.122472
                                                                                