Running only task # 162
Using max depth 3
 |                                        | 0 / 416 (0.0%)Function count: 142
0.0730902
0.0814792
0.0644161
0.0719076
0.0741923
0.0823919
0.0743847
0.0826718
0.0820013
0.0958692
 59.0 ±  0.0 ms - Piece loop time
 52.8 ± 42.2 ms - Set time
 44.1 ±  1.6 ms - Child looking time
0.0742966
0.0825994
0.112309
526.8 ±  0.0 ms - Total time
442.4 ±  0.0 ms - Build f time
 27.0 ±  0.5 ms - Apply f time
401.4 ±  4.2 ms - Real f time 
126.9 ± 21.4 ms - Add time
  4.9 ±  0.7 ms - Find child
  6.3 ±  0.3 ms - Add child
 64.9 ±  0.9 ms - Hash
 97.8 ± 43.8 ms - Map
 24.9 ±  0.4 ms - getState
0.085755
0.0935941
0.119571
646.4 ±  0.0 ms - Total time
528.1 ±  0.0 ms - Build f time
 36.1 ±  0.6 ms - Apply f time
478.8 ±  4.3 ms - Real f time 
151.3 ± 21.5 ms - Add time
  7.4 ±  0.7 ms - Find child
  9.5 ±  0.3 ms - Add child
 81.1 ±  1.0 ms - Hash
113.7 ± 43.8 ms - Map
 35.0 ±  0.6 ms - getState
0.0757795
0.0838347
0.110458
756.9 ±  0.0 ms - Total time
603.9 ±  0.0 ms - Build f time
 45.1 ±  0.7 ms - Apply f time
549.9 ±  4.5 ms - Real f time 
172.3 ± 21.5 ms - Add time
  9.9 ±  0.7 ms - Find child
 12.8 ±  0.4 ms - Add child
 97.7 ±  1.6 ms - Hash
127.9 ± 43.8 ms - Map
 44.7 ±  0.7 ms - getState
0.0772439
0.085293
0.113394
870.3 ±  0.0 ms - Total time
681.2 ±  0.0 ms - Build f time
 54.2 ±  0.8 ms - Apply f time
622.5 ±  4.6 ms - Real f time 
194.8 ± 21.5 ms - Add time
 12.7 ±  0.8 ms - Find child
 16.7 ±  0.5 ms - Add child
113.3 ±  1.7 ms - Hash
154.4 ± 45.7 ms - Map
 54.4 ±  0.7 ms - getState
0.0841417
0.0931787
0.124104
994.5 ±  0.0 ms - Total time
765.3 ±  0.0 ms - Build f time
 65.1 ±  0.9 ms - Apply f time
704.7 ±  4.7 ms - Real f time 
221.8 ± 21.5 ms - Add time
 15.9 ±  0.8 ms - Find child
 20.7 ±  0.5 ms - Add child
129.7 ±  1.7 ms - Hash
169.6 ± 45.6 ms - Map
 66.2 ±  0.8 ms - getState
Dag sizes: 88212 79307 83853 88127 96049 
brutePieces time: 0.583134
 88.4 ±  0.0 ms - Piece loop time
 56.7 ± 37.0 ms - Set time
 64.8 ±  5.2 ms - Child looking time
Nodes:  435548
Pieces: 51642
makePieces time: 0.0895287
Memory: 2.9 + 22.5 + 13.9 + 27.9 + 4.8 MB
  0.5 ±  0.0 ms - Greedy fill time
composePieces time: 0.124077
                                                                                