Running only task # 114
Using max depth 23
 |                                        | 0 / 416 (0.0%)Function count: 142
0.0428121
0.0463998
0.03312
0.0359661
0.0364257
0.0396011
0.0361331
0.0396475
0.0328489
0.0360479
0.0320527
0.0348479
0.0315359
0.0343246
0.0391932
0.0426207
0.0317096
0.0342652
0.035896
0.0392128
0.0379042
0.0416485
0.0324019
0.0356049
0.0320355
0.0348539
0.0327127
0.03584
0.0341454
0.0366552
106.5 ±  0.0 ms - Piece loop time
 42.9 ± 34.3 ms - Set time
 91.4 ±  2.5 ms - Child looking time
0.0407038
0.0444349
0.0558518
623.8 ±  0.0 ms - Total time
561.6 ±  0.0 ms - Build f time
 21.9 ±  0.4 ms - Apply f time
512.9 ±  2.6 ms - Real f time 
117.6 ±  7.7 ms - Add time
  4.4 ±  0.7 ms - Find child
  5.1 ±  0.3 ms - Add child
 89.9 ±  2.3 ms - Hash
147.9 ± 50.1 ms - Map
 20.0 ±  0.7 ms - getState
0.0343271
0.0369542
0.0459328
669.7 ±  0.0 ms - Total time
596.0 ±  0.0 ms - Build f time
 25.5 ±  0.5 ms - Apply f time
546.1 ±  2.6 ms - Real f time 
127.4 ±  7.8 ms - Add time
  5.6 ±  0.7 ms - Find child
  6.9 ±  0.3 ms - Add child
 97.0 ±  2.3 ms - Hash
155.8 ± 50.1 ms - Map
 22.7 ±  0.7 ms - getState
0.0393352
0.042702
0.053162
722.9 ±  0.0 ms - Total time
635.3 ±  0.0 ms - Build f time
 29.9 ±  0.5 ms - Apply f time
585.1 ±  2.8 ms - Real f time 
137.3 ±  7.8 ms - Add time
  7.0 ±  0.7 ms - Find child
  8.5 ±  0.3 ms - Add child
105.7 ±  2.3 ms - Hash
163.9 ± 50.0 ms - Map
 26.4 ±  0.7 ms - getState
0.039996
0.0439174
0.0551466
778.2 ±  0.0 ms - Total time
675.3 ±  0.0 ms - Build f time
 34.3 ±  0.6 ms - Apply f time
623.6 ±  2.8 ms - Real f time 
147.7 ±  7.8 ms - Add time
  8.6 ±  0.7 ms - Find child
 10.3 ±  0.4 ms - Add child
113.7 ±  2.4 ms - Hash
172.7 ± 50.0 ms - Map
 30.0 ±  0.8 ms - getState
0.0370701
0.0408654
0.0515733
829.8 ±  0.0 ms - Total time
712.4 ±  0.0 ms - Build f time
 38.4 ±  0.6 ms - Apply f time
659.0 ±  3.0 ms - Real f time 
156.3 ±  7.9 ms - Add time
  9.9 ±  0.7 ms - Find child
 11.7 ±  0.4 ms - Add child
122.5 ±  2.5 ms - Hash
180.5 ± 50.0 ms - Map
 34.2 ±  1.2 ms - getState
0.0362761
0.0394509
0.0503214
880.1 ±  0.0 ms - Total time
748.6 ±  0.0 ms - Build f time
 42.7 ±  0.7 ms - Apply f time
692.5 ±  3.1 ms - Real f time 
165.8 ±  7.9 ms - Add time
 11.2 ±  0.7 ms - Find child
 13.6 ±  0.4 ms - Add child
130.3 ±  2.5 ms - Hash
189.3 ± 50.0 ms - Map
 37.5 ±  1.3 ms - getState
0.0361403
0.0392087
0.0501891
930.4 ±  0.0 ms - Total time
784.8 ±  0.0 ms - Build f time
 46.2 ±  0.7 ms - Apply f time
727.1 ±  3.2 ms - Real f time 
177.4 ±  8.3 ms - Add time
 12.3 ±  0.7 ms - Find child
 15.1 ±  0.4 ms - Add child
137.6 ±  2.5 ms - Hash
198.5 ± 50.0 ms - Map
 41.1 ±  1.3 ms - getState
0.0419075
0.0458597
0.0577932
988.2 ±  0.0 ms - Total time
826.7 ±  0.0 ms - Build f time
 50.8 ±  0.7 ms - Apply f time
766.1 ±  3.3 ms - Real f time 
188.1 ±  8.3 ms - Add time
 13.8 ±  0.8 ms - Find child
 17.1 ±  0.5 ms - Add child
146.3 ±  2.5 ms - Hash
248.5 ± 64.1 ms - Map
 44.8 ±  1.3 ms - getState
0.0352511
0.0382607
0.0480778
1036.4 ±  0.0 ms - Total time
861.9 ±  0.0 ms - Build f time
 54.3 ±  0.8 ms - Apply f time
799.6 ±  3.3 ms - Real f time 
196.4 ±  8.3 ms - Add time
 15.0 ±  0.8 ms - Find child
 18.7 ±  0.5 ms - Add child
153.4 ±  2.5 ms - Hash
256.7 ± 64.1 ms - Map
 48.1 ±  1.3 ms - getState
0.0412657
0.0448067
0.0625954
1099.0 ±  0.0 ms - Total time
903.2 ±  0.0 ms - Build f time
 61.0 ±  0.8 ms - Apply f time
839.0 ±  3.4 ms - Real f time 
207.3 ±  8.4 ms - Add time
 17.0 ±  0.8 ms - Find child
 21.4 ±  0.5 ms - Add child
161.8 ±  2.6 ms - Hash
268.0 ± 64.0 ms - Map
 53.4 ±  1.3 ms - getState
0.0432193
0.0473027
0.0590796
1158.1 ±  0.0 ms - Total time
946.4 ±  0.0 ms - Build f time
 65.3 ±  0.8 ms - Apply f time
888.5 ± 10.1 ms - Real f time 
217.3 ±  8.4 ms - Add time
 18.4 ±  0.8 ms - Find child
 23.3 ±  0.6 ms - Add child
170.0 ±  2.6 ms - Hash
280.1 ± 64.1 ms - Map
 56.9 ±  1.3 ms - getState
0.036712
0.0403258
0.0505688
1208.7 ±  0.0 ms - Total time
983.1 ±  0.0 ms - Build f time
 69.3 ±  0.9 ms - Apply f time
925.7 ± 10.5 ms - Real f time 
233.7 ± 11.0 ms - Add time
 19.7 ±  0.8 ms - Find child
 25.0 ±  0.6 ms - Add child
177.1 ±  2.6 ms - Hash
288.2 ± 64.1 ms - Map
 59.7 ±  1.3 ms - getState
0.0357133
0.0391565
0.0494324
1258.2 ±  0.0 ms - Total time
1018.8 ±  0.0 ms - Build f time
 72.9 ±  0.9 ms - Apply f time
960.2 ± 10.5 ms - Real f time 
242.4 ± 11.0 ms - Add time
 21.0 ±  0.8 ms - Find child
 26.4 ±  0.6 ms - Add child
184.8 ±  2.6 ms - Hash
296.5 ± 64.1 ms - Map
 63.1 ±  1.3 ms - getState
0.0361237
0.0391618
0.0495363
1307.8 ±  0.0 ms - Total time
1055.0 ±  0.0 ms - Build f time
 76.5 ±  0.9 ms - Apply f time
993.5 ± 10.5 ms - Real f time 
251.8 ± 11.0 ms - Add time
 22.3 ±  0.8 ms - Find child
 27.7 ±  0.6 ms - Add child
192.4 ±  2.6 ms - Hash
305.3 ± 64.1 ms - Map
 66.1 ±  1.4 ms - getState
0.036877
0.0395223
0.0504904
1358.3 ±  0.0 ms - Total time
1091.8 ±  0.0 ms - Build f time
 80.0 ±  1.0 ms - Apply f time
1028.4 ± 10.6 ms - Real f time 
260.8 ± 11.0 ms - Add time
 23.6 ±  0.8 ms - Find child
 29.4 ±  0.6 ms - Add child
199.8 ±  2.6 ms - Hash
313.1 ± 64.1 ms - Map
 69.2 ±  1.4 ms - getState
Dag sizes: 41176 34932 39440 40857 36464 35739 35864 41196 34788 39391 40778 36511 35651 35942 35062 
brutePieces time: 0.801667
255.0 ±  0.0 ms - Piece loop time
 64.1 ± 37.5 ms - Set time
206.0 ±  3.9 ms - Child looking time
Nodes:  563791
Pieces: 16628
makePieces time: 0.256095
Memory: 2.7 + 38.4 + 18.0 + 71.9 + 9.8 MB
  2.5 ±  0.2 ms - Greedy fill time
composePieces time: 0.17907
                                                                                