Running only task # 75
Using max depth 33
 |                                        | 0 / 416 (0.0%)Function count: 142
0.122516
0.135461
0.169683
0.187055
0.163436
0.180801
0.125087
0.137999
0.150351
0.16697
0.158048
0.175364
0.155531
0.175165
 67.1 ±  0.0 ms - Piece loop time
 52.1 ± 39.5 ms - Set time
 53.1 ±  1.7 ms - Child looking time
0.124771
0.137038
0.220713
1379.9 ±  0.0 ms - Total time
1169.4 ±  0.0 ms - Build f time
 58.2 ±  1.0 ms - Apply f time
970.0 ±  6.8 ms - Real f time 
244.8 ±  3.8 ms - Add time
  7.2 ±  0.3 ms - Find child
 10.4 ±  0.4 ms - Add child
186.7 ±  1.3 ms - Hash
167.3 ± 44.2 ms - Map
 63.3 ±  1.2 ms - getState
0.148305
0.163893
0.273466
1653.4 ±  0.0 ms - Total time
1317.7 ±  0.0 ms - Build f time
 79.9 ±  1.1 ms - Apply f time
1106.6 ±  7.1 ms - Real f time 
304.4 ±  3.9 ms - Add time
 12.8 ±  0.4 ms - Find child
 17.7 ±  0.5 ms - Add child
232.8 ±  1.5 ms - Hash
202.7 ± 44.2 ms - Map
 95.0 ±  1.3 ms - getState
0.165136
0.18302
0.308621
1962.1 ±  0.0 ms - Total time
1482.9 ±  0.0 ms - Build f time
105.2 ±  1.3 ms - Apply f time
1262.5 ±  7.6 ms - Real f time 
380.3 ±  7.9 ms - Add time
 19.5 ±  0.5 ms - Find child
 27.4 ±  0.6 ms - Add child
284.3 ±  1.7 ms - Hash
259.3 ± 47.0 ms - Map
131.7 ±  1.4 ms - getState
0.13326
0.146856
0.236997
2199.1 ±  0.0 ms - Total time
1616.1 ±  0.0 ms - Build f time
124.1 ±  1.4 ms - Apply f time
1381.1 ±  7.9 ms - Real f time 
435.3 ±  9.3 ms - Add time
 24.3 ±  0.6 ms - Find child
 34.2 ±  0.7 ms - Add child
326.4 ±  2.7 ms - Hash
288.9 ± 46.9 ms - Map
157.5 ±  1.5 ms - getState
0.158273
0.174883
0.290847
2490.0 ±  0.0 ms - Total time
1774.4 ±  0.0 ms - Build f time
147.6 ±  1.5 ms - Apply f time
1536.6 ± 17.6 ms - Real f time 
496.8 ±  9.4 ms - Add time
 30.2 ±  0.6 ms - Find child
 41.8 ±  0.7 ms - Add child
372.9 ±  2.7 ms - Hash
325.3 ± 46.9 ms - Map
190.6 ±  1.6 ms - getState
0.174687
0.194755
0.324546
2814.6 ±  0.0 ms - Total time
1949.1 ±  0.0 ms - Build f time
174.9 ±  1.6 ms - Apply f time
1693.7 ± 17.9 ms - Real f time 
567.0 ±  9.4 ms - Add time
 36.9 ±  0.7 ms - Find child
 51.1 ±  0.9 ms - Add child
425.1 ±  2.8 ms - Hash
365.9 ± 46.9 ms - Map
230.4 ±  2.8 ms - getState
0.163621
0.181233
0.30785
3122.5 ±  0.0 ms - Total time
2112.7 ±  0.0 ms - Build f time
200.5 ±  1.9 ms - Apply f time
1845.9 ± 18.1 ms - Real f time 
635.9 ±  9.8 ms - Add time
 42.6 ±  0.7 ms - Find child
 59.4 ±  0.9 ms - Add child
479.0 ±  5.5 ms - Hash
403.8 ± 46.9 ms - Map
267.2 ±  2.8 ms - getState
Dag sizes: 144059 181127 204415 147339 182835 199529 189894 
brutePieces time: 1.96769
254.0 ±  0.0 ms - Piece loop time
109.2 ± 47.7 ms - Set time
177.6 ±  2.3 ms - Child looking time
Nodes:  1249198
Pieces: 162649
makePieces time: 0.255827
Memory: 16.7 + 46.9 + 40.0 + 49.3 + 13.6 MB
  4.8 ±  0.0 ms - Greedy fill time
composePieces time: 1.36449
                                                                                