Running only task # 25
Using max depth 3
 |                                        | 0 / 416 (0.0%)Function count: 142
0.0547057
0.0583252
0.0611229
0.0649608
0.0491965
0.0528536
 12.6 ±  0.0 ms - Piece loop time
 45.5 ± 42.3 ms - Set time
  9.0 ±  0.6 ms - Child looking time
0.0560445
0.0595045
0.0953385
271.6 ±  0.0 ms - Total time
221.1 ±  0.0 ms - Build f time
 10.1 ±  0.3 ms - Apply f time
182.8 ±  2.8 ms - Real f time 
 66.4 ± 15.9 ms - Add time
  2.6 ±  0.2 ms - Find child
  3.0 ±  0.2 ms - Add child
 47.8 ±  0.7 ms - Hash
 64.1 ± 39.0 ms - Map
 12.2 ±  0.3 ms - getState
0.0588194
0.0626001
0.104927
376.5 ±  0.0 ms - Total time
279.9 ±  0.0 ms - Build f time
 18.1 ±  0.5 ms - Apply f time
238.6 ±  3.0 ms - Real f time 
 88.7 ± 15.9 ms - Add time
  4.8 ±  0.2 ms - Find child
  5.9 ±  0.3 ms - Add child
 72.3 ±  2.3 ms - Hash
 77.7 ± 39.0 ms - Map
 21.8 ±  0.4 ms - getState
0.050417
0.0537385
0.0833709
459.9 ±  0.0 ms - Total time
330.3 ±  0.0 ms - Build f time
 24.1 ±  0.5 ms - Apply f time
300.3 ± 16.4 ms - Real f time 
106.0 ± 15.9 ms - Add time
  6.6 ±  0.3 ms - Find child
  8.0 ±  0.3 ms - Add child
 89.3 ±  2.3 ms - Hash
 86.6 ± 38.9 ms - Map
 29.0 ±  0.5 ms - getState
Dag sizes: 59670 68145 51138 
brutePieces time: 0.28603
 28.0 ±  0.0 ms - Piece loop time
 43.5 ± 36.6 ms - Set time
 20.9 ±  0.6 ms - Child looking time
Nodes:  178953
Pieces: 53628
makePieces time: 0.0288973
Memory: 2.2 + 7.7 + 5.7 + 15.4 + 1.8 MB
  1.0 ±  0.0 ms - Greedy fill time
composePieces time: 0.0819144
                                                                                