Running only task # 215
Using max depth 4
 |                                        | 0 / 416 (0.0%)Function count: 142
0.0183529
0.0197115
0.0156001
0.0167198
0.0172427
0.0183465
0.0190994
0.0210717
0.019012
0.0206147
0.0228699
0.0246485
 12.8 ±  0.0 ms - Piece loop time
 41.6 ± 40.1 ms - Set time
 10.9 ±  0.7 ms - Child looking time
0.834317
0.892738
1.13782
1259.2 ±  0.0 ms - Total time
946.5 ±  0.0 ms - Build f time
 62.2 ±  1.4 ms - Apply f time
853.6 ±  7.6 ms - Real f time 
193.4 ±  2.5 ms - Add time
 13.2 ±  0.4 ms - Find child
 19.4 ±  0.7 ms - Add child
211.0 ±  2.0 ms - Hash
163.2 ± 37.4 ms - Map
 88.9 ±  1.1 ms - getState
0.423465
0.4557
0.521726
1781.0 ±  0.0 ms - Total time
1370.0 ±  0.0 ms - Build f time
 86.7 ±  2.4 ms - Apply f time
1243.8 ±  9.1 ms - Real f time 
263.5 ±  3.2 ms - Add time
 18.1 ±  0.5 ms - Find child
 25.5 ±  0.7 ms - Add child
286.0 ±  2.3 ms - Hash
202.5 ± 37.4 ms - Map
120.5 ±  1.4 ms - getState
1.12427
1.20175
1.61332
3394.3 ±  0.0 ms - Total time
2494.2 ±  0.0 ms - Build f time
161.4 ±  2.7 ms - Apply f time
2220.0 ± 14.8 ms - Real f time 
534.1 ±  5.7 ms - Add time
 34.1 ±  1.0 ms - Find child
 46.2 ±  0.9 ms - Add child
594.1 ±  5.5 ms - Hash
321.4 ± 37.3 ms - Map
258.7 ±  1.9 ms - getState
1.42444
1.52658
2.05774
5452.1 ±  0.0 ms - Total time
3918.7 ±  0.0 ms - Build f time
259.5 ±  3.7 ms - Apply f time
3454.9 ± 19.1 ms - Real f time 
869.1 ±  6.9 ms - Add time
 51.3 ±  1.1 ms - Find child
 71.7 ±  1.1 ms - Add child
967.1 ±  6.8 ms - Hash
499.5 ± 37.5 ms - Map
435.7 ±  3.8 ms - getState
0.423972
0.455838
0.519435
5971.6 ±  0.0 ms - Total time
4342.6 ±  0.0 ms - Build f time
281.4 ±  3.8 ms - Apply f time
3853.8 ± 20.4 ms - Real f time 
937.7 ±  7.2 ms - Add time
 56.3 ±  1.1 ms - Find child
 78.8 ±  1.3 ms - Add child
1042.1 ±  6.9 ms - Hash
537.0 ± 37.5 ms - Map
465.8 ±  3.9 ms - getState
2.47396
2.64339
3.5471
9518.7 ±  0.0 ms - Total time
6816.6 ±  0.0 ms - Build f time
424.4 ±  4.5 ms - Apply f time
5999.3 ± 34.6 ms - Real f time 
1530.0 ± 11.8 ms - Add time
 75.6 ±  1.2 ms - Find child
107.6 ±  1.5 ms - Add child
1685.6 ±  7.7 ms - Hash
734.7 ± 37.6 ms - Map
772.7 ±  5.1 ms - getState
Dag sizes: 405706 128860 453194 554746 131897 657940 
brutePieces time: 9.40139
1215.9 ±  0.0 ms - Piece loop time
209.2 ± 15.5 ms - Set time
958.6 ±  4.9 ms - Child looking time
Nodes:  2332343
Pieces: 623412
makePieces time: 1.21847
Memory: 73.0 + 136.7 + 74.6 + 62.5 + 38.4 MB
 12.2 ±  0.0 ms - Greedy fill time
composePieces time: 9.84678
                                                                                