Running only task # 91
Using max depth 3
 |                                        | 0 / 416 (0.0%)Function count: 142
0.0929853
0.103535
0.0595851
0.0666807
0.342157
0.386562
0.170527
0.192284
  9.0 ±  0.0 ms - Piece loop time
 37.3 ± 35.3 ms - Set time
  6.8 ±  0.6 ms - Child looking time
0.0912309
0.101363
0.119311
868.5 ±  0.0 ms - Total time
756.5 ±  0.0 ms - Build f time
 33.9 ±  1.5 ms - Apply f time
631.9 ± 20.4 ms - Real f time 
149.5 ± 17.5 ms - Add time
  1.6 ±  0.1 ms - Find child
  2.3 ±  0.2 ms - Add child
139.4 ±  2.3 ms - Hash
 63.3 ± 37.6 ms - Map
 38.5 ±  2.4 ms - getState
0.0611612
0.0680495
0.0795074
948.0 ±  0.0 ms - Total time
817.6 ±  0.0 ms - Build f time
 37.8 ±  1.6 ms - Apply f time
682.2 ± 20.4 ms - Real f time 
163.7 ± 17.5 ms - Add time
  2.2 ±  0.2 ms - Find child
  3.3 ±  0.2 ms - Add child
153.1 ±  2.3 ms - Hash
 68.1 ± 37.5 ms - Map
 44.0 ±  2.5 ms - getState
0.350557
0.393966
0.447181
1395.3 ±  0.0 ms - Total time
1168.2 ±  0.0 ms - Build f time
 57.8 ±  2.0 ms - Apply f time
957.7 ± 22.2 ms - Real f time 
239.4 ± 18.5 ms - Add time
  3.5 ±  0.2 ms - Find child
  5.1 ±  0.2 ms - Add child
230.2 ±  3.1 ms - Hash
 77.3 ± 37.5 ms - Map
 77.0 ±  2.8 ms - getState
0.178881
0.206401
0.244029
1639.3 ±  0.0 ms - Total time
1347.1 ±  0.0 ms - Build f time
 69.9 ±  2.2 ms - Apply f time
1104.9 ± 22.7 ms - Real f time 
276.2 ± 18.6 ms - Add time
  4.8 ±  0.2 ms - Find child
  6.8 ±  0.3 ms - Add child
272.5 ±  3.2 ms - Hash
 86.1 ± 37.4 ms - Map
 98.7 ±  2.9 ms - getState
Dag sizes: 26170 24903 38106 33331 
brutePieces time: 0.892116
 17.8 ±  0.0 ms - Piece loop time
 38.4 ± 34.3 ms - Set time
 13.6 ±  0.6 ms - Child looking time
Nodes:  122510
Pieces: 6838
makePieces time: 0.0185331
Memory: 6.8 + 7.2 + 3.9 + 18.7 + 0.9 MB
  0.1 ±  0.0 ms - Greedy fill time
composePieces time: 0.0079966
                                                                                