Running only task # 294
Using max depth 4
 |                                        | 0 / 416 (0.0%)Function count: 142
0.124613
0.139597
0.144511
0.163794
0.160316
0.183156
0.15077
0.172584
 41.6 ±  0.0 ms - Piece loop time
 51.4 ± 42.7 ms - Set time
 32.3 ±  1.1 ms - Child looking time
3.58154
3.95547
6.11444
6773.8 ±  0.0 ms - Total time
4161.8 ±  0.0 ms - Build f time
483.8 ±  3.9 ms - Apply f time
3658.4 ± 13.9 ms - Real f time 
1209.8 ±  7.1 ms - Add time
132.1 ±  1.3 ms - Find child
189.4 ±  1.7 ms - Add child
983.1 ±  3.6 ms - Hash
1258.0 ± 45.2 ms - Map
558.0 ±  5.4 ms - getState
4.30011
4.7921
7.52878
14302.6 ±  0.0 ms - Total time
8461.9 ±  0.0 ms - Build f time
1082.2 ± 18.1 ms - Apply f time
7629.0 ± 19.1 ms - Real f time 
2591.1 ± 14.5 ms - Add time
295.5 ±  2.0 ms - Find child
422.2 ±  3.2 ms - Add child
2048.5 ±  6.9 ms - Hash
2660.0 ± 46.5 ms - Map
1228.8 ±  9.1 ms - getState
4.92029
5.49127
8.5935
22896.2 ±  0.0 ms - Total time
13382.1 ±  0.0 ms - Build f time
1772.5 ± 28.7 ms - Apply f time
12208.6 ± 30.6 ms - Real f time 
4173.1 ± 29.0 ms - Add time
506.1 ± 21.0 ms - Find child
703.7 ± 14.7 ms - Add child
3271.6 ±  8.6 ms - Hash
4170.6 ± 47.6 ms - Map
2011.6 ± 15.2 ms - getState
4.55651
5.10279
7.9848
30881.0 ±  0.0 ms - Total time
17938.7 ±  0.0 ms - Build f time
2408.0 ± 28.9 ms - Apply f time
16359.8 ± 33.6 ms - Real f time 
5691.2 ± 65.5 ms - Add time
691.2 ± 21.4 ms - Find child
960.1 ± 14.8 ms - Add child
4455.3 ± 17.6 ms - Hash
5583.6 ± 51.9 ms - Map
2737.0 ± 15.6 ms - getState
Dag sizes: 3292959 4336420 4795755 4633072 
brutePieces time: 30.2231
6694.7 ±  0.0 ms - Piece loop time
2554.3 ± 33.0 ms - Set time
3986.2 ± 32.1 ms - Child looking time
Nodes:  17058206
Pieces: 3775528
makePieces time: 6.70922
Memory: 192.3 + 805.0 + 545.9 + 407.1 + 252.1 MB
 31.8 ±  0.0 ms - Greedy fill time
composePieces time: 6.49153
                                                                                