Running only task # 86
Using max depth 23
 |                                        | 0 / 416 (0.0%)Function count: 142
0.00737428
0.00782305
0.00557726
0.00591878
0.00928377
0.0097108
0.0101572
0.0106309
0.00702188
0.007345
0.00551411
0.0057627
0.009076
0.00952139
0.00930553
0.00976431
0.00889038
0.00934534
 29.3 ±  0.0 ms - Piece loop time
 39.6 ± 37.4 ms - Set time
 26.6 ±  1.1 ms - Child looking time
0.00718795
0.00748997
0.00787018
 83.8 ±  0.0 ms - Total time
 79.4 ±  0.0 ms - Build f time
  1.5 ±  0.1 ms - Apply f time
 78.0 ±  1.1 ms - Real f time 
 13.2 ±  0.6 ms - Add time
  0.4 ±  0.1 ms - Find child
  0.6 ±  0.1 ms - Add child
 14.8 ±  0.7 ms - Hash
 76.0 ± 65.3 ms - Map
  2.0 ±  0.1 ms - getState
0.00550155
0.005727
0.00600003
 89.8 ±  0.0 ms - Total time
 84.9 ±  0.0 ms - Build f time
  1.7 ±  0.1 ms - Apply f time
 83.3 ±  1.1 ms - Real f time 
 14.1 ±  0.7 ms - Add time
  0.5 ±  0.1 ms - Find child
  0.8 ±  0.1 ms - Add child
 16.1 ±  0.7 ms - Hash
 76.9 ± 65.5 ms - Map
  2.2 ±  0.1 ms - getState
0.00899841
0.00938793
0.00978872
 99.6 ±  0.0 ms - Total time
 93.9 ±  0.0 ms - Build f time
  2.1 ±  0.1 ms - Apply f time
 92.0 ±  1.2 ms - Real f time 
 15.7 ±  0.7 ms - Add time
  0.6 ±  0.1 ms - Find child
  1.0 ±  0.1 ms - Add child
 17.8 ±  0.7 ms - Hash
 78.0 ± 65.4 ms - Map
  2.5 ±  0.2 ms - getState
0.00949835
0.00996385
0.0104287
110.1 ±  0.0 ms - Total time
103.4 ±  0.0 ms - Build f time
  2.4 ±  0.2 ms - Apply f time
101.4 ±  1.2 ms - Real f time 
 17.3 ±  0.7 ms - Add time
  0.7 ±  0.1 ms - Find child
  1.1 ±  0.1 ms - Add child
 19.4 ±  0.7 ms - Hash
 79.5 ± 65.3 ms - Map
  2.8 ±  0.2 ms - getState
0.00714082
0.00746014
0.00781558
117.9 ±  0.0 ms - Total time
110.5 ±  0.0 ms - Build f time
  2.6 ±  0.2 ms - Apply f time
108.4 ±  1.2 ms - Real f time 
 18.3 ±  0.7 ms - Add time
  0.8 ±  0.1 ms - Find child
  1.3 ±  0.1 ms - Add child
 20.8 ±  0.8 ms - Hash
 80.7 ± 65.3 ms - Map
  3.1 ±  0.2 ms - getState
0.0057173
0.00597553
0.00630538
124.2 ±  0.0 ms - Total time
116.2 ±  0.0 ms - Build f time
  2.9 ±  0.2 ms - Apply f time
113.7 ±  1.2 ms - Real f time 
 19.4 ±  0.7 ms - Add time
  0.9 ±  0.1 ms - Find child
  1.3 ±  0.1 ms - Add child
 22.0 ±  0.8 ms - Hash
 81.5 ± 65.3 ms - Map
  3.4 ±  0.2 ms - getState
0.00913726
0.00956269
0.0100223
134.2 ±  0.0 ms - Total time
125.4 ±  0.0 ms - Build f time
  3.2 ±  0.2 ms - Apply f time
124.3 ±  2.0 ms - Real f time 
 20.8 ±  0.7 ms - Add time
  1.0 ±  0.1 ms - Find child
  1.5 ±  0.2 ms - Add child
 23.8 ±  0.8 ms - Hash
 82.5 ± 65.2 ms - Map
  3.7 ±  0.2 ms - getState
0.00968112
0.0101362
0.0106125
144.8 ±  0.0 ms - Total time
135.1 ±  0.0 ms - Build f time
  3.6 ±  0.2 ms - Apply f time
134.0 ±  2.1 ms - Real f time 
 22.2 ±  0.7 ms - Add time
  1.2 ±  0.1 ms - Find child
  1.8 ±  0.2 ms - Add child
 25.9 ±  0.8 ms - Hash
 83.8 ± 65.3 ms - Map
  4.0 ±  0.2 ms - getState
0.00879554
0.00921578
0.00971662
154.6 ±  0.0 ms - Total time
143.8 ±  0.0 ms - Build f time
  3.8 ±  0.2 ms - Apply f time
142.9 ±  2.1 ms - Real f time 
 23.8 ±  0.7 ms - Add time
  1.3 ±  0.1 ms - Find child
  2.0 ±  0.2 ms - Add child
 27.5 ±  0.8 ms - Hash
 85.7 ± 65.3 ms - Map
  4.4 ±  0.2 ms - getState
Dag sizes: 3388 2712 4199 4368 3386 2712 4206 4360 4446 
brutePieces time: 0.0843512
 32.0 ±  0.0 ms - Piece loop time
 39.9 ± 37.7 ms - Set time
 28.5 ±  1.0 ms - Child looking time
Nodes:  33777
Pieces: 5640
makePieces time: 0.0328277
Memory: 0.2 + 5.2 + 1.1 + 38.3 + 0.9 MB
  0.3 ±  0.0 ms - Greedy fill time
composePieces time: 0.019715
                                                                                