Running only task # 405
Using max depth 33
 |                                        | 0 / 416 (0.0%)Function count: 142
0.28227
0.312595
0.393099
0.446121
0.402629
0.457312
0.279189
0.309353
0.396208
0.448799
0.389175
0.450829
0.383663
0.429647
 51.3 ±  0.0 ms - Piece loop time
192.4 ± 178.8 ms - Set time
 34.8 ±  1.5 ms - Child looking time
0.285267
0.314933
0.491397
3346.4 ±  0.0 ms - Total time
2811.5 ±  0.0 ms - Build f time
130.1 ±  1.9 ms - Apply f time
2250.9 ± 19.7 ms - Real f time 
579.7 ±  8.2 ms - Add time
  9.8 ±  0.4 ms - Find child
 13.9 ±  0.4 ms - Add child
506.3 ±  2.5 ms - Hash
185.2 ± 40.6 ms - Map
153.3 ±  2.2 ms - getState
0.409973
0.464887
0.719707
4066.2 ±  0.0 ms - Total time
3221.5 ±  0.0 ms - Build f time
177.8 ±  2.4 ms - Apply f time
2615.1 ± 20.8 ms - Real f time 
731.6 ±  8.5 ms - Add time
 17.8 ±  0.5 ms - Find child
 24.3 ±  0.5 ms - Add child
635.3 ±  2.7 ms - Hash
235.0 ± 40.5 ms - Map
233.5 ±  2.4 ms - getState
0.433806
0.489897
0.761061
4827.3 ±  0.0 ms - Total time
3655.3 ±  0.0 ms - Build f time
226.3 ±  2.8 ms - Apply f time
2998.6 ± 23.5 ms - Real f time 
894.0 ±  8.9 ms - Add time
 26.0 ±  0.6 ms - Find child
 34.9 ±  0.7 ms - Add child
776.2 ±  3.2 ms - Hash
288.2 ± 40.6 ms - Map
317.4 ±  2.7 ms - getState
0.287772
0.318047
0.506716
5334.0 ±  0.0 ms - Total time
3943.0 ±  0.0 ms - Build f time
258.9 ±  2.9 ms - Apply f time
3267.8 ± 32.1 ms - Real f time 
1012.3 ± 16.7 ms - Add time
 32.9 ±  0.6 ms - Find child
 43.0 ±  0.7 ms - Add child
874.3 ±  3.5 ms - Hash
324.2 ± 40.5 ms - Map
377.3 ±  2.9 ms - getState
0.410218
0.469948
0.706775
6040.9 ±  0.0 ms - Total time
4353.3 ±  0.0 ms - Build f time
305.7 ±  3.1 ms - Apply f time
3634.3 ± 33.0 ms - Real f time 
1184.3 ± 25.5 ms - Add time
 39.8 ±  0.7 ms - Find child
 53.3 ±  0.8 ms - Add child
1003.4 ±  3.7 ms - Hash
371.7 ± 40.5 ms - Map
455.0 ±  3.3 ms - getState
0.419385
0.47422
0.726801
6767.7 ±  0.0 ms - Total time
4772.6 ±  0.0 ms - Build f time
353.1 ±  3.3 ms - Apply f time
4006.6 ± 34.3 ms - Real f time 
1356.5 ± 29.5 ms - Add time
 47.0 ±  0.8 ms - Find child
 64.2 ±  0.9 ms - Add child
1156.1 ± 16.6 ms - Hash
419.8 ± 40.5 ms - Map
533.8 ±  3.5 ms - getState
0.388072
0.435023
0.683857
7451.6 ±  0.0 ms - Total time
5160.7 ±  0.0 ms - Build f time
396.3 ±  3.4 ms - Apply f time
4337.5 ± 34.8 ms - Real f time 
1498.8 ± 29.6 ms - Add time
 54.2 ±  0.8 ms - Find child
 74.0 ±  1.0 ms - Add child
1285.1 ± 16.6 ms - Hash
470.7 ± 40.6 ms - Map
609.8 ±  3.7 ms - getState
Dag sizes: 158909 211340 223667 154213 201965 210060 212982 
brutePieces time: 4.60223
222.2 ±  0.0 ms - Piece loop time
 73.5 ± 17.4 ms - Set time
154.9 ±  2.4 ms - Child looking time
Nodes:  1373136
Pieces: 143017
makePieces time: 0.22356
Memory: 48.0 + 53.6 + 43.9 + 51.3 + 13.4 MB
 20.7 ±  0.0 ms - Greedy fill time
composePieces time: 1.3765
                                                                                