Running only task # 13
Using max depth 3
 |                                        | 0 / 416 (0.0%)Function count: 142
0.0652995
0.0709653
0.0700544
0.07489
0.0693213
0.07405
0.0704914
0.0759024
 14.0 ±  0.0 ms - Piece loop time
 38.3 ± 35.5 ms - Set time
 12.3 ±  1.3 ms - Child looking time
0.0645329
0.0689161
0.111554
407.6 ±  0.0 ms - Total time
339.7 ±  0.0 ms - Build f time
 16.7 ±  1.2 ms - Apply f time
299.8 ±  5.8 ms - Real f time 
 66.6 ±  1.2 ms - Add time
  3.2 ±  0.2 ms - Find child
  4.2 ±  0.2 ms - Add child
 66.8 ±  1.4 ms - Hash
 69.7 ± 35.8 ms - Map
 17.5 ±  0.4 ms - getState
0.0701028
0.074998
0.12009
527.8 ±  0.0 ms - Total time
409.8 ±  0.0 ms - Build f time
 26.1 ±  1.3 ms - Apply f time
364.6 ±  5.9 ms - Real f time 
 92.5 ±  1.8 ms - Add time
  6.0 ±  0.3 ms - Find child
  7.5 ±  0.3 ms - Add child
 90.0 ±  1.4 ms - Hash
 81.5 ± 35.7 ms - Map
 28.8 ±  0.5 ms - getState
0.0700054
0.0750386
0.1193
647.1 ±  0.0 ms - Total time
479.8 ±  0.0 ms - Build f time
 36.2 ±  1.3 ms - Apply f time
429.5 ±  6.1 ms - Real f time 
117.9 ±  1.9 ms - Add time
  8.3 ±  0.3 ms - Find child
 11.1 ±  0.4 ms - Add child
114.3 ±  1.5 ms - Hash
 93.5 ± 35.8 ms - Map
 39.8 ±  0.8 ms - getState
0.0748769
0.0803718
0.126902
774.1 ±  0.0 ms - Total time
554.7 ±  0.0 ms - Build f time
 45.7 ±  1.4 ms - Apply f time
499.8 ±  6.3 ms - Real f time 
143.0 ±  2.0 ms - Add time
 10.7 ±  0.4 ms - Find child
 14.1 ±  0.4 ms - Add child
137.6 ±  1.8 ms - Hash
109.0 ± 35.8 ms - Map
 50.7 ±  0.8 ms - getState
Dag sizes: 71531 77330 79909 73698 
brutePieces time: 0.480715
 40.8 ±  0.0 ms - Piece loop time
 49.5 ± 35.6 ms - Set time
 25.8 ±  0.8 ms - Child looking time
Nodes:  302468
Pieces: 58300
makePieces time: 0.0416909
Memory: 3.8 + 12.6 + 9.7 + 21.6 + 2.5 MB
  2.3 ±  0.0 ms - Greedy fill time
composePieces time: 0.181505
                                                                                