Running only task # 3
Using max depth 33
 |                                        | 0 / 416 (0.0%)Function count: 142
0.200656
0.225299
0.224909
0.2511
0.192333
0.212775
0.184106
0.204636
0.199903
0.223475
0.214075
0.242181
0.20677
0.226919
0.182582
0.202955
0.214921
0.244605
101.1 ±  0.0 ms - Piece loop time
 56.1 ± 39.2 ms - Set time
 75.1 ±  2.1 ms - Child looking time
0.205483
0.229056
0.451311
2485.7 ±  0.0 ms - Total time
2025.7 ±  0.0 ms - Build f time
112.6 ±  1.5 ms - Apply f time
1600.7 ±  9.7 ms - Real f time 
495.8 ± 16.1 ms - Add time
 16.0 ±  0.8 ms - Find child
 22.3 ±  0.6 ms - Add child
373.2 ±  2.2 ms - Hash
249.2 ± 41.8 ms - Map
132.7 ±  1.5 ms - getState
0.226381
0.252344
0.551118
3036.8 ±  0.0 ms - Total time
2252.1 ±  0.0 ms - Build f time
165.0 ±  1.7 ms - Apply f time
1814.6 ± 10.2 ms - Real f time 
631.2 ± 16.2 ms - Add time
 29.8 ±  0.9 ms - Find child
 41.5 ±  0.8 ms - Add child
476.1 ±  2.5 ms - Hash
318.0 ± 41.7 ms - Map
213.6 ±  1.8 ms - getState
0.199755
0.220306
0.398776
3435.7 ±  0.0 ms - Total time
2451.9 ±  0.0 ms - Build f time
205.2 ±  2.5 ms - Apply f time
1995.1 ± 10.8 ms - Real f time 
720.2 ± 16.2 ms - Add time
 39.5 ±  1.0 ms - Find child
 56.8 ±  0.9 ms - Add child
550.0 ±  2.7 ms - Hash
363.1 ± 41.8 ms - Map
270.5 ±  7.3 ms - getState
0.189566
0.210672
0.390474
3826.2 ±  0.0 ms - Total time
2641.4 ±  0.0 ms - Build f time
242.6 ±  2.6 ms - Apply f time
2165.6 ± 11.1 ms - Real f time 
813.8 ± 16.3 ms - Add time
 49.7 ±  1.1 ms - Find child
 71.3 ±  1.1 ms - Add child
631.2 ±  7.7 ms - Hash
406.6 ± 41.8 ms - Map
320.8 ±  7.5 ms - getState
0.203653
0.226687
0.441517
4267.7 ±  0.0 ms - Total time
2845.1 ±  0.0 ms - Build f time
284.7 ±  2.8 ms - Apply f time
2356.5 ± 11.9 ms - Real f time 
920.2 ± 16.5 ms - Add time
 60.0 ±  1.1 ms - Find child
 85.9 ±  1.2 ms - Add child
713.2 ±  7.7 ms - Hash
453.0 ± 41.8 ms - Map
377.0 ±  7.5 ms - getState
0.229464
0.255441
0.519014
4786.8 ±  0.0 ms - Total time
3074.5 ±  0.0 ms - Build f time
334.3 ±  2.9 ms - Apply f time
2568.3 ± 12.3 ms - Real f time 
1049.5 ± 16.5 ms - Add time
 73.0 ±  1.2 ms - Find child
104.7 ±  1.3 ms - Add child
813.9 ±  7.8 ms - Hash
509.0 ± 41.8 ms - Map
444.2 ±  7.6 ms - getState
0.194828
0.214865
0.386569
5173.4 ±  0.0 ms - Total time
3269.4 ±  0.0 ms - Build f time
370.4 ±  2.9 ms - Apply f time
2748.4 ± 12.7 ms - Real f time 
1140.1 ± 16.6 ms - Add time
 83.0 ±  1.2 ms - Find child
119.7 ±  1.4 ms - Add child
884.9 ±  7.8 ms - Hash
552.5 ± 41.9 ms - Map
493.0 ±  7.6 ms - getState
0.187846
0.207287
0.389089
5562.5 ±  0.0 ms - Total time
3457.2 ±  0.0 ms - Build f time
408.4 ±  3.0 ms - Apply f time
2915.9 ± 13.0 ms - Real f time 
1231.7 ± 16.7 ms - Add time
 93.3 ±  1.4 ms - Find child
134.5 ±  1.5 ms - Add child
958.4 ±  7.9 ms - Hash
595.3 ± 41.9 ms - Map
542.0 ±  7.6 ms - getState
0.228513
0.255854
0.509561
6072.1 ±  0.0 ms - Total time
3685.7 ±  0.0 ms - Build f time
456.4 ±  3.1 ms - Apply f time
3123.7 ± 13.3 ms - Real f time 
1357.9 ± 16.7 ms - Add time
106.2 ±  1.4 ms - Find child
152.2 ±  1.6 ms - Add child
1055.6 ±  7.9 ms - Hash
656.5 ± 41.9 ms - Map
612.3 ±  7.8 ms - getState
Dag sizes: 341112 406710 263096 271006 305031 373648 257236 276237 370083 
brutePieces time: 4.04195
536.0 ±  0.0 ms - Piece loop time
126.0 ± 16.5 ms - Set time
391.9 ±  3.5 ms - Child looking time
Nodes:  2864159
Pieces: 293661
makePieces time: 0.538696
Memory: 41.1 + 114.7 + 91.7 + 83.6 + 32.1 MB
 14.0 ±  0.7 ms - Greedy fill time
composePieces time: 4.30335
                                                                                