Running only task # 411
Using max depth 23
 |                                        | 0 / 416 (0.0%)Function count: 142
0.121979
0.133429
0.119364
0.13058
0.143319
0.156263
0.122976
0.134344
0.131467
0.142821
0.140612
0.153641
0.148201
0.162377
 45.8 ±  0.0 ms - Piece loop time
 73.3 ± 52.0 ms - Set time
 33.7 ±  1.3 ms - Child looking time
0.128555
0.139957
0.253283
1267.0 ±  0.0 ms - Total time
1056.5 ±  0.0 ms - Build f time
 48.5 ±  0.8 ms - Apply f time
821.7 ±  5.7 ms - Real f time 
234.2 ±  7.3 ms - Add time
  6.7 ±  0.3 ms - Find child
 11.2 ±  1.2 ms - Add child
208.5 ±  1.5 ms - Hash
190.9 ± 59.4 ms - Map
 59.4 ±  0.7 ms - getState
0.124748
0.136347
0.248229
1515.3 ±  0.0 ms - Total time
1181.2 ±  0.0 ms - Build f time
 67.8 ±  1.0 ms - Apply f time
929.8 ±  6.4 ms - Real f time 
290.9 ±  7.5 ms - Add time
 11.2 ±  0.4 ms - Find child
 17.8 ±  1.2 ms - Add child
256.4 ±  1.6 ms - Hash
223.1 ± 59.4 ms - Map
 88.5 ±  1.1 ms - getState
0.147942
0.161406
0.317839
1833.2 ±  0.0 ms - Total time
1329.2 ±  0.0 ms - Build f time
 93.3 ±  1.1 ms - Apply f time
1058.9 ±  6.7 ms - Real f time 
408.1 ± 31.1 ms - Add time
 17.0 ±  0.5 ms - Find child
 25.4 ±  1.2 ms - Add child
319.5 ±  1.7 ms - Hash
265.9 ± 59.6 ms - Map
130.7 ±  1.2 ms - getState
0.127881
0.139281
0.252914
2086.2 ±  0.0 ms - Total time
1457.0 ±  0.0 ms - Build f time
112.2 ±  1.2 ms - Apply f time
1169.5 ±  6.9 ms - Real f time 
478.5 ± 34.1 ms - Add time
 21.4 ±  0.5 ms - Find child
 31.9 ±  1.3 ms - Add child
378.4 ±  9.4 ms - Hash
296.4 ± 59.6 ms - Map
161.6 ±  1.5 ms - getState
0.127323
0.139117
0.251349
2337.6 ±  0.0 ms - Total time
1584.4 ±  0.0 ms - Build f time
132.5 ±  1.4 ms - Apply f time
1278.8 ±  7.2 ms - Real f time 
539.8 ± 34.2 ms - Add time
 26.0 ±  0.6 ms - Find child
 38.8 ±  1.3 ms - Add child
427.6 ±  9.4 ms - Hash
329.7 ± 59.6 ms - Map
190.9 ±  1.5 ms - getState
0.14787
0.161044
0.319173
2656.8 ±  0.0 ms - Total time
1732.2 ±  0.0 ms - Build f time
157.8 ±  1.5 ms - Apply f time
1406.2 ±  7.5 ms - Real f time 
615.4 ± 34.2 ms - Add time
 32.2 ±  0.6 ms - Find child
 46.6 ±  1.3 ms - Add child
490.1 ±  9.4 ms - Hash
367.8 ± 59.5 ms - Map
234.5 ±  1.8 ms - getState
0.154651
0.168282
0.325702
2982.5 ±  0.0 ms - Total time
1886.9 ±  0.0 ms - Build f time
181.3 ±  1.6 ms - Apply f time
1534.7 ±  7.7 ms - Real f time 
709.3 ± 37.0 ms - Add time
 37.4 ±  0.7 ms - Find child
 54.1 ±  1.4 ms - Add child
556.2 ±  9.5 ms - Hash
404.0 ± 59.5 ms - Map
276.9 ±  3.3 ms - getState
Dag sizes: 154921 152829 174347 155101 153412 174345 180372 
brutePieces time: 1.97426
164.8 ±  0.0 ms - Piece loop time
 91.3 ± 49.2 ms - Set time
105.7 ±  1.9 ms - Child looking time
Nodes:  1145327
Pieces: 152476
makePieces time: 0.16652
Memory: 19.4 + 41.7 + 36.7 + 47.7 + 10.2 MB
 32.8 ±  1.8 ms - Greedy fill time
composePieces time: 3.33413
                                                                                