Running only task # 328
Using max depth 4
 |                                        | 0 / 416 (0.0%)Function count: 142
0.0141392
0.0149946
0.0155919
0.0165342
0.010025
0.0109458
0.0188831
0.0201185
 18.1 ±  0.0 ms - Piece loop time
 41.1 ± 38.5 ms - Set time
 15.3 ±  0.6 ms - Child looking time
0.51315
0.541194
0.632346
695.0 ±  0.0 ms - Total time
571.8 ±  0.0 ms - Build f time
 34.2 ±  0.6 ms - Apply f time
534.5 ±  3.1 ms - Real f time 
180.1 ± 84.0 ms - Add time
  9.8 ±  0.4 ms - Find child
 13.6 ±  0.6 ms - Add child
125.0 ± 10.3 ms - Hash
138.6 ± 40.3 ms - Map
 33.1 ±  0.6 ms - getState
0.573573
0.612333
0.732961
1428.0 ±  0.0 ms - Total time
1145.4 ±  0.0 ms - Build f time
 75.1 ±  0.9 ms - Apply f time
1065.7 ±  4.3 ms - Real f time 
287.6 ± 83.8 ms - Add time
 22.2 ±  0.7 ms - Find child
 29.1 ±  0.7 ms - Add child
243.7 ± 10.4 ms - Hash
243.6 ± 40.2 ms - Map
 72.8 ±  2.5 ms - getState
0.369183
0.388863
0.455806
1883.9 ±  0.0 ms - Total time
1514.5 ±  0.0 ms - Build f time
 99.4 ±  1.0 ms - Apply f time
1406.3 ±  7.1 ms - Real f time 
357.1 ± 83.9 ms - Add time
 29.9 ±  0.8 ms - Find child
 37.6 ±  0.8 ms - Add child
319.4 ± 10.5 ms - Hash
304.8 ± 40.2 ms - Map
 95.2 ±  2.5 ms - getState
0.653755
0.696509
0.826035
2710.0 ±  0.0 ms - Total time
2168.3 ±  0.0 ms - Build f time
143.9 ±  1.3 ms - Apply f time
2030.0 ± 13.4 ms - Real f time 
476.4 ± 84.0 ms - Add time
 44.8 ±  0.9 ms - Find child
 53.8 ±  0.9 ms - Add child
454.2 ± 10.5 ms - Hash
424.8 ± 40.3 ms - Map
139.8 ±  2.7 ms - getState
Dag sizes: 282646 363478 211371 396047 
brutePieces time: 2.65063
862.3 ±  0.0 ms - Piece loop time
207.8 ± 38.3 ms - Set time
624.4 ±  5.1 ms - Child looking time
Nodes:  1253542
Pieces: 474611
makePieces time: 0.864376
Memory: 7.8 + 95.9 + 40.1 + 36.8 + 24.2 MB
  0.5 ±  0.0 ms - Greedy fill time
composePieces time: 0.674817
                                                                                