Running only task # 355
Using max depth 33
 |                                        | 0 / 416 (0.0%)Function count: 142
1.29569
1.50968
0.529562
0.610677
0.731325
0.845314
1.30496
1.52872
0.514164
0.597165
0.713499
0.827652
0.671517
0.777816
 80.5 ±  0.0 ms - Piece loop time
 31.3 ± 16.4 ms - Set time
 61.9 ±  2.7 ms - Child looking time
1.31658
1.53107
2.21125
8908.7 ±  0.0 ms - Total time
7077.3 ±  0.0 ms - Build f time
533.6 ±  9.1 ms - Apply f time
6400.1 ± 65.8 ms - Real f time 
1650.1 ± 32.7 ms - Add time
 24.1 ±  2.0 ms - Find child
 34.4 ±  0.7 ms - Add child
809.0 ±  3.8 ms - Hash
318.4 ± 57.5 ms - Map
619.2 ±  6.6 ms - getState
0.516393
0.600377
0.905362
9814.1 ±  0.0 ms - Total time
7593.7 ±  0.0 ms - Build f time
607.1 ±  9.5 ms - Apply f time
6891.0 ± 66.5 ms - Real f time 
1839.7 ± 32.8 ms - Add time
 37.0 ±  2.0 ms - Find child
 53.5 ±  0.9 ms - Add child
930.3 ±  4.1 ms - Hash
390.1 ± 57.4 ms - Map
734.3 ±  7.1 ms - getState
0.756133
0.87557
1.40254
11216.7 ±  0.0 ms - Total time
8349.8 ±  0.0 ms - Build f time
714.1 ±  9.8 ms - Apply f time
7604.3 ± 68.1 ms - Real f time 
2145.6 ± 33.2 ms - Add time
 51.5 ±  2.1 ms - Find child
 76.9 ±  1.1 ms - Add child
1126.4 ±  4.5 ms - Hash
486.7 ± 57.4 ms - Map
917.6 ±  7.6 ms - getState
1.33884
1.56281
2.20702
13423.8 ±  0.0 ms - Total time
9688.7 ±  0.0 ms - Build f time
866.3 ± 10.9 ms - Apply f time
8853.9 ± 74.6 ms - Real f time 
2662.0 ± 44.4 ms - Add time
 66.8 ±  2.1 ms - Find child
 99.5 ±  1.2 ms - Add child
1397.2 ±  5.1 ms - Hash
580.0 ± 57.4 ms - Map
1194.5 ±  9.4 ms - getState
0.511851
0.594676
0.900982
14324.8 ±  0.0 ms - Total time
10200.5 ±  0.0 ms - Build f time
936.1 ± 11.0 ms - Apply f time
9338.8 ± 75.3 ms - Real f time 
3113.6 ± 218.4 ms - Add time
 80.5 ±  2.2 ms - Find child
117.7 ±  1.3 ms - Add child
1519.4 ±  5.4 ms - Hash
654.2 ± 57.5 ms - Map
1309.9 ±  9.7 ms - getState
0.748599
0.863568
1.39348
15718.3 ±  0.0 ms - Total time
10949.1 ±  0.0 ms - Build f time
1037.6 ± 11.2 ms - Apply f time
10016.6 ± 76.2 ms - Real f time 
3418.6 ± 218.4 ms - Add time
 97.6 ±  2.5 ms - Find child
142.6 ±  1.5 ms - Add child
1718.3 ±  5.8 ms - Hash
752.7 ± 57.5 ms - Map
1492.9 ± 10.0 ms - getState
0.691835
0.797553
1.30002
17018.4 ±  0.0 ms - Total time
11640.9 ±  0.0 ms - Build f time
1137.2 ± 11.4 ms - Apply f time
10666.5 ± 77.0 ms - Real f time 
3711.6 ± 218.4 ms - Add time
113.9 ±  2.6 ms - Find child
164.6 ±  1.6 ms - Add child
1889.7 ±  5.9 ms - Hash
855.2 ± 57.5 ms - Map
1666.5 ± 10.3 ms - getState
Dag sizes: 444460 329876 483606 438356 323726 479757 474014 
brutePieces time: 10.3259
462.3 ±  0.0 ms - Piece loop time
180.4 ± 46.6 ms - Set time
318.5 ± 17.3 ms - Child looking time
Nodes:  2973795
Pieces: 309701
makePieces time: 0.465464
Memory: 110.3 + 108.8 + 95.2 + 76.9 + 25.8 MB
  3.1 ±  0.0 ms - Greedy fill time
composePieces time: 2.36538
                                                                                