Running only task # 283
Using max depth 23
 |                                        | 0 / 416 (0.0%)Function count: 142
0.199873
0.219396
0.299738
0.328707
0.268944
0.291941
0.298808
0.328309
0.196506
0.21531
0.317492
0.346549
0.277949
0.301967
0.285305
0.315572
0.539226
0.594148
134.7 ±  0.0 ms - Piece loop time
 38.0 ± 16.4 ms - Set time
105.3 ±  2.5 ms - Child looking time
0.200277
0.218848
0.547365
3492.9 ±  0.0 ms - Total time
2884.1 ±  0.0 ms - Build f time
129.1 ±  2.4 ms - Apply f time
2091.2 ± 16.5 ms - Real f time 
703.4 ± 11.9 ms - Add time
 14.8 ±  0.9 ms - Find child
 20.3 ±  1.2 ms - Add child
584.4 ±  3.3 ms - Hash
266.0 ± 43.2 ms - Map
171.5 ±  2.2 ms - getState
0.30613
0.33462
0.855833
4348.8 ±  0.0 ms - Total time
3190.2 ±  0.0 ms - Build f time
192.1 ±  3.1 ms - Apply f time
2364.5 ± 17.9 ms - Real f time 
949.0 ± 12.3 ms - Add time
 26.5 ±  1.0 ms - Find child
 37.8 ±  1.3 ms - Add child
769.6 ±  4.4 ms - Hash
341.7 ± 43.1 ms - Map
305.0 ±  2.6 ms - getState
0.275862
0.298507
0.767828
5116.7 ±  0.0 ms - Total time
3466.1 ±  0.0 ms - Build f time
245.4 ±  3.2 ms - Apply f time
2606.4 ± 18.6 ms - Real f time 
1159.1 ± 12.5 ms - Add time
 37.1 ±  1.0 ms - Find child
 51.9 ±  1.3 ms - Add child
942.2 ±  4.5 ms - Hash
409.6 ± 43.1 ms - Map
417.4 ±  2.8 ms - getState
0.29516
0.324245
0.815769
5932.5 ±  0.0 ms - Total time
3761.3 ±  0.0 ms - Build f time
305.5 ±  3.4 ms - Apply f time
2861.8 ± 19.1 ms - Real f time 
1387.3 ± 13.0 ms - Add time
 48.5 ±  1.1 ms - Find child
 67.9 ±  1.4 ms - Add child
1115.0 ±  5.7 ms - Hash
484.6 ± 43.1 ms - Map
541.4 ±  3.0 ms - getState
0.202674
0.222513
0.555109
6487.7 ±  0.0 ms - Total time
3963.9 ±  0.0 ms - Build f time
347.3 ±  3.5 ms - Apply f time
3040.2 ± 19.4 ms - Real f time 
1539.0 ± 13.2 ms - Add time
 58.3 ±  1.1 ms - Find child
 80.8 ±  1.5 ms - Add child
1230.8 ±  5.7 ms - Hash
548.2 ± 43.1 ms - Map
623.4 ±  3.2 ms - getState
0.309203
0.338054
0.872143
7359.9 ±  0.0 ms - Total time
4273.1 ±  0.0 ms - Build f time
410.0 ±  3.7 ms - Apply f time
3313.0 ± 20.5 ms - Real f time 
1830.2 ± 43.6 ms - Add time
 70.1 ±  1.2 ms - Find child
 97.5 ±  1.5 ms - Add child
1414.7 ±  5.9 ms - Hash
627.6 ± 43.2 ms - Map
756.9 ±  3.5 ms - getState
0.27874
0.301686
0.776415
8136.3 ±  0.0 ms - Total time
4551.9 ±  0.0 ms - Build f time
463.3 ±  3.8 ms - Apply f time
3554.7 ± 20.9 ms - Real f time 
2050.9 ± 43.7 ms - Add time
 80.7 ±  1.3 ms - Find child
112.0 ±  1.6 ms - Add child
1597.0 ±  8.8 ms - Hash
697.3 ± 43.2 ms - Map
869.8 ±  3.6 ms - getState
0.293875
0.324495
0.815542
8951.9 ±  0.0 ms - Total time
4845.8 ±  0.0 ms - Build f time
523.9 ±  3.9 ms - Apply f time
3807.2 ± 21.4 ms - Real f time 
2281.2 ± 43.8 ms - Add time
 91.6 ±  1.3 ms - Find child
127.3 ±  1.6 ms - Add child
1772.2 ±  9.4 ms - Hash
774.0 ± 43.2 ms - Map
994.0 ±  3.9 ms - getState
0.577533
0.631305
1.65884
10610.8 ±  0.0 ms - Total time
5423.3 ±  0.0 ms - Build f time
621.5 ±  4.2 ms - Apply f time
4260.2 ± 23.1 ms - Real f time 
2780.2 ± 44.2 ms - Add time
106.7 ±  1.4 ms - Find child
150.4 ±  3.0 ms - Add child
2157.6 ±  9.9 ms - Hash
877.3 ± 43.2 ms - Map
1256.0 ±  5.8 ms - getState
Dag sizes: 326626 390847 348499 383463 328104 391695 348074 384090 479442 
brutePieces time: 7.66939
559.0 ±  0.0 ms - Piece loop time
192.9 ± 52.7 ms - Set time
386.3 ±  3.9 ms - Child looking time
Nodes:  3380840
Pieces: 438503
makePieces time: 0.563326
