Running only task # 260
Using max depth 4
 |                                        | 0 / 416 (0.0%)Function count: 142
0.00708406
0.00764512
0.00886649
0.00942851
0.0187142
0.0202249
0.0110482
0.0118098
0.0206512
0.0237237
0.0389678
0.0411727
 27.2 ±  0.0 ms - Piece loop time
 48.9 ± 44.5 ms - Set time
 22.4 ±  0.8 ms - Child looking time
0.0807074
0.0850247
0.0965867
210.8 ±  0.0 ms - Total time
186.0 ±  0.0 ms - Build f time
  8.7 ±  0.3 ms - Apply f time
173.5 ±  2.6 ms - Real f time 
 37.5 ±  2.6 ms - Add time
  2.8 ±  0.2 ms - Find child
  3.1 ±  0.2 ms - Add child
 31.5 ±  0.6 ms - Hash
103.9 ± 53.8 ms - Map
  7.2 ±  0.3 ms - getState
0.109579
0.117057
0.134636
345.5 ±  0.0 ms - Total time
295.6 ±  0.0 ms - Build f time
 16.5 ±  0.4 ms - Apply f time
280.7 ±  2.9 ms - Real f time 
 59.2 ±  2.7 ms - Add time
  5.9 ±  0.3 ms - Find child
  7.2 ±  0.7 ms - Add child
 52.5 ±  0.8 ms - Hash
123.8 ± 53.7 ms - Map
 14.7 ±  0.4 ms - getState
0.31186
0.337041
0.390852
736.4 ±  0.0 ms - Total time
607.5 ±  0.0 ms - Build f time
 40.6 ±  0.7 ms - Apply f time
580.3 ±  3.4 ms - Real f time 
119.7 ±  2.9 ms - Add time
 14.4 ±  0.4 ms - Find child
 17.1 ±  0.8 ms - Add child
109.8 ±  1.3 ms - Hash
191.0 ± 54.4 ms - Map
 37.6 ±  0.6 ms - getState
0.158887
0.169972
0.196872
933.3 ±  0.0 ms - Total time
766.4 ±  0.0 ms - Build f time
 53.0 ±  0.8 ms - Apply f time
735.8 ±  3.7 ms - Real f time 
152.9 ±  3.0 ms - Add time
 18.5 ±  0.5 ms - Find child
 21.7 ±  0.8 ms - Add child
140.1 ±  1.5 ms - Hash
221.5 ± 54.4 ms - Map
 47.7 ±  0.6 ms - getState
0.385332
0.41346
0.487485
1420.8 ±  0.0 ms - Total time
1151.7 ±  0.0 ms - Build f time
 85.0 ±  1.0 ms - Apply f time
1096.8 ±  4.7 ms - Real f time 
232.7 ±  3.3 ms - Add time
 29.8 ±  0.6 ms - Find child
 35.6 ±  1.0 ms - Add child
214.5 ±  1.7 ms - Hash
292.7 ± 54.4 ms - Map
 77.2 ±  0.8 ms - getState
0.509398
0.54881
0.650713
2071.5 ±  0.0 ms - Total time
1661.1 ±  0.0 ms - Build f time
128.9 ±  1.9 ms - Apply f time
1582.0 ±  8.0 ms - Real f time 
407.3 ± 71.7 ms - Add time
 43.4 ±  0.7 ms - Find child
 51.7 ±  1.1 ms - Add child
307.8 ±  2.0 ms - Hash
378.3 ± 54.4 ms - Map
117.1 ±  1.0 ms - getState
Dag sizes: 41885 59480 176053 94990 236727 290370 
brutePieces time: 1.96191
1214.5 ±  0.0 ms - Piece loop time
214.8 ± 43.1 ms - Set time
995.9 ±  5.4 ms - Child looking time
Nodes:  899505
Pieces: 15321
makePieces time: 1.2156
Memory: 5.4 + 81.6 + 28.8 + 39.6 + 27.2 MB
  0.6 ±  0.0 ms - Greedy fill time
composePieces time: 0.081197
                                                                                