Running only task # 205
Using max depth 3
 |                                        | 0 / 416 (0.0%)Function count: 142
0.024506
0.0268148
0.0195865
0.0211136
0.0208874
0.0223928
 16.1 ±  0.0 ms - Piece loop time
 38.8 ± 35.7 ms - Set time
 12.4 ±  0.6 ms - Child looking time
0.0513333
0.0549158
0.0888296
159.2 ±  0.0 ms - Total time
116.3 ±  0.0 ms - Build f time
 10.2 ±  0.3 ms - Apply f time
110.8 ±  1.4 ms - Real f time 
 36.3 ±  3.4 ms - Add time
  2.4 ±  0.2 ms - Find child
  3.6 ±  0.2 ms - Add child
 27.1 ±  0.6 ms - Hash
 65.1 ± 43.9 ms - Map
 12.3 ±  0.3 ms - getState
0.0422937
0.0455847
0.0753905
234.7 ±  0.0 ms - Total time
158.6 ±  0.0 ms - Build f time
 16.8 ±  0.4 ms - Apply f time
151.8 ±  2.5 ms - Real f time 
 53.7 ±  3.4 ms - Add time
  4.5 ±  0.3 ms - Find child
  6.1 ±  0.3 ms - Add child
 40.9 ±  0.7 ms - Hash
 75.2 ± 43.7 ms - Map
 23.0 ±  2.3 ms - getState
0.0440751
0.0467249
0.0773452
312.0 ±  0.0 ms - Total time
202.7 ±  0.0 ms - Build f time
 23.3 ±  0.5 ms - Apply f time
193.1 ±  2.7 ms - Real f time 
 70.5 ±  3.5 ms - Add time
  6.5 ±  0.3 ms - Find child
  8.6 ±  0.3 ms - Add child
 55.9 ±  0.8 ms - Hash
 85.3 ± 43.7 ms - Map
 31.7 ±  2.3 ms - getState
Dag sizes: 65022 57023 58649 
brutePieces time: 0.243895
 45.5 ±  0.0 ms - Piece loop time
 48.7 ± 36.8 ms - Set time
 32.4 ±  0.8 ms - Child looking time
Nodes:  180694
Pieces: 75943
makePieces time: 0.046473
Memory: 1.9 + 8.3 + 5.8 + 15.5 + 2.5 MB
  1.1 ±  0.0 ms - Greedy fill time
composePieces time: 0.0825779
                                                                                