Running only task # 374
Using max depth 3
 |                                        | 0 / 416 (0.0%)Function count: 142
0.0672308
0.0726456
0.10498
0.112658
0.0314791
0.0334119
0.102924
0.111644
 29.6 ±  0.0 ms - Piece loop time
 43.7 ± 38.1 ms - Set time
 22.7 ±  0.8 ms - Child looking time
0.0676585
0.0723679
0.121558
452.0 ±  0.0 ms - Total time
374.3 ±  0.0 ms - Build f time
 18.6 ±  0.5 ms - Apply f time
307.1 ±  3.4 ms - Real f time 
 99.9 ±  5.9 ms - Add time
  3.6 ±  0.2 ms - Find child
  4.9 ±  0.2 ms - Add child
 71.4 ±  0.9 ms - Hash
 81.0 ± 36.8 ms - Map
 22.5 ±  0.5 ms - getState
0.107648
0.115452
0.215746
667.8 ±  0.0 ms - Total time
481.9 ±  0.0 ms - Build f time
 35.9 ±  0.7 ms - Apply f time
398.7 ±  3.7 ms - Real f time 
195.2 ± 44.4 ms - Add time
  7.9 ±  0.3 ms - Find child
 11.0 ±  0.4 ms - Add child
115.3 ±  1.1 ms - Hash
107.2 ± 37.0 ms - Map
 49.2 ±  0.7 ms - getState
0.0320718
0.0340494
0.0522549
720.1 ±  0.0 ms - Total time
514.0 ±  0.0 ms - Build f time
 40.2 ±  0.7 ms - Apply f time
429.8 ±  3.8 ms - Real f time 
207.1 ± 44.4 ms - Add time
  9.0 ±  0.3 ms - Find child
 12.6 ±  0.4 ms - Add child
127.1 ±  1.7 ms - Hash
114.4 ± 37.1 ms - Map
 54.1 ±  0.7 ms - getState
0.105696
0.114644
0.208596
928.7 ±  0.0 ms - Total time
619.7 ±  0.0 ms - Build f time
 59.5 ±  0.9 ms - Apply f time
526.7 ±  4.2 ms - Real f time 
261.2 ± 44.4 ms - Add time
 14.1 ±  0.4 ms - Find child
 19.7 ±  0.5 ms - Add child
163.6 ±  1.8 ms - Hash
141.2 ± 37.1 ms - Map
 81.9 ±  0.9 ms - getState
Dag sizes: 91355 138573 37211 165160 
brutePieces time: 0.600958
 91.4 ±  0.0 ms - Piece loop time
 59.7 ± 36.3 ms - Set time
 68.9 ±  1.3 ms - Child looking time
Nodes:  432299
Pieces: 114623
makePieces time: 0.0924299
Memory: 5.3 + 16.6 + 13.8 + 23.7 + 4.7 MB
  2.4 ±  0.0 ms - Greedy fill time
composePieces time: 0.344168
                                                                                