Running only task # 225
Using max depth 23
 |                                        | 0 / 416 (0.0%)Function count: 142
0.077133
0.0839749
0.0977335
0.105459
0.078064
0.0848366
0.0789548
0.0856154
0.0984555
0.106313
0.0799056
0.0862652
0.116556
0.127363
 56.6 ±  0.0 ms - Piece loop time
 46.4 ± 36.4 ms - Set time
 44.3 ±  1.5 ms - Child looking time
0.0792325
0.0856315
0.173033
853.2 ±  0.0 ms - Total time
706.0 ±  0.0 ms - Build f time
 37.1 ±  0.7 ms - Apply f time
558.0 ±  3.6 ms - Real f time 
167.1 ±  4.5 ms - Add time
  7.8 ±  0.3 ms - Find child
  9.8 ±  0.3 ms - Add child
127.3 ±  1.2 ms - Hash
143.5 ± 38.8 ms - Map
 39.7 ±  0.9 ms - getState
0.097179
0.1049
0.227816
1081.0 ±  0.0 ms - Total time
803.2 ±  0.0 ms - Build f time
 58.7 ±  0.8 ms - Apply f time
646.4 ±  3.9 ms - Real f time 
236.1 ± 15.1 ms - Add time
 14.1 ±  0.4 ms - Find child
 17.4 ±  0.5 ms - Add child
171.5 ±  1.4 ms - Hash
180.3 ± 38.9 ms - Map
 67.6 ±  1.1 ms - getState
0.0803949
0.0872486
0.181522
1262.6 ±  0.0 ms - Total time
883.6 ±  0.0 ms - Build f time
 77.9 ±  1.1 ms - Apply f time
724.5 ±  4.1 ms - Real f time 
278.3 ± 15.1 ms - Add time
 20.6 ±  0.5 ms - Find child
 26.0 ±  0.6 ms - Add child
202.0 ±  1.5 ms - Hash
214.8 ± 38.8 ms - Map
 88.0 ±  1.2 ms - getState
0.085927
0.0929152
0.185462
1448.1 ±  0.0 ms - Total time
969.5 ±  0.0 ms - Build f time
 97.5 ±  1.2 ms - Apply f time
803.6 ±  4.4 ms - Real f time 
328.0 ± 16.8 ms - Add time
 26.7 ±  0.6 ms - Find child
 34.3 ±  0.7 ms - Add child
234.9 ±  3.4 ms - Hash
249.9 ± 38.8 ms - Map
108.6 ±  1.3 ms - getState
0.107224
0.115216
0.23623
1684.4 ±  0.0 ms - Total time
1076.8 ±  0.0 ms - Build f time
118.6 ±  1.3 ms - Apply f time
899.7 ±  4.9 ms - Real f time 
384.5 ± 16.8 ms - Add time
 32.7 ±  0.6 ms - Find child
 42.2 ±  0.7 ms - Add child
278.4 ±  3.5 ms - Hash
292.5 ± 39.4 ms - Map
137.1 ±  1.4 ms - getState
0.0791658
0.0853245
0.172587
1857.0 ±  0.0 ms - Total time
1155.9 ±  0.0 ms - Build f time
137.5 ±  1.4 ms - Apply f time
977.1 ±  5.2 ms - Real f time 
433.6 ± 17.9 ms - Add time
 38.9 ±  0.7 ms - Find child
 50.4 ±  0.8 ms - Add child
308.0 ±  3.5 ms - Hash
320.9 ± 39.3 ms - Map
158.0 ±  1.4 ms - getState
0.118968
0.129676
0.270427
2127.4 ±  0.0 ms - Total time
1274.9 ±  0.0 ms - Build f time
163.9 ±  1.5 ms - Apply f time
1086.2 ±  5.4 ms - Real f time 
506.7 ± 18.1 ms - Add time
 45.5 ±  0.8 ms - Find child
 61.2 ±  0.9 ms - Add child
359.3 ±  3.6 ms - Hash
353.1 ± 39.3 ms - Map
193.8 ±  1.6 ms - getState
Dag sizes: 168266 171678 169992 168644 172502 168151 216155 
brutePieces time: 1.45353
215.8 ±  0.0 ms - Piece loop time
 86.4 ± 37.8 ms - Set time
154.6 ±  2.1 ms - Child looking time
Nodes:  1235388
Pieces: 214609
makePieces time: 0.217812
Memory: 12.8 + 49.4 + 39.5 + 49.1 + 14.0 MB
 14.9 ±  1.0 ms - Greedy fill time
composePieces time: 3.09164
                                                                                