Running only task # 241
Using max depth 33
 |                                        | 0 / 416 (0.0%)Function count: 142
0.00961985
0.0102804
0.00815495
0.00843816
0.00692158
0.00720093
0.0076974
0.00807454
0.00760839
0.00798307
0.00924838
0.00976217
0.00536339
0.0055587
0.00982273
0.0104969
0.00739071
0.00767306
0.00713985
0.00748924
0.00784316
0.00822346
0.00774658
0.00814701
0.0100577
0.0106487
0.0056044
0.00581173
0.00559828
0.005815
 40.1 ±  0.0 ms - Piece loop time
 40.4 ± 38.3 ms - Set time
 37.5 ±  1.5 ms - Child looking time
0.00945154
0.00995171
0.0103181
132.1 ±  0.0 ms - Total time
125.3 ±  0.0 ms - Build f time
  2.7 ±  0.2 ms - Apply f time
125.1 ±  1.5 ms - Real f time 
 21.9 ±  1.1 ms - Add time
  0.5 ±  0.1 ms - Find child
  0.9 ±  0.1 ms - Add child
 22.5 ±  0.5 ms - Hash
 55.3 ± 37.5 ms - Map
  2.6 ±  0.2 ms - getState
0.0070291
0.00731344
0.00754681
139.6 ±  0.0 ms - Total time
132.3 ±  0.0 ms - Build f time
  2.8 ±  0.2 ms - Apply f time
132.6 ±  1.6 ms - Real f time 
 22.8 ±  1.1 ms - Add time
  0.5 ±  0.1 ms - Find child
  1.0 ±  0.1 ms - Add child
 23.7 ±  0.5 ms - Hash
 56.2 ± 37.5 ms - Map
  2.8 ±  0.2 ms - getState
0.00716464
0.00745991
0.00772511
147.4 ±  0.0 ms - Total time
139.5 ±  0.0 ms - Build f time
  3.0 ±  0.2 ms - Apply f time
139.8 ±  1.6 ms - Real f time 
 23.9 ±  1.1 ms - Add time
  0.6 ±  0.1 ms - Find child
  1.0 ±  0.1 ms - Add child
 24.9 ±  0.6 ms - Hash
 57.3 ± 37.5 ms - Map
  3.0 ±  0.2 ms - getState
0.00764229
0.00799595
0.00831442
155.7 ±  0.0 ms - Total time
147.1 ±  0.0 ms - Build f time
  3.2 ±  0.2 ms - Apply f time
147.5 ±  1.6 ms - Real f time 
 25.3 ±  1.1 ms - Add time
  0.6 ±  0.1 ms - Find child
  1.2 ±  0.1 ms - Add child
 26.4 ±  0.6 ms - Hash
 96.4 ± 53.3 ms - Map
  3.4 ±  0.2 ms - getState
0.00779707
0.00820106
0.00857251
164.3 ±  0.0 ms - Total time
154.9 ±  0.0 ms - Build f time
  3.4 ±  0.2 ms - Apply f time
155.3 ±  1.6 ms - Real f time 
 26.5 ±  1.1 ms - Add time
  0.7 ±  0.1 ms - Find child
  1.3 ±  0.1 ms - Add child
 28.1 ±  0.6 ms - Hash
 97.6 ± 53.3 ms - Map
  3.6 ±  0.2 ms - getState
0.00931736
0.00979656
0.0101701
174.5 ±  0.0 ms - Total time
164.2 ±  0.0 ms - Build f time
  3.7 ±  0.2 ms - Apply f time
165.7 ±  1.7 ms - Real f time 
 28.1 ±  1.1 ms - Add time
  0.9 ±  0.1 ms - Find child
  1.5 ±  0.1 ms - Add child
 30.0 ±  0.6 ms - Hash
 98.8 ± 53.2 ms - Map
  4.0 ±  0.2 ms - getState
0.00550678
0.00572899
0.00594428
180.4 ±  0.0 ms - Total time
169.7 ±  0.0 ms - Build f time
  3.9 ±  0.2 ms - Apply f time
171.0 ±  1.7 ms - Real f time 
 29.0 ±  1.2 ms - Add time
  0.9 ±  0.1 ms - Find child
  1.5 ±  0.2 ms - Add child
 31.3 ±  0.6 ms - Hash
 99.7 ± 53.2 ms - Map
  4.2 ±  0.2 ms - getState
0.00965182
0.0101611
0.0105598
191.0 ±  0.0 ms - Total time
179.4 ±  0.0 ms - Build f time
  4.3 ±  0.2 ms - Apply f time
180.5 ±  1.7 ms - Real f time 
 30.5 ±  1.2 ms - Add time
  1.1 ±  0.1 ms - Find child
  1.7 ±  0.2 ms - Add child
 32.9 ±  0.6 ms - Hash
101.1 ± 53.2 ms - Map
  4.6 ±  0.2 ms - getState
0.00707222
0.00734647
0.00758329
198.6 ±  0.0 ms - Total time
186.4 ±  0.0 ms - Build f time
  4.5 ±  0.2 ms - Apply f time
188.2 ±  1.8 ms - Real f time 
 31.6 ±  1.2 ms - Add time
  1.2 ±  0.1 ms - Find child
  1.8 ±  0.2 ms - Add child
 34.1 ±  0.6 ms - Hash
101.7 ± 53.2 ms - Map
  4.8 ±  0.2 ms - getState
0.00772291
0.00801957
0.00828222
206.9 ±  0.0 ms - Total time
194.2 ±  0.0 ms - Build f time
  4.7 ±  0.2 ms - Apply f time
195.8 ±  1.8 ms - Real f time 
 32.9 ±  1.2 ms - Add time
  1.4 ±  0.1 ms - Find child
  2.0 ±  0.2 ms - Add child
 35.3 ±  0.7 ms - Hash
102.9 ± 53.3 ms - Map
  5.1 ±  0.2 ms - getState
0.00924054
0.00973672
0.0101807
217.1 ±  0.0 ms - Total time
203.4 ±  0.0 ms - Build f time
  7.9 ±  2.9 ms - Apply f time
205.2 ±  2.0 ms - Real f time 
 34.9 ±  1.2 ms - Add time
  1.4 ±  0.1 ms - Find child
  2.2 ±  0.2 ms - Add child
 36.8 ±  0.7 ms - Hash
104.6 ± 53.3 ms - Map
  5.4 ±  0.2 ms - getState
0.00779923
0.00817932
0.00852675
225.6 ±  0.0 ms - Total time
211.2 ±  0.0 ms - Build f time
  8.1 ±  2.9 ms - Apply f time
212.9 ±  2.0 ms - Real f time 
 36.4 ±  1.3 ms - Add time
  1.5 ±  0.1 ms - Find child
  2.3 ±  0.2 ms - Add child
 38.6 ±  0.7 ms - Hash
105.5 ± 53.2 ms - Map
  5.6 ±  0.2 ms - getState
0.00965832
0.0101906
0.0105754
236.2 ±  0.0 ms - Total time
220.9 ±  0.0 ms - Build f time
  8.5 ±  2.9 ms - Apply f time
222.2 ±  2.0 ms - Real f time 
 38.1 ±  1.3 ms - Add time
  1.6 ±  0.1 ms - Find child
  2.4 ±  0.2 ms - Add child
 40.4 ±  0.7 ms - Hash
107.1 ± 53.3 ms - Map
  5.9 ±  0.2 ms - getState
0.00556661
0.0057691
0.00598854
242.2 ±  0.0 ms - Total time
226.4 ±  0.0 ms - Build f time
  8.6 ±  2.9 ms - Apply f time
228.2 ±  2.0 ms - Real f time 
 39.2 ±  1.3 ms - Add time
  1.7 ±  0.1 ms - Find child
  2.6 ±  0.2 ms - Add child
 41.4 ±  0.7 ms - Hash
107.9 ± 53.3 ms - Map
  6.0 ±  0.2 ms - getState
0.00555305
0.00575591
0.00596664
248.2 ±  0.0 ms - Total time
232.0 ±  0.0 ms - Build f time
  8.8 ±  2.9 ms - Apply f time
233.7 ±  2.0 ms - Real f time 
 40.4 ±  1.3 ms - Add time
  1.8 ±  0.1 ms - Find child
  2.7 ±  0.2 ms - Add child
 42.5 ±  0.7 ms - Hash
108.8 ± 53.3 ms - Map
  6.2 ±  0.3 ms - getState
Dag sizes: 4450 2681 2681 3693 3693 4450 2292 4495 2681 2681 3693 3693 4495 2292 2292 
brutePieces time: 0.137857
 39.6 ±  0.0 ms - Piece loop time
 38.8 ± 36.6 ms - Set time
 34.2 ±  1.7 ms - Child looking time
Nodes:  50262
Pieces: 17
makePieces time: 0.0403371
Memory: 0.3 + 8.0 + 1.6 + 63.7 + 1.1 MB
  0.0 ±  0.0 ms - Greedy fill time
composePieces time: 0.000681129
                                                                                