Running only task # 258
Using max depth 4
 |                                        | 0 / 416 (0.0%)Function count: 142
0.22832
0.260632
0.245549
0.275362
0.217941
0.243239
0.287725
0.320427
 40.5 ±  0.0 ms - Piece loop time
 50.3 ± 41.0 ms - Set time
 28.7 ±  1.0 ms - Child looking time
8.01051
9.03382
19.8724
20972.3 ±  0.0 ms - Total time
8990.0 ±  0.0 ms - Build f time
1602.0 ± 17.7 ms - Apply f time
8271.8 ± 25.2 ms - Real f time 
5061.2 ± 160.7 ms - Add time
343.6 ±  2.5 ms - Find child
524.3 ±  6.3 ms - Add child
3637.8 ± 10.4 ms - Hash
3037.9 ± 43.1 ms - Map
2655.4 ±  8.1 ms - getState
8.21178
9.32095
21.4717
42444.1 ±  0.0 ms - Total time
17201.8 ±  0.0 ms - Build f time
3289.0 ± 19.7 ms - Apply f time
16034.0 ± 43.5 ms - Real f time 
10393.5 ± 210.6 ms - Add time
728.2 ±  6.7 ms - Find child
1126.1 ± 18.6 ms - Add child
7388.1 ± 27.3 ms - Hash
6466.3 ± 93.6 ms - Map
5493.0 ± 17.3 ms - getState
7.58582
8.55705
19.1792
61623.3 ±  0.0 ms - Total time
24787.6 ±  0.0 ms - Build f time
4772.2 ± 21.0 ms - Apply f time
23100.3 ± 49.8 ms - Real f time 
15031.5 ± 214.4 ms - Add time
1058.5 ±  7.4 ms - Find child
1635.7 ± 18.9 ms - Add child
10758.9 ± 31.1 ms - Hash
9464.4 ± 96.1 ms - Map
7961.2 ± 20.1 ms - getState
10.2027
11.4415
26.745
88368.4 ±  0.0 ms - Total time
34990.3 ±  0.0 ms - Build f time
6758.1 ± 30.4 ms - Apply f time
32614.2 ± 60.9 ms - Real f time 
24828.7 ± 3210.0 ms - Add time
1465.4 ±  7.9 ms - Find child
2275.1 ± 19.6 ms - Add child
15538.5 ± 32.9 ms - Hash
13218.2 ± 97.5 ms - Map
11528.8 ± 23.4 ms - getState
Dag sizes: 10242300 11650566 10172396 13072143 
brutePieces time: 87.2713
10801.1 ±  0.0 ms - Piece loop time
5260.5 ± 546.3 ms - Set time
5707.8 ± 31.6 ms - Child looking time
Nodes:  45137405
Pieces: 11786015
makePieces time: 10.8329
