Running only task # 20
Using max depth 23
 |                                        | 0 / 416 (0.0%)Function count: 142
0.01495
0.0164421
0.0183334
0.0198172
0.0112316
0.0121991
0.0181231
0.0196749
0.0148349
0.0161954
0.0184438
0.0200456
0.0112711
0.0122904
0.0179693
0.0202964
0.0162109
0.0177336
 31.2 ±  0.0 ms - Piece loop time
 65.4 ± 62.5 ms - Set time
 26.9 ±  1.1 ms - Child looking time
0.0142379
0.0155636
0.01742
172.3 ±  0.0 ms - Total time
155.6 ±  0.0 ms - Build f time
  6.5 ±  0.2 ms - Apply f time
148.8 ±  1.3 ms - Real f time 
 32.1 ±  1.6 ms - Add time
  1.4 ±  0.1 ms - Find child
  1.7 ±  0.2 ms - Add child
 25.7 ±  0.6 ms - Hash
 55.5 ± 36.6 ms - Map
  5.7 ±  0.2 ms - getState
0.0184115
0.0201092
0.0225931
194.9 ±  0.0 ms - Total time
174.0 ±  0.0 ms - Build f time
  7.9 ±  0.3 ms - Apply f time
170.0 ±  2.4 ms - Real f time 
 36.1 ±  1.6 ms - Add time
  1.9 ±  0.2 ms - Find child
  2.4 ±  0.2 ms - Add child
 29.2 ±  0.7 ms - Hash
 58.5 ± 36.6 ms - Map
  6.9 ±  0.2 ms - getState
0.011371
0.0123495
0.0142019
209.1 ±  0.0 ms - Total time
185.4 ±  0.0 ms - Build f time
  8.7 ±  0.3 ms - Apply f time
181.4 ±  2.4 ms - Real f time 
 39.1 ±  1.6 ms - Add time
  2.2 ±  0.2 ms - Find child
  2.8 ±  0.2 ms - Add child
 31.8 ±  0.7 ms - Hash
 60.3 ± 36.6 ms - Map
  7.6 ±  0.3 ms - getState
0.0180764
0.0196243
0.0225558
231.7 ±  0.0 ms - Total time
203.5 ±  0.0 ms - Build f time
 10.3 ±  0.3 ms - Apply f time
200.0 ±  2.4 ms - Real f time 
 43.0 ±  1.7 ms - Add time
  2.7 ±  0.2 ms - Find child
  3.5 ±  0.2 ms - Add child
 35.2 ±  0.7 ms - Hash
 63.6 ± 36.6 ms - Map
  8.7 ±  0.3 ms - getState
0.0145562
0.0159205
0.0179491
249.7 ±  0.0 ms - Total time
218.0 ±  0.0 ms - Build f time
 11.4 ±  0.3 ms - Apply f time
214.8 ±  2.5 ms - Real f time 
 46.4 ±  1.7 ms - Add time
  3.9 ±  1.0 ms - Find child
  4.0 ±  0.2 ms - Add child
 38.0 ±  0.8 ms - Hash
 66.0 ± 36.5 ms - Map
  9.6 ±  0.3 ms - getState
0.0183821
0.0199583
0.022477
272.2 ±  0.0 ms - Total time
236.4 ±  0.0 ms - Build f time
 13.1 ±  0.4 ms - Apply f time
233.1 ±  2.5 ms - Real f time 
 50.5 ±  1.7 ms - Add time
  4.6 ±  1.0 ms - Find child
  4.7 ±  0.2 ms - Add child
 40.7 ±  0.8 ms - Hash
 69.2 ± 36.6 ms - Map
 11.0 ±  0.3 ms - getState
0.0115865
0.0125516
0.014419
286.6 ±  0.0 ms - Total time
248.0 ±  0.0 ms - Build f time
 14.3 ±  0.4 ms - Apply f time
245.7 ±  2.5 ms - Real f time 
 53.4 ±  1.7 ms - Add time
  4.9 ±  1.0 ms - Find child
  5.0 ±  0.3 ms - Add child
 43.1 ±  0.8 ms - Hash
 71.1 ± 36.6 ms - Map
 11.6 ±  0.3 ms - getState
0.0181027
0.0196294
0.0223105
308.9 ±  0.0 ms - Total time
266.1 ±  0.0 ms - Build f time
 15.7 ±  0.4 ms - Apply f time
264.7 ±  2.6 ms - Real f time 
 57.9 ±  1.7 ms - Add time
  5.4 ±  1.0 ms - Find child
  5.7 ±  0.3 ms - Add child
 46.8 ±  0.8 ms - Hash
 73.9 ± 36.6 ms - Map
 12.8 ±  0.3 ms - getState
0.0158087
0.0173306
0.019719
328.7 ±  0.0 ms - Total time
281.9 ±  0.0 ms - Build f time
 17.1 ±  0.4 ms - Apply f time
280.0 ±  2.6 ms - Real f time 
 61.9 ±  1.8 ms - Add time
  6.0 ±  1.0 ms - Find child
  6.2 ±  0.3 ms - Add child
 49.8 ±  0.8 ms - Hash
 76.7 ± 36.6 ms - Map
 13.9 ±  0.4 ms - getState
Dag sizes: 10777 13065 9273 13362 10853 12969 9263 13356 12172 
brutePieces time: 0.179464
 52.3 ±  0.0 ms - Piece loop time
 47.4 ± 42.1 ms - Set time
 43.7 ±  1.4 ms - Child looking time
Nodes:  105090
Pieces: 15221
makePieces time: 0.0532925
Memory: 0.4 + 9.3 + 3.4 + 39.4 + 2.1 MB
  2.0 ±  0.0 ms - Greedy fill time
composePieces time: 0.0758583
                                                                                