Running only task # 292
Using max depth 23
 |                                        | 0 / 416 (0.0%)Function count: 142
0.0610627
0.064222
0.0529213
0.0564027
0.0511417
0.0540111
0.060975
0.0648683
0.0520886
0.0548215
0.0469651
0.0494229
0.0588461
0.0620496
 29.5 ±  0.0 ms - Piece loop time
 41.0 ± 36.6 ms - Set time
 24.9 ±  1.1 ms - Child looking time
0.0619526
0.0650298
0.107515
513.5 ±  0.0 ms - Total time
445.9 ±  0.0 ms - Build f time
 15.1 ±  0.4 ms - Apply f time
378.4 ±  3.4 ms - Real f time 
 82.6 ±  2.6 ms - Add time
  3.2 ±  0.2 ms - Find child
  4.1 ±  0.2 ms - Add child
 86.5 ±  2.2 ms - Hash
 82.3 ± 37.3 ms - Map
 17.8 ±  0.4 ms - getState
0.0581839
0.0610419
0.0953022
608.9 ±  0.0 ms - Total time
504.1 ±  0.0 ms - Build f time
 22.2 ±  0.5 ms - Apply f time
430.3 ±  3.6 ms - Real f time 
101.3 ±  2.7 ms - Add time
  4.9 ±  0.3 ms - Find child
  6.6 ±  0.3 ms - Add child
104.6 ±  2.3 ms - Hash
 94.1 ± 37.4 ms - Map
 25.7 ±  0.6 ms - getState
0.0486442
0.0511281
0.0800755
689.0 ±  0.0 ms - Total time
552.8 ±  0.0 ms - Build f time
 28.1 ±  0.6 ms - Apply f time
474.9 ±  3.8 ms - Real f time 
118.2 ±  2.7 ms - Add time
  6.5 ±  0.3 ms - Find child
  8.8 ±  0.3 ms - Add child
120.8 ±  2.3 ms - Hash
100.7 ± 37.4 ms - Map
 32.4 ±  0.7 ms - getState
0.0647001
0.0678865
0.109925
798.9 ±  0.0 ms - Total time
617.5 ±  0.0 ms - Build f time
 35.8 ±  0.7 ms - Apply f time
532.5 ±  4.0 ms - Real f time 
141.6 ±  2.8 ms - Add time
  9.0 ±  0.3 ms - Find child
 11.8 ±  0.4 ms - Add child
142.4 ±  2.4 ms - Hash
113.1 ± 37.4 ms - Map
 41.9 ±  0.7 ms - getState
0.0533815
0.0560517
0.0909369
889.9 ±  0.0 ms - Total time
670.9 ±  0.0 ms - Build f time
 43.1 ±  0.7 ms - Apply f time
580.6 ±  4.1 ms - Real f time 
160.2 ±  2.9 ms - Add time
 10.8 ±  0.4 ms - Find child
 13.9 ±  0.4 ms - Add child
160.5 ±  2.4 ms - Hash
123.8 ± 37.4 ms - Map
 49.7 ±  0.8 ms - getState
0.0486388
0.0511076
0.0783225
968.3 ±  0.0 ms - Total time
719.5 ±  0.0 ms - Build f time
 48.7 ±  0.8 ms - Apply f time
625.9 ±  4.3 ms - Real f time 
179.2 ±  4.2 ms - Add time
 12.3 ±  0.4 ms - Find child
 16.1 ±  0.5 ms - Add child
177.1 ±  2.5 ms - Hash
131.0 ± 37.4 ms - Map
 56.2 ±  0.8 ms - getState
0.0605531
0.0635355
0.102971
1071.3 ±  0.0 ms - Total time
780.0 ±  0.0 ms - Build f time
 55.9 ±  0.8 ms - Apply f time
680.5 ±  4.4 ms - Real f time 
201.6 ±  4.2 ms - Add time
 14.5 ±  0.4 ms - Find child
 18.7 ±  0.5 ms - Add child
198.6 ±  2.5 ms - Hash
144.2 ± 37.4 ms - Map
 65.3 ±  0.9 ms - getState
Dag sizes: 74269 56194 48232 74344 56182 48232 68952 
brutePieces time: 0.670142
 74.7 ±  0.0 ms - Piece loop time
 51.5 ± 37.4 ms - Set time
 55.7 ±  1.5 ms - Child looking time
Nodes:  426405
Pieces: 67229
makePieces time: 0.0757871
Memory: 5.0 + 18.9 + 13.6 + 36.2 + 4.4 MB
 30.2 ±  0.5 ms - Greedy fill time
composePieces time: 1.84633
                                                                                