Running only task # 199
Using max depth 33
 |                                        | 0 / 416 (0.0%)Function count: 142
0.159841
0.171703
0.151579
0.163866
0.156491
0.168113
0.155973
0.168014
0.174331
0.188691
 27.7 ±  0.0 ms - Piece loop time
 44.8 ± 37.8 ms - Set time
 20.6 ±  1.0 ms - Child looking time
0.160879
0.172512
0.324433
1185.1 ±  0.0 ms - Total time
959.1 ±  0.0 ms - Build f time
 41.8 ±  1.4 ms - Apply f time
772.0 ±  9.2 ms - Real f time 
218.0 ± 17.4 ms - Add time
  5.3 ±  0.3 ms - Find child
  7.4 ±  0.3 ms - Add child
196.0 ±  1.4 ms - Hash
142.9 ± 53.3 ms - Map
 64.6 ±  6.1 ms - getState
0.15558
0.167167
0.29527
1480.4 ±  0.0 ms - Total time
1114.7 ±  0.0 ms - Build f time
 59.9 ±  1.5 ms - Apply f time
906.7 ±  9.6 ms - Real f time 
287.3 ± 17.5 ms - Add time
  9.1 ±  0.3 ms - Find child
 12.2 ±  0.4 ms - Add child
255.6 ±  1.5 ms - Hash
170.8 ± 53.4 ms - Map
 94.6 ±  6.2 ms - getState
0.167467
0.17915
0.315684
1796.1 ±  0.0 ms - Total time
1282.1 ±  0.0 ms - Build f time
 78.7 ±  1.6 ms - Apply f time
1043.4 ± 10.0 ms - Real f time 
362.4 ± 17.5 ms - Add time
 12.8 ±  0.4 ms - Find child
 16.6 ±  0.5 ms - Add child
322.2 ±  1.7 ms - Hash
196.4 ± 53.5 ms - Map
127.0 ±  6.2 ms - getState
0.155482
0.167169
0.293671
2089.8 ±  0.0 ms - Total time
1437.6 ±  0.0 ms - Build f time
 97.5 ±  1.7 ms - Apply f time
1180.0 ± 10.4 ms - Real f time 
429.5 ± 17.6 ms - Add time
 16.0 ±  0.4 ms - Find child
 21.2 ±  0.5 ms - Add child
382.5 ±  1.9 ms - Hash
220.2 ± 53.5 ms - Map
156.9 ±  6.2 ms - getState
0.183166
0.197309
0.362183
2452.1 ±  0.0 ms - Total time
1620.8 ±  0.0 ms - Build f time
119.1 ±  1.8 ms - Apply f time
1336.5 ± 11.0 ms - Real f time 
593.0 ± 76.3 ms - Add time
 19.8 ±  0.5 ms - Find child
 27.5 ±  1.2 ms - Add child
454.5 ±  2.1 ms - Hash
246.0 ± 53.5 ms - Map
197.1 ±  6.2 ms - getState
Dag sizes: 125860 125192 120795 124695 137428 
brutePieces time: 1.59589
 83.1 ±  0.0 ms - Piece loop time
 40.7 ± 15.2 ms - Set time
 54.8 ±  1.3 ms - Child looking time
Nodes:  633970
Pieces: 109058
makePieces time: 0.083941
Memory: 17.2 + 21.4 + 20.3 + 31.1 + 5.4 MB
 29.9 ±  1.3 ms - Greedy fill time
composePieces time: 1.89062
                                                                                