Running only task # 344
Using max depth 4
 |                                        | 0 / 416 (0.0%)Function count: 142
0.0666509
0.0744459
0.0611247
0.067634
0.0660266
0.0723889
0.0738613
0.0813356
 25.3 ±  0.0 ms - Piece loop time
 48.4 ± 42.6 ms - Set time
 17.2 ±  1.0 ms - Child looking time
1.66368
1.82698
2.80052
3096.5 ±  0.0 ms - Total time
1931.3 ±  0.0 ms - Build f time
234.1 ± 14.6 ms - Apply f time
1780.2 ± 17.9 ms - Real f time 
585.3 ± 17.4 ms - Add time
 62.2 ±  0.9 ms - Find child
 88.8 ±  1.9 ms - Add child
464.4 ±  2.4 ms - Hash
605.6 ± 41.2 ms - Map
253.2 ±  2.4 ms - getState
1.4036
1.52927
2.26757
5364.1 ±  0.0 ms - Total time
3334.9 ±  0.0 ms - Build f time
405.5 ± 14.7 ms - Apply f time
3058.0 ± 22.0 ms - Real f time 
986.5 ± 17.5 ms - Add time
112.6 ±  1.2 ms - Find child
154.2 ±  2.3 ms - Add child
838.3 ±  7.1 ms - Hash
1011.3 ± 41.5 ms - Map
452.2 ±  3.2 ms - getState
1.63663
1.79534
2.74306
8107.2 ±  0.0 ms - Total time
4971.6 ±  0.0 ms - Build f time
610.1 ± 14.8 ms - Apply f time
4586.8 ± 27.9 ms - Real f time 
1487.2 ± 18.9 ms - Add time
168.6 ±  1.5 ms - Find child
234.5 ±  2.5 ms - Add child
1273.3 ± 17.5 ms - Hash
1522.6 ± 41.9 ms - Map
699.2 ±  6.7 ms - getState
1.77037
1.94327
2.98777
11095.0 ±  0.0 ms - Total time
6741.9 ±  0.0 ms - Build f time
839.9 ± 15.0 ms - Apply f time
6226.7 ± 28.5 ms - Real f time 
2027.2 ± 20.1 ms - Add time
232.1 ±  1.9 ms - Find child
327.5 ±  6.0 ms - Add child
1741.1 ± 23.8 ms - Hash
2101.3 ± 42.4 ms - Map
954.9 ±  6.9 ms - getState
Dag sizes: 1913671 1494021 1878574 2010621 
brutePieces time: 10.8004
2010.3 ±  0.0 ms - Piece loop time
720.2 ± 19.1 ms - Set time
1146.4 ±  6.4 ms - Child looking time
Nodes:  7296887
Pieces: 1684959
makePieces time: 2.01515
Memory: 59.6 + 328.3 + 233.5 + 183.9 + 81.3 MB
 27.7 ±  0.0 ms - Greedy fill time
composePieces time: 3.9227
                                                                                