Running only task # 161
Using max depth 4
 |                                        | 0 / 416 (0.0%)Function count: 142
0.0386757
0.0421621
0.0368585
0.039601
0.0456188
0.049661
0.0447623
0.0485596
 14.9 ±  0.0 ms - Piece loop time
 42.2 ± 39.3 ms - Set time
 12.0 ±  0.9 ms - Child looking time
1.16309
1.25081
1.75376
1933.9 ±  0.0 ms - Total time
1329.0 ±  0.0 ms - Build f time
130.0 ±  1.5 ms - Apply f time
1232.9 ±  8.7 ms - Real f time 
321.4 ±  3.1 ms - Add time
 37.0 ±  1.0 ms - Find child
 47.8 ±  0.9 ms - Add child
298.6 ±  2.0 ms - Hash
342.2 ± 39.4 ms - Map
144.5 ±  1.1 ms - getState
1.05341
1.1368
1.67932
3613.2 ±  0.0 ms - Total time
2382.4 ±  0.0 ms - Build f time
253.3 ±  2.0 ms - Apply f time
2242.3 ± 17.6 ms - Real f time 
637.3 ± 16.0 ms - Add time
 70.7 ±  1.2 ms - Find child
 94.6 ±  1.5 ms - Add child
568.4 ±  3.7 ms - Hash
592.6 ± 39.5 ms - Map
294.8 ±  1.7 ms - getState
1.81053
1.97733
2.93162
6544.9 ±  0.0 ms - Total time
4192.9 ±  0.0 ms - Build f time
463.0 ±  2.7 ms - Apply f time
3970.2 ± 23.9 ms - Real f time 
1219.5 ± 39.1 ms - Add time
127.3 ±  2.5 ms - Find child
170.8 ±  1.9 ms - Add child
1014.7 ±  4.4 ms - Hash
1044.2 ± 39.7 ms - Map
556.8 ±  3.4 ms - getState
1.82708
1.97818
3.00577
9550.7 ±  0.0 ms - Total time
6020.0 ±  0.0 ms - Build f time
682.7 ±  8.3 ms - Apply f time
5648.6 ± 25.7 ms - Real f time 
1773.2 ± 40.8 ms - Add time
181.4 ±  2.7 ms - Find child
245.7 ±  2.1 ms - Add child
1520.0 ±  7.0 ms - Hash
2132.1 ± 629.0 ms - Map
830.6 ±  3.8 ms - getState
Dag sizes: 951112 991629 1659247 1621864 
brutePieces time: 9.37212
1880.0 ±  0.0 ms - Piece loop time
609.4 ± 15.4 ms - Set time
1191.5 ± 11.9 ms - Child looking time
Nodes:  5223852
Pieces: 1498593
makePieces time: 1.88541
Memory: 56.7 + 243.6 + 167.2 + 133.9 + 70.6 MB
 11.7 ±  0.0 ms - Greedy fill time
composePieces time: 3.47933
                                                                                