Running only task # 245
Using max depth 3
 |                                        | 0 / 416 (0.0%)Function count: 142
0.0641264
0.0683383
0.0666875
0.0708943
0.0902884
0.0972189
0.0729649
0.0775715
 13.8 ±  0.0 ms - Piece loop time
 43.0 ± 39.5 ms - Set time
 10.2 ±  0.7 ms - Child looking time
0.0654637
0.0692701
0.0907773
405.0 ±  0.0 ms - Total time
359.5 ±  0.0 ms - Build f time
 11.7 ±  0.4 ms - Apply f time
300.4 ±  3.2 ms - Real f time 
 61.1 ±  2.3 ms - Add time
  2.3 ±  0.4 ms - Find child
  2.8 ±  0.2 ms - Add child
 62.7 ±  0.8 ms - Hash
 77.1 ± 40.9 ms - Map
 12.8 ±  0.3 ms - getState
0.0659617
0.0701112
0.0911113
496.1 ±  0.0 ms - Total time
425.5 ±  0.0 ms - Build f time
 17.3 ±  0.5 ms - Apply f time
360.4 ±  3.4 ms - Real f time 
 76.1 ±  2.4 ms - Add time
  3.9 ±  0.4 ms - Find child
  4.7 ±  0.2 ms - Add child
 80.3 ±  0.9 ms - Hash
 85.8 ± 40.9 ms - Map
 19.2 ±  0.6 ms - getState
0.0696351
0.0740567
0.096277
592.4 ±  0.0 ms - Total time
495.1 ±  0.0 ms - Build f time
 22.9 ±  0.6 ms - Apply f time
422.5 ±  3.7 ms - Real f time 
 92.8 ±  2.4 ms - Add time
  5.5 ±  0.4 ms - Find child
  6.8 ±  0.3 ms - Add child
 98.9 ±  1.0 ms - Hash
 94.6 ± 41.0 ms - Map
 25.5 ±  0.7 ms - getState
0.0705953
0.0750313
0.0979032
690.3 ±  0.0 ms - Total time
565.7 ±  0.0 ms - Build f time
 28.8 ±  0.6 ms - Apply f time
484.3 ±  4.0 ms - Real f time 
110.6 ±  2.7 ms - Add time
  7.1 ±  0.4 ms - Find child
  8.8 ±  0.4 ms - Add child
117.8 ±  1.1 ms - Hash
103.5 ± 41.0 ms - Map
 32.0 ±  0.7 ms - getState
Dag sizes: 43191 43966 48057 49195 
brutePieces time: 0.3793
 27.8 ±  0.0 ms - Piece loop time
 41.1 ± 35.4 ms - Set time
 19.7 ±  0.9 ms - Child looking time
Nodes:  184409
Pieces: 34040
makePieces time: 0.0286089
Memory: 2.2 + 10.0 + 5.9 + 19.7 + 1.5 MB
  2.4 ±  0.0 ms - Greedy fill time
composePieces time: 0.120955
                                                                                