Running only task # 185
Using max depth 33
 |                                        | 0 / 416 (0.0%)Function count: 142
0.0659141
0.0701466
0.0542225
0.0568895
0.101142
0.106671
0.0652129
0.069164
0.0538186
0.0566132
0.0958444
0.101685
0.211375
0.219792
 35.7 ±  0.0 ms - Piece loop time
 48.7 ± 43.5 ms - Set time
 29.2 ±  1.2 ms - Child looking time
0.0667526
0.0707524
0.104358
785.6 ±  0.0 ms - Total time
714.3 ±  0.0 ms - Build f time
 16.6 ±  0.5 ms - Apply f time
563.0 ±  9.5 ms - Real f time 
128.3 ±  7.5 ms - Add time
  2.7 ±  0.2 ms - Find child
  3.5 ±  0.2 ms - Add child
138.1 ±  1.3 ms - Hash
127.9 ± 52.9 ms - Map
 21.6 ±  0.5 ms - getState
0.0541125
0.0568352
0.0783763
864.0 ±  0.0 ms - Total time
768.4 ±  0.0 ms - Build f time
 22.0 ±  0.8 ms - Apply f time
610.8 ±  9.5 ms - Real f time 
145.5 ±  8.0 ms - Add time
  4.2 ±  0.2 ms - Find child
  5.1 ±  0.3 ms - Add child
154.6 ±  1.4 ms - Hash
135.1 ± 53.0 ms - Map
 27.3 ±  0.6 ms - getState
0.100242
0.105541
0.167636
1031.7 ±  0.0 ms - Total time
868.6 ±  0.0 ms - Build f time
 30.6 ±  0.9 ms - Apply f time
694.3 ±  9.7 ms - Real f time 
188.7 ± 10.7 ms - Add time
  6.3 ±  0.3 ms - Find child
  7.8 ±  0.3 ms - Add child
192.6 ±  2.4 ms - Hash
147.7 ± 53.0 ms - Map
 41.9 ±  0.7 ms - getState
0.0660419
0.0701909
0.106179
1137.9 ±  0.0 ms - Total time
934.7 ±  0.0 ms - Build f time
 36.9 ±  1.0 ms - Apply f time
751.6 ±  9.8 ms - Real f time 
211.3 ± 10.8 ms - Add time
  8.0 ±  0.3 ms - Find child
 10.0 ±  0.4 ms - Add child
212.5 ±  2.4 ms - Hash
159.3 ± 53.0 ms - Map
 51.8 ±  0.7 ms - getState
0.0548191
0.0574591
0.079271
1217.2 ±  0.0 ms - Total time
989.5 ±  0.0 ms - Build f time
 41.3 ±  1.0 ms - Apply f time
800.4 ±  9.9 ms - Real f time 
225.7 ± 10.8 ms - Add time
  9.3 ±  0.3 ms - Find child
 11.7 ±  0.4 ms - Add child
228.2 ±  2.5 ms - Hash
166.6 ± 53.0 ms - Map
 57.1 ±  0.7 ms - getState
0.0999546
0.114036
0.17976
1397.0 ±  0.0 ms - Total time
1089.4 ±  0.0 ms - Build f time
 51.5 ±  1.0 ms - Apply f time
883.9 ± 10.1 ms - Real f time 
266.7 ± 11.1 ms - Add time
 11.3 ±  0.4 ms - Find child
 14.8 ±  0.5 ms - Add child
265.7 ±  2.6 ms - Hash
178.2 ± 53.0 ms - Map
 73.6 ±  1.0 ms - getState
0.219051
0.227455
0.388921
1785.9 ±  0.0 ms - Total time
1308.5 ±  0.0 ms - Build f time
 66.1 ±  1.2 ms - Apply f time
1048.3 ± 11.0 ms - Real f time 
361.3 ± 11.4 ms - Add time
 13.7 ±  0.4 ms - Find child
 17.6 ±  0.5 ms - Add child
360.6 ±  3.3 ms - Hash
194.3 ± 53.0 ms - Map
111.5 ±  1.2 ms - getState
Dag sizes: 67630 43406 75497 68430 43630 76026 89121 
brutePieces time: 1.10982
 92.9 ±  0.0 ms - Piece loop time
 31.5 ± 15.2 ms - Set time
 75.5 ±  4.8 ms - Child looking time
Nodes:  463740
Pieces: 77531
makePieces time: 0.0938468
Memory: 10.8 + 20.5 + 14.8 + 36.8 + 5.4 MB
 20.4 ±  0.0 ms - Greedy fill time
composePieces time: 1.5188
                                                                                