Running only task # 175
Using max depth 4
 |                                        | 0 / 416 (0.0%)Function count: 142
0.0394641
0.0430522
0.0587484
0.0637323
0.0668776
0.0729312
0.0809676
0.0875037
0.0931058
0.100971
 32.9 ±  0.0 ms - Piece loop time
 44.7 ± 39.0 ms - Set time
 27.3 ±  1.2 ms - Child looking time
0.84863
0.922613
1.29093
1659.3 ±  0.0 ms - Total time
1187.8 ±  0.0 ms - Build f time
110.9 ±  4.0 ms - Apply f time
1076.8 ±  7.5 ms - Real f time 
301.0 ± 10.1 ms - Add time
 28.6 ±  0.6 ms - Find child
 40.0 ±  1.5 ms - Add child
269.3 ±  1.9 ms - Hash
318.1 ± 66.4 ms - Map
112.7 ±  1.7 ms - getState
1.34307
1.46921
2.12093
3780.2 ±  0.0 ms - Total time
2530.9 ±  0.0 ms - Build f time
261.2 ±  4.2 ms - Apply f time
2308.1 ±  9.5 ms - Real f time 
673.3 ± 10.5 ms - Add time
 72.3 ±  1.0 ms - Find child
 94.2 ±  1.8 ms - Add child
628.8 ±  2.9 ms - Hash
666.9 ± 67.9 ms - Map
294.8 ±  4.8 ms - getState
1.55247
1.69044
2.57137
6351.7 ±  0.0 ms - Total time
4083.3 ±  0.0 ms - Build f time
441.8 ±  4.6 ms - Apply f time
3727.6 ± 17.3 ms - Real f time 
1139.5 ± 11.2 ms - Add time
121.0 ±  1.3 ms - Find child
156.2 ±  2.0 ms - Add child
1076.3 ±  3.8 ms - Hash
1050.2 ± 68.1 ms - Map
520.8 ±  5.0 ms - getState
1.88599
2.04596
3.24994
9601.7 ±  0.0 ms - Total time
5969.3 ±  0.0 ms - Build f time
653.5 ±  5.0 ms - Apply f time
5386.1 ± 20.2 ms - Real f time 
1757.8 ± 15.0 ms - Add time
171.5 ±  1.6 ms - Find child
220.5 ±  2.2 ms - Add child
1697.6 ±  4.7 ms - Hash
1455.1 ± 68.2 ms - Map
828.9 ±  5.4 ms - getState
2.20689
2.40001
3.88645
13488.1 ±  0.0 ms - Total time
8176.2 ±  0.0 ms - Build f time
911.1 ±  5.3 ms - Apply f time
7321.8 ± 21.9 ms - Real f time 
2511.7 ± 19.4 ms - Add time
232.4 ±  1.8 ms - Find child
302.5 ±  2.5 ms - Add child
2444.6 ±  6.5 ms - Hash
1968.0 ± 68.9 ms - Map
1198.6 ±  5.7 ms - getState
Dag sizes: 788581 1248189 1486408 1549681 1941111 
brutePieces time: 13.1218
3404.2 ±  0.0 ms - Piece loop time
945.3 ± 19.9 ms - Set time
2295.6 ±  7.9 ms - Child looking time
Nodes:  7013970
Pieces: 2151552
makePieces time: 3.4129
Memory: 91.5 + 320.3 + 224.4 + 179.3 + 121.3 MB
 51.2 ± 28.3 ms - Greedy fill time
composePieces time: 16.8651
                                                                                