Running only task # 347
Using max depth 23
 |                                        | 0 / 416 (0.0%)Function count: 142
0.0659462
0.073849
0.0734831
0.0829053
0.0663253
0.0889048
0.0726512
0.0815575
0.0761505
0.0856476
  9.8 ±  0.0 ms - Piece loop time
 40.2 ± 38.6 ms - Set time
 27.9 ± 20.9 ms - Child looking time
0.0680825
0.0756422
0.127784
540.8 ±  0.0 ms - Total time
422.6 ±  0.0 ms - Build f time
 22.7 ±  0.7 ms - Apply f time
343.3 ±  6.4 ms - Real f time 
102.0 ± 12.9 ms - Add time
  2.3 ±  0.2 ms - Find child
  3.4 ±  0.2 ms - Add child
105.0 ±  7.7 ms - Hash
 64.1 ± 37.7 ms - Map
 27.5 ±  0.5 ms - getState
0.0734908
0.0822032
0.143193
684.1 ±  0.0 ms - Total time
496.1 ±  0.0 ms - Build f time
 33.0 ±  0.8 ms - Apply f time
408.2 ±  6.6 ms - Real f time 
137.4 ± 13.2 ms - Add time
  4.4 ±  0.2 ms - Find child
  6.3 ±  0.3 ms - Add child
136.8 ±  7.7 ms - Hash
 73.7 ± 37.6 ms - Map
 43.2 ±  0.6 ms - getState
0.0682815
0.0756582
0.1265
810.6 ±  0.0 ms - Total time
564.4 ±  0.0 ms - Build f time
 42.0 ±  0.9 ms - Apply f time
468.5 ±  7.0 ms - Real f time 
165.5 ± 13.2 ms - Add time
  5.9 ±  0.3 ms - Find child
  8.6 ±  0.3 ms - Add child
165.7 ±  7.7 ms - Hash
 82.2 ± 37.7 ms - Map
 56.4 ±  0.7 ms - getState
0.0743459
0.0832724
0.143716
954.3 ±  0.0 ms - Total time
638.8 ±  0.0 ms - Build f time
 53.0 ±  1.0 ms - Apply f time
533.6 ±  7.3 ms - Real f time 
210.1 ± 18.2 ms - Add time
  7.6 ±  0.3 ms - Find child
 11.0 ±  0.4 ms - Add child
196.9 ±  7.7 ms - Hash
 90.5 ± 37.6 ms - Map
 73.7 ±  1.1 ms - getState
0.0835819
0.0931109
0.157331
1111.7 ±  0.0 ms - Total time
722.3 ±  0.0 ms - Build f time
 63.9 ±  1.1 ms - Apply f time
606.1 ±  7.7 ms - Real f time 
245.3 ± 18.2 ms - Add time
  9.8 ±  0.4 ms - Find child
 13.5 ±  0.4 ms - Add child
229.1 ±  7.7 ms - Hash
137.1 ± 52.2 ms - Map
 90.9 ±  1.2 ms - getState
Dag sizes: 49564 61369 49562 61359 63203 
brutePieces time: 0.70265
 25.3 ±  0.0 ms - Piece loop time
 60.5 ± 39.6 ms - Set time
 18.1 ±  0.8 ms - Child looking time
Nodes:  285057
Pieces: 38665
makePieces time: 0.026161
Memory: 7.7 + 11.6 + 9.1 + 25.5 + 2.0 MB
 93.2 ± 31.4 ms - Greedy fill time
composePieces time: 0.575491
                                                                                