Running only task # 331
Using max depth 33
 |                                        | 0 / 416 (0.0%)Function count: 142
0.0180848
0.0192297
0.0119578
0.0124995
0.0191998
0.0203006
0.0154499
0.0164487
0.0108953
0.0114928
0.0199326
0.0210461
0.0233563
0.0247132
 27.8 ±  0.0 ms - Piece loop time
 40.1 ± 37.0 ms - Set time
 24.4 ±  0.9 ms - Child looking time
0.0147214
0.0154926
0.0182845
144.2 ±  0.0 ms - Total time
133.6 ±  0.0 ms - Build f time
  3.7 ±  0.2 ms - Apply f time
119.9 ±  1.2 ms - Real f time 
 24.8 ±  2.1 ms - Add time
  0.8 ±  0.1 ms - Find child
  1.0 ±  0.1 ms - Add child
 25.0 ±  1.0 ms - Hash
 58.8 ± 41.6 ms - Map
  3.8 ±  0.2 ms - getState
0.010704
0.0112084
0.0127193
156.9 ±  0.0 ms - Total time
144.3 ±  0.0 ms - Build f time
  4.5 ±  0.2 ms - Apply f time
130.1 ±  1.3 ms - Real f time 
 27.1 ±  2.1 ms - Add time
  1.1 ±  0.1 ms - Find child
  1.3 ±  0.1 ms - Add child
 27.9 ±  1.1 ms - Hash
 60.9 ± 41.7 ms - Map
  4.3 ±  0.2 ms - getState
0.0196912
0.0207724
0.0255455
182.5 ±  0.0 ms - Total time
164.0 ±  0.0 ms - Build f time
  6.8 ±  0.7 ms - Apply f time
148.7 ±  1.4 ms - Real f time 
 32.2 ±  2.1 ms - Add time
  1.6 ±  0.1 ms - Find child
  2.1 ±  0.2 ms - Add child
 32.6 ±  1.1 ms - Hash
 64.0 ± 41.6 ms - Map
  5.8 ±  0.2 ms - getState
0.0155313
0.0163391
0.0195215
202.0 ±  0.0 ms - Total time
179.5 ±  0.0 ms - Build f time
  7.9 ±  0.7 ms - Apply f time
164.8 ±  1.5 ms - Real f time 
 37.4 ±  2.9 ms - Add time
  1.9 ±  0.2 ms - Find child
  2.5 ±  0.2 ms - Add child
 36.3 ±  1.2 ms - Hash
 66.2 ± 41.6 ms - Map
  6.9 ±  0.3 ms - getState
0.0111396
0.0117494
0.0133078
215.3 ±  0.0 ms - Total time
190.7 ±  0.0 ms - Build f time
  8.7 ±  0.7 ms - Apply f time
175.3 ±  1.5 ms - Real f time 
 39.8 ±  2.9 ms - Add time
  2.2 ±  0.2 ms - Find child
  3.0 ±  0.2 ms - Add child
 38.7 ±  1.2 ms - Hash
 68.2 ± 41.5 ms - Map
  7.6 ±  0.3 ms - getState
0.0202463
0.0214097
0.0265487
241.9 ±  0.0 ms - Total time
210.9 ±  0.0 ms - Build f time
 10.5 ±  0.7 ms - Apply f time
194.8 ±  1.6 ms - Real f time 
 45.5 ±  3.0 ms - Add time
  2.9 ±  0.2 ms - Find child
  3.7 ±  0.2 ms - Add child
 43.5 ±  1.2 ms - Hash
 72.4 ± 41.5 ms - Map
  9.0 ±  0.3 ms - getState
0.024476
0.0257942
0.0321412
274.1 ±  0.0 ms - Total time
235.4 ±  0.0 ms - Build f time
 12.7 ±  0.7 ms - Apply f time
217.2 ±  1.7 ms - Real f time 
 51.7 ±  3.0 ms - Add time
  3.7 ±  0.2 ms - Find child
  4.5 ±  0.3 ms - Add child
 49.1 ±  1.2 ms - Hash
 76.5 ± 41.6 ms - Map
 10.8 ±  0.3 ms - getState
Dag sizes: 11681 7259 17474 12285 7466 17635 22892 
brutePieces time: 0.152924
 49.4 ±  0.0 ms - Piece loop time
 42.3 ± 36.5 ms - Set time
 41.2 ±  1.0 ms - Child looking time
Nodes:  96692
Pieces: 21928
makePieces time: 0.0502655
Memory: 0.5 + 8.2 + 3.1 + 30.9 + 1.8 MB
  2.3 ±  0.2 ms - Greedy fill time
composePieces time: 0.213829
                                                                                