Running only task # 388
Using max depth 23
 |                                        | 0 / 416 (0.0%)Function count: 142
0.990172
1.12547
0.672094
0.762843
1.01079
1.14773
0.669965
0.746442
1.25192
1.43608
 55.3 ±  0.0 ms - Piece loop time
 27.0 ± 15.9 ms - Set time
 42.9 ±  1.2 ms - Child looking time
0.997664
1.13052
1.44391
6662.9 ±  0.0 ms - Total time
5592.6 ±  0.0 ms - Build f time
285.1 ±  6.6 ms - Apply f time
4594.0 ± 90.1 ms - Real f time 
1240.8 ± 110.7 ms - Add time
  9.1 ±  0.3 ms - Find child
 13.3 ±  0.4 ms - Add child
908.9 ±  5.2 ms - Hash
161.1 ± 36.8 ms - Map
378.3 ±  5.4 ms - getState
0.692453
0.769477
0.991278
7654.2 ±  0.0 ms - Total time
6285.1 ±  0.0 ms - Build f time
329.8 ±  7.0 ms - Apply f time
5134.3 ± 91.5 ms - Real f time 
1437.4 ± 111.1 ms - Add time
 13.7 ±  0.4 ms - Find child
 20.3 ±  0.5 ms - Add child
1094.2 ±  5.7 ms - Hash
195.9 ± 37.0 ms - Map
474.7 ±  6.0 ms - getState
1.00688
1.14653
1.46146
9115.7 ±  0.0 ms - Total time
7291.9 ±  0.0 ms - Build f time
413.5 ± 10.1 ms - Apply f time
5988.4 ± 102.9 ms - Real f time 
1739.6 ± 113.4 ms - Add time
 19.7 ±  0.5 ms - Find child
 28.5 ±  0.6 ms - Add child
1320.9 ±  6.3 ms - Hash
234.9 ± 37.0 ms - Map
642.4 ±  7.0 ms - getState
0.692782
0.770635
0.99772
10113.5 ±  0.0 ms - Total time
7984.7 ±  0.0 ms - Build f time
457.1 ± 10.2 ms - Apply f time
6546.8 ± 105.3 ms - Real f time 
1919.1 ± 113.6 ms - Add time
 24.7 ±  0.6 ms - Find child
 35.0 ±  0.6 ms - Add child
1510.4 ±  6.7 ms - Hash
266.9 ± 37.0 ms - Map
738.7 ±  7.2 ms - getState
1.26825
1.45293
1.87669
11990.2 ±  0.0 ms - Total time
9253.0 ±  0.0 ms - Build f time
552.3 ± 10.9 ms - Apply f time
7582.6 ± 108.8 ms - Real f time 
2273.0 ± 113.8 ms - Add time
 31.9 ±  0.6 ms - Find child
 45.6 ±  0.7 ms - Add child
1787.2 ± 10.8 ms - Hash
317.2 ± 37.0 ms - Map
970.5 ±  8.4 ms - getState
Dag sizes: 144817 115741 144846 115987 187904 
brutePieces time: 6.77371
142.6 ±  0.0 ms - Piece loop time
 54.9 ± 17.1 ms - Set time
 99.8 ±  3.1 ms - Child looking time
Nodes:  709295
Pieces: 34514
makePieces time: 0.143288
Memory: 71.2 + 34.4 + 22.7 + 32.3 + 6.0 MB
  0.3 ±  0.0 ms - Greedy fill time
composePieces time: 0.0876692
                                                                                