Running only task # 164
Using max depth 4
 |                                        | 0 / 416 (0.0%)Function count: 142
0.0204624
0.0225043
0.0204449
0.0223509
0.0177273
0.0194992
0.014509
0.0158304
0.0139045
0.0154301
 16.2 ±  0.0 ms - Piece loop time
 38.7 ± 36.2 ms - Set time
 12.5 ±  0.7 ms - Child looking time
0.542406
0.592412
0.760201
856.0 ±  0.0 ms - Total time
629.5 ±  0.0 ms - Build f time
 61.6 ±  1.0 ms - Apply f time
627.3 ±  7.7 ms - Real f time 
149.3 ±  1.5 ms - Add time
 19.8 ±  0.5 ms - Find child
 28.9 ±  3.5 ms - Add child
124.4 ±  2.3 ms - Hash
176.8 ± 42.1 ms - Map
 60.2 ±  1.1 ms - getState
0.569626
0.618817
0.787256
1643.2 ±  0.0 ms - Total time
1199.1 ±  0.0 ms - Build f time
120.6 ±  1.2 ms - Apply f time
1186.7 ±  8.3 ms - Real f time 
285.7 ±  2.0 ms - Add time
 39.0 ±  0.7 ms - Find child
 55.7 ±  3.9 ms - Add child
240.9 ±  2.6 ms - Hash
302.3 ± 42.1 ms - Map
124.7 ±  6.5 ms - getState
0.514013
0.562853
0.727371
2370.6 ±  0.0 ms - Total time
1713.1 ±  0.0 ms - Build f time
175.4 ±  1.5 ms - Apply f time
1685.0 ±  8.7 ms - Real f time 
411.3 ±  2.7 ms - Add time
 57.1 ±  0.9 ms - Find child
 78.2 ±  3.9 ms - Add child
348.4 ±  2.8 ms - Hash
428.6 ± 42.1 ms - Map
176.7 ±  6.6 ms - getState
0.381718
0.4138
0.542155
2912.8 ±  0.0 ms - Total time
2094.8 ±  0.0 ms - Build f time
220.2 ±  2.3 ms - Apply f time
2056.6 ±  9.2 ms - Real f time 
523.3 ± 16.3 ms - Add time
 71.7 ±  1.0 ms - Find child
 95.0 ±  3.9 ms - Add child
431.5 ±  3.0 ms - Hash
518.5 ± 42.1 ms - Map
215.4 ±  6.6 ms - getState
0.314073
0.339952
0.428793
3341.7 ±  0.0 ms - Total time
2408.9 ±  0.0 ms - Build f time
251.9 ±  2.4 ms - Apply f time
2366.9 ±  9.9 ms - Real f time 
609.9 ± 21.2 ms - Add time
 81.9 ±  1.1 ms - Find child
107.4 ±  4.0 ms - Add child
497.0 ±  3.1 ms - Hash
585.1 ± 42.2 ms - Map
243.9 ±  6.6 ms - getState
Dag sizes: 506385 509362 478619 370795 270078 
brutePieces time: 3.249
1151.2 ±  0.0 ms - Piece loop time
276.8 ± 15.1 ms - Set time
803.6 ±  4.9 ms - Child looking time
Nodes:  2135239
Pieces: 550017
makePieces time: 1.1538
Memory: 10.8 + 132.9 + 68.3 + 55.1 + 38.3 MB
  4.1 ±  0.0 ms - Greedy fill time
composePieces time: 1.30691
                                                                                