Running only task # 229
Using max depth 33
 |                                        | 0 / 416 (0.0%)Function count: 142
0.140751
0.154846
0.122653
0.136089
0.141071
0.155293
0.120301
0.134454
0.138393
0.156175
 53.1 ±  0.0 ms - Piece loop time
 46.5 ± 36.2 ms - Set time
 41.0 ±  1.2 ms - Child looking time
0.143742
0.157516
0.288027
1025.1 ±  0.0 ms - Total time
806.9 ±  0.0 ms - Build f time
 49.5 ±  0.8 ms - Apply f time
658.1 ±  4.9 ms - Real f time 
252.8 ± 26.8 ms - Add time
  7.9 ±  0.3 ms - Find child
 10.7 ±  0.4 ms - Add child
152.3 ±  1.2 ms - Hash
134.7 ± 36.1 ms - Map
 60.7 ±  1.6 ms - getState
0.13753
0.151427
0.294662
1319.8 ±  0.0 ms - Total time
944.4 ±  0.0 ms - Build f time
 74.0 ±  1.0 ms - Apply f time
782.3 ±  5.3 ms - Real f time 
323.6 ± 26.8 ms - Add time
 14.0 ±  0.4 ms - Find child
 19.1 ±  0.5 ms - Add child
201.5 ±  1.4 ms - Hash
177.2 ± 36.1 ms - Map
 99.4 ±  2.0 ms - getState
0.149165
0.163551
0.300935
1620.8 ±  0.0 ms - Total time
1093.6 ±  0.0 ms - Build f time
 97.6 ±  1.1 ms - Apply f time
916.1 ±  5.8 ms - Real f time 
395.7 ± 26.9 ms - Add time
 20.7 ±  0.5 ms - Find child
 27.1 ±  0.6 ms - Add child
253.5 ±  1.6 ms - Hash
217.0 ± 36.0 ms - Map
139.0 ±  3.9 ms - getState
0.129071
0.143731
0.285555
1906.4 ±  0.0 ms - Total time
1222.7 ±  0.0 ms - Build f time
122.4 ±  1.3 ms - Apply f time
1031.5 ±  6.1 ms - Real f time 
466.5 ± 26.9 ms - Add time
 27.2 ±  0.6 ms - Find child
 34.9 ±  0.7 ms - Add child
304.1 ±  1.9 ms - Hash
261.3 ± 36.1 ms - Map
176.3 ±  4.0 ms - getState
0.144383
0.162048
0.32003
2226.5 ±  0.0 ms - Total time
1367.1 ±  0.0 ms - Build f time
149.8 ±  1.4 ms - Apply f time
1163.0 ±  6.4 ms - Real f time 
557.1 ± 27.6 ms - Add time
 33.9 ±  0.7 ms - Find child
 43.6 ±  0.8 ms - Add child
360.1 ±  2.1 ms - Hash
305.1 ± 36.1 ms - Map
218.9 ±  4.0 ms - getState
Dag sizes: 199670 227568 194898 225236 258257 
brutePieces time: 1.49327
185.3 ±  0.0 ms - Piece loop time
 90.0 ± 38.2 ms - Set time
127.4 ±  2.4 ms - Child looking time
Nodes:  1105629
Pieces: 254294
makePieces time: 0.186901
Memory: 14.6 + 36.3 + 35.4 + 38.7 + 12.3 MB
  8.4 ±  0.0 ms - Greedy fill time
composePieces time: 1.77698
                                                                                