Running only task # 258
Using max depth 23
 |                                        | 0 / 416 (0.0%)Function count: 142
0.239783
0.268842
0.244487
0.276767
0.236228
0.263045
0.239369
0.267069
0.261663
0.291973
0.228969
0.256291
0.303611
0.338716
 73.3 ±  0.0 ms - Piece loop time
 62.5 ± 48.4 ms - Set time
 54.8 ±  1.8 ms - Child looking time
0.244368
0.272529
0.725724
2688.8 ±  0.0 ms - Total time
1998.5 ±  0.0 ms - Build f time
137.5 ±  3.3 ms - Apply f time
1569.1 ± 10.8 ms - Real f time 
571.4 ±  4.5 ms - Add time
 18.4 ±  0.5 ms - Find child
 26.1 ±  0.6 ms - Add child
413.5 ±  5.8 ms - Hash
264.7 ± 42.4 ms - Map
182.2 ±  2.5 ms - getState
0.246806
0.277494
0.787654
3476.5 ±  0.0 ms - Total time
2245.3 ±  0.0 ms - Build f time
204.4 ±  3.4 ms - Apply f time
1808.4 ± 11.4 ms - Real f time 
796.8 ±  7.3 ms - Add time
 33.9 ±  0.7 ms - Find child
 47.9 ±  0.8 ms - Add child
563.1 ±  5.8 ms - Hash
372.8 ± 42.3 ms - Map
305.0 ±  4.2 ms - getState
0.234541
0.263236
0.71982
4196.3 ±  0.0 ms - Total time
2479.8 ±  0.0 ms - Build f time
271.5 ±  4.1 ms - Apply f time
2037.9 ± 12.0 ms - Real f time 
994.0 ±  7.6 ms - Add time
 48.5 ±  0.8 ms - Find child
 68.0 ±  0.9 ms - Add child
720.0 ± 16.9 ms - Hash
467.9 ± 42.3 ms - Map
411.6 ±  4.4 ms - getState
0.243376
0.270792
0.724787
4921.1 ±  0.0 ms - Total time
2723.2 ±  0.0 ms - Build f time
336.8 ±  4.2 ms - Apply f time
2270.5 ± 12.8 ms - Real f time 
1200.9 ± 10.4 ms - Add time
 63.6 ±  0.9 ms - Find child
 89.4 ±  1.1 ms - Add child
868.0 ± 17.2 ms - Hash
557.5 ± 42.3 ms - Map
523.1 ±  4.5 ms - getState
0.256481
0.286747
0.787926
5709.1 ±  0.0 ms - Total time
2979.7 ±  0.0 ms - Build f time
406.2 ±  4.3 ms - Apply f time
2510.1 ± 13.2 ms - Real f time 
1424.5 ± 10.6 ms - Add time
 79.2 ±  1.0 ms - Find child
111.3 ±  1.2 ms - Add child
1020.6 ± 17.3 ms - Hash
658.8 ± 42.4 ms - Map
641.8 ±  4.7 ms - getState
0.238441
0.264922
0.707264
6416.4 ±  0.0 ms - Total time
3218.1 ±  0.0 ms - Build f time
467.2 ±  4.4 ms - Apply f time
2755.0 ± 21.7 ms - Real f time 
1622.3 ± 10.8 ms - Add time
 93.1 ±  1.1 ms - Find child
131.2 ±  1.3 ms - Add child
1162.5 ± 17.4 ms - Hash
741.4 ± 42.4 ms - Map
751.5 ±  4.9 ms - getState
0.31302
0.347895
0.989324
7405.8 ±  0.0 ms - Total time
3531.1 ±  0.0 ms - Build f time
548.2 ±  4.5 ms - Apply f time
3062.4 ± 22.5 ms - Real f time 
1959.2 ± 46.4 ms - Add time
109.9 ±  1.2 ms - Find child
156.7 ±  1.9 ms - Add child
1351.3 ± 17.4 ms - Hash
868.9 ± 45.2 ms - Map
915.1 ±  5.2 ms - getState
Dag sizes: 466264 531287 469967 468458 530689 468471 566642 
brutePieces time: 5.44631
412.8 ±  0.0 ms - Piece loop time
151.1 ± 16.3 ms - Set time
259.4 ±  2.8 ms - Child looking time
Nodes:  3501778
Pieces: 484529
makePieces time: 0.415623
Memory: 72.8 + 107.3 + 112.1 + 85.4 + 30.9 MB
130.6 ± 28.0 ms - Greedy fill time
composePieces time: 21.5108
                                                                                