Running only task # 179
Using max depth 33
 |                                        | 0 / 416 (0.0%)Function count: 142
0.0238905
0.0259652
0.0278711
0.0301688
0.0337573
0.0361228
0.0282353
0.0306844
0.0245405
0.0265365
0.0281252
0.0304245
0.032837
0.0351214
0.0286732
0.0310728
0.046098
0.0495086
 49.4 ±  0.0 ms - Piece loop time
 41.7 ± 36.6 ms - Set time
 43.1 ±  1.4 ms - Child looking time
0.0344604
0.0364486
0.0542262
350.1 ±  0.0 ms - Total time
308.5 ±  0.0 ms - Build f time
 13.5 ±  0.4 ms - Apply f time
288.5 ±  7.6 ms - Real f time 
 70.7 ±  7.3 ms - Add time
  2.6 ±  0.2 ms - Find child
  3.4 ±  0.2 ms - Add child
 51.7 ±  0.8 ms - Hash
 84.9 ± 40.9 ms - Map
 12.1 ±  0.3 ms - getState
0.0424394
0.0449272
0.0783587
428.5 ±  0.0 ms - Total time
350.9 ±  0.0 ms - Build f time
 21.3 ±  0.5 ms - Apply f time
330.8 ±  7.7 ms - Real f time 
 89.1 ±  7.3 ms - Add time
  5.0 ±  0.3 ms - Find child
  6.3 ±  0.3 ms - Add child
 65.9 ±  1.1 ms - Hash
 98.9 ± 40.9 ms - Map
 19.7 ±  0.4 ms - getState
0.0532397
0.0566283
0.0977574
526.3 ±  0.0 ms - Total time
404.2 ±  0.0 ms - Build f time
 31.1 ±  0.6 ms - Apply f time
381.0 ±  7.7 ms - Real f time 
112.1 ±  7.3 ms - Add time
  7.5 ±  0.3 ms - Find child
 10.4 ±  0.4 ms - Add child
 84.3 ±  1.2 ms - Hash
112.8 ± 40.9 ms - Map
 29.8 ±  0.5 ms - getState
0.042365
0.044798
0.0766705
603.0 ±  0.0 ms - Total time
446.5 ±  0.0 ms - Build f time
 38.7 ±  0.8 ms - Apply f time
420.7 ±  7.8 ms - Real f time 
130.3 ±  7.4 ms - Add time
  9.6 ±  0.4 ms - Find child
 13.8 ±  0.4 ms - Add child
 99.3 ±  1.3 ms - Hash
122.9 ± 40.9 ms - Map
 37.9 ±  0.6 ms - getState
0.0330255
0.0350436
0.0542809
657.3 ±  0.0 ms - Total time
479.6 ±  0.0 ms - Build f time
 44.4 ±  0.8 ms - Apply f time
454.6 ±  7.9 ms - Real f time 
142.2 ±  7.4 ms - Add time
 11.2 ±  0.4 ms - Find child
 15.8 ±  0.5 ms - Add child
108.7 ±  1.3 ms - Hash
129.5 ± 40.9 ms - Map
 42.7 ±  0.6 ms - getState
0.0425853
0.045011
0.0770905
734.4 ±  0.0 ms - Total time
522.1 ±  0.0 ms - Build f time
 52.2 ±  0.9 ms - Apply f time
495.7 ±  8.0 ms - Real f time 
160.2 ±  7.4 ms - Add time
 13.3 ±  0.4 ms - Find child
 19.1 ±  0.5 ms - Add child
122.6 ±  1.4 ms - Hash
140.7 ± 40.9 ms - Map
 51.1 ±  0.7 ms - getState
0.0523003
0.0555963
0.0991525
833.6 ±  0.0 ms - Total time
574.4 ±  0.0 ms - Build f time
 61.2 ±  1.0 ms - Apply f time
546.7 ±  8.1 ms - Real f time 
224.8 ± 42.1 ms - Add time
 16.3 ±  0.5 ms - Find child
 22.9 ±  0.6 ms - Add child
141.0 ±  1.4 ms - Hash
154.8 ± 40.9 ms - Map
 61.5 ±  0.8 ms - getState
0.0420972
0.0446435
0.0782258
911.8 ±  0.0 ms - Total time
616.5 ±  0.0 ms - Build f time
 68.2 ±  1.0 ms - Apply f time
587.9 ±  8.1 ms - Real f time 
243.2 ± 42.1 ms - Add time
 18.6 ±  0.5 ms - Find child
 26.0 ±  0.6 ms - Add child
157.2 ±  1.5 ms - Hash
165.1 ± 40.9 ms - Map
 70.3 ±  0.8 ms - getState
0.0789214
0.0835372
0.167109
1079.0 ±  0.0 ms - Total time
695.5 ±  0.0 ms - Build f time
 82.7 ±  1.1 ms - Apply f time
660.7 ±  8.4 ms - Real f time 
285.6 ± 42.1 ms - Add time
 22.3 ±  0.5 ms - Find child
 31.3 ±  0.6 ms - Add child
189.6 ±  1.6 ms - Hash
188.6 ± 40.9 ms - Map
 88.2 ±  0.9 ms - getState
Dag sizes: 50784 75806 92216 69703 50648 75771 92192 70851 133183 
brutePieces time: 0.790231
175.8 ±  0.0 ms - Piece loop time
 38.2 ± 14.5 ms - Set time
137.7 ±  2.4 ms - Child looking time
Nodes:  711154
Pieces: 106259
makePieces time: 0.176652
Memory: 5.5 + 29.9 + 22.8 + 49.1 + 8.8 MB
 10.7 ±  0.6 ms - Greedy fill time
composePieces time: 1.58011
                                                                                