Running only task # 78
Using max depth 3
 |                                        | 0 / 416 (0.0%)Function count: 142
0.0449679
0.0492691
0.0598487
0.067174
0.0578304
0.0640115
0.0829393
0.0925259
 27.6 ±  0.0 ms - Piece loop time
 44.9 ± 39.3 ms - Set time
 21.2 ±  0.8 ms - Child looking time
0.0681318
0.0740319
0.154436
427.7 ±  0.0 ms - Total time
313.7 ±  0.0 ms - Build f time
 23.5 ±  0.6 ms - Apply f time
267.0 ±  6.1 ms - Real f time 
102.9 ± 12.3 ms - Add time
  4.8 ±  0.2 ms - Find child
  7.0 ±  0.3 ms - Add child
 69.0 ±  0.9 ms - Hash
 90.9 ± 38.9 ms - Map
 28.9 ±  0.8 ms - getState
0.11712
0.128731
0.321416
749.1 ±  0.0 ms - Total time
430.8 ±  0.0 ms - Build f time
 50.0 ±  0.9 ms - Apply f time
376.9 ±  6.5 ms - Real f time 
216.8 ± 22.9 ms - Add time
 11.2 ±  0.4 ms - Find child
 15.3 ±  0.4 ms - Add child
138.5 ±  1.2 ms - Hash
123.4 ± 38.9 ms - Map
 76.8 ±  1.1 ms - getState
0.145021
0.157016
0.417795
1167.0 ±  0.0 ms - Total time
575.9 ±  0.0 ms - Build f time
 78.0 ±  1.1 ms - Apply f time
500.9 ±  7.9 ms - Real f time 
341.0 ± 23.0 ms - Add time
 17.1 ±  0.5 ms - Find child
 23.5 ±  0.5 ms - Add child
234.4 ±  1.7 ms - Hash
155.8 ± 39.0 ms - Map
141.1 ±  1.6 ms - getState
0.231522
0.251019
0.736442
1903.4 ±  0.0 ms - Total time
807.4 ±  0.0 ms - Build f time
123.2 ±  1.5 ms - Apply f time
699.6 ± 10.5 ms - Real f time 
590.2 ± 27.0 ms - Add time
 25.0 ±  0.6 ms - Find child
 34.6 ±  0.7 ms - Add child
410.5 ±  2.7 ms - Hash
201.9 ± 39.0 ms - Map
258.5 ±  2.5 ms - getState
Dag sizes: 118389 196867 178987 230829 
brutePieces time: 1.63302
121.0 ±  0.0 ms - Piece loop time
 53.1 ± 19.7 ms - Set time
 82.5 ±  1.4 ms - Child looking time
Nodes:  725072
Pieces: 189157
makePieces time: 0.121966
Memory: 25.8 + 26.9 + 23.2 + 28.4 + 7.7 MB
 32.6 ±  0.0 ms - Greedy fill time
composePieces time: 1.77792
                                                                                