Running only task # 398
Using max depth 23
 |                                        | 0 / 416 (0.0%)Function count: 142
0.0371526
0.0392516
0.0804906
0.0856742
0.0793761
0.0850183
0.0365216
0.0386932
0.0802462
0.0854497
0.0791606
0.0850591
0.0805906
0.0859843
 30.2 ±  0.0 ms - Piece loop time
 45.7 ± 41.1 ms - Set time
 24.6 ±  1.0 ms - Child looking time
0.0480198
0.0501447
0.0728672
578.2 ±  0.0 ms - Total time
521.6 ±  0.0 ms - Build f time
 17.1 ±  0.4 ms - Apply f time
456.7 ±  4.9 ms - Real f time 
 88.1 ±  1.6 ms - Add time
  2.6 ±  0.2 ms - Find child
  4.2 ±  0.2 ms - Add child
 82.2 ±  1.2 ms - Hash
 85.0 ± 37.6 ms - Map
 17.3 ±  0.6 ms - getState
0.0805058
0.0856678
0.142633
720.9 ±  0.0 ms - Total time
602.1 ±  0.0 ms - Build f time
 28.3 ±  0.6 ms - Apply f time
536.2 ±  5.3 ms - Real f time 
119.3 ±  1.9 ms - Add time
  7.6 ±  2.1 ms - Find child
  7.6 ±  0.3 ms - Add child
108.2 ±  1.4 ms - Hash
103.5 ± 37.6 ms - Map
 31.4 ±  0.9 ms - getState
0.0815493
0.0876599
0.150943
871.8 ±  0.0 ms - Total time
683.6 ±  0.0 ms - Build f time
 40.8 ±  1.1 ms - Apply f time
615.0 ±  6.1 ms - Real f time 
151.8 ±  2.0 ms - Add time
 10.9 ±  2.2 ms - Find child
 12.0 ±  0.4 ms - Add child
138.4 ±  2.6 ms - Hash
124.6 ± 37.7 ms - Map
 45.7 ±  1.0 ms - getState
0.0367809
0.0390152
0.0566847
928.6 ±  0.0 ms - Total time
720.4 ±  0.0 ms - Build f time
 45.8 ±  1.1 ms - Apply f time
651.0 ±  6.1 ms - Real f time 
164.1 ±  2.1 ms - Add time
 12.7 ±  2.2 ms - Find child
 13.7 ±  0.4 ms - Add child
147.4 ±  2.6 ms - Hash
133.3 ± 37.6 ms - Map
 50.2 ±  1.0 ms - getState
0.0815815
0.08667
0.14396
1072.6 ±  0.0 ms - Total time
802.0 ±  0.0 ms - Build f time
 57.0 ±  1.2 ms - Apply f time
725.8 ±  6.3 ms - Real f time 
197.5 ±  4.2 ms - Add time
 15.8 ±  2.2 ms - Find child
 17.3 ±  0.5 ms - Add child
172.4 ±  2.7 ms - Hash
152.5 ± 37.7 ms - Map
 63.5 ±  1.1 ms - getState
0.0819267
0.0876505
0.148014
1220.6 ±  0.0 ms - Total time
883.9 ±  0.0 ms - Build f time
 68.6 ±  1.2 ms - Apply f time
802.7 ±  6.5 ms - Real f time 
229.4 ±  4.3 ms - Add time
 18.6 ±  2.2 ms - Find child
 21.4 ±  0.5 ms - Add child
199.1 ±  2.7 ms - Hash
171.9 ± 37.6 ms - Map
 77.9 ±  1.1 ms - getState
0.087851
0.0934315
0.154234
1374.9 ±  0.0 ms - Total time
971.7 ±  0.0 ms - Build f time
 80.2 ±  1.3 ms - Apply f time
881.6 ±  6.6 ms - Real f time 
261.6 ±  4.3 ms - Add time
 21.7 ±  2.2 ms - Find child
 25.3 ±  0.6 ms - Add child
226.2 ±  2.8 ms - Hash
191.1 ± 37.6 ms - Map
 92.2 ±  1.2 ms - getState
Dag sizes: 42263 98280 106041 42260 98220 106037 103316 
brutePieces time: 0.873985
101.3 ±  0.0 ms - Piece loop time
 66.0 ± 44.8 ms - Set time
 73.4 ±  1.6 ms - Child looking time
Nodes:  596417
Pieces: 84837
makePieces time: 0.102664
Memory: 6.6 + 23.9 + 19.1 + 38.9 + 5.8 MB
 15.2 ±  1.0 ms - Greedy fill time
composePieces time: 1.44283
                                                                                