Running only task # 406
Using max depth 3
 |                                        | 0 / 416 (0.0%)Function count: 142
0.110033
0.12331
0.130671
0.142217
0.121624
0.136632
0.147628
0.163844
 27.9 ±  0.0 ms - Piece loop time
 52.7 ± 45.3 ms - Set time
 20.0 ±  0.8 ms - Child looking time
0.103968
0.112722
0.215526
781.7 ±  0.0 ms - Total time
613.9 ±  0.0 ms - Build f time
 40.4 ±  1.1 ms - Apply f time
522.6 ± 17.0 ms - Real f time 
203.9 ± 32.1 ms - Add time
  6.9 ±  0.3 ms - Find child
  8.7 ±  0.3 ms - Add child
112.9 ±  1.1 ms - Hash
100.5 ± 39.4 ms - Map
 48.8 ±  0.8 ms - getState
0.121945
0.133189
0.25832
1040.0 ±  0.0 ms - Total time
735.9 ±  0.0 ms - Build f time
 63.4 ±  1.2 ms - Apply f time
637.1 ± 17.1 ms - Real f time 
282.9 ± 35.3 ms - Add time
 13.0 ±  0.4 ms - Find child
 17.9 ±  0.5 ms - Add child
160.4 ±  1.2 ms - Hash
126.7 ± 39.4 ms - Map
 84.4 ±  1.0 ms - getState
0.127268
0.138935
0.265562
1305.6 ±  0.0 ms - Total time
863.1 ±  0.0 ms - Build f time
 88.1 ±  1.4 ms - Apply f time
761.4 ± 17.4 ms - Real f time 
347.1 ± 35.3 ms - Add time
 19.4 ±  0.5 ms - Find child
 26.5 ±  0.6 ms - Add child
208.7 ±  1.4 ms - Hash
155.1 ± 39.5 ms - Map
119.7 ±  1.2 ms - getState
0.14765
0.162419
0.329469
1635.1 ±  0.0 ms - Total time
1010.8 ±  0.0 ms - Build f time
117.4 ±  1.5 ms - Apply f time
902.5 ± 17.6 ms - Real f time 
427.9 ± 35.3 ms - Add time
 26.8 ±  0.6 ms - Find child
 37.2 ±  0.7 ms - Add child
265.7 ±  1.6 ms - Hash
198.4 ± 39.5 ms - Map
166.3 ±  1.4 ms - getState
Dag sizes: 158801 184516 186481 227661 
brutePieces time: 1.07172
108.1 ±  0.0 ms - Piece loop time
 83.6 ± 46.1 ms - Set time
 66.1 ±  1.2 ms - Child looking time
Nodes:  757459
Pieces: 174867
makePieces time: 0.109516
Memory: 10.8 + 28.9 + 24.2 + 28.9 + 6.6 MB
  2.2 ±  0.0 ms - Greedy fill time
composePieces time: 0.503361
                                                                                