Running only task # 353
Using max depth 3
 |                                        | 0 / 416 (0.0%)Function count: 142
0.363792
0.417145
0.321571
0.35811
0.324188
0.366803
0.378886
0.42606
 34.0 ±  0.0 ms - Piece loop time
 25.9 ± 17.9 ms - Set time
 25.5 ±  1.0 ms - Child looking time
0.365031
0.413589
0.643807
2212.1 ±  0.0 ms - Total time
1753.5 ±  0.0 ms - Build f time
104.2 ±  2.0 ms - Apply f time
1477.5 ± 14.8 ms - Real f time 
446.9 ± 22.8 ms - Add time
  7.3 ±  0.3 ms - Find child
 12.1 ±  1.5 ms - Add child
297.4 ±  2.0 ms - Hash
135.0 ± 38.5 ms - Map
153.5 ±  1.8 ms - getState
0.319985
0.355937
0.58564
2797.8 ±  0.0 ms - Total time
2073.5 ±  0.0 ms - Build f time
138.3 ±  2.2 ms - Apply f time
1748.3 ± 16.2 ms - Real f time 
576.7 ± 22.9 ms - Add time
 12.8 ±  0.4 ms - Find child
 19.4 ±  1.5 ms - Add child
403.9 ±  2.1 ms - Hash
172.4 ± 38.7 ms - Map
239.0 ±  2.1 ms - getState
0.327649
0.370028
0.580374
3378.2 ±  0.0 ms - Total time
2401.1 ±  0.0 ms - Build f time
172.9 ±  2.4 ms - Apply f time
2036.3 ± 17.2 ms - Real f time 
702.5 ± 23.0 ms - Add time
 17.6 ±  0.5 ms - Find child
 26.3 ±  1.5 ms - Add child
501.5 ±  2.3 ms - Hash
204.8 ± 38.7 ms - Map
318.1 ±  2.3 ms - getState
0.393548
0.441211
0.708041
4086.3 ±  0.0 ms - Total time
2794.6 ±  0.0 ms - Build f time
212.7 ±  2.6 ms - Apply f time
2372.7 ± 18.3 ms - Real f time 
859.7 ± 23.1 ms - Add time
 23.1 ±  0.5 ms - Find child
 34.6 ±  1.6 ms - Add child
625.5 ±  2.5 ms - Hash
244.8 ± 38.7 ms - Map
418.4 ±  2.7 ms - getState
Dag sizes: 212775 202133 189176 205249 
brutePieces time: 2.51989
 91.5 ±  0.0 ms - Piece loop time
 50.3 ± 17.7 ms - Set time
 58.7 ±  2.0 ms - Child looking time
Nodes:  809333
Pieces: 153409
makePieces time: 0.0923041
Memory: 29.5 + 27.5 + 25.9 + 29.7 + 6.2 MB
  5.8 ±  0.0 ms - Greedy fill time
composePieces time: 1.00435
                                                                                