Running only task # 268
Using max depth 3
 |                                        | 0 / 416 (0.0%)Function count: 142
0.129487
0.143177
0.13248
0.144129
0.133889
0.147547
0.12711
0.13968
 25.3 ±  0.0 ms - Piece loop time
 41.6 ± 34.5 ms - Set time
 17.5 ±  0.9 ms - Child looking time
0.131301
0.143907
0.29613
870.8 ±  0.0 ms - Total time
654.3 ±  0.0 ms - Build f time
 45.0 ±  0.8 ms - Apply f time
534.1 ±  4.1 ms - Real f time 
201.8 ± 12.0 ms - Add time
  8.3 ±  0.3 ms - Find child
 12.0 ±  0.4 ms - Add child
142.1 ±  1.5 ms - Hash
116.8 ± 39.5 ms - Map
 56.2 ±  0.7 ms - getState
0.120913
0.132239
0.265681
1136.5 ±  0.0 ms - Total time
775.2 ±  0.0 ms - Build f time
 69.3 ±  0.9 ms - Apply f time
650.5 ±  4.7 ms - Real f time 
269.2 ± 12.0 ms - Add time
 14.8 ±  0.4 ms - Find child
 21.1 ±  0.5 ms - Add child
195.4 ±  2.8 ms - Hash
146.9 ± 39.5 ms - Map
 88.9 ±  0.9 ms - getState
0.135381
0.14878
0.316369
1453.0 ±  0.0 ms - Total time
910.6 ±  0.0 ms - Build f time
 98.4 ±  1.1 ms - Apply f time
781.7 ±  5.1 ms - Real f time 
354.7 ± 12.1 ms - Add time
 22.6 ±  0.5 ms - Find child
 31.9 ±  0.6 ms - Add child
256.9 ±  3.6 ms - Hash
180.5 ± 39.5 ms - Map
130.7 ±  1.1 ms - getState
0.132777
0.145463
0.294248
1747.2 ±  0.0 ms - Total time
1043.3 ±  0.0 ms - Build f time
124.4 ±  1.2 ms - Apply f time
905.4 ±  5.5 ms - Real f time 
429.8 ± 12.1 ms - Add time
 29.7 ±  0.6 ms - Find child
 41.1 ±  0.7 ms - Add child
313.0 ±  3.7 ms - Hash
215.8 ± 39.5 ms - Map
166.3 ±  1.2 ms - getState
Dag sizes: 255600 214291 266727 234132 
brutePieces time: 1.17461
107.7 ±  0.0 ms - Piece loop time
 76.6 ± 39.3 ms - Set time
 71.4 ±  2.3 ms - Child looking time
Nodes:  970750
Pieces: 215577
makePieces time: 0.109073
Memory: 12.6 + 34.5 + 31.1 + 32.3 + 8.6 MB
  4.1 ±  0.0 ms - Greedy fill time
composePieces time: 0.593167
                                                                                