Running only task # 247
Using max depth 3
 |                                        | 0 / 416 (0.0%)Function count: 142
0.0711981
0.076025
0.0456324
0.048877
0.0569838
0.0612942
0.0672951
0.0726457
 21.4 ±  0.0 ms - Piece loop time
 38.1 ± 32.4 ms - Set time
 15.6 ±  0.8 ms - Child looking time
0.0773382
0.0819933
0.135156
394.1 ±  0.0 ms - Total time
318.4 ±  0.0 ms - Build f time
 14.7 ±  0.4 ms - Apply f time
264.6 ±  2.8 ms - Real f time 
 71.8 ±  1.5 ms - Add time
  3.1 ±  0.2 ms - Find child
  4.6 ±  0.2 ms - Add child
 72.8 ±  0.8 ms - Hash
 71.9 ± 37.8 ms - Map
 20.3 ±  0.8 ms - getState
0.0463271
0.0496496
0.0804212
474.6 ±  0.0 ms - Total time
364.8 ±  0.0 ms - Build f time
 22.1 ±  0.5 ms - Apply f time
307.2 ±  3.0 ms - Real f time 
 89.0 ±  1.6 ms - Add time
  5.5 ±  0.3 ms - Find child
  7.4 ±  0.3 ms - Add child
 88.6 ±  0.9 ms - Hash
 81.7 ± 37.7 ms - Map
 27.8 ±  0.9 ms - getState
0.0622978
0.0662243
0.103616
578.2 ±  0.0 ms - Total time
427.1 ±  0.0 ms - Build f time
 30.7 ±  0.6 ms - Apply f time
363.9 ±  3.2 ms - Real f time 
111.6 ±  1.7 ms - Add time
  7.6 ±  0.3 ms - Find child
 10.9 ±  0.4 ms - Add child
109.2 ±  1.1 ms - Hash
 93.3 ± 37.7 ms - Map
 37.5 ±  0.9 ms - getState
0.0808514
0.086159
0.137043
715.3 ±  0.0 ms - Total time
507.9 ±  0.0 ms - Build f time
 40.7 ±  0.7 ms - Apply f time
430.7 ±  3.5 ms - Real f time 
141.1 ±  1.8 ms - Add time
 10.6 ±  0.4 ms - Find child
 15.2 ±  0.4 ms - Add child
135.2 ±  1.2 ms - Hash
109.7 ± 37.8 ms - Map
 50.7 ±  1.0 ms - getState
Dag sizes: 80720 66600 78432 91216 
brutePieces time: 0.459116
 50.6 ±  0.0 ms - Piece loop time
 48.0 ± 35.4 ms - Set time
 36.0 ±  0.9 ms - Child looking time
Nodes:  316968
Pieces: 71795
makePieces time: 0.0516363
Memory: 3.6 + 13.0 + 10.1 + 21.8 + 3.1 MB
  5.1 ±  0.0 ms - Greedy fill time
composePieces time: 0.216273
                                                                                