Running only task # 11
Using max depth 4
 |                                        | 0 / 416 (0.0%)Function count: 142
0.123774
0.13281
0.0696461
0.0748188
0.0943819
0.102129
0.0940826
0.10175
0.160239
0.17659
 30.2 ±  0.0 ms - Piece loop time
 48.5 ± 41.0 ms - Set time
 24.3 ±  1.4 ms - Child looking time
2.59717
2.80893
4.51574
5104.0 ±  0.0 ms - Total time
3139.3 ±  0.0 ms - Build f time
262.5 ±  2.3 ms - Apply f time
2536.7 ± 14.8 ms - Real f time 
977.5 ±  9.0 ms - Add time
 47.7 ±  1.6 ms - Find child
 61.5 ±  1.0 ms - Add child
1089.9 ±  7.1 ms - Hash
480.8 ± 50.9 ms - Map
470.7 ±  2.6 ms - getState
1.5161
1.63518
2.45546
7559.5 ±  0.0 ms - Total time
4655.4 ±  0.0 ms - Build f time
400.6 ±  2.6 ms - Apply f time
3817.7 ± 17.2 ms - Real f time 
1440.6 ± 15.3 ms - Add time
 75.6 ±  1.7 ms - Find child
101.3 ±  1.2 ms - Add child
1603.5 ±  7.5 ms - Hash
700.3 ± 51.1 ms - Map
701.3 ±  7.1 ms - getState
2.26469
2.45943
3.8864
11445.9 ±  0.0 ms - Total time
6920.1 ±  0.0 ms - Build f time
628.5 ±  3.2 ms - Apply f time
5735.9 ± 21.8 ms - Real f time 
2204.7 ± 23.7 ms - Add time
119.6 ±  1.8 ms - Find child
164.0 ±  1.6 ms - Add child
2384.9 ±  8.4 ms - Hash
1070.8 ± 51.3 ms - Map
1092.7 ±  9.9 ms - getState
2.1915
2.37266
3.732
15178.0 ±  0.0 ms - Total time
9111.6 ±  0.0 ms - Build f time
847.1 ±  3.6 ms - Apply f time
7584.6 ± 25.0 ms - Real f time 
2924.2 ± 27.1 ms - Add time
162.2 ±  2.1 ms - Find child
220.3 ±  1.9 ms - Add child
3160.3 ±  9.2 ms - Hash
1414.0 ± 51.5 ms - Map
1469.5 ± 10.2 ms - getState
3.67742
4.01573
6.61078
21788.8 ±  0.0 ms - Total time
12789.0 ±  0.0 ms - Build f time
1238.0 ± 14.9 ms - Apply f time
10591.4 ± 29.7 ms - Real f time 
4258.2 ± 30.5 ms - Add time
230.3 ±  2.4 ms - Find child
312.7 ±  2.3 ms - Add child
4517.6 ±  9.8 ms - Hash
2191.8 ± 187.1 ms - Map
2194.8 ± 10.9 ms - getState
Dag sizes: 1312854 881607 1418824 1306956 2113646 
brutePieces time: 21.2026
2450.0 ±  0.0 ms - Piece loop time
708.2 ± 16.4 ms - Set time
1628.7 ±  8.3 ms - Child looking time
Nodes:  7033887
Pieces: 1824520
makePieces time: 2.45775
Memory: 215.2 + 289.1 + 225.1 + 171.3 + 100.7 MB
163.2 ± 45.1 ms - Greedy fill time
composePieces time: 26.9224
                                                                                