Running only task # 232
Using max depth 4
 |                                        | 0 / 416 (0.0%)Function count: 142
0.157042
0.172524
0.155811
0.171884
0.160523
0.177812
 17.8 ±  0.0 ms - Piece loop time
 42.0 ± 36.8 ms - Set time
 12.0 ±  0.7 ms - Child looking time
4.97242
5.52174
9.98087
10503.2 ±  0.0 ms - Total time
5445.8 ±  0.0 ms - Build f time
903.4 ±  4.0 ms - Apply f time
4705.5 ± 18.6 ms - Real f time 
2156.3 ± 32.4 ms - Add time
235.3 ±  2.2 ms - Find child
355.3 ±  2.5 ms - Add child
1866.2 ± 15.0 ms - Hash
1652.4 ± 26.8 ms - Map
1066.9 ±  7.0 ms - getState
4.96259
5.53809
10.0423
20545.6 ±  0.0 ms - Total time
10408.4 ±  0.0 ms - Build f time
1825.1 ± 16.4 ms - Apply f time
9114.9 ± 31.7 ms - Real f time 
4391.0 ± 122.0 ms - Add time
469.9 ±  2.8 ms - Find child
732.6 ± 17.8 ms - Add child
3666.3 ± 19.8 ms - Hash
3213.3 ± 27.5 ms - Map
2140.0 ±  9.6 ms - getState
5.14175
5.72668
10.2446
30790.2 ±  0.0 ms - Total time
15550.1 ±  0.0 ms - Build f time
2740.0 ± 16.8 ms - Apply f time
13702.7 ± 47.0 ms - Real f time 
7206.1 ± 743.2 ms - Add time
709.0 ±  3.6 ms - Find child
1098.3 ± 18.1 ms - Add child
5495.8 ± 26.3 ms - Hash
5055.9 ± 259.1 ms - Map
3212.5 ± 10.8 ms - getState
Dag sizes: 4808486 4949638 4887976 
brutePieces time: 30.269
3403.6 ±  0.0 ms - Piece loop time
1607.6 ± 27.0 ms - Set time
1747.8 ±  7.9 ms - Child looking time
Nodes:  14646100
Pieces: 580981
makePieces time: 3.40771
Memory: 270.5 + 752.6 + 468.7 + 335.0 + 117.6 MB
 53.8 ±  0.0 ms - Greedy fill time
composePieces time: 0.755748
                                                                                