Running only task # 1
Using max depth 4
 |                                        | 0 / 416 (0.0%)Function count: 142
0.00731642
0.00786908
0.0103237
0.0110961
0.00298648
0.00311834
0.00297338
0.00309471
0.00640001
0.00670292
0.0103926
0.0110585
 15.0 ±  0.0 ms - Piece loop time
 39.6 ± 38.4 ms - Set time
 13.7 ±  0.7 ms - Child looking time
0.067499
0.0708693
0.0755144
118.6 ±  0.0 ms - Total time
107.9 ±  0.0 ms - Build f time
  3.7 ±  0.2 ms - Apply f time
109.3 ±  1.4 ms - Real f time 
 17.9 ±  0.5 ms - Add time
  1.3 ±  0.2 ms - Find child
  1.4 ±  0.1 ms - Add child
 20.8 ±  0.5 ms - Hash
 50.7 ± 35.7 ms - Map
  3.7 ±  0.2 ms - getState
0.133057
0.141145
0.149347
267.9 ±  0.0 ms - Total time
240.9 ±  0.0 ms - Build f time
  8.7 ±  0.3 ms - Apply f time
238.1 ±  1.9 ms - Real f time 
 44.0 ±  4.2 ms - Add time
  3.3 ±  0.2 ms - Find child
  4.1 ±  0.3 ms - Add child
 55.5 ± 10.9 ms - Hash
 70.5 ± 35.6 ms - Map
  9.6 ±  0.5 ms - getState
0.0240191
0.024826
0.025788
293.7 ±  0.0 ms - Total time
265.0 ±  0.0 ms - Build f time
  9.5 ±  0.3 ms - Apply f time
262.6 ±  2.0 ms - Real f time 
 48.0 ±  4.2 ms - Add time
  3.5 ±  0.3 ms - Find child
  4.4 ±  0.3 ms - Add child
 60.5 ± 10.9 ms - Hash
 73.5 ± 35.6 ms - Map
 10.3 ±  0.5 ms - getState
0.0249606
0.0258621
0.0268864
320.6 ±  0.0 ms - Total time
289.9 ±  0.0 ms - Build f time
 10.3 ±  0.3 ms - Apply f time
288.1 ±  2.1 ms - Real f time 
 51.3 ±  4.3 ms - Add time
  3.9 ±  0.3 ms - Find child
  4.8 ±  0.3 ms - Add child
 65.2 ± 10.9 ms - Hash
 77.3 ± 35.6 ms - Map
 11.0 ±  0.5 ms - getState
0.0579188
0.0604461
0.0634849
384.1 ±  0.0 ms - Total time
347.8 ±  0.0 ms - Build f time
 12.3 ±  0.4 ms - Apply f time
346.2 ±  2.2 ms - Real f time 
 62.3 ±  4.3 ms - Add time
  4.6 ±  0.3 ms - Find child
  6.0 ±  0.4 ms - Add child
 76.1 ± 10.9 ms - Hash
 85.5 ± 35.6 ms - Map
 12.7 ±  0.5 ms - getState
0.120305
0.126746
0.132671
516.8 ±  0.0 ms - Total time
468.1 ±  0.0 ms - Build f time
 16.3 ±  0.4 ms - Apply f time
470.1 ±  2.5 ms - Real f time 
 81.8 ±  4.4 ms - Add time
  6.2 ±  0.3 ms - Find child
  7.7 ±  0.4 ms - Add child
 95.7 ± 10.9 ms - Hash
100.5 ± 35.6 ms - Map
 17.2 ±  0.5 ms - getState
Dag sizes: 26768 52557 7763 7763 22264 42459 
brutePieces time: 0.478461
278.7 ±  0.0 ms - Piece loop time
 79.3 ± 48.8 ms - Set time
235.1 ±  3.5 ms - Child looking time
Nodes:  159574
Pieces: 29168
makePieces time: 0.280075
Memory: 0.6 + 24.3 + 5.1 + 27.7 + 5.8 MB
  1.5 ±  0.2 ms - Greedy fill time
composePieces time: 0.203402
                                                                                