Running only task # 2
Using max depth 3
 |                                        | 0 / 416 (0.0%)Function count: 142
0.0353037
0.0375545
0.0338781
0.0355398
0.0377784
0.0400738
0.0336717
0.0358219
 16.7 ±  0.0 ms - Piece loop time
 46.7 ± 41.1 ms - Set time
 13.4 ±  0.7 ms - Child looking time
0.0378458
0.0396712
0.0455521
194.6 ±  0.0 ms - Total time
178.5 ±  0.0 ms - Build f time
  5.4 ±  0.2 ms - Apply f time
155.7 ±  1.9 ms - Real f time 
 29.4 ±  0.8 ms - Add time
  1.2 ±  0.1 ms - Find child
  1.7 ±  0.2 ms - Add child
 32.9 ±  0.6 ms - Hash
 63.9 ± 46.3 ms - Map
  5.2 ±  0.2 ms - getState
0.0357623
0.0374009
0.0438899
238.5 ±  0.0 ms - Total time
214.2 ±  0.0 ms - Build f time
  7.9 ±  0.3 ms - Apply f time
189.4 ±  2.5 ms - Real f time 
 36.1 ±  0.8 ms - Add time
  2.0 ±  0.2 ms - Find child
  2.9 ±  0.2 ms - Add child
 41.6 ±  0.7 ms - Hash
 68.7 ± 46.3 ms - Map
  7.4 ±  0.3 ms - getState
0.0413961
0.043632
0.0510384
289.6 ±  0.0 ms - Total time
255.6 ±  0.0 ms - Build f time
 11.5 ±  0.4 ms - Apply f time
227.2 ±  2.6 ms - Real f time 
 43.6 ±  0.9 ms - Add time
  3.0 ±  0.2 ms - Find child
  4.2 ±  0.2 ms - Add child
 50.5 ±  0.8 ms - Hash
 75.1 ± 46.2 ms - Map
  9.9 ±  0.3 ms - getState
0.0354553
0.0373762
0.0432655
332.9 ±  0.0 ms - Total time
291.1 ±  0.0 ms - Build f time
 14.2 ±  0.4 ms - Apply f time
261.0 ±  2.8 ms - Real f time 
 53.1 ±  3.1 ms - Add time
  4.0 ±  0.2 ms - Find child
  5.6 ±  0.3 ms - Add child
 58.7 ±  0.8 ms - Hash
 81.1 ± 46.2 ms - Map
 12.2 ±  0.3 ms - getState
Dag sizes: 22679 21272 24437 20939 
brutePieces time: 0.186693
 28.8 ±  0.0 ms - Piece loop time
 39.9 ± 34.6 ms - Set time
 22.2 ±  0.7 ms - Child looking time
Nodes:  89327
Pieces: 11175
makePieces time: 0.0295627
Memory: 0.6 + 7.6 + 2.9 + 18.2 + 1.0 MB
  0.1 ±  0.0 ms - Greedy fill time
composePieces time: 0.0110703
                                                                                