Running only task # 25
Using max depth 23
 |                                        | 0 / 416 (0.0%)Function count: 142
0.0583755
0.0623043
0.0630617
0.0675818
0.0591214
0.0629868
0.0621554
0.066541
0.0530145
0.0566351
 18.9 ±  0.0 ms - Piece loop time
 38.1 ± 35.1 ms - Set time
 14.9 ±  0.8 ms - Child looking time
0.0594728
0.0632835
0.101425
417.6 ±  0.0 ms - Total time
355.2 ±  0.0 ms - Build f time
 13.6 ±  0.4 ms - Apply f time
298.6 ±  2.8 ms - Real f time 
 67.4 ±  1.2 ms - Add time
  2.9 ±  0.2 ms - Find child
  3.2 ±  0.2 ms - Add child
 71.9 ±  0.8 ms - Hash
 73.7 ± 38.3 ms - Map
 16.7 ±  0.4 ms - getState
0.0630692
0.0671709
0.109849
527.5 ±  0.0 ms - Total time
418.3 ±  0.0 ms - Build f time
 21.7 ±  0.5 ms - Apply f time
357.2 ±  3.3 ms - Real f time 
 90.6 ±  1.4 ms - Add time
  5.1 ±  0.3 ms - Find child
  6.5 ±  0.3 ms - Add child
 94.0 ±  1.0 ms - Hash
 85.9 ± 38.2 ms - Map
 27.0 ±  0.5 ms - getState
0.061904
0.0658295
0.105693
633.3 ±  0.0 ms - Total time
480.2 ±  0.0 ms - Build f time
 29.0 ±  0.6 ms - Apply f time
412.4 ±  3.5 ms - Real f time 
112.3 ±  1.5 ms - Add time
  7.3 ±  0.3 ms - Find child
  9.3 ±  0.3 ms - Add child
115.1 ±  1.1 ms - Hash
 98.7 ± 38.3 ms - Map
 37.0 ±  0.6 ms - getState
0.0636989
0.0680438
0.112093
745.4 ±  0.0 ms - Total time
543.9 ±  0.0 ms - Build f time
 37.5 ±  0.7 ms - Apply f time
469.2 ±  3.8 ms - Real f time 
137.2 ±  1.9 ms - Add time
  9.5 ±  0.3 ms - Find child
 12.8 ±  0.4 ms - Add child
137.6 ±  1.2 ms - Hash
111.3 ± 38.3 ms - Map
 47.8 ±  0.7 ms - getState
0.0543115
0.0580262
0.0920112
837.4 ±  0.0 ms - Total time
598.2 ±  0.0 ms - Build f time
 45.1 ±  0.7 ms - Apply f time
518.8 ±  3.9 ms - Real f time 
156.2 ±  2.0 ms - Add time
 11.3 ±  0.4 ms - Find child
 15.2 ±  0.4 ms - Add child
156.5 ±  1.2 ms - Hash
121.5 ± 38.3 ms - Map
 56.5 ±  0.7 ms - getState
Dag sizes: 65802 74179 65921 74064 58226 
brutePieces time: 0.525169
 54.1 ±  0.0 ms - Piece loop time
 48.9 ± 35.6 ms - Set time
 36.4 ±  1.0 ms - Child looking time
Nodes:  338192
Pieces: 66405
makePieces time: 0.0551004
Memory: 4.2 + 14.3 + 10.8 + 26.4 + 3.4 MB
  7.7 ±  0.0 ms - Greedy fill time
composePieces time: 0.45674
                                                                                