Running only task # 54
Using max depth 23
 |                                        | 0 / 416 (0.0%)Function count: 142
0.057615
0.0626442
0.0590061
0.064005
0.0570947
0.0622197
0.0579127
0.0628997
0.0573514
0.0623475
0.0572822
0.0623178
0.060606
0.0656622
 29.0 ±  0.0 ms - Piece loop time
 40.6 ± 35.5 ms - Set time
 22.0 ±  1.2 ms - Child looking time
0.0585409
0.0633008
0.106267
548.6 ±  0.0 ms - Total time
465.4 ±  0.0 ms - Build f time
 24.5 ±  0.6 ms - Apply f time
415.1 ± 10.0 ms - Real f time 
115.7 ±  8.2 ms - Add time
  5.4 ±  0.3 ms - Find child
  7.9 ±  0.3 ms - Add child
 77.6 ±  0.9 ms - Hash
 96.8 ± 37.0 ms - Map
 23.5 ±  0.5 ms - getState
0.058643
0.0634164
0.10848
657.1 ±  0.0 ms - Total time
524.0 ±  0.0 ms - Build f time
 37.0 ±  0.7 ms - Apply f time
478.5 ± 10.7 ms - Real f time 
146.0 ±  9.4 ms - Add time
  9.9 ±  0.4 ms - Find child
 13.7 ±  0.4 ms - Add child
 97.0 ±  1.0 ms - Hash
113.1 ± 37.0 ms - Map
 34.9 ±  0.6 ms - getState
0.0593029
0.0647431
0.114543
771.7 ±  0.0 ms - Total time
583.4 ±  0.0 ms - Build f time
 50.7 ±  0.8 ms - Apply f time
537.6 ± 10.8 ms - Real f time 
172.3 ±  9.4 ms - Add time
 14.2 ±  0.4 ms - Find child
 21.2 ±  1.4 ms - Add child
116.3 ±  1.1 ms - Hash
133.2 ± 37.0 ms - Map
 46.4 ±  0.7 ms - getState
0.058094
0.0630838
0.10617
877.9 ±  0.0 ms - Total time
641.4 ±  0.0 ms - Build f time
 63.0 ±  0.9 ms - Apply f time
594.3 ± 10.8 ms - Real f time 
196.9 ±  9.5 ms - Add time
 18.9 ±  0.5 ms - Find child
 27.3 ±  1.4 ms - Add child
135.5 ±  1.2 ms - Hash
147.7 ± 37.0 ms - Map
 57.4 ±  0.8 ms - getState
0.0613816
0.0665082
0.116704
994.6 ±  0.0 ms - Total time
702.8 ±  0.0 ms - Build f time
 75.4 ±  1.0 ms - Apply f time
653.0 ± 10.9 ms - Real f time 
223.9 ±  9.5 ms - Add time
 23.5 ±  0.5 ms - Find child
 33.5 ±  1.4 ms - Add child
155.0 ±  1.3 ms - Hash
166.9 ± 37.0 ms - Map
 69.6 ±  0.8 ms - getState
0.0600227
0.0650845
0.112849
1107.5 ±  0.0 ms - Total time
762.8 ±  0.0 ms - Build f time
 87.8 ±  1.1 ms - Apply f time
711.2 ± 10.9 ms - Real f time 
252.3 ±  9.7 ms - Add time
 27.8 ±  0.6 ms - Find child
 39.6 ±  1.5 ms - Add child
174.7 ±  1.4 ms - Hash
187.2 ± 37.0 ms - Map
 81.8 ±  0.9 ms - getState
0.0647589
0.0700121
0.124853
1232.4 ±  0.0 ms - Total time
827.6 ±  0.0 ms - Build f time
101.6 ±  1.1 ms - Apply f time
777.2 ± 11.0 ms - Real f time 
281.0 ±  9.7 ms - Add time
 32.8 ±  0.6 ms - Find child
 46.2 ±  1.5 ms - Add child
195.3 ±  1.5 ms - Hash
208.6 ± 37.0 ms - Map
 94.9 ±  1.0 ms - getState
Dag sizes: 97657 102326 97657 97660 102324 97660 109552 
brutePieces time: 0.795158
104.4 ±  0.0 ms - Piece loop time
 66.7 ± 41.6 ms - Set time
 69.6 ±  1.5 ms - Child looking time
Nodes:  704836
Pieces: 112385
makePieces time: 0.105978
Memory: 4.6 + 35.1 + 22.6 + 40.6 + 7.2 MB
  8.5 ±  0.3 ms - Greedy fill time
composePieces time: 1.49109
                                                                                