Running only task # 271
Using max depth 23
 |                                        | 0 / 416 (0.0%)Function count: 142
0.00563022
0.00602819
0.00861059
0.00896628
0.00541137
0.0056922
0.00866502
0.00905949
0.00548383
0.0057618
0.00868921
0.00901853
0.00598354
0.00634473
0.00868349
0.00909048
0.010029
0.0104497
 35.1 ±  0.0 ms - Piece loop time
 39.3 ± 37.4 ms - Set time
 32.1 ±  1.1 ms - Child looking time
0.00546612
0.00570311
0.00594271
 76.5 ±  0.0 ms - Total time
 72.6 ±  0.0 ms - Build f time
  1.5 ±  0.1 ms - Apply f time
 70.0 ±  0.8 ms - Real f time 
 11.4 ±  0.5 ms - Add time
  0.6 ±  0.1 ms - Find child
  0.7 ±  0.1 ms - Add child
 14.0 ±  0.4 ms - Hash
 86.6 ± 54.4 ms - Map
  1.4 ±  0.1 ms - getState
0.00819576
0.00851214
0.00878987
 85.3 ±  0.0 ms - Total time
 80.8 ±  0.0 ms - Build f time
  1.8 ±  0.1 ms - Apply f time
 78.8 ±  1.0 ms - Real f time 
 12.7 ±  0.5 ms - Add time
  0.7 ±  0.1 ms - Find child
  0.9 ±  0.1 ms - Add child
 15.8 ±  0.4 ms - Hash
 88.0 ± 54.5 ms - Map
  1.6 ±  0.1 ms - getState
0.00532954
0.00557256
0.00582589
 91.1 ±  0.0 ms - Total time
 86.2 ±  0.0 ms - Build f time
  2.1 ±  0.1 ms - Apply f time
 84.3 ±  1.1 ms - Real f time 
 13.7 ±  0.5 ms - Add time
  0.8 ±  0.1 ms - Find child
  1.0 ±  0.1 ms - Add child
 16.9 ±  0.5 ms - Hash
 88.8 ± 54.4 ms - Map
  1.8 ±  0.1 ms - getState
0.00868588
0.00912893
0.00953242
100.7 ±  0.0 ms - Total time
 94.9 ±  0.0 ms - Build f time
  2.4 ±  0.2 ms - Apply f time
 93.0 ±  1.1 ms - Real f time 
 15.4 ±  0.5 ms - Add time
  0.9 ±  0.1 ms - Find child
  1.1 ±  0.1 ms - Add child
 18.8 ±  0.5 ms - Hash
 89.8 ± 54.4 ms - Map
  2.0 ±  0.1 ms - getState
0.00568853
0.00596432
0.00624227
106.9 ±  0.0 ms - Total time
100.5 ±  0.0 ms - Build f time
  2.6 ±  0.2 ms - Apply f time
 98.8 ±  1.1 ms - Real f time 
 16.9 ±  0.6 ms - Add time
  1.0 ±  0.1 ms - Find child
  1.2 ±  0.1 ms - Add child
 19.9 ±  0.5 ms - Hash
 90.6 ± 54.3 ms - Map
  2.2 ±  0.2 ms - getState
0.00848439
0.00881192
0.00911015
116.0 ±  0.0 ms - Total time
109.0 ±  0.0 ms - Build f time
  2.9 ±  0.2 ms - Apply f time
107.6 ±  1.2 ms - Real f time 
 18.2 ±  0.6 ms - Add time
  1.0 ±  0.1 ms - Find child
  1.3 ±  0.1 ms - Add child
 21.6 ±  0.5 ms - Hash
 91.9 ± 54.4 ms - Map
  2.4 ±  0.2 ms - getState
0.00553087
0.00581321
0.00607406
122.1 ±  0.0 ms - Total time
114.6 ±  0.0 ms - Build f time
  3.1 ±  0.2 ms - Apply f time
113.2 ±  1.2 ms - Real f time 
 19.1 ±  0.6 ms - Add time
  1.2 ±  0.1 ms - Find child
  1.5 ±  0.2 ms - Add child
 22.5 ±  0.5 ms - Hash
 92.6 ± 54.3 ms - Map
  2.6 ±  0.2 ms - getState
0.00913504
0.00959908
0.0100257
132.2 ±  0.0 ms - Total time
123.7 ±  0.0 ms - Build f time
  3.5 ±  0.2 ms - Apply f time
121.8 ±  1.2 ms - Real f time 
 20.9 ±  0.7 ms - Add time
  1.3 ±  0.1 ms - Find child
  1.6 ±  0.2 ms - Add child
 24.3 ±  0.5 ms - Hash
 93.7 ± 54.3 ms - Map
  2.8 ±  0.2 ms - getState
0.0106773
0.0111295
0.0115028
143.7 ±  0.0 ms - Total time
134.4 ±  0.0 ms - Build f time
  3.8 ±  0.2 ms - Apply f time
132.0 ±  1.3 ms - Real f time 
 22.7 ±  0.7 ms - Add time
  1.4 ±  0.1 ms - Find child
  1.8 ±  0.2 ms - Add child
 26.4 ±  0.6 ms - Hash
 95.2 ± 54.3 ms - Map
  3.0 ±  0.2 ms - getState
Dag sizes: 2164 2901 2172 3481 2164 2937 2172 3458 3460 
brutePieces time: 0.0798924
 40.8 ±  0.0 ms - Piece loop time
 42.6 ± 38.9 ms - Set time
 36.2 ±  1.7 ms - Child looking time
Nodes:  24909
Pieces: 4098
makePieces time: 0.0416879
Memory: 0.1 + 4.7 + 0.8 + 38.1 + 1.0 MB
  0.6 ±  0.0 ms - Greedy fill time
composePieces time: 0.0268124
                                                                                