Running only task # 143
Using max depth 23
 |                                        | 0 / 416 (0.0%)Function count: 142
0.123634
0.13442
0.188854
0.203607
0.0538192
0.0577748
0.124365
0.135376
0.176569
0.191619
0.0539983
0.0579632
0.0920652
0.100232
 40.3 ±  0.0 ms - Piece loop time
 40.2 ± 34.0 ms - Set time
 33.7 ±  1.5 ms - Child looking time
0.126837
0.137568
0.188392
1069.6 ±  0.0 ms - Total time
940.1 ±  0.0 ms - Build f time
 37.9 ±  5.5 ms - Apply f time
782.2 ±  6.7 ms - Real f time 
169.0 ±  2.9 ms - Add time
  4.3 ±  0.2 ms - Find child
  5.5 ±  0.3 ms - Add child
172.4 ±  1.4 ms - Hash
107.7 ± 39.8 ms - Map
 33.9 ±  0.5 ms - getState
0.183402
0.19891
0.283523
1353.2 ±  0.0 ms - Total time
1123.5 ±  0.0 ms - Build f time
 52.2 ±  5.6 ms - Apply f time
935.9 ±  7.5 ms - Real f time 
222.4 ±  3.1 ms - Add time
  6.9 ±  0.3 ms - Find child
  9.1 ±  0.3 ms - Add child
233.7 ±  1.6 ms - Hash
128.5 ± 39.9 ms - Map
 55.7 ±  0.6 ms - getState
0.055729
0.0597356
0.075336
1428.5 ±  0.0 ms - Total time
1179.3 ±  0.0 ms - Build f time
 56.8 ±  5.6 ms - Apply f time
988.9 ±  7.6 ms - Real f time 
234.5 ±  3.2 ms - Add time
  8.2 ±  0.3 ms - Find child
 10.7 ±  0.4 ms - Add child
246.7 ±  1.7 ms - Hash
138.3 ± 39.9 ms - Map
 60.5 ±  0.7 ms - getState
0.128309
0.139265
0.193254
1621.8 ±  0.0 ms - Total time
1307.6 ±  0.0 ms - Build f time
 68.7 ±  5.6 ms - Apply f time
1118.0 ± 19.4 ms - Real f time 
268.9 ±  3.3 ms - Add time
 10.7 ±  0.4 ms - Find child
 13.9 ±  0.4 ms - Add child
285.1 ±  1.8 ms - Hash
155.8 ± 39.9 ms - Map
 75.0 ±  0.8 ms - getState
0.199291
0.214265
0.300113
1922.0 ±  0.0 ms - Total time
1506.9 ±  0.0 ms - Build f time
 83.9 ±  5.6 ms - Apply f time
1281.6 ± 19.8 ms - Real f time 
323.2 ±  3.6 ms - Add time
 13.6 ±  0.4 ms - Find child
 17.3 ±  0.5 ms - Add child
345.4 ±  1.9 ms - Hash
176.6 ± 39.8 ms - Map
 97.9 ±  0.8 ms - getState
0.0628114
0.0669676
0.0835262
2005.6 ±  0.0 ms - Total time
1569.7 ±  0.0 ms - Build f time
 88.8 ±  5.6 ms - Apply f time
1337.5 ± 19.8 ms - Real f time 
335.8 ±  3.6 ms - Add time
 15.0 ±  0.4 ms - Find child
 19.1 ±  0.5 ms - Add child
358.5 ±  2.0 ms - Hash
188.2 ± 39.8 ms - Map
102.9 ±  0.9 ms - getState
0.0961341
0.104888
0.140312
2145.9 ±  0.0 ms - Total time
1665.8 ±  0.0 ms - Build f time
 96.8 ±  5.6 ms - Apply f time
1425.2 ± 19.9 ms - Real f time 
360.2 ±  3.7 ms - Add time
 17.3 ±  0.5 ms - Find child
 21.6 ±  0.5 ms - Add child
382.4 ±  2.0 ms - Hash
204.8 ± 39.9 ms - Map
112.7 ±  0.9 ms - getState
Dag sizes: 79429 87581 40022 79571 87593 40086 65961 
brutePieces time: 1.27016
 93.5 ±  0.0 ms - Piece loop time
 69.7 ± 47.9 ms - Set time
 67.5 ±  2.1 ms - Child looking time
Nodes:  480243
Pieces: 66113
makePieces time: 0.0948914
Memory: 9.4 + 22.5 + 15.4 + 37.0 + 4.8 MB
189.9 ± 26.6 ms - Greedy fill time
composePieces time: 1.74381
                                                                                