Running only task # 107
Using max depth 4
 |                                        | 0 / 416 (0.0%)Function count: 142
0.0861959
0.0953184
0.0932979
0.103477
0.102314
0.114879
0.0889259
0.0987575
 23.7 ±  0.0 ms - Piece loop time
 42.0 ± 36.5 ms - Set time
 17.2 ±  0.8 ms - Child looking time
2.26668
2.51201
3.07644
3489.0 ±  0.0 ms - Total time
2637.4 ±  0.0 ms - Build f time
205.3 ±  1.9 ms - Apply f time
2367.0 ± 19.7 ms - Real f time 
532.6 ±  3.5 ms - Add time
 55.9 ±  1.3 ms - Find child
 67.8 ±  1.2 ms - Add child
490.7 ±  2.4 ms - Hash
485.1 ± 37.8 ms - Map
237.5 ±  2.2 ms - getState
2.65436
2.96301
3.6629
7151.9 ±  0.0 ms - Total time
5291.8 ±  0.0 ms - Build f time
445.0 ±  5.1 ms - Apply f time
4777.8 ± 30.5 ms - Real f time 
1149.6 ± 29.5 ms - Add time
120.6 ±  2.2 ms - Find child
147.0 ±  1.6 ms - Add child
1002.3 ± 16.5 ms - Hash
960.1 ± 38.2 ms - Map
532.4 ±  4.6 ms - getState
2.65463
2.97351
3.64571
10797.7 ±  0.0 ms - Total time
7946.4 ±  0.0 ms - Build f time
674.3 ±  5.5 ms - Apply f time
7188.8 ± 31.6 ms - Real f time 
1706.8 ± 29.8 ms - Add time
179.2 ±  2.4 ms - Find child
224.6 ±  1.9 ms - Add child
1507.6 ± 16.7 ms - Hash
1437.5 ± 40.1 ms - Map
809.5 ±  5.6 ms - getState
2.32762
2.58995
3.22132
14019.0 ±  0.0 ms - Total time
10274.0 ±  0.0 ms - Build f time
877.8 ±  5.7 ms - Apply f time
9290.7 ± 34.8 ms - Real f time 
2234.5 ± 36.7 ms - Add time
232.0 ±  2.6 ms - Find child
298.8 ±  2.6 ms - Add child
1962.7 ± 16.9 ms - Hash
1892.4 ± 40.4 ms - Map
1047.5 ±  5.8 ms - getState
Dag sizes: 1243189 1539762 1530231 1355070 
brutePieces time: 13.6079
1874.3 ±  0.0 ms - Piece loop time
600.9 ± 21.1 ms - Set time
1182.1 ±  9.5 ms - Child looking time
Nodes:  5668252
Pieces: 5771
makePieces time: 1.87523
Memory: 68.8 + 349.8 + 181.4 + 141.0 + 56.6 MB
  5.3 ±  0.0 ms - Greedy fill time
composePieces time: 0.0812431
                                                                                