Running only task # 275
Using max depth 33
 |                                        | 0 / 416 (0.0%)Function count: 142
0.510137
0.583339
0.182114
0.205966
0.332209
0.378317
0.494462
0.566761
0.193425
0.216274
0.350241
0.396362
0.239528
0.271442
 74.8 ±  0.0 ms - Piece loop time
 52.5 ± 37.4 ms - Set time
 56.9 ±  1.7 ms - Child looking time
0.513215
0.584509
1.24722
3866.0 ±  0.0 ms - Total time
2815.3 ±  0.0 ms - Build f time
191.0 ±  2.3 ms - Apply f time
2363.5 ± 18.9 ms - Real f time 
822.7 ± 18.7 ms - Add time
 16.2 ±  0.6 ms - Find child
 23.4 ±  0.5 ms - Add child
593.4 ±  9.9 ms - Hash
234.6 ± 45.5 ms - Map
278.9 ±  3.2 ms - getState
0.178715
0.20127
0.400704
4266.7 ±  0.0 ms - Total time
2994.0 ±  0.0 ms - Build f time
227.1 ±  2.4 ms - Apply f time
2533.2 ± 19.1 ms - Real f time 
926.4 ± 18.7 ms - Add time
 25.9 ±  0.7 ms - Find child
 36.3 ±  0.7 ms - Add child
669.0 ±  9.9 ms - Hash
274.5 ± 45.5 ms - Map
350.9 ± 16.1 ms - getState
0.334307
0.380693
0.766679
5033.5 ±  0.0 ms - Total time
3328.3 ±  0.0 ms - Build f time
283.1 ±  2.7 ms - Apply f time
2851.5 ± 19.9 ms - Real f time 
1124.1 ± 18.9 ms - Add time
 36.7 ±  0.8 ms - Find child
 50.5 ±  0.8 ms - Add child
814.9 ± 10.0 ms - Hash
338.9 ± 45.5 ms - Map
451.0 ± 16.1 ms - getState
0.509713
0.581284
1.26775
6301.2 ±  0.0 ms - Total time
3838.1 ±  0.0 ms - Build f time
369.7 ±  3.0 ms - Apply f time
3322.8 ± 21.6 ms - Real f time 
1467.2 ± 19.2 ms - Add time
 49.6 ±  0.9 ms - Find child
 67.3 ±  0.9 ms - Add child
1067.4 ± 10.2 ms - Hash
414.0 ± 45.5 ms - Map
641.8 ± 16.6 ms - getState
0.184657
0.208056
0.436145
6737.5 ±  0.0 ms - Total time
4022.7 ±  0.0 ms - Build f time
407.4 ±  3.1 ms - Apply f time
3494.2 ± 21.7 ms - Real f time 
1569.5 ± 19.3 ms - Add time
 59.4 ±  0.9 ms - Find child
 81.4 ±  1.0 ms - Add child
1142.2 ± 10.2 ms - Hash
466.0 ± 45.5 ms - Map
705.4 ± 16.6 ms - getState
0.345958
0.392651
0.793926
7531.4 ±  0.0 ms - Total time
4368.7 ±  0.0 ms - Build f time
464.2 ±  3.2 ms - Apply f time
3808.4 ± 22.2 ms - Real f time 
1770.6 ± 19.6 ms - Add time
 70.4 ±  1.0 ms - Find child
 97.1 ±  1.1 ms - Add child
1293.3 ± 10.6 ms - Hash
541.9 ± 45.9 ms - Map
810.6 ± 16.7 ms - getState
0.255731
0.288779
0.601069
8132.5 ±  0.0 ms - Total time
4624.4 ±  0.0 ms - Build f time
509.2 ±  3.3 ms - Apply f time
4050.0 ± 22.8 ms - Real f time 
1919.2 ± 19.7 ms - Add time
 80.1 ±  1.1 ms - Find child
111.4 ±  1.2 ms - Add child
1403.6 ± 10.6 ms - Hash
604.8 ± 46.0 ms - Map
890.1 ± 16.7 ms - getState
Dag sizes: 394413 288968 347505 390586 287932 352523 324836 
brutePieces time: 5.51649
330.8 ±  0.0 ms - Piece loop time
127.3 ± 19.1 ms - Set time
217.7 ±  3.0 ms - Child looking time
Nodes:  2386763
Pieces: 333206
makePieces time: 0.332722
Memory: 72.9 + 77.3 + 76.4 + 67.5 + 21.5 MB
106.6 ±  6.4 ms - Greedy fill time
composePieces time: 16.7666
                                                                                