Running only task # 222
Using max depth 23
 |                                        | 0 / 416 (0.0%)Function count: 142
0.014831
0.0159558
0.044284
0.0471064
0.0333408
0.0359955
0.0149185
0.0159115
0.04371
0.0464369
0.0316895
0.0342336
0.0516713
0.0543133
 24.7 ±  0.0 ms - Piece loop time
 40.0 ± 36.6 ms - Set time
 19.1 ±  0.9 ms - Child looking time
0.0141598
0.0150269
0.0196081
269.7 ±  0.0 ms - Total time
248.6 ±  0.0 ms - Build f time
  6.7 ±  0.3 ms - Apply f time
240.0 ± 17.1 ms - Real f time 
 41.5 ±  0.9 ms - Add time
  1.2 ±  0.1 ms - Find child
  1.7 ±  0.1 ms - Add child
 41.3 ±  3.1 ms - Hash
 61.9 ± 38.2 ms - Map
  8.3 ±  1.3 ms - getState
0.0444984
0.0472384
0.0695835
339.3 ±  0.0 ms - Total time
293.1 ±  0.0 ms - Build f time
 12.4 ±  0.4 ms - Apply f time
281.9 ± 17.2 ms - Real f time 
 55.4 ±  1.0 ms - Add time
  2.9 ±  0.2 ms - Find child
  3.5 ±  0.2 ms - Add child
 53.7 ±  3.1 ms - Hash
 69.4 ± 38.2 ms - Map
 13.8 ±  1.3 ms - getState
0.0320524
0.0345535
0.0497785
389.1 ±  0.0 ms - Total time
325.2 ±  0.0 ms - Build f time
 17.5 ±  0.4 ms - Apply f time
314.3 ± 17.2 ms - Real f time 
 66.0 ±  1.1 ms - Add time
  4.3 ±  0.2 ms - Find child
  5.2 ±  0.3 ms - Add child
 63.7 ±  3.5 ms - Hash
 75.7 ± 38.2 ms - Map
 17.8 ±  1.3 ms - getState
0.0142548
0.0152348
0.0199866
409.2 ±  0.0 ms - Total time
339.4 ±  0.0 ms - Build f time
 19.0 ±  0.5 ms - Apply f time
328.9 ± 17.2 ms - Real f time 
 69.8 ±  1.1 ms - Add time
  5.0 ±  0.3 ms - Find child
  5.9 ±  0.3 ms - Add child
 67.1 ±  3.5 ms - Hash
 78.2 ± 38.2 ms - Map
 19.2 ±  1.3 ms - getState
0.045466
0.048264
0.071111
480.3 ±  0.0 ms - Total time
384.9 ±  0.0 ms - Build f time
 24.8 ±  0.5 ms - Apply f time
372.4 ± 17.2 ms - Real f time 
 96.9 ± 13.2 ms - Add time
  6.7 ±  0.3 ms - Find child
  8.1 ±  0.3 ms - Add child
 80.2 ±  3.7 ms - Hash
 86.4 ± 38.2 ms - Map
 24.9 ±  1.3 ms - getState
0.0325463
0.0350251
0.0505314
530.9 ±  0.0 ms - Total time
417.4 ±  0.0 ms - Build f time
 29.2 ±  0.6 ms - Apply f time
404.4 ± 17.2 ms - Real f time 
107.2 ± 13.2 ms - Add time
  8.2 ±  0.3 ms - Find child
 10.1 ±  0.4 ms - Add child
 88.8 ±  3.7 ms - Hash
 93.2 ± 38.2 ms - Map
 29.2 ±  1.3 ms - getState
0.0540634
0.0567847
0.0924848
623.4 ±  0.0 ms - Total time
471.5 ±  0.0 ms - Build f time
 35.6 ±  0.6 ms - Apply f time
453.8 ± 17.3 ms - Real f time 
127.5 ± 13.2 ms - Add time
 10.0 ±  0.4 ms - Find child
 12.2 ±  0.4 ms - Add child
108.8 ±  4.1 ms - Hash
102.3 ± 38.2 ms - Map
 37.5 ±  1.4 ms - getState
Dag sizes: 13494 49835 42393 13494 49815 42383 51583 
brutePieces time: 0.378548
 61.1 ±  0.0 ms - Piece loop time
 44.7 ± 36.3 ms - Set time
 49.7 ±  1.0 ms - Child looking time
Nodes:  262997
Pieces: 41834
makePieces time: 0.0620564
Memory: 2.3 + 12.6 + 8.4 + 33.6 + 3.0 MB
  3.8 ±  0.6 ms - Greedy fill time
composePieces time: 0.382519
                                                                                