Running only task # 350
Using max depth 3
 |                                        | 0 / 416 (0.0%)Function count: 142
0.0211838
0.0228172
0.0171356
0.0185024
0.0212311
0.0227472
0.0255413
0.0274385
 18.0 ±  0.0 ms - Piece loop time
 39.7 ± 36.3 ms - Set time
 15.1 ±  0.7 ms - Child looking time
0.0417273
0.0443276
0.0725587
164.2 ±  0.0 ms - Total time
126.8 ±  0.0 ms - Build f time
  8.6 ±  0.3 ms - Apply f time
120.2 ±  1.8 ms - Real f time 
 31.2 ±  0.9 ms - Add time
  2.2 ±  0.2 ms - Find child
  2.6 ±  0.2 ms - Add child
 26.4 ±  0.5 ms - Hash
 54.8 ± 37.5 ms - Map
 10.0 ±  0.3 ms - getState
0.0353445
0.0379422
0.0615351
225.7 ±  0.0 ms - Total time
162.2 ±  0.0 ms - Build f time
 14.1 ±  0.4 ms - Apply f time
155.9 ±  2.1 ms - Real f time 
 44.8 ±  1.0 ms - Add time
  3.8 ±  0.2 ms - Find child
  4.7 ±  0.2 ms - Add child
 37.8 ±  0.7 ms - Hash
 60.7 ± 37.4 ms - Map
 16.6 ±  0.4 ms - getState
0.0427764
0.0456913
0.0707943
296.5 ±  0.0 ms - Total time
204.9 ±  0.0 ms - Build f time
 20.1 ±  0.5 ms - Apply f time
198.2 ±  2.3 ms - Real f time 
 60.3 ±  1.1 ms - Add time
  5.5 ±  0.3 ms - Find child
  6.9 ±  0.3 ms - Add child
 50.7 ±  0.7 ms - Hash
 67.4 ± 37.4 ms - Map
 24.0 ±  0.5 ms - getState
0.0489722
0.0527121
0.0871266
383.7 ±  0.0 ms - Total time
253.9 ±  0.0 ms - Build f time
 28.1 ±  0.6 ms - Apply f time
245.5 ±  2.5 ms - Real f time 
 79.4 ±  1.3 ms - Add time
  7.7 ±  0.3 ms - Find child
 10.1 ±  0.4 ms - Add child
 66.2 ±  0.9 ms - Hash
 77.3 ± 37.4 ms - Map
 33.6 ±  0.6 ms - getState
Dag sizes: 53400 48289 50494 56114 
brutePieces time: 0.294772
 51.0 ±  0.0 ms - Piece loop time
 46.7 ± 35.1 ms - Set time
 37.4 ±  0.9 ms - Child looking time
Nodes:  208297
Pieces: 68329
makePieces time: 0.0519359
Memory: 2.2 + 9.7 + 6.7 + 20.1 + 2.9 MB
  1.2 ±  0.0 ms - Greedy fill time
composePieces time: 0.164229
                                                                                