Running only task # 9
Using max depth 23
 |                                        | 0 / 416 (0.0%)Function count: 142
0.163405
0.17645
0.168646
0.182752
0.181104
0.193059
0.158456
0.170837
0.171424
0.187761
0.182741
0.195028
0.158843
0.17162
 67.3 ±  0.0 ms - Piece loop time
 49.8 ± 37.3 ms - Set time
 51.5 ±  1.8 ms - Child looking time
0.172987
0.185166
0.372931
1650.8 ±  0.0 ms - Total time
1357.6 ±  0.0 ms - Build f time
 59.8 ±  1.1 ms - Apply f time
999.5 ±  8.2 ms - Real f time 
310.0 ±  6.4 ms - Add time
  8.1 ±  0.3 ms - Find child
 10.4 ±  0.4 ms - Add child
302.9 ±  2.4 ms - Hash
146.5 ± 42.0 ms - Map
 79.8 ±  1.1 ms - getState
0.177291
0.191091
0.408597
2059.4 ±  0.0 ms - Total time
1534.9 ±  0.0 ms - Build f time
 91.2 ±  1.3 ms - Apply f time
1156.5 ±  8.8 ms - Real f time 
413.6 ±  6.6 ms - Add time
 14.2 ±  0.4 ms - Find child
 19.3 ±  0.5 ms - Add child
398.1 ±  2.5 ms - Hash
179.6 ± 42.1 ms - Map
131.0 ±  1.3 ms - getState
0.158248
0.171738
0.37078
2430.2 ±  0.0 ms - Total time
1693.1 ±  0.0 ms - Build f time
121.5 ±  1.7 ms - Apply f time
1296.9 ±  9.2 ms - Real f time 
507.1 ±  7.0 ms - Add time
 20.5 ±  0.5 ms - Find child
 28.2 ±  0.6 ms - Add child
485.1 ±  2.6 ms - Hash
207.5 ± 42.0 ms - Map
179.5 ±  1.5 ms - getState
0.161079
0.17317
0.362489
2792.8 ±  0.0 ms - Total time
1854.2 ±  0.0 ms - Build f time
149.4 ±  1.9 ms - Apply f time
1433.5 ±  9.6 ms - Real f time 
597.6 ±  7.4 ms - Add time
 26.8 ±  0.6 ms - Find child
 36.2 ±  0.7 ms - Add child
569.6 ±  2.8 ms - Hash
261.0 ± 48.1 ms - Map
222.8 ±  1.6 ms - getState
0.174658
0.188242
0.40268
3195.5 ±  0.0 ms - Total time
2028.9 ±  0.0 ms - Build f time
179.8 ±  2.0 ms - Apply f time
1581.6 ± 10.4 ms - Real f time 
699.7 ±  7.6 ms - Add time
 33.1 ±  0.6 ms - Find child
 44.8 ±  0.7 ms - Add child
663.3 ±  3.0 ms - Hash
293.1 ± 48.0 ms - Map
275.1 ±  2.7 ms - getState
0.159492
0.171802
0.372157
3567.7 ±  0.0 ms - Total time
2188.4 ±  0.0 ms - Build f time
208.4 ±  2.1 ms - Apply f time
1721.3 ± 10.8 ms - Real f time 
790.1 ±  7.7 ms - Add time
 39.7 ±  0.7 ms - Find child
 53.0 ±  0.8 ms - Add child
749.7 ±  3.1 ms - Hash
327.6 ± 48.0 ms - Map
322.1 ±  2.8 ms - getState
0.165755
0.178501
0.369206
3936.9 ±  0.0 ms - Total time
2354.1 ±  0.0 ms - Build f time
235.9 ±  2.2 ms - Apply f time
1874.2 ± 18.3 ms - Real f time 
876.0 ±  7.8 ms - Add time
 45.5 ±  0.8 ms - Find child
 61.8 ±  1.1 ms - Add child
835.0 ±  3.2 ms - Hash
358.3 ± 48.0 ms - Map
370.9 ±  2.9 ms - getState
Dag sizes: 170037 198050 179782 169813 196683 179233 164911 
brutePieces time: 2.66169
219.9 ±  0.0 ms - Piece loop time
 72.2 ± 23.4 ms - Set time
163.1 ±  2.3 ms - Child looking time
Nodes:  1258509
Pieces: 224086
makePieces time: 0.221584
Memory: 33.1 + 48.3 + 40.3 + 49.5 + 14.0 MB
140.7 ± 22.7 ms - Greedy fill time
composePieces time: 12.7238
                                                                                