Running only task # 176
Using max depth 33
 |                                        | 0 / 416 (0.0%)Function count: 142
0.00701229
0.00741339
0.00880057
0.00923452
0.00525811
0.00547196
0.00691478
0.00720847
0.00762626
0.00798901
0.00698676
0.00730313
0.00677989
0.00705887
0.00937261
0.00984804
0.0049743
0.00517148
0.00694905
0.00724729
0.00794035
0.00831622
0.0072566
0.00758052
0.00465088
0.00486025
 61.0 ±  0.0 ms - Piece loop time
 39.8 ± 36.7 ms - Set time
 56.4 ±  1.4 ms - Child looking time
0.00680846
0.00709286
0.00735724
102.2 ±  0.0 ms - Total time
 97.3 ±  0.0 ms - Build f time
  1.8 ±  0.1 ms - Apply f time
 96.0 ±  1.0 ms - Real f time 
 15.5 ±  0.5 ms - Add time
  0.5 ±  0.1 ms - Find child
  0.6 ±  0.1 ms - Add child
 17.7 ±  0.5 ms - Hash
 54.7 ± 40.0 ms - Map
  2.2 ±  0.1 ms - getState
0.00913672
0.00954109
0.00987784
112.1 ±  0.0 ms - Total time
106.5 ±  0.0 ms - Build f time
  2.0 ±  0.1 ms - Apply f time
104.8 ±  1.1 ms - Real f time 
 18.4 ±  1.6 ms - Add time
  0.6 ±  0.1 ms - Find child
  0.8 ±  0.1 ms - Add child
 19.6 ±  0.5 ms - Hash
 56.1 ± 40.0 ms - Map
  2.6 ±  0.2 ms - getState
0.00500032
0.00522048
0.00543149
117.6 ±  0.0 ms - Total time
111.5 ±  0.0 ms - Build f time
  2.1 ±  0.1 ms - Apply f time
109.5 ±  1.1 ms - Real f time 
 19.2 ±  1.6 ms - Add time
  0.7 ±  0.1 ms - Find child
  0.8 ±  0.1 ms - Add child
 20.6 ±  0.5 ms - Hash
 56.9 ± 40.0 ms - Map
  2.8 ±  0.2 ms - getState
0.00730239
0.00763673
0.00793689
125.5 ±  0.0 ms - Total time
118.8 ±  0.0 ms - Build f time
  2.3 ±  0.2 ms - Apply f time
117.3 ±  1.2 ms - Real f time 
 20.5 ±  1.6 ms - Add time
  0.8 ±  0.1 ms - Find child
  0.9 ±  0.1 ms - Add child
 21.8 ±  0.5 ms - Hash
 57.8 ± 39.9 ms - Map
  3.1 ±  0.2 ms - getState
0.00773241
0.00817172
0.0085937
134.1 ±  0.0 ms - Total time
126.5 ±  0.0 ms - Build f time
  2.7 ±  0.2 ms - Apply f time
124.3 ±  1.2 ms - Real f time 
 22.0 ±  1.6 ms - Add time
  0.9 ±  0.1 ms - Find child
  1.0 ±  0.1 ms - Add child
 23.2 ±  0.5 ms - Hash
 59.0 ± 39.9 ms - Map
  3.4 ±  0.2 ms - getState
0.00711005
0.00743338
0.00772634
141.9 ±  0.0 ms - Total time
133.6 ±  0.0 ms - Build f time
  2.9 ±  0.2 ms - Apply f time
131.1 ±  1.3 ms - Real f time 
 23.2 ±  1.6 ms - Add time
  0.9 ±  0.1 ms - Find child
  1.1 ±  0.1 ms - Add child
 24.5 ±  0.5 ms - Hash
 60.2 ± 40.0 ms - Map
  3.6 ±  0.2 ms - getState
0.00723333
0.00752146
0.00774716
149.6 ±  0.0 ms - Total time
140.8 ±  0.0 ms - Build f time
  3.1 ±  0.2 ms - Apply f time
138.1 ±  1.3 ms - Real f time 
 24.3 ±  1.6 ms - Add time
  1.0 ±  0.1 ms - Find child
  1.2 ±  0.1 ms - Add child
 25.8 ±  0.6 ms - Hash
 61.1 ± 40.0 ms - Map
  3.9 ±  0.2 ms - getState
0.0094817
0.00995744
0.010373
160.0 ±  0.0 ms - Total time
150.3 ±  0.0 ms - Build f time
  3.5 ±  0.2 ms - Apply f time
147.2 ±  1.3 ms - Real f time 
 26.0 ±  1.6 ms - Add time
  1.1 ±  0.1 ms - Find child
  1.4 ±  0.1 ms - Add child
 27.6 ±  0.6 ms - Hash
 62.6 ± 39.9 ms - Map
  4.1 ±  0.2 ms - getState
0.00509489
0.00529309
0.00548504
165.5 ±  0.0 ms - Total time
155.4 ±  0.0 ms - Build f time
  3.7 ±  0.2 ms - Apply f time
151.9 ±  1.4 ms - Real f time 
 27.0 ±  1.6 ms - Add time
  1.1 ±  0.1 ms - Find child
  1.5 ±  0.2 ms - Add child
 28.6 ±  0.6 ms - Hash
 63.3 ± 39.9 ms - Map
  4.3 ±  0.2 ms - getState
0.00722564
0.00753489
0.00781044
173.3 ±  0.0 ms - Total time
162.6 ±  0.0 ms - Build f time
  3.9 ±  0.2 ms - Apply f time
159.6 ±  1.5 ms - Real f time 
 28.2 ±  1.6 ms - Add time
  1.2 ±  0.1 ms - Find child
  1.6 ±  0.2 ms - Add child
 30.0 ±  0.6 ms - Hash
 64.4 ± 39.9 ms - Map
  4.6 ±  0.2 ms - getState
0.0080151
0.00839082
0.00870953
182.0 ±  0.0 ms - Total time
170.7 ±  0.0 ms - Build f time
  4.2 ±  0.2 ms - Apply f time
167.0 ±  1.5 ms - Real f time 
 29.6 ±  1.6 ms - Add time
  1.4 ±  0.1 ms - Find child
  1.7 ±  0.2 ms - Add child
 31.5 ±  0.6 ms - Hash
 65.8 ± 39.9 ms - Map
  4.8 ±  0.2 ms - getState
0.00743177
0.00778625
0.00813348
190.2 ±  0.0 ms - Total time
178.1 ±  0.0 ms - Build f time
  4.5 ±  0.2 ms - Apply f time
174.9 ±  1.6 ms - Real f time 
 31.0 ±  1.6 ms - Add time
  1.4 ±  0.1 ms - Find child
  1.8 ±  0.2 ms - Add child
 33.0 ±  0.6 ms - Hash
 66.8 ± 39.9 ms - Map
  5.2 ±  0.2 ms - getState
0.00533795
0.00557826
0.00578753
196.0 ±  0.0 ms - Total time
183.4 ±  0.0 ms - Build f time
  4.6 ±  0.2 ms - Apply f time
179.3 ±  1.6 ms - Real f time 
 31.9 ±  1.6 ms - Add time
  1.5 ±  0.1 ms - Find child
  1.9 ±  0.2 ms - Add child
 33.8 ±  0.6 ms - Hash
 67.6 ± 39.9 ms - Map
  5.4 ±  0.2 ms - getState
Dag sizes: 2553 4033 2023 2902 3481 3054 2553 4102 2025 2903 3493 3122 1869 
brutePieces time: 0.110656
 68.0 ±  0.0 ms - Piece loop time
 43.1 ± 39.5 ms - Set time
 62.8 ±  1.6 ms - Child looking time
Nodes:  38113
Pieces: 16
makePieces time: 0.0688119
Memory: 0.2 + 6.6 + 1.2 + 55.1 + 1.6 MB
  0.0 ±  0.0 ms - Greedy fill time
composePieces time: 0.000518273
                                                                                