Running only task # 49
Using max depth 3
 |                                        | 0 / 416 (0.0%)Function count: 142
0.0616241
0.0661184
0.0618243
0.0659736
0.0675474
0.0723381
 11.5 ±  0.0 ms - Piece loop time
 46.1 ± 43.7 ms - Set time
  9.0 ±  0.6 ms - Child looking time
0.0624457
0.06725
0.171013
375.5 ±  0.0 ms - Total time
253.4 ±  0.0 ms - Build f time
 21.9 ±  0.6 ms - Apply f time
230.0 ±  3.0 ms - Real f time 
 88.7 ±  5.3 ms - Add time
  5.0 ±  0.3 ms - Find child
  7.9 ±  0.6 ms - Add child
 62.9 ±  0.9 ms - Hash
 74.6 ± 36.1 ms - Map
 26.1 ±  0.5 ms - getState
0.0633321
0.0677664
0.165719
541.3 ±  0.0 ms - Total time
316.8 ±  0.0 ms - Build f time
 38.5 ±  0.7 ms - Apply f time
296.6 ±  3.5 ms - Real f time 
133.5 ±  5.4 ms - Add time
  9.6 ±  0.4 ms - Find child
 14.9 ±  0.8 ms - Add child
 93.3 ±  1.0 ms - Hash
 98.1 ± 36.1 ms - Map
 45.0 ±  0.7 ms - getState
0.0690341
0.0739631
0.184168
725.5 ±  0.0 ms - Total time
385.8 ±  0.0 ms - Build f time
 56.9 ±  0.9 ms - Apply f time
370.2 ±  3.8 ms - Real f time 
194.0 ±  8.6 ms - Add time
 15.0 ±  0.4 ms - Find child
 21.7 ±  0.9 ms - Add child
128.9 ±  1.2 ms - Hash
119.2 ± 36.2 ms - Map
 67.0 ±  0.8 ms - getState
Dag sizes: 170440 155602 185954 
brutePieces time: 0.522929
 57.9 ±  0.0 ms - Piece loop time
 51.9 ± 34.6 ms - Set time
 39.8 ±  0.9 ms - Child looking time
Nodes:  511996
Pieces: 153103
makePieces time: 0.0589087
Memory: 6.0 + 16.5 + 16.4 + 20.8 + 4.8 MB
  2.0 ±  0.0 ms - Greedy fill time
composePieces time: 0.278555
                                                                                