Running only task # 396
Using max depth 3
 |                                        | 0 / 416 (0.0%)Function count: 142
0.0653487
0.0718677
0.0736873
0.079903
0.0730148
0.0795832
0.0737969
0.0799183
 32.4 ±  0.0 ms - Piece loop time
 42.5 ± 35.3 ms - Set time
 24.4 ±  0.8 ms - Child looking time
0.0653687
0.0710532
0.130185
441.7 ±  0.0 ms - Total time
351.2 ±  0.0 ms - Build f time
 24.6 ±  2.5 ms - Apply f time
301.4 ±  3.1 ms - Real f time 
 81.6 ±  1.3 ms - Add time
  5.1 ±  0.7 ms - Find child
  6.6 ±  0.3 ms - Add child
 72.5 ±  0.9 ms - Hash
 78.6 ± 36.3 ms - Map
 21.9 ±  0.4 ms - getState
0.0761188
0.0822817
0.153326
595.1 ±  0.0 ms - Total time
427.3 ±  0.0 ms - Build f time
 39.8 ±  2.6 ms - Apply f time
372.8 ±  3.4 ms - Real f time 
119.4 ±  1.8 ms - Add time
  9.4 ±  0.7 ms - Find child
 12.1 ±  0.4 ms - Add child
103.7 ±  1.1 ms - Hash
 96.0 ± 36.4 ms - Map
 38.1 ±  0.6 ms - getState
0.0804641
0.0866718
0.157596
752.7 ±  0.0 ms - Total time
507.8 ±  0.0 ms - Build f time
 55.3 ±  2.6 ms - Apply f time
450.0 ±  3.7 ms - Real f time 
155.9 ±  1.9 ms - Add time
 13.7 ±  0.7 ms - Find child
 18.1 ±  0.5 ms - Add child
134.8 ±  1.2 ms - Hash
112.7 ± 36.4 ms - Map
 54.4 ±  0.7 ms - getState
0.0700858
0.0757891
0.140369
893.1 ±  0.0 ms - Total time
577.9 ±  0.0 ms - Build f time
 68.6 ±  2.6 ms - Apply f time
517.0 ±  3.8 ms - Real f time 
219.3 ± 28.3 ms - Add time
 17.3 ±  0.8 ms - Find child
 24.0 ±  0.6 ms - Add child
163.3 ±  1.3 ms - Hash
127.4 ± 36.4 ms - Map
 70.0 ±  0.8 ms - getState
Dag sizes: 116977 127532 127444 127663 
brutePieces time: 0.583896
112.0 ±  0.0 ms - Piece loop time
 63.8 ± 35.3 ms - Set time
 80.8 ±  1.4 ms - Child looking time
Nodes:  499616
Pieces: 159663
makePieces time: 0.113224
Memory: 5.0 + 21.0 + 16.0 + 24.8 + 7.1 MB
  2.1 ±  0.0 ms - Greedy fill time
composePieces time: 0.443394
                                                                                