Running only task # 89
Using max depth 23
 |                                        | 0 / 416 (0.0%)Function count: 142
0.136722
0.150928
0.144056
0.160425
0.10458
0.113781
0.135668
0.149573
0.14758
0.163465
0.10409
0.113523
0.151604
0.167861
 59.7 ±  0.0 ms - Piece loop time
 46.7 ± 35.0 ms - Set time
 47.0 ±  2.7 ms - Child looking time
0.135947
0.149442
0.268066
1287.8 ±  0.0 ms - Total time
1060.2 ±  0.0 ms - Build f time
 57.6 ±  0.9 ms - Apply f time
877.0 ±  7.0 ms - Real f time 
247.6 ±  3.1 ms - Add time
  7.6 ±  0.3 ms - Find child
 11.3 ±  0.4 ms - Add child
187.7 ±  1.4 ms - Hash
139.6 ± 38.3 ms - Map
 69.1 ±  0.9 ms - getState
0.145633
0.161376
0.295805
1583.7 ±  0.0 ms - Total time
1205.9 ±  0.0 ms - Build f time
 83.5 ±  1.1 ms - Apply f time
1013.1 ±  7.4 ms - Real f time 
320.1 ±  3.9 ms - Add time
 13.8 ±  0.4 ms - Find child
 19.3 ±  0.5 ms - Add child
241.7 ±  1.6 ms - Hash
168.1 ± 38.2 ms - Map
111.0 ±  1.1 ms - getState
0.107161
0.116552
0.21597
1799.7 ±  0.0 ms - Total time
1313.0 ±  0.0 ms - Build f time
102.2 ±  1.2 ms - Apply f time
1127.6 ± 16.3 ms - Real f time 
373.4 ±  4.0 ms - Add time
 18.7 ±  0.5 ms - Find child
 26.2 ±  0.6 ms - Add child
283.2 ±  1.7 ms - Hash
188.0 ± 38.3 ms - Map
137.9 ±  1.2 ms - getState
0.13522
0.148958
0.275369
2075.1 ±  0.0 ms - Total time
1448.3 ±  0.0 ms - Build f time
126.1 ±  1.3 ms - Apply f time
1252.8 ± 16.4 ms - Real f time 
452.4 ± 12.8 ms - Add time
 24.7 ±  0.6 ms - Find child
 34.4 ±  0.7 ms - Add child
331.9 ±  1.8 ms - Hash
217.4 ± 38.2 ms - Map
174.5 ±  1.3 ms - getState
0.148266
0.164774
0.299428
2374.6 ±  0.0 ms - Total time
1596.5 ±  0.0 ms - Build f time
152.3 ±  1.5 ms - Apply f time
1388.9 ± 16.5 ms - Real f time 
523.4 ± 12.8 ms - Add time
 30.4 ±  0.6 ms - Find child
 42.6 ±  0.7 ms - Add child
385.5 ±  2.0 ms - Hash
246.9 ± 38.2 ms - Map
217.3 ±  1.5 ms - getState
0.108318
0.118115
0.22621
2600.8 ±  0.0 ms - Total time
1704.8 ±  0.0 ms - Build f time
171.9 ±  1.6 ms - Apply f time
1489.7 ± 16.6 ms - Real f time 
577.5 ± 12.9 ms - Add time
 35.6 ±  0.7 ms - Find child
 49.9 ±  0.8 ms - Add child
427.7 ±  2.1 ms - Hash
271.1 ± 38.2 ms - Map
245.8 ±  1.6 ms - getState
0.156982
0.172915
0.317267
2918.1 ±  0.0 ms - Total time
1861.8 ±  0.0 ms - Build f time
199.0 ±  1.7 ms - Apply f time
1632.7 ± 16.8 ms - Real f time 
683.3 ± 33.1 ms - Add time
 42.0 ±  0.7 ms - Find child
 58.3 ±  0.9 ms - Add child
483.8 ±  2.3 ms - Hash
306.2 ± 38.2 ms - Map
287.7 ±  1.7 ms - getState
Dag sizes: 192937 211152 163684 192408 211579 164759 220119 
brutePieces time: 1.90321
198.6 ±  0.0 ms - Piece loop time
 88.3 ± 44.1 ms - Set time
139.8 ±  2.0 ms - Child looking time
Nodes:  1356638
Pieces: 203094
makePieces time: 0.200532
Memory: 19.0 + 46.1 + 43.4 + 51.1 + 12.9 MB
 89.0 ± 57.0 ms - Greedy fill time
composePieces time: 5.33015
                                                                                