Running only task # 198
Using max depth 3
 |                                        | 0 / 416 (0.0%)Function count: 142
0.518202
0.587278
0.171572
0.194366
0.128283
0.146074
0.185822
0.211588
 55.9 ±  0.0 ms - Piece loop time
 56.8 ± 45.5 ms - Set time
 43.6 ±  1.1 ms - Child looking time
0.549515
0.618485
1.26202
2401.5 ±  0.0 ms - Total time
1553.4 ±  0.0 ms - Build f time
133.2 ±  2.1 ms - Apply f time
1235.8 ± 16.8 ms - Real f time 
543.5 ±  5.8 ms - Add time
 14.0 ±  0.4 ms - Find child
 21.6 ±  0.5 ms - Add child
461.6 ±  2.5 ms - Hash
149.1 ± 35.9 ms - Map
218.2 ±  2.1 ms - getState
0.172699
0.195723
0.362527
2764.0 ±  0.0 ms - Total time
1726.1 ±  0.0 ms - Build f time
161.6 ±  2.2 ms - Apply f time
1388.1 ± 17.2 ms - Real f time 
630.9 ±  6.0 ms - Add time
 20.2 ±  0.5 ms - Find child
 29.7 ±  0.6 ms - Add child
534.2 ±  2.7 ms - Hash
179.1 ± 36.0 ms - Map
264.5 ±  2.4 ms - getState
0.135756
0.153641
0.276004
3040.1 ±  0.0 ms - Total time
1861.8 ±  0.0 ms - Build f time
186.2 ±  2.3 ms - Apply f time
1507.8 ± 17.3 ms - Real f time 
699.6 ±  6.7 ms - Add time
 24.9 ±  0.6 ms - Find child
 36.6 ±  0.7 ms - Add child
586.0 ±  2.9 ms - Hash
206.0 ± 36.0 ms - Map
298.4 ±  2.5 ms - getState
0.197551
0.224112
0.404489
3444.6 ±  0.0 ms - Total time
2059.4 ±  0.0 ms - Build f time
217.6 ±  2.5 ms - Apply f time
1675.8 ± 17.7 ms - Real f time 
812.9 ± 17.0 ms - Add time
 30.4 ±  0.6 ms - Find child
 44.4 ±  0.8 ms - Add child
670.9 ±  3.0 ms - Hash
238.5 ± 36.5 ms - Map
349.4 ±  2.6 ms - getState
Dag sizes: 375078 177288 149316 161866 
brutePieces time: 2.30711
214.5 ±  0.0 ms - Piece loop time
 74.2 ± 15.6 ms - Set time
156.3 ±  2.0 ms - Child looking time
Nodes:  863548
Pieces: 190263
makePieces time: 0.215562
Memory: 30.4 + 32.0 + 27.6 + 30.6 + 11.2 MB
 28.1 ±  0.0 ms - Greedy fill time
composePieces time: 1.13909
                                                                                