Running only task # 265
Using max depth 33
 |                                        | 0 / 416 (0.0%)Function count: 142
0.4708
0.532897
0.448273
0.507856
0.425789
0.477202
0.465703
0.5265
0.446296
0.501995
0.422144
0.472277
0.553116
0.621473
 47.7 ±  0.0 ms - Piece loop time
 54.2 ± 46.2 ms - Set time
 35.7 ±  1.5 ms - Child looking time
0.470576
0.532548
0.716988
4357.5 ±  0.0 ms - Total time
3702.7 ±  0.0 ms - Build f time
164.2 ±  2.8 ms - Apply f time
2978.8 ± 36.0 ms - Real f time 
773.2 ± 20.0 ms - Add time
  9.5 ±  0.3 ms - Find child
 14.8 ±  0.4 ms - Add child
672.4 ±  3.2 ms - Hash
197.4 ± 42.4 ms - Map
205.0 ±  2.1 ms - getState
0.45243
0.508147
0.650289
5007.8 ±  0.0 ms - Total time
4155.1 ±  0.0 ms - Build f time
197.0 ±  3.1 ms - Apply f time
3333.0 ± 37.0 ms - Real f time 
892.0 ± 20.1 ms - Add time
 13.7 ±  0.4 ms - Find child
 21.5 ±  0.5 ms - Add child
789.9 ±  3.5 ms - Hash
227.9 ± 42.4 ms - Map
268.3 ±  2.5 ms - getState
0.433752
0.485776
0.666868
5674.8 ±  0.0 ms - Total time
4588.9 ±  0.0 ms - Build f time
234.9 ±  4.1 ms - Apply f time
3689.8 ± 39.0 ms - Real f time 
1020.5 ± 20.3 ms - Add time
 19.5 ±  0.6 ms - Find child
 36.2 ±  7.0 ms - Add child
920.1 ±  3.8 ms - Hash
261.1 ± 42.4 ms - Map
342.8 ±  2.8 ms - getState
0.478991
0.541023
0.715359
6390.2 ±  0.0 ms - Total time
5067.9 ±  0.0 ms - Build f time
270.8 ±  4.2 ms - Apply f time
4086.1 ± 40.2 ms - Real f time 
1165.8 ± 20.9 ms - Add time
 24.9 ±  0.7 ms - Find child
 43.9 ±  7.0 ms - Add child
1046.4 ±  4.0 ms - Hash
294.9 ± 42.4 ms - Map
420.5 ±  3.0 ms - getState
0.45343
0.50877
0.65812
7048.3 ±  0.0 ms - Total time
5521.3 ±  0.0 ms - Build f time
304.6 ±  4.5 ms - Apply f time
4474.5 ± 41.4 ms - Real f time 
1283.9 ± 21.1 ms - Add time
 31.4 ±  2.1 ms - Find child
 51.0 ±  7.0 ms - Add child
1165.6 ±  4.5 ms - Hash
325.3 ± 42.3 ms - Map
486.6 ±  3.2 ms - getState
0.463283
0.517342
0.681449
7729.8 ±  0.0 ms - Total time
5984.6 ±  0.0 ms - Build f time
338.6 ±  4.6 ms - Apply f time
4827.2 ± 42.4 ms - Real f time 
1414.2 ± 21.3 ms - Add time
 36.2 ±  2.1 ms - Find child
 58.6 ±  7.0 ms - Add child
1299.5 ±  4.9 ms - Hash
361.2 ± 42.6 ms - Map
554.8 ±  3.4 ms - getState
0.570623
0.639505
0.821412
8551.3 ±  0.0 ms - Total time
6555.2 ±  0.0 ms - Build f time
378.3 ±  4.8 ms - Apply f time
5302.2 ± 44.6 ms - Real f time 
1566.6 ± 21.6 ms - Add time
 42.0 ±  2.1 ms - Find child
 66.0 ±  7.0 ms - Add child
1439.0 ±  5.1 ms - Hash
394.2 ± 42.6 ms - Map
637.2 ±  3.7 ms - getState
Dag sizes: 135548 112356 119281 136027 112712 118447 122797 
brutePieces time: 4.91432
120.4 ±  0.0 ms - Piece loop time
 47.2 ± 15.9 ms - Set time
 82.2 ±  2.0 ms - Child looking time
Nodes:  857168
Pieces: 11376
makePieces time: 0.120996
Memory: 48.8 + 44.5 + 27.4 + 43.1 + 6.1 MB
  0.9 ±  0.0 ms - Greedy fill time
composePieces time: 0.0824061
                                                                                