Running only task # 202
Using max depth 3
 |                                        | 0 / 416 (0.0%)Function count: 142
0.00522611
0.00557069
0.00564409
0.00601203
0.00512729
0.00536812
  1.1 ±  0.0 ms - Piece loop time
 35.2 ± 35.0 ms - Set time
  0.8 ±  0.3 ms - Child looking time
0.005158
0.00537708
0.00596317
 23.0 ±  0.0 ms - Total time
 21.2 ±  0.0 ms - Build f time
  0.6 ±  0.1 ms - Apply f time
 21.5 ±  1.2 ms - Real f time 
  4.1 ±  0.4 ms - Add time
  0.2 ±  0.0 ms - Find child
  0.3 ±  0.1 ms - Add child
  3.8 ±  0.2 ms - Hash
 39.4 ± 37.2 ms - Map
  0.6 ±  0.1 ms - getState
0.00511797
0.00534486
0.00596371
 28.9 ±  0.0 ms - Total time
 26.3 ±  0.0 ms - Build f time
  0.8 ±  0.1 ms - Apply f time
 26.6 ±  1.2 ms - Real f time 
  4.9 ±  0.4 ms - Add time
  0.2 ±  0.1 ms - Find child
  0.3 ±  0.1 ms - Add child
  5.0 ±  0.2 ms - Hash
 40.2 ± 37.2 ms - Map
  0.8 ±  0.1 ms - getState
0.00544749
0.00568669
0.00631815
 35.3 ±  0.0 ms - Total time
 31.7 ±  0.0 ms - Build f time
  1.1 ±  0.1 ms - Apply f time
 32.0 ±  1.2 ms - Real f time 
  6.1 ±  0.4 ms - Add time
  0.4 ±  0.1 ms - Find child
  0.5 ±  0.1 ms - Add child
  6.3 ±  0.3 ms - Hash
 41.0 ± 37.4 ms - Map
  1.2 ±  0.1 ms - getState
Dag sizes: 2973 2973 2973 
brutePieces time: 0.020313
  1.7 ±  0.0 ms - Piece loop time
 36.0 ± 35.8 ms - Set time
  1.2 ±  0.3 ms - Child looking time
Nodes:  8919
Pieces: 761
makePieces time: 0.00247575
Memory: 0.1 + 1.1 + 0.3 + 12.7 + 0.0 MB
  0.0 ±  0.0 ms - Greedy fill time
composePieces time: 0.000366539
                                                                                