Running only task # 232
Using max depth 3
 |                                        | 0 / 416 (0.0%)Function count: 142
0.157002
0.17279
0.156079
0.171809
0.168463
0.186007
 18.5 ±  0.0 ms - Piece loop time
 47.7 ± 41.1 ms - Set time
 11.8 ±  0.7 ms - Child looking time
0.157937
0.173949
0.344068
874.8 ±  0.0 ms - Total time
639.5 ±  0.0 ms - Build f time
 51.9 ±  1.0 ms - Apply f time
503.8 ±  9.2 ms - Real f time 
226.8 ± 32.9 ms - Add time
 11.3 ±  0.4 ms - Find child
 15.5 ±  0.5 ms - Add child
149.4 ±  1.2 ms - Hash
124.2 ± 42.6 ms - Map
 60.7 ±  0.9 ms - getState
0.159178
0.175407
0.351287
1226.1 ±  0.0 ms - Total time
798.7 ±  0.0 ms - Build f time
 88.5 ±  1.5 ms - Apply f time
646.3 ±  9.5 ms - Real f time 
314.9 ± 33.0 ms - Add time
 21.4 ±  0.5 ms - Find child
 30.7 ±  0.6 ms - Add child
219.7 ±  1.5 ms - Hash
163.0 ± 42.6 ms - Map
107.2 ±  1.5 ms - getState
0.165933
0.183478
0.365559
1591.7 ±  0.0 ms - Total time
964.6 ±  0.0 ms - Build f time
128.1 ±  1.7 ms - Apply f time
795.5 ±  9.8 ms - Real f time 
407.0 ± 33.0 ms - Add time
 32.8 ±  0.6 ms - Find child
 46.1 ±  0.8 ms - Add child
294.1 ±  1.7 ms - Hash
202.7 ± 42.6 ms - Map
157.1 ±  1.7 ms - getState
Dag sizes: 232163 238436 241694 
brutePieces time: 1.06263
 79.4 ±  0.0 ms - Piece loop time
 69.9 ± 41.7 ms - Set time
 48.7 ±  1.1 ms - Child looking time
Nodes:  712293
Pieces: 46586
makePieces time: 0.080498
Memory: 11.5 + 33.2 + 22.8 + 24.0 + 4.9 MB
  0.1 ±  0.0 ms - Greedy fill time
composePieces time: 0.0441539
                                                                                