Running only task # 399
Using max depth 23
 |                                        | 0 / 416 (0.0%)Function count: 142
0.0773456
0.0849931
0.0808178
0.0881447
0.076358
0.0836039
0.0798335
0.0878145
0.0827147
0.0896201
 28.0 ±  0.0 ms - Piece loop time
 41.2 ± 35.4 ms - Set time
 21.0 ±  1.0 ms - Child looking time
0.0777822
0.0850452
0.145441
579.8 ±  0.0 ms - Total time
474.8 ±  0.0 ms - Build f time
 25.5 ±  2.2 ms - Apply f time
407.9 ±  3.7 ms - Real f time 
101.3 ±  1.9 ms - Add time
  4.6 ±  0.2 ms - Find child
  5.5 ±  0.3 ms - Add child
 88.0 ±  0.9 ms - Hash
 87.7 ± 36.3 ms - Map
 24.6 ±  0.5 ms - getState
0.0758536
0.0828708
0.147042
726.9 ±  0.0 ms - Total time
550.7 ±  0.0 ms - Build f time
 38.3 ±  2.4 ms - Apply f time
480.9 ±  4.3 ms - Real f time 
134.4 ±  2.1 ms - Add time
  8.1 ±  0.3 ms - Find child
  9.7 ±  0.3 ms - Add child
114.5 ±  1.1 ms - Hash
107.5 ± 36.3 ms - Map
 39.0 ±  0.6 ms - getState
0.0787527
0.0867254
0.14945
876.4 ±  0.0 ms - Total time
629.5 ±  0.0 ms - Build f time
 50.3 ±  2.4 ms - Apply f time
554.6 ±  4.5 ms - Real f time 
167.6 ±  2.2 ms - Add time
 11.2 ±  0.4 ms - Find child
 13.6 ±  0.4 ms - Add child
142.3 ±  1.3 ms - Hash
126.3 ± 36.4 ms - Map
 53.3 ±  0.7 ms - getState
0.0784504
0.0857525
0.14499
1021.4 ±  0.0 ms - Total time
707.9 ±  0.0 ms - Build f time
 61.9 ±  2.4 ms - Apply f time
627.0 ±  4.7 ms - Real f time 
201.6 ±  2.3 ms - Add time
 13.9 ±  0.4 ms - Find child
 17.8 ±  0.5 ms - Add child
168.7 ±  1.4 ms - Hash
142.3 ± 36.3 ms - Map
 67.8 ±  0.8 ms - getState
0.0869996
0.0943159
0.161668
1183.1 ±  0.0 ms - Total time
794.9 ±  0.0 ms - Build f time
 75.0 ±  2.5 ms - Apply f time
707.7 ±  4.9 ms - Real f time 
237.8 ±  2.5 ms - Add time
 17.2 ±  0.5 ms - Find child
 22.2 ±  0.6 ms - Add child
198.7 ±  1.5 ms - Hash
163.7 ± 36.4 ms - Map
 83.5 ±  0.9 ms - getState
Dag sizes: 112297 111709 112213 111399 120092 
brutePieces time: 0.75255
 79.8 ±  0.0 ms - Piece loop time
 59.6 ± 35.0 ms - Set time
 52.6 ±  1.3 ms - Child looking time
Nodes:  567710
Pieces: 115541
makePieces time: 0.0809957
Memory: 6.5 + 20.0 + 18.2 + 30.1 + 5.9 MB
  7.0 ±  0.0 ms - Greedy fill time
composePieces time: 0.759276
                                                                                