Running only task # 240
Using max depth 23
 |                                        | 0 / 416 (0.0%)Function count: 142
0.609701
0.69574
0.255709
0.285454
0.174613
0.193383
0.590694
0.676442
0.24937
0.279233
0.170456
0.188515
0.383552
0.439389
105.2 ±  0.0 ms - Piece loop time
 39.6 ± 17.7 ms - Set time
 77.1 ±  1.9 ms - Child looking time
0.643064
0.724467
1.25042
4009.2 ±  0.0 ms - Total time
3077.2 ±  0.0 ms - Build f time
204.3 ± 14.9 ms - Apply f time
2337.4 ± 25.9 ms - Real f time 
935.0 ± 60.2 ms - Add time
 17.9 ±  0.5 ms - Find child
 24.7 ±  0.6 ms - Add child
679.2 ±  3.9 ms - Hash
256.0 ± 52.4 ms - Map
269.9 ±  3.1 ms - getState
0.254016
0.283802
0.466519
4475.8 ±  0.0 ms - Total time
3331.2 ±  0.0 ms - Build f time
242.3 ± 15.0 ms - Apply f time
2559.0 ± 26.2 ms - Real f time 
1044.1 ± 60.2 ms - Add time
 26.4 ±  0.6 ms - Find child
 36.7 ±  0.7 ms - Add child
769.2 ±  4.0 ms - Hash
296.0 ± 52.4 ms - Map
326.7 ±  3.3 ms - getState
0.180804
0.199728
0.337616
4813.5 ±  0.0 ms - Total time
3512.0 ±  0.0 ms - Build f time
269.1 ± 15.0 ms - Apply f time
2717.0 ± 26.4 ms - Real f time 
1121.3 ± 60.2 ms - Add time
 32.4 ±  0.6 ms - Find child
 44.6 ±  0.8 ms - Add child
837.9 ±  4.1 ms - Hash
325.6 ± 52.3 ms - Map
364.8 ±  3.4 ms - getState
0.636293
0.716896
1.24064
6054.1 ±  0.0 ms - Total time
4148.3 ±  0.0 ms - Build f time
350.5 ± 15.1 ms - Apply f time
3228.0 ± 28.4 ms - Real f time 
1425.7 ± 60.3 ms - Add time
 45.1 ±  0.8 ms - Find child
 63.0 ±  1.0 ms - Add child
1098.7 ±  5.4 ms - Hash
400.4 ± 52.3 ms - Map
531.2 ±  3.8 ms - getState
0.261673
0.293238
0.489559
6543.7 ±  0.0 ms - Total time
4409.9 ±  0.0 ms - Build f time
392.3 ± 15.3 ms - Apply f time
3449.0 ± 28.7 ms - Real f time 
1571.7 ± 69.7 ms - Add time
 54.5 ±  1.0 ms - Find child
 74.8 ±  1.1 ms - Add child
1190.8 ±  5.8 ms - Hash
448.4 ± 52.4 ms - Map
592.8 ±  4.0 ms - getState
0.183528
0.201924
0.339975
6883.7 ±  0.0 ms - Total time
4593.5 ±  0.0 ms - Build f time
418.5 ± 15.3 ms - Apply f time
3609.3 ± 29.1 ms - Real f time 
1648.5 ± 69.7 ms - Add time
 60.7 ±  1.0 ms - Find child
 82.9 ±  1.1 ms - Add child
1257.2 ±  5.9 ms - Hash
481.5 ± 52.4 ms - Map
630.3 ±  4.0 ms - getState
0.39936
0.450821
0.79249
7676.3 ±  0.0 ms - Total time
4992.8 ±  0.0 ms - Build f time
477.9 ± 15.3 ms - Apply f time
3935.7 ± 29.5 ms - Real f time 
1836.7 ± 69.8 ms - Add time
 71.4 ±  1.1 ms - Find child
 99.3 ±  1.2 ms - Add child
1411.8 ±  6.1 ms - Hash
544.5 ± 52.5 ms - Map
738.9 ±  4.3 ms - getState
Dag sizes: 370865 247154 192571 370451 247207 192861 326667 
brutePieces time: 4.92196
370.7 ±  0.0 ms - Piece loop time
128.8 ± 45.3 ms - Set time
274.3 ±  2.9 ms - Child looking time
Nodes:  1947776
Pieces: 222283
makePieces time: 0.372931
Memory: 58.3 + 70.7 + 62.3 + 60.5 + 21.0 MB
183.7 ± 30.9 ms - Greedy fill time
composePieces time: 6.24386
                                                                                