Running only task # 341
Using max depth 3
 |                                        | 0 / 416 (0.0%)Function count: 142
0.944323
1.07659
0.73579
0.84299
0.984816
1.10635
0.593462
0.663086
0.718144
0.80011
 28.3 ±  0.0 ms - Piece loop time
 26.7 ± 20.5 ms - Set time
 21.8 ±  1.0 ms - Child looking time
0.947873
1.06132
1.26262
5752.0 ±  0.0 ms - Total time
4924.4 ±  0.0 ms - Build f time
246.5 ± 19.4 ms - Apply f time
4129.2 ± 122.4 ms - Real f time 
805.9 ± 25.3 ms - Add time
  7.4 ±  0.7 ms - Find child
 10.4 ±  0.4 ms - Add child
804.3 ± 11.6 ms - Hash
130.9 ± 38.2 ms - Map
318.5 ± 18.3 ms - getState
0.752498
0.864612
1.11128
6863.3 ±  0.0 ms - Total time
5676.9 ±  0.0 ms - Build f time
307.4 ± 19.7 ms - Apply f time
4726.4 ± 124.5 ms - Real f time 
1023.5 ± 26.1 ms - Add time
 13.1 ±  0.7 ms - Find child
 18.2 ±  0.5 ms - Add child
1006.2 ± 12.2 ms - Hash
163.3 ± 38.2 ms - Map
428.2 ± 18.6 ms - getState
1.01064
1.13243
1.34442
8207.8 ±  0.0 ms - Total time
6687.5 ±  0.0 ms - Build f time
368.1 ± 21.2 ms - Apply f time
5744.7 ± 162.1 ms - Real f time 
1222.2 ± 28.9 ms - Add time
 17.2 ±  0.8 ms - Find child
 24.6 ±  0.5 ms - Add child
1191.8 ± 13.4 ms - Hash
188.1 ± 38.3 ms - Map
528.1 ± 20.3 ms - getState
0.602707
0.677172
0.852194
9060.0 ±  0.0 ms - Total time
7290.2 ±  0.0 ms - Build f time
408.8 ± 21.2 ms - Apply f time
6255.7 ± 163.6 ms - Real f time 
1376.9 ± 29.3 ms - Add time
 21.2 ±  0.8 ms - Find child
 30.1 ±  0.6 ms - Add child
1343.3 ± 13.6 ms - Hash
209.6 ± 38.2 ms - Map
598.9 ± 20.4 ms - getState
0.730156
0.812067
1.07179
10131.8 ±  0.0 ms - Total time
8020.4 ±  0.0 ms - Build f time
457.3 ± 21.3 ms - Apply f time
6844.5 ± 164.8 ms - Real f time 
1589.8 ± 29.8 ms - Add time
 26.1 ±  0.8 ms - Find child
 36.8 ±  0.7 ms - Add child
1550.5 ± 13.8 ms - Hash
237.3 ± 38.3 ms - Map
699.3 ± 20.5 ms - getState
Dag sizes: 96768 132114 107379 101397 123175 
brutePieces time: 5.6443
 61.4 ±  0.0 ms - Piece loop time
 30.0 ± 16.1 ms - Set time
 45.1 ±  1.2 ms - Child looking time
Nodes:  560833
Pieces: 5685
makePieces time: 0.0618545
Memory: 53.8 + 27.8 + 17.9 + 29.9 + 3.6 MB
  0.5 ±  0.0 ms - Greedy fill time
composePieces time: 0.0329678
                                                                                