Running only task # 3
Using max depth 4
 |                                        | 0 / 416 (0.0%)Function count: 142
0.204755
0.229045
0.206539
0.231898
0.1825
0.202681
0.173087
0.192221
0.239407
0.264029
 49.6 ±  0.0 ms - Piece loop time
 46.8 ± 36.6 ms - Set time
 36.3 ±  1.4 ms - Child looking time
6.59919
7.39203
13.0449
14165.0 ±  0.0 ms - Total time
7605.5 ±  0.0 ms - Build f time
1078.2 ±  6.9 ms - Apply f time
6738.1 ± 34.0 ms - Real f time 
2823.3 ± 36.3 ms - Add time
282.6 ±  3.3 ms - Find child
415.5 ±  7.5 ms - Add child
2333.2 ±  6.9 ms - Hash
2313.1 ± 44.4 ms - Map
1426.2 ± 14.2 ms - getState
7.32858
8.18055
15.0908
29255.9 ±  0.0 ms - Total time
14934.0 ±  0.0 ms - Build f time
2301.5 ±  8.6 ms - Apply f time
13322.1 ± 53.5 ms - Real f time 
5946.3 ± 51.1 ms - Add time
609.8 ±  4.3 ms - Find child
888.1 ±  8.3 ms - Add child
4946.8 ± 18.9 ms - Hash
7314.6 ± 2376.0 ms - Map
3110.2 ± 19.0 ms - getState
6.22402
6.92818
11.2708
40526.7 ±  0.0 ms - Total time
21158.1 ±  0.0 ms - Build f time
3175.4 ±  9.6 ms - Apply f time
18890.7 ± 60.8 ms - Real f time 
8059.9 ± 54.4 ms - Add time
840.8 ±  5.6 ms - Find child
1226.2 ±  8.7 ms - Add child
6763.4 ± 19.6 ms - Hash
9527.1 ± 2418.1 ms - Map
4233.8 ± 20.2 ms - getState
5.76612
6.39566
10.7626
51289.3 ±  0.0 ms - Total time
26924.2 ±  0.0 ms - Build f time
4048.4 ± 10.6 ms - Apply f time
24007.8 ± 63.9 ms - Real f time 
10115.6 ± 57.8 ms - Add time
1077.6 ±  9.7 ms - Find child
1561.7 ±  9.1 ms - Add child
8596.3 ± 20.5 ms - Hash
11266.4 ± 2417.9 ms - Map
5323.8 ± 21.3 ms - getState
7.34319
8.24452
14.6319
65921.3 ±  0.0 ms - Total time
34267.4 ±  0.0 ms - Build f time
5257.4 ± 20.9 ms - Apply f time
30544.2 ± 66.7 ms - Real f time 
13087.9 ± 70.4 ms - Add time
1402.8 ± 18.2 ms - Find child
2033.7 ± 13.7 ms - Add child
11112.9 ± 30.4 ms - Hash
13651.8 ± 2418.0 ms - Map
6891.4 ± 22.5 ms - getState
Dag sizes: 6731294 8218069 5044289 5240229 7647075 
brutePieces time: 64.8039
11088.7 ±  0.0 ms - Piece loop time
3718.7 ± 97.4 ms - Set time
6908.4 ± 17.5 ms - Child looking time
Nodes:  32880956
Pieces: 5030832
makePieces time: 11.1112
Memory: 535.1 + 1487.1 + 1052.2 + 794.5 + 413.7 MB
 95.2 ±  0.0 ms - Greedy fill time
composePieces time: 25.1043
                                                                                