Running only task # 320
Using max depth 33
 |                                        | 0 / 416 (0.0%)Function count: 142
0.465731
0.529613
0.215121
0.243511
0.312232
0.354195
0.474141
0.536428
0.210163
0.237054
0.303379
0.345361
0.322857
0.369167
 74.6 ±  0.0 ms - Piece loop time
 66.2 ± 50.2 ms - Set time
 55.9 ±  1.7 ms - Child looking time
0.49895
0.561865
1.22553
3841.2 ±  0.0 ms - Total time
2802.6 ±  0.0 ms - Build f time
188.7 ±  2.9 ms - Apply f time
2262.2 ± 25.3 ms - Real f time 
810.6 ± 31.1 ms - Add time
 19.3 ±  0.5 ms - Find child
 26.1 ±  0.6 ms - Add child
637.5 ±  3.2 ms - Hash
252.2 ± 40.5 ms - Map
266.1 ±  2.3 ms - getState
0.221311
0.247391
0.526448
4367.7 ±  0.0 ms - Total time
3023.9 ±  0.0 ms - Build f time
237.0 ±  3.1 ms - Apply f time
2466.6 ± 25.5 ms - Real f time 
937.0 ± 31.2 ms - Add time
 32.5 ±  0.6 ms - Find child
 43.0 ±  0.7 ms - Add child
736.6 ±  3.5 ms - Hash
330.5 ± 40.5 ms - Map
334.4 ±  2.6 ms - getState
0.333215
0.381103
0.748396
5116.2 ±  0.0 ms - Total time
3357.1 ±  0.0 ms - Build f time
301.3 ±  3.8 ms - Apply f time
2774.2 ± 26.0 ms - Real f time 
1119.4 ± 31.3 ms - Add time
 46.8 ±  0.8 ms - Find child
 62.3 ±  0.9 ms - Add child
865.9 ±  3.7 ms - Hash
415.8 ± 40.5 ms - Map
430.1 ±  2.9 ms - getState
0.511183
0.573643
1.23875
6355.0 ±  0.0 ms - Total time
3868.3 ±  0.0 ms - Build f time
388.6 ±  4.1 ms - Apply f time
3220.1 ± 28.0 ms - Real f time 
1447.1 ± 31.6 ms - Add time
 61.0 ±  0.9 ms - Find child
 84.6 ±  1.1 ms - Add child
1131.3 ±  4.1 ms - Hash
510.2 ± 40.6 ms - Map
596.1 ±  3.8 ms - getState
0.22063
0.247176
0.539714
6894.7 ±  0.0 ms - Total time
4088.9 ±  0.0 ms - Build f time
436.7 ±  4.2 ms - Apply f time
3424.8 ± 28.3 ms - Real f time 
1640.8 ± 72.7 ms - Add time
 73.1 ±  1.0 ms - Find child
102.4 ±  1.3 ms - Add child
1228.3 ±  4.3 ms - Hash
585.9 ± 40.6 ms - Map
664.5 ±  3.9 ms - getState
0.320918
0.36238
0.735111
7629.9 ±  0.0 ms - Total time
4409.8 ±  0.0 ms - Build f time
497.7 ±  4.3 ms - Apply f time
3730.6 ± 29.1 ms - Real f time 
1818.0 ± 72.8 ms - Add time
 87.5 ±  1.1 ms - Find child
120.5 ±  1.3 ms - Add child
1357.4 ±  4.4 ms - Hash
670.9 ± 40.7 ms - Map
758.1 ±  4.1 ms - getState
0.350623
0.414727
0.899246
8529.2 ±  0.0 ms - Total time
4760.4 ±  0.0 ms - Build f time
574.4 ±  4.6 ms - Apply f time
4073.3 ± 31.7 ms - Real f time 
2049.7 ± 72.8 ms - Add time
103.5 ±  1.1 ms - Find child
140.9 ±  1.4 ms - Add child
1528.2 ±  5.1 ms - Hash
765.6 ± 40.7 ms - Map
887.4 ±  4.8 ms - getState
Dag sizes: 420098 352224 383539 413597 363619 388709 444345 
brutePieces time: 5.91675
411.4 ±  0.0 ms - Piece loop time
172.4 ± 46.0 ms - Set time
263.5 ±  3.4 ms - Child looking time
Nodes:  2766131
Pieces: 330317
makePieces time: 0.414471
Memory: 76.2 + 97.1 + 88.5 + 73.6 + 25.9 MB
 55.1 ±  5.0 ms - Greedy fill time
composePieces time: 9.83153
                                                                                