Running only task # 125
Using max depth 3
 |                                        | 0 / 416 (0.0%)Function count: 142
0.0321507
0.0341101
0.0210429
0.0222026
0.0440541
0.0468486
0.046714
0.0490956
 21.0 ±  0.0 ms - Piece loop time
 40.0 ± 36.6 ms - Set time
 17.3 ±  0.7 ms - Child looking time
0.0489553
0.0512289
0.0682993
220.6 ±  0.0 ms - Total time
192.9 ±  0.0 ms - Build f time
  6.9 ±  0.3 ms - Apply f time
170.2 ±  3.1 ms - Real f time 
 31.6 ±  0.7 ms - Add time
  1.6 ±  0.1 ms - Find child
  2.2 ±  0.2 ms - Add child
 38.0 ±  0.6 ms - Hash
 57.6 ± 39.9 ms - Map
  7.8 ±  0.3 ms - getState
0.0280623
0.0291537
0.0364853
257.1 ±  0.0 ms - Total time
221.0 ±  0.0 ms - Build f time
  8.9 ±  0.3 ms - Apply f time
196.2 ±  3.2 ms - Real f time 
 38.5 ±  0.9 ms - Add time
  2.2 ±  0.2 ms - Find child
  3.1 ±  0.2 ms - Add child
 46.4 ±  0.7 ms - Hash
 60.4 ± 39.8 ms - Map
  9.8 ±  0.3 ms - getState
0.0563488
0.0592439
0.0774398
334.6 ±  0.0 ms - Total time
277.3 ±  0.0 ms - Build f time
 13.5 ±  0.4 ms - Apply f time
249.4 ±  3.9 ms - Real f time 
 52.2 ±  1.0 ms - Add time
  3.4 ±  0.2 ms - Find child
  4.8 ±  0.3 ms - Add child
 61.8 ±  0.8 ms - Hash
 68.0 ± 39.8 ms - Map
 14.7 ±  0.4 ms - getState
0.0642802
0.0673004
0.0869644
421.6 ±  0.0 ms - Total time
341.6 ±  0.0 ms - Build f time
 18.8 ±  0.5 ms - Apply f time
308.2 ±  4.2 ms - Real f time 
 71.7 ±  5.4 ms - Add time
  4.7 ±  0.2 ms - Find child
  6.4 ±  0.3 ms - Add child
 78.9 ±  0.9 ms - Hash
 76.6 ± 39.7 ms - Map
 20.5 ±  0.4 ms - getState
Dag sizes: 37037 17287 37549 38062 
brutePieces time: 0.271632
 47.0 ±  0.0 ms - Piece loop time
 64.9 ± 57.2 ms - Set time
 36.5 ±  1.2 ms - Child looking time
Nodes:  129935
Pieces: 37508
makePieces time: 0.0482878
Memory: 1.4 + 7.8 + 4.2 + 18.9 + 1.8 MB
  2.0 ±  0.0 ms - Greedy fill time
composePieces time: 0.112991
                                                                                