Running only task # 141
Using max depth 23
 |                                        | 0 / 416 (0.0%)Function count: 142
0.133943
0.1422
0.111066
0.117173
0.119674
0.126831
0.0913095
0.0969492
0.135187
0.143088
0.103973
0.110086
0.117298
0.126493
0.0891807
0.0948006
0.163525
0.172947
 47.0 ±  0.0 ms - Piece loop time
 61.2 ± 51.3 ms - Set time
 37.1 ±  1.6 ms - Child looking time
0.13718
0.145077
0.254224
1385.2 ±  0.0 ms - Total time
1202.3 ±  0.0 ms - Build f time
 36.2 ±  1.1 ms - Apply f time
919.0 ± 10.1 ms - Real f time 
254.5 ± 21.5 ms - Add time
  4.9 ±  0.3 ms - Find child
  6.2 ±  0.3 ms - Add child
253.8 ±  3.8 ms - Hash
210.6 ± 68.0 ms - Map
 49.5 ±  0.7 ms - getState
0.110035
0.116155
0.190413
1575.7 ±  0.0 ms - Total time
1312.4 ±  0.0 ms - Build f time
 48.2 ±  1.2 ms - Apply f time
1013.0 ± 10.5 ms - Real f time 
296.2 ± 21.9 ms - Add time
  7.7 ±  0.3 ms - Find child
 10.1 ±  0.4 ms - Add child
294.5 ±  3.9 ms - Hash
231.6 ± 68.0 ms - Map
 67.7 ±  0.8 ms - getState
0.120979
0.128161
0.220713
1796.4 ±  0.0 ms - Total time
1433.3 ±  0.0 ms - Build f time
 62.3 ±  1.3 ms - Apply f time
1113.7 ± 10.7 ms - Real f time 
343.7 ± 22.0 ms - Add time
 14.3 ±  3.3 ms - Find child
 14.8 ±  0.7 ms - Add child
342.7 ±  3.9 ms - Hash
255.4 ± 68.0 ms - Map
 89.9 ±  0.9 ms - getState
0.0993888
0.105096
0.166929
1963.4 ±  0.0 ms - Total time
1532.7 ±  0.0 ms - Build f time
 72.4 ±  1.4 ms - Apply f time
1197.9 ± 11.0 ms - Real f time 
380.3 ± 22.1 ms - Add time
 16.6 ±  3.3 ms - Find child
 17.9 ±  0.7 ms - Add child
378.2 ±  3.9 ms - Hash
270.5 ± 68.0 ms - Map
104.5 ±  0.9 ms - getState
0.1464
0.154114
0.26286
2226.3 ±  0.0 ms - Total time
1679.1 ±  0.0 ms - Build f time
 86.7 ±  1.4 ms - Apply f time
1317.1 ± 11.4 ms - Real f time 
437.2 ± 22.1 ms - Add time
 19.9 ±  3.3 ms - Find child
 22.9 ±  1.0 ms - Add child
436.7 ±  4.0 ms - Hash
291.7 ± 67.9 ms - Map
130.9 ±  1.2 ms - getState
0.10985
0.115965
0.190669
2417.1 ±  0.0 ms - Total time
1789.0 ±  0.0 ms - Build f time
 99.0 ±  1.5 ms - Apply f time
1410.2 ± 11.6 ms - Real f time 
475.4 ± 22.2 ms - Add time
 23.0 ±  3.3 ms - Find child
 27.0 ±  1.0 ms - Add child
478.1 ±  4.1 ms - Hash
312.4 ± 68.0 ms - Map
149.5 ±  1.4 ms - getState
0.124022
0.131486
0.225579
2642.7 ±  0.0 ms - Total time
1913.0 ±  0.0 ms - Build f time
113.2 ±  1.5 ms - Apply f time
1512.6 ± 12.2 ms - Real f time 
536.4 ± 26.3 ms - Add time
 25.9 ±  3.3 ms - Find child
 30.3 ±  1.0 ms - Add child
527.5 ±  4.2 ms - Hash
333.8 ± 67.9 ms - Map
171.9 ±  1.5 ms - getState
0.0945079
0.0999706
0.158662
2801.4 ±  0.0 ms - Total time
2007.5 ±  0.0 ms - Build f time
122.7 ±  1.6 ms - Apply f time
1594.4 ± 12.4 ms - Real f time 
568.0 ± 26.3 ms - Add time
 28.0 ±  3.3 ms - Find child
 33.2 ±  1.0 ms - Add child
562.5 ±  4.2 ms - Hash
347.8 ± 67.8 ms - Map
186.7 ±  1.5 ms - getState
0.173413
0.182601
0.305997
3107.4 ±  0.0 ms - Total time
2180.9 ±  0.0 ms - Build f time
139.1 ±  1.6 ms - Apply f time
1736.2 ± 13.1 ms - Real f time 
631.8 ± 26.3 ms - Add time
 31.3 ±  3.3 ms - Find child
 37.5 ±  1.1 ms - Add child
631.9 ±  4.3 ms - Hash
371.5 ± 67.8 ms - Map
216.8 ±  1.6 ms - getState
Dag sizes: 93697 84679 91342 60350 92892 84068 92171 60425 95076 
brutePieces time: 1.98459
119.4 ±  0.0 ms - Piece loop time
 75.4 ± 52.9 ms - Set time
 85.1 ±  1.8 ms - Child looking time
Nodes:  754700
Pieces: 86265
makePieces time: 0.121124
Memory: 18.6 + 32.1 + 24.2 + 49.8 + 7.1 MB
 69.4 ±  1.8 ms - Greedy fill time
composePieces time: 4.53591
                                                                                