Running only task # 83
Using max depth 33
 |                                        | 0 / 416 (0.0%)Function count: 142
0.0261475
0.0285452
0.0350903
0.0388907
0.0360275
0.0387971
0.0257335
0.0279983
0.0307364
0.033819
0.0327122
0.0356204
0.0324
0.0373508
 50.0 ±  0.0 ms - Piece loop time
 48.2 ± 42.2 ms - Set time
 40.9 ±  1.5 ms - Child looking time
0.0394384
0.0424762
0.074729
315.9 ±  0.0 ms - Total time
258.3 ±  0.0 ms - Build f time
 16.5 ±  0.4 ms - Apply f time
237.9 ±  1.8 ms - Real f time 
 65.6 ±  2.5 ms - Add time
  4.0 ±  0.2 ms - Find child
  5.5 ±  0.3 ms - Add child
 49.8 ±  4.1 ms - Hash
 74.6 ± 35.5 ms - Map
 16.2 ±  0.4 ms - getState
0.0457974
0.0499218
0.0870032
403.0 ±  0.0 ms - Total time
304.1 ±  0.0 ms - Build f time
 26.9 ±  1.5 ms - Apply f time
283.2 ±  2.0 ms - Real f time 
 87.6 ±  2.6 ms - Add time
  7.2 ±  0.3 ms - Find child
 10.2 ±  0.4 ms - Add child
 63.4 ±  4.1 ms - Hash
 88.6 ± 35.6 ms - Map
 26.0 ±  0.5 ms - getState
0.0493313
0.0536081
0.0914452
494.4 ±  0.0 ms - Total time
353.4 ±  0.0 ms - Build f time
 37.0 ±  1.5 ms - Apply f time
332.6 ±  2.2 ms - Real f time 
113.5 ±  3.7 ms - Add time
 10.6 ±  0.4 ms - Find child
 14.4 ±  0.4 ms - Add child
 79.0 ±  4.2 ms - Hash
102.5 ± 35.6 ms - Map
 36.3 ±  0.6 ms - getState
0.0406497
0.0437642
0.0753756
569.8 ±  0.0 ms - Total time
394.1 ±  0.0 ms - Build f time
 45.3 ±  1.6 ms - Apply f time
371.4 ±  2.4 ms - Real f time 
133.7 ±  4.2 ms - Add time
 13.7 ±  0.4 ms - Find child
 18.6 ±  0.5 ms - Add child
 92.3 ±  4.2 ms - Hash
113.9 ± 35.6 ms - Map
 45.7 ±  0.9 ms - getState
0.0455439
0.0495948
0.0849005
654.8 ±  0.0 ms - Total time
439.6 ±  0.0 ms - Build f time
 54.6 ±  1.6 ms - Apply f time
415.6 ±  2.5 ms - Real f time 
155.7 ±  4.5 ms - Add time
 16.7 ±  0.5 ms - Find child
 22.8 ±  0.5 ms - Add child
106.1 ±  4.2 ms - Hash
126.3 ± 35.6 ms - Map
 55.0 ±  0.9 ms - getState
0.0503459
0.0545387
0.0925982
747.4 ±  0.0 ms - Total time
489.9 ±  0.0 ms - Build f time
 65.1 ±  1.6 ms - Apply f time
465.6 ±  2.7 ms - Real f time 
178.3 ±  4.5 ms - Add time
 20.3 ±  0.5 ms - Find child
 27.8 ±  0.6 ms - Add child
121.3 ±  4.2 ms - Hash
140.6 ± 35.5 ms - Map
 66.1 ±  1.0 ms - getState
0.0546214
0.0593152
0.100971
848.4 ±  0.0 ms - Total time
544.6 ±  0.0 ms - Build f time
 75.2 ±  1.7 ms - Apply f time
516.1 ±  2.8 ms - Real f time 
201.1 ±  4.6 ms - Add time
 23.7 ±  0.6 ms - Find child
 32.9 ±  0.7 ms - Add child
137.7 ±  4.2 ms - Hash
159.5 ± 35.6 ms - Map
 76.9 ±  1.0 ms - getState
Dag sizes: 76062 87865 91303 75891 87055 93523 94434 
brutePieces time: 0.61229
155.1 ±  0.0 ms - Piece loop time
 68.3 ± 36.4 ms - Set time
112.1 ±  1.8 ms - Child looking time
Nodes:  606133
Pieces: 123831
makePieces time: 0.15654
Memory: 3.7 + 29.4 + 19.4 + 39.1 + 8.6 MB
  9.1 ±  0.3 ms - Greedy fill time
composePieces time: 1.70508
                                                                                