Running only task # 2
Using max depth 33
 |                                        | 0 / 416 (0.0%)Function count: 142
0.0418992
0.0456529
0.0414454
0.0444264
0.041532
0.0439276
0.0379965
0.0400498
0.0415443
0.0434114
0.0408478
0.0431495
0.0355793
0.0376751
 37.2 ±  0.0 ms - Piece loop time
 46.0 ± 40.7 ms - Set time
 29.9 ±  1.2 ms - Child looking time
0.0563865
0.0582832
0.064961
363.4 ±  0.0 ms - Total time
337.2 ±  0.0 ms - Build f time
  8.7 ±  0.3 ms - Apply f time
291.1 ±  2.4 ms - Real f time 
 54.2 ±  1.3 ms - Add time
  1.7 ±  0.1 ms - Find child
  2.5 ±  0.2 ms - Add child
 57.6 ±  0.8 ms - Hash
 75.5 ± 38.6 ms - Map
  9.6 ±  0.7 ms - getState
0.0386068
0.0403545
0.0469422
410.4 ±  0.0 ms - Total time
375.8 ±  0.0 ms - Build f time
 11.3 ±  0.4 ms - Apply f time
326.5 ±  2.6 ms - Real f time 
 61.3 ±  1.4 ms - Add time
  2.7 ±  0.2 ms - Find child
  3.8 ±  0.2 ms - Add child
 66.9 ±  0.9 ms - Hash
 80.5 ± 38.6 ms - Map
 12.2 ±  0.7 ms - getState
0.043473
0.0457822
0.0550512
465.5 ±  0.0 ms - Total time
419.3 ±  0.0 ms - Build f time
 14.9 ±  0.4 ms - Apply f time
366.4 ±  2.7 ms - Real f time 
 77.6 ±  7.4 ms - Add time
  3.9 ±  0.2 ms - Find child
  5.7 ±  0.4 ms - Add child
 76.3 ±  1.0 ms - Hash
 88.2 ± 38.6 ms - Map
 15.3 ±  0.7 ms - getState
0.0410883
0.0433754
0.0507023
516.2 ±  0.0 ms - Total time
460.4 ±  0.0 ms - Build f time
 17.7 ±  0.5 ms - Apply f time
403.9 ±  2.8 ms - Real f time 
 85.5 ±  7.4 ms - Add time
  4.9 ±  0.2 ms - Find child
  7.2 ±  0.5 ms - Add child
 85.3 ±  1.0 ms - Hash
 98.6 ± 38.8 ms - Map
 17.9 ±  0.8 ms - getState
0.0399899
0.0418658
0.0490852
565.3 ±  0.0 ms - Total time
500.4 ±  0.0 ms - Build f time
 20.6 ±  0.5 ms - Apply f time
439.4 ±  3.0 ms - Real f time 
100.1 ± 10.2 ms - Add time
  5.9 ±  0.3 ms - Find child
  8.4 ±  0.5 ms - Add child
 94.4 ±  1.1 ms - Hash
105.0 ± 38.8 ms - Map
 20.3 ±  0.8 ms - getState
0.0436589
0.0458965
0.0534468
618.8 ±  0.0 ms - Total time
544.0 ±  0.0 ms - Build f time
 24.0 ±  0.5 ms - Apply f time
478.5 ±  3.1 ms - Real f time 
109.2 ± 10.2 ms - Add time
  7.0 ±  0.3 ms - Find child
  9.8 ±  0.5 ms - Add child
104.7 ±  1.1 ms - Hash
112.0 ± 38.8 ms - Map
 23.0 ±  0.8 ms - getState
0.042558
0.0444943
0.0536081
672.4 ±  0.0 ms - Total time
586.6 ±  0.0 ms - Build f time
 27.5 ±  0.6 ms - Apply f time
515.9 ±  3.2 ms - Real f time 
117.7 ± 10.2 ms - Add time
  8.2 ±  0.3 ms - Find child
 11.1 ±  0.5 ms - Add child
114.8 ±  1.2 ms - Hash
118.3 ± 38.8 ms - Map
 25.9 ±  0.9 ms - getState
Dag sizes: 24768 23242 26509 23989 23076 25805 29591 
brutePieces time: 0.378864
 63.7 ±  0.0 ms - Piece loop time
 44.8 ± 37.0 ms - Set time
 52.5 ±  1.2 ms - Child looking time
Nodes:  176980
Pieces: 21487
makePieces time: 0.0646562
Memory: 1.2 + 14.6 + 5.7 + 32.2 + 2.5 MB
  0.8 ±  0.0 ms - Greedy fill time
composePieces time: 0.112529
                                                                                