Running only task # 101
Using max depth 23
 |                                        | 0 / 416 (0.0%)Function count: 142
0.0636983
0.0709301
0.0712447
0.083652
0.0924569
0.101939
0.0625273
0.0694816
0.0708758
0.0788429
0.0861266
0.0954102
0.0888692
0.100455
 98.2 ±  0.0 ms - Piece loop time
 64.5 ± 47.2 ms - Set time
 78.9 ±  2.1 ms - Child looking time
0.0909408
0.0994478
0.20884
809.9 ±  0.0 ms - Total time
626.7 ±  0.0 ms - Build f time
 42.9 ±  1.4 ms - Apply f time
534.3 ±  5.3 ms - Real f time 
160.5 ±  2.0 ms - Add time
  8.0 ±  0.3 ms - Find child
 10.3 ±  0.4 ms - Add child
106.3 ±  1.1 ms - Hash
150.5 ± 45.5 ms - Map
 49.6 ±  0.7 ms - getState
0.101176
0.113766
0.216948
1026.9 ±  0.0 ms - Total time
727.9 ±  0.0 ms - Build f time
 61.4 ±  1.5 ms - Apply f time
644.5 ± 17.0 ms - Real f time 
212.3 ±  2.2 ms - Add time
 14.1 ±  1.1 ms - Find child
 17.2 ±  0.5 ms - Add child
141.6 ±  1.4 ms - Hash
186.3 ± 45.5 ms - Map
 77.7 ±  0.9 ms - getState
0.159581
0.175115
0.410357
1437.3 ±  0.0 ms - Total time
887.5 ±  0.0 ms - Build f time
 89.6 ±  1.6 ms - Apply f time
782.7 ± 17.2 ms - Real f time 
325.7 ±  2.8 ms - Add time
 20.6 ±  1.1 ms - Find child
 26.4 ±  0.6 ms - Add child
222.6 ±  3.6 ms - Hash
235.1 ± 45.5 ms - Map
135.8 ±  1.1 ms - getState
0.0935194
0.102468
0.204765
1642.1 ±  0.0 ms - Total time
981.0 ±  0.0 ms - Build f time
107.6 ±  1.7 ms - Apply f time
866.6 ± 17.3 ms - Real f time 
377.7 ±  3.8 ms - Add time
 25.5 ±  1.1 ms - Find child
 34.7 ±  1.4 ms - Add child
254.9 ±  3.6 ms - Hash
269.9 ± 45.5 ms - Map
163.4 ±  1.4 ms - getState
0.10476
0.115687
0.220106
1862.3 ±  0.0 ms - Total time
1085.8 ±  0.0 ms - Build f time
127.1 ±  1.8 ms - Apply f time
959.8 ± 17.3 ms - Real f time 
441.4 ±  8.7 ms - Add time
 31.3 ±  1.2 ms - Find child
 41.9 ±  1.4 ms - Add child
289.2 ±  3.7 ms - Hash
310.5 ± 45.5 ms - Map
192.5 ±  1.5 ms - getState
0.157758
0.173417
0.40373
2266.1 ±  0.0 ms - Total time
1243.5 ±  0.0 ms - Build f time
156.1 ±  2.2 ms - Apply f time
1096.1 ± 17.5 ms - Real f time 
557.3 ±  9.4 ms - Add time
 38.3 ±  1.2 ms - Find child
 50.6 ±  1.5 ms - Add child
366.5 ±  3.8 ms - Hash
357.5 ± 45.5 ms - Map
250.7 ±  1.7 ms - getState
0.158626
0.174898
0.410281
2676.4 ±  0.0 ms - Total time
1402.2 ±  0.0 ms - Build f time
185.8 ±  2.3 ms - Apply f time
1231.6 ± 17.6 ms - Real f time 
711.1 ± 44.2 ms - Add time
 45.4 ±  1.2 ms - Find child
 61.8 ±  2.2 ms - Add child
444.7 ±  3.9 ms - Hash
413.6 ± 45.8 ms - Map
310.8 ±  1.8 ms - getState
Dag sizes: 161353 177051 226036 160968 177718 226879 241909 
brutePieces time: 2.0805
340.8 ±  0.0 ms - Piece loop time
 99.8 ± 17.5 ms - Set time
244.5 ±  3.6 ms - Child looking time
Nodes:  1371914
Pieces: 273748
makePieces time: 0.342771
Memory: 23.2 + 46.4 + 43.9 + 51.3 + 18.3 MB
 39.2 ±  2.9 ms - Greedy fill time
composePieces time: 8.15514
                                                                                