Running only task # 285
Using max depth 23
 |                                        | 0 / 416 (0.0%)Function count: 142
0.0979139
0.106401
0.0759834
0.0826145
0.111685
0.122806
0.0900587
0.0982141
0.0759808
0.0825395
0.109605
0.12093
0.119829
0.131924
 47.4 ±  0.0 ms - Piece loop time
 53.5 ± 45.9 ms - Set time
 38.1 ±  1.5 ms - Child looking time
0.111297
0.119704
0.155726
901.4 ±  0.0 ms - Total time
792.3 ±  0.0 ms - Build f time
 30.7 ±  0.7 ms - Apply f time
697.1 ±  6.3 ms - Real f time 
155.8 ± 15.2 ms - Add time
  3.5 ±  0.2 ms - Find child
  5.8 ±  0.4 ms - Add child
120.4 ±  1.4 ms - Hash
147.4 ± 59.8 ms - Map
 36.3 ±  0.8 ms - getState
0.0791804
0.0863273
0.11719
1018.6 ±  0.0 ms - Total time
871.5 ±  0.0 ms - Build f time
 37.5 ±  0.8 ms - Apply f time
766.9 ±  6.5 ms - Real f time 
176.7 ± 15.2 ms - Add time
  5.0 ±  0.3 ms - Find child
  7.9 ±  0.4 ms - Add child
140.3 ±  1.5 ms - Hash
160.5 ± 59.8 ms - Map
 46.9 ±  0.9 ms - getState
0.112904
0.124526
0.182304
1200.9 ±  0.0 ms - Total time
984.4 ±  0.0 ms - Build f time
 49.2 ±  0.9 ms - Apply f time
868.7 ±  6.8 ms - Real f time 
214.3 ± 15.2 ms - Add time
  8.0 ±  0.3 ms - Find child
 11.9 ±  0.5 ms - Add child
169.9 ±  1.6 ms - Hash
182.2 ± 59.8 ms - Map
 66.0 ±  1.0 ms - getState
0.102702
0.111211
0.149023
1350.0 ±  0.0 ms - Total time
1087.1 ±  0.0 ms - Build f time
 57.6 ±  0.9 ms - Apply f time
959.1 ±  7.0 ms - Real f time 
241.1 ± 15.3 ms - Add time
  9.8 ±  0.4 ms - Find child
 14.3 ±  0.5 ms - Add child
192.7 ±  1.7 ms - Hash
197.4 ± 59.8 ms - Map
 78.6 ±  1.1 ms - getState
0.0786384
0.0855378
0.116874
1466.9 ±  0.0 ms - Total time
1165.8 ±  0.0 ms - Build f time
 64.5 ±  1.0 ms - Apply f time
1030.4 ±  7.1 ms - Real f time 
263.1 ± 15.3 ms - Add time
 12.2 ±  0.7 ms - Find child
 16.5 ±  0.5 ms - Add child
213.1 ±  1.8 ms - Hash
209.0 ± 59.8 ms - Map
 88.1 ±  1.1 ms - getState
0.116025
0.12767
0.184612
1651.6 ±  0.0 ms - Total time
1281.8 ±  0.0 ms - Build f time
 76.1 ±  1.1 ms - Apply f time
1132.1 ±  7.3 ms - Real f time 
299.9 ± 15.3 ms - Add time
 14.8 ±  0.8 ms - Find child
 20.3 ±  0.6 ms - Add child
242.1 ±  2.0 ms - Hash
231.4 ± 59.8 ms - Map
106.2 ±  1.2 ms - getState
0.121702
0.133928
0.193008
1844.7 ±  0.0 ms - Total time
1403.5 ±  0.0 ms - Build f time
 88.4 ±  1.1 ms - Apply f time
1240.2 ±  7.6 ms - Real f time 
348.4 ± 17.1 ms - Add time
 17.6 ±  0.8 ms - Find child
 23.9 ±  0.6 ms - Add child
270.9 ±  2.0 ms - Hash
253.3 ± 59.8 ms - Map
125.4 ±  1.2 ms - getState
Dag sizes: 65396 58010 102806 65451 57881 102541 104270 
brutePieces time: 1.1045
134.6 ±  0.0 ms - Piece loop time
 91.1 ± 50.1 ms - Set time
 91.5 ±  1.8 ms - Child looking time
Nodes:  556355
Pieces: 93436
makePieces time: 0.136214
Memory: 7.8 + 23.9 + 17.8 + 38.3 + 6.5 MB
 15.9 ±  0.4 ms - Greedy fill time
composePieces time: 1.47817
                                                                                