Running only task # 0
Using max depth 3
 |                                        | 0 / 416 (0.0%)Function count: 142
0.00678352
0.00716431
0.00677265
0.00707034
0.00566066
0.00588945
0.00671776
0.00699436
0.00850848
0.00890443
 15.1 ±  0.0 ms - Piece loop time
 43.2 ± 41.8 ms - Set time
 13.9 ±  0.7 ms - Child looking time
0.00673641
0.00702198
0.00764501
 43.7 ±  0.0 ms - Total time
 41.2 ±  0.0 ms - Build f time
  0.9 ±  0.1 ms - Apply f time
 42.8 ±  0.7 ms - Real f time 
  6.5 ±  0.3 ms - Add time
  0.2 ±  0.1 ms - Find child
  0.4 ±  0.1 ms - Add child
  8.5 ±  0.3 ms - Hash
 58.9 ± 53.5 ms - Map
  1.0 ±  0.1 ms - getState
0.00668792
0.00697273
0.00721823
 51.0 ±  0.0 ms - Total time
 47.9 ±  0.0 ms - Build f time
  1.1 ±  0.1 ms - Apply f time
 50.1 ±  0.7 ms - Real f time 
  7.8 ±  0.3 ms - Add time
  0.4 ±  0.1 ms - Find child
  0.5 ±  0.1 ms - Add child
  9.9 ±  0.4 ms - Hash
 60.4 ± 53.8 ms - Map
  1.2 ±  0.1 ms - getState
0.00576663
0.0059769
0.00619578
 57.2 ±  0.0 ms - Total time
 53.6 ±  0.0 ms - Build f time
  1.3 ±  0.1 ms - Apply f time
 55.9 ±  0.8 ms - Real f time 
  9.0 ±  0.6 ms - Add time
  0.5 ±  0.1 ms - Find child
  0.7 ±  0.1 ms - Add child
 10.9 ±  0.4 ms - Hash
 61.2 ± 53.8 ms - Map
  1.4 ±  0.1 ms - getState
0.0076793
0.00797356
0.008249
 65.4 ±  0.0 ms - Total time
 61.3 ±  0.0 ms - Build f time
  1.7 ±  0.1 ms - Apply f time
 62.9 ±  0.8 ms - Real f time 
 10.1 ±  0.6 ms - Add time
  0.6 ±  0.1 ms - Find child
  0.8 ±  0.1 ms - Add child
 12.2 ±  0.4 ms - Hash
 61.8 ± 53.7 ms - Map
  1.6 ±  0.1 ms - getState
0.00929745
0.00972374
0.0100916
 75.5 ±  0.0 ms - Total time
 70.6 ±  0.0 ms - Build f time
  2.0 ±  0.1 ms - Apply f time
 72.2 ±  0.9 ms - Real f time 
 12.0 ±  0.6 ms - Add time
  0.8 ±  0.1 ms - Find child
  1.1 ±  0.2 ms - Add child
 14.3 ±  0.4 ms - Hash
 63.0 ± 53.7 ms - Map
  1.9 ±  0.1 ms - getState
Dag sizes: 2449 2440 2041 2638 3485 
brutePieces time: 0.0434076
 18.4 ±  0.0 ms - Piece loop time
 38.8 ± 36.5 ms - Set time
 15.7 ±  0.7 ms - Child looking time
Nodes:  13053
Pieces: 227
makePieces time: 0.0191755
Memory: 0.1 + 2.6 + 0.4 + 21.2 + 0.4 MB
  0.0 ±  0.0 ms - Greedy fill time
composePieces time: 0.000388749
                                                                                