Running only task # 226
Using max depth 3
 |                                        | 0 / 416 (0.0%)Function count: 142
0.060002
0.0641068
0.0479159
0.0513355
0.0604622
0.0649941
 13.2 ±  0.0 ms - Piece loop time
 40.8 ± 37.1 ms - Set time
  9.0 ±  0.7 ms - Child looking time
0.0616665
0.0657903
0.137732
318.3 ±  0.0 ms - Total time
230.0 ±  0.0 ms - Build f time
 15.7 ±  0.4 ms - Apply f time
198.4 ±  3.7 ms - Real f time 
 61.1 ±  1.1 ms - Add time
  3.7 ±  0.2 ms - Find child
  4.8 ±  0.2 ms - Add child
 56.2 ±  0.7 ms - Hash
 70.3 ± 37.8 ms - Map
 19.5 ±  0.4 ms - getState
0.0491059
0.0523691
0.100255
418.6 ±  0.0 ms - Total time
279.1 ±  0.0 ms - Build f time
 24.5 ±  0.5 ms - Apply f time
244.1 ±  3.8 ms - Real f time 
 84.3 ±  1.2 ms - Add time
  6.0 ±  0.3 ms - Find child
  8.0 ±  0.3 ms - Add child
 75.2 ±  0.8 ms - Hash
 84.1 ± 37.8 ms - Map
 29.8 ±  0.5 ms - getState
0.0617912
0.0658609
0.13661
555.2 ±  0.0 ms - Total time
340.9 ±  0.0 ms - Build f time
 36.3 ±  0.6 ms - Apply f time
301.4 ±  4.0 ms - Real f time 
117.1 ±  1.4 ms - Add time
  9.4 ±  0.3 ms - Find child
 12.5 ±  0.4 ms - Add child
102.5 ±  1.0 ms - Hash
102.2 ± 37.7 ms - Map
 45.4 ±  0.6 ms - getState
Dag sizes: 112512 74322 109240 
brutePieces time: 0.376894
 44.1 ±  0.0 ms - Piece loop time
 50.4 ± 36.7 ms - Set time
 28.2 ±  0.8 ms - Child looking time
Nodes:  296074
Pieces: 94094
makePieces time: 0.0451195
Memory: 3.6 + 11.6 + 9.5 + 17.3 + 3.1 MB
  2.3 ±  0.0 ms - Greedy fill time
composePieces time: 0.156966
                                                                                