Running only task # 405
Using max depth 4
 |                                        | 0 / 416 (0.0%)Function count: 142
0.273014
0.302976
0.378953
0.431065
0.386453
0.441704
0.351257
0.396158
 35.6 ±  0.0 ms - Piece loop time
 40.9 ± 29.7 ms - Set time
 24.6 ±  1.4 ms - Child looking time
7.51266
8.29871
12.1325
13704.6 ±  0.0 ms - Total time
8902.3 ±  0.0 ms - Build f time
758.5 ±  5.0 ms - Apply f time
7489.9 ± 41.1 ms - Real f time 
2538.9 ± 23.3 ms - Add time
137.4 ±  1.7 ms - Find child
180.0 ±  1.9 ms - Add child
2592.0 ± 25.9 ms - Hash
1399.9 ± 172.5 ms - Map
1175.2 ±  4.9 ms - getState
11.5325
12.9
18.5914
32296.0 ±  0.0 ms - Total time
20434.8 ±  0.0 ms - Build f time
1852.4 ± 25.6 ms - Apply f time
17692.2 ± 64.3 ms - Real f time 
5976.9 ± 35.9 ms - Add time
312.2 ±  2.6 ms - Find child
430.7 ±  3.2 ms - Add child
5908.2 ± 41.5 ms - Hash
2946.4 ± 174.6 ms - Map
2857.8 ±  7.4 ms - getState
11.9907
13.4964
19.666
51962.0 ±  0.0 ms - Total time
32425.6 ±  0.0 ms - Build f time
2968.9 ± 26.1 ms - Apply f time
28287.6 ± 79.0 ms - Real f time 
11406.7 ± 1653.9 ms - Add time
497.0 ±  3.4 ms - Find child
689.3 ±  3.9 ms - Add child
9409.0 ± 46.2 ms - Hash
4569.3 ± 175.6 ms - Map
4729.3 ± 17.8 ms - getState
10.2472
11.4209
16.786
68748.1 ±  0.0 ms - Total time
42672.8 ±  0.0 ms - Build f time
3926.0 ± 26.8 ms - Apply f time
37283.7 ± 86.9 ms - Real f time 
14569.4 ± 1654.5 ms - Add time
654.1 ±  3.7 ms - Find child
922.8 ±  4.7 ms - Add child
12460.7 ± 49.8 ms - Hash
5972.8 ± 175.9 ms - Map
6291.9 ± 19.6 ms - getState
Dag sizes: 3176885 4513495 4874808 4414202 
brutePieces time: 67.1776
4961.9 ±  0.0 ms - Piece loop time
2002.7 ± 123.6 ms - Set time
2905.7 ±  9.7 ms - Child looking time
Nodes:  16979390
Pieces: 2544112
makePieces time: 4.97241
Memory: 617.9 + 731.1 + 543.3 + 405.9 + 189.2 MB
 85.1 ±  0.0 ms - Greedy fill time
composePieces time: 5.49435
                                                                                