Running only task # 256
Using max depth 23
 |                                        | 0 / 416 (0.0%)Function count: 142
0.124239
0.134501
0.11311
0.121985
0.137988
0.149264
0.12218
0.131907
0.113769
0.122242
0.137926
0.148619
0.153371
0.164833
 25.9 ±  0.0 ms - Piece loop time
 45.9 ± 40.6 ms - Set time
 19.1 ±  1.1 ms - Child looking time
0.123462
0.132739
0.24706
1220.8 ±  0.0 ms - Total time
1026.0 ±  0.0 ms - Build f time
 40.8 ±  1.2 ms - Apply f time
796.7 ±  8.4 ms - Real f time 
221.9 ±  8.8 ms - Add time
  4.9 ±  0.3 ms - Find child
  6.1 ±  0.3 ms - Add child
215.9 ±  1.6 ms - Hash
110.5 ± 40.7 ms - Map
 52.1 ±  0.7 ms - getState
0.114372
0.122759
0.220491
1441.3 ±  0.0 ms - Total time
1140.4 ±  0.0 ms - Build f time
 55.7 ±  1.3 ms - Apply f time
889.4 ±  8.6 ms - Real f time 
271.5 ±  8.8 ms - Add time
  8.2 ±  0.3 ms - Find child
 10.3 ±  0.4 ms - Add child
263.5 ±  1.7 ms - Hash
129.4 ± 40.8 ms - Map
 76.4 ±  0.8 ms - getState
0.141101
0.154682
0.280581
1721.9 ±  0.0 ms - Total time
1281.5 ±  0.0 ms - Build f time
 75.1 ±  1.4 ms - Apply f time
1005.0 ±  9.0 ms - Real f time 
337.6 ±  9.1 ms - Add time
 11.7 ±  0.4 ms - Find child
 14.5 ±  0.4 ms - Add child
326.1 ±  1.8 ms - Hash
146.7 ± 40.8 ms - Map
108.6 ±  1.0 ms - getState
0.138635
0.148193
0.255909
1977.9 ±  0.0 ms - Total time
1420.1 ±  0.0 ms - Build f time
 91.0 ±  1.5 ms - Apply f time
1121.5 ±  9.4 ms - Real f time 
400.0 ±  9.4 ms - Add time
 14.9 ±  0.4 ms - Find child
 18.1 ±  0.5 ms - Add child
380.6 ±  1.9 ms - Hash
164.8 ± 40.8 ms - Map
134.8 ±  1.1 ms - getState
0.115972
0.124604
0.225883
2203.8 ±  0.0 ms - Total time
1536.1 ±  0.0 ms - Build f time
105.8 ±  1.6 ms - Apply f time
1215.7 ±  9.6 ms - Real f time 
450.0 ±  9.5 ms - Add time
 17.9 ±  0.5 ms - Find child
 21.8 ±  0.5 ms - Add child
429.5 ±  1.9 ms - Hash
184.3 ± 40.8 ms - Map
159.5 ±  1.2 ms - getState
0.143321
0.153891
0.282729
2486.6 ±  0.0 ms - Total time
1679.4 ±  0.0 ms - Build f time
123.6 ±  1.7 ms - Apply f time
1333.8 ± 10.0 ms - Real f time 
512.4 ±  9.5 ms - Add time
 21.2 ±  0.5 ms - Find child
 25.7 ±  0.6 ms - Add child
492.3 ±  2.0 ms - Hash
206.1 ± 40.8 ms - Map
192.8 ±  2.6 ms - getState
0.175148
0.186527
0.342316
2828.9 ±  0.0 ms - Total time
1854.6 ±  0.0 ms - Build f time
144.1 ±  1.7 ms - Apply f time
1479.5 ± 10.9 ms - Real f time 
591.2 ±  9.7 ms - Add time
 24.9 ±  0.6 ms - Find child
 30.5 ±  0.6 ms - Add child
565.5 ±  2.2 ms - Hash
233.7 ± 40.9 ms - Map
231.5 ±  2.7 ms - getState
Dag sizes: 103826 100362 112543 103745 100367 112600 119613 
brutePieces time: 1.86126
 84.8 ±  0.0 ms - Piece loop time
 69.8 ± 46.6 ms - Set time
 56.3 ±  1.4 ms - Child looking time
Nodes:  753056
Pieces: 87884
makePieces time: 0.0862976
Memory: 20.6 + 25.7 + 24.1 + 41.4 + 5.7 MB
 68.2 ±  2.5 ms - Greedy fill time
composePieces time: 3.46524
                                                                                