Running only task # 139
Using max depth 3
 |                                        | 0 / 416 (0.0%)Function count: 142
0.0852845
0.091531
0.0826304
0.089198
0.100091
0.108379
0.0657744
0.0708529
0.179203
0.187007
 25.3 ±  0.0 ms - Piece loop time
 48.8 ± 40.6 ms - Set time
 21.0 ±  2.5 ms - Child looking time
0.076632
0.0823783
0.148941
696.2 ±  0.0 ms - Total time
589.6 ±  0.0 ms - Build f time
 23.2 ±  0.6 ms - Apply f time
496.2 ±  7.2 ms - Real f time 
121.4 ±  6.7 ms - Add time
  4.3 ±  0.2 ms - Find child
  5.8 ±  0.3 ms - Add child
103.3 ±  1.2 ms - Hash
 94.0 ± 36.6 ms - Map
 27.8 ±  0.5 ms - getState
0.0882577
0.0948999
0.161868
858.1 ±  0.0 ms - Total time
677.9 ±  0.0 ms - Build f time
 36.1 ±  1.0 ms - Apply f time
576.5 ±  7.4 ms - Real f time 
157.0 ±  6.8 ms - Add time
  7.4 ±  0.3 ms - Find child
  9.9 ±  0.3 ms - Add child
132.8 ±  1.3 ms - Hash
114.9 ± 36.7 ms - Map
 43.2 ±  0.6 ms - getState
0.109416
0.117529
0.197892
1056.0 ±  0.0 ms - Total time
787.3 ±  0.0 ms - Build f time
 49.7 ±  1.1 ms - Apply f time
676.9 ±  7.7 ms - Real f time 
201.4 ±  6.9 ms - Add time
 10.9 ±  0.4 ms - Find child
 14.5 ±  0.4 ms - Add child
169.2 ±  1.5 ms - Hash
135.7 ± 36.6 ms - Map
 61.2 ±  0.7 ms - getState
0.0687467
0.07372
0.124755
1180.8 ±  0.0 ms - Total time
856.0 ±  0.0 ms - Build f time
 59.4 ±  1.2 ms - Apply f time
740.0 ±  7.9 ms - Real f time 
228.7 ±  6.9 ms - Add time
 13.8 ±  0.4 ms - Find child
 18.2 ±  0.5 ms - Add child
190.4 ±  1.5 ms - Hash
154.3 ± 36.7 ms - Map
 73.1 ±  0.8 ms - getState
0.192013
0.1997
0.362907
1543.8 ±  0.0 ms - Total time
1048.0 ±  0.0 ms - Build f time
 76.9 ±  1.3 ms - Apply f time
901.6 ±  9.1 ms - Real f time 
314.3 ±  7.1 ms - Add time
 17.2 ±  0.5 ms - Find child
 22.9 ±  0.5 ms - Add child
267.7 ±  1.8 ms - Hash
176.5 ± 36.7 ms - Map
112.9 ±  2.6 ms - getState
Dag sizes: 103624 103691 111649 93983 114630 
brutePieces time: 1.00046
 75.9 ±  0.0 ms - Piece loop time
 73.0 ± 51.4 ms - Set time
 53.9 ±  1.2 ms - Child looking time
Nodes:  527577
Pieces: 90553
makePieces time: 0.0773244
Memory: 9.5 + 18.7 + 16.9 + 29.4 + 4.6 MB
  8.0 ±  0.0 ms - Greedy fill time
composePieces time: 0.838046
                                                                                