Running only task # 315
Using max depth 23
 |                                        | 0 / 416 (0.0%)Function count: 142
0.507175
0.554969
0.482571
0.538271
0.488643
0.546879
0.552358
0.615487
0.468885
0.514153
0.490427
0.545814
0.509439
0.569751
0.547603
0.61115
0.514039
0.569668
 84.6 ±  0.0 ms - Piece loop time
 61.9 ± 46.5 ms - Set time
 64.2 ±  2.2 ms - Child looking time
0.467734
0.514604
1.06964
6136.3 ±  0.0 ms - Total time
5028.9 ±  0.0 ms - Build f time
218.6 ±  3.2 ms - Apply f time
3918.0 ± 43.5 ms - Real f time 
1157.5 ± 29.9 ms - Add time
 13.4 ±  0.4 ms - Find child
 19.7 ±  0.6 ms - Add child
1004.0 ±  4.1 ms - Hash
282.3 ± 52.3 ms - Map
308.7 ±  2.9 ms - getState
0.504866
0.55807
1.05856
7194.9 ±  0.0 ms - Total time
5533.7 ±  0.0 ms - Build f time
279.1 ±  3.4 ms - Apply f time
4323.7 ± 44.2 ms - Real f time 
1415.6 ± 30.2 ms - Add time
 20.8 ±  0.5 ms - Find child
 29.8 ±  0.7 ms - Add child
1246.3 ±  8.3 ms - Hash
341.3 ± 52.3 ms - Map
445.1 ±  3.4 ms - getState
0.498709
0.556375
1.02946
8224.4 ±  0.0 ms - Total time
6032.4 ±  0.0 ms - Build f time
338.4 ±  3.8 ms - Apply f time
4746.7 ± 45.1 ms - Real f time 
1669.7 ± 31.3 ms - Add time
 28.2 ±  0.6 ms - Find child
 39.3 ±  0.8 ms - Add child
1469.4 ±  8.4 ms - Hash
394.6 ± 52.3 ms - Map
574.1 ±  3.6 ms - getState
0.54319
0.607007
1.16345
9387.9 ±  0.0 ms - Total time
6575.6 ±  0.0 ms - Build f time
406.4 ±  4.0 ms - Apply f time
5219.1 ± 47.5 ms - Real f time 
1955.3 ± 31.6 ms - Add time
 40.1 ±  3.2 ms - Find child
 51.2 ±  0.9 ms - Add child
1720.0 ±  8.7 ms - Hash
457.1 ± 52.3 ms - Map
725.7 ±  3.9 ms - getState
0.480674
0.532052
1.07604
10464.0 ±  0.0 ms - Total time
7056.3 ±  0.0 ms - Build f time
470.0 ±  4.5 ms - Apply f time
5619.3 ± 48.4 ms - Real f time 
2277.9 ± 53.9 ms - Add time
 48.2 ±  3.2 ms - Find child
 62.4 ±  0.9 ms - Add child
1961.0 ±  8.8 ms - Hash
517.1 ± 52.3 ms - Map
872.2 ±  4.2 ms - getState
0.529182
0.586079
1.08934
11553.4 ±  0.0 ms - Total time
7585.5 ±  0.0 ms - Build f time
535.8 ±  7.3 ms - Apply f time
6058.9 ± 49.3 ms - Real f time 
2536.1 ± 54.0 ms - Add time
 55.4 ±  3.2 ms - Find child
 73.3 ±  1.0 ms - Add child
2198.1 ±  8.9 ms - Hash
574.1 ± 52.3 ms - Map
1014.2 ±  5.0 ms - getState
0.514412
0.573533
1.04572
12599.1 ±  0.0 ms - Total time
8099.9 ±  0.0 ms - Build f time
593.0 ±  7.4 ms - Apply f time
6494.1 ± 51.9 ms - Real f time 
2855.6 ± 79.8 ms - Add time
 62.3 ±  3.2 ms - Find child
 86.8 ±  4.0 ms - Add child
2423.9 ±  9.4 ms - Hash
627.5 ± 52.4 ms - Map
1142.4 ±  5.2 ms - getState
0.54939
0.612285
1.15717
13756.4 ±  0.0 ms - Total time
8649.3 ±  0.0 ms - Build f time
663.8 ±  8.6 ms - Apply f time
6969.0 ± 53.1 ms - Real f time 
3146.8 ± 79.9 ms - Add time
 70.9 ±  3.2 ms - Find child
 97.1 ±  4.0 ms - Add child
2672.0 ±  9.5 ms - Hash
686.0 ± 52.4 ms - Map
1290.0 ±  5.4 ms - getState
0.551326
0.60641
1.16111
14917.5 ±  0.0 ms - Total time
9200.6 ±  0.0 ms - Build f time
729.6 ±  8.7 ms - Apply f time
7420.6 ± 55.6 ms - Real f time 
3436.9 ± 80.0 ms - Add time
 78.4 ±  3.2 ms - Find child
109.0 ±  4.0 ms - Add child
2923.6 ±  9.6 ms - Hash
746.3 ± 52.4 ms - Map
1433.3 ±  5.6 ms - getState
Dag sizes: 260673 240346 227776 262599 260395 240324 228831 262006 263801 
brutePieces time: 9.85464
290.1 ±  0.0 ms - Piece loop time
 84.8 ± 13.9 ms - Set time
197.8 ±  3.5 ms - Child looking time
Nodes:  2246751
Pieces: 230001
makePieces time: 0.291865
Memory: 133.9 + 70.8 + 71.9 + 73.7 + 18.6 MB
593.6 ± 287.6 ms - Greedy fill time
composePieces time: 33.0077
                                                                                