Running only task # 359
Using max depth 4
 |                                        | 0 / 416 (0.0%)Function count: 142
0.0574977
0.0621777
0.0499294
0.0531074
0.0566806
0.0609916
 15.5 ±  0.0 ms - Piece loop time
 40.9 ± 37.5 ms - Set time
 11.6 ±  0.6 ms - Child looking time
1.17956
1.26543
1.91094
2087.3 ±  0.0 ms - Total time
1343.7 ±  0.0 ms - Build f time
140.2 ±  1.8 ms - Apply f time
1249.3 ±  7.7 ms - Real f time 
383.3 ±  9.5 ms - Add time
 38.6 ±  0.9 ms - Find child
 49.0 ±  0.8 ms - Add child
362.4 ±  2.3 ms - Hash
358.6 ± 40.1 ms - Map
154.5 ±  1.9 ms - getState
0.981797
1.05127
1.55233
3639.7 ±  0.0 ms - Total time
2325.5 ±  0.0 ms - Build f time
246.8 ±  2.1 ms - Apply f time
2161.9 ± 10.9 ms - Real f time 
712.2 ± 45.8 ms - Add time
 69.0 ±  1.1 ms - Find child
 86.3 ±  1.1 ms - Add child
646.1 ±  7.0 ms - Hash
577.5 ± 40.2 ms - Map
272.2 ±  2.5 ms - getState
1.21122
1.3049
2.03629
5676.0 ±  0.0 ms - Total time
3536.7 ±  0.0 ms - Build f time
394.8 ±  2.7 ms - Apply f time
3307.9 ± 12.7 ms - Real f time 
1108.3 ± 47.8 ms - Add time
109.6 ±  1.3 ms - Find child
139.1 ±  1.4 ms - Add child
1007.2 ± 12.8 ms - Hash
903.6 ± 40.4 ms - Map
435.5 ±  2.8 ms - getState
Dag sizes: 1234953 976752 1370729 
brutePieces time: 5.50132
1218.4 ±  0.0 ms - Piece loop time
461.4 ± 16.7 ms - Set time
706.9 ±  4.2 ms - Child looking time
Nodes:  3582434
Pieces: 1271417
makePieces time: 1.22131
Memory: 34.6 + 164.0 + 114.6 + 82.5 + 47.1 MB
 10.4 ±  0.0 ms - Greedy fill time
composePieces time: 1.78812
                                                                                