Running only task # 170
Using max depth 3
 |                                        | 0 / 416 (0.0%)Function count: 142
0.0131257
0.0141522
0.0345255
0.0368339
0.00853295
0.00923391
0.0249299
0.0266865
 17.5 ±  0.0 ms - Piece loop time
 38.8 ± 36.6 ms - Set time
 15.2 ±  0.7 ms - Child looking time
0.021801
0.0229178
0.0332343
120.2 ±  0.0 ms - Total time
102.9 ±  0.0 ms - Build f time
  5.7 ±  0.3 ms - Apply f time
 96.4 ±  2.5 ms - Real f time 
 21.1 ±  0.6 ms - Add time
  1.5 ±  0.1 ms - Find child
  1.8 ±  0.2 ms - Add child
 20.5 ±  0.5 ms - Hash
 51.9 ± 38.8 ms - Map
  4.8 ±  0.2 ms - getState
0.0637236
0.0668618
0.126584
246.8 ±  0.0 ms - Total time
166.6 ±  0.0 ms - Build f time
 16.3 ±  0.4 ms - Apply f time
155.5 ±  2.8 ms - Real f time 
 52.3 ±  1.0 ms - Add time
  4.5 ±  0.2 ms - Find child
  5.2 ±  0.3 ms - Add child
 49.3 ±  0.7 ms - Hash
 64.5 ± 38.7 ms - Map
 18.8 ±  0.4 ms - getState
0.0128669
0.0136906
0.0180377
264.9 ±  0.0 ms - Total time
179.5 ±  0.0 ms - Build f time
 18.0 ±  0.5 ms - Apply f time
168.7 ±  2.9 ms - Real f time 
 55.9 ±  1.0 ms - Add time
  5.1 ±  0.3 ms - Find child
  5.9 ±  0.3 ms - Add child
 52.8 ±  0.8 ms - Hash
 66.7 ± 38.7 ms - Map
 20.0 ±  0.4 ms - getState
0.0441777
0.0466313
0.0785759
343.5 ±  0.0 ms - Total time
223.7 ±  0.0 ms - Build f time
 25.5 ±  0.5 ms - Apply f time
209.7 ±  3.0 ms - Real f time 
 75.1 ±  1.7 ms - Add time
  7.2 ±  0.3 ms - Find child
  8.7 ±  0.3 ms - Add child
 68.1 ±  1.0 ms - Hash
 78.6 ± 38.7 ms - Map
 27.3 ±  0.5 ms - getState
Dag sizes: 28925 91281 12743 67168 
brutePieces time: 0.259402
 60.1 ±  0.0 ms - Piece loop time
 49.3 ± 35.8 ms - Set time
 48.9 ±  2.8 ms - Child looking time
Nodes:  200117
Pieces: 66242
makePieces time: 0.0610948
Memory: 2.0 + 9.2 + 6.4 + 20.0 + 2.7 MB
  4.4 ±  0.0 ms - Greedy fill time
composePieces time: 0.156389
                                                                                