Running only task # 280
Using max depth 23
 |                                        | 0 / 416 (0.0%)Function count: 142
0.0987776
0.107898
0.0530309
0.0575769
0.0594508
0.0642361
0.0623057
0.0673004
0.101425
0.109849
0.0554801
0.0599733
0.0583264
0.0634219
0.0568728
0.0616858
0.0587663
0.0636205
 49.2 ±  0.0 ms - Piece loop time
 51.4 ± 45.1 ms - Set time
 39.0 ±  1.5 ms - Child looking time
0.105676
0.114257
0.190919
846.7 ±  0.0 ms - Total time
710.1 ±  0.0 ms - Build f time
 29.7 ±  0.6 ms - Apply f time
586.0 ±  7.1 ms - Real f time 
150.9 ±  6.8 ms - Add time
  5.0 ±  0.7 ms - Find child
  6.3 ±  0.3 ms - Add child
144.8 ±  1.2 ms - Hash
109.6 ± 37.4 ms - Map
 35.8 ±  0.5 ms - getState
0.0573053
0.061996
0.0980309
944.8 ±  0.0 ms - Total time
767.4 ±  0.0 ms - Build f time
 38.4 ±  0.9 ms - Apply f time
636.1 ±  7.2 ms - Real f time 
172.7 ±  7.0 ms - Add time
  7.2 ±  0.7 ms - Find child
  9.2 ±  0.4 ms - Add child
163.0 ±  1.3 ms - Hash
142.6 ± 41.6 ms - Map
 44.8 ±  0.6 ms - getState
0.0612943
0.0662566
0.104767
1049.6 ±  0.0 ms - Total time
828.7 ±  0.0 ms - Build f time
 47.1 ±  1.1 ms - Apply f time
705.1 ± 14.1 ms - Real f time 
192.9 ±  7.0 ms - Add time
  9.5 ±  0.7 ms - Find child
 12.3 ±  0.4 ms - Add child
181.5 ±  1.3 ms - Hash
159.2 ± 41.6 ms - Map
 54.3 ±  0.7 ms - getState
0.0590765
0.063987
0.101182
1150.9 ±  0.0 ms - Total time
887.8 ±  0.0 ms - Build f time
 56.0 ±  1.1 ms - Apply f time
757.7 ± 14.1 ms - Real f time 
228.2 ± 16.6 ms - Add time
 12.0 ±  0.7 ms - Find child
 15.6 ±  0.4 ms - Add child
200.1 ±  1.4 ms - Hash
174.6 ± 41.6 ms - Map
 63.9 ±  0.7 ms - getState
0.106121
0.114834
0.192617
1343.5 ±  0.0 ms - Total time
993.9 ±  0.0 ms - Build f time
 69.0 ±  1.2 ms - Apply f time
846.7 ± 14.3 ms - Real f time 
269.3 ± 16.6 ms - Add time
 15.2 ±  0.8 ms - Find child
 19.1 ±  0.5 ms - Add child
241.3 ±  1.6 ms - Hash
196.5 ± 41.6 ms - Map
 83.2 ±  0.8 ms - getState
0.0570467
0.0618453
0.0995727
1443.2 ±  0.0 ms - Total time
1050.9 ±  0.0 ms - Build f time
 77.2 ±  1.2 ms - Apply f time
897.4 ± 14.3 ms - Real f time 
291.1 ± 16.8 ms - Add time
 17.5 ±  0.8 ms - Find child
 22.5 ±  0.5 ms - Add child
259.8 ±  1.8 ms - Hash
211.3 ± 41.7 ms - Map
 93.0 ±  0.9 ms - getState
0.0623184
0.0674477
0.107717
1550.9 ±  0.0 ms - Total time
1113.3 ±  0.0 ms - Build f time
 85.4 ±  1.3 ms - Apply f time
953.1 ± 14.4 ms - Real f time 
312.8 ± 16.8 ms - Add time
 20.0 ±  0.8 ms - Find child
 26.1 ±  0.6 ms - Add child
278.5 ±  1.9 ms - Hash
227.5 ± 41.7 ms - Map
102.7 ±  0.9 ms - getState
0.0592936
0.0644482
0.103058
1654.0 ±  0.0 ms - Total time
1172.6 ±  0.0 ms - Build f time
 93.7 ±  1.3 ms - Apply f time
1005.8 ± 14.5 ms - Real f time 
369.0 ± 38.7 ms - Add time
 22.5 ±  0.8 ms - Find child
 29.5 ±  0.6 ms - Add child
297.7 ±  2.1 ms - Hash
243.5 ± 41.6 ms - Map
112.1 ±  1.0 ms - getState
0.062514
0.0674601
0.109832
1763.9 ±  0.0 ms - Total time
1235.1 ±  0.0 ms - Build f time
102.8 ±  1.3 ms - Apply f time
1069.7 ± 15.4 ms - Real f time 
391.6 ± 38.7 ms - Add time
 24.9 ±  0.8 ms - Find child
 33.3 ±  0.7 ms - Add child
317.6 ±  2.1 ms - Hash
259.8 ± 41.6 ms - Map
123.1 ±  1.0 ms - getState
Dag sizes: 88879 67187 74175 73925 90019 67592 74349 74521 76002 
brutePieces time: 1.11408
144.7 ±  0.0 ms - Piece loop time
 67.5 ± 36.8 ms - Set time
105.3 ±  2.0 ms - Child looking time
Nodes:  686649
Pieces: 95928
makePieces time: 0.146106
Memory: 8.3 + 29.4 + 22.0 + 48.7 + 8.1 MB
 28.9 ±  7.5 ms - Greedy fill time
composePieces time: 1.50479
                                                                                