Running only task # 251
Using max depth 33
 |                                        | 0 / 416 (0.0%)Function count: 142
2.41513
2.83307
2.56423
3.04924
2.6555
3.13706
2.69262
3.20628
2.4141
2.82863
2.59138
3.09058
2.58386
3.06322
2.70577
3.24709
2.48332
2.93428
130.1 ±  0.0 ms - Piece loop time
 43.3 ± 18.9 ms - Set time
 99.3 ±  2.6 ms - Child looking time
2.48028
2.90705
7.24488
34634.7 ±  0.0 ms - Total time
25586.2 ±  0.0 ms - Build f time
2119.4 ± 27.2 ms - Apply f time
21198.9 ± 196.9 ms - Real f time 
7385.9 ± 129.1 ms - Add time
 51.5 ±  0.8 ms - Find child
 71.5 ±  1.0 ms - Add child
4225.9 ± 23.4 ms - Hash
665.9 ± 38.6 ms - Map
2839.4 ± 26.6 ms - getState
2.59711
3.08807
7.46657
42101.4 ±  0.0 ms - Total time
28183.3 ±  0.0 ms - Build f time
2617.0 ± 28.7 ms - Apply f time
23532.5 ± 200.9 ms - Real f time 
9612.4 ± 131.4 ms - Add time
 90.7 ±  1.1 ms - Find child
123.0 ±  1.4 ms - Add child
5699.1 ± 24.5 ms - Hash
953.2 ± 38.7 ms - Map
4108.4 ± 28.9 ms - getState
2.61915
3.09936
7.45268
49554.1 ±  0.0 ms - Total time
30802.4 ±  0.0 ms - Build f time
3118.8 ± 29.9 ms - Apply f time
26016.3 ± 211.4 ms - Real f time 
11795.9 ± 135.2 ms - Add time
130.0 ±  1.3 ms - Find child
177.2 ±  1.7 ms - Add child
7169.2 ± 25.5 ms - Hash
1217.1 ± 38.8 ms - Map
5367.6 ± 30.6 ms - getState
2.71453
3.22601
7.89874
57452.9 ±  0.0 ms - Total time
33517.0 ±  0.0 ms - Build f time
3665.8 ± 32.2 ms - Apply f time
28721.7 ± 230.1 ms - Real f time 
14114.7 ± 137.6 ms - Add time
170.0 ±  1.5 ms - Find child
234.8 ±  2.0 ms - Add child
8723.1 ± 26.6 ms - Hash
1497.0 ± 39.0 ms - Map
6733.8 ± 36.1 ms - getState
2.43719
2.84657
7.13089
64583.8 ±  0.0 ms - Total time
35954.2 ±  0.0 ms - Build f time
4128.0 ± 33.0 ms - Apply f time
30910.4 ± 234.7 ms - Real f time 
16271.7 ± 140.9 ms - Add time
207.9 ±  1.6 ms - Find child
290.8 ±  2.4 ms - Add child
10197.7 ± 31.5 ms - Hash
1761.5 ± 39.1 ms - Map
7941.4 ± 37.7 ms - getState
2.58745
3.0764
7.44094
72024.8 ±  0.0 ms - Total time
38541.6 ±  0.0 ms - Build f time
4638.0 ± 37.6 ms - Apply f time
33448.2 ± 248.7 ms - Real f time 
18430.8 ± 142.6 ms - Add time
246.9 ±  1.8 ms - Find child
342.2 ±  2.5 ms - Add child
11679.5 ± 35.9 ms - Hash
2042.6 ± 41.2 ms - Map
9193.0 ± 38.9 ms - getState
2.59237
3.06852
7.42727
79452.1 ±  0.0 ms - Total time
41134.0 ±  0.0 ms - Build f time
5141.7 ± 38.4 ms - Apply f time
35915.3 ± 259.1 ms - Real f time 
20633.3 ± 146.4 ms - Add time
286.2 ±  1.9 ms - Find child
396.5 ±  2.7 ms - Add child
13159.8 ± 36.6 ms - Hash
2313.1 ± 41.9 ms - Map
10440.7 ± 40.3 ms - getState
2.70987
3.22178
7.85942
87311.6 ±  0.0 ms - Total time
43843.9 ±  0.0 ms - Build f time
5431.9 ± 236.6 ms - Apply f time
38381.4 ± 264.4 ms - Real f time 
22987.1 ± 149.3 ms - Add time
326.1 ±  2.1 ms - Find child
453.6 ±  2.9 ms - Add child
14715.2 ± 37.8 ms - Hash
2604.0 ± 43.0 ms - Map
11816.8 ± 47.6 ms - getState
2.5113
2.95472
7.33655
94648.2 ±  0.0 ms - Total time
46355.2 ±  0.0 ms - Build f time
5910.9 ± 236.6 ms - Apply f time
40646.8 ± 268.8 ms - Real f time 
25612.6 ± 477.2 ms - Add time
363.7 ±  2.2 ms - Find child
507.4 ±  3.1 ms - Add child
16211.4 ± 39.0 ms - Hash
2870.7 ± 43.2 ms - Map
13069.9 ± 51.1 ms - getState
Dag sizes: 1094290 1100498 1101665 1169839 1088382 1110070 1102956 1168760 1102919 
brutePieces time: 67.2621
863.4 ±  0.0 ms - Piece loop time
283.8 ± 17.3 ms - Set time
562.4 ± 17.8 ms - Child looking time
Nodes:  10039379
Pieces: 1009384
makePieces time: 0.868919
Memory: 1235.6 + 276.9 + 321.3 + 236.1 + 73.9 MB
433.3 ± 95.4 ms - Greedy fill time
composePieces time: 144.899
                                                                                