Running only task # 254
Using max depth 3
 |                                        | 0 / 416 (0.0%)Function count: 142
0.186536
0.204573
0.21048
0.231607
0.153394
0.167957
0.179702
0.197915
0.208629
0.229977
 23.8 ±  0.0 ms - Piece loop time
 41.0 ± 34.9 ms - Set time
 16.5 ±  1.0 ms - Child looking time
0.182103
0.199689
0.316507
1348.7 ±  0.0 ms - Total time
1120.8 ±  0.0 ms - Build f time
 60.8 ±  1.5 ms - Apply f time
939.8 ± 19.1 ms - Real f time 
253.4 ± 15.2 ms - Add time
  8.7 ±  0.3 ms - Find child
 10.5 ±  0.4 ms - Add child
199.0 ±  1.7 ms - Hash
150.0 ± 56.3 ms - Map
 71.1 ±  1.0 ms - getState
0.213129
0.234222
0.375878
1724.6 ±  0.0 ms - Total time
1334.0 ±  0.0 ms - Build f time
 89.9 ±  1.7 ms - Apply f time
1122.8 ± 19.4 ms - Real f time 
335.5 ± 15.2 ms - Add time
 15.7 ±  0.4 ms - Find child
 19.7 ±  0.5 ms - Add child
267.5 ±  1.9 ms - Hash
179.6 ± 56.4 ms - Map
117.3 ±  1.3 ms - getState
0.152613
0.167588
0.2678
1992.4 ±  0.0 ms - Total time
1486.6 ±  0.0 ms - Build f time
114.6 ±  1.8 ms - Apply f time
1260.2 ± 19.5 ms - Real f time 
393.7 ± 15.3 ms - Add time
 22.4 ±  0.5 ms - Find child
 28.9 ±  0.6 ms - Add child
316.3 ±  2.1 ms - Hash
202.7 ± 56.3 ms - Map
149.6 ±  1.5 ms - getState
0.21054
0.228246
0.344727
2337.2 ±  0.0 ms - Total time
1697.1 ±  0.0 ms - Build f time
140.9 ±  1.9 ms - Apply f time
1444.1 ± 19.9 ms - Real f time 
480.4 ± 19.8 ms - Add time
 28.7 ±  0.6 ms - Find child
 37.6 ±  0.7 ms - Add child
373.4 ±  2.2 ms - Hash
226.6 ± 56.3 ms - Map
186.4 ±  1.7 ms - getState
0.20709
0.228223
0.367308
2704.6 ±  0.0 ms - Total time
1904.2 ±  0.0 ms - Build f time
170.3 ±  2.4 ms - Apply f time
1627.8 ± 20.2 ms - Real f time 
575.6 ± 24.1 ms - Add time
 35.5 ±  0.7 ms - Find child
 47.4 ±  0.8 ms - Add child
440.0 ±  2.3 ms - Hash
256.4 ± 56.2 ms - Map
231.9 ±  1.9 ms - getState
Dag sizes: 144510 157955 150271 151214 157985 
brutePieces time: 1.67482
 59.5 ±  0.0 ms - Piece loop time
 50.9 ± 35.1 ms - Set time
 38.9 ±  1.1 ms - Child looking time
Nodes:  761935
Pieces: 996
makePieces time: 0.0604022
Memory: 16.1 + 39.9 + 24.4 + 33.2 + 4.3 MB
  0.2 ±  0.0 ms - Greedy fill time
composePieces time: 0.0129266
                                                                                