Running only task # 93
Using max depth 3
 |                                        | 0 / 416 (0.0%)Function count: 142
0.00977716
0.0104271
0.0112577
0.0119732
0.0166946
0.0174443
0.0146354
0.0152979
0.0134457
0.01407
0.0229556
0.023844
  3.5 ±  0.0 ms - Piece loop time
 38.8 ± 38.3 ms - Set time
  2.5 ±  0.5 ms - Child looking time
0.00968843
0.0102091
0.0116259
104.8 ±  0.0 ms - Total time
 98.4 ±  0.0 ms - Build f time
  2.0 ±  0.2 ms - Apply f time
 83.6 ±  2.0 ms - Real f time 
 16.4 ±  2.3 ms - Add time
  0.3 ±  0.1 ms - Find child
  0.3 ±  0.1 ms - Add child
 18.1 ±  0.4 ms - Hash
 41.6 ± 36.8 ms - Map
  1.9 ±  0.1 ms - getState
0.0109321
0.0114768
0.0133033
118.1 ±  0.0 ms - Total time
109.4 ±  0.0 ms - Build f time
  2.8 ±  0.2 ms - Apply f time
 94.8 ±  2.1 ms - Real f time 
 18.4 ±  2.3 ms - Add time
  0.4 ±  0.1 ms - Find child
  0.5 ±  0.1 ms - Add child
 21.0 ±  0.5 ms - Hash
 42.6 ± 36.8 ms - Map
  2.6 ±  0.2 ms - getState
0.0171954
0.0178737
0.0221253
140.2 ±  0.0 ms - Total time
126.6 ±  0.0 ms - Build f time
  3.9 ±  0.3 ms - Apply f time
109.3 ±  2.3 ms - Real f time 
 21.0 ±  2.3 ms - Add time
  0.7 ±  0.1 ms - Find child
  0.7 ±  0.1 ms - Add child
 26.0 ±  0.5 ms - Hash
 43.5 ± 36.8 ms - Map
  3.8 ±  0.2 ms - getState
0.0148458
0.0154715
0.0188846
159.1 ±  0.0 ms - Total time
141.4 ±  0.0 ms - Build f time
  4.8 ±  0.3 ms - Apply f time
122.1 ±  2.3 ms - Real f time 
 23.3 ±  2.4 ms - Add time
  0.9 ±  0.1 ms - Find child
  1.0 ±  0.1 ms - Add child
 30.1 ±  0.5 ms - Hash
 44.7 ± 37.0 ms - Map
  4.9 ±  0.2 ms - getState
0.0127926
0.0133878
0.0158507
175.0 ±  0.0 ms - Total time
154.2 ±  0.0 ms - Build f time
  5.5 ±  0.3 ms - Apply f time
134.3 ±  2.4 ms - Real f time 
 25.5 ±  2.4 ms - Add time
  1.7 ±  0.7 ms - Find child
  1.2 ±  0.1 ms - Add child
 33.0 ±  0.6 ms - Hash
 45.5 ± 36.9 ms - Map
  5.6 ±  0.2 ms - getState
0.024925
0.0258518
0.0327923
207.8 ±  0.0 ms - Total time
179.1 ±  0.0 ms - Build f time
  6.7 ±  0.3 ms - Apply f time
153.9 ±  2.6 ms - Real f time 
 30.0 ±  2.4 ms - Add time
  2.0 ±  0.7 ms - Find child
  1.5 ±  0.1 ms - Add child
 40.2 ±  0.6 ms - Hash
 47.2 ± 36.9 ms - Map
  7.4 ±  0.3 ms - getState
Dag sizes: 4332 5055 6048 5757 5571 7221 
brutePieces time: 0.119253
  4.6 ±  0.0 ms - Piece loop time
 38.0 ± 37.4 ms - Set time
  3.9 ±  0.5 ms - Child looking time
Nodes:  33984
Pieces: 3952
makePieces time: 0.00540262
Memory: 0.6 + 2.5 + 1.1 + 25.7 + 0.3 MB
 22.1 ±  1.6 ms - Greedy fill time
composePieces time: 0.129894
                                                                                