Running only task # 339
Using max depth 3
 |                                        | 0 / 416 (0.0%)Function count: 142
0.315929
0.363184
0.326379
0.3737
0.316623
0.363575
0.311554
0.356556
0.321524
0.368679
 31.3 ±  0.0 ms - Piece loop time
 24.0 ± 16.7 ms - Set time
 20.5 ±  1.0 ms - Child looking time
0.314053
0.360928
0.669489
2495.4 ±  0.0 ms - Total time
1906.1 ±  0.0 ms - Build f time
142.6 ±  2.1 ms - Apply f time
1691.8 ± 12.0 ms - Real f time 
526.1 ± 10.4 ms - Add time
 16.5 ±  0.5 ms - Find child
 24.1 ±  0.5 ms - Add child
282.0 ±  2.8 ms - Hash
185.7 ± 45.3 ms - Map
185.5 ±  3.9 ms - getState
0.317902
0.363482
0.704344
3199.8 ±  0.0 ms - Total time
2224.0 ±  0.0 ms - Build f time
206.7 ±  2.5 ms - Apply f time
2007.1 ± 12.8 ms - Real f time 
707.3 ± 10.9 ms - Add time
 31.7 ±  0.6 ms - Find child
 44.0 ±  0.7 ms - Add child
400.2 ±  3.0 ms - Hash
258.9 ± 45.4 ms - Map
281.7 ±  4.4 ms - getState
0.317454
0.362459
0.709117
3909.0 ±  0.0 ms - Total time
2541.4 ±  0.0 ms - Build f time
269.8 ±  2.8 ms - Apply f time
2323.2 ± 13.8 ms - Real f time 
882.8 ± 11.1 ms - Add time
 45.6 ±  0.8 ms - Find child
 63.5 ±  0.9 ms - Add child
517.1 ±  4.4 ms - Hash
344.1 ± 45.4 ms - Map
372.1 ±  4.6 ms - getState
0.317872
0.363376
0.703059
4612.1 ±  0.0 ms - Total time
2859.3 ±  0.0 ms - Build f time
332.4 ±  3.0 ms - Apply f time
2625.8 ± 14.4 ms - Real f time 
1059.1 ± 11.3 ms - Add time
 59.8 ±  0.9 ms - Find child
 83.0 ±  1.0 ms - Add child
632.6 ±  4.5 ms - Hash
414.7 ± 45.4 ms - Map
463.7 ±  4.7 ms - getState
0.324389
0.371076
0.731042
5343.2 ±  0.0 ms - Total time
3183.7 ±  0.0 ms - Build f time
399.2 ±  3.2 ms - Apply f time
2940.6 ± 15.0 ms - Real f time 
1240.8 ± 11.6 ms - Add time
 75.0 ±  1.0 ms - Find child
105.2 ±  1.2 ms - Add child
752.6 ±  4.7 ms - Hash
485.4 ± 45.5 ms - Map
565.1 ±  5.0 ms - getState
Dag sizes: 392620 412834 406089 416294 423924 
brutePieces time: 3.5204
189.6 ±  0.0 ms - Piece loop time
115.6 ± 43.8 ms - Set time
106.7 ±  1.9 ms - Child looking time
Nodes:  2051761
Pieces: 357727
makePieces time: 0.191749
Memory: 38.8 + 68.5 + 65.7 + 53.8 + 15.6 MB
 21.4 ±  0.0 ms - Greedy fill time
composePieces time: 2.22415
                                                                                