Running only task # 17
Using max depth 3
 |                                        | 0 / 416 (0.0%)Function count: 142
0.0566987
0.0604367
0.0605391
0.0644555
0.0495639
0.0528635
 10.1 ±  0.0 ms - Piece loop time
 38.4 ± 35.6 ms - Set time
  6.8 ±  0.6 ms - Child looking time
0.0624823
0.0660325
0.120368
298.2 ±  0.0 ms - Total time
229.3 ±  0.0 ms - Build f time
 13.5 ±  0.4 ms - Apply f time
196.8 ±  2.7 ms - Real f time 
 54.6 ±  1.0 ms - Add time
  3.2 ±  0.2 ms - Find child
  4.5 ±  0.2 ms - Add child
 54.4 ±  0.8 ms - Hash
 63.1 ± 37.3 ms - Map
 15.7 ±  0.5 ms - getState
0.0632702
0.069264
0.14084
439.1 ±  0.0 ms - Total time
292.6 ±  0.0 ms - Build f time
 29.2 ±  0.6 ms - Apply f time
262.2 ±  2.9 ms - Real f time 
 89.3 ±  1.2 ms - Add time
  7.0 ±  0.3 ms - Find child
 10.6 ±  0.4 ms - Add child
 81.0 ±  0.9 ms - Hash
 79.7 ± 37.2 ms - Map
 31.8 ±  0.6 ms - getState
0.0510621
0.0543637
0.0989113
538.0 ±  0.0 ms - Total time
343.6 ±  0.0 ms - Build f time
 37.2 ±  0.7 ms - Apply f time
310.3 ±  3.3 ms - Real f time 
111.9 ±  1.4 ms - Add time
  9.2 ±  0.3 ms - Find child
 13.3 ±  0.4 ms - Add child
102.0 ±  1.3 ms - Hash
 90.7 ± 37.2 ms - Map
 41.3 ±  0.7 ms - getState
Dag sizes: 89560 97781 69867 
brutePieces time: 0.362714
 32.7 ±  0.0 ms - Piece loop time
 45.4 ± 35.0 ms - Set time
 21.7 ±  0.7 ms - Child looking time
Nodes:  257208
Pieces: 68484
makePieces time: 0.0336302
Memory: 3.1 + 10.7 + 8.2 + 16.7 + 2.3 MB
  1.4 ±  0.0 ms - Greedy fill time
composePieces time: 0.111785
                                                                                