Running only task # 58
Using max depth 3
 |                                        | 0 / 416 (0.0%)Function count: 142
0.108293
0.119352
0.130967
0.146328
0.169373
0.18884
0.192265
0.221428
 31.9 ±  0.0 ms - Piece loop time
 39.4 ± 31.7 ms - Set time
 23.2 ±  1.1 ms - Child looking time
0.113807
0.126369
0.207659
883.8 ±  0.0 ms - Total time
714.7 ±  0.0 ms - Build f time
 47.7 ±  0.9 ms - Apply f time
607.7 ±  4.8 ms - Real f time 
153.9 ±  2.5 ms - Add time
  8.3 ±  0.8 ms - Find child
  9.7 ±  0.3 ms - Add child
122.0 ±  3.2 ms - Hash
109.4 ± 39.9 ms - Map
 52.6 ±  3.0 ms - getState
0.136739
0.152721
0.24325
1127.1 ±  0.0 ms - Total time
851.4 ±  0.0 ms - Build f time
 70.6 ±  1.1 ms - Apply f time
738.5 ±  5.5 ms - Real f time 
206.5 ±  2.7 ms - Add time
 13.9 ±  0.8 ms - Find child
 17.5 ±  0.5 ms - Add child
162.1 ±  3.3 ms - Hash
137.4 ± 39.9 ms - Map
 79.6 ±  3.1 ms - getState
0.175182
0.194462
0.308094
1435.2 ±  0.0 ms - Total time
1026.6 ±  0.0 ms - Build f time
 96.9 ±  1.2 ms - Apply f time
900.8 ±  6.2 ms - Real f time 
276.5 ±  7.1 ms - Add time
 20.6 ±  0.8 ms - Find child
 26.3 ±  0.6 ms - Add child
214.2 ±  3.3 ms - Hash
184.6 ± 42.7 ms - Map
115.1 ±  3.1 ms - getState
0.203576
0.225782
0.346912
1782.2 ±  0.0 ms - Total time
1230.2 ±  0.0 ms - Build f time
124.1 ±  1.4 ms - Apply f time
1086.3 ±  8.3 ms - Real f time 
356.2 ±  9.5 ms - Add time
 26.5 ±  0.9 ms - Find child
 34.1 ±  0.6 ms - Add child
273.4 ±  3.4 ms - Hash
219.5 ± 42.8 ms - Map
151.9 ±  3.2 ms - getState
Dag sizes: 141968 186053 193017 177836 
brutePieces time: 1.10799
114.8 ±  0.0 ms - Piece loop time
 45.4 ± 15.2 ms - Set time
 78.8 ±  1.3 ms - Child looking time
Nodes:  698874
Pieces: 116789
makePieces time: 0.11556
Memory: 9.0 + 27.3 + 22.4 + 28.0 + 6.7 MB
  0.6 ±  0.0 ms - Greedy fill time
composePieces time: 0.208972
                                                                                