Running only task # 4
Using max depth 4
 |                                        | 0 / 416 (0.0%)Function count: 142
0.0319624
0.0343579
0.0430519
0.0461151
0.0239335
0.0256666
0.051643
0.0550779
 17.2 ±  0.0 ms - Piece loop time
 41.3 ± 38.1 ms - Set time
 14.7 ±  0.8 ms - Child looking time
0.625167
0.673301
0.919656
1081.0 ±  0.0 ms - Total time
775.8 ±  0.0 ms - Build f time
 67.5 ±  1.0 ms - Apply f time
710.3 ±  4.3 ms - Real f time 
185.6 ±  4.4 ms - Add time
 19.5 ±  0.5 ms - Find child
 25.5 ±  0.6 ms - Add child
182.4 ±  2.5 ms - Hash
191.4 ± 46.3 ms - Map
 71.2 ±  1.0 ms - getState
0.855473
0.915326
1.32932
2410.4 ±  0.0 ms - Total time
1631.2 ±  0.0 ms - Build f time
156.6 ±  1.4 ms - Apply f time
1501.0 ±  7.2 ms - Real f time 
422.3 ±  4.9 ms - Add time
 44.4 ±  0.8 ms - Find child
 58.6 ±  0.9 ms - Add child
420.4 ±  3.0 ms - Hash
373.9 ± 46.4 ms - Map
178.5 ±  1.4 ms - getState
0.498364
0.538548
0.724713
3135.1 ±  0.0 ms - Total time
2129.6 ±  0.0 ms - Build f time
210.9 ±  1.6 ms - Apply f time
1972.6 ±  8.3 ms - Real f time 
556.2 ±  6.2 ms - Add time
 60.1 ±  0.9 ms - Find child
 79.3 ±  1.0 ms - Add child
540.7 ±  3.3 ms - Hash
482.2 ± 46.9 ms - Map
232.5 ±  1.6 ms - getState
1.09703
1.17863
1.77089
4906.0 ±  0.0 ms - Total time
3226.6 ±  0.0 ms - Build f time
328.4 ±  2.2 ms - Apply f time
2970.7 ± 12.0 ms - Real f time 
870.4 ±  6.8 ms - Add time
 91.8 ±  1.1 ms - Find child
120.2 ±  1.3 ms - Add child
862.4 ±  3.9 ms - Hash
734.1 ± 47.0 ms - Map
377.3 ±  2.0 ms - getState
Dag sizes: 537675 751549 463745 949444 
brutePieces time: 4.74652
1261.5 ±  0.0 ms - Piece loop time
353.0 ± 15.8 ms - Set time
846.5 ±  4.2 ms - Child looking time
Nodes:  2702413
Pieces: 898020
makePieces time: 1.26431
Memory: 28.1 + 138.9 + 86.5 + 68.4 + 42.7 MB
 13.7 ±  0.0 ms - Greedy fill time
composePieces time: 2.75029
                                                                                