Running only task # 11
Using max depth 23
 |                                        | 0 / 416 (0.0%)Function count: 142
0.129588
0.140127
0.0835929
0.0902879
0.114067
0.123233
0.109402
0.118686
0.126378
0.136595
0.0826723
0.0890947
0.11163
0.1208
0.112658
0.12168
0.169304
0.183082
 48.5 ±  0.0 ms - Piece loop time
 45.2 ± 37.9 ms - Set time
 38.1 ±  1.5 ms - Child looking time
0.129819
0.140113
0.250221
1374.1 ±  0.0 ms - Total time
1169.1 ±  0.0 ms - Build f time
 42.6 ±  0.9 ms - Apply f time
878.6 ± 14.8 ms - Real f time 
239.8 ±  4.4 ms - Add time
  4.4 ±  0.2 ms - Find child
  5.9 ±  0.3 ms - Add child
255.9 ±  3.1 ms - Hash
120.3 ± 40.7 ms - Map
 61.0 ±  0.8 ms - getState
0.0842786
0.0910731
0.15403
1528.2 ±  0.0 ms - Total time
1253.4 ±  0.0 ms - Build f time
 52.5 ±  1.0 ms - Apply f time
947.1 ± 15.0 ms - Real f time 
272.8 ±  4.4 ms - Add time
  7.1 ±  0.8 ms - Find child
  8.6 ±  0.3 ms - Add child
290.4 ±  3.2 ms - Hash
133.4 ± 40.7 ms - Map
 77.4 ±  0.9 ms - getState
0.112927
0.122099
0.214608
1742.9 ±  0.0 ms - Total time
1366.3 ±  0.0 ms - Build f time
 67.1 ±  1.3 ms - Apply f time
1039.6 ± 15.2 ms - Real f time 
323.3 ±  4.9 ms - Add time
 10.7 ±  1.0 ms - Find child
 11.7 ±  0.4 ms - Add child
336.8 ±  3.3 ms - Hash
169.1 ± 44.1 ms - Map
102.2 ±  1.0 ms - getState
0.111187
0.121612
0.210176
1953.1 ±  0.0 ms - Total time
1477.5 ±  0.0 ms - Build f time
 81.1 ±  1.3 ms - Apply f time
1133.2 ± 15.3 ms - Real f time 
371.2 ±  5.1 ms - Add time
 13.2 ±  1.0 ms - Find child
 15.0 ±  0.4 ms - Add child
382.4 ±  3.3 ms - Hash
186.1 ± 44.1 ms - Map
126.9 ±  1.1 ms - getState
0.130984
0.141134
0.257188
2210.3 ±  0.0 ms - Total time
1608.5 ±  0.0 ms - Build f time
 97.0 ±  1.5 ms - Apply f time
1236.5 ± 15.5 ms - Real f time 
432.8 ±  5.6 ms - Add time
 16.2 ±  1.0 ms - Find child
 18.4 ±  0.5 ms - Add child
439.0 ±  3.4 ms - Hash
203.2 ± 44.1 ms - Map
160.9 ±  1.2 ms - getState
0.086938
0.0933161
0.15817
2368.5 ±  0.0 ms - Total time
1695.4 ±  0.0 ms - Build f time
106.4 ±  1.6 ms - Apply f time
1307.3 ± 15.6 ms - Real f time 
481.9 ± 16.1 ms - Add time
 18.6 ±  1.1 ms - Find child
 21.3 ±  0.5 ms - Add child
472.5 ±  3.4 ms - Hash
216.0 ± 44.1 ms - Map
177.4 ±  1.3 ms - getState
0.114094
0.123226
0.214431
2583.0 ±  0.0 ms - Total time
1809.5 ±  0.0 ms - Build f time
120.4 ±  1.6 ms - Apply f time
1397.2 ± 15.8 ms - Real f time 
530.7 ± 16.2 ms - Add time
 21.6 ±  1.1 ms - Find child
 25.5 ±  0.6 ms - Add child
518.9 ±  3.5 ms - Hash
235.6 ± 44.2 ms - Map
202.8 ±  1.3 ms - getState
0.111955
0.120836
0.213032
2796.1 ±  0.0 ms - Total time
1921.5 ±  0.0 ms - Build f time
133.2 ±  1.7 ms - Apply f time
1491.9 ± 16.0 ms - Real f time 
578.4 ± 16.2 ms - Add time
 24.4 ±  1.1 ms - Find child
 29.1 ±  0.6 ms - Add child
564.6 ±  3.5 ms - Hash
253.6 ± 44.2 ms - Map
228.3 ±  1.4 ms - getState
0.172866
0.186784
0.330641
3126.8 ±  0.0 ms - Total time
2094.3 ±  0.0 ms - Build f time
152.8 ±  1.7 ms - Apply f time
1636.5 ± 16.5 ms - Real f time 
667.7 ± 21.7 ms - Add time
 27.7 ±  1.1 ms - Find child
 33.8 ±  0.7 ms - Add child
635.7 ±  3.6 ms - Hash
276.1 ± 44.1 ms - Map
267.0 ±  1.5 ms - getState
Dag sizes: 87138 66022 92475 88040 87051 66196 92416 88051 120298 
brutePieces time: 2.00976
132.5 ±  0.0 ms - Piece loop time
 76.0 ± 50.2 ms - Set time
 97.7 ±  2.1 ms - Child looking time
Nodes:  787687
Pieces: 97924
makePieces time: 0.134165
Memory: 23.5 + 29.2 + 25.2 + 50.4 + 8.3 MB
334.2 ± 29.3 ms - Greedy fill time
composePieces time: 6.51164
                                                                                