Running only task # 174
Using max depth 23
 |                                        | 0 / 416 (0.0%)Function count: 142
0.098062
0.105204
0.0968809
0.104683
0.0991296
0.107374
0.0910641
0.0981068
0.100585
0.109775
0.0998321
0.1078
0.108269
0.1166
 51.4 ±  0.0 ms - Piece loop time
 46.5 ± 37.7 ms - Set time
 40.3 ±  1.3 ms - Child looking time
0.0950816
0.102172
0.197598
947.4 ±  0.0 ms - Total time
788.9 ±  0.0 ms - Build f time
 33.5 ±  0.6 ms - Apply f time
652.2 ± 17.6 ms - Real f time 
216.2 ± 40.3 ms - Add time
  5.2 ±  0.3 ms - Find child
  7.0 ±  0.3 ms - Add child
168.2 ±  4.4 ms - Hash
109.9 ± 37.4 ms - Map
 41.0 ±  0.8 ms - getState
0.100791
0.108965
0.211805
1159.3 ±  0.0 ms - Total time
889.7 ±  0.0 ms - Build f time
 50.6 ±  0.8 ms - Apply f time
743.1 ± 17.7 ms - Real f time 
265.7 ± 40.4 ms - Add time
  9.0 ±  0.3 ms - Find child
 15.2 ±  2.9 ms - Add child
213.7 ±  4.5 ms - Hash
133.7 ± 37.4 ms - Map
 64.3 ±  0.9 ms - getState
0.104811
0.114279
0.215602
1374.9 ±  0.0 ms - Total time
994.5 ±  0.0 ms - Build f time
 69.8 ±  2.5 ms - Apply f time
837.0 ± 17.7 ms - Real f time 
313.4 ± 40.4 ms - Add time
 13.6 ±  0.4 ms - Find child
 21.1 ±  2.9 ms - Add child
258.1 ±  4.5 ms - Hash
158.4 ± 37.5 ms - Map
 87.4 ±  1.0 ms - getState
0.101816
0.109007
0.206614
1581.6 ±  0.0 ms - Total time
1096.3 ±  0.0 ms - Build f time
 84.4 ±  2.6 ms - Apply f time
927.6 ± 18.0 ms - Real f time 
359.0 ± 40.4 ms - Add time
 18.2 ±  0.9 ms - Find child
 27.5 ±  3.1 ms - Add child
300.8 ±  4.7 ms - Hash
182.5 ± 37.4 ms - Map
108.7 ±  1.1 ms - getState
0.10449
0.11266
0.21486
1796.5 ±  0.0 ms - Total time
1200.8 ±  0.0 ms - Build f time
100.5 ±  2.6 ms - Apply f time
1022.0 ± 18.1 ms - Real f time 
408.0 ± 40.4 ms - Add time
 22.5 ±  0.9 ms - Find child
 32.9 ±  3.1 ms - Add child
345.8 ±  4.7 ms - Hash
206.4 ± 37.4 ms - Map
131.9 ±  1.2 ms - getState
0.10028
0.108504
0.208726
2005.3 ±  0.0 ms - Total time
1301.1 ±  0.0 ms - Build f time
116.6 ±  2.6 ms - Apply f time
1112.2 ± 18.2 ms - Real f time 
456.8 ± 40.4 ms - Add time
 26.3 ±  0.9 ms - Find child
 38.3 ±  3.1 ms - Add child
389.4 ±  4.8 ms - Hash
231.4 ± 37.4 ms - Map
154.6 ±  1.2 ms - getState
0.110761
0.118889
0.213907
2219.2 ±  0.0 ms - Total time
1411.8 ±  0.0 ms - Build f time
132.9 ±  2.7 ms - Apply f time
1209.6 ± 18.3 ms - Real f time 
506.3 ± 40.4 ms - Add time
 30.3 ±  1.0 ms - Find child
 44.1 ±  3.1 ms - Add child
433.8 ±  4.9 ms - Hash
252.0 ± 37.4 ms - Map
177.7 ±  1.3 ms - getState
Dag sizes: 115829 124393 122802 115231 125459 121566 122485 
brutePieces time: 1.47452
164.3 ±  0.0 ms - Piece loop time
 72.0 ± 38.5 ms - Set time
119.4 ±  2.3 ms - Child looking time
Nodes:  847765
Pieces: 155106
makePieces time: 0.165839
Memory: 14.2 + 34.6 + 27.1 + 42.9 + 10.1 MB
 58.1 ±  3.4 ms - Greedy fill time
composePieces time: 5.12703
                                                                                