Running only task # 414
Using max depth 33
 |                                        | 0 / 416 (0.0%)Function count: 142
0.0368839
0.0406786
0.0211147
0.0225243
0.0508986
0.0601813
0.0395079
0.0457046
0.0230528
0.0246866
0.0579745
0.0644639
0.0610494
0.0680607
 50.9 ±  0.0 ms - Piece loop time
 43.2 ± 35.4 ms - Set time
 42.7 ±  1.2 ms - Child looking time
0.0372611
0.040812
0.0464853
380.1 ±  0.0 ms - Total time
327.7 ±  0.0 ms - Build f time
 15.8 ±  0.4 ms - Apply f time
314.9 ±  2.4 ms - Real f time 
 62.6 ±  3.1 ms - Add time
  2.0 ±  0.2 ms - Find child
  2.7 ±  0.2 ms - Add child
 42.2 ±  0.7 ms - Hash
 70.5 ± 40.5 ms - Map
 13.8 ±  0.3 ms - getState
0.0208606
0.0222001
0.025227
405.4 ±  0.0 ms - Total time
348.6 ±  0.0 ms - Build f time
 17.4 ±  0.4 ms - Apply f time
336.2 ±  2.5 ms - Real f time 
 66.3 ±  3.1 ms - Add time
  2.6 ±  0.2 ms - Find child
  3.3 ±  0.2 ms - Add child
 45.6 ±  0.8 ms - Hash
 73.4 ± 40.4 ms - Map
 15.2 ±  0.4 ms - getState
0.0497207
0.055377
0.0667062
472.1 ±  0.0 ms - Total time
398.3 ±  0.0 ms - Build f time
 22.4 ±  0.5 ms - Apply f time
384.3 ±  2.6 ms - Real f time 
 78.4 ±  3.1 ms - Add time
  3.9 ±  0.2 ms - Find child
  5.0 ±  0.2 ms - Add child
 54.6 ±  0.8 ms - Hash
 80.1 ± 40.4 ms - Map
 19.7 ±  0.4 ms - getState
0.0405897
0.0445291
0.0504532
522.6 ±  0.0 ms - Total time
438.9 ±  0.0 ms - Build f time
 25.7 ±  0.5 ms - Apply f time
423.7 ±  2.8 ms - Real f time 
 87.5 ±  3.1 ms - Add time
  4.8 ±  0.2 ms - Find child
  5.9 ±  0.3 ms - Add child
 60.8 ±  0.9 ms - Hash
 85.1 ± 40.4 ms - Map
 22.5 ±  0.4 ms - getState
0.0223021
0.0238111
0.0268695
549.5 ±  0.0 ms - Total time
461.2 ±  0.0 ms - Build f time
 26.9 ±  0.6 ms - Apply f time
445.0 ±  2.8 ms - Real f time 
 91.8 ±  3.2 ms - Add time
  5.2 ±  0.3 ms - Find child
  6.6 ±  0.3 ms - Add child
 64.4 ±  0.9 ms - Hash
 87.9 ± 40.4 ms - Map
 23.8 ±  0.5 ms - getState
0.0588486
0.065425
0.0761929
625.7 ±  0.0 ms - Total time
520.1 ±  0.0 ms - Build f time
 32.0 ±  0.6 ms - Apply f time
502.3 ±  3.0 ms - Real f time 
103.6 ±  3.2 ms - Add time
  6.6 ±  0.3 ms - Find child
  8.5 ±  0.3 ms - Add child
 74.6 ±  1.0 ms - Hash
 95.6 ± 40.5 ms - Map
 28.5 ±  0.5 ms - getState
0.0629956
0.0699278
0.0821237
707.8 ±  0.0 ms - Total time
583.1 ±  0.0 ms - Build f time
 37.9 ±  0.7 ms - Apply f time
565.6 ±  3.2 ms - Real f time 
117.5 ±  3.3 ms - Add time
  7.9 ±  0.3 ms - Find child
 10.5 ±  0.4 ms - Add child
 84.4 ±  1.0 ms - Hash
103.5 ± 40.5 ms - Map
 34.0 ±  0.5 ms - getState
Dag sizes: 24287 12682 33483 24288 12785 35092 39547 
brutePieces time: 0.379148
 81.7 ±  0.0 ms - Piece loop time
 52.8 ± 41.9 ms - Set time
 66.6 ±  1.3 ms - Child looking time
Nodes:  182164
Pieces: 4330
makePieces time: 0.0826367
Memory: 1.6 + 12.5 + 5.8 + 32.3 + 3.2 MB
  0.3 ±  0.0 ms - Greedy fill time
composePieces time: 0.0248838
                                                                                