Running only task # 297
Using max depth 23
 |                                        | 0 / 416 (0.0%)Function count: 142
0.0714034
0.0813989
0.0278983
0.0307749
0.024878
0.0274786
0.0680852
0.0768547
0.0280788
0.0311162
0.0253648
0.0280376
0.0438748
0.0497113
 46.1 ±  0.0 ms - Piece loop time
 43.3 ± 38.0 ms - Set time
 41.7 ±  1.1 ms - Child looking time
0.0682817
0.0775342
0.122626
448.2 ±  0.0 ms - Total time
357.9 ±  0.0 ms - Build f time
 27.7 ±  0.6 ms - Apply f time
327.3 ±  2.8 ms - Real f time 
103.7 ±  3.0 ms - Add time
  6.3 ±  0.3 ms - Find child
  8.5 ±  0.3 ms - Add child
 52.0 ±  0.8 ms - Hash
116.2 ± 49.9 ms - Map
 24.5 ±  0.6 ms - getState
0.0284092
0.0313643
0.0435218
491.7 ±  0.0 ms - Total time
386.3 ±  0.0 ms - Build f time
 33.0 ±  0.6 ms - Apply f time
356.7 ±  2.8 ms - Real f time 
114.2 ±  3.0 ms - Add time
  8.3 ±  0.3 ms - Find child
 11.1 ±  0.4 ms - Add child
 58.8 ±  0.8 ms - Hash
122.3 ± 50.0 ms - Map
 28.1 ±  0.7 ms - getState
0.0252248
0.0279555
0.0390231
530.8 ±  0.0 ms - Total time
411.5 ±  0.0 ms - Build f time
 37.0 ±  0.7 ms - Apply f time
383.7 ±  2.9 ms - Real f time 
123.4 ±  3.1 ms - Add time
 10.7 ±  0.7 ms - Find child
 13.3 ±  0.4 ms - Add child
 64.7 ±  0.9 ms - Hash
128.4 ± 50.0 ms - Map
 30.9 ±  0.7 ms - getState
0.0757487
0.0847296
0.12834
659.2 ±  0.0 ms - Total time
487.2 ±  0.0 ms - Build f time
 51.6 ±  0.8 ms - Apply f time
458.9 ±  3.4 ms - Real f time 
156.8 ±  3.2 ms - Add time
 15.9 ±  0.8 ms - Find child
 20.1 ±  0.5 ms - Add child
 82.1 ±  1.0 ms - Hash
145.0 ± 50.0 ms - Map
 43.5 ±  0.8 ms - getState
0.0286308
0.0316378
0.0437051
702.9 ±  0.0 ms - Total time
515.9 ±  0.0 ms - Build f time
 56.9 ±  0.8 ms - Apply f time
487.9 ±  3.5 ms - Real f time 
166.7 ±  3.2 ms - Add time
 18.1 ±  0.8 ms - Find child
 22.6 ±  0.5 ms - Add child
 88.8 ±  1.0 ms - Hash
151.5 ± 50.0 ms - Map
 47.0 ±  0.8 ms - getState
0.0259184
0.0287127
0.0400375
743.0 ±  0.0 ms - Total time
541.8 ±  0.0 ms - Build f time
 61.6 ±  0.9 ms - Apply f time
513.8 ±  3.5 ms - Real f time 
176.5 ±  3.2 ms - Add time
 19.7 ±  0.8 ms - Find child
 24.7 ±  0.6 ms - Add child
 95.1 ±  1.1 ms - Hash
157.0 ± 50.0 ms - Map
 50.2 ±  0.8 ms - getState
0.046267
0.0516453
0.0803336
823.3 ±  0.0 ms - Total time
588.1 ±  0.0 ms - Build f time
 70.9 ±  0.9 ms - Apply f time
560.1 ±  3.6 ms - Real f time 
196.4 ±  3.3 ms - Add time
 23.0 ±  0.8 ms - Find child
 29.2 ±  0.6 ms - Add child
106.0 ±  1.1 ms - Hash
170.0 ± 50.0 ms - Map
 57.9 ±  0.9 ms - getState
Dag sizes: 110500 32952 30639 110611 32749 30740 73536 
brutePieces time: 0.502607
187.2 ±  0.0 ms - Piece loop time
 65.0 ± 35.7 ms - Set time
152.4 ±  7.6 ms - Child looking time
Nodes:  421727
Pieces: 104830
makePieces time: 0.188581
Memory: 2.5 + 22.5 + 13.5 + 36.1 + 7.5 MB
  9.8 ±  2.5 ms - Greedy fill time
composePieces time: 0.690088
                                                                                