Running only task # 354
Using max depth 23
 |                                        | 0 / 416 (0.0%)Function count: 142
0.00652992
0.00711881
0.0109931
0.0118092
0.0134874
0.0146592
0.00636878
0.00681029
0.0108184
0.0116078
0.0147059
0.0158348
0.0144483
0.0156144
 21.4 ±  0.0 ms - Piece loop time
 40.2 ± 37.9 ms - Set time
 18.2 ±  0.9 ms - Child looking time
0.0101644
0.0107684
0.0137674
 97.3 ±  0.0 ms - Total time
 87.5 ±  0.0 ms - Build f time
  3.8 ±  0.2 ms - Apply f time
 82.3 ±  1.2 ms - Real f time 
 19.6 ±  2.2 ms - Add time
  0.8 ±  0.1 ms - Find child
  1.1 ±  0.1 ms - Add child
 17.1 ±  1.7 ms - Hash
 57.9 ± 46.8 ms - Map
  5.5 ±  1.7 ms - getState
0.017977
0.0193177
0.0275462
124.9 ±  0.0 ms - Total time
105.5 ±  0.0 ms - Build f time
  6.5 ±  0.3 ms - Apply f time
 99.7 ±  1.3 ms - Real f time 
 25.6 ±  2.2 ms - Add time
  1.8 ±  0.1 ms - Find child
  2.1 ±  0.2 ms - Add child
 22.5 ±  1.7 ms - Hash
 61.6 ± 46.9 ms - Map
  7.9 ±  1.7 ms - getState
0.0233595
0.0251457
0.0365341
161.5 ±  0.0 ms - Total time
128.8 ±  0.0 ms - Build f time
  9.8 ±  0.3 ms - Apply f time
123.9 ±  1.9 ms - Real f time 
 34.0 ±  2.3 ms - Add time
  3.1 ±  0.2 ms - Find child
  3.5 ±  0.2 ms - Add child
 29.3 ±  1.8 ms - Hash
 66.4 ± 46.8 ms - Map
 11.4 ±  1.7 ms - getState
0.0100904
0.0107216
0.0140046
175.5 ±  0.0 ms - Total time
138.9 ±  0.0 ms - Build f time
 11.2 ±  0.4 ms - Apply f time
133.6 ±  1.9 ms - Real f time 
 37.6 ±  2.4 ms - Add time
  3.5 ±  0.2 ms - Find child
  4.1 ±  0.2 ms - Add child
 32.0 ±  1.8 ms - Hash
 68.5 ± 46.7 ms - Map
 12.4 ±  1.7 ms - getState
0.018183
0.0195334
0.0273644
202.9 ±  0.0 ms - Total time
157.1 ±  0.0 ms - Build f time
 13.8 ±  0.4 ms - Apply f time
151.8 ±  2.0 ms - Real f time 
 43.6 ±  2.4 ms - Add time
  4.2 ±  0.2 ms - Find child
  5.1 ±  0.3 ms - Add child
 36.6 ±  1.8 ms - Hash
 72.4 ± 46.8 ms - Map
 14.8 ±  1.7 ms - getState
0.0232861
0.0251009
0.0367751
239.7 ±  0.0 ms - Total time
180.4 ±  0.0 ms - Build f time
 17.3 ±  0.4 ms - Apply f time
174.4 ±  2.1 ms - Real f time 
 51.4 ±  2.5 ms - Add time
  5.3 ±  0.3 ms - Find child
  6.9 ±  0.4 ms - Add child
 42.9 ±  1.9 ms - Hash
 77.4 ± 46.7 ms - Map
 18.5 ±  1.7 ms - getState
0.0245261
0.0263976
0.0374518
277.1 ±  0.0 ms - Total time
204.9 ±  0.0 ms - Build f time
 20.7 ±  0.5 ms - Apply f time
198.9 ±  2.2 ms - Real f time 
 59.5 ±  2.5 ms - Add time
  6.3 ±  0.3 ms - Find child
  8.3 ±  0.5 ms - Add child
 48.7 ±  1.9 ms - Hash
 82.8 ± 46.8 ms - Map
 21.9 ±  1.7 ms - getState
Dag sizes: 10892 23181 31191 10892 23173 31085 30069 
brutePieces time: 0.19907
 55.0 ±  0.0 ms - Piece loop time
 42.1 ± 35.0 ms - Set time
 45.4 ±  1.2 ms - Child looking time
Nodes:  160483
Pieces: 33235
makePieces time: 0.0558521
Memory: 1.0 + 9.1 + 5.1 + 31.9 + 2.5 MB
 17.6 ±  4.6 ms - Greedy fill time
composePieces time: 0.309606
                                                                                