Running only task # 238
Using max depth 3
 |                                        | 0 / 416 (0.0%)Function count: 142
0.0276108
0.0303245
0.0332748
0.0371261
0.035492
0.0418511
0.0367231
0.0405149
 22.7 ±  0.0 ms - Piece loop time
 51.5 ± 46.9 ms - Set time
 18.1 ±  0.9 ms - Child looking time
0.0467195
0.0508052
0.105534
255.6 ±  0.0 ms - Total time
179.8 ±  0.0 ms - Build f time
 19.0 ±  1.7 ms - Apply f time
161.2 ±  2.0 ms - Real f time 
 48.5 ±  1.2 ms - Add time
  3.4 ±  0.2 ms - Find child
  4.3 ±  0.2 ms - Add child
 35.8 ±  0.6 ms - Hash
 75.0 ± 42.1 ms - Map
 19.9 ±  0.8 ms - getState
0.057347
0.0623741
0.111049
366.7 ±  0.0 ms - Total time
237.2 ±  0.0 ms - Build f time
 28.3 ±  1.8 ms - Apply f time
215.5 ±  2.3 ms - Real f time 
 73.3 ±  1.3 ms - Add time
  6.2 ±  0.3 ms - Find child
  7.3 ±  0.3 ms - Add child
 55.0 ±  0.8 ms - Hash
 92.8 ± 42.1 ms - Map
 32.5 ±  0.9 ms - getState
0.0573402
0.0633876
0.106623
473.3 ±  0.0 ms - Total time
294.5 ±  0.0 ms - Build f time
 37.5 ±  1.8 ms - Apply f time
267.6 ±  2.6 ms - Real f time 
 97.5 ±  1.5 ms - Add time
  8.5 ±  0.3 ms - Find child
 10.6 ±  0.4 ms - Add child
 71.8 ±  0.9 ms - Hash
107.8 ± 42.0 ms - Map
 45.5 ±  0.9 ms - getState
0.0420707
0.0461287
0.0760446
549.4 ±  0.0 ms - Total time
336.6 ±  0.0 ms - Build f time
 43.9 ±  1.9 ms - Apply f time
306.7 ±  2.8 ms - Real f time 
114.4 ±  1.6 ms - Add time
 10.4 ±  0.5 ms - Find child
 12.8 ±  0.4 ms - Add child
 84.8 ±  0.9 ms - Hash
118.4 ± 42.0 ms - Map
 53.6 ±  1.0 ms - getState
Dag sizes: 61235 77193 66112 49576 
brutePieces time: 0.402712
 69.9 ±  0.0 ms - Piece loop time
 60.4 ± 40.8 ms - Set time
 46.2 ±  1.0 ms - Child looking time
Nodes:  254116
Pieces: 72204
makePieces time: 0.0710446
Memory: 3.1 + 10.7 + 8.1 + 20.8 + 3.1 MB
 14.7 ±  0.0 ms - Greedy fill time
composePieces time: 0.26893
                                                                                