Running only task # 130
Using max depth 23
 |                                        | 0 / 416 (0.0%)Function count: 142
0.157486
0.177573
0.158782
0.178337
0.15256
0.170212
0.160731
0.180069
0.16343
0.181943
0.146858
0.164672
0.144313
0.159515
 61.0 ±  0.0 ms - Piece loop time
 54.2 ± 38.6 ms - Set time
 44.9 ±  1.6 ms - Child looking time
0.154158
0.172447
0.30392
1516.6 ±  0.0 ms - Total time
1238.3 ±  0.0 ms - Build f time
 71.0 ±  1.1 ms - Apply f time
965.6 ± 17.4 ms - Real f time 
299.1 ±  9.8 ms - Add time
 11.8 ±  0.4 ms - Find child
 15.1 ±  0.4 ms - Add child
238.4 ±  6.6 ms - Hash
217.8 ± 58.9 ms - Map
 76.7 ±  1.2 ms - getState
0.152057
0.169874
0.296741
1813.4 ±  0.0 ms - Total time
1390.4 ±  0.0 ms - Build f time
100.2 ±  1.2 ms - Apply f time
1106.9 ± 17.6 ms - Real f time 
367.6 ±  9.9 ms - Add time
 20.5 ±  0.5 ms - Find child
 26.7 ±  0.6 ms - Add child
296.6 ±  6.8 ms - Hash
247.2 ± 58.9 ms - Map
113.9 ±  1.3 ms - getState
0.146738
0.163151
0.286062
2099.5 ±  0.0 ms - Total time
1537.1 ±  0.0 ms - Build f time
129.3 ±  1.4 ms - Apply f time
1236.8 ± 17.8 ms - Real f time 
436.8 ± 10.0 ms - Add time
 29.0 ±  0.6 ms - Find child
 39.1 ±  0.7 ms - Add child
354.9 ±  6.9 ms - Hash
277.8 ± 58.9 ms - Map
148.6 ±  1.5 ms - getState
0.157996
0.176931
0.311588
2411.1 ±  0.0 ms - Total time
1695.1 ±  0.0 ms - Build f time
161.2 ±  1.6 ms - Apply f time
1381.0 ± 17.9 ms - Real f time 
510.8 ± 10.0 ms - Add time
 38.1 ±  0.7 ms - Find child
 51.2 ±  0.8 ms - Add child
411.3 ±  6.9 ms - Hash
309.1 ± 58.8 ms - Map
186.1 ±  1.6 ms - getState
0.158189
0.17658
0.311763
2722.9 ±  0.0 ms - Total time
1853.3 ±  0.0 ms - Build f time
195.1 ±  2.9 ms - Apply f time
1522.9 ± 18.0 ms - Real f time 
584.6 ± 10.1 ms - Add time
 46.9 ±  0.8 ms - Find child
 63.7 ±  1.0 ms - Add child
468.3 ±  7.0 ms - Hash
342.1 ± 58.8 ms - Map
223.9 ±  1.7 ms - getState
0.146582
0.163976
0.287485
3010.4 ±  0.0 ms - Total time
1999.9 ±  0.0 ms - Build f time
223.1 ±  3.0 ms - Apply f time
1656.0 ± 18.2 ms - Real f time 
653.5 ± 10.2 ms - Add time
 55.8 ±  0.8 ms - Find child
 75.2 ±  1.1 ms - Add child
524.0 ±  7.0 ms - Hash
371.9 ± 58.9 ms - Map
258.6 ±  1.8 ms - getState
0.145386
0.160072
0.274443
3284.9 ±  0.0 ms - Total time
2145.3 ±  0.0 ms - Build f time
249.0 ±  3.0 ms - Apply f time
1785.9 ± 18.5 ms - Real f time 
719.0 ± 10.3 ms - Add time
 63.2 ±  0.9 ms - Find child
 85.9 ±  1.2 ms - Add child
574.8 ±  7.1 ms - Hash
437.8 ± 69.8 ms - Map
290.2 ±  1.9 ms - getState
Dag sizes: 205128 201643 187318 204995 202048 187409 181934 
brutePieces time: 2.07699
183.7 ±  0.0 ms - Piece loop time
 74.3 ± 35.1 ms - Set time
133.4 ±  2.2 ms - Child looking time
Nodes:  1370475
Pieces: 8056
makePieces time: 0.184652
Memory: 20.1 + 68.0 + 43.9 + 51.3 + 11.2 MB
  0.9 ±  0.0 ms - Greedy fill time
composePieces time: 0.0765049
                                                                                