Running only task # 259
Using max depth 4
 |                                        | 0 / 416 (0.0%)Function count: 142
0.118669
0.12561
0.0993474
0.11571
0.10203
0.108463
0.104005
0.110783
 15.9 ±  0.0 ms - Piece loop time
 43.7 ± 39.9 ms - Set time
 11.6 ±  0.9 ms - Child looking time
3.01533
3.27003
6.05427
6515.0 ±  0.0 ms - Total time
3439.4 ±  0.0 ms - Build f time
410.9 ±  5.6 ms - Apply f time
2901.6 ± 16.3 ms - Real f time 
1354.8 ± 14.3 ms - Add time
 84.3 ±  1.0 ms - Find child
123.1 ±  1.6 ms - Add child
1376.1 ± 16.6 ms - Hash
770.9 ± 38.6 ms - Map
633.2 ±  2.8 ms - getState
2.63429
2.83928
5.34762
11862.7 ±  0.0 ms - Total time
6073.7 ±  0.0 ms - Build f time
784.2 ±  6.0 ms - Apply f time
5249.5 ± 25.9 ms - Real f time 
2479.6 ± 29.1 ms - Add time
173.7 ±  1.5 ms - Find child
252.1 ±  3.7 ms - Add child
2481.3 ± 26.6 ms - Hash
1529.5 ± 44.1 ms - Map
1183.2 ± 14.3 ms - getState
2.72286
2.93851
5.52013
17382.8 ±  0.0 ms - Total time
8796.5 ±  0.0 ms - Build f time
1184.7 ± 15.7 ms - Apply f time
7668.7 ± 36.2 ms - Real f time 
3649.0 ± 35.5 ms - Add time
264.2 ±  2.0 ms - Find child
379.4 ±  4.1 ms - Add child
3606.4 ± 27.9 ms - Hash
2283.6 ± 48.1 ms - Map
1742.9 ± 15.2 ms - getState
2.76275
2.99536
5.61227
22995.1 ±  0.0 ms - Total time
11559.3 ±  0.0 ms - Build f time
1574.5 ± 15.9 ms - Apply f time
10096.5 ± 38.4 ms - Real f time 
4854.8 ± 41.1 ms - Add time
354.7 ±  2.3 ms - Find child
509.9 ±  4.5 ms - Add child
4753.3 ± 31.9 ms - Hash
3027.5 ± 50.6 ms - Map
2316.9 ± 15.4 ms - getState
Dag sizes: 2337609 2483921 2516595 2584012 
brutePieces time: 22.5361
2123.9 ±  0.0 ms - Piece loop time
811.9 ± 18.0 ms - Set time
1208.0 ±  5.6 ms - Child looking time
Nodes:  9922137
Pieces: 2333368
makePieces time: 2.13041
Memory: 218.2 + 417.5 + 317.5 + 225.9 + 97.7 MB
 38.0 ±  0.0 ms - Greedy fill time
composePieces time: 11.67
                                                                                