Running only task # 104
Using max depth 23
 |                                        | 0 / 416 (0.0%)Function count: 142
0.0207143
0.0224848
0.0326892
0.0356917
0.0279357
0.0307179
0.0251897
0.0278723
0.0184993
0.0201126
0.0304029
0.0332672
0.0276911
0.0305424
0.0253689
0.0279794
0.0369519
0.0412426
 49.9 ±  0.0 ms - Piece loop time
 43.8 ± 37.6 ms - Set time
 42.3 ±  1.3 ms - Child looking time
0.0245109
0.0271803
0.0410097
311.1 ±  0.0 ms - Total time
269.9 ±  0.0 ms - Build f time
 14.0 ±  0.4 ms - Apply f time
243.1 ±  2.0 ms - Real f time 
 64.3 ±  3.0 ms - Add time
  2.6 ±  0.2 ms - Find child
  4.3 ±  0.2 ms - Add child
 46.0 ±  1.0 ms - Hash
 99.4 ± 46.0 ms - Map
 12.4 ±  0.6 ms - getState
0.0451243
0.0487132
0.0767065
387.9 ±  0.0 ms - Total time
315.1 ±  0.0 ms - Build f time
 22.2 ±  0.5 ms - Apply f time
285.7 ±  2.2 ms - Real f time 
 81.9 ±  3.1 ms - Add time
  5.3 ±  0.3 ms - Find child
  8.1 ±  0.3 ms - Add child
 58.4 ±  1.0 ms - Hash
113.3 ± 46.0 ms - Map
 19.6 ±  0.7 ms - getState
0.036128
0.0398946
0.0665655
454.5 ±  0.0 ms - Total time
351.2 ±  0.0 ms - Build f time
 29.3 ±  0.6 ms - Apply f time
321.3 ±  2.4 ms - Real f time 
 97.1 ±  3.1 ms - Add time
  7.9 ±  0.3 ms - Find child
 11.8 ±  0.4 ms - Add child
 70.0 ±  2.2 ms - Hash
125.7 ± 46.0 ms - Map
 27.0 ±  0.9 ms - getState
0.0334482
0.0373489
0.0742326
528.8 ±  0.0 ms - Total time
384.6 ±  0.0 ms - Build f time
 40.4 ±  0.7 ms - Apply f time
359.5 ±  3.5 ms - Real f time 
115.0 ±  3.2 ms - Add time
 11.1 ±  0.4 ms - Find child
 16.9 ±  0.5 ms - Add child
 80.1 ±  2.2 ms - Hash
139.9 ± 46.0 ms - Map
 34.7 ±  0.9 ms - getState
0.0273058
0.0298448
0.044347
573.2 ±  0.0 ms - Total time
412.0 ±  0.0 ms - Build f time
 45.0 ±  0.7 ms - Apply f time
384.4 ±  3.6 ms - Real f time 
125.7 ±  3.2 ms - Add time
 12.9 ±  0.4 ms - Find child
 19.4 ±  0.5 ms - Add child
 87.1 ±  2.3 ms - Hash
149.1 ± 46.0 ms - Map
 38.3 ±  0.9 ms - getState
0.0396054
0.0432787
0.0693176
642.5 ±  0.0 ms - Total time
451.6 ±  0.0 ms - Build f time
 54.0 ±  0.9 ms - Apply f time
423.5 ±  3.7 ms - Real f time 
143.7 ±  3.3 ms - Add time
 15.6 ±  0.4 ms - Find child
 23.5 ±  0.6 ms - Add child
 98.4 ±  2.3 ms - Hash
158.7 ± 46.0 ms - Map
 45.0 ±  1.0 ms - getState
0.0348297
0.0380746
0.06196
704.5 ±  0.0 ms - Total time
486.4 ±  0.0 ms - Build f time
 61.5 ±  0.9 ms - Apply f time
458.6 ±  3.8 ms - Real f time 
162.5 ±  4.4 ms - Add time
 18.9 ±  0.8 ms - Find child
 27.2 ±  0.6 ms - Add child
108.5 ±  2.3 ms - Hash
167.2 ± 46.0 ms - Map
 51.6 ±  1.1 ms - getState
0.0342201
0.0375196
0.057647
762.2 ±  0.0 ms - Total time
520.6 ±  0.0 ms - Build f time
 68.1 ±  0.9 ms - Apply f time
493.2 ±  3.8 ms - Real f time 
177.0 ±  4.4 ms - Add time
 21.4 ±  0.8 ms - Find child
 30.6 ±  0.6 ms - Add child
118.1 ±  2.4 ms - Hash
176.3 ± 46.0 ms - Map
 56.8 ±  1.1 ms - getState
0.0368129
0.0409889
0.0622361
824.5 ±  0.0 ms - Total time
557.4 ±  0.0 ms - Build f time
 75.4 ±  1.0 ms - Apply f time
531.0 ±  3.9 ms - Real f time 
191.9 ±  4.5 ms - Add time
 24.0 ±  0.8 ms - Find child
 34.1 ±  0.7 ms - Add child
127.8 ±  2.4 ms - Hash
186.2 ± 46.0 ms - Map
 62.8 ±  1.1 ms - getState
Dag sizes: 40221 72248 67608 57880 40275 72725 67519 57917 59644 
brutePieces time: 0.560684
181.5 ±  0.0 ms - Piece loop time
 60.3 ± 35.5 ms - Set time
143.3 ±  2.0 ms - Child looking time
Nodes:  536037
Pieces: 97402
makePieces time: 0.182861
Memory: 2.4 + 29.0 + 17.2 + 46.3 + 9.4 MB
  4.7 ±  0.2 ms - Greedy fill time
composePieces time: 0.952463
                                                                                