Running only task # 207
Using max depth 3
 |                                        | 0 / 416 (0.0%)Function count: 142
0.768067
0.893969
0.652986
0.767155
0.666303
0.781902
0.753788
0.88313
 42.8 ±  0.0 ms - Piece loop time
 29.3 ± 19.1 ms - Set time
 32.7 ±  1.1 ms - Child looking time
0.729646
0.856654
0.930892
4257.2 ±  0.0 ms - Total time
3570.8 ±  0.0 ms - Build f time
261.7 ± 10.5 ms - Apply f time
3273.4 ± 35.8 ms - Real f time 
721.1 ± 13.8 ms - Add time
  5.5 ±  0.3 ms - Find child
 10.0 ±  0.3 ms - Add child
326.3 ±  2.5 ms - Hash
129.4 ± 37.1 ms - Map
278.8 ±  3.3 ms - getState
0.667778
0.788574
0.862006
5119.3 ±  0.0 ms - Total time
4238.6 ±  0.0 ms - Build f time
313.3 ± 10.8 ms - Apply f time
3894.2 ± 38.1 ms - Real f time 
1039.0 ± 172.7 ms - Add time
  8.2 ±  0.3 ms - Find child
 14.4 ±  0.4 ms - Add child
403.8 ±  3.1 ms - Hash
154.6 ± 37.2 ms - Map
369.0 ±  3.8 ms - getState
0.680782
0.801733
0.870386
5989.7 ±  0.0 ms - Total time
4919.3 ±  0.0 ms - Build f time
364.6 ± 11.1 ms - Apply f time
4479.1 ± 39.3 ms - Real f time 
1185.3 ± 172.9 ms - Add time
 10.9 ±  0.4 ms - Find child
 18.7 ±  0.5 ms - Add child
480.2 ±  3.4 ms - Hash
178.9 ± 37.2 ms - Map
467.2 ±  7.7 ms - getState
0.777303
0.902295
0.979084
6968.8 ±  0.0 ms - Total time
5696.7 ±  0.0 ms - Build f time
423.8 ± 11.4 ms - Apply f time
5184.4 ± 41.9 ms - Real f time 
1359.0 ± 173.1 ms - Add time
 14.1 ±  0.4 ms - Find child
 23.1 ±  0.5 ms - Add child
558.8 ±  3.6 ms - Hash
205.7 ± 37.2 ms - Map
564.0 ±  8.1 ms - getState
Dag sizes: 96557 94984 97693 100755 
brutePieces time: 3.64392
 62.3 ±  0.0 ms - Piece loop time
 33.3 ± 16.2 ms - Set time
 46.8 ±  1.2 ms - Child looking time
Nodes:  389989
Pieces: 16024
makePieces time: 0.0627672
Memory: 29.7 + 21.8 + 12.5 + 23.0 + 2.9 MB
  0.4 ±  0.0 ms - Greedy fill time
composePieces time: 0.0278344
                                                                                