Running only task # 203
Using max depth 23
 |                                        | 0 / 416 (0.0%)Function count: 142
0.0895701
0.0984893
0.396283
0.446112
0.151743
0.167335
0.176997
0.198961
0.195712
0.212326
0.0883007
0.0972147
0.394351
0.442783
0.155898
0.170691
0.172054
0.190915
0.196737
0.213898
0.285892
0.319067
146.8 ±  0.0 ms - Piece loop time
 61.0 ± 41.9 ms - Set time
120.6 ±  3.2 ms - Child looking time
0.0883843
0.0961852
0.125525
2683.9 ±  0.0 ms - Total time
2391.9 ±  0.0 ms - Build f time
 90.9 ±  2.3 ms - Apply f time
1721.4 ± 13.7 ms - Real f time 
489.4 ± 11.5 ms - Add time
  7.0 ±  0.3 ms - Find child
  9.5 ±  0.5 ms - Add child
454.6 ±  2.6 ms - Hash
213.5 ± 41.0 ms - Map
102.5 ±  6.4 ms - getState
0.390452
0.440759
0.63271
3316.7 ±  0.0 ms - Total time
2782.4 ±  0.0 ms - Build f time
126.5 ±  2.6 ms - Apply f time
2008.0 ± 14.7 ms - Real f time 
621.9 ± 11.9 ms - Add time
 13.6 ±  0.4 ms - Find child
 18.2 ±  0.6 ms - Add child
577.7 ±  2.9 ms - Hash
247.2 ± 41.0 ms - Map
192.4 ±  6.8 ms - getState
0.149085
0.163409
0.224988
3541.7 ±  0.0 ms - Total time
2931.5 ±  0.0 ms - Build f time
141.6 ±  2.6 ms - Apply f time
2129.3 ± 14.8 ms - Real f time 
672.0 ± 14.5 ms - Add time
 17.4 ±  0.5 ms - Find child
 23.2 ±  0.7 ms - Add child
620.2 ±  3.2 ms - Hash
267.1 ± 40.9 ms - Map
218.1 ±  6.8 ms - getState
0.17324
0.191493
0.256404
3798.2 ±  0.0 ms - Total time
3104.7 ±  0.0 ms - Build f time
157.1 ±  2.7 ms - Apply f time
2265.0 ± 15.0 ms - Real f time 
724.1 ± 14.7 ms - Add time
 20.8 ±  0.5 ms - Find child
 27.7 ±  0.7 ms - Add child
671.1 ±  3.3 ms - Hash
286.9 ± 40.9 ms - Map
245.1 ±  6.9 ms - getState
0.195163
0.211092
0.287695
4085.9 ±  0.0 ms - Total time
3299.9 ±  0.0 ms - Build f time
172.6 ±  2.8 ms - Apply f time
2410.9 ± 15.3 ms - Real f time 
789.9 ± 16.9 ms - Add time
 24.4 ±  0.6 ms - Find child
 32.4 ±  0.7 ms - Add child
730.1 ±  3.4 ms - Hash
306.3 ± 40.9 ms - Map
276.6 ±  6.9 ms - getState
0.0887261
0.0968957
0.126892
4212.8 ±  0.0 ms - Total time
3388.6 ±  0.0 ms - Build f time
181.3 ±  2.8 ms - Apply f time
2485.4 ± 15.4 ms - Real f time 
813.5 ± 16.9 ms - Add time
 26.9 ±  0.6 ms - Find child
 35.5 ±  0.8 ms - Add child
753.6 ±  3.4 ms - Hash
320.1 ± 40.9 ms - Map
288.1 ±  6.9 ms - getState
0.412973
0.460862
0.659473
4872.3 ±  0.0 ms - Total time
3801.6 ±  0.0 ms - Build f time
218.4 ±  3.0 ms - Apply f time
2788.1 ± 17.7 ms - Real f time 
984.2 ± 32.1 ms - Add time
 33.3 ±  0.7 ms - Find child
 44.1 ±  0.8 ms - Add child
875.8 ±  3.7 ms - Hash
357.2 ± 41.0 ms - Map
379.1 ±  7.1 ms - getState
0.146234
0.16135
0.222946
5095.3 ±  0.0 ms - Total time
3947.8 ±  0.0 ms - Build f time
232.8 ±  3.0 ms - Apply f time
2902.6 ± 17.8 ms - Real f time 
1031.1 ± 32.2 ms - Add time
 37.2 ±  0.7 ms - Find child
 49.4 ±  0.9 ms - Add child
915.6 ±  3.8 ms - Hash
379.3 ± 41.0 ms - Map
403.0 ±  7.1 ms - getState
0.173199
0.191316
0.25831
5353.7 ±  0.0 ms - Total time
4121.0 ±  0.0 ms - Build f time
247.9 ±  3.1 ms - Apply f time
3035.6 ± 18.0 ms - Real f time 
1082.2 ± 32.3 ms - Add time
 41.0 ±  0.7 ms - Find child
 54.5 ±  0.9 ms - Add child
967.5 ±  4.1 ms - Hash
399.8 ± 41.0 ms - Map
430.7 ±  7.1 ms - getState
0.194562
0.211299
0.291239
5644.9 ±  0.0 ms - Total time
4315.5 ±  0.0 ms - Build f time
264.7 ±  3.2 ms - Apply f time
3183.4 ± 18.3 ms - Real f time 
1144.1 ± 32.9 ms - Add time
 45.1 ±  0.8 ms - Find child
 59.1 ±  0.9 ms - Add child
1026.1 ±  4.2 ms - Hash
420.2 ± 41.0 ms - Map
462.8 ±  7.1 ms - getState
0.285259
0.318132
0.440819
6085.8 ±  0.0 ms - Total time
4600.8 ±  0.0 ms - Build f time
288.8 ±  3.3 ms - Apply f time
3399.1 ± 18.8 ms - Real f time 
1234.8 ± 32.9 ms - Add time
 49.8 ±  0.8 ms - Find child
 66.1 ±  1.0 ms - Add child
1112.4 ±  4.3 ms - Hash
447.5 ± 41.0 ms - Map
518.1 ±  7.2 ms - getState
Dag sizes: 68614 158717 103950 98262 91822 68789 158875 101772 97519 91933 126651 
brutePieces time: 3.5349
295.4 ±  0.0 ms - Piece loop time
 85.6 ± 46.4 ms - Set time
234.3 ±  4.7 ms - Child looking time
Nodes:  1166904
Pieces: 18404
makePieces time: 0.296766
Memory: 37.9 + 62.6 + 37.3 + 64.8 + 13.4 MB
  0.7 ±  0.0 ms - Greedy fill time
composePieces time: 0.143006
                                                                                