Running only task # 301
Using max depth 23
 |                                        | 0 / 416 (0.0%)Function count: 142
0.116924
0.126374
0.114782
0.124293
0.116205
0.125192
0.115904
0.125542
0.121406
0.131544
 17.3 ±  0.0 ms - Piece loop time
 42.6 ± 38.2 ms - Set time
 11.5 ±  0.9 ms - Child looking time
0.118902
0.127899
0.227334
860.5 ±  0.0 ms - Total time
704.1 ±  0.0 ms - Build f time
 32.0 ±  0.7 ms - Apply f time
593.2 ±  6.5 ms - Real f time 
152.0 ±  2.2 ms - Add time
  5.9 ±  0.6 ms - Find child
  6.7 ±  0.3 ms - Add child
137.8 ±  1.9 ms - Hash
 99.6 ± 36.4 ms - Map
 44.5 ±  0.7 ms - getState
0.115383
0.124579
0.22751
1088.0 ±  0.0 ms - Total time
819.5 ±  0.0 ms - Build f time
 49.2 ±  0.8 ms - Apply f time
701.3 ±  6.8 ms - Real f time 
202.4 ±  2.4 ms - Add time
 10.1 ±  0.6 ms - Find child
 12.5 ±  0.4 ms - Add child
182.4 ±  2.1 ms - Hash
121.5 ± 36.5 ms - Map
 72.4 ±  0.8 ms - getState
0.119371
0.128423
0.222063
1310.1 ±  0.0 ms - Total time
938.9 ±  0.0 ms - Build f time
 65.7 ±  0.9 ms - Apply f time
808.2 ±  7.1 ms - Real f time 
254.9 ±  3.2 ms - Add time
 13.6 ±  0.7 ms - Find child
 18.2 ±  0.5 ms - Add child
226.2 ±  2.2 ms - Hash
139.9 ± 36.5 ms - Map
 98.2 ±  1.0 ms - getState
0.11958
0.129004
0.226157
1536.3 ±  0.0 ms - Total time
1058.5 ±  0.0 ms - Build f time
 82.7 ±  1.1 ms - Apply f time
915.1 ±  7.4 ms - Real f time 
307.9 ±  3.4 ms - Add time
 18.4 ±  1.1 ms - Find child
 23.8 ±  0.6 ms - Add child
270.0 ±  2.3 ms - Hash
160.8 ± 36.5 ms - Map
126.4 ±  1.4 ms - getState
0.12391
0.134306
0.237604
1773.9 ±  0.0 ms - Total time
1182.4 ±  0.0 ms - Build f time
100.5 ±  1.2 ms - Apply f time
1029.9 ±  7.7 ms - Real f time 
362.5 ±  3.6 ms - Add time
 23.0 ±  1.1 ms - Find child
 29.8 ±  0.6 ms - Add child
317.0 ±  2.4 ms - Hash
185.4 ± 36.8 ms - Map
154.0 ±  1.6 ms - getState
Dag sizes: 128667 129457 128668 129495 138774 
brutePieces time: 1.14493
 51.4 ±  0.0 ms - Piece loop time
 56.0 ± 43.0 ms - Set time
 33.5 ±  1.1 ms - Child looking time
Nodes:  655061
Pieces: 91511
makePieces time: 0.0526821
Memory: 11.0 + 23.3 + 21.0 + 31.5 + 4.4 MB
 16.4 ±  0.5 ms - Greedy fill time
composePieces time: 0.953984
                                                                                