Running only task # 111
Using max depth 23
 |                                        | 0 / 416 (0.0%)Function count: 142
0.156529
0.17416
0.182538
0.207924
0.161543
0.178845
0.151269
0.167511
0.181321
0.20247
0.153345
0.170786
0.179518
0.201285
 65.6 ±  0.0 ms - Piece loop time
 58.1 ± 43.3 ms - Set time
 46.6 ±  1.6 ms - Child looking time
0.150695
0.166637
0.318625
1622.0 ±  0.0 ms - Total time
1316.8 ±  0.0 ms - Build f time
 83.0 ±  1.7 ms - Apply f time
1043.4 ±  7.6 ms - Real f time 
379.9 ± 37.8 ms - Add time
 13.8 ±  0.8 ms - Find child
 17.2 ±  0.5 ms - Add child
226.3 ±  2.2 ms - Hash
201.6 ± 41.2 ms - Map
 85.6 ±  1.2 ms - getState
0.180869
0.201962
0.391291
2013.3 ±  0.0 ms - Total time
1497.6 ±  0.0 ms - Build f time
124.8 ±  2.3 ms - Apply f time
1223.7 ± 10.6 ms - Real f time 
477.3 ± 37.8 ms - Add time
 26.3 ±  0.9 ms - Find child
 35.7 ±  0.7 ms - Add child
294.1 ±  2.4 ms - Hash
260.6 ± 41.2 ms - Map
134.6 ±  1.4 ms - getState
0.16943
0.186839
0.34596
2359.4 ±  0.0 ms - Total time
1667.1 ±  0.0 ms - Build f time
159.9 ±  2.4 ms - Apply f time
1377.3 ± 11.1 ms - Real f time 
564.2 ± 37.9 ms - Add time
 36.9 ±  0.9 ms - Find child
 50.7 ±  0.9 ms - Add child
353.6 ±  2.6 ms - Hash
311.4 ± 41.1 ms - Map
175.0 ±  1.6 ms - getState
0.158755
0.175485
0.332621
2692.0 ±  0.0 ms - Total time
1825.8 ±  0.0 ms - Build f time
193.4 ±  2.5 ms - Apply f time
1521.4 ± 11.4 ms - Real f time 
644.2 ± 38.0 ms - Add time
 47.3 ±  1.0 ms - Find child
 66.3 ±  1.0 ms - Add child
411.2 ±  2.7 ms - Hash
360.3 ± 41.1 ms - Map
214.1 ±  1.7 ms - getState
0.185961
0.207714
0.399644
3091.7 ±  0.0 ms - Total time
2011.8 ±  0.0 ms - Build f time
232.7 ±  2.6 ms - Apply f time
1695.7 ± 11.8 ms - Real f time 
739.9 ± 38.0 ms - Add time
 60.4 ±  1.1 ms - Find child
 84.7 ±  1.1 ms - Add child
478.8 ±  2.9 ms - Hash
418.1 ± 41.2 ms - Map
263.9 ±  1.9 ms - getState
0.1577
0.175186
0.341132
3432.9 ±  0.0 ms - Total time
2169.5 ±  0.0 ms - Build f time
269.8 ±  2.7 ms - Apply f time
1839.1 ± 12.0 ms - Real f time 
823.9 ± 38.1 ms - Add time
 72.1 ±  1.1 ms - Find child
100.8 ±  1.2 ms - Add child
538.1 ±  3.0 ms - Hash
465.9 ± 41.2 ms - Map
304.8 ±  2.0 ms - getState
0.183892
0.205491
0.397215
3830.2 ±  0.0 ms - Total time
2353.4 ±  0.0 ms - Build f time
310.2 ±  2.9 ms - Apply f time
2011.3 ± 12.4 ms - Real f time 
924.5 ± 38.8 ms - Add time
 83.8 ±  1.2 ms - Find child
117.3 ±  1.3 ms - Add child
605.9 ±  3.1 ms - Hash
525.2 ± 41.3 ms - Map
356.7 ±  2.3 ms - getState
Dag sizes: 228501 266720 230447 228010 268259 230354 261930 
brutePieces time: 2.53151
240.1 ±  0.0 ms - Piece loop time
 91.5 ± 37.4 ms - Set time
165.3 ±  2.3 ms - Child looking time
Nodes:  1714221
Pieces: 35734
makePieces time: 0.241644
Memory: 23.3 + 83.5 + 54.9 + 56.8 + 14.2 MB
  4.2 ±  0.8 ms - Greedy fill time
composePieces time: 0.333002
                                                                                