Running only task # 69
Using max depth 23
 |                                        | 0 / 416 (0.0%)Function count: 142
0.135312
0.146672
0.113319
0.122032
0.133861
0.144475
0.113942
0.122807
0.177658
0.19534
 34.7 ±  0.0 ms - Piece loop time
 40.1 ± 33.8 ms - Set time
 26.0 ±  1.1 ms - Child looking time
0.14415
0.154847
0.26262
994.3 ±  0.0 ms - Total time
818.2 ±  0.0 ms - Build f time
 34.7 ±  0.8 ms - Apply f time
634.2 ±  6.6 ms - Real f time 
172.1 ±  2.5 ms - Add time
  4.2 ±  0.2 ms - Find child
  6.0 ±  0.5 ms - Add child
189.2 ±  1.2 ms - Hash
 94.8 ± 37.5 ms - Map
 47.4 ±  0.8 ms - getState
0.128811
0.138077
0.237812
1232.1 ±  0.0 ms - Total time
947.0 ±  0.0 ms - Build f time
 51.5 ±  1.0 ms - Apply f time
742.6 ±  6.9 ms - Real f time 
224.5 ±  2.8 ms - Add time
  8.8 ±  0.9 ms - Find child
 11.0 ±  0.6 ms - Add child
239.5 ±  1.5 ms - Hash
119.3 ± 37.6 ms - Map
 72.1 ±  0.9 ms - getState
0.139446
0.150304
0.265923
1498.1 ±  0.0 ms - Total time
1086.5 ±  0.0 ms - Build f time
 68.8 ±  1.1 ms - Apply f time
856.1 ±  7.5 ms - Real f time 
282.2 ±  3.2 ms - Add time
 11.9 ±  0.9 ms - Find child
 15.6 ±  0.6 ms - Add child
299.9 ±  1.7 ms - Hash
145.0 ± 37.7 ms - Map
 99.5 ±  1.0 ms - getState
0.124851
0.134008
0.232719
1730.9 ±  0.0 ms - Total time
1211.3 ±  0.0 ms - Build f time
 86.2 ±  1.6 ms - Apply f time
964.9 ±  8.1 ms - Real f time 
332.2 ±  3.5 ms - Add time
 15.9 ±  0.9 ms - Find child
 20.3 ±  0.7 ms - Add child
347.8 ±  1.8 ms - Hash
171.3 ± 37.7 ms - Map
123.4 ±  1.1 ms - getState
0.190606
0.207845
0.423635
2154.6 ±  0.0 ms - Total time
1402.0 ±  0.0 ms - Build f time
118.3 ±  3.2 ms - Apply f time
1128.1 ±  8.7 ms - Real f time 
450.0 ± 14.4 ms - Add time
 22.0 ±  1.0 ms - Find child
 28.1 ±  0.7 ms - Add child
435.5 ±  2.0 ms - Hash
211.4 ± 37.7 ms - Map
180.2 ±  1.5 ms - getState
Dag sizes: 100666 111328 100681 111100 181523 
brutePieces time: 1.4276
142.8 ±  0.0 ms - Piece loop time
 91.8 ± 37.2 ms - Set time
 92.8 ±  3.5 ms - Child looking time
Nodes:  605298
Pieces: 143684
makePieces time: 0.144179
Memory: 15.1 + 22.6 + 19.4 + 30.7 + 7.1 MB
 15.1 ±  0.0 ms - Greedy fill time
composePieces time: 2.00445
                                                                                