Running only task # 199
Using max depth 23
 |                                        | 0 / 416 (0.0%)Function count: 142
0.166179
0.178204
0.150591
0.162115
0.15689
0.169015
0.148785
0.160577
0.175566
0.189763
 27.8 ±  0.0 ms - Piece loop time
 53.3 ± 46.0 ms - Set time
 19.2 ±  1.0 ms - Child looking time
0.162223
0.173947
0.316988
1176.9 ±  0.0 ms - Total time
960.2 ±  0.0 ms - Build f time
 38.7 ±  0.9 ms - Apply f time
778.5 ±  9.5 ms - Real f time 
204.8 ±  4.7 ms - Add time
  5.0 ±  0.3 ms - Find child
  6.9 ±  0.3 ms - Add child
196.9 ±  1.3 ms - Hash
109.2 ± 42.1 ms - Map
 54.9 ±  1.4 ms - getState
0.158876
0.171492
0.298623
1475.6 ±  0.0 ms - Total time
1119.1 ±  0.0 ms - Build f time
 57.4 ±  1.1 ms - Apply f time
918.5 ± 10.1 ms - Real f time 
276.7 ±  5.2 ms - Add time
  8.4 ±  0.3 ms - Find child
 11.7 ±  0.4 ms - Add child
258.8 ±  1.7 ms - Hash
134.1 ± 42.2 ms - Map
 86.0 ±  1.6 ms - getState
0.166822
0.178321
0.318429
1794.1 ±  0.0 ms - Total time
1285.9 ±  0.0 ms - Build f time
 76.5 ±  1.2 ms - Apply f time
1061.6 ± 10.9 ms - Real f time 
351.6 ±  5.4 ms - Add time
 11.8 ±  0.4 ms - Find child
 16.1 ±  0.5 ms - Add child
335.1 ±  8.1 ms - Hash
159.3 ± 42.2 ms - Map
119.0 ±  1.7 ms - getState
0.155501
0.168031
0.294549
2088.7 ±  0.0 ms - Total time
1441.4 ±  0.0 ms - Build f time
 94.8 ±  1.3 ms - Apply f time
1197.8 ± 11.6 ms - Real f time 
419.4 ±  5.6 ms - Add time
 15.4 ±  0.4 ms - Find child
 25.1 ±  4.2 ms - Add child
396.2 ±  8.1 ms - Hash
183.7 ± 42.2 ms - Map
149.4 ±  1.7 ms - getState
0.180452
0.19472
0.350464
2439.2 ±  0.0 ms - Total time
1621.9 ±  0.0 ms - Build f time
115.6 ±  1.4 ms - Apply f time
1359.9 ± 12.4 ms - Real f time 
502.6 ±  6.2 ms - Add time
 19.6 ±  0.5 ms - Find child
 30.4 ±  4.2 ms - Add child
466.3 ±  8.2 ms - Hash
209.6 ± 42.2 ms - Map
186.3 ±  1.9 ms - getState
Dag sizes: 125420 124791 125102 124756 137432 
brutePieces time: 1.58927
 83.7 ±  0.0 ms - Piece loop time
 43.0 ± 17.1 ms - Set time
 56.3 ±  1.4 ms - Child looking time
Nodes:  637501
Pieces: 110137
makePieces time: 0.0845659
Memory: 17.3 + 21.4 + 20.4 + 31.2 + 5.4 MB
 28.5 ±  1.6 ms - Greedy fill time
composePieces time: 1.80945
                                                                                