Running only task # 332
Using max depth 4
 |                                        | 0 / 416 (0.0%)Function count: 142
0.0175785
0.0196266
0.0337751
0.0378099
0.0250411
0.0278629
0.0279086
0.0310344
 12.9 ±  0.0 ms - Piece loop time
 44.9 ± 36.6 ms - Set time
  9.7 ±  0.6 ms - Child looking time
0.320389
0.351581
0.424609
541.1 ±  0.0 ms - Total time
424.7 ±  0.0 ms - Build f time
 36.5 ±  1.1 ms - Apply f time
430.4 ± 14.8 ms - Real f time 
 94.6 ±  2.3 ms - Add time
 10.1 ±  0.4 ms - Find child
 13.8 ±  0.5 ms - Add child
 80.1 ±  5.2 ms - Hash
115.1 ± 38.6 ms - Map
 30.8 ±  0.5 ms - getState
0.748363
0.822047
1.07717
1618.3 ±  0.0 ms - Total time
1173.1 ±  0.0 ms - Build f time
119.0 ±  1.7 ms - Apply f time
1180.3 ± 15.3 ms - Real f time 
313.5 ± 26.5 ms - Add time
 34.0 ±  0.9 ms - Find child
 45.0 ±  0.9 ms - Add child
218.6 ±  5.4 ms - Hash
268.9 ± 38.5 ms - Map
109.5 ±  1.4 ms - getState
0.498868
0.546277
0.689953
2308.3 ±  0.0 ms - Total time
1671.9 ±  0.0 ms - Build f time
181.1 ±  9.5 ms - Apply f time
1678.7 ± 15.8 ms - Real f time 
438.0 ± 27.1 ms - Add time
 49.8 ±  1.0 ms - Find child
 67.1 ±  1.1 ms - Add child
314.6 ±  5.5 ms - Hash
370.8 ± 38.6 ms - Map
157.2 ±  1.5 ms - getState
0.563915
0.61365
0.752482
3060.8 ±  0.0 ms - Total time
2235.8 ±  0.0 ms - Build f time
233.8 ±  9.5 ms - Apply f time
2239.9 ± 17.2 ms - Real f time 
591.8 ± 34.0 ms - Add time
 65.7 ±  1.1 ms - Find child
 88.4 ±  1.2 ms - Add child
417.4 ±  5.7 ms - Hash
484.2 ± 38.6 ms - Map
203.7 ±  1.6 ms - getState
Dag sizes: 244415 680164 437725 431976 
brutePieces time: 2.94714
924.7 ±  0.0 ms - Piece loop time
326.1 ± 70.2 ms - Set time
612.6 ±  4.4 ms - Child looking time
Nodes:  1794280
Pieces: 455271
makePieces time: 0.92781
Memory: 9.8 + 108.6 + 57.4 + 45.5 + 29.6 MB
  1.8 ±  0.0 ms - Greedy fill time
composePieces time: 0.510009
                                                                                