Running only task # 207
Using max depth 33
 |                                        | 0 / 416 (0.0%)Function count: 142
0.763861
0.888501
0.660239
0.775364
0.670469
0.785353
0.753545
0.881671
0.71203
0.835321
0.723633
0.846004
0.751008
0.882699
 70.6 ±  0.0 ms - Piece loop time
 27.5 ± 16.2 ms - Set time
 61.2 ±  3.5 ms - Child looking time
0.748379
0.880666
0.959682
6854.9 ±  0.0 ms - Total time
5783.2 ±  0.0 ms - Build f time
397.9 ±  5.8 ms - Apply f time
5274.1 ± 38.8 ms - Real f time 
1161.1 ± 21.8 ms - Add time
  7.6 ±  0.3 ms - Find child
 13.8 ±  0.5 ms - Add child
525.0 ±  3.1 ms - Hash
188.9 ± 38.5 ms - Map
431.2 ±  4.6 ms - getState
0.666549
0.784362
0.857636
7712.6 ±  0.0 ms - Total time
6449.7 ±  0.0 ms - Build f time
449.4 ±  6.5 ms - Apply f time
5885.5 ± 41.3 ms - Real f time 
1303.3 ± 22.3 ms - Add time
 11.1 ±  0.4 ms - Find child
 18.5 ±  0.5 ms - Add child
600.1 ±  3.3 ms - Hash
216.2 ± 38.4 ms - Map
519.4 ±  5.0 ms - getState
0.676338
0.794392
0.867005
8579.6 ±  0.0 ms - Total time
7126.0 ±  0.0 ms - Build f time
497.3 ±  7.0 ms - Apply f time
6512.9 ± 43.8 ms - Real f time 
1450.4 ± 22.8 ms - Add time
 13.9 ±  0.5 ms - Find child
 23.1 ±  0.6 ms - Add child
678.5 ±  3.5 ms - Hash
244.9 ± 38.4 ms - Map
610.7 ±  5.8 ms - getState
0.767913
0.896119
0.980121
9559.8 ±  0.0 ms - Total time
7894.0 ±  0.0 ms - Build f time
553.1 ±  7.4 ms - Apply f time
7218.6 ± 46.6 ms - Real f time 
1620.8 ± 23.5 ms - Add time
 17.1 ±  0.5 ms - Find child
 27.5 ±  0.6 ms - Add child
758.1 ±  3.7 ms - Hash
274.1 ± 38.4 ms - Map
706.9 ±  6.0 ms - getState
0.724285
0.850785
0.927256
10487.1 ±  0.0 ms - Total time
8618.2 ±  0.0 ms - Build f time
611.0 ±  7.9 ms - Apply f time
7887.5 ± 48.7 ms - Real f time 
1793.3 ± 29.3 ms - Add time
 19.7 ±  0.5 ms - Find child
 32.0 ±  0.7 ms - Add child
836.0 ±  3.9 ms - Hash
301.5 ± 38.4 ms - Map
799.8 ±  6.4 ms - getState
0.740455
0.865096
0.939663
11426.8 ±  0.0 ms - Total time
9358.7 ±  0.0 ms - Build f time
663.4 ±  8.2 ms - Apply f time
8548.4 ± 50.3 ms - Real f time 
1950.3 ± 29.8 ms - Add time
 23.1 ±  0.6 ms - Find child
 36.1 ±  0.7 ms - Add child
915.4 ±  4.1 ms - Hash
331.5 ± 38.4 ms - Map
893.0 ±  6.7 ms - getState
0.777022
0.921802
1.0011
12427.9 ±  0.0 ms - Total time
10135.7 ±  0.0 ms - Build f time
727.1 ±  8.7 ms - Apply f time
9270.2 ± 52.7 ms - Real f time 
2147.2 ± 34.8 ms - Add time
 26.0 ±  0.6 ms - Find child
 40.8 ±  0.7 ms - Add child
995.3 ±  4.2 ms - Hash
365.3 ± 38.4 ms - Map
996.9 ±  7.1 ms - getState
Dag sizes: 99202 97640 100417 102397 100227 102609 103133 
brutePieces time: 6.53545
115.1 ±  0.0 ms - Piece loop time
 40.6 ± 18.0 ms - Set time
 87.4 ±  2.1 ms - Child looking time
Nodes:  705625
Pieces: 18387
makePieces time: 0.115702
Memory: 52.9 + 39.5 + 22.6 + 40.7 + 5.4 MB
  2.6 ±  0.6 ms - Greedy fill time
composePieces time: 0.15452
                                                                                