Running only task # 223
Using max depth 23
 |                                        | 0 / 416 (0.0%)Function count: 142
0.309192
0.346299
0.378197
0.431803
0.325411
0.356152
0.316115
0.353092
0.380072
0.434022
0.326014
0.35701
0.377851
0.417978
 73.8 ±  0.0 ms - Piece loop time
 31.4 ± 19.3 ms - Set time
 58.8 ±  1.6 ms - Child looking time
0.314815
0.351778
0.692704
3389.5 ±  0.0 ms - Total time
2727.7 ±  0.0 ms - Build f time
140.5 ±  2.0 ms - Apply f time
2430.8 ± 19.5 ms - Real f time 
576.2 ± 19.6 ms - Add time
 10.9 ±  0.4 ms - Find child
 15.9 ±  0.4 ms - Add child
431.7 ±  2.0 ms - Hash
188.2 ± 41.4 ms - Map
185.1 ±  1.9 ms - getState
0.381476
0.43695
0.848792
4238.3 ±  0.0 ms - Total time
3109.1 ±  0.0 ms - Build f time
198.3 ±  2.4 ms - Apply f time
2791.6 ± 20.4 ms - Real f time 
786.6 ± 19.8 ms - Add time
 19.7 ±  0.5 ms - Find child
 28.5 ±  0.6 ms - Add child
585.4 ±  2.3 ms - Hash
249.3 ± 41.4 ms - Map
294.3 ±  2.2 ms - getState
0.330936
0.361703
0.58459
4823.0 ±  0.0 ms - Total time
3440.1 ±  0.0 ms - Build f time
232.4 ±  2.6 ms - Apply f time
3119.3 ± 22.2 ms - Real f time 
909.8 ± 20.0 ms - Add time
 25.1 ±  0.6 ms - Find child
 36.1 ±  0.7 ms - Add child
704.4 ± 17.6 ms - Hash
285.3 ± 41.4 ms - Map
352.4 ±  2.4 ms - getState
0.335403
0.371889
0.710944
5533.9 ±  0.0 ms - Total time
3775.5 ±  0.0 ms - Build f time
279.1 ±  2.7 ms - Apply f time
3431.6 ± 22.8 ms - Real f time 
1159.2 ± 77.5 ms - Add time
 32.3 ±  0.6 ms - Find child
 47.1 ±  0.8 ms - Add child
836.5 ± 17.6 ms - Hash
335.2 ± 41.4 ms - Map
437.7 ±  2.7 ms - getState
0.378993
0.435234
0.845656
6379.6 ±  0.0 ms - Total time
4154.5 ±  0.0 ms - Build f time
338.4 ±  3.0 ms - Apply f time
3785.3 ± 23.4 ms - Real f time 
1374.8 ± 77.5 ms - Add time
 41.5 ±  0.8 ms - Find child
 58.8 ±  0.9 ms - Add child
988.5 ± 17.6 ms - Hash
394.8 ± 41.3 ms - Map
550.9 ±  3.3 ms - getState
0.339117
0.369856
0.595279
6975.0 ±  0.0 ms - Total time
4493.6 ±  0.0 ms - Build f time
372.9 ±  3.1 ms - Apply f time
4113.9 ± 24.7 ms - Real f time 
1513.7 ± 78.4 ms - Add time
 46.8 ±  0.9 ms - Find child
 66.0 ±  0.9 ms - Add child
1099.9 ± 20.6 ms - Hash
428.6 ± 41.3 ms - Map
610.8 ±  3.4 ms - getState
0.379313
0.419259
0.683913
7658.9 ±  0.0 ms - Total time
4872.9 ±  0.0 ms - Build f time
413.7 ±  3.3 ms - Apply f time
4460.7 ± 25.5 ms - Real f time 
1667.5 ± 78.6 ms - Add time
 52.8 ±  0.9 ms - Find child
 75.1 ±  1.0 ms - Add child
1215.7 ± 20.7 ms - Hash
469.1 ± 41.4 ms - Map
684.3 ±  3.6 ms - getState
Dag sizes: 249123 310729 166096 253410 309264 167840 202391 
brutePieces time: 4.96507
308.7 ±  0.0 ms - Piece loop time
133.8 ± 49.5 ms - Set time
227.3 ± 17.1 ms - Child looking time
Nodes:  1658853
Pieces: 301376
makePieces time: 0.311091
Memory: 59.6 + 55.1 + 53.1 + 55.9 + 19.8 MB
182.8 ± 85.8 ms - Greedy fill time
composePieces time: 13.3261
                                                                                