Running only task # 343
Using max depth 23
 |                                        | 0 / 416 (0.0%)Function count: 142
0.0583408
0.062259
0.066562
0.0708197
0.122413
0.129639
0.0579335
0.0614443
0.0641403
0.0683018
0.120805
0.127853
0.148237
0.158191
 38.5 ±  0.0 ms - Piece loop time
 50.6 ± 37.7 ms - Set time
 30.6 ±  1.1 ms - Child looking time
0.0580103
0.0615321
0.15713
836.0 ±  0.0 ms - Total time
696.4 ±  0.0 ms - Build f time
 30.2 ±  1.1 ms - Apply f time
574.1 ± 19.8 ms - Real f time 
167.3 ±  9.8 ms - Add time
  5.9 ±  0.3 ms - Find child
  7.0 ±  0.3 ms - Add child
143.9 ±  1.5 ms - Hash
110.4 ± 39.0 ms - Map
 36.2 ±  0.7 ms - getState
0.0726592
0.0768914
0.198259
1034.3 ±  0.0 ms - Total time
769.1 ±  0.0 ms - Build f time
 49.8 ±  1.2 ms - Apply f time
644.2 ± 19.9 ms - Real f time 
219.9 ±  9.8 ms - Add time
 11.6 ±  0.4 ms - Find child
 14.4 ±  0.4 ms - Add child
182.4 ±  1.7 ms - Hash
139.1 ± 39.1 ms - Map
 61.3 ±  0.9 ms - getState
0.126483
0.133442
0.405486
1439.8 ±  0.0 ms - Total time
895.6 ±  0.0 ms - Build f time
 83.4 ±  1.4 ms - Apply f time
764.4 ± 20.0 ms - Real f time 
341.2 ± 10.0 ms - Add time
 19.6 ±  0.5 ms - Find child
 26.1 ±  0.6 ms - Add child
274.4 ±  1.9 ms - Hash
175.7 ± 39.1 ms - Map
120.1 ±  1.1 ms - getState
0.0636663
0.0675067
0.15586
1595.7 ±  0.0 ms - Total time
959.2 ±  0.0 ms - Build f time
 98.4 ±  1.5 ms - Apply f time
826.5 ± 20.0 ms - Real f time 
384.1 ± 10.0 ms - Add time
 24.3 ±  0.6 ms - Find child
 31.6 ±  0.7 ms - Add child
306.9 ±  1.9 ms - Hash
193.5 ± 39.1 ms - Map
140.3 ±  1.2 ms - getState
0.06415
0.0681843
0.180077
1775.8 ±  0.0 ms - Total time
1023.4 ±  0.0 ms - Build f time
116.7 ±  1.5 ms - Apply f time
891.4 ± 20.1 ms - Real f time 
434.7 ± 10.0 ms - Add time
 29.6 ±  0.6 ms - Find child
 38.5 ±  0.7 ms - Add child
345.4 ±  2.0 ms - Hash
213.4 ± 39.1 ms - Map
163.7 ±  1.3 ms - getState
0.130734
0.137585
0.40098
2176.8 ±  0.0 ms - Total time
1154.1 ±  0.0 ms - Build f time
149.6 ±  1.6 ms - Apply f time
1011.9 ± 20.3 ms - Real f time 
555.5 ± 10.1 ms - Add time
 38.1 ±  0.9 ms - Find child
 49.1 ±  0.8 ms - Add child
437.8 ±  2.2 ms - Hash
249.4 ± 39.1 ms - Map
218.6 ±  1.5 ms - getState
0.148717
0.162934
0.489374
2666.2 ±  0.0 ms - Total time
1302.8 ±  0.0 ms - Build f time
190.3 ±  1.8 ms - Apply f time
1156.8 ± 20.5 ms - Real f time 
704.7 ± 10.3 ms - Add time
 48.2 ±  0.9 ms - Find child
 62.2 ±  0.9 ms - Add child
553.7 ±  3.2 ms - Hash
292.7 ± 39.0 ms - Map
288.9 ±  1.8 ms - getState
Dag sizes: 115687 160360 251658 115700 160359 251588 309714 
brutePieces time: 1.99212
228.3 ±  0.0 ms - Piece loop time
 87.3 ± 45.3 ms - Set time
184.3 ±  8.3 ms - Child looking time
Nodes:  1365066
Pieces: 223660
makePieces time: 0.230589
Memory: 26.8 + 44.3 + 43.7 + 51.2 + 14.3 MB
 42.2 ±  2.0 ms - Greedy fill time
composePieces time: 7.44113
                                                                                