Running only task # 133
Using max depth 3
 |                                        | 0 / 416 (0.0%)Function count: 142
0.397227
0.435621
0.298268
0.323016
0.341647
0.372434
0.35424
0.391113
 32.8 ±  0.0 ms - Piece loop time
 22.9 ± 16.2 ms - Set time
 24.3 ±  0.9 ms - Child looking time
0.394522
0.432723
0.734197
2256.6 ±  0.0 ms - Total time
1785.9 ±  0.0 ms - Build f time
 95.3 ±  6.1 ms - Apply f time
1282.7 ± 16.7 ms - Real f time 
446.6 ± 15.0 ms - Add time
 10.9 ±  0.4 ms - Find child
 13.7 ±  0.4 ms - Add child
441.7 ±  3.9 ms - Hash
124.1 ± 35.0 ms - Map
143.5 ±  2.1 ms - getState
0.289319
0.313501
0.533144
2789.7 ±  0.0 ms - Total time
2075.2 ±  0.0 ms - Build f time
131.4 ±  6.2 ms - Apply f time
1515.6 ± 18.5 ms - Real f time 
565.2 ± 15.2 ms - Add time
 18.0 ±  0.5 ms - Find child
 23.5 ±  0.5 ms - Add child
569.1 ±  4.3 ms - Hash
154.9 ± 35.0 ms - Map
203.0 ±  2.3 ms - getState
0.367285
0.398515
0.681287
3471.1 ±  0.0 ms - Total time
2442.5 ±  0.0 ms - Build f time
178.4 ±  7.2 ms - Apply f time
1799.9 ± 19.6 ms - Real f time 
720.4 ± 15.8 ms - Add time
 27.5 ±  1.2 ms - Find child
 35.0 ±  0.7 ms - Add child
721.1 ±  4.6 ms - Hash
193.0 ± 34.9 ms - Map
285.7 ±  2.7 ms - getState
0.367766
0.40445
0.727751
4198.9 ±  0.0 ms - Total time
2810.3 ±  0.0 ms - Build f time
231.9 ±  7.3 ms - Apply f time
2094.2 ± 22.0 ms - Real f time 
891.1 ± 16.1 ms - Add time
 37.6 ±  1.3 ms - Find child
 48.4 ±  0.8 ms - Add child
882.4 ±  4.9 ms - Hash
238.5 ± 35.0 ms - Map
377.3 ±  3.0 ms - getState
Dag sizes: 183645 143863 176530 195864 
brutePieces time: 2.67845
129.7 ±  0.0 ms - Piece loop time
 59.0 ± 16.3 ms - Set time
 86.7 ±  1.8 ms - Child looking time
Nodes:  699902
Pieces: 11777
makePieces time: 0.13029
Memory: 36.3 + 36.4 + 22.4 + 28.0 + 5.7 MB
  0.1 ±  0.0 ms - Greedy fill time
composePieces time: 0.0216035
                                                                                