Running only task # 239
Using max depth 23
 |                                        | 0 / 416 (0.0%)Function count: 142
0.0237141
0.0251264
0.027001
0.028663
0.028097
0.0297138
0.0259152
0.0275489
0.0232869
0.0246146
0.0295897
0.0318963
0.0297024
0.031263
0.0258073
0.0274108
0.0273241
0.0289149
 41.5 ±  0.0 ms - Piece loop time
 40.6 ± 37.2 ms - Set time
 37.5 ±  1.2 ms - Child looking time
0.0425257
0.0447065
0.0580369
313.4 ±  0.0 ms - Total time
283.0 ±  0.0 ms - Build f time
  7.8 ±  0.3 ms - Apply f time
241.8 ±  3.6 ms - Real f time 
 48.6 ±  2.2 ms - Add time
  1.3 ±  0.1 ms - Find child
  1.7 ±  0.1 ms - Add child
 54.9 ±  0.8 ms - Hash
 61.7 ± 38.0 ms - Map
  9.4 ±  0.3 ms - getState
0.0611953
0.0657109
0.0864956
399.9 ±  0.0 ms - Total time
344.2 ±  0.0 ms - Build f time
 12.4 ±  0.4 ms - Apply f time
293.8 ±  3.9 ms - Real f time 
 63.3 ±  2.3 ms - Add time
  2.4 ±  0.2 ms - Find child
  3.0 ±  0.2 ms - Add child
 73.7 ±  0.9 ms - Hash
 67.7 ± 38.1 ms - Map
 15.2 ±  0.4 ms - getState
0.0460142
0.0487665
0.0598714
459.8 ±  0.0 ms - Total time
390.2 ±  0.0 ms - Build f time
 15.7 ±  0.5 ms - Apply f time
341.7 ±  8.3 ms - Real f time 
 73.1 ±  2.4 ms - Add time
  3.3 ±  0.2 ms - Find child
  4.0 ±  0.2 ms - Add child
 86.1 ±  1.0 ms - Hash
 74.2 ± 38.0 ms - Map
 18.8 ±  0.5 ms - getState
0.0703617
0.0736251
0.0987617
558.6 ±  0.0 ms - Total time
460.5 ±  0.0 ms - Build f time
 20.0 ±  0.5 ms - Apply f time
402.8 ±  9.2 ms - Real f time 
 97.5 ±  7.7 ms - Add time
  4.2 ±  0.2 ms - Find child
  5.3 ±  0.3 ms - Add child
109.4 ±  1.1 ms - Hash
 80.0 ± 38.1 ms - Map
 25.6 ±  0.5 ms - getState
0.0441366
0.0473026
0.062932
621.6 ±  0.0 ms - Total time
504.7 ±  0.0 ms - Build f time
 23.6 ±  0.6 ms - Apply f time
437.9 ±  9.2 ms - Real f time 
107.9 ±  7.8 ms - Add time
  4.9 ±  0.2 ms - Find child
  6.4 ±  0.3 ms - Add child
128.1 ±  5.6 ms - Hash
 84.4 ± 38.1 ms - Map
 30.3 ±  0.6 ms - getState
0.0605987
0.0640906
0.085175
706.8 ±  0.0 ms - Total time
565.3 ±  0.0 ms - Build f time
 28.0 ±  0.6 ms - Apply f time
487.8 ±  9.4 ms - Real f time 
122.1 ±  7.8 ms - Add time
  5.8 ±  0.3 ms - Find child
  8.1 ±  0.5 ms - Add child
146.2 ±  5.6 ms - Hash
 90.8 ± 38.1 ms - Map
 35.9 ±  0.6 ms - getState
0.0444397
0.0472429
0.0595268
766.4 ±  0.0 ms - Total time
609.7 ±  0.0 ms - Build f time
 31.2 ±  0.7 ms - Apply f time
525.4 ±  9.5 ms - Real f time 
131.9 ±  7.8 ms - Add time
  6.8 ±  0.3 ms - Find child
  9.7 ±  0.5 ms - Add child
158.3 ±  5.7 ms - Hash
 96.8 ± 38.1 ms - Map
 39.6 ±  0.7 ms - getState
0.0705636
0.073869
0.100529
866.9 ±  0.0 ms - Total time
680.3 ±  0.0 ms - Build f time
 35.5 ±  0.7 ms - Apply f time
581.8 ±  9.7 ms - Real f time 
149.4 ±  7.8 ms - Add time
  7.7 ±  0.3 ms - Find child
 11.0 ±  0.5 ms - Add child
181.4 ±  5.7 ms - Hash
104.3 ± 38.1 ms - Map
 47.2 ±  0.9 ms - getState
0.0937112
0.0972266
0.137698
1004.7 ±  0.0 ms - Total time
774.0 ±  0.0 ms - Build f time
 41.4 ±  0.7 ms - Apply f time
654.8 ± 10.4 ms - Real f time 
173.4 ±  7.9 ms - Add time
  9.0 ±  0.3 ms - Find child
 12.4 ±  0.5 ms - Add child
214.6 ±  5.7 ms - Hash
111.8 ± 38.1 ms - Map
 57.2 ±  1.0 ms - getState
Dag sizes: 21818 27411 24714 25828 21822 27434 24654 25838 30454 
brutePieces time: 0.756271
 85.0 ±  0.0 ms - Piece loop time
 58.5 ± 48.9 ms - Set time
 81.7 ± 11.3 ms - Child looking time
Nodes:  229973
Pieces: 33064
makePieces time: 0.0862385
Memory: 5.1 + 14.8 + 7.4 + 41.4 + 3.2 MB
 35.4 ±  1.9 ms - Greedy fill time
composePieces time: 1.17618
                                                                                