Running only task # 26
Using max depth 4
 |                                        | 0 / 416 (0.0%)Function count: 142
0.346598
0.383212
0.363107
0.400496
0.387483
0.440223
0.393132
0.440723
0.429018
0.489416
 51.4 ±  0.0 ms - Piece loop time
 25.5 ± 15.1 ms - Set time
 37.9 ±  1.3 ms - Child looking time
10.7608
11.9664
26.0761
28230.4 ±  0.0 ms - Total time
12680.1 ±  0.0 ms - Build f time
1708.7 ±  7.2 ms - Apply f time
10462.6 ± 45.9 ms - Real f time 
8707.7 ± 1619.2 ms - Add time
259.1 ±  3.0 ms - Find child
399.2 ±  6.1 ms - Add child
6117.8 ± 19.3 ms - Hash
2479.0 ± 44.3 ms - Map
3441.8 ± 12.7 ms - getState
11.4867
12.7979
28.6914
56921.9 ±  0.0 ms - Total time
24166.9 ±  0.0 ms - Build f time
3523.2 ± 11.5 ms - Apply f time
20129.8 ± 58.4 ms - Real f time 
16308.8 ± 1632.9 ms - Add time
542.2 ±  3.8 ms - Find child
841.5 ±  7.0 ms - Add child
12509.5 ± 37.5 ms - Hash
5083.2 ± 46.1 ms - Map
7296.1 ± 21.9 ms - getState
12.1886
13.7148
30.1371
87059.0 ±  0.0 ms - Total time
36355.5 ±  0.0 ms - Build f time
5425.3 ± 14.9 ms - Apply f time
30492.0 ± 71.5 ms - Real f time 
24192.9 ± 1633.9 ms - Add time
824.8 ±  4.3 ms - Find child
1292.3 ±  8.0 ms - Add child
19115.1 ± 55.9 ms - Hash
7768.3 ± 49.4 ms - Map
11283.5 ± 24.6 ms - getState
12.1925
13.7109
31.8864
118945.4 ±  0.0 ms - Total time
48548.1 ±  0.0 ms - Build f time
7451.0 ± 16.6 ms - Apply f time
40953.6 ± 79.4 ms - Real f time 
32764.6 ± 1634.4 ms - Add time
1138.3 ±  5.5 ms - Find child
1778.3 ±  8.6 ms - Add child
26002.7 ± 59.0 ms - Hash
10682.5 ± 51.2 ms - Map
15689.3 ± 27.9 ms - getState
13.8418
15.8188
36.5847
155530.1 ±  0.0 ms - Total time
62389.9 ±  0.0 ms - Build f time
9825.9 ± 21.2 ms - Apply f time
53058.9 ± 89.8 ms - Real f time 
42693.7 ± 1637.9 ms - Add time
1483.9 ±  6.5 ms - Find child
2334.2 ± 17.5 ms - Add child
33715.6 ± 62.3 ms - Hash
13870.8 ± 53.3 ms - Map
20827.3 ± 29.7 ms - getState
Dag sizes: 8206430 9227186 9560522 10652495 11858204 
brutePieces time: 153.379
12100.3 ±  0.0 ms - Piece loop time
4810.8 ± 53.4 ms - Set time
6991.9 ± 17.2 ms - Child looking time
Nodes:  49504837
Pieces: 12049503
makePieces time: 12.1371
