Running only task # 315
Using max depth 3
 |                                        | 0 / 416 (0.0%)Function count: 142
0.428398
0.47592
0.437607
0.48665
0.447404
0.502262
0.505818
0.566198
0.467641
0.52079
 39.6 ±  0.0 ms - Piece loop time
 25.3 ± 17.2 ms - Set time
 29.3 ±  1.0 ms - Child looking time
0.42885
0.469552
0.939893
3492.0 ±  0.0 ms - Total time
2715.7 ±  0.0 ms - Build f time
134.0 ±  3.2 ms - Apply f time
2118.5 ± 22.9 ms - Real f time 
701.6 ± 22.5 ms - Add time
  9.4 ±  0.3 ms - Find child
 13.8 ±  0.4 ms - Add child
605.9 ±  2.8 ms - Hash
170.7 ± 44.7 ms - Map
201.6 ±  2.0 ms - getState
0.44868
0.498443
0.980639
4472.7 ±  0.0 ms - Total time
3164.4 ±  0.0 ms - Build f time
191.0 ±  3.4 ms - Apply f time
2490.6 ± 25.0 ms - Real f time 
1014.6 ± 56.7 ms - Add time
 17.0 ±  0.5 ms - Find child
 23.7 ±  0.5 ms - Add child
817.6 ±  3.1 ms - Hash
216.7 ± 44.7 ms - Map
345.8 ±  2.5 ms - getState
0.476945
0.531326
0.942126
5414.8 ±  0.0 ms - Total time
3641.3 ±  0.0 ms - Build f time
244.0 ±  3.6 ms - Apply f time
2881.8 ± 28.0 ms - Real f time 
1236.6 ± 56.8 ms - Add time
 23.3 ±  0.5 ms - Find child
 32.3 ±  0.6 ms - Add child
1018.8 ±  3.4 ms - Hash
259.2 ± 44.7 ms - Map
458.3 ±  2.8 ms - getState
0.50214
0.562272
1.04246
6457.3 ±  0.0 ms - Total time
4143.5 ±  0.0 ms - Build f time
304.4 ±  3.8 ms - Apply f time
3332.0 ± 30.9 ms - Real f time 
1565.4 ± 85.0 ms - Add time
 30.6 ±  0.6 ms - Find child
 42.5 ±  0.7 ms - Add child
1243.9 ±  3.7 ms - Hash
307.6 ± 44.7 ms - Map
594.3 ±  6.0 ms - getState
0.496229
0.549092
1.03794
7495.3 ±  0.0 ms - Total time
4639.7 ±  0.0 ms - Build f time
365.3 ±  4.1 ms - Apply f time
3745.3 ± 32.7 ms - Real f time 
1823.4 ± 85.0 ms - Add time
 36.9 ±  0.7 ms - Find child
 52.8 ±  0.8 ms - Add child
1474.0 ±  4.0 ms - Hash
360.6 ± 44.7 ms - Map
725.0 ±  6.2 ms - getState
Dag sizes: 237330 217689 204425 239665 241283 
brutePieces time: 4.94529
149.1 ±  0.0 ms - Piece loop time
 64.5 ± 17.8 ms - Set time
 94.3 ±  1.6 ms - Child looking time
Nodes:  1140392
Pieces: 202308
makePieces time: 0.150142
Memory: 67.8 + 36.2 + 36.5 + 39.2 + 9.9 MB
178.8 ± 62.0 ms - Greedy fill time
composePieces time: 8.41468
                                                                                