Running only task # 239
Using max depth 33
 |                                        | 0 / 416 (0.0%)Function count: 142
0.0240689
0.0255528
0.0340513
0.0360442
0.0361023
0.0377027
0.0260823
0.0276679
0.02475
0.0261959
0.0273808
0.0289867
0.0283514
0.0298687
0.0371898
0.0388563
0.0276883
0.0292972
 38.7 ±  0.0 ms - Piece loop time
 48.6 ± 44.9 ms - Set time
 33.8 ±  1.6 ms - Child looking time
0.042192
0.0443329
0.0573038
337.7 ±  0.0 ms - Total time
307.9 ±  0.0 ms - Build f time
  7.7 ±  0.3 ms - Apply f time
255.8 ±  3.5 ms - Real f time 
 49.2 ±  2.1 ms - Add time
  1.3 ±  0.1 ms - Find child
  1.8 ±  0.1 ms - Add child
 59.0 ±  0.9 ms - Hash
 61.5 ± 36.2 ms - Map
  8.9 ±  0.3 ms - getState
0.0595544
0.0629287
0.0841395
421.9 ±  0.0 ms - Total time
367.4 ±  0.0 ms - Build f time
 11.9 ±  0.4 ms - Apply f time
307.3 ±  4.2 ms - Real f time 
 70.7 ±  7.1 ms - Add time
  2.3 ±  0.2 ms - Find child
  3.3 ±  0.2 ms - Add child
 77.8 ±  1.0 ms - Hash
 67.5 ± 36.3 ms - Map
 14.9 ±  0.4 ms - getState
0.0437283
0.0463698
0.0568864
478.8 ±  0.0 ms - Total time
411.1 ±  0.0 ms - Build f time
 15.6 ±  0.4 ms - Apply f time
345.3 ±  4.3 ms - Real f time 
 79.9 ±  7.1 ms - Add time
  3.3 ±  0.2 ms - Find child
  4.6 ±  0.2 ms - Add child
 89.2 ±  1.1 ms - Hash
 72.5 ± 36.2 ms - Map
 18.4 ±  0.4 ms - getState
0.0700995
0.0734697
0.100179
579.0 ±  0.0 ms - Total time
481.2 ±  0.0 ms - Build f time
 20.0 ±  0.5 ms - Apply f time
406.7 ±  4.8 ms - Real f time 
 98.9 ±  7.2 ms - Add time
  4.1 ±  0.2 ms - Find child
  5.9 ±  0.3 ms - Add child
112.9 ±  1.2 ms - Hash
 78.9 ± 36.2 ms - Map
 25.3 ±  0.5 ms - getState
0.0427942
0.0449561
0.0587314
637.7 ±  0.0 ms - Total time
524.0 ±  0.0 ms - Build f time
 23.1 ±  0.5 ms - Apply f time
443.2 ±  5.0 ms - Real f time 
114.4 ±  9.5 ms - Add time
  4.8 ±  0.2 ms - Find child
  7.0 ±  0.3 ms - Add child
125.2 ±  1.2 ms - Hash
 84.1 ± 36.3 ms - Map
 28.9 ±  0.5 ms - getState
0.0611273
0.0644693
0.0852498
723.0 ±  0.0 ms - Total time
585.2 ±  0.0 ms - Build f time
 27.0 ±  0.6 ms - Apply f time
491.2 ±  5.3 ms - Real f time 
129.3 ±  9.5 ms - Add time
  5.7 ±  0.3 ms - Find child
  8.2 ±  0.3 ms - Add child
143.5 ±  1.4 ms - Hash
 90.8 ± 36.3 ms - Map
 34.6 ±  0.5 ms - getState
0.0442594
0.0468834
0.0578736
780.9 ±  0.0 ms - Total time
629.4 ±  0.0 ms - Build f time
 30.4 ±  0.6 ms - Apply f time
529.5 ±  5.4 ms - Real f time 
138.6 ±  9.5 ms - Add time
  6.7 ±  0.3 ms - Find child
  9.4 ±  0.4 ms - Add child
155.0 ±  1.4 ms - Hash
 98.8 ± 36.3 ms - Map
 38.0 ±  0.6 ms - getState
0.0719773
0.074964
0.103285
884.2 ±  0.0 ms - Total time
701.4 ±  0.0 ms - Build f time
 35.2 ±  0.7 ms - Apply f time
587.7 ±  5.8 ms - Real f time 
157.4 ±  9.5 ms - Add time
  7.7 ±  0.3 ms - Find child
 10.8 ±  0.4 ms - Add child
180.4 ±  2.1 ms - Hash
104.7 ± 36.3 ms - Map
 45.6 ±  0.6 ms - getState
0.0931776
0.0967569
0.138625
1022.9 ±  0.0 ms - Total time
794.6 ±  0.0 ms - Build f time
 41.4 ±  0.7 ms - Apply f time
658.9 ±  6.2 ms - Real f time 
184.5 ±  9.6 ms - Add time
  8.9 ±  0.3 ms - Find child
 12.0 ±  0.4 ms - Add child
221.7 ±  7.4 ms - Hash
112.7 ± 36.3 ms - Map
 56.0 ±  0.7 ms - getState
Dag sizes: 22183 28090 24792 26601 22023 27828 24832 28033 31330 
brutePieces time: 0.748615
 82.5 ±  0.0 ms - Piece loop time
 46.5 ± 37.5 ms - Set time
 68.3 ±  1.7 ms - Child looking time
Nodes:  235712
Pieces: 32598
makePieces time: 0.0835283
Memory: 5.2 + 15.0 + 7.5 + 41.5 + 3.1 MB
 34.2 ±  2.1 ms - Greedy fill time
composePieces time: 1.20012
                                                                                