Running only task # 395
Using max depth 4
 |                                        | 0 / 416 (0.0%)Function count: 142
0.0370667
0.0415288
0.0840249
0.0966241
0.0551935
0.061973
0.023053
0.0258404
 22.2 ±  0.0 ms - Piece loop time
 44.4 ± 39.4 ms - Set time
 17.3 ±  0.7 ms - Child looking time
0.879323
0.972725
1.3932
1619.3 ±  0.0 ms - Total time
1078.7 ±  0.0 ms - Build f time
138.6 ±  1.4 ms - Apply f time
1071.1 ±  9.4 ms - Real f time 
320.9 ± 16.4 ms - Add time
 42.4 ±  1.0 ms - Find child
 60.1 ±  1.3 ms - Add child
210.1 ±  5.2 ms - Hash
309.8 ± 40.3 ms - Map
118.9 ±  1.3 ms - getState
2.30399
2.59988
4.24434
5863.7 ±  0.0 ms - Total time
3382.6 ±  0.0 ms - Build f time
499.7 ±  2.8 ms - Apply f time
3440.4 ± 14.1 ms - Real f time 
1135.1 ± 21.5 ms - Add time
139.6 ±  1.5 ms - Find child
206.9 ±  2.4 ms - Add child
718.2 ±  5.8 ms - Hash
1016.3 ± 40.9 ms - Map
518.6 ±  3.6 ms - getState
1.3885
1.54808
2.43551
8299.2 ±  0.0 ms - Total time
4771.1 ±  0.0 ms - Build f time
711.4 ±  3.3 ms - Apply f time
4867.9 ± 15.6 ms - Real f time 
2012.6 ± 405.1 ms - Add time
203.3 ±  1.8 ms - Find child
299.0 ±  2.7 ms - Add child
1026.5 ±  6.2 ms - Hash
1448.5 ± 42.9 ms - Map
740.2 ±  4.2 ms - getState
0.483455
0.534886
0.706687
9006.0 ±  0.0 ms - Total time
5254.6 ±  0.0 ms - Build f time
776.4 ±  3.4 ms - Apply f time
5352.6 ± 15.9 ms - Real f time 
2174.1 ± 406.3 ms - Add time
224.7 ±  1.9 ms - Find child
327.8 ±  2.8 ms - Add child
1125.7 ±  6.3 ms - Hash
1547.0 ± 42.9 ms - Map
792.2 ±  4.3 ms - getState
Dag sizes: 889280 2805618 1718137 428900 
brutePieces time: 8.7815
3034.7 ±  0.0 ms - Piece loop time
920.7 ± 38.6 ms - Set time
2070.5 ±  7.4 ms - Child looking time
Nodes:  5841935
Pieces: 2016898
makePieces time: 3.04235
Memory: 48.9 + 269.7 + 186.9 + 156.4 + 103.3 MB
 23.5 ±  0.0 ms - Greedy fill time
composePieces time: 2.29307
                                                                                