Running only task # 85
Using max depth 3
 |                                        | 0 / 416 (0.0%)Function count: 142
0.156661
0.16925
0.152264
0.165671
0.197797
0.220774
0.220805
0.246802
0.228967
0.256402
 51.1 ±  0.0 ms - Piece loop time
 47.3 ± 37.6 ms - Set time
 39.0 ±  1.2 ms - Child looking time
0.135621
0.147364
0.267549
1326.7 ±  0.0 ms - Total time
1092.1 ±  0.0 ms - Build f time
 54.1 ±  1.1 ms - Apply f time
854.8 ±  8.4 ms - Real f time 
279.9 ± 15.9 ms - Add time
  7.0 ±  0.7 ms - Find child
  9.2 ±  0.4 ms - Add child
201.4 ±  1.5 ms - Hash
134.1 ± 39.5 ms - Map
 68.9 ±  1.0 ms - getState
0.149183
0.161999
0.309835
1636.5 ±  0.0 ms - Total time
1241.3 ±  0.0 ms - Build f time
 77.6 ±  1.2 ms - Apply f time
988.5 ±  8.9 ms - Real f time 
357.5 ± 16.0 ms - Add time
 12.4 ±  0.8 ms - Find child
 16.6 ±  0.5 ms - Add child
267.2 ±  2.0 ms - Hash
163.7 ± 39.5 ms - Map
108.4 ±  1.1 ms - getState
0.198252
0.219836
0.434649
2071.2 ±  0.0 ms - Total time
1439.5 ±  0.0 ms - Build f time
112.5 ±  1.4 ms - Apply f time
1165.6 ±  9.6 ms - Real f time 
467.5 ± 16.0 ms - Add time
 19.9 ±  0.8 ms - Find child
 26.7 ±  0.6 ms - Add child
353.0 ±  2.2 ms - Hash
199.6 ± 39.4 ms - Map
170.7 ±  1.4 ms - getState
0.225115
0.250864
0.512001
2583.3 ±  0.0 ms - Total time
1664.7 ±  0.0 ms - Build f time
150.9 ±  1.6 ms - Apply f time
1362.8 ± 10.1 ms - Real f time 
666.6 ± 54.0 ms - Add time
 27.4 ±  0.9 ms - Find child
 38.5 ±  0.7 ms - Add child
448.4 ±  2.4 ms - Hash
270.4 ± 46.2 ms - Map
249.3 ±  1.7 ms - getState
0.237443
0.26547
0.541777
3125.1 ±  0.0 ms - Total time
1902.1 ±  0.0 ms - Build f time
192.7 ±  2.0 ms - Apply f time
1573.0 ± 10.6 ms - Real f time 
900.6 ± 83.2 ms - Add time
 35.3 ±  0.9 ms - Find child
 50.4 ±  0.8 ms - Add child
543.6 ±  2.6 ms - Hash
320.6 ± 46.1 ms - Map
332.9 ±  2.0 ms - getState
Dag sizes: 154801 181722 253033 295028 303646 
brutePieces time: 2.06784
191.5 ±  0.0 ms - Piece loop time
 68.6 ± 16.0 ms - Set time
134.1 ±  2.4 ms - Child looking time
Nodes:  1188230
Pieces: 250386
makePieces time: 0.192947
Memory: 24.3 + 37.7 + 38.0 + 40.0 + 12.1 MB
 33.7 ±  4.7 ms - Greedy fill time
composePieces time: 4.4376
                                                                                