Running only task # 34
Using max depth 23
 |                                        | 0 / 416 (0.0%)Function count: 142
0.0391297
0.0413785
0.0170251
0.0183707
0.0233411
0.0250454
0.0380182
0.0402002
0.0179363
0.0193637
0.0233567
0.0252106
0.0316024
0.0336702
 13.3 ±  0.0 ms - Piece loop time
 37.1 ± 35.4 ms - Set time
 11.9 ±  0.8 ms - Child looking time
0.0408941
0.0430076
0.0778494
281.3 ±  0.0 ms - Total time
231.3 ±  0.0 ms - Build f time
  8.7 ±  0.3 ms - Apply f time
197.2 ±  3.8 ms - Real f time 
 51.1 ±  3.6 ms - Add time
  1.8 ±  0.1 ms - Find child
  2.2 ±  0.2 ms - Add child
 50.7 ±  0.8 ms - Hash
 53.7 ± 35.7 ms - Map
 14.7 ±  0.5 ms - getState
0.0266935
0.028855
0.0427136
324.0 ±  0.0 ms - Total time
258.0 ±  0.0 ms - Build f time
 12.7 ±  0.4 ms - Apply f time
220.7 ±  3.9 ms - Real f time 
 59.4 ±  3.6 ms - Add time
  2.9 ±  0.2 ms - Find child
  3.6 ±  0.2 ms - Add child
 57.3 ±  0.8 ms - Hash
 56.9 ± 35.6 ms - Map
 19.2 ±  0.5 ms - getState
0.0287471
0.0303716
0.0451122
369.1 ±  0.0 ms - Total time
286.7 ±  0.0 ms - Build f time
 16.0 ±  0.5 ms - Apply f time
248.1 ±  4.2 ms - Real f time 
 68.6 ±  3.7 ms - Add time
  4.0 ±  0.2 ms - Find child
  5.0 ±  0.2 ms - Add child
 66.1 ±  0.9 ms - Hash
 61.2 ± 35.6 ms - Map
 23.5 ±  0.6 ms - getState
0.0406189
0.0427654
0.0761704
445.3 ±  0.0 ms - Total time
327.4 ±  0.0 ms - Build f time
 21.6 ±  0.6 ms - Apply f time
285.3 ±  4.4 ms - Real f time 
 86.2 ±  3.9 ms - Add time
  5.0 ±  0.2 ms - Find child
  6.7 ±  0.3 ms - Add child
 83.4 ±  1.0 ms - Hash
 66.0 ± 35.6 ms - Map
 30.9 ±  0.6 ms - getState
0.0172948
0.0186576
0.0273723
472.7 ±  0.0 ms - Total time
344.7 ±  0.0 ms - Build f time
 24.0 ±  0.6 ms - Apply f time
300.9 ±  4.5 ms - Real f time 
 91.3 ±  3.9 ms - Add time
  5.9 ±  0.3 ms - Find child
  7.6 ±  0.3 ms - Add child
 88.6 ±  1.0 ms - Hash
 68.6 ± 35.5 ms - Map
 33.2 ±  0.6 ms - getState
0.0241982
0.0259337
0.0412381
514.0 ±  0.0 ms - Total time
368.9 ±  0.0 ms - Build f time
 27.6 ±  0.6 ms - Apply f time
323.7 ±  4.5 ms - Real f time 
100.1 ±  3.9 ms - Add time
  6.9 ±  0.3 ms - Find child
  9.0 ±  0.3 ms - Add child
 96.9 ±  1.0 ms - Hash
 73.1 ± 35.5 ms - Map
 37.4 ±  0.7 ms - getState
0.0329461
0.0350435
0.0610381
575.1 ±  0.0 ms - Total time
401.8 ±  0.0 ms - Build f time
 32.3 ±  0.7 ms - Apply f time
355.0 ±  4.7 ms - Real f time 
114.6 ±  4.0 ms - Add time
  8.1 ±  0.3 ms - Find child
 10.7 ±  0.4 ms - Add child
109.4 ±  1.1 ms - Hash
 79.3 ± 35.5 ms - Map
 43.7 ±  0.7 ms - getState
Dag sizes: 33100 15984 26679 33083 15962 26662 37797 
brutePieces time: 0.377412
 39.7 ±  0.0 ms - Piece loop time
 53.6 ± 45.1 ms - Set time
 32.0 ±  1.0 ms - Child looking time
Nodes:  189267
Pieces: 28548
makePieces time: 0.040799
Memory: 3.1 + 9.9 + 6.1 + 32.4 + 2.1 MB
 30.0 ±  3.1 ms - Greedy fill time
composePieces time: 0.623726
                                                                                