Running only task # 68
Using max depth 23
 |                                        | 0 / 416 (0.0%)Function count: 142
0.148442
0.161719
0.16811
0.183815
0.165659
0.18047
0.148437
0.161574
0.171866
0.187524
0.169589
0.184712
0.171569
0.188595
 54.5 ±  0.0 ms - Piece loop time
 59.4 ± 46.2 ms - Set time
 38.7 ±  1.4 ms - Child looking time
0.155576
0.168905
0.327367
1576.1 ±  0.0 ms - Total time
1299.2 ±  0.0 ms - Build f time
 57.9 ±  1.1 ms - Apply f time
1000.9 ±  8.0 ms - Real f time 
280.4 ±  7.8 ms - Add time
  7.7 ±  0.3 ms - Find child
 10.3 ±  0.4 ms - Add child
277.0 ±  3.1 ms - Hash
181.8 ± 52.0 ms - Map
 74.0 ±  1.2 ms - getState
0.175759
0.191399
0.37281
1948.9 ±  0.0 ms - Total time
1475.0 ±  0.0 ms - Build f time
 83.1 ±  1.3 ms - Apply f time
1146.4 ±  8.4 ms - Real f time 
368.8 ±  7.9 ms - Add time
 12.8 ±  0.4 ms - Find child
 17.8 ±  0.5 ms - Add child
357.1 ±  3.3 ms - Hash
220.4 ± 52.1 ms - Map
120.5 ±  1.3 ms - getState
0.173952
0.188896
0.368371
2317.3 ±  0.0 ms - Total time
1649.0 ±  0.0 ms - Build f time
108.2 ±  1.4 ms - Apply f time
1298.6 ±  8.8 ms - Real f time 
464.0 ± 10.4 ms - Add time
 18.3 ±  0.5 ms - Find child
 24.3 ±  0.6 ms - Add child
434.3 ±  3.4 ms - Hash
259.2 ± 52.1 ms - Map
165.0 ±  1.5 ms - getState
0.156718
0.170302
0.323662
2641.0 ±  0.0 ms - Total time
1805.7 ±  0.0 ms - Build f time
129.7 ±  1.6 ms - Apply f time
1432.6 ±  9.2 ms - Real f time 
540.2 ± 10.5 ms - Add time
 22.9 ±  0.5 ms - Find child
 30.6 ±  0.6 ms - Add child
503.4 ±  3.6 ms - Hash
293.4 ± 52.1 ms - Map
202.6 ±  1.5 ms - getState
0.174512
0.190458
0.375434
3016.5 ±  0.0 ms - Total time
1980.2 ±  0.0 ms - Build f time
155.6 ±  1.7 ms - Apply f time
1581.3 ±  9.5 ms - Real f time 
630.4 ± 10.6 ms - Add time
 27.6 ±  0.6 ms - Find child
 37.8 ±  0.7 ms - Add child
581.5 ±  3.7 ms - Hash
334.8 ± 52.4 ms - Map
247.6 ±  1.6 ms - getState
0.173694
0.188601
0.368803
3385.4 ±  0.0 ms - Total time
2153.9 ±  0.0 ms - Build f time
180.7 ±  1.8 ms - Apply f time
1725.6 ±  9.9 ms - Real f time 
718.6 ± 10.6 ms - Add time
 33.2 ±  0.8 ms - Find child
 45.1 ±  0.8 ms - Add child
660.3 ±  4.7 ms - Hash
371.5 ± 52.4 ms - Map
297.4 ±  6.8 ms - getState
0.177866
0.194896
0.39351
3778.9 ±  0.0 ms - Total time
2331.7 ±  0.0 ms - Build f time
208.8 ±  2.2 ms - Apply f time
1876.5 ± 10.3 ms - Real f time 
814.0 ± 10.8 ms - Add time
 38.6 ±  0.8 ms - Find child
 52.2 ±  0.8 ms - Add child
739.9 ±  4.7 ms - Hash
409.7 ± 52.4 ms - Map
348.0 ±  6.9 ms - getState
Dag sizes: 159512 186654 188288 159377 186387 188438 203826 
brutePieces time: 2.53418
187.9 ±  0.0 ms - Piece loop time
 71.2 ± 16.3 ms - Set time
127.6 ±  4.4 ms - Child looking time
Nodes:  1272482
Pieces: 197749
makePieces time: 0.189171
Memory: 29.6 + 42.0 + 40.7 + 49.7 + 13.1 MB
 80.5 ± 12.9 ms - Greedy fill time
composePieces time: 8.45633
                                                                                