Running only task # 5
Using max depth 4
 |                                        | 0 / 416 (0.0%)Function count: 142
0.052977
0.0562174
0.0518105
0.0546078
0.0591044
0.0627661
 11.2 ±  0.0 ms - Piece loop time
 40.4 ± 37.3 ms - Set time
  8.3 ±  0.6 ms - Child looking time
1.04487
1.10497
1.35574
1529.4 ±  0.0 ms - Total time
1208.8 ±  0.0 ms - Build f time
 71.0 ±  1.0 ms - Apply f time
1041.8 ±  5.3 ms - Real f time 
231.6 ± 11.5 ms - Add time
 18.0 ±  0.5 ms - Find child
 24.5 ±  0.6 ms - Add child
277.4 ±  2.1 ms - Hash
221.5 ± 40.8 ms - Map
 88.0 ±  7.7 ms - getState
0.952312
1.00827
1.22015
2749.6 ±  0.0 ms - Total time
2161.1 ±  0.0 ms - Build f time
128.9 ±  1.3 ms - Apply f time
1890.6 ±  7.4 ms - Real f time 
415.3 ± 20.0 ms - Add time
 33.4 ±  0.7 ms - Find child
 44.5 ±  0.8 ms - Add child
499.4 ±  2.7 ms - Hash
367.0 ± 40.8 ms - Map
151.2 ±  7.8 ms - getState
1.1922
1.26249
1.5696
4319.3 ±  0.0 ms - Total time
3353.3 ±  0.0 ms - Build f time
206.2 ±  1.6 ms - Apply f time
2951.4 ±  9.5 ms - Real f time 
639.4 ± 20.1 ms - Add time
 55.7 ±  0.8 ms - Find child
 72.3 ±  1.0 ms - Add child
789.0 ±  3.2 ms - Hash
605.6 ± 61.8 ms - Map
238.3 ±  7.8 ms - getState
Dag sizes: 534340 440125 647502 
brutePieces time: 4.14738
562.7 ±  0.0 ms - Piece loop time
200.6 ± 34.7 ms - Set time
362.5 ±  4.7 ms - Child looking time
Nodes:  1621967
Pieces: 511998
makePieces time: 0.564755
Memory: 18.3 + 109.4 + 51.9 + 38.5 + 19.5 MB
  3.1 ±  0.0 ms - Greedy fill time
composePieces time: 0.858022
                                                                                