Running only task # 37
Using max depth 33
 |                                        | 0 / 416 (0.0%)Function count: 142
0.0654141
0.0719349
0.0609658
0.0659967
0.068521
0.0741804
0.0716383
0.0768638
0.0608245
0.0684317
0.0721088
0.0774452
0.0980365
0.106627
 32.7 ±  0.0 ms - Piece loop time
 47.3 ± 42.3 ms - Set time
 27.7 ±  1.3 ms - Child looking time
0.0657201
0.0705616
0.112545
654.2 ±  0.0 ms - Total time
563.2 ±  0.0 ms - Build f time
 23.8 ±  0.5 ms - Apply f time
474.6 ±  5.3 ms - Real f time 
119.2 ±  5.4 ms - Add time
  3.5 ±  0.2 ms - Find child
  5.4 ±  0.3 ms - Add child
108.5 ±  1.2 ms - Hash
 92.2 ± 37.7 ms - Map
 27.1 ±  0.8 ms - getState
0.0632336
0.0678175
0.124836
779.1 ±  0.0 ms - Total time
626.5 ±  0.0 ms - Build f time
 36.4 ±  1.7 ms - Apply f time
536.0 ±  5.8 ms - Real f time 
145.8 ±  5.5 ms - Add time
  5.7 ±  0.3 ms - Find child
  9.5 ±  0.4 ms - Add child
131.4 ±  1.3 ms - Hash
104.7 ± 37.7 ms - Map
 43.7 ±  0.9 ms - getState
0.0801828
0.085388
0.132308
911.4 ±  0.0 ms - Total time
706.6 ±  0.0 ms - Build f time
 45.7 ±  1.7 ms - Apply f time
607.5 ±  6.0 ms - Real f time 
174.7 ±  5.7 ms - Add time
  8.3 ±  0.3 ms - Find child
 12.8 ±  0.4 ms - Add child
156.1 ±  1.4 ms - Hash
116.7 ± 37.7 ms - Map
 55.9 ±  0.9 ms - getState
0.0698473
0.0751335
0.120694
1032.2 ±  0.0 ms - Total time
776.5 ±  0.0 ms - Build f time
 54.6 ±  1.7 ms - Apply f time
671.4 ±  6.1 ms - Real f time 
200.2 ±  5.8 ms - Add time
 11.1 ±  0.4 ms - Find child
 16.2 ±  0.5 ms - Add child
181.4 ±  1.8 ms - Hash
129.9 ± 37.7 ms - Map
 69.7 ±  2.1 ms - getState
0.060795
0.0653808
0.110216
1142.4 ±  0.0 ms - Total time
837.3 ±  0.0 ms - Build f time
 63.4 ±  1.8 ms - Apply f time
726.6 ±  6.2 ms - Real f time 
226.6 ±  6.0 ms - Add time
 13.3 ±  0.4 ms - Find child
 19.3 ±  0.5 ms - Add child
203.7 ±  1.9 ms - Hash
141.7 ± 37.8 ms - Map
 81.2 ±  2.2 ms - getState
0.0775525
0.0836146
0.145542
1288.0 ±  0.0 ms - Total time
914.8 ±  0.0 ms - Build f time
 75.2 ±  1.8 ms - Apply f time
796.3 ±  6.4 ms - Real f time 
258.7 ±  6.0 ms - Add time
 16.2 ±  0.5 ms - Find child
 23.5 ±  0.6 ms - Add child
228.7 ±  2.0 ms - Hash
157.4 ± 37.7 ms - Map
 98.1 ±  2.2 ms - getState
0.101489
0.110296
0.208256
1496.3 ±  0.0 ms - Total time
1016.3 ±  0.0 ms - Build f time
 94.8 ±  3.6 ms - Apply f time
887.0 ±  6.6 ms - Real f time 
307.9 ±  6.1 ms - Add time
 20.3 ±  0.5 ms - Find child
 28.5 ±  0.6 ms - Add child
270.9 ±  3.0 ms - Hash
179.1 ± 37.7 ms - Map
123.8 ±  2.2 ms - getState
Dag sizes: 74949 75815 81719 76752 75808 82215 131447 
brutePieces time: 0.960269
 97.1 ±  0.0 ms - Piece loop time
 56.3 ± 37.4 ms - Set time
 72.3 ±  1.8 ms - Child looking time
Nodes:  598705
Pieces: 91421
makePieces time: 0.0985835
Memory: 7.9 + 23.8 + 19.2 + 38.9 + 6.2 MB
 27.9 ±  1.7 ms - Greedy fill time
composePieces time: 1.70462
                                                                                