Running only task # 280
Using max depth 4
 |                                        | 0 / 416 (0.0%)Function count: 142
0.0923677
0.100381
0.0479045
0.0520205
0.0519064
0.05645
0.0506005
0.0549731
0.0554116
0.0608568
 28.7 ±  0.0 ms - Piece loop time
 44.6 ± 38.8 ms - Set time
 22.2 ±  1.0 ms - Child looking time
2.12004
2.31682
3.63534
3960.2 ±  0.0 ms - Total time
2418.2 ±  0.0 ms - Build f time
233.3 ±  2.1 ms - Apply f time
2050.9 ± 12.0 ms - Real f time 
781.8 ± 60.6 ms - Add time
 46.9 ±  0.8 ms - Find child
 65.9 ±  1.0 ms - Add child
771.4 ±  5.9 ms - Hash
517.0 ± 38.6 ms - Map
347.6 ±  4.6 ms - getState
1.05227
1.14522
1.70802
5668.3 ±  0.0 ms - Total time
3470.5 ±  0.0 ms - Build f time
355.9 ±  2.4 ms - Apply f time
3004.5 ± 13.0 ms - Real f time 
1077.6 ± 60.7 ms - Add time
 80.3 ±  1.2 ms - Find child
107.4 ±  1.2 ms - Add child
1059.0 ±  6.4 ms - Hash
813.1 ± 38.8 ms - Map
489.1 ±  4.8 ms - getState
1.16886
1.27914
1.908
7576.3 ±  0.0 ms - Total time
4639.4 ±  0.0 ms - Build f time
494.5 ±  2.8 ms - Apply f time
4062.6 ± 14.0 ms - Real f time 
1404.2 ± 60.7 ms - Add time
116.6 ±  1.4 ms - Find child
156.8 ±  1.5 ms - Add child
1366.0 ±  6.6 ms - Hash
1166.1 ± 42.0 ms - Map
644.4 ±  5.0 ms - getState
1.11389
1.22183
1.76093
9337.3 ±  0.0 ms - Total time
5753.2 ±  0.0 ms - Build f time
631.5 ±  3.6 ms - Apply f time
5088.4 ± 14.9 ms - Real f time 
1706.4 ± 60.7 ms - Add time
152.2 ±  1.5 ms - Find child
203.7 ±  1.7 ms - Add child
1658.5 ±  6.9 ms - Hash
1461.0 ± 42.1 ms - Map
791.0 ±  5.2 ms - getState
1.20025
1.30561
1.94388
11281.2 ±  0.0 ms - Total time
6953.5 ±  0.0 ms - Build f time
770.9 ±  3.8 ms - Apply f time
6159.6 ± 15.7 ms - Real f time 
2089.8 ± 72.1 ms - Add time
189.1 ±  1.7 ms - Find child
253.3 ±  1.9 ms - Add child
1994.3 ±  7.7 ms - Hash
1759.6 ± 42.9 ms - Map
957.5 ±  6.3 ms - getState
Dag sizes: 1453060 967884 1091274 1047436 1077009 
brutePieces time: 10.9586
2363.0 ±  0.0 ms - Piece loop time
1304.5 ± 658.1 ms - Set time
1548.9 ±  7.6 ms - Child looking time
Nodes:  5636663
Pieces: 1594358
makePieces time: 2.36869
Memory: 72.2 + 266.9 + 180.4 + 140.5 + 89.1 MB
 19.8 ±  0.0 ms - Greedy fill time
composePieces time: 9.00183
                                                                                