Running only task # 208
Using max depth 33
 |                                        | 0 / 416 (0.0%)Function count: 142
0.162512
0.186152
0.139758
0.158906
0.13033
0.154415
0.160094
0.18292
0.134137
0.153623
0.133727
0.151149
0.202238
0.230809
 33.1 ±  0.0 ms - Piece loop time
 40.7 ± 35.3 ms - Set time
 25.5 ±  1.2 ms - Child looking time
0.16103
0.183995
0.358492
1576.7 ±  0.0 ms - Total time
1223.8 ±  0.0 ms - Build f time
 80.1 ±  1.5 ms - Apply f time
987.4 ± 23.7 ms - Real f time 
331.2 ± 21.5 ms - Add time
  7.5 ±  0.3 ms - Find child
 10.9 ±  0.4 ms - Add child
265.6 ±  4.8 ms - Hash
119.8 ± 41.1 ms - Map
 96.9 ±  1.2 ms - getState
0.133265
0.152205
0.298278
1875.0 ±  0.0 ms - Total time
1357.1 ±  0.0 ms - Build f time
104.5 ±  1.6 ms - Apply f time
1111.9 ± 23.8 ms - Real f time 
406.8 ± 21.6 ms - Add time
 13.3 ±  0.9 ms - Find child
 18.3 ±  0.5 ms - Add child
328.0 ±  4.8 ms - Hash
142.8 ± 41.1 ms - Map
137.8 ±  1.4 ms - getState
0.137109
0.154581
0.30272
2177.8 ±  0.0 ms - Total time
1494.2 ±  0.0 ms - Build f time
128.5 ±  1.8 ms - Apply f time
1236.5 ± 24.0 ms - Real f time 
482.2 ± 21.9 ms - Add time
 18.1 ±  1.0 ms - Find child
 25.6 ±  0.6 ms - Add child
393.1 ±  4.9 ms - Hash
162.6 ± 41.2 ms - Map
175.8 ±  1.6 ms - getState
0.161901
0.184646
0.369934
2547.8 ±  0.0 ms - Total time
1656.1 ±  0.0 ms - Build f time
157.9 ±  1.9 ms - Apply f time
1381.0 ± 24.3 ms - Real f time 
576.5 ± 21.9 ms - Add time
 23.4 ±  1.0 ms - Find child
 33.7 ±  0.7 ms - Add child
471.9 ±  4.9 ms - Hash
186.1 ± 41.2 ms - Map
224.6 ±  1.7 ms - getState
0.134904
0.154353
0.305859
2853.7 ±  0.0 ms - Total time
1791.0 ±  0.0 ms - Build f time
183.6 ±  2.0 ms - Apply f time
1504.5 ± 24.4 ms - Real f time 
655.8 ± 22.0 ms - Add time
 28.2 ±  1.0 ms - Find child
 41.2 ±  0.8 ms - Add child
533.7 ±  5.0 ms - Hash
207.5 ± 41.1 ms - Map
267.8 ±  2.0 ms - getState
0.133747
0.150746
0.304755
3158.5 ±  0.0 ms - Total time
1924.7 ±  0.0 ms - Build f time
209.4 ±  2.4 ms - Apply f time
1621.7 ± 24.6 ms - Real f time 
733.9 ± 22.1 ms - Add time
 32.4 ±  1.1 ms - Find child
 48.2 ±  1.0 ms - Add child
599.0 ±  5.0 ms - Hash
229.6 ± 41.1 ms - Map
305.7 ±  2.1 ms - getState
0.204112
0.232908
0.473143
3631.6 ±  0.0 ms - Total time
2128.9 ±  0.0 ms - Build f time
244.3 ±  2.5 ms - Apply f time
1798.8 ± 25.0 ms - Real f time 
858.1 ± 22.2 ms - Add time
 38.0 ±  1.1 ms - Find child
 55.8 ±  1.0 ms - Add child
708.0 ±  5.7 ms - Hash
257.7 ± 41.1 ms - Map
370.8 ±  2.3 ms - getState
Dag sizes: 155270 154300 130533 157366 156128 132451 168986 
brutePieces time: 2.41791
146.7 ±  0.0 ms - Piece loop time
 49.2 ± 15.7 ms - Set time
108.2 ±  1.9 ms - Child looking time
Nodes:  1055034
Pieces: 157175
makePieces time: 0.147697
Memory: 32.0 + 36.8 + 33.8 + 46.2 + 10.6 MB
186.7 ± 22.4 ms - Greedy fill time
composePieces time: 7.47699
                                                                                