Running only task # 24
Using max depth 23
 |                                        | 0 / 416 (0.0%)Function count: 142
0.127237
0.141059
0.129639
0.144749
0.126224
0.139681
0.129848
0.145343
0.134745
0.15021
 39.7 ±  0.0 ms - Piece loop time
 58.7 ± 48.8 ms - Set time
 28.6 ±  1.1 ms - Child looking time
0.13027
0.143816
0.270363
991.6 ±  0.0 ms - Total time
778.0 ±  0.0 ms - Build f time
 43.1 ±  0.7 ms - Apply f time
620.6 ±  6.5 ms - Real f time 
194.3 ±  7.5 ms - Add time
  6.4 ±  0.3 ms - Find child
  8.5 ±  0.3 ms - Add child
165.2 ±  1.3 ms - Hash
120.9 ± 40.2 ms - Map
 55.3 ±  0.7 ms - getState
0.132671
0.147763
0.281126
1272.8 ±  0.0 ms - Total time
910.6 ±  0.0 ms - Build f time
 71.3 ±  4.8 ms - Apply f time
738.3 ±  6.9 ms - Real f time 
262.3 ±  7.6 ms - Add time
 11.4 ±  0.4 ms - Find child
 14.8 ±  0.4 ms - Add child
220.0 ±  1.4 ms - Hash
151.7 ± 40.2 ms - Map
 91.0 ±  0.9 ms - getState
0.15132
0.164745
0.293023
1565.9 ±  0.0 ms - Total time
1062.0 ±  0.0 ms - Build f time
 90.7 ±  4.8 ms - Apply f time
861.4 ±  7.1 ms - Real f time 
329.9 ±  7.7 ms - Add time
 16.3 ±  0.5 ms - Find child
 21.4 ±  0.5 ms - Add child
274.7 ±  1.6 ms - Hash
223.7 ± 57.8 ms - Map
124.6 ±  1.0 ms - getState
0.138616
0.153538
0.283099
1849.0 ±  0.0 ms - Total time
1200.6 ±  0.0 ms - Build f time
112.6 ±  4.8 ms - Apply f time
985.3 ±  8.5 ms - Real f time 
398.9 ±  7.8 ms - Add time
 21.5 ±  0.5 ms - Find child
 27.8 ±  0.6 ms - Add child
329.4 ±  1.7 ms - Hash
253.0 ± 58.0 ms - Map
160.5 ±  1.1 ms - getState
0.14578
0.1608
0.298204
2147.2 ±  0.0 ms - Total time
1346.3 ±  0.0 ms - Build f time
133.8 ±  4.8 ms - Apply f time
1114.9 ±  9.1 ms - Real f time 
470.6 ±  7.8 ms - Add time
 26.3 ±  0.6 ms - Find child
 34.6 ±  0.7 ms - Add child
386.7 ±  1.8 ms - Hash
288.1 ± 58.3 ms - Map
197.8 ±  1.2 ms - getState
Dag sizes: 156570 166049 156894 167249 170206 
brutePieces time: 1.43013
122.2 ±  0.0 ms - Piece loop time
 57.4 ± 26.0 ms - Set time
 87.0 ±  1.4 ms - Child looking time
Nodes:  816968
Pieces: 169238
makePieces time: 0.123485
Memory: 15.7 + 27.0 + 26.1 + 34.0 + 8.5 MB
 54.2 ±  4.9 ms - Greedy fill time
composePieces time: 2.23942
                                                                                