Running only task # 391
Using max depth 33
 |                                        | 0 / 416 (0.0%)Function count: 142
0.0569328
0.0680461
0.0614461
0.0693166
0.101233
0.115961
0.0543101
0.0617146
0.0566247
0.0642079
0.0915939
0.109676
0.127561
0.145464
 40.6 ±  0.0 ms - Piece loop time
 48.5 ± 39.7 ms - Set time
 30.8 ±  1.2 ms - Child looking time
0.0544989
0.0616875
0.103331
738.1 ±  0.0 ms - Total time
604.2 ±  0.0 ms - Build f time
 43.6 ±  1.2 ms - Apply f time
544.1 ±  4.5 ms - Real f time 
189.5 ± 24.6 ms - Add time
  6.7 ±  0.4 ms - Find child
  9.1 ±  0.3 ms - Add child
 70.8 ±  0.9 ms - Hash
103.3 ± 39.2 ms - Map
 41.5 ±  0.8 ms - getState
0.0619628
0.0734648
0.117352
855.4 ±  0.0 ms - Total time
666.2 ±  0.0 ms - Build f time
 58.7 ±  1.3 ms - Apply f time
608.9 ±  4.7 ms - Real f time 
220.2 ± 24.7 ms - Add time
 11.1 ±  0.5 ms - Find child
 15.6 ±  0.5 ms - Add child
 87.8 ±  1.0 ms - Hash
119.1 ± 39.2 ms - Map
 54.9 ±  0.9 ms - getState
0.101141
0.115438
0.201603
1057.1 ±  0.0 ms - Total time
767.3 ±  0.0 ms - Build f time
 80.4 ±  1.4 ms - Apply f time
710.0 ±  4.9 ms - Real f time 
269.1 ± 24.7 ms - Add time
 17.3 ±  0.6 ms - Find child
 24.0 ±  0.6 ms - Add child
116.0 ±  1.1 ms - Hash
144.7 ± 39.2 ms - Map
 77.1 ±  1.0 ms - getState
0.056278
0.0664599
0.111324
1168.5 ±  0.0 ms - Total time
823.6 ±  0.0 ms - Build f time
 94.7 ±  1.5 ms - Apply f time
771.5 ±  5.3 ms - Real f time 
297.4 ± 24.7 ms - Add time
 21.5 ±  0.6 ms - Find child
 29.8 ±  0.6 ms - Add child
131.8 ±  1.2 ms - Hash
160.0 ± 39.2 ms - Map
 90.0 ±  1.2 ms - getState
0.0583644
0.0657403
0.109306
1277.8 ±  0.0 ms - Total time
881.9 ±  0.0 ms - Build f time
107.9 ±  1.5 ms - Apply f time
830.1 ±  5.4 ms - Real f time 
325.1 ± 24.7 ms - Add time
 26.0 ±  0.6 ms - Find child
 35.9 ±  0.7 ms - Add child
147.5 ±  1.3 ms - Hash
175.1 ± 39.2 ms - Map
101.7 ±  1.3 ms - getState
0.0910081
0.104222
0.186019
1463.8 ±  0.0 ms - Total time
972.9 ±  0.0 ms - Build f time
128.8 ±  1.6 ms - Apply f time
921.0 ±  5.7 ms - Real f time 
374.2 ± 24.8 ms - Add time
 31.9 ±  0.7 ms - Find child
 44.2 ±  0.8 ms - Add child
174.4 ±  1.4 ms - Hash
199.1 ± 39.2 ms - Map
124.7 ±  1.4 ms - getState
0.116508
0.133337
0.228329
1692.2 ±  0.0 ms - Total time
1089.5 ±  0.0 ms - Build f time
153.2 ±  1.7 ms - Apply f time
1040.4 ±  6.0 ms - Real f time 
427.3 ± 24.7 ms - Add time
 38.7 ±  0.8 ms - Find child
 54.0 ±  0.8 ms - Add child
204.1 ±  1.5 ms - Hash
227.2 ± 39.2 ms - Map
150.5 ±  1.5 ms - getState
Dag sizes: 105171 107030 172062 104066 107397 164204 187722 
brutePieces time: 1.06237
174.6 ±  0.0 ms - Piece loop time
 73.3 ± 37.0 ms - Set time
134.3 ±  3.2 ms - Child looking time
Nodes:  947652
Pieces: 172199
makePieces time: 0.176489
Memory: 8.0 + 36.7 + 30.3 + 44.5 + 11.1 MB
 32.9 ±  0.0 ms - Greedy fill time
composePieces time: 1.27384
                                                                                