Running only task # 334
Using max depth 33
 |                                        | 0 / 416 (0.0%)Function count: 142
0.169887
0.195476
0.127263
0.142804
0.166157
0.191653
0.12706
0.141819
0.148864
0.167886
 68.9 ±  0.0 ms - Piece loop time
 59.6 ± 47.3 ms - Set time
 53.9 ±  1.4 ms - Child looking time
0.192939
0.218789
0.318261
1158.1 ±  0.0 ms - Total time
932.2 ±  0.0 ms - Build f time
 61.0 ±  1.0 ms - Apply f time
774.5 ±  7.2 ms - Real f time 
256.9 ± 15.8 ms - Add time
 16.4 ±  7.0 ms - Find child
 13.1 ±  0.4 ms - Add child
149.2 ±  3.1 ms - Hash
143.8 ± 37.3 ms - Map
 68.3 ±  0.9 ms - getState
0.132364
0.146924
0.224482
1382.7 ±  0.0 ms - Total time
1064.5 ±  0.0 ms - Build f time
 81.4 ±  1.2 ms - Apply f time
892.1 ±  7.4 ms - Real f time 
306.3 ± 16.3 ms - Add time
 22.6 ±  7.0 ms - Find child
 20.7 ±  0.5 ms - Add child
184.8 ±  3.1 ms - Hash
177.8 ± 37.3 ms - Map
 91.9 ±  1.0 ms - getState
0.173511
0.199563
0.29383
1676.5 ±  0.0 ms - Total time
1238.0 ±  0.0 ms - Build f time
110.7 ±  4.6 ms - Apply f time
1059.7 ± 17.7 ms - Real f time 
372.7 ± 16.4 ms - Add time
 28.9 ±  7.0 ms - Find child
 30.0 ±  0.6 ms - Add child
227.4 ±  3.2 ms - Hash
218.1 ± 37.3 ms - Map
126.3 ±  1.4 ms - getState
0.132841
0.148059
0.229386
1905.9 ±  0.0 ms - Total time
1370.9 ±  0.0 ms - Build f time
132.5 ±  4.7 ms - Apply f time
1183.2 ± 17.8 ms - Real f time 
420.0 ± 16.4 ms - Add time
 34.6 ±  7.0 ms - Find child
 38.2 ±  0.7 ms - Add child
261.8 ±  3.3 ms - Hash
251.5 ± 37.3 ms - Map
151.3 ±  1.6 ms - getState
0.154871
0.174108
0.271997
2178.0 ±  0.0 ms - Total time
1525.8 ±  0.0 ms - Build f time
156.9 ±  4.8 ms - Apply f time
1321.0 ± 17.9 ms - Real f time 
504.2 ± 24.5 ms - Add time
 42.2 ±  7.0 ms - Find child
 47.4 ±  0.8 ms - Add child
303.1 ±  3.3 ms - Hash
294.7 ± 37.4 ms - Map
182.0 ±  1.7 ms - getState
Dag sizes: 172073 148249 171137 151325 177264 
brutePieces time: 1.341
196.3 ±  0.0 ms - Piece loop time
102.2 ± 45.3 ms - Set time
131.2 ±  1.8 ms - Child looking time
Nodes:  820048
Pieces: 28375
makePieces time: 0.197562
Memory: 10.4 + 39.4 + 26.2 + 34.1 + 8.3 MB
  0.3 ±  0.0 ms - Greedy fill time
composePieces time: 0.0808668
                                                                                