Running only task # 360
Using max depth 4
 |                                        | 0 / 416 (0.0%)Function count: 142
0.0284578
0.0315003
0.0225915
0.0250504
0.0171753
0.0186951
0.0451577
0.0497395
 19.3 ±  0.0 ms - Piece loop time
 49.2 ± 46.2 ms - Set time
 18.6 ±  2.4 ms - Child looking time
0.646686
0.706533
0.975431
1100.5 ±  0.0 ms - Total time
760.1 ±  0.0 ms - Build f time
 87.1 ±  1.3 ms - Apply f time
744.6 ±  6.0 ms - Real f time 
234.5 ± 44.7 ms - Add time
 28.5 ±  0.6 ms - Find child
 38.5 ±  0.9 ms - Add child
154.2 ±  1.5 ms - Hash
228.7 ± 38.5 ms - Map
 74.7 ±  0.8 ms - getState
0.471936
0.517658
0.670109
1770.7 ±  0.0 ms - Total time
1232.0 ±  0.0 ms - Build f time
145.0 ±  1.7 ms - Apply f time
1210.5 ±  6.7 ms - Real f time 
357.6 ± 44.9 ms - Add time
 48.6 ±  0.8 ms - Find child
 66.5 ±  1.4 ms - Add child
260.0 ±  2.9 ms - Hash
333.0 ± 38.5 ms - Map
123.1 ±  1.2 ms - getState
0.299666
0.3234
0.389723
2160.4 ±  0.0 ms - Total time
1531.7 ±  0.0 ms - Build f time
173.6 ±  1.8 ms - Apply f time
1506.8 ±  7.0 ms - Real f time 
421.9 ± 45.0 ms - Add time
 58.5 ±  0.9 ms - Find child
 80.1 ±  1.5 ms - Add child
319.6 ±  3.1 ms - Hash
391.5 ± 38.5 ms - Map
145.7 ±  1.2 ms - getState
1.02325
1.11645
1.39314
3553.6 ±  0.0 ms - Total time
2554.9 ±  0.0 ms - Build f time
280.9 ±  2.1 ms - Apply f time
2537.0 ±  9.4 ms - Real f time 
648.4 ± 45.1 ms - Add time
 93.8 ±  1.3 ms - Find child
127.1 ±  2.1 ms - Add child
497.8 ±  3.4 ms - Hash
589.4 ± 38.6 ms - Map
237.8 ±  1.7 ms - getState
Dag sizes: 582964 404286 197530 689940 
brutePieces time: 3.4315
1613.6 ±  0.0 ms - Piece loop time
409.2 ± 40.8 ms - Set time
1189.2 ± 17.5 ms - Child looking time
Nodes:  1874720
Pieces: 225084
makePieces time: 1.6166
Memory: 11.8 + 138.0 + 60.0 + 46.8 + 41.5 MB
  0.4 ±  0.0 ms - Greedy fill time
composePieces time: 0.214495
                                                                                