Running only task # 100
Using max depth 23
 |                                        | 0 / 416 (0.0%)Function count: 142
0.0734363
0.0801144
0.0699689
0.0758598
0.0736904
0.0809451
0.0724438
0.0788086
0.0723635
0.0787005
0.0665993
0.0722653
0.0715539
0.0782275
0.0713556
0.0774183
0.074139
0.0810033
 39.3 ±  0.0 ms - Piece loop time
 44.6 ± 37.6 ms - Set time
 30.7 ±  1.5 ms - Child looking time
0.0741602
0.08052
0.111624
815.2 ±  0.0 ms - Total time
719.7 ±  0.0 ms - Build f time
 26.7 ±  0.5 ms - Apply f time
588.0 ±  4.4 ms - Real f time 
124.0 ±  1.9 ms - Add time
  3.3 ±  0.2 ms - Find child
  4.9 ±  0.3 ms - Add child
136.2 ±  1.3 ms - Hash
100.0 ± 37.2 ms - Map
 40.4 ± 10.3 ms - getState
0.0686086
0.074113
0.100927
916.1 ±  0.0 ms - Total time
788.3 ±  0.0 ms - Build f time
 33.7 ±  0.9 ms - Apply f time
649.0 ±  5.1 ms - Real f time 
141.4 ±  2.0 ms - Add time
  5.1 ±  0.3 ms - Find child
  6.7 ±  0.3 ms - Add child
155.3 ±  1.3 ms - Hash
109.9 ± 37.2 ms - Map
 49.0 ± 10.4 ms - getState
0.0746351
0.0811429
0.114101
1030.3 ±  0.0 ms - Total time
862.9 ±  0.0 ms - Build f time
 41.3 ±  0.9 ms - Apply f time
714.7 ±  5.3 ms - Real f time 
162.5 ±  2.1 ms - Add time
  7.0 ±  0.3 ms - Find child
  9.0 ±  0.4 ms - Add child
176.7 ±  1.4 ms - Hash
122.0 ± 37.2 ms - Map
 59.3 ± 10.4 ms - getState
0.0788146
0.0848918
0.113965
1144.3 ±  0.0 ms - Total time
941.8 ±  0.0 ms - Build f time
 48.0 ±  1.0 ms - Apply f time
779.8 ±  5.4 ms - Real f time 
183.8 ±  2.2 ms - Add time
  8.6 ±  0.3 ms - Find child
 11.3 ±  0.4 ms - Add child
198.2 ±  1.5 ms - Hash
131.5 ± 37.2 ms - Map
 68.6 ± 10.4 ms - getState
0.0739067
0.0803511
0.111183
1255.5 ±  0.0 ms - Total time
1015.7 ±  0.0 ms - Build f time
 55.2 ±  1.0 ms - Apply f time
844.7 ±  5.6 ms - Real f time 
208.9 ±  3.2 ms - Add time
 10.0 ±  0.4 ms - Find child
 13.6 ±  0.4 ms - Add child
220.5 ±  1.6 ms - Hash
141.1 ± 37.2 ms - Map
 78.8 ± 10.4 ms - getState
0.0682877
0.0738352
0.10594
1361.5 ±  0.0 ms - Total time
1084.0 ±  0.0 ms - Build f time
 62.0 ±  1.0 ms - Apply f time
904.3 ±  5.8 ms - Real f time 
227.4 ±  3.2 ms - Add time
 11.7 ±  0.4 ms - Find child
 15.5 ±  0.5 ms - Add child
238.8 ±  1.6 ms - Hash
150.5 ± 37.2 ms - Map
 89.7 ± 10.4 ms - getState
0.0729995
0.0795728
0.109904
1471.4 ±  0.0 ms - Total time
1157.0 ±  0.0 ms - Build f time
 68.7 ±  1.1 ms - Apply f time
970.1 ±  6.0 ms - Real f time 
247.4 ±  3.3 ms - Add time
 13.4 ±  0.4 ms - Find child
 17.6 ±  0.5 ms - Add child
260.3 ±  1.7 ms - Hash
160.4 ± 37.2 ms - Map
 98.9 ± 10.4 ms - getState
0.0726278
0.0785633
0.107186
1578.6 ±  0.0 ms - Total time
1229.6 ±  0.0 ms - Build f time
 75.3 ±  1.1 ms - Apply f time
1033.4 ±  6.2 ms - Real f time 
266.9 ±  3.3 ms - Add time
 15.1 ±  0.4 ms - Find child
 19.8 ±  0.5 ms - Add child
280.1 ±  1.8 ms - Hash
169.7 ± 37.2 ms - Map
108.0 ± 10.4 ms - getState
0.0787513
0.0857008
0.117041
1695.7 ±  0.0 ms - Total time
1308.3 ±  0.0 ms - Build f time
 82.0 ±  1.1 ms - Apply f time
1101.8 ±  6.4 ms - Real f time 
289.3 ±  3.5 ms - Add time
 16.8 ±  0.5 ms - Find child
 22.1 ±  0.5 ms - Add child
302.4 ±  1.9 ms - Hash
181.5 ± 37.2 ms - Map
117.8 ± 10.4 ms - getState
Dag sizes: 58868 50890 57292 54041 58201 49902 56489 52800 58348 
brutePieces time: 0.998065
 81.2 ±  0.0 ms - Piece loop time
 55.9 ± 41.4 ms - Set time
 60.1 ±  1.8 ms - Child looking time
Nodes:  496831
Pieces: 56312
makePieces time: 0.0824249
Memory: 7.0 + 24.8 + 15.9 + 45.7 + 5.0 MB
 33.2 ±  0.6 ms - Greedy fill time
composePieces time: 1.76637
                                                                                