Running only task # 371
Using max depth 3
 |                                        | 0 / 416 (0.0%)Function count: 142
0.0390665
0.042219
0.0808607
0.0877962
0.0287464
0.0303164
0.0998714
0.108056
 32.7 ±  0.0 ms - Piece loop time
 54.3 ± 48.7 ms - Set time
 26.6 ±  1.5 ms - Child looking time
0.0395288
0.0425413
0.0639649
332.5 ±  0.0 ms - Total time
288.1 ±  0.0 ms - Build f time
 13.2 ±  0.4 ms - Apply f time
236.6 ±  2.2 ms - Real f time 
 60.3 ±  1.2 ms - Add time
  2.8 ±  0.2 ms - Find child
  4.0 ±  0.2 ms - Add child
 49.6 ±  1.5 ms - Hash
 82.1 ± 40.9 ms - Map
 13.1 ±  0.4 ms - getState
0.0868155
0.0937257
0.171089
503.6 ±  0.0 ms - Total time
374.9 ±  0.0 ms - Build f time
 28.0 ±  0.6 ms - Apply f time
315.3 ±  2.6 ms - Real f time 
104.1 ±  4.2 ms - Add time
  7.1 ±  0.3 ms - Find child
 10.3 ±  0.4 ms - Add child
 77.9 ±  1.7 ms - Hash
109.8 ± 40.8 ms - Map
 33.5 ±  0.6 ms - getState
0.0238509
0.0254432
0.0372054
540.8 ±  0.0 ms - Total time
398.7 ±  0.0 ms - Build f time
 31.4 ±  0.6 ms - Apply f time
337.8 ±  2.7 ms - Real f time 
111.4 ±  4.2 ms - Add time
  8.2 ±  0.3 ms - Find child
 11.9 ±  0.4 ms - Add child
 84.7 ±  1.7 ms - Hash
116.2 ± 40.9 ms - Map
 36.6 ±  0.6 ms - getState
0.100002
0.107766
0.191417
732.3 ±  0.0 ms - Total time
498.7 ±  0.0 ms - Build f time
 46.9 ±  0.8 ms - Apply f time
428.5 ±  3.2 ms - Real f time 
158.4 ±  4.3 ms - Add time
 12.8 ±  0.4 ms - Find child
 17.6 ±  0.5 ms - Add child
119.1 ±  1.8 ms - Hash
136.2 ± 40.9 ms - Map
 61.2 ±  0.8 ms - getState
Dag sizes: 57979 136834 30740 138600 
brutePieces time: 0.466648
 97.2 ±  0.0 ms - Piece loop time
 55.2 ± 37.1 ms - Set time
 75.1 ±  1.0 ms - Child looking time
Nodes:  364153
Pieces: 108784
makePieces time: 0.0983184
Memory: 3.5 + 14.8 + 11.7 + 22.6 + 4.6 MB
  0.9 ±  0.0 ms - Greedy fill time
composePieces time: 0.211486
                                                                                