Running only task # 138
Using max depth 3
 |                                        | 0 / 416 (0.0%)Function count: 142
0.0965736
0.10786
0.0766234
0.0835624
0.0708133
0.0768997
0.0561022
0.0607156
 22.1 ±  0.0 ms - Piece loop time
 49.1 ± 44.6 ms - Set time
 16.5 ±  0.8 ms - Child looking time
0.0821801
0.0888338
0.11214
441.3 ±  0.0 ms - Total time
382.3 ±  0.0 ms - Build f time
 16.8 ±  0.5 ms - Apply f time
319.9 ±  3.2 ms - Real f time 
 70.9 ±  2.0 ms - Add time
  3.1 ±  0.6 ms - Find child
  4.5 ±  0.3 ms - Add child
 71.1 ±  0.8 ms - Hash
 73.2 ± 36.4 ms - Map
 18.3 ±  0.4 ms - getState
0.077108
0.0845131
0.107396
548.8 ±  0.0 ms - Total time
459.4 ±  0.0 ms - Build f time
 23.9 ±  0.6 ms - Apply f time
384.1 ±  3.4 ms - Real f time 
 88.3 ±  2.1 ms - Add time
  5.6 ±  0.8 ms - Find child
  7.2 ±  0.3 ms - Add child
 89.6 ±  0.9 ms - Hash
 84.6 ± 36.3 ms - Map
 27.3 ±  0.5 ms - getState
0.0736564
0.079961
0.106805
655.6 ±  0.0 ms - Total time
533.1 ±  0.0 ms - Build f time
 31.9 ±  0.7 ms - Apply f time
444.9 ±  3.6 ms - Real f time 
106.0 ±  2.1 ms - Add time
  7.7 ±  0.8 ms - Find child
  9.7 ±  0.4 ms - Add child
108.2 ±  1.0 ms - Hash
 96.2 ± 36.3 ms - Map
 36.7 ±  0.5 ms - getState
0.0587259
0.0634835
0.0765863
732.2 ±  0.0 ms - Total time
591.8 ±  0.0 ms - Build f time
 36.1 ±  0.7 ms - Apply f time
496.3 ±  3.8 ms - Real f time 
118.2 ±  2.2 ms - Add time
  8.9 ±  0.8 ms - Find child
 11.4 ±  0.4 ms - Add child
122.1 ±  1.1 ms - Hash
104.2 ± 36.4 ms - Map
 41.6 ±  0.6 ms - getState
Dag sizes: 52410 48435 44067 29525 
brutePieces time: 0.406576
 39.4 ±  0.0 ms - Piece loop time
 48.1 ± 36.8 ms - Set time
 26.1 ±  0.8 ms - Child looking time
Nodes:  174437
Pieces: 883
makePieces time: 0.0402703
Memory: 2.2 + 11.7 + 5.6 + 19.6 + 1.6 MB
  0.0 ±  0.0 ms - Greedy fill time
composePieces time: 0.00307268
                                                                                