Running only task # 404
Using max depth 4
 |                                        | 0 / 416 (0.0%)Function count: 142
0.296234
0.340337
0.207651
0.235738
0.228112
0.262199
 26.4 ±  0.0 ms - Piece loop time
 49.6 ± 43.4 ms - Set time
 18.8 ±  0.9 ms - Child looking time
7.84314
8.82007
16.4523
17290.7 ±  0.0 ms - Total time
8575.1 ±  0.0 ms - Build f time
1091.6 ±  6.8 ms - Apply f time
7626.5 ± 38.2 ms - Real f time 
3997.0 ± 45.7 ms - Add time
180.6 ±  2.3 ms - Find child
269.8 ±  2.4 ms - Add child
3320.9 ± 11.2 ms - Hash
1740.5 ± 43.2 ms - Map
1835.4 ±  9.3 ms - getState
5.63857
6.33815
11.2335
28524.3 ±  0.0 ms - Total time
14213.7 ±  0.0 ms - Build f time
1846.5 ±  7.9 ms - Apply f time
12740.5 ± 42.8 ms - Real f time 
6432.9 ± 48.6 ms - Add time
325.0 ±  2.8 ms - Find child
488.9 ±  7.3 ms - Add child
5365.7 ± 14.6 ms - Hash
3207.6 ± 181.5 ms - Map
3009.6 ± 11.5 ms - getState
6.38183
7.21545
12.9713
41495.6 ±  0.0 ms - Total time
20595.5 ±  0.0 ms - Build f time
2692.0 ±  8.8 ms - Apply f time
18524.0 ± 54.7 ms - Real f time 
9372.2 ± 56.7 ms - Add time
474.1 ±  3.8 ms - Find child
707.7 ±  7.5 ms - Add child
7742.2 ± 26.3 ms - Hash
4594.2 ± 183.2 ms - Map
4399.7 ± 13.4 ms - getState
Dag sizes: 5938238 4717991 5017830 
brutePieces time: 40.6585
4510.9 ±  0.0 ms - Piece loop time
2097.4 ± 25.5 ms - Set time
2343.4 ± 24.7 ms - Child looking time
Nodes:  15674059
Pieces: 4900043
makePieces time: 4.52447
Memory: 452.3 + 551.9 + 501.6 + 385.0 + 177.2 MB
 77.0 ±  0.0 ms - Greedy fill time
composePieces time: 13.1648
                                                                                