Running only task # 16
Using max depth 4
 |                                        | 0 / 416 (0.0%)Function count: 142
0.0558443
0.0617786
0.0542027
0.060385
0.0566918
0.0628572
0.0603569
0.0676267
 15.8 ±  0.0 ms - Piece loop time
 42.7 ± 38.9 ms - Set time
 11.2 ±  0.7 ms - Child looking time
1.24353
1.37837
2.09951
2352.3 ±  0.0 ms - Total time
1470.6 ±  0.0 ms - Build f time
195.7 ±  2.0 ms - Apply f time
1432.6 ±  7.4 ms - Real f time 
435.9 ±  7.2 ms - Add time
 62.7 ±  0.9 ms - Find child
 83.0 ±  1.3 ms - Add child
335.8 ±  5.5 ms - Hash
459.9 ± 39.1 ms - Map
180.7 ±  1.6 ms - getState
1.15576
1.26384
1.87974
4232.1 ±  0.0 ms - Total time
2626.4 ±  0.0 ms - Build f time
359.2 ±  2.5 ms - Apply f time
2571.8 ±  8.8 ms - Real f time 
776.7 ±  7.9 ms - Add time
119.3 ±  1.8 ms - Find child
157.8 ±  1.7 ms - Add child
616.6 ±  5.9 ms - Hash
888.9 ± 102.8 ms - Map
334.8 ±  3.7 ms - getState
1.27544
1.39601
2.12912
6361.2 ±  0.0 ms - Total time
3901.8 ±  0.0 ms - Build f time
542.4 ±  3.1 ms - Apply f time
3844.3 ± 14.5 ms - Real f time 
1156.4 ±  8.6 ms - Add time
180.7 ±  2.1 ms - Find child
240.2 ±  2.1 ms - Add child
924.5 ±  6.2 ms - Hash
1643.5 ± 387.9 ms - Map
507.3 ±  4.0 ms - getState
1.325
1.46024
2.19786
8559.1 ±  0.0 ms - Total time
5226.8 ±  0.0 ms - Build f time
750.9 ± 15.2 ms - Apply f time
5158.8 ± 15.8 ms - Real f time 
1563.1 ± 15.3 ms - Add time
242.6 ±  2.2 ms - Find child
324.8 ±  2.4 ms - Add child
1242.1 ±  6.6 ms - Hash
2024.2 ± 387.9 ms - Map
685.6 ±  4.5 ms - getState
Dag sizes: 1396925 1234614 1406765 1470090 
brutePieces time: 8.30776
1425.3 ±  0.0 ms - Piece loop time
533.0 ± 20.8 ms - Set time
805.1 ±  4.7 ms - Child looking time
Nodes:  5508394
Pieces: 1001082
makePieces time: 1.42886
Memory: 39.0 + 301.0 + 176.3 + 138.5 + 58.9 MB
 34.4 ±  0.0 ms - Greedy fill time
composePieces time: 2.0142
                                                                                