Running only task # 200
Using max depth 33
 |                                        | 0 / 416 (0.0%)Function count: 142
0.0853738
0.0975853
0.089549
0.0957985
0.0803967
0.0872814
0.0743931
0.0838855
0.0750198
0.0814049
0.0779857
0.0843193
0.0774783
0.0843661
 49.1 ±  0.0 ms - Piece loop time
 45.4 ± 36.6 ms - Set time
 36.9 ±  1.3 ms - Child looking time
0.0732065
0.0794564
0.117546
732.5 ±  0.0 ms - Total time
633.4 ±  0.0 ms - Build f time
 27.6 ±  0.6 ms - Apply f time
510.8 ±  4.3 ms - Real f time 
136.2 ±  9.2 ms - Add time
  4.9 ±  0.3 ms - Find child
  6.6 ±  0.3 ms - Add child
114.9 ±  1.2 ms - Hash
116.2 ± 45.8 ms - Map
 27.8 ±  0.8 ms - getState
0.0709258
0.0769621
0.111482
844.0 ±  0.0 ms - Total time
704.3 ±  0.0 ms - Build f time
 37.1 ±  0.7 ms - Apply f time
576.7 ±  4.7 ms - Real f time 
157.5 ±  9.2 ms - Add time
  7.7 ±  0.3 ms - Find child
 10.4 ±  0.4 ms - Add child
136.4 ±  1.2 ms - Hash
128.0 ± 45.8 ms - Map
 38.1 ±  0.9 ms - getState
0.0821371
0.0887493
0.128696
972.7 ±  0.0 ms - Total time
786.5 ±  0.0 ms - Build f time
 48.6 ±  0.8 ms - Apply f time
648.3 ±  4.8 ms - Real f time 
182.8 ±  9.2 ms - Add time
 13.0 ±  1.9 ms - Find child
 14.3 ±  0.4 ms - Add child
160.8 ±  1.3 ms - Hash
144.2 ± 45.8 ms - Map
 49.5 ±  0.9 ms - getState
0.0734852
0.0794697
0.114485
1087.3 ±  0.0 ms - Total time
859.9 ±  0.0 ms - Build f time
 58.6 ±  0.9 ms - Apply f time
711.9 ±  5.0 ms - Real f time 
205.7 ±  9.2 ms - Add time
 15.7 ±  1.9 ms - Find child
 17.8 ±  0.5 ms - Add child
183.4 ±  1.4 ms - Hash
156.3 ± 45.8 ms - Map
 59.6 ±  1.0 ms - getState
0.0730322
0.0796302
0.120581
1207.9 ±  0.0 ms - Total time
933.0 ±  0.0 ms - Build f time
 70.2 ±  1.0 ms - Apply f time
776.8 ±  5.1 ms - Real f time 
247.6 ± 19.1 ms - Add time
 19.2 ±  1.9 ms - Find child
 21.9 ±  0.5 ms - Add child
204.6 ±  1.5 ms - Hash
169.1 ± 45.8 ms - Map
 71.0 ±  1.0 ms - getState
0.0803767
0.0870315
0.139874
1347.8 ±  0.0 ms - Total time
1013.4 ±  0.0 ms - Build f time
 82.8 ±  1.2 ms - Apply f time
849.1 ±  5.3 ms - Real f time 
273.4 ± 19.1 ms - Add time
 22.8 ±  1.9 ms - Find child
519.6 ± 493.4 ms - Add child
228.6 ±  1.6 ms - Hash
184.8 ± 45.8 ms - Map
 83.7 ±  1.1 ms - getState
0.0830203
0.0907986
0.133688
1481.5 ±  0.0 ms - Total time
1096.4 ±  0.0 ms - Build f time
 94.9 ±  1.2 ms - Apply f time
924.2 ±  5.6 ms - Real f time 
301.3 ± 19.1 ms - Add time
 26.4 ±  1.9 ms - Find child
525.2 ± 494.2 ms - Add child
253.7 ±  1.7 ms - Hash
202.2 ± 45.8 ms - Map
 97.2 ±  1.5 ms - getState
Dag sizes: 73650 70551 81657 69751 71014 80146 84860 
brutePieces time: 0.871104
122.6 ±  0.0 ms - Piece loop time
 55.6 ± 35.9 ms - Set time
 93.5 ±  1.7 ms - Child looking time
Nodes:  531629
Pieces: 15105
makePieces time: 0.123845
Memory: 5.7 + 29.1 + 17.0 + 37.9 + 5.9 MB
  2.4 ±  0.0 ms - Greedy fill time
composePieces time: 0.129198
                                                                                