Running only task # 163
Using max depth 23
 |                                        | 0 / 416 (0.0%)Function count: 142
0.134502
0.152161
0.136064
0.153028
0.130561
0.146042
0.1414
0.158134
0.133738
0.150921
0.135688
0.152423
0.135142
0.15113
0.140839
0.159178
0.151234
0.169653
 84.6 ±  0.0 ms - Piece loop time
 50.4 ± 35.7 ms - Set time
 65.5 ±  2.1 ms - Child looking time
0.140634
0.158323
0.227104
1620.2 ±  0.0 ms - Total time
1379.8 ±  0.0 ms - Build f time
 72.1 ±  1.0 ms - Apply f time
1212.0 ±  6.6 ms - Real f time 
367.8 ± 57.2 ms - Add time
  9.3 ±  0.3 ms - Find child
 12.6 ±  0.4 ms - Add child
194.4 ±  6.5 ms - Hash
191.2 ± 40.3 ms - Map
 71.2 ±  0.8 ms - getState
0.142918
0.168253
0.240421
1860.7 ±  0.0 ms - Total time
1522.7 ±  0.0 ms - Build f time
 94.3 ±  1.2 ms - Apply f time
1349.5 ±  7.0 ms - Real f time 
413.9 ± 57.2 ms - Add time
 15.1 ±  0.4 ms - Find child
 20.6 ±  0.5 ms - Add child
229.4 ±  6.5 ms - Hash
223.6 ± 40.3 ms - Map
 96.3 ±  0.9 ms - getState
0.147295
0.16342
0.235314
2096.0 ±  0.0 ms - Total time
1670.0 ±  0.0 ms - Build f time
114.4 ±  1.3 ms - Apply f time
1486.4 ±  7.3 ms - Real f time 
458.3 ± 57.1 ms - Add time
 20.2 ±  0.5 ms - Find child
 27.7 ±  0.6 ms - Add child
263.2 ±  6.5 ms - Hash
257.6 ± 40.3 ms - Map
117.8 ±  1.0 ms - getState
0.141789
0.159145
0.225197
2321.3 ±  0.0 ms - Total time
1811.8 ±  0.0 ms - Build f time
136.1 ±  2.6 ms - Apply f time
1621.6 ±  7.7 ms - Real f time 
501.0 ± 57.1 ms - Add time
 25.7 ±  0.6 ms - Find child
 34.2 ±  0.7 ms - Add child
295.5 ±  6.8 ms - Hash
286.8 ± 40.3 ms - Map
138.8 ±  1.1 ms - getState
0.141559
0.15999
0.231476
2552.8 ±  0.0 ms - Total time
1953.4 ±  0.0 ms - Build f time
155.9 ±  2.7 ms - Apply f time
1757.1 ±  9.4 ms - Real f time 
550.3 ± 57.2 ms - Add time
 30.8 ±  0.6 ms - Find child
 42.0 ±  0.7 ms - Add child
328.2 ±  6.8 ms - Hash
318.3 ± 40.3 ms - Map
160.5 ±  1.2 ms - getState
0.147605
0.165352
0.239435
2792.3 ±  0.0 ms - Total time
2101.0 ±  0.0 ms - Build f time
176.3 ±  2.7 ms - Apply f time
1893.1 ±  9.5 ms - Real f time 
596.7 ± 57.2 ms - Add time
 36.7 ±  0.7 ms - Find child
 49.1 ±  0.8 ms - Add child
361.6 ±  6.9 ms - Hash
352.5 ± 40.3 ms - Map
182.7 ±  1.3 ms - getState
0.138476
0.154843
0.225394
3017.8 ±  0.0 ms - Total time
2239.4 ±  0.0 ms - Build f time
195.0 ±  2.8 ms - Apply f time
2019.8 ±  9.7 ms - Real f time 
641.5 ± 57.3 ms - Add time
 42.5 ±  0.7 ms - Find child
 56.2 ±  0.8 ms - Add child
395.3 ±  6.9 ms - Hash
384.8 ± 40.3 ms - Map
204.5 ±  1.3 ms - getState
0.158589
0.175743
0.242838
3260.7 ±  0.0 ms - Total time
2398.0 ±  0.0 ms - Build f time
213.6 ±  2.8 ms - Apply f time
2165.6 ±  9.9 ms - Real f time 
687.6 ± 57.3 ms - Add time
 48.3 ±  1.0 ms - Find child
 62.5 ±  0.9 ms - Add child
427.1 ±  6.9 ms - Hash
417.1 ± 40.3 ms - Map
225.9 ±  1.4 ms - getState
0.145958
0.167748
0.231204
3491.9 ±  0.0 ms - Total time
2544.0 ±  0.0 ms - Build f time
233.7 ±  2.9 ms - Apply f time
2300.3 ± 10.1 ms - Real f time 
731.3 ± 57.3 ms - Add time
 53.4 ±  1.0 ms - Find child
 69.1 ±  0.9 ms - Add child
458.5 ±  7.0 ms - Hash
446.0 ± 40.3 ms - Map
247.4 ±  1.5 ms - getState
Dag sizes: 129565 132282 130927 121073 131889 132173 131070 122287 112815 
brutePieces time: 2.10627
260.6 ±  0.0 ms - Piece loop time
 96.0 ± 48.2 ms - Set time
187.6 ±  3.5 ms - Child looking time
Nodes:  1144081
Pieces: 21926
makePieces time: 0.262096
Memory: 13.2 + 56.9 + 36.6 + 56.1 + 11.0 MB
  3.2 ±  0.5 ms - Greedy fill time
composePieces time: 0.212855
                                                                                