Running only task # 46
Using max depth 23
 |                                        | 0 / 416 (0.0%)Function count: 142
0.0813251
0.0921329
0.0950828
0.106277
0.0881121
0.0983117
0.0837958
0.0952971
0.0909515
0.107269
 10.9 ±  0.0 ms - Piece loop time
 74.2 ± 72.0 ms - Set time
  8.3 ±  0.9 ms - Child looking time
0.0822484
0.0927303
0.197491
697.0 ±  0.0 ms - Total time
521.5 ±  0.0 ms - Build f time
 35.0 ±  0.8 ms - Apply f time
424.9 ±  4.9 ms - Real f time 
131.9 ±  2.5 ms - Add time
  4.5 ±  0.7 ms - Find child
  5.8 ±  0.3 ms - Add child
123.9 ±  2.0 ms - Hash
118.0 ± 57.4 ms - Map
 42.9 ±  0.7 ms - getState
0.0864742
0.0973886
0.202463
899.5 ±  0.0 ms - Total time
608.0 ±  0.0 ms - Build f time
 50.7 ±  0.9 ms - Apply f time
503.4 ±  5.3 ms - Real f time 
185.7 ±  3.0 ms - Add time
  7.6 ±  0.7 ms - Find child
  9.8 ±  0.3 ms - Add child
169.0 ±  2.0 ms - Hash
132.6 ± 57.3 ms - Map
 68.3 ±  0.8 ms - getState
0.0814572
0.096378
0.204721
1104.2 ±  0.0 ms - Total time
689.4 ±  0.0 ms - Build f time
 69.5 ±  1.1 ms - Apply f time
580.5 ±  5.6 ms - Real f time 
240.9 ±  3.8 ms - Add time
 11.1 ±  0.7 ms - Find child
 14.3 ±  0.4 ms - Add child
213.1 ±  2.1 ms - Hash
149.1 ± 57.3 ms - Map
 96.4 ±  1.0 ms - getState
0.0858333
0.09676
0.202886
1307.1 ±  0.0 ms - Total time
775.3 ±  0.0 ms - Build f time
 86.0 ±  1.2 ms - Apply f time
660.0 ±  5.9 ms - Real f time 
341.3 ± 48.4 ms - Add time
 14.2 ±  0.7 ms - Find child
 18.8 ±  0.6 ms - Add child
257.6 ±  2.2 ms - Hash
162.6 ± 57.4 ms - Map
122.5 ±  1.1 ms - getState
0.0929799
0.106173
0.217257
1524.6 ±  0.0 ms - Total time
868.3 ±  0.0 ms - Build f time
103.7 ±  1.3 ms - Apply f time
745.5 ±  6.2 ms - Real f time 
397.2 ± 48.5 ms - Add time
 17.4 ±  0.8 ms - Find child
 23.2 ±  0.6 ms - Add child
305.2 ±  2.2 ms - Hash
178.1 ± 57.4 ms - Map
150.7 ±  1.2 ms - getState
Dag sizes: 95917 97862 96304 97939 106364 
brutePieces time: 1.02918
 37.4 ±  0.0 ms - Piece loop time
 61.3 ± 38.8 ms - Set time
 24.5 ±  0.8 ms - Child looking time
Nodes:  494386
Pieces: 70267
makePieces time: 0.0384284
Memory: 13.4 + 17.2 + 15.8 + 28.9 + 3.6 MB
 70.5 ±  0.0 ms - Greedy fill time
composePieces time: 0.708725
                                                                                