Running only task # 159
Using max depth 33
 |                                        | 0 / 416 (0.0%)Function count: 142
0.132553
0.151305
0.0658771
0.0718706
0.0264684
0.0287726
0.155003
0.172139
0.0657328
0.0721798
0.0276337
0.0302936
0.148385
0.16565
107.0 ±  0.0 ms - Piece loop time
 53.8 ± 38.1 ms - Set time
 89.5 ±  2.6 ms - Child looking time
0.13751
0.156015
0.296194
988.7 ±  0.0 ms - Total time
759.2 ±  0.0 ms - Build f time
 53.9 ±  0.9 ms - Apply f time
624.1 ±  5.3 ms - Real f time 
218.1 ±  3.4 ms - Add time
 10.3 ±  0.4 ms - Find child
 16.0 ±  1.6 ms - Add child
130.7 ±  1.2 ms - Hash
149.2 ± 38.9 ms - Map
 64.6 ±  0.8 ms - getState
0.062413
0.0682942
0.11706
1105.8 ±  0.0 ms - Total time
821.6 ±  0.0 ms - Build f time
 67.4 ±  1.0 ms - Apply f time
683.6 ±  5.4 ms - Real f time 
246.8 ±  3.5 ms - Add time
 14.9 ±  0.4 ms - Find child
 21.9 ±  1.6 ms - Add child
150.8 ±  1.3 ms - Hash
167.4 ± 39.0 ms - Map
 78.4 ±  0.9 ms - getState
0.0266217
0.0288254
0.0410059
1146.8 ±  0.0 ms - Total time
848.2 ±  0.0 ms - Build f time
 72.1 ±  1.0 ms - Apply f time
710.2 ±  5.4 ms - Real f time 
256.3 ±  3.5 ms - Add time
 16.5 ±  0.5 ms - Find child
 23.8 ±  1.6 ms - Add child
158.1 ±  1.3 ms - Hash
172.5 ± 39.0 ms - Map
 82.6 ±  1.1 ms - getState
0.136666
0.152835
0.289071
1435.9 ±  0.0 ms - Total time
984.9 ±  0.0 ms - Build f time
100.4 ±  1.2 ms - Apply f time
836.4 ±  5.7 ms - Real f time 
333.0 ±  3.8 ms - Add time
 24.5 ±  0.6 ms - Find child
 33.7 ±  1.6 ms - Add child
206.4 ±  1.5 ms - Hash
207.5 ± 39.0 ms - Map
122.9 ±  1.2 ms - getState
0.0645386
0.0705752
0.12399
1559.9 ±  0.0 ms - Total time
1049.4 ±  0.0 ms - Build f time
115.4 ±  1.6 ms - Apply f time
898.8 ±  5.8 ms - Real f time 
364.3 ±  3.8 ms - Add time
 29.4 ±  0.6 ms - Find child
 41.0 ±  1.7 ms - Add child
226.7 ±  1.6 ms - Hash
226.7 ± 38.9 ms - Map
136.7 ±  1.3 ms - getState
0.0268196
0.0292793
0.0415059
1601.4 ±  0.0 ms - Total time
1076.2 ±  0.0 ms - Build f time
119.9 ±  1.6 ms - Apply f time
926.1 ±  5.8 ms - Real f time 
377.3 ±  5.1 ms - Add time
 31.0 ±  0.6 ms - Find child
 43.1 ±  1.7 ms - Add child
233.9 ±  1.6 ms - Hash
232.8 ± 38.9 ms - Map
140.2 ±  1.3 ms - getState
0.160805
0.17728
0.336598
1938.1 ±  0.0 ms - Total time
1237.0 ±  0.0 ms - Build f time
150.2 ±  1.7 ms - Apply f time
1070.9 ±  6.4 ms - Real f time 
474.4 ±  9.4 ms - Add time
 38.4 ±  0.7 ms - Find child
 53.9 ±  1.7 ms - Add child
291.0 ±  1.8 ms - Hash
271.7 ± 38.9 ms - Map
184.5 ±  1.5 ms - getState
Dag sizes: 227150 124800 32987 233692 128195 33117 242005 
brutePieces time: 1.25042
373.1 ±  0.0 ms - Piece loop time
101.8 ± 34.9 ms - Set time
298.1 ±  2.8 ms - Child looking time
Nodes:  1021946
Pieces: 254127
makePieces time: 0.37486
Memory: 10.7 + 43.5 + 32.7 + 45.7 + 16.7 MB
 15.2 ±  2.1 ms - Greedy fill time
composePieces time: 2.9572
                                                                                