Running only task # 116
Using max depth 23
 |                                        | 0 / 416 (0.0%)Function count: 142
0.106624
0.119104
0.101912
0.11326
0.103119
0.11497
0.105726
0.11863
0.101447
0.113863
0.098393
0.109524
0.101996
0.113945
0.0979639
0.110687
0.104479
0.117356
 94.7 ±  0.0 ms - Piece loop time
 52.6 ± 38.1 ms - Set time
 75.6 ±  2.1 ms - Child looking time
0.100752
0.112562
0.157329
1189.2 ±  0.0 ms - Total time
1022.4 ±  0.0 ms - Build f time
 51.9 ±  0.7 ms - Apply f time
900.4 ± 11.1 ms - Real f time 
216.9 ± 15.0 ms - Add time
  7.0 ±  0.3 ms - Find child
  9.0 ±  0.3 ms - Add child
145.3 ±  1.6 ms - Hash
167.2 ± 40.3 ms - Map
 46.2 ±  0.7 ms - getState
0.108232
0.119496
0.161659
1350.9 ±  0.0 ms - Total time
1130.6 ±  0.0 ms - Build f time
 64.1 ±  0.8 ms - Apply f time
1001.4 ± 11.2 ms - Real f time 
263.4 ± 21.2 ms - Add time
 10.4 ±  0.4 ms - Find child
 13.5 ±  0.4 ms - Add child
169.3 ±  1.7 ms - Hash
187.7 ± 40.3 ms - Map
 60.2 ±  0.8 ms - getState
0.105339
0.116984
0.156828
1507.7 ±  0.0 ms - Total time
1236.0 ±  0.0 ms - Build f time
 76.7 ±  0.9 ms - Apply f time
1103.1 ± 11.4 ms - Real f time 
295.3 ± 21.2 ms - Add time
 13.6 ±  0.4 ms - Find child
 17.8 ±  0.5 ms - Add child
191.4 ±  1.8 ms - Hash
206.3 ± 40.3 ms - Map
 74.6 ±  0.9 ms - getState
0.103033
0.122442
0.169332
1677.1 ±  0.0 ms - Total time
1339.0 ±  0.0 ms - Build f time
 93.8 ±  1.1 ms - Apply f time
1202.3 ± 11.5 ms - Real f time 
329.5 ± 21.2 ms - Add time
 17.5 ±  0.5 ms - Find child
 23.3 ±  0.5 ms - Add child
216.0 ±  2.1 ms - Hash
226.3 ± 40.3 ms - Map
 91.6 ±  1.0 ms - getState
0.111097
0.123197
0.168275
1845.4 ±  0.0 ms - Total time
1450.1 ±  0.0 ms - Build f time
107.5 ±  1.1 ms - Apply f time
1306.1 ± 11.7 ms - Real f time 
366.4 ± 21.4 ms - Add time
 21.3 ±  0.5 ms - Find child
 28.2 ±  0.6 ms - Add child
240.4 ±  2.2 ms - Hash
244.7 ± 40.2 ms - Map
106.5 ±  1.0 ms - getState
0.0997529
0.111509
0.151637
1997.1 ±  0.0 ms - Total time
1549.9 ±  0.0 ms - Build f time
120.5 ±  1.2 ms - Apply f time
1397.3 ± 11.7 ms - Real f time 
398.7 ± 21.4 ms - Add time
 24.9 ±  0.6 ms - Find child
 32.8 ±  0.7 ms - Add child
263.7 ±  2.2 ms - Hash
263.0 ± 40.2 ms - Map
119.6 ±  1.1 ms - getState
0.106106
0.11792
0.160021
2157.1 ±  0.0 ms - Total time
1656.0 ±  0.0 ms - Build f time
132.9 ±  1.3 ms - Apply f time
1498.5 ± 11.8 ms - Real f time 
432.0 ± 21.4 ms - Add time
 27.9 ±  0.6 ms - Find child
 37.4 ±  0.7 ms - Add child
285.8 ±  2.3 ms - Hash
280.9 ± 40.2 ms - Map
133.6 ±  1.2 ms - getState
0.101376
0.114284
0.156591
2313.8 ±  0.0 ms - Total time
1757.3 ±  0.0 ms - Build f time
146.0 ±  1.4 ms - Apply f time
1596.9 ± 12.4 ms - Real f time 
464.7 ± 21.5 ms - Add time
 31.1 ±  0.6 ms - Find child
 41.9 ±  0.7 ms - Add child
308.6 ±  2.4 ms - Hash
300.9 ± 40.2 ms - Map
148.0 ±  1.2 ms - getState
0.111367
0.124322
0.167722
2481.5 ±  0.0 ms - Total time
1868.7 ±  0.0 ms - Build f time
159.4 ±  1.4 ms - Apply f time
1698.2 ± 12.5 ms - Real f time 
501.6 ± 21.8 ms - Add time
 34.6 ±  0.7 ms - Find child
 46.3 ±  0.8 ms - Add child
333.0 ±  2.4 ms - Hash
323.3 ± 40.2 ms - Map
163.9 ±  1.5 ms - getState
Dag sizes: 124639 116356 118517 114462 124447 115991 118350 114574 122215 
brutePieces time: 1.45653
208.0 ±  0.0 ms - Piece loop time
 69.2 ± 32.6 ms - Set time
159.2 ±  2.7 ms - Child looking time
Nodes:  1069551
Pieces: 108510
makePieces time: 0.209494
Memory: 8.7 + 46.8 + 34.2 + 54.9 + 12.5 MB
  5.3 ±  0.3 ms - Greedy fill time
composePieces time: 1.08863
                                                                                