Running only task # 91
Using max depth 23
 |                                        | 0 / 416 (0.0%)Function count: 142
0.0971239
0.107923
0.0612435
0.0687179
0.366083
0.410841
0.0956863
0.10856
0.0704867
0.0782258
0.357839
0.410782
0.184821
0.218781
 18.9 ±  0.0 ms - Piece loop time
 47.2 ± 43.6 ms - Set time
 15.0 ±  1.0 ms - Child looking time
0.0938377
0.10431
0.123046
1527.3 ±  0.0 ms - Total time
1327.1 ±  0.0 ms - Build f time
 60.5 ±  2.1 ms - Apply f time
1120.3 ± 29.0 ms - Real f time 
224.0 ±  7.6 ms - Add time
  2.6 ±  0.2 ms - Find child
  3.8 ±  0.2 ms - Add child
226.7 ±  3.2 ms - Hash
 91.1 ± 46.5 ms - Map
 69.5 ±  2.2 ms - getState
0.0610492
0.0680592
0.080144
1607.5 ±  0.0 ms - Total time
1388.2 ±  0.0 ms - Build f time
 64.8 ±  2.2 ms - Apply f time
1175.8 ± 29.1 ms - Real f time 
236.8 ±  7.7 ms - Add time
  3.8 ±  0.2 ms - Find child
  4.8 ±  0.2 ms - Add child
239.9 ±  3.2 ms - Hash
 96.5 ± 46.5 ms - Map
 75.5 ±  2.3 ms - getState
0.354764
0.399444
0.452048
2059.5 ±  0.0 ms - Total time
1742.9 ±  0.0 ms - Build f time
 84.8 ±  2.6 ms - Apply f time
1488.0 ± 33.7 ms - Real f time 
302.5 ±  8.4 ms - Add time
  5.1 ±  0.3 ms - Find child
  6.8 ±  0.3 ms - Add child
318.5 ±  3.8 ms - Hash
105.8 ± 46.4 ms - Map
109.7 ±  2.8 ms - getState
0.0975197
0.108675
0.128332
2187.9 ±  0.0 ms - Total time
1840.4 ±  0.0 ms - Build f time
 92.1 ±  3.0 ms - Apply f time
1566.4 ± 33.8 ms - Real f time 
323.0 ±  8.4 ms - Add time
  6.1 ±  0.3 ms - Find child
  8.3 ±  0.3 ms - Add child
341.6 ±  3.9 ms - Hash
113.0 ± 46.4 ms - Map
119.5 ±  2.8 ms - getState
0.0608983
0.067725
0.0790327
2267.0 ±  0.0 ms - Total time
1901.3 ±  0.0 ms - Build f time
 97.3 ±  3.1 ms - Apply f time
1619.3 ± 33.9 ms - Real f time 
336.0 ±  8.5 ms - Add time
  6.9 ±  0.3 ms - Find child
  9.5 ±  0.3 ms - Add child
355.1 ±  4.0 ms - Hash
117.5 ± 46.4 ms - Map
125.5 ±  2.9 ms - getState
0.360075
0.403936
0.456958
2724.0 ±  0.0 ms - Total time
2261.4 ±  0.0 ms - Build f time
117.1 ±  3.4 ms - Apply f time
1904.1 ± 35.3 ms - Real f time 
398.3 ±  9.0 ms - Add time
  8.1 ±  0.3 ms - Find child
 11.3 ±  0.4 ms - Add child
432.0 ±  4.5 ms - Hash
126.1 ± 46.5 ms - Map
157.2 ±  3.1 ms - getState
0.173777
0.195505
0.229167
2953.2 ±  0.0 ms - Total time
2435.2 ±  0.0 ms - Build f time
126.9 ±  3.4 ms - Apply f time
2045.8 ± 35.5 ms - Real f time 
434.5 ±  9.2 ms - Add time
  9.2 ±  0.3 ms - Find child
 12.9 ±  0.4 ms - Add child
473.3 ±  4.6 ms - Hash
133.7 ± 46.5 ms - Map
174.2 ±  3.2 ms - getState
Dag sizes: 26493 25198 38602 26466 25208 38736 33641 
brutePieces time: 1.55242
 33.5 ±  0.0 ms - Piece loop time
 40.7 ± 35.4 ms - Set time
 25.9 ±  1.0 ms - Child looking time
Nodes:  214344
Pieces: 9050
makePieces time: 0.0343226
Memory: 11.7 + 12.9 + 6.9 + 32.8 + 1.7 MB
  0.9 ±  0.0 ms - Greedy fill time
composePieces time: 0.059493
                                                                                