Running only task # 92
Using max depth 3
 |                                        | 0 / 416 (0.0%)Function count: 142
0.162054
0.175397
0.126902
0.135956
0.0715046
0.0772933
0.109738
0.119069
 22.9 ±  0.0 ms - Piece loop time
 44.5 ± 37.5 ms - Set time
 17.4 ±  0.8 ms - Child looking time
0.147055
0.160857
0.303446
811.4 ±  0.0 ms - Total time
617.3 ±  0.0 ms - Build f time
 32.6 ±  1.0 ms - Apply f time
496.5 ±  6.1 ms - Real f time 
151.6 ±  2.3 ms - Add time
  5.2 ±  0.3 ms - Find child
  7.1 ±  0.3 ms - Add child
137.2 ±  1.1 ms - Hash
111.7 ± 40.5 ms - Map
 42.7 ±  0.5 ms - getState
0.134722
0.144312
0.273415
1084.8 ±  0.0 ms - Total time
752.0 ±  0.0 ms - Build f time
 50.4 ±  1.1 ms - Apply f time
613.6 ±  6.6 ms - Real f time 
217.2 ±  2.6 ms - Add time
  9.1 ±  0.3 ms - Find child
 12.3 ±  0.6 ms - Add child
197.4 ±  1.5 ms - Hash
139.7 ± 40.6 ms - Map
 70.2 ±  0.6 ms - getState
0.0785631
0.0843793
0.140171
1225.0 ±  0.0 ms - Total time
830.5 ±  0.0 ms - Build f time
 61.3 ±  1.2 ms - Apply f time
683.2 ±  6.7 ms - Real f time 
254.2 ±  7.8 ms - Add time
 11.9 ±  0.4 ms - Find child
 16.7 ±  0.6 ms - Add child
223.0 ±  1.6 ms - Hash
160.3 ± 40.7 ms - Map
 82.6 ±  0.7 ms - getState
0.111495
0.121548
0.223218
1448.3 ±  0.0 ms - Total time
942.0 ±  0.0 ms - Build f time
 78.0 ±  1.3 ms - Apply f time
780.2 ±  6.9 ms - Real f time 
307.7 ±  7.8 ms - Add time
 15.4 ±  0.4 ms - Find child
 22.0 ±  0.7 ms - Add child
266.9 ±  1.8 ms - Hash
186.5 ± 40.7 ms - Map
105.3 ±  0.9 ms - getState
Dag sizes: 150645 140333 100926 139030 
brutePieces time: 0.942852
 74.0 ±  0.0 ms - Piece loop time
 65.2 ± 40.4 ms - Set time
 51.0 ±  1.2 ms - Child looking time
Nodes:  530934
Pieces: 122801
makePieces time: 0.0752227
Memory: 9.8 + 18.1 + 17.0 + 25.3 + 5.2 MB
  4.0 ±  0.0 ms - Greedy fill time
composePieces time: 0.547544
                                                                                