Running only task # 87
Using max depth 33
 |                                        | 0 / 416 (0.0%)Function count: 142
0.0218407
0.0240948
0.0189865
0.0208318
0.0203529
0.0225307
0.0186173
0.0203817
0.0201274
0.0221818
0.0181936
0.0200382
0.0204622
0.0225521
0.017842
0.0195851
0.0220141
0.0247302
 34.1 ±  0.0 ms - Piece loop time
 42.3 ± 38.7 ms - Set time
 29.9 ±  1.3 ms - Child looking time
0.0317648
0.0342397
0.0459401
243.1 ±  0.0 ms - Total time
210.2 ±  0.0 ms - Build f time
 11.4 ±  0.3 ms - Apply f time
194.4 ±  2.9 ms - Real f time 
 52.1 ±  4.3 ms - Add time
  2.7 ±  0.2 ms - Find child
  3.5 ±  0.2 ms - Add child
 32.8 ±  0.6 ms - Hash
 72.5 ± 41.6 ms - Map
 10.8 ±  0.3 ms - getState
0.0246214
0.0269993
0.037754
280.9 ±  0.0 ms - Total time
234.8 ±  0.0 ms - Build f time
 15.0 ±  0.4 ms - Apply f time
218.9 ±  2.9 ms - Real f time 
 60.2 ±  4.3 ms - Add time
  4.0 ±  0.2 ms - Find child
  5.3 ±  0.3 ms - Add child
 38.3 ±  0.7 ms - Hash
 78.8 ± 41.5 ms - Map
 13.9 ±  0.4 ms - getState
0.0277073
0.0303802
0.043938
324.9 ±  0.0 ms - Total time
262.5 ±  0.0 ms - Build f time
 19.5 ±  0.5 ms - Apply f time
247.1 ±  3.0 ms - Real f time 
 70.6 ±  4.4 ms - Add time
  5.7 ±  0.3 ms - Find child
  7.3 ±  0.3 ms - Add child
 44.9 ±  0.7 ms - Hash
 86.3 ± 41.6 ms - Map
 18.1 ±  0.4 ms - getState
0.0246256
0.0271027
0.0383095
363.2 ±  0.0 ms - Total time
287.2 ±  0.0 ms - Build f time
 23.4 ±  0.5 ms - Apply f time
272.5 ±  3.2 ms - Real f time 
 79.2 ±  4.4 ms - Add time
  7.3 ±  0.3 ms - Find child
  9.4 ±  0.4 ms - Add child
 50.8 ±  0.8 ms - Hash
 92.9 ± 41.6 ms - Map
 21.2 ±  0.4 ms - getState
0.0287648
0.0313547
0.0453082
408.6 ±  0.0 ms - Total time
315.9 ±  0.0 ms - Build f time
 27.9 ±  0.6 ms - Apply f time
300.6 ±  3.3 ms - Real f time 
 88.1 ±  4.4 ms - Add time
  9.0 ±  0.3 ms - Find child
 11.1 ±  0.4 ms - Add child
 57.9 ±  0.8 ms - Hash
100.7 ± 41.6 ms - Map
 24.8 ±  0.5 ms - getState
0.0261761
0.028718
0.0401645
448.8 ±  0.0 ms - Total time
342.1 ±  0.0 ms - Build f time
 31.2 ±  0.6 ms - Apply f time
326.1 ±  3.3 ms - Real f time 
 97.1 ±  4.4 ms - Add time
 10.4 ±  0.4 ms - Find child
 13.0 ±  0.4 ms - Add child
 63.6 ±  0.9 ms - Hash
108.2 ± 41.6 ms - Map
 28.0 ±  0.5 ms - getState
0.0278967
0.0304673
0.0429279
491.7 ±  0.0 ms - Total time
370.0 ±  0.0 ms - Build f time
 35.8 ±  0.6 ms - Apply f time
354.5 ±  3.6 ms - Real f time 
106.4 ±  4.4 ms - Add time
 11.8 ±  0.4 ms - Find child
 15.3 ±  0.5 ms - Add child
 70.1 ±  0.9 ms - Hash
114.1 ± 41.6 ms - Map
 31.9 ±  0.5 ms - getState
0.0238769
0.0261617
0.0366762
528.4 ±  0.0 ms - Total time
393.9 ±  0.0 ms - Build f time
 39.6 ±  0.7 ms - Apply f time
382.8 ±  5.4 ms - Real f time 
114.9 ±  4.4 ms - Add time
 13.3 ±  0.4 ms - Find child
 17.3 ±  0.5 ms - Add child
 76.2 ±  1.0 ms - Hash
120.3 ± 41.6 ms - Map
 34.7 ±  0.6 ms - getState
0.0346126
0.0376189
0.0577277
586.2 ±  0.0 ms - Total time
428.5 ±  0.0 ms - Build f time
 45.3 ±  0.7 ms - Apply f time
416.4 ±  5.4 ms - Real f time 
127.9 ±  4.5 ms - Add time
 15.2 ±  0.4 ms - Find child
 19.8 ±  0.5 ms - Add child
 84.3 ±  1.0 ms - Hash
129.7 ± 41.6 ms - Map
 40.5 ±  0.6 ms - getState
Dag sizes: 38170 30715 38781 33566 38314 30997 37448 32765 51083 
brutePieces time: 0.396636
110.2 ±  0.0 ms - Piece loop time
 51.9 ± 36.5 ms - Set time
 89.4 ±  1.8 ms - Child looking time
Nodes:  331839
Pieces: 59308
makePieces time: 0.111279
Memory: 1.6 + 20.7 + 10.6 + 43.1 + 5.5 MB
  5.8 ±  0.0 ms - Greedy fill time
composePieces time: 0.412143
                                                                                