Running only task # 350
Using max depth 4
 |                                        | 0 / 416 (0.0%)Function count: 142
0.0209063
0.022508
0.0174909
0.0188114
0.0207484
0.0221633
0.0265281
0.0286161
 18.3 ±  0.0 ms - Piece loop time
 41.0 ± 37.5 ms - Set time
 15.3 ±  0.7 ms - Child looking time
1.07463
1.16553
1.73145
1823.7 ±  0.0 ms - Total time
1160.3 ±  0.0 ms - Build f time
123.8 ±  1.3 ms - Apply f time
1112.2 ±  7.5 ms - Real f time 
330.3 ±  3.3 ms - Add time
 33.0 ±  0.7 ms - Find child
 43.5 ±  0.8 ms - Add child
283.5 ±  1.9 ms - Hash
287.0 ± 34.7 ms - Map
166.7 ±  8.9 ms - getState
0.920887
1.0052
1.48494
3308.6 ±  0.0 ms - Total time
2081.2 ±  0.0 ms - Build f time
231.3 ±  1.7 ms - Apply f time
2001.2 ±  9.7 ms - Real f time 
628.0 ± 15.4 ms - Add time
 60.4 ±  0.9 ms - Find child
 80.8 ±  1.1 ms - Add child
525.7 ±  6.7 ms - Hash
484.8 ± 35.6 ms - Map
304.3 ±  9.0 ms - getState
1.11062
1.20435
1.71563
5024.3 ±  0.0 ms - Total time
3191.8 ±  0.0 ms - Build f time
346.5 ±  2.3 ms - Apply f time
3077.2 ± 12.3 ms - Real f time 
940.3 ± 22.0 ms - Add time
 90.7 ±  1.1 ms - Find child
119.3 ±  1.3 ms - Add child
779.8 ±  6.9 ms - Hash
700.6 ± 35.7 ms - Map
455.4 ±  9.1 ms - getState
1.2603
1.37721
1.96453
6988.9 ±  0.0 ms - Total time
4452.1 ±  0.0 ms - Build f time
483.9 ±  2.6 ms - Apply f time
4307.7 ± 16.3 ms - Real f time 
1301.9 ± 27.2 ms - Add time
125.6 ±  1.3 ms - Find child
164.2 ±  1.6 ms - Add child
1076.4 ±  7.1 ms - Hash
977.6 ± 39.7 ms - Map
626.1 ±  9.2 ms - getState
Dag sizes: 954482 877304 878127 1015199 
brutePieces time: 6.89811
1583.0 ±  0.0 ms - Piece loop time
760.7 ± 279.8 ms - Set time
1033.6 ±  8.5 ms - Child looking time
Nodes:  3725112
Pieces: 1351605
makePieces time: 1.58665
Memory: 44.3 + 173.0 + 119.2 + 93.2 + 60.2 MB
 11.5 ±  0.0 ms - Greedy fill time
composePieces time: 3.75281
                                                                                