Running only task # 367
Using max depth 3
 |                                        | 0 / 416 (0.0%)Function count: 142
0.0477794
0.0523563
0.0538724
0.0592532
0.0579288
0.0649682
 19.4 ±  0.0 ms - Piece loop time
 50.5 ± 45.2 ms - Set time
 13.9 ±  1.2 ms - Child looking time
0.0473835
0.0517333
0.0869046
263.6 ±  0.0 ms - Total time
207.0 ±  0.0 ms - Build f time
 14.2 ±  0.4 ms - Apply f time
178.9 ±  1.9 ms - Real f time 
 50.1 ±  0.9 ms - Add time
  4.0 ±  0.7 ms - Find child
  4.6 ±  0.2 ms - Add child
 38.5 ±  0.7 ms - Hash
 74.9 ± 41.6 ms - Map
 14.7 ±  0.3 ms - getState
0.0530479
0.0584239
0.107171
370.8 ±  0.0 ms - Total time
260.0 ±  0.0 ms - Build f time
 26.9 ±  1.2 ms - Apply f time
231.7 ±  2.1 ms - Real f time 
 75.7 ±  1.1 ms - Add time
  7.5 ±  0.7 ms - Find child
  9.8 ±  0.4 ms - Add child
 54.8 ±  0.8 ms - Hash
 93.9 ± 41.5 ms - Map
 26.4 ±  0.5 ms - getState
0.0589245
0.0657477
0.111383
482.2 ±  0.0 ms - Total time
318.9 ±  0.0 ms - Build f time
 37.8 ±  1.3 ms - Apply f time
288.4 ±  2.3 ms - Real f time 
 99.6 ±  1.3 ms - Add time
 10.9 ±  0.7 ms - Find child
 14.7 ±  0.4 ms - Add child
 73.3 ±  0.9 ms - Hash
112.3 ± 41.6 ms - Map
 37.8 ±  0.6 ms - getState
Dag sizes: 74483 94620 98693 
brutePieces time: 0.307695
 53.9 ±  0.0 ms - Piece loop time
 66.5 ± 48.2 ms - Set time
 33.3 ±  0.8 ms - Child looking time
Nodes:  267796
Pieces: 85390
makePieces time: 0.0551231
Memory: 1.8 + 12.5 + 8.6 + 16.9 + 3.1 MB
  0.1 ±  0.0 ms - Greedy fill time
composePieces time: 0.0617101
                                                                                