Running only task # 373
Using max depth 3
 |                                        | 0 / 416 (0.0%)Function count: 142
0.0784264
0.0853102
0.0802669
0.086827
0.0730508
0.0786585
0.0797851
0.0868672
 19.6 ±  0.0 ms - Piece loop time
 39.7 ± 35.0 ms - Set time
 16.1 ±  0.9 ms - Child looking time
0.0761472
0.0825274
0.167422
505.2 ±  0.0 ms - Total time
387.7 ±  0.0 ms - Build f time
 25.4 ±  0.5 ms - Apply f time
322.6 ±  3.6 ms - Real f time 
105.5 ±  7.6 ms - Add time
  4.8 ±  0.2 ms - Find child
  7.6 ±  0.3 ms - Add child
 90.3 ±  1.0 ms - Hash
 83.7 ± 41.2 ms - Map
 31.3 ±  0.6 ms - getState
0.081859
0.0882062
0.176978
682.2 ±  0.0 ms - Total time
469.5 ±  0.0 ms - Build f time
 42.2 ±  0.7 ms - Apply f time
398.7 ±  3.8 ms - Real f time 
151.2 ±  7.9 ms - Add time
  9.3 ±  0.3 ms - Find child
 14.4 ±  0.4 ms - Add child
127.3 ±  1.3 ms - Hash
103.3 ± 41.2 ms - Map
 52.4 ±  0.7 ms - getState
0.0747267
0.0811443
0.160667
842.9 ±  0.0 ms - Total time
544.3 ±  0.0 ms - Build f time
 59.0 ±  0.8 ms - Apply f time
469.2 ±  4.0 ms - Real f time 
189.1 ±  7.9 ms - Add time
 13.8 ±  0.4 ms - Find child
 20.9 ±  0.5 ms - Add child
159.6 ±  1.5 ms - Hash
119.9 ± 41.2 ms - Map
 70.7 ±  0.8 ms - getState
0.0816981
0.0886733
0.171114
1014.1 ±  0.0 ms - Total time
626.0 ±  0.0 ms - Build f time
 75.3 ±  0.9 ms - Apply f time
548.2 ±  4.3 ms - Real f time 
230.7 ±  8.0 ms - Add time
 17.9 ±  0.5 ms - Find child
 27.1 ±  0.6 ms - Add child
195.4 ±  1.6 ms - Hash
140.2 ± 41.2 ms - Map
 90.4 ±  0.9 ms - getState
Dag sizes: 120732 134407 107593 122809 
brutePieces time: 0.678979
 73.2 ±  0.0 ms - Piece loop time
 80.5 ± 47.9 ms - Set time
 51.2 ±  1.0 ms - Child looking time
Nodes:  485541
Pieces: 125597
makePieces time: 0.0744371
Memory: 6.5 + 20.1 + 15.5 + 24.5 + 5.1 MB
  7.6 ±  0.0 ms - Greedy fill time
composePieces time: 0.421271
                                                                                