Running only task # 51
Using max depth 3
 |                                        | 0 / 416 (0.0%)Function count: 142
0.0348938
0.03695
0.0426056
0.0462183
0.0481987
0.0513778
  5.9 ±  0.0 ms - Piece loop time
 40.8 ± 39.3 ms - Set time
  4.2 ±  0.4 ms - Child looking time
0.0565215
0.0591452
0.0731123
207.8 ±  0.0 ms - Total time
182.2 ±  0.0 ms - Build f time
  6.6 ±  0.4 ms - Apply f time
173.5 ±  2.3 ms - Real f time 
 28.4 ±  1.1 ms - Add time
  1.3 ±  0.1 ms - Find child
  1.5 ±  0.1 ms - Add child
 28.6 ±  0.5 ms - Hash
 48.7 ± 34.7 ms - Map
  7.1 ±  0.3 ms - getState
0.073847
0.0778422
0.104204
312.0 ±  0.0 ms - Total time
256.1 ±  0.0 ms - Build f time
 11.5 ±  0.5 ms - Apply f time
240.4 ±  2.8 ms - Real f time 
 47.4 ±  1.3 ms - Add time
  2.3 ±  0.2 ms - Find child
  3.1 ±  0.2 ms - Add child
 49.9 ±  0.7 ms - Hash
 55.9 ± 34.6 ms - Map
 16.4 ±  2.2 ms - getState
0.0872378
0.0920468
0.124645
436.7 ±  0.0 ms - Total time
343.3 ±  0.0 ms - Build f time
 17.1 ±  0.6 ms - Apply f time
314.5 ±  3.2 ms - Real f time 
 68.9 ±  1.5 ms - Add time
  3.7 ±  0.2 ms - Find child
  4.6 ±  0.2 ms - Add child
 76.0 ±  0.8 ms - Hash
 63.3 ± 34.6 ms - Map
 25.7 ±  2.2 ms - getState
Dag sizes: 23724 34749 37240 
brutePieces time: 0.304393
 13.9 ±  0.0 ms - Piece loop time
 47.7 ± 44.2 ms - Set time
 10.2 ±  1.2 ms - Child looking time
Nodes:  95713
Pieces: 20880
makePieces time: 0.0148713
Memory: 2.0 + 5.4 + 3.1 + 14.1 + 0.7 MB
  0.6 ±  0.0 ms - Greedy fill time
composePieces time: 0.0453469
                                                                                