Running only task # 318
Using max depth 3
 |                                        | 0 / 416 (0.0%)Function count: 142
0.450952
0.520228
0.553127
0.643821
0.549157
0.636607
0.824382
0.94456
 51.7 ±  0.0 ms - Piece loop time
 53.7 ± 39.1 ms - Set time
 37.2 ±  1.8 ms - Child looking time
0.452871
0.52141
0.911374
3656.8 ±  0.0 ms - Total time
2830.5 ±  0.0 ms - Build f time
188.8 ±  3.5 ms - Apply f time
2172.6 ± 27.0 ms - Real f time 
724.0 ±  7.1 ms - Add time
 14.6 ±  0.5 ms - Find child
 20.5 ±  0.5 ms - Add child
580.0 ±  4.1 ms - Hash
189.4 ± 39.5 ms - Map
235.6 ±  2.7 ms - getState
0.558594
0.648263
1.17397
4830.8 ±  0.0 ms - Total time
3389.1 ±  0.0 ms - Build f time
273.1 ±  3.9 ms - Apply f time
2640.5 ± 28.2 ms - Real f time 
1019.8 ±  8.0 ms - Add time
 29.6 ±  0.7 ms - Find child
 41.2 ±  0.7 ms - Add child
799.2 ±  4.6 ms - Hash
268.9 ± 39.5 ms - Map
413.1 ±  3.5 ms - getState
0.558283
0.647555
1.15363
5984.5 ±  0.0 ms - Total time
3947.4 ±  0.0 ms - Build f time
353.5 ±  4.2 ms - Apply f time
3097.5 ± 29.3 ms - Real f time 
1305.5 ±  8.9 ms - Add time
 43.7 ±  0.8 ms - Find child
 61.8 ±  0.9 ms - Add child
1012.1 ±  5.3 ms - Hash
344.1 ± 39.5 ms - Map
580.9 ±  4.0 ms - getState
0.793505
0.921696
1.64449
7629.0 ±  0.0 ms - Total time
4740.9 ±  0.0 ms - Build f time
456.6 ±  4.6 ms - Apply f time
3691.6 ± 30.9 ms - Real f time 
1823.5 ± 94.8 ms - Add time
 58.6 ±  0.9 ms - Find child
 81.8 ±  1.1 ms - Add child
1339.4 ±  6.1 ms - Hash
427.7 ± 39.5 ms - Map
823.3 ±  5.2 ms - getState
Dag sizes: 265377 339691 331248 336937 
brutePieces time: 4.88514
182.9 ±  0.0 ms - Piece loop time
 82.5 ± 16.6 ms - Set time
111.4 ±  1.8 ms - Child looking time
Nodes:  1273253
Pieces: 9428
makePieces time: 0.18337
Memory: 72.5 + 59.2 + 40.7 + 37.1 + 8.9 MB
  0.1 ±  0.0 ms - Greedy fill time
composePieces time: 0.0346685
                                                                                