Running only task # 289
Using max depth 3
 |                                        | 0 / 416 (0.0%)Function count: 142
0.192677
0.217703
0.172658
0.199599
0.172892
0.199413
0.181405
0.207752
0.168519
0.205047
0.168218
0.198571
0.194604
0.221518
 63.7 ±  0.0 ms - Piece loop time
 62.8 ± 48.8 ms - Set time
 46.1 ±  1.6 ms - Child looking time
0.168849
0.193316
0.315945
1765.9 ±  0.0 ms - Total time
1419.8 ±  0.0 ms - Build f time
 98.9 ±  1.2 ms - Apply f time
1183.2 ±  6.1 ms - Real f time 
351.6 ±  5.8 ms - Add time
 13.8 ±  0.5 ms - Find child
 18.2 ±  0.5 ms - Add child
207.3 ±  1.5 ms - Hash
204.1 ± 36.9 ms - Map
 96.2 ±  1.3 ms - getState
0.174795
0.201881
0.32999
2096.0 ±  0.0 ms - Total time
1594.6 ±  0.0 ms - Build f time
132.1 ±  1.5 ms - Apply f time
1352.2 ±  7.1 ms - Real f time 
426.1 ±  5.9 ms - Add time
 23.5 ±  0.6 ms - Find child
 31.2 ±  0.6 ms - Add child
256.6 ±  1.7 ms - Hash
250.3 ± 36.9 ms - Map
133.3 ±  1.5 ms - getState
0.170323
0.196218
0.325242
2421.3 ±  0.0 ms - Total time
1764.9 ±  0.0 ms - Build f time
165.7 ±  1.6 ms - Apply f time
1518.9 ± 10.3 ms - Real f time 
499.3 ±  6.1 ms - Add time
 31.6 ±  0.7 ms - Find child
 45.2 ±  0.8 ms - Add child
305.5 ±  1.9 ms - Hash
299.3 ± 36.9 ms - Map
170.1 ±  1.6 ms - getState
0.182578
0.20833
0.336099
2757.4 ±  0.0 ms - Total time
1947.5 ±  0.0 ms - Build f time
199.6 ±  1.8 ms - Apply f time
1689.1 ± 10.6 ms - Real f time 
586.4 ± 10.1 ms - Add time
 40.3 ±  0.7 ms - Find child
 57.9 ±  0.9 ms - Add child
355.0 ±  2.0 ms - Hash
388.3 ± 56.5 ms - Map
208.5 ±  1.8 ms - getState
0.174414
0.199397
0.331143
3088.6 ±  0.0 ms - Total time
2121.9 ±  0.0 ms - Build f time
232.0 ±  1.9 ms - Apply f time
1850.4 ± 10.8 ms - Real f time 
659.9 ± 10.2 ms - Add time
 49.8 ±  0.8 ms - Find child
 70.8 ±  1.0 ms - Add child
404.2 ±  2.1 ms - Hash
432.6 ± 56.5 ms - Map
248.7 ±  2.0 ms - getState
0.171684
0.195901
0.318326
3407.0 ±  0.0 ms - Total time
2293.6 ±  0.0 ms - Build f time
263.5 ±  2.1 ms - Apply f time
2001.5 ± 11.0 ms - Real f time 
730.8 ± 10.2 ms - Add time
 58.0 ±  0.9 ms - Find child
 83.0 ±  1.1 ms - Add child
450.9 ±  2.2 ms - Hash
476.1 ± 56.5 ms - Map
285.1 ±  2.1 ms - getState
0.187551
0.213936
0.341075
3748.1 ±  0.0 ms - Total time
2481.2 ±  0.0 ms - Build f time
296.5 ±  2.2 ms - Apply f time
2166.8 ± 11.2 ms - Real f time 
806.8 ± 10.3 ms - Add time
 67.4 ±  0.9 ms - Find child
 95.7 ±  1.2 ms - Add child
500.3 ±  2.4 ms - Hash
523.2 ± 56.6 ms - Map
323.6 ±  2.2 ms - getState
Dag sizes: 228493 232381 226758 231971 227146 219060 231908 
brutePieces time: 2.30352
242.8 ±  0.0 ms - Piece loop time
113.4 ± 52.7 ms - Set time
167.6 ±  6.0 ms - Child looking time
Nodes:  1597717
Pieces: 99183
makePieces time: 0.244679
Memory: 18.6 + 75.0 + 51.1 + 54.9 + 14.4 MB
  4.5 ±  0.4 ms - Greedy fill time
composePieces time: 0.837369
                                                                                