Running only task # 275
Using max depth 23
 |                                        | 0 / 416 (0.0%)Function count: 142
0.508573
0.586279
0.18034
0.204075
0.331589
0.378038
0.511682
0.583978
0.182139
0.207303
0.340348
0.386486
0.251704
0.284785
 76.1 ±  0.0 ms - Piece loop time
 55.4 ± 39.4 ms - Set time
 58.5 ±  1.9 ms - Child looking time
0.50206
0.574609
1.25353
3884.8 ±  0.0 ms - Total time
2808.4 ±  0.0 ms - Build f time
192.2 ±  2.3 ms - Apply f time
2371.9 ± 19.7 ms - Real f time 
796.2 ±  6.1 ms - Add time
 16.9 ±  0.5 ms - Find child
 23.1 ±  0.5 ms - Add child
583.7 ±  3.3 ms - Hash
233.7 ± 40.1 ms - Map
286.2 ±  4.2 ms - getState
0.181312
0.20424
0.412591
4297.5 ±  0.0 ms - Total time
2989.7 ±  0.0 ms - Build f time
229.3 ±  2.5 ms - Apply f time
2549.6 ± 20.3 ms - Real f time 
899.7 ±  6.3 ms - Add time
 25.2 ±  0.6 ms - Find child
 34.9 ±  0.7 ms - Add child
660.6 ±  3.5 ms - Hash
278.8 ± 40.1 ms - Map
342.9 ±  4.7 ms - getState
0.336901
0.382472
0.776073
5073.6 ±  0.0 ms - Total time
3326.6 ±  0.0 ms - Build f time
287.5 ±  3.1 ms - Apply f time
2866.1 ± 21.2 ms - Real f time 
1267.6 ± 111.2 ms - Add time
 35.4 ±  0.7 ms - Find child
 50.1 ±  0.9 ms - Add child
807.1 ±  3.8 ms - Hash
337.1 ± 40.1 ms - Map
450.5 ±  6.1 ms - getState
0.50688
0.580371
1.24947
6323.1 ±  0.0 ms - Total time
3833.5 ±  0.0 ms - Build f time
374.8 ±  3.3 ms - Apply f time
3327.6 ± 24.6 ms - Real f time 
1628.8 ± 112.7 ms - Add time
 47.2 ±  0.8 ms - Find child
 66.2 ±  1.0 ms - Add child
1061.4 ±  4.1 ms - Hash
406.0 ± 40.1 ms - Map
623.1 ±  6.2 ms - getState
0.184226
0.206695
0.422261
6745.4 ±  0.0 ms - Total time
4017.7 ±  0.0 ms - Build f time
410.8 ±  3.4 ms - Apply f time
3500.0 ± 24.7 ms - Real f time 
1735.0 ± 112.7 ms - Add time
 56.8 ±  0.9 ms - Find child
 79.2 ±  1.1 ms - Add child
1136.4 ±  4.3 ms - Hash
452.2 ± 40.1 ms - Map
682.2 ±  6.8 ms - getState
0.340201
0.386796
0.79869
7544.2 ±  0.0 ms - Total time
4357.9 ±  0.0 ms - Build f time
470.6 ±  3.6 ms - Apply f time
3820.2 ± 25.3 ms - Real f time 
1945.2 ± 112.8 ms - Add time
 67.0 ±  1.0 ms - Find child
 94.9 ±  1.2 ms - Add child
1283.2 ±  4.4 ms - Hash
527.5 ± 40.6 ms - Map
791.5 ±  6.9 ms - getState
0.25562
0.287501
0.607322
8151.5 ±  0.0 ms - Total time
4613.6 ±  0.0 ms - Build f time
519.5 ±  3.7 ms - Apply f time
4059.9 ± 25.7 ms - Real f time 
2227.9 ± 169.6 ms - Add time
 76.6 ±  1.0 ms - Find child
108.6 ±  1.4 ms - Add child
1395.3 ±  4.5 ms - Hash
587.8 ± 40.7 ms - Map
872.6 ±  7.0 ms - getState
Dag sizes: 394380 289868 347468 393969 287104 346113 325564 
brutePieces time: 5.52279
326.3 ±  0.0 ms - Piece loop time
111.9 ± 15.3 ms - Set time
217.0 ±  3.9 ms - Child looking time
Nodes:  2384466
Pieces: 331310
makePieces time: 0.328977
Memory: 73.0 + 77.2 + 76.3 + 67.5 + 21.5 MB
119.4 ±  6.9 ms - Greedy fill time
composePieces time: 17.941
                                                                                