Running only task # 294
Using max depth 3
 |                                        | 0 / 416 (0.0%)Function count: 142
0.136441
0.151699
0.146573
0.165865
0.158029
0.180696
0.15188
0.173335
 38.5 ±  0.0 ms - Piece loop time
 45.1 ± 36.3 ms - Set time
 46.4 ± 16.1 ms - Child looking time
0.136174
0.150373
0.24869
920.5 ±  0.0 ms - Total time
729.1 ±  0.0 ms - Build f time
 51.2 ±  0.9 ms - Apply f time
639.0 ± 15.9 ms - Real f time 
176.9 ±  2.4 ms - Add time
  9.3 ±  0.7 ms - Find child
 12.8 ±  0.5 ms - Add child
122.7 ±  1.2 ms - Hash
150.7 ± 57.0 ms - Map
 54.5 ±  1.1 ms - getState
0.161741
0.184032
0.299145
1219.7 ±  0.0 ms - Total time
890.8 ±  0.0 ms - Build f time
 80.5 ±  1.1 ms - Apply f time
791.6 ± 16.1 ms - Real f time 
245.9 ±  2.7 ms - Add time
 17.1 ±  0.8 ms - Find child
 24.3 ±  0.7 ms - Add child
169.3 ±  1.4 ms - Hash
188.6 ± 57.0 ms - Map
 88.5 ±  1.3 ms - getState
0.169204
0.191908
0.324286
1544.0 ±  0.0 ms - Total time
1060.0 ±  0.0 ms - Build f time
111.3 ±  1.3 ms - Apply f time
947.1 ± 16.2 ms - Real f time 
321.2 ±  2.9 ms - Add time
 26.1 ±  0.9 ms - Find child
 36.8 ±  0.8 ms - Add child
220.8 ±  1.6 ms - Hash
229.0 ± 57.0 ms - Map
125.9 ±  1.4 ms - getState
0.161762
0.189869
0.336485
1880.5 ±  0.0 ms - Total time
1221.8 ±  0.0 ms - Build f time
147.6 ±  1.5 ms - Apply f time
1116.4 ± 18.4 ms - Real f time 
401.7 ±  3.2 ms - Add time
 35.8 ±  0.9 ms - Find child
 50.6 ±  0.9 ms - Add child
277.0 ±  5.9 ms - Hash
269.7 ± 57.0 ms - Map
167.0 ±  1.5 ms - getState
Dag sizes: 187716 233036 251824 241288 
brutePieces time: 1.21144
165.4 ±  0.0 ms - Piece loop time
 86.0 ± 37.5 ms - Set time
110.4 ±  1.5 ms - Child looking time
Nodes:  913864
Pieces: 190844
makePieces time: 0.166772
Memory: 9.8 + 37.6 + 29.2 + 31.4 + 10.4 MB
  0.6 ±  0.0 ms - Greedy fill time
composePieces time: 0.274822
                                                                                