Running only task # 374
Using max depth 23
 |                                        | 0 / 416 (0.0%)Function count: 142
0.0768839
0.0824112
0.122335
0.130687
0.0449841
0.0475954
0.0767921
0.0846454
0.127437
0.136172
0.0494162
0.052075
0.112265
0.1228
 62.3 ±  0.0 ms - Piece loop time
 44.9 ± 33.4 ms - Set time
 47.1 ±  1.6 ms - Child looking time
0.0832986
0.0884067
0.154195
810.9 ±  0.0 ms - Total time
693.4 ±  0.0 ms - Build f time
 27.7 ±  0.6 ms - Apply f time
547.9 ±  7.5 ms - Real f time 
140.1 ±  1.8 ms - Add time
  4.7 ±  0.2 ms - Find child
  6.5 ±  0.3 ms - Add child
124.5 ±  5.2 ms - Hash
133.0 ± 49.0 ms - Map
 36.5 ±  1.7 ms - getState
0.118492
0.126932
0.259375
1070.3 ±  0.0 ms - Total time
811.9 ±  0.0 ms - Build f time
 50.7 ±  1.1 ms - Apply f time
656.4 ±  8.4 ms - Real f time 
211.9 ± 11.4 ms - Add time
 10.8 ±  0.4 ms - Find child
 13.7 ±  0.4 ms - Add child
170.9 ±  5.2 ms - Hash
167.0 ± 49.0 ms - Map
 75.0 ±  5.2 ms - getState
0.0399701
0.0426347
0.0692474
1139.7 ±  0.0 ms - Total time
851.9 ±  0.0 ms - Build f time
 56.2 ±  1.2 ms - Apply f time
692.6 ±  8.5 ms - Real f time 
225.3 ± 11.4 ms - Add time
 12.8 ±  0.8 ms - Find child
 15.7 ±  0.4 ms - Add child
183.4 ±  5.3 ms - Hash
178.8 ± 49.1 ms - Map
 82.5 ±  5.2 ms - getState
0.0829317
0.088013
0.14932
1289.0 ±  0.0 ms - Total time
934.8 ±  0.0 ms - Build f time
 67.7 ±  1.2 ms - Apply f time
763.0 ±  8.6 ms - Real f time 
261.7 ± 12.1 ms - Add time
 16.6 ±  0.8 ms - Find child
 19.8 ±  0.5 ms - Add child
210.5 ±  5.3 ms - Hash
197.6 ± 49.1 ms - Map
 98.3 ±  5.2 ms - getState
0.120356
0.128798
0.242299
1531.3 ±  0.0 ms - Total time
1055.2 ±  0.0 ms - Build f time
 86.3 ±  1.3 ms - Apply f time
872.5 ± 12.3 ms - Real f time 
318.1 ± 12.2 ms - Add time
 21.6 ±  0.8 ms - Find child
 26.8 ±  0.6 ms - Add child
257.7 ±  5.4 ms - Hash
228.2 ± 49.0 ms - Map
127.8 ±  5.2 ms - getState
0.0392908
0.0420411
0.0662391
1597.6 ±  0.0 ms - Total time
1094.4 ±  0.0 ms - Build f time
 91.3 ±  1.3 ms - Apply f time
910.2 ± 12.4 ms - Real f time 
333.3 ± 12.2 ms - Add time
 23.2 ±  0.8 ms - Find child
 29.0 ±  0.6 ms - Add child
269.9 ±  5.4 ms - Hash
236.0 ± 49.0 ms - Map
134.7 ±  5.3 ms - getState
0.111636
0.121359
0.21925
1816.9 ±  0.0 ms - Total time
1206.1 ±  0.0 ms - Build f time
110.8 ±  1.4 ms - Apply f time
1010.9 ± 12.5 ms - Real f time 
387.9 ± 12.3 ms - Add time
 29.1 ±  0.9 ms - Find child
 37.0 ±  0.7 ms - Add child
307.7 ±  5.4 ms - Hash
263.5 ± 49.0 ms - Map
165.1 ±  5.3 ms - getState
Dag sizes: 104523 153072 48591 104701 152534 48579 177263 
brutePieces time: 1.1659
163.7 ±  0.0 ms - Piece loop time
 63.9 ± 36.3 ms - Set time
127.2 ±  1.9 ms - Child looking time
Nodes:  789263
Pieces: 131486
makePieces time: 0.165041
Memory: 9.9 + 30.0 + 25.3 + 42.0 + 8.7 MB
 32.3 ±  1.8 ms - Greedy fill time
composePieces time: 3.1067
                                                                                