Running only task # 352
Using max depth 33
 |                                        | 0 / 416 (0.0%)Function count: 142
0.942196
1.03731
1.19802
1.36416
0.889416
0.974863
0.95888
1.05714
1.20751
1.37333
0.911705
1.00065
1.26969
1.43867
 72.6 ±  0.0 ms - Piece loop time
 38.1 ± 27.9 ms - Set time
 58.1 ±  1.8 ms - Child looking time
0.962847
1.05919
1.63643
9882.9 ±  0.0 ms - Total time
8340.3 ±  0.0 ms - Build f time
440.4 ± 13.0 ms - Apply f time
8002.6 ± 115.6 ms - Real f time 
1681.7 ± 157.2 ms - Add time
 14.5 ±  0.4 ms - Find child
 21.2 ±  0.7 ms - Add child
886.0 ±  5.3 ms - Hash
205.6 ± 40.7 ms - Map
534.5 ±  8.0 ms - getState
1.17999
1.34661
2.19702
12079.9 ±  0.0 ms - Total time
9520.3 ±  0.0 ms - Build f time
586.7 ± 13.8 ms - Apply f time
9138.6 ± 117.9 ms - Real f time 
2191.2 ± 158.1 ms - Add time
 29.7 ±  0.6 ms - Find child
 41.2 ±  0.8 ms - Add child
1222.9 ±  5.9 ms - Hash
281.6 ± 40.7 ms - Map
810.3 ±  9.1 ms - getState
0.897995
0.989045
1.57816
13658.1 ±  0.0 ms - Total time
10418.2 ±  0.0 ms - Build f time
677.6 ± 14.1 ms - Apply f time
9981.8 ± 120.3 ms - Real f time 
2546.4 ± 160.4 ms - Add time
 41.0 ±  0.7 ms - Find child
 56.6 ±  1.0 ms - Add child
1487.8 ±  6.1 ms - Hash
336.6 ± 40.6 ms - Map
979.3 ±  9.7 ms - getState
0.980782
1.0775
1.71677
15374.9 ±  0.0 ms - Total time
11399.0 ±  0.0 ms - Build f time
780.2 ± 14.5 ms - Apply f time
10946.3 ± 125.8 ms - Real f time 
2909.8 ± 160.6 ms - Add time
 53.8 ±  0.8 ms - Find child
 72.4 ±  1.1 ms - Add child
1760.6 ±  6.4 ms - Hash
399.1 ± 40.6 ms - Map
1170.8 ± 10.9 ms - getState
1.18975
1.35484
2.21874
17593.7 ±  0.0 ms - Total time
12588.8 ±  0.0 ms - Build f time
927.3 ± 15.3 ms - Apply f time
12139.2 ± 131.0 ms - Real f time 
3422.9 ± 161.0 ms - Add time
 68.8 ±  0.9 ms - Find child
 92.6 ±  1.2 ms - Add child
2106.4 ±  6.9 ms - Hash
478.3 ± 40.7 ms - Map
1442.8 ± 11.6 ms - getState
0.928242
1.01592
1.6308
19224.5 ±  0.0 ms - Total time
13517.0 ±  0.0 ms - Build f time
1018.3 ± 15.5 ms - Apply f time
13040.5 ± 134.4 ms - Real f time 
3860.5 ± 189.8 ms - Add time
 79.3 ±  1.0 ms - Find child
108.0 ±  1.2 ms - Add child
2380.5 ±  7.1 ms - Hash
532.3 ± 40.7 ms - Map
1615.4 ± 12.0 ms - getState
1.28055
1.44821
2.3824
21607.0 ±  0.0 ms - Total time
14797.6 ±  0.0 ms - Build f time
1176.4 ± 16.1 ms - Apply f time
14257.2 ± 136.8 ms - Real f time 
4406.5 ± 190.1 ms - Add time
 95.3 ±  1.1 ms - Find child
130.2 ±  1.4 ms - Add child
2763.1 ±  9.6 ms - Hash
624.2 ± 40.8 ms - Map
1893.2 ± 12.7 ms - getState
Dag sizes: 280688 407457 282717 291298 418867 294738 440842 
brutePieces time: 13.3638
356.3 ±  0.0 ms - Piece loop time
123.0 ± 41.7 ms - Set time
255.2 ±  2.5 ms - Child looking time
Nodes:  2416607
Pieces: 417294
makePieces time: 0.359298
Memory: 164.0 + 79.4 + 77.3 + 68.0 + 24.4 MB
991.2 ± 114.8 ms - Greedy fill time
composePieces time: 38.4895
                                                                                