Running only task # 343
Using max depth 33
 |                                        | 0 / 416 (0.0%)Function count: 142
0.0569081
0.060529
0.0664899
0.0709449
0.118758
0.125823
0.0575321
0.0610126
0.0644254
0.0691274
0.12061
0.128154
0.145733
0.155891
 41.8 ±  0.0 ms - Piece loop time
 55.5 ± 47.8 ms - Set time
 33.6 ±  1.2 ms - Child looking time
0.0587342
0.0624789
0.153726
825.5 ±  0.0 ms - Total time
689.2 ±  0.0 ms - Build f time
 27.7 ±  0.9 ms - Apply f time
528.4 ±  5.0 ms - Real f time 
154.8 ±  4.2 ms - Add time
  6.2 ±  0.9 ms - Find child
  7.2 ±  0.3 ms - Add child
143.4 ±  2.0 ms - Hash
107.6 ± 39.2 ms - Map
 35.0 ±  0.7 ms - getState
0.0708111
0.0760683
0.197973
1023.5 ±  0.0 ms - Total time
760.0 ±  0.0 ms - Build f time
 47.1 ±  1.0 ms - Apply f time
596.5 ±  5.1 ms - Real f time 
205.9 ±  4.3 ms - Add time
 11.9 ±  0.9 ms - Find child
 14.1 ±  0.4 ms - Add child
182.2 ±  2.1 ms - Hash
138.6 ± 39.3 ms - Map
 60.1 ±  0.9 ms - getState
0.139599
0.147792
0.435224
1458.8 ±  0.0 ms - Total time
899.6 ±  0.0 ms - Build f time
 84.0 ±  1.2 ms - Apply f time
729.5 ±  6.4 ms - Real f time 
328.0 ±  4.6 ms - Add time
 20.2 ±  1.0 ms - Find child
 25.1 ±  0.6 ms - Add child
291.0 ± 16.7 ms - Hash
188.8 ± 39.3 ms - Map
119.2 ±  1.1 ms - getState
0.05923
0.0626972
0.151169
1610.0 ±  0.0 ms - Total time
958.8 ±  0.0 ms - Build f time
 98.2 ±  1.3 ms - Apply f time
787.6 ±  6.5 ms - Real f time 
367.0 ±  4.7 ms - Add time
 24.9 ±  1.0 ms - Find child
 30.6 ±  0.6 ms - Add child
324.0 ± 16.7 ms - Hash
203.2 ± 39.3 ms - Map
139.1 ±  1.3 ms - getState
0.0655031
0.069629
0.18318
1793.2 ±  0.0 ms - Total time
1024.3 ±  0.0 ms - Build f time
117.0 ±  1.4 ms - Apply f time
857.7 ±  8.6 ms - Real f time 
461.9 ± 44.6 ms - Add time
 30.4 ±  1.0 ms - Find child
 38.0 ±  0.7 ms - Add child
362.2 ± 16.7 ms - Hash
225.5 ± 39.3 ms - Map
162.1 ±  1.4 ms - getState
0.12201
0.128998
0.392167
2185.4 ±  0.0 ms - Total time
1146.3 ±  0.0 ms - Build f time
150.3 ±  1.5 ms - Apply f time
975.0 ±  8.9 ms - Real f time 
579.1 ± 44.6 ms - Add time
 37.8 ±  1.1 ms - Find child
 48.9 ±  0.8 ms - Add child
455.0 ± 16.7 ms - Hash
261.2 ± 39.3 ms - Map
216.5 ±  1.5 ms - getState
0.150854
0.160735
0.505555
2691.0 ±  0.0 ms - Total time
1297.2 ±  0.0 ms - Build f time
192.9 ±  1.6 ms - Apply f time
1120.8 ±  9.3 ms - Real f time 
728.4 ± 44.5 ms - Add time
 47.7 ±  1.2 ms - Find child
 62.3 ±  0.9 ms - Add child
567.1 ± 16.7 ms - Hash
315.8 ± 39.2 ms - Map
286.5 ±  1.7 ms - getState
Dag sizes: 116586 161259 252281 117531 161237 253443 310692 
brutePieces time: 2.02406
218.7 ±  0.0 ms - Piece loop time
 88.8 ± 46.2 ms - Set time
179.1 ± 11.6 ms - Child looking time
Nodes:  1373029
Pieces: 223393
makePieces time: 0.220594
Memory: 27.0 + 44.5 + 43.9 + 51.3 + 14.3 MB
 73.4 ± 21.5 ms - Greedy fill time
composePieces time: 7.00529
                                                                                