Running only task # 387
Using max depth 23
 |                                        | 0 / 416 (0.0%)Function count: 142
0.242396
0.275906
0.237305
0.267746
0.229696
0.262225
0.239158
0.269897
0.23886
0.271079
 48.6 ±  0.0 ms - Piece loop time
 75.7 ± 60.5 ms - Set time
 30.5 ±  1.5 ms - Child looking time
0.240181
0.271233
0.414461
1761.7 ±  0.0 ms - Total time
1427.6 ±  0.0 ms - Build f time
 77.4 ±  1.3 ms - Apply f time
1188.9 ± 18.3 ms - Real f time 
358.7 ± 31.0 ms - Add time
  6.6 ±  0.3 ms - Find child
 10.3 ±  0.4 ms - Add child
250.2 ±  1.4 ms - Hash
143.3 ± 37.8 ms - Map
 96.2 ±  1.1 ms - getState
0.236711
0.267093
0.452227
2213.9 ±  0.0 ms - Total time
1664.3 ±  0.0 ms - Build f time
106.5 ±  1.5 ms - Apply f time
1393.8 ± 18.6 ms - Real f time 
463.7 ± 31.0 ms - Add time
 11.6 ±  0.4 ms - Find child
 17.4 ±  0.5 ms - Add child
333.9 ±  1.6 ms - Hash
176.5 ± 37.8 ms - Map
158.2 ±  1.3 ms - getState
0.233075
0.264726
0.405773
2619.7 ±  0.0 ms - Total time
1897.4 ±  0.0 ms - Build f time
132.5 ±  1.7 ms - Apply f time
1608.5 ± 19.1 ms - Real f time 
552.5 ± 31.1 ms - Add time
 16.8 ±  0.7 ms - Find child
 23.9 ±  0.5 ms - Add child
403.7 ±  1.7 ms - Hash
207.5 ± 37.8 ms - Map
206.6 ±  1.4 ms - getState
0.245913
0.276063
0.459776
3079.5 ±  0.0 ms - Total time
2143.3 ±  0.0 ms - Build f time
161.3 ±  1.8 ms - Apply f time
1821.8 ± 19.4 ms - Real f time 
663.2 ± 31.1 ms - Add time
 21.5 ±  0.8 ms - Find child
 34.1 ±  2.5 ms - Add child
490.0 ±  2.8 ms - Hash
242.3 ± 37.9 ms - Map
265.7 ±  1.6 ms - getState
0.244422
0.273944
0.448128
3527.7 ±  0.0 ms - Total time
2387.7 ±  0.0 ms - Build f time
189.4 ±  1.9 ms - Apply f time
2028.7 ± 19.7 ms - Real f time 
764.9 ± 31.1 ms - Add time
 26.6 ±  0.9 ms - Find child
 41.3 ±  2.5 ms - Add child
573.7 ±  2.9 ms - Hash
273.1 ± 37.9 ms - Map
323.1 ±  1.7 ms - getState
Dag sizes: 173045 200032 173143 200425 193280 
brutePieces time: 2.18334
105.2 ±  0.0 ms - Piece loop time
 74.6 ± 43.3 ms - Set time
 68.8 ±  1.6 ms - Child looking time
Nodes:  939925
Pieces: 156029
makePieces time: 0.106609
Memory: 24.6 + 31.6 + 30.1 + 36.0 + 8.0 MB
 30.7 ±  0.0 ms - Greedy fill time
composePieces time: 1.20845
                                                                                