Running only task # 41
Using max depth 4
 |                                        | 0 / 416 (0.0%)Function count: 142
0.051534
0.0572345
0.0747993
0.0822903
0.0867737
0.0980313
0.0805203
0.0893341
0.102201
0.112028
 64.2 ±  0.0 ms - Piece loop time
 48.1 ± 37.6 ms - Set time
 54.9 ±  1.5 ms - Child looking time
1.1606
1.2735
1.50553
1944.6 ±  0.0 ms - Total time
1556.4 ±  0.0 ms - Build f time
100.1 ±  1.2 ms - Apply f time
1437.5 ±  6.5 ms - Real f time 
312.2 ±  7.4 ms - Add time
 26.2 ±  0.7 ms - Find child
 36.0 ±  1.2 ms - Add child
248.2 ±  4.9 ms - Hash
335.7 ± 41.1 ms - Map
107.6 ±  1.2 ms - getState
1.8231
2.01752
2.41705
4361.7 ±  0.0 ms - Total time
3379.5 ±  0.0 ms - Build f time
246.1 ±  3.1 ms - Apply f time
3133.8 ±  8.8 ms - Real f time 
723.5 ± 29.6 ms - Add time
 65.2 ±  1.0 ms - Find child
 87.3 ±  1.5 ms - Add child
545.9 ±  5.7 ms - Hash
728.2 ± 41.3 ms - Map
273.7 ±  1.9 ms - getState
2.23871
2.48738
3.01315
7374.9 ±  0.0 ms - Total time
5618.2 ±  0.0 ms - Build f time
427.0 ±  3.7 ms - Apply f time
5206.9 ± 15.9 ms - Real f time 
1207.9 ± 30.7 ms - Add time
112.0 ±  1.3 ms - Find child
150.1 ±  1.8 ms - Add child
921.8 ± 10.2 ms - Hash
1195.8 ± 41.4 ms - Map
497.8 ±  3.2 ms - getState
1.96963
2.16927
2.59634
9971.3 ±  0.0 ms - Total time
7587.9 ±  0.0 ms - Build f time
575.3 ±  3.9 ms - Apply f time
7040.4 ± 17.1 ms - Real f time 
1645.7 ± 37.3 ms - Add time
151.2 ±  1.5 ms - Find child
203.7 ±  2.0 ms - Add child
1236.8 ± 10.4 ms - Hash
1611.8 ± 41.5 ms - Map
666.6 ±  3.5 ms - getState
2.40757
2.63207
3.05729
13028.6 ±  0.0 ms - Total time
9995.4 ±  0.0 ms - Build f time
738.1 ±  4.3 ms - Apply f time
9310.8 ± 18.6 ms - Real f time 
2133.4 ± 40.2 ms - Add time
191.7 ±  1.6 ms - Find child
258.0 ±  2.2 ms - Add child
1589.9 ± 11.6 ms - Hash
1981.4 ± 41.7 ms - Map
868.5 ±  3.8 ms - getState
Dag sizes: 658660 1041840 1263652 1112663 1084452 
brutePieces time: 12.5919
4763.1 ±  0.0 ms - Piece loop time
991.9 ± 15.8 ms - Set time
3487.3 ± 23.6 ms - Child looking time
Nodes:  5161267
Pieces: 270166
makePieces time: 4.76633
Memory: 49.6 + 363.6 + 165.2 + 120.3 + 116.5 MB
  0.5 ±  0.0 ms - Greedy fill time
composePieces time: 0.603704
                                                                                