Running only task # 120
Using max depth 23
 |                                        | 0 / 416 (0.0%)Function count: 142
0.053035
0.05771
0.0682758
0.0758857
0.115253
0.127212
0.0526463
0.0570667
0.0672059
0.0743295
0.114955
0.127325
0.0746001
0.0825914
 55.3 ±  0.0 ms - Piece loop time
 44.4 ± 35.4 ms - Set time
 44.0 ±  1.5 ms - Child looking time
0.0577927
0.0620606
0.0966161
699.0 ±  0.0 ms - Total time
603.8 ±  0.0 ms - Build f time
 26.4 ±  0.6 ms - Apply f time
499.9 ±  4.1 ms - Real f time 
114.4 ±  2.0 ms - Add time
  4.2 ±  0.2 ms - Find child
  5.6 ±  0.3 ms - Add child
111.3 ±  1.3 ms - Hash
100.9 ± 36.1 ms - Map
 25.2 ±  0.5 ms - getState
0.0690976
0.0757933
0.129877
828.9 ±  0.0 ms - Total time
672.9 ±  0.0 ms - Build f time
 39.7 ±  0.7 ms - Apply f time
564.7 ±  4.3 ms - Real f time 
142.9 ±  2.1 ms - Add time
  8.1 ±  0.3 ms - Find child
  9.8 ±  0.4 ms - Add child
133.7 ±  1.4 ms - Hash
118.6 ± 36.1 ms - Map
 38.5 ±  0.6 ms - getState
0.118901
0.130955
0.22999
1059.0 ±  0.0 ms - Total time
791.8 ±  0.0 ms - Build f time
 56.5 ±  0.8 ms - Apply f time
669.1 ±  4.7 ms - Real f time 
194.7 ±  2.4 ms - Add time
 11.7 ±  0.4 ms - Find child
 15.2 ±  0.4 ms - Add child
181.0 ±  3.1 ms - Hash
145.4 ± 36.2 ms - Map
 61.9 ±  0.7 ms - getState
0.0541699
0.0586645
0.0944452
1153.5 ±  0.0 ms - Total time
845.9 ±  0.0 ms - Build f time
 64.6 ±  0.9 ms - Apply f time
720.5 ±  4.8 ms - Real f time 
213.2 ±  2.4 ms - Add time
 14.1 ±  0.4 ms - Find child
 18.0 ±  0.5 ms - Add child
198.6 ±  3.1 ms - Hash
159.8 ± 36.2 ms - Map
 70.5 ±  0.8 ms - getState
0.0688674
0.0762098
0.136072
1289.6 ±  0.0 ms - Total time
914.8 ±  0.0 ms - Build f time
 78.7 ±  0.9 ms - Apply f time
786.7 ±  5.0 ms - Real f time 
242.9 ±  2.6 ms - Add time
 17.5 ±  0.5 ms - Find child
 22.6 ±  0.5 ms - Add child
221.5 ±  3.1 ms - Hash
180.2 ± 36.1 ms - Map
 85.8 ±  1.0 ms - getState
0.117882
0.130087
0.22689
1516.6 ±  0.0 ms - Total time
1032.7 ±  0.0 ms - Build f time
 96.3 ±  1.0 ms - Apply f time
890.0 ±  5.3 ms - Real f time 
294.0 ±  2.8 ms - Add time
 21.1 ±  0.5 ms - Find child
 28.6 ±  0.6 ms - Add child
265.5 ±  3.2 ms - Hash
206.7 ± 36.1 ms - Map
110.1 ±  1.1 ms - getState
0.0753783
0.0835111
0.135172
1651.8 ±  0.0 ms - Total time
1108.1 ±  0.0 ms - Build f time
107.3 ±  1.1 ms - Apply f time
957.2 ±  5.5 ms - Real f time 
323.5 ±  3.0 ms - Add time
 23.7 ±  0.5 ms - Find child
 32.3 ±  0.6 ms - Add child
290.3 ±  3.2 ms - Hash
225.6 ± 36.1 ms - Map
123.5 ±  1.1 ms - getState
Dag sizes: 66229 88042 131724 66229 88000 131212 93887 
brutePieces time: 1.0549
146.4 ±  0.0 ms - Piece loop time
 70.4 ± 36.7 ms - Set time
102.9 ±  1.8 ms - Child looking time
Nodes:  665323
Pieces: 106880
makePieces time: 0.14793
Memory: 8.1 + 26.5 + 21.3 + 40.0 + 7.7 MB
 24.3 ±  3.8 ms - Greedy fill time
composePieces time: 1.47066
                                                                                