Running only task # 178
Using max depth 3
 |                                        | 0 / 416 (0.0%)Function count: 142
0.0605817
0.0672407
0.0631307
0.0700284
0.0674183
0.0752989
0.0657886
0.0734262
0.0690986
0.0792989
0.0638347
0.0699279
 57.2 ±  0.0 ms - Piece loop time
 44.8 ± 34.5 ms - Set time
 44.6 ±  1.3 ms - Child looking time
0.0655033
0.0719885
0.0980604
533.5 ±  0.0 ms - Total time
455.4 ±  0.0 ms - Build f time
 25.6 ±  0.5 ms - Apply f time
402.0 ±  4.3 ms - Real f time 
101.0 ±  1.4 ms - Add time
  4.5 ±  0.2 ms - Find child
  5.9 ±  0.3 ms - Add child
 68.3 ±  0.9 ms - Hash
103.0 ± 37.3 ms - Map
 23.4 ±  0.4 ms - getState
0.0658861
0.0732262
0.0954004
628.9 ±  0.0 ms - Total time
521.2 ±  0.0 ms - Build f time
 34.6 ±  0.6 ms - Apply f time
464.6 ±  4.5 ms - Real f time 
121.4 ±  1.5 ms - Add time
  6.9 ±  0.3 ms - Find child
  9.5 ±  0.3 ms - Add child
 82.1 ±  1.0 ms - Hash
116.5 ± 37.4 ms - Map
 32.0 ±  0.5 ms - getState
0.0709928
0.0789337
0.105882
734.8 ±  0.0 ms - Total time
592.2 ±  0.0 ms - Build f time
 44.5 ±  0.7 ms - Apply f time
530.7 ±  4.6 ms - Real f time 
143.7 ±  1.6 ms - Add time
  9.9 ±  0.4 ms - Find child
 13.0 ±  0.4 ms - Add child
 99.7 ±  2.0 ms - Hash
131.6 ± 37.4 ms - Map
 42.3 ±  0.7 ms - getState
0.0818054
0.0941964
0.127505
862.4 ±  0.0 ms - Total time
674.0 ±  0.0 ms - Build f time
 57.4 ±  0.8 ms - Apply f time
607.7 ±  4.7 ms - Real f time 
177.6 ±  6.7 ms - Add time
 13.5 ±  0.4 ms - Find child
 17.9 ±  0.5 ms - Add child
116.3 ±  2.0 ms - Hash
147.8 ± 37.4 ms - Map
 54.2 ±  0.7 ms - getState
0.069696
0.0772662
0.100013
962.4 ±  0.0 ms - Total time
743.7 ±  0.0 ms - Build f time
 65.2 ±  0.9 ms - Apply f time
671.9 ±  4.8 ms - Real f time 
196.8 ±  6.7 ms - Add time
 16.0 ±  0.5 ms - Find child
 21.1 ±  0.5 ms - Add child
130.0 ±  2.1 ms - Hash
175.7 ± 39.4 ms - Map
 62.1 ±  0.8 ms - getState
0.0584477
0.0645186
0.0941478
1056.6 ±  0.0 ms - Total time
802.2 ±  0.0 ms - Build f time
 75.6 ±  0.9 ms - Apply f time
727.3 ±  4.9 ms - Real f time 
216.6 ±  6.7 ms - Add time
 18.9 ±  0.5 ms - Find child
 25.6 ±  0.6 ms - Add child
143.4 ±  2.1 ms - Hash
188.4 ± 39.4 ms - Map
 72.2 ±  0.8 ms - getState
Dag sizes: 71884 76648 89854 83289 68661 70870 
brutePieces time: 0.625066
119.1 ±  0.0 ms - Piece loop time
 62.6 ± 39.9 ms - Set time
103.6 ± 16.9 ms - Child looking time
Nodes:  461206
Pieces: 43402
makePieces time: 0.120407
Memory: 2.6 + 25.9 + 14.8 + 32.5 + 5.8 MB
  1.6 ±  0.2 ms - Greedy fill time
composePieces time: 0.316013
                                                                                