Running only task # 212
Using max depth 33
 |                                        | 0 / 416 (0.0%)Function count: 142
0.0171544
0.0181461
0.0175264
0.0185034
0.015617
0.0164956
0.0164186
0.0172966
0.0181185
0.0190898
0.0159228
0.0167753
0.0143677
0.0151157
 37.9 ±  0.0 ms - Piece loop time
 40.9 ± 37.3 ms - Set time
 33.5 ±  1.0 ms - Child looking time
0.0233803
0.0244398
0.0317959
153.3 ±  0.0 ms - Total time
138.5 ±  0.0 ms - Build f time
  4.4 ±  0.2 ms - Apply f time
142.6 ±  9.6 ms - Real f time 
 27.6 ±  2.5 ms - Add time
  1.0 ±  0.1 ms - Find child
  1.7 ±  0.1 ms - Add child
 23.6 ±  0.5 ms - Hash
 56.0 ± 40.1 ms - Map
  4.1 ±  0.2 ms - getState
0.024771
0.0259356
0.0319637
185.3 ±  0.0 ms - Total time
163.3 ±  0.0 ms - Build f time
  6.3 ±  0.3 ms - Apply f time
167.7 ±  9.6 ms - Real f time 
 33.2 ±  2.5 ms - Add time
  1.8 ±  0.2 ms - Find child
  2.6 ±  0.2 ms - Add child
 28.7 ±  0.6 ms - Hash
 92.7 ± 51.8 ms - Map
  5.8 ±  0.2 ms - getState
0.020987
0.0219537
0.0281526
213.5 ±  0.0 ms - Total time
184.3 ±  0.0 ms - Build f time
  8.4 ±  0.3 ms - Apply f time
187.1 ±  9.6 ms - Real f time 
 38.4 ±  2.5 ms - Add time
  2.4 ±  0.2 ms - Find child
  3.3 ±  0.2 ms - Add child
 43.4 ±  9.8 ms - Hash
 96.8 ± 51.8 ms - Map
  7.5 ±  0.3 ms - getState
0.0238259
0.024954
0.0330597
246.6 ±  0.0 ms - Total time
208.1 ±  0.0 ms - Build f time
 10.8 ±  0.3 ms - Apply f time
209.9 ±  9.6 ms - Real f time 
 44.5 ±  2.5 ms - Add time
  3.0 ±  0.2 ms - Find child
  4.2 ±  0.2 ms - Add child
 49.1 ±  9.8 ms - Hash
101.8 ± 51.7 ms - Map
  9.5 ±  0.3 ms - getState
0.0244873
0.0256827
0.0317596
278.4 ±  0.0 ms - Total time
232.6 ±  0.0 ms - Build f time
 12.7 ±  0.4 ms - Apply f time
234.3 ±  9.7 ms - Real f time 
 50.1 ±  2.5 ms - Add time
  3.8 ±  0.2 ms - Find child
  5.1 ±  0.3 ms - Add child
 54.0 ±  9.8 ms - Hash
105.8 ± 51.7 ms - Map
 11.3 ±  0.3 ms - getState
0.0215119
0.0226002
0.0288527
307.2 ±  0.0 ms - Total time
254.1 ±  0.0 ms - Build f time
 14.7 ±  0.4 ms - Apply f time
254.2 ±  9.7 ms - Real f time 
 55.8 ±  2.6 ms - Add time
  4.4 ±  0.2 ms - Find child
  6.0 ±  0.3 ms - Add child
 58.4 ±  9.8 ms - Hash
110.8 ± 51.7 ms - Map
 12.9 ±  0.4 ms - getState
0.0207004
0.0216865
0.0276671
334.9 ±  0.0 ms - Total time
274.8 ±  0.0 ms - Build f time
 16.5 ±  0.4 ms - Apply f time
274.1 ±  9.7 ms - Real f time 
 60.9 ±  2.6 ms - Add time
  5.1 ±  0.3 ms - Find child
  6.9 ±  0.3 ms - Add child
 64.2 ±  9.9 ms - Hash
114.8 ± 51.7 ms - Map
 14.4 ±  0.4 ms - getState
Dag sizes: 28109 22756 21231 28162 22444 22023 21877 
brutePieces time: 0.218729
 94.8 ±  0.0 ms - Piece loop time
 49.5 ± 36.2 ms - Set time
 74.9 ±  1.4 ms - Child looking time
Nodes:  166602
Pieces: 54346
makePieces time: 0.0958187
Memory: 0.7 + 10.8 + 5.3 + 32.0 + 4.2 MB
  2.8 ±  0.2 ms - Greedy fill time
composePieces time: 0.481431
                                                                                