Running only task # 211
Using max depth 4
 |                                        | 0 / 416 (0.0%)Function count: 142
0.016477
0.0182174
0.0185696
0.0199432
0.0168006
0.0179918
 10.3 ±  0.0 ms - Piece loop time
 41.1 ± 39.0 ms - Set time
  8.2 ±  0.5 ms - Child looking time
0.880888
0.957238
1.29137
1347.6 ±  0.0 ms - Total time
932.7 ±  0.0 ms - Build f time
 81.4 ±  1.8 ms - Apply f time
842.0 ±  4.5 ms - Real f time 
257.4 ± 20.5 ms - Add time
 19.2 ±  0.6 ms - Find child
 26.3 ±  0.6 ms - Add child
209.5 ±  2.9 ms - Hash
229.6 ± 43.0 ms - Map
127.8 ± 16.4 ms - getState
0.911394
0.987493
1.3521
2699.7 ±  0.0 ms - Total time
1844.1 ±  0.0 ms - Build f time
165.3 ±  2.1 ms - Apply f time
1672.6 ± 10.0 ms - Real f time 
612.7 ± 114.6 ms - Add time
 40.3 ±  0.8 ms - Find child
 55.4 ±  0.9 ms - Add child
427.5 ±  3.5 ms - Hash
408.7 ± 43.0 ms - Map
248.0 ± 16.5 ms - getState
0.931237
1.01166
1.41153
4111.3 ±  0.0 ms - Total time
2775.4 ±  0.0 ms - Build f time
274.7 ± 17.3 ms - Apply f time
2525.6 ± 11.4 ms - Real f time 
860.3 ± 114.7 ms - Add time
 64.2 ±  1.7 ms - Find child
 84.9 ±  1.1 ms - Add child
645.6 ±  3.8 ms - Hash
608.6 ± 43.2 ms - Map
383.1 ± 17.7 ms - getState
Dag sizes: 635500 714120 735816 
brutePieces time: 4.05711
756.8 ±  0.0 ms - Piece loop time
278.5 ± 21.5 ms - Set time
455.9 ±  8.5 ms - Child looking time
Nodes:  2085436
Pieces: 782941
makePieces time: 0.759655
Memory: 24.3 + 111.5 + 66.7 + 54.3 + 28.0 MB
  5.9 ±  0.0 ms - Greedy fill time
composePieces time: 1.05067
                                                                                