Running only task # 235
Using max depth 23
 |                                        | 0 / 416 (0.0%)Function count: 142
0.144546
0.156569
0.13162
0.143459
0.13632
0.150867
0.126805
0.138199
0.127261
0.139151
0.135984
0.150161
0.133132
0.14682
 39.4 ±  0.0 ms - Piece loop time
 65.0 ± 57.3 ms - Set time
 29.5 ±  1.4 ms - Child looking time
0.126249
0.137632
0.307289
1332.7 ±  0.0 ms - Total time
1061.9 ±  0.0 ms - Build f time
 65.0 ±  1.0 ms - Apply f time
849.1 ±  5.3 ms - Real f time 
264.1 ±  2.9 ms - Add time
 11.9 ±  0.4 ms - Find child
 15.6 ±  0.5 ms - Add child
213.7 ±  1.7 ms - Hash
167.4 ± 46.3 ms - Map
 72.3 ±  1.4 ms - getState
0.127481
0.139147
0.317834
1650.6 ±  0.0 ms - Total time
1189.4 ±  0.0 ms - Build f time
 98.8 ±  1.2 ms - Apply f time
975.9 ±  5.6 ms - Real f time 
347.1 ±  3.1 ms - Add time
 22.1 ±  0.5 ms - Find child
 28.0 ±  0.6 ms - Add child
281.7 ±  1.9 ms - Hash
205.6 ± 46.2 ms - Map
112.0 ±  1.6 ms - getState
0.140737
0.154951
0.364438
2015.1 ±  0.0 ms - Total time
1330.1 ±  0.0 ms - Build f time
137.3 ±  1.4 ms - Apply f time
1116.0 ±  6.0 ms - Real f time 
443.2 ±  3.3 ms - Add time
 33.7 ±  0.7 ms - Find child
 42.3 ±  0.7 ms - Add child
357.3 ±  2.7 ms - Hash
257.4 ± 46.2 ms - Map
157.1 ±  1.7 ms - getState
0.128136
0.140071
0.341562
2356.7 ±  0.0 ms - Total time
1458.3 ±  0.0 ms - Build f time
177.8 ±  1.5 ms - Apply f time
1245.0 ±  6.4 ms - Real f time 
549.7 ±  9.6 ms - Add time
 44.7 ±  0.7 ms - Find child
 58.0 ±  0.9 ms - Add child
425.8 ±  3.0 ms - Hash
316.8 ± 48.1 ms - Map
201.8 ±  1.9 ms - getState
0.13125
0.143361
0.331712
2688.4 ±  0.0 ms - Total time
1589.5 ±  0.0 ms - Build f time
212.0 ±  1.6 ms - Apply f time
1373.0 ±  6.8 ms - Real f time 
633.4 ±  9.7 ms - Add time
 55.8 ±  0.9 ms - Find child
 71.7 ±  1.0 ms - Add child
492.2 ±  3.1 ms - Hash
362.3 ± 48.2 ms - Map
242.5 ±  2.0 ms - getState
0.139633
0.155073
0.369491
3058.0 ±  0.0 ms - Total time
1729.1 ±  0.0 ms - Build f time
253.1 ±  2.4 ms - Apply f time
1505.0 ±  7.0 ms - Real f time 
733.8 ± 10.0 ms - Add time
 66.9 ±  1.0 ms - Find child
 86.4 ±  1.2 ms - Add child
570.2 ±  3.8 ms - Hash
412.1 ± 48.2 ms - Map
291.6 ±  2.1 ms - getState
0.147188
0.163438
0.373675
3431.7 ±  0.0 ms - Total time
1876.3 ±  0.0 ms - Build f time
290.8 ±  2.5 ms - Apply f time
1645.5 ±  7.3 ms - Real f time 
830.0 ± 10.1 ms - Add time
 78.2 ±  1.1 ms - Find child
101.6 ±  1.3 ms - Add child
642.7 ±  3.9 ms - Hash
467.4 ± 48.3 ms - Map
337.2 ±  2.4 ms - getState
Dag sizes: 256975 269474 305985 256276 269465 306578 299966 
brutePieces time: 2.41035
209.1 ±  0.0 ms - Piece loop time
107.9 ± 40.8 ms - Set time
132.8 ±  2.4 ms - Child looking time
Nodes:  1964719
Pieces: 249344
makePieces time: 0.211136
Memory: 24.1 + 71.5 + 62.9 + 60.8 + 16.0 MB
 43.5 ± 14.0 ms - Greedy fill time
composePieces time: 4.59947
                                                                                