Running only task # 293
Using max depth 23
 |                                        | 0 / 416 (0.0%)Function count: 142
0.127133
0.13735
0.153635
0.165505
0.15843
0.172843
0.126803
0.136746
0.149153
0.160713
0.158375
0.1741
0.183514
0.199601
 43.6 ±  0.0 ms - Piece loop time
 54.4 ± 44.5 ms - Set time
 32.5 ±  1.3 ms - Child looking time
0.128317
0.137844
0.311538
1458.8 ±  0.0 ms - Total time
1185.4 ±  0.0 ms - Build f time
 54.7 ±  1.0 ms - Apply f time
907.8 ± 10.0 ms - Real f time 
312.1 ± 23.1 ms - Add time
  9.1 ±  0.3 ms - Find child
 11.3 ±  0.4 ms - Add child
252.3 ±  1.7 ms - Hash
163.1 ± 43.4 ms - Map
 71.3 ±  1.2 ms - getState
0.154326
0.166001
0.394893
1853.7 ±  0.0 ms - Total time
1339.7 ±  0.0 ms - Build f time
 85.8 ±  1.2 ms - Apply f time
1046.4 ± 10.3 ms - Real f time 
412.2 ± 23.1 ms - Add time
 16.3 ±  0.5 ms - Find child
 21.3 ±  0.5 ms - Add child
335.8 ±  1.8 ms - Hash
207.5 ± 43.4 ms - Map
124.3 ±  1.4 ms - getState
0.16453
0.178044
0.412918
2266.7 ±  0.0 ms - Total time
1504.2 ±  0.0 ms - Build f time
117.6 ±  1.4 ms - Apply f time
1196.7 ± 10.8 ms - Real f time 
521.0 ± 23.2 ms - Add time
 23.1 ±  0.5 ms - Find child
 30.9 ±  0.6 ms - Add child
424.6 ±  2.0 ms - Hash
252.4 ± 43.4 ms - Map
179.2 ±  1.8 ms - getState
0.140168
0.149925
0.321993
2588.7 ±  0.0 ms - Total time
1644.4 ±  0.0 ms - Build f time
142.6 ±  1.5 ms - Apply f time
1318.0 ± 11.1 ms - Real f time 
606.0 ± 23.6 ms - Add time
 29.4 ±  0.6 ms - Find child
 39.2 ±  0.7 ms - Add child
492.6 ±  2.3 ms - Hash
291.4 ± 43.3 ms - Map
218.4 ±  1.8 ms - getState
0.164866
0.176436
0.398916
2987.7 ±  0.0 ms - Total time
1809.2 ±  0.0 ms - Build f time
172.4 ±  1.6 ms - Apply f time
1462.5 ± 11.4 ms - Real f time 
715.0 ± 24.0 ms - Add time
 36.7 ±  0.7 ms - Find child
 48.1 ±  0.8 ms - Add child
578.3 ±  2.6 ms - Hash
334.2 ± 43.3 ms - Map
267.6 ±  1.9 ms - getState
0.161197
0.17516
0.417807
3405.5 ±  0.0 ms - Total time
1970.4 ±  0.0 ms - Build f time
206.0 ±  1.9 ms - Apply f time
1613.7 ± 14.7 ms - Real f time 
825.3 ± 24.1 ms - Add time
 44.9 ±  0.8 ms - Find child
 57.9 ±  0.9 ms - Add child
667.8 ±  2.9 ms - Hash
377.9 ± 43.3 ms - Map
320.8 ±  2.0 ms - getState
0.190596
0.20584
0.506104
3911.7 ±  0.0 ms - Total time
2161.0 ±  0.0 ms - Build f time
242.2 ±  2.0 ms - Apply f time
1778.3 ± 15.0 ms - Real f time 
968.8 ± 24.3 ms - Add time
 52.7 ±  0.8 ms - Find child
 84.8 ± 17.0 ms - Add child
779.9 ±  3.0 ms - Hash
426.8 ± 43.3 ms - Map
388.6 ±  2.1 ms - getState
Dag sizes: 194796 211487 227447 195095 211483 227446 250620 
brutePieces time: 2.76789
203.6 ±  0.0 ms - Piece loop time
 95.7 ± 35.7 ms - Set time
141.5 ±  3.3 ms - Child looking time
Nodes:  1518374
Pieces: 208896
makePieces time: 0.206071
Memory: 34.3 + 53.4 + 48.6 + 53.7 + 13.4 MB
 71.2 ±  1.6 ms - Greedy fill time
composePieces time: 10.5227
                                                                                