Running only task # 157
Using max depth 33
 |                                        | 0 / 416 (0.0%)Function count: 142
0.0176953
0.0188799
0.0249316
0.0264571
0.0419076
0.0447975
0.0389205
0.0424055
0.0137189
0.0143176
0.038736
0.0412534
0.0455332
0.048308
0.0436706
0.0465397
0.0175708
0.01862
0.0245403
0.0260449
0.041601
0.0442317
0.0371187
0.0392681
0.0107262
0.0112812
0.0388362
0.0412746
0.0394161
0.0440437
0.0492157
0.0522235
0.0495639
0.0528121
128.8 ±  0.0 ms - Piece loop time
 62.1 ± 51.2 ms - Set time
107.2 ±  3.1 ms - Child looking time
0.0183872
0.0194113
0.0227287
636.1 ±  0.0 ms - Total time
592.1 ±  0.0 ms - Build f time
 14.1 ±  0.4 ms - Apply f time
516.6 ±  3.7 ms - Real f time 
105.9 ±  7.9 ms - Add time
  2.6 ±  0.2 ms - Find child
  3.2 ±  0.2 ms - Add child
 95.3 ±  1.0 ms - Hash
119.2 ± 39.7 ms - Map
 16.5 ±  0.7 ms - getState
0.0253732
0.0269182
0.0326429
668.7 ±  0.0 ms - Total time
617.5 ±  0.0 ms - Build f time
 16.2 ±  0.4 ms - Apply f time
541.0 ±  3.7 ms - Real f time 
111.3 ±  7.9 ms - Add time
  3.5 ±  0.2 ms - Find child
  4.0 ±  0.2 ms - Add child
100.8 ±  1.1 ms - Hash
124.6 ± 39.7 ms - Map
 18.4 ±  0.8 ms - getState
0.0439143
0.0465628
0.0592826
728.1 ±  0.0 ms - Total time
661.4 ±  0.0 ms - Build f time
 20.3 ±  0.5 ms - Apply f time
580.6 ±  3.8 ms - Real f time 
121.1 ±  8.0 ms - Add time
  5.1 ±  0.2 ms - Find child
  5.7 ±  0.3 ms - Add child
110.7 ±  1.1 ms - Hash
155.4 ± 45.1 ms - Map
 22.4 ±  0.8 ms - getState
0.0386769
0.0409835
0.0520433
780.2 ±  0.0 ms - Total time
700.0 ±  0.0 ms - Build f time
 24.2 ±  0.5 ms - Apply f time
616.2 ±  3.9 ms - Real f time 
133.3 ±  8.5 ms - Add time
  6.5 ±  0.3 ms - Find child
  7.2 ±  0.3 ms - Add child
119.7 ±  1.2 ms - Hash
164.9 ± 45.0 ms - Map
 25.6 ±  0.8 ms - getState
0.0110001
0.0115829
0.0129512
793.1 ±  0.0 ms - Total time
711.0 ±  0.0 ms - Build f time
 24.9 ±  0.5 ms - Apply f time
627.3 ±  3.9 ms - Real f time 
135.5 ±  8.5 ms - Add time
  6.6 ±  0.3 ms - Find child
  7.6 ±  0.3 ms - Add child
122.7 ±  1.2 ms - Hash
166.6 ± 45.0 ms - Map
 26.2 ±  0.8 ms - getState
0.0412604
0.043579
0.0550546
848.2 ±  0.0 ms - Total time
752.3 ±  0.0 ms - Build f time
 28.5 ±  0.6 ms - Apply f time
665.9 ±  4.0 ms - Real f time 
144.8 ±  8.6 ms - Add time
  8.1 ±  0.3 ms - Find child
  9.6 ±  0.4 ms - Add child
131.1 ±  1.2 ms - Hash
174.6 ± 45.1 ms - Map
 29.6 ±  0.8 ms - getState
0.0464726
0.0491741
0.0606298
908.9 ±  0.0 ms - Total time
798.8 ±  0.0 ms - Build f time
 32.4 ±  0.6 ms - Apply f time
707.8 ±  4.1 ms - Real f time 
155.6 ±  8.6 ms - Add time
  9.4 ±  0.3 ms - Find child
 11.7 ±  0.5 ms - Add child
140.3 ±  1.3 ms - Hash
181.8 ± 45.1 ms - Map
 33.0 ±  0.8 ms - getState
0.045533
0.0482705
0.0614499
970.4 ±  0.0 ms - Total time
844.3 ±  0.0 ms - Build f time
 37.0 ±  0.7 ms - Apply f time
749.0 ±  4.2 ms - Real f time 
166.9 ±  8.6 ms - Add time
 10.9 ±  0.4 ms - Find child
 13.6 ±  0.5 ms - Add child
150.8 ±  1.3 ms - Hash
190.0 ± 45.0 ms - Map
 37.0 ±  0.9 ms - getState
0.022859
0.0241687
0.0276599
998.0 ±  0.0 ms - Total time
867.2 ±  0.0 ms - Build f time
 38.4 ±  0.7 ms - Apply f time
769.9 ±  4.3 ms - Real f time 
173.5 ±  8.8 ms - Add time
 14.9 ±  3.5 ms - Find child
 14.3 ±  0.5 ms - Add child
155.2 ±  1.3 ms - Hash
193.9 ± 45.0 ms - Map
 38.3 ±  0.9 ms - getState
0.0255671
0.0270368
0.0326539
1030.7 ±  0.0 ms - Total time
892.7 ±  0.0 ms - Build f time
 40.3 ±  0.7 ms - Apply f time
792.9 ±  4.3 ms - Real f time 
179.6 ±  8.8 ms - Add time
 15.7 ±  3.5 ms - Find child
 15.3 ±  0.5 ms - Add child
160.6 ±  1.4 ms - Hash
198.3 ± 45.0 ms - Map
 40.1 ±  0.9 ms - getState
0.0431759
0.045826
0.0581104
1088.9 ±  0.0 ms - Total time
935.9 ±  0.0 ms - Build f time
 44.0 ±  0.7 ms - Apply f time
833.7 ±  4.5 ms - Real f time 
190.2 ±  8.8 ms - Add time
 17.1 ±  3.5 ms - Find child
 17.0 ±  0.6 ms - Add child
170.5 ±  1.4 ms - Hash
207.2 ± 45.0 ms - Map
 43.9 ±  0.9 ms - getState
0.0384751
0.0407918
0.0513838
1140.3 ±  0.0 ms - Total time
974.4 ±  0.0 ms - Build f time
 47.8 ±  0.7 ms - Apply f time
869.5 ±  4.5 ms - Real f time 
201.3 ±  8.9 ms - Add time
 19.0 ±  3.5 ms - Find child
 18.5 ±  0.6 ms - Add child
179.1 ±  1.4 ms - Hash
215.5 ± 45.0 ms - Map
 46.7 ±  0.9 ms - getState
0.0109144
0.0114626
0.012972
1153.3 ±  0.0 ms - Total time
985.3 ±  0.0 ms - Build f time
 48.5 ±  0.7 ms - Apply f time
881.2 ±  4.6 ms - Real f time 
203.4 ±  8.9 ms - Add time
 19.3 ±  3.5 ms - Find child
 18.8 ±  0.6 ms - Add child
181.4 ±  1.4 ms - Hash
217.1 ± 45.0 ms - Map
 47.3 ±  0.9 ms - getState
0.0423399
0.0445411
0.0561288
1209.4 ±  0.0 ms - Total time
1027.6 ±  0.0 ms - Build f time
 52.2 ±  0.8 ms - Apply f time
918.2 ±  4.6 ms - Real f time 
212.8 ±  8.9 ms - Add time
 20.3 ±  3.5 ms - Find child
 20.5 ±  0.6 ms - Add child
190.7 ±  1.5 ms - Hash
224.9 ± 45.0 ms - Map
 50.4 ±  0.9 ms - getState
0.0414878
0.0442844
0.0567354
1266.2 ±  0.0 ms - Total time
1069.1 ±  0.0 ms - Build f time
 56.2 ±  0.8 ms - Apply f time
957.5 ±  4.7 ms - Real f time 
223.3 ±  8.9 ms - Add time
 21.7 ±  3.5 ms - Find child
 22.3 ±  0.6 ms - Add child
200.2 ±  1.5 ms - Hash
232.0 ± 45.0 ms - Map
 54.4 ±  1.0 ms - getState
0.0466217
0.0494745
0.0637091
1330.0 ±  0.0 ms - Total time
1115.7 ±  0.0 ms - Build f time
 60.5 ±  0.8 ms - Apply f time
1002.1 ±  5.0 ms - Real f time 
237.4 ±  9.1 ms - Add time
 23.1 ±  3.5 ms - Find child
 24.2 ±  0.6 ms - Add child
210.4 ±  1.6 ms - Hash
241.6 ± 45.0 ms - Map
 58.8 ±  1.0 ms - getState
0.0471768
0.0499636
0.0641367
1394.2 ±  0.0 ms - Total time
1162.9 ±  0.0 ms - Build f time
 65.2 ±  0.9 ms - Apply f time
1045.0 ±  5.0 ms - Real f time 
248.9 ±  9.1 ms - Add time
 24.8 ±  3.5 ms - Find child
 26.4 ±  0.7 ms - Add child
221.4 ±  1.7 ms - Hash
250.4 ± 45.0 ms - Map
 63.2 ±  1.0 ms - getState
Dag sizes: 12111 19971 37509 34830 6459 33676 35922 39609 12450 20036 37464 34545 6326 33746 35523 41615 42577 
brutePieces time: 0.792164
261.8 ±  0.0 ms - Piece loop time
 56.7 ± 37.3 ms - Set time
217.0 ±  3.4 ms - Child looking time
Nodes:  484369
Pieces: 14360
makePieces time: 0.262837
Memory: 3.1 + 36.3 + 15.5 + 79.1 + 8.8 MB
  1.5 ±  0.2 ms - Greedy fill time
composePieces time: 0.15173
                                                                                