Running only task # 401
Using max depth 23
 |                                        | 0 / 416 (0.0%)Function count: 142
0.0927224
0.100372
0.0966782
0.104706
0.0913816
0.098756
0.0948561
0.102682
0.0983488
0.106419
 26.3 ±  0.0 ms - Piece loop time
 26.3 ± 20.5 ms - Set time
 19.4 ±  1.1 ms - Child looking time
0.0957504
0.102985
0.180726
693.8 ±  0.0 ms - Total time
569.7 ±  0.0 ms - Build f time
 28.2 ±  0.6 ms - Apply f time
468.7 ±  4.3 ms - Real f time 
129.8 ±  3.2 ms - Add time
  4.6 ±  0.2 ms - Find child
  6.3 ±  0.3 ms - Add child
105.9 ±  1.2 ms - Hash
 99.4 ± 35.5 ms - Map
 33.5 ±  0.5 ms - getState
0.099375
0.107148
0.191194
885.1 ±  0.0 ms - Total time
669.1 ±  0.0 ms - Build f time
 43.6 ±  0.8 ms - Apply f time
557.3 ±  4.5 ms - Real f time 
173.7 ±  3.3 ms - Add time
  8.6 ±  0.3 ms - Find child
 11.3 ±  0.4 ms - Add child
141.1 ±  1.3 ms - Hash
122.1 ± 35.6 ms - Map
 54.9 ±  0.7 ms - getState
0.0967181
0.103993
0.18057
1065.7 ±  0.0 ms - Total time
765.8 ±  0.0 ms - Build f time
 58.9 ±  0.9 ms - Apply f time
642.8 ±  4.8 ms - Real f time 
223.2 ±  8.5 ms - Add time
 12.3 ±  0.4 ms - Find child
 17.1 ±  0.5 ms - Add child
176.3 ±  1.6 ms - Hash
142.4 ± 35.6 ms - Map
 75.8 ±  0.8 ms - getState
0.0965343
0.10427
0.187873
1253.6 ±  0.0 ms - Total time
862.4 ±  0.0 ms - Build f time
 74.9 ±  1.0 ms - Apply f time
732.3 ±  5.2 ms - Real f time 
266.4 ±  8.5 ms - Add time
 16.7 ±  0.5 ms - Find child
 22.9 ±  0.5 ms - Add child
211.6 ±  1.7 ms - Hash
162.9 ± 35.6 ms - Map
 98.9 ±  0.9 ms - getState
0.0984502
0.106787
0.208252
1461.9 ±  0.0 ms - Total time
960.8 ±  0.0 ms - Build f time
 93.5 ±  1.1 ms - Apply f time
823.3 ±  5.4 ms - Real f time 
322.9 ± 10.7 ms - Add time
 22.0 ±  0.8 ms - Find child
 29.4 ±  0.6 ms - Add child
249.1 ±  1.8 ms - Hash
184.8 ± 35.6 ms - Map
126.0 ±  1.0 ms - getState
Dag sizes: 127960 136248 127892 136455 144985 
brutePieces time: 0.951078
 84.1 ±  0.0 ms - Piece loop time
 63.9 ± 41.5 ms - Set time
 56.9 ±  1.2 ms - Child looking time
Nodes:  673540
Pieces: 117708
makePieces time: 0.0853474
Memory: 8.6 + 24.1 + 21.6 + 31.7 + 5.7 MB
 13.1 ±  0.3 ms - Greedy fill time
composePieces time: 1.16221
                                                                                