Running only task # 376
Using max depth 33
 |                                        | 0 / 416 (0.0%)Function count: 142
0.018996
0.0199193
0.0155082
0.0162633
0.0161701
0.0169238
0.0190586
0.0199672
0.0184408
0.019307
0.0152829
0.0160013
0.0166592
0.0173247
0.0155189
0.0161858
0.0138974
0.0145323
 32.0 ±  0.0 ms - Piece loop time
 42.4 ± 39.7 ms - Set time
 27.5 ±  1.1 ms - Child looking time
0.0155433
0.0162282
0.0181662
174.8 ±  0.0 ms - Total time
165.1 ±  0.0 ms - Build f time
  3.4 ±  0.2 ms - Apply f time
149.7 ±  1.5 ms - Real f time 
 34.8 ±  1.6 ms - Add time
  0.9 ±  0.1 ms - Find child
  1.1 ±  0.1 ms - Add child
 26.7 ±  0.6 ms - Hash
 76.6 ± 42.4 ms - Map
  4.5 ±  0.2 ms - getState
0.0132042
0.013834
0.0157576
190.5 ±  0.0 ms - Total time
178.3 ±  0.0 ms - Build f time
  4.1 ±  0.2 ms - Apply f time
162.5 ±  1.6 ms - Real f time 
 37.5 ±  1.6 ms - Add time
  1.2 ±  0.1 ms - Find child
  1.5 ±  0.1 ms - Add child
 29.9 ±  0.8 ms - Hash
 78.9 ± 42.5 ms - Map
  5.5 ±  0.2 ms - getState
0.0136236
0.0142704
0.0162233
206.8 ±  0.0 ms - Total time
191.9 ±  0.0 ms - Build f time
  4.9 ±  0.2 ms - Apply f time
175.0 ±  1.6 ms - Real f time 
 40.9 ±  1.6 ms - Add time
  1.4 ±  0.1 ms - Find child
  1.7 ±  0.1 ms - Add child
 32.5 ±  0.8 ms - Hash
117.5 ± 55.8 ms - Map
  6.5 ±  0.2 ms - getState
0.0159907
0.0167786
0.0188879
225.7 ±  0.0 ms - Total time
207.9 ±  0.0 ms - Build f time
  5.7 ±  0.3 ms - Apply f time
190.0 ±  1.7 ms - Real f time 
 44.6 ±  1.6 ms - Add time
  1.8 ±  0.2 ms - Find child
  2.3 ±  0.2 ms - Add child
 35.8 ±  0.8 ms - Hash
120.1 ± 55.7 ms - Map
  7.5 ±  0.3 ms - getState
0.0160761
0.0168326
0.018924
244.6 ±  0.0 ms - Total time
224.0 ±  0.0 ms - Build f time
  6.5 ±  0.3 ms - Apply f time
205.2 ±  1.7 ms - Real f time 
 48.7 ±  1.6 ms - Add time
  2.0 ±  0.2 ms - Find child
  2.7 ±  0.2 ms - Add child
 38.7 ±  0.9 ms - Hash
122.8 ± 55.8 ms - Map
  8.6 ±  0.3 ms - getState
0.0136528
0.0142629
0.0167711
261.4 ±  0.0 ms - Total time
237.6 ±  0.0 ms - Build f time
  7.2 ±  0.3 ms - Apply f time
218.4 ±  1.8 ms - Real f time 
 51.6 ±  1.7 ms - Add time
  2.3 ±  0.2 ms - Find child
  3.2 ±  0.2 ms - Add child
 41.2 ±  0.9 ms - Hash
125.0 ± 55.7 ms - Map
  9.6 ±  0.3 ms - getState
0.01398
0.0146143
0.0169667
278.4 ±  0.0 ms - Total time
251.6 ±  0.0 ms - Build f time
  7.9 ±  0.3 ms - Apply f time
231.1 ±  1.8 ms - Real f time 
 55.2 ±  1.7 ms - Add time
  2.6 ±  0.2 ms - Find child
  3.7 ±  0.2 ms - Add child
 44.2 ±  0.9 ms - Hash
127.5 ± 55.8 ms - Map
 10.6 ±  0.3 ms - getState
0.0163457
0.0170408
0.0193081
297.7 ±  0.0 ms - Total time
267.9 ±  0.0 ms - Build f time
  9.0 ±  0.3 ms - Apply f time
246.7 ±  1.9 ms - Real f time 
 58.7 ±  1.7 ms - Add time
  2.9 ±  0.2 ms - Find child
  4.1 ±  0.2 ms - Add child
 47.3 ±  0.9 ms - Hash
129.9 ± 55.8 ms - Map
 11.5 ±  0.3 ms - getState
0.0143868
0.0150159
0.0171305
314.9 ±  0.0 ms - Total time
282.3 ±  0.0 ms - Build f time
  9.9 ±  0.3 ms - Apply f time
260.6 ±  1.9 ms - Real f time 
 62.5 ±  1.8 ms - Add time
  3.1 ±  0.2 ms - Find child
  4.5 ±  0.3 ms - Add child
 50.0 ±  0.9 ms - Hash
132.4 ± 55.8 ms - Map
 12.6 ±  0.3 ms - getState
Dag sizes: 11439 10900 10788 11501 11428 10601 10770 11357 10982 
brutePieces time: 0.164548
 39.7 ±  0.0 ms - Piece loop time
 40.9 ± 37.2 ms - Set time
 34.5 ±  1.1 ms - Child looking time
Nodes:  99766
Pieces: 14066
makePieces time: 0.0406007
Memory: 0.4 + 9.8 + 3.2 + 39.3 + 1.5 MB
  1.6 ±  0.1 ms - Greedy fill time
composePieces time: 0.12827
                                                                                