Running only task # 332
Using max depth 33
 |                                        | 0 / 416 (0.0%)Function count: 142
0.0200786
0.0223406
0.0367277
0.0410648
0.0345129
0.0377511
0.0197734
0.0300601
0.0353496
0.0395468
0.0283938
0.0316287
0.0296235
0.0332517
 23.3 ±  0.0 ms - Piece loop time
 38.9 ± 35.7 ms - Set time
 18.8 ±  0.9 ms - Child looking time
0.0193355
0.0213919
0.0286094
264.4 ±  0.0 ms - Total time
223.8 ±  0.0 ms - Build f time
 11.5 ±  0.3 ms - Apply f time
217.7 ±  6.3 ms - Real f time 
 50.1 ±  2.4 ms - Add time
  1.8 ±  0.2 ms - Find child
  2.8 ±  0.2 ms - Add child
 33.3 ±  0.6 ms - Hash
 69.5 ± 42.7 ms - Map
  9.7 ±  0.3 ms - getState
0.0364923
0.0408574
0.0567265
321.2 ±  0.0 ms - Total time
260.3 ±  0.0 ms - Build f time
 16.6 ±  0.4 ms - Apply f time
256.1 ±  6.3 ms - Real f time 
 61.2 ±  2.5 ms - Add time
  3.4 ±  0.2 ms - Find child
  4.8 ±  0.2 ms - Add child
 40.5 ±  0.7 ms - Hash
 78.1 ± 42.7 ms - Map
 14.6 ±  0.4 ms - getState
0.0325991
0.0360018
0.0479635
369.2 ±  0.0 ms - Total time
292.9 ±  0.0 ms - Build f time
 20.8 ±  0.5 ms - Apply f time
287.7 ±  6.4 ms - Real f time 
 71.2 ±  2.5 ms - Add time
  4.4 ±  0.2 ms - Find child
  6.5 ±  0.3 ms - Add child
 46.6 ±  0.7 ms - Hash
 85.3 ± 42.7 ms - Map
 18.1 ±  0.4 ms - getState
0.0203868
0.0227905
0.0306028
399.8 ±  0.0 ms - Total time
313.3 ±  0.0 ms - Build f time
 23.7 ±  0.5 ms - Apply f time
307.4 ±  6.4 ms - Real f time 
 77.4 ±  2.5 ms - Add time
  5.3 ±  0.3 ms - Find child
  8.1 ±  0.3 ms - Add child
 51.4 ±  0.8 ms - Hash
 90.0 ± 42.7 ms - Map
 20.4 ±  0.4 ms - getState
0.0363666
0.0404767
0.0557979
455.7 ±  0.0 ms - Total time
349.6 ±  0.0 ms - Build f time
 28.8 ±  0.6 ms - Apply f time
343.4 ±  6.4 ms - Real f time 
 89.2 ±  2.6 ms - Add time
  7.0 ±  0.3 ms - Find child
  9.8 ±  0.4 ms - Add child
 60.3 ±  1.6 ms - Hash
 98.1 ± 42.8 ms - Map
 24.7 ±  0.5 ms - getState
0.0279662
0.0311567
0.0427171
498.4 ±  0.0 ms - Total time
377.6 ±  0.0 ms - Build f time
 33.3 ±  0.7 ms - Apply f time
372.9 ±  6.5 ms - Real f time 
100.0 ±  3.0 ms - Add time
  8.3 ±  0.3 ms - Find child
 11.7 ±  0.4 ms - Add child
 66.4 ±  1.6 ms - Hash
144.8 ± 59.1 ms - Map
 28.1 ±  0.5 ms - getState
0.0304795
0.0340241
0.0462537
544.7 ±  0.0 ms - Total time
408.1 ±  0.0 ms - Build f time
 37.9 ±  0.8 ms - Apply f time
403.5 ±  6.5 ms - Real f time 
110.3 ±  3.0 ms - Add time
  9.7 ±  0.4 ms - Find child
 14.4 ±  1.1 ms - Add child
 72.8 ±  1.7 ms - Hash
151.1 ± 59.1 ms - Map
 31.7 ±  0.5 ms - getState
Dag sizes: 24915 49264 37428 25106 47410 37286 39539 
brutePieces time: 0.314035
 61.2 ±  0.0 ms - Piece loop time
 49.1 ± 37.4 ms - Set time
 47.2 ±  2.3 ms - Child looking time
Nodes:  260948
Pieces: 45247
makePieces time: 0.0623069
Memory: 1.3 + 12.8 + 8.4 + 33.5 + 3.5 MB
  6.6 ±  0.0 ms - Greedy fill time
composePieces time: 0.210356
                                                                                