Running only task # 346
Using max depth 3
 |                                        | 0 / 416 (0.0%)Function count: 142
0.0967773
0.104033
0.0781817
0.0846325
0.087772
0.0955149
0.0876304
0.0949809
 28.0 ±  0.0 ms - Piece loop time
 54.7 ± 46.1 ms - Set time
 18.0 ±  0.9 ms - Child looking time
0.0934274
0.100845
0.189939
569.3 ±  0.0 ms - Total time
443.8 ±  0.0 ms - Build f time
 24.4 ±  0.5 ms - Apply f time
351.5 ±  3.3 ms - Real f time 
117.9 ±  7.9 ms - Add time
  4.8 ±  0.2 ms - Find child
  6.5 ±  0.3 ms - Add child
 95.9 ±  0.9 ms - Hash
101.9 ± 42.1 ms - Map
 31.9 ±  0.7 ms - getState
0.0803491
0.0867654
0.15973
729.1 ±  0.0 ms - Total time
524.1 ±  0.0 ms - Build f time
 37.7 ±  0.7 ms - Apply f time
423.7 ±  3.6 ms - Real f time 
155.8 ±  8.0 ms - Add time
 15.0 ±  6.4 ms - Find child
 11.5 ±  0.8 ms - Add child
126.2 ±  1.1 ms - Hash
125.4 ± 42.1 ms - Map
 50.2 ±  0.9 ms - getState
0.0916529
0.103912
0.208219
937.4 ±  0.0 ms - Total time
615.8 ±  0.0 ms - Build f time
 56.3 ±  0.8 ms - Apply f time
509.9 ±  4.0 ms - Real f time 
205.5 ±  8.1 ms - Add time
 19.7 ±  6.4 ms - Find child
 18.0 ±  0.9 ms - Add child
162.4 ±  1.2 ms - Hash
154.4 ± 42.2 ms - Map
 76.6 ±  1.2 ms - getState
0.10149
0.109156
0.189317
1126.7 ±  0.0 ms - Total time
717.3 ±  0.0 ms - Build f time
 69.9 ±  0.9 ms - Apply f time
604.1 ±  5.1 ms - Real f time 
248.6 ±  8.1 ms - Add time
 23.4 ±  6.4 ms - Find child
 25.2 ±  2.6 ms - Add child
197.8 ±  1.4 ms - Hash
194.6 ± 44.6 ms - Map
 96.3 ±  1.3 ms - getState
Dag sizes: 128195 124043 139416 122371 
brutePieces time: 0.750122
 86.8 ±  0.0 ms - Piece loop time
 71.3 ± 42.6 ms - Set time
 54.1 ±  1.4 ms - Child looking time
Nodes:  514025
Pieces: 126530
makePieces time: 0.0880631
Memory: 6.5 + 18.2 + 16.4 + 25.0 + 5.3 MB
  3.5 ±  0.0 ms - Greedy fill time
composePieces time: 0.427527
                                                                                