Running only task # 221
Using max depth 23
 |                                        | 0 / 416 (0.0%)Function count: 142
0.0792022
0.0873544
0.0762158
0.0836421
0.0818517
0.0894817
0.0787195
0.086513
0.0739501
0.0806934
0.0800013
0.0875522
0.0998446
0.108988
 27.3 ±  0.0 ms - Piece loop time
 38.0 ± 33.1 ms - Set time
 21.6 ±  1.1 ms - Child looking time
0.0787285
0.0863677
0.132537
757.0 ±  0.0 ms - Total time
648.5 ±  0.0 ms - Build f time
 26.3 ±  0.6 ms - Apply f time
504.9 ±  4.9 ms - Real f time 
128.6 ±  2.5 ms - Add time
  3.3 ±  0.2 ms - Find child
  4.7 ±  0.3 ms - Add child
141.1 ±  1.5 ms - Hash
 81.4 ± 37.3 ms - Map
 45.6 ± 14.2 ms - getState
0.0770857
0.0838283
0.129174
886.2 ±  0.0 ms - Total time
725.6 ±  0.0 ms - Build f time
 35.7 ±  0.7 ms - Apply f time
568.2 ±  5.1 ms - Real f time 
156.2 ±  2.7 ms - Add time
  5.2 ±  0.3 ms - Find child
  7.1 ±  0.3 ms - Add child
170.6 ±  1.6 ms - Hash
 90.5 ± 37.4 ms - Map
 57.7 ± 14.3 ms - getState
0.0816654
0.0892668
0.144653
1030.9 ±  0.0 ms - Total time
807.3 ±  0.0 ms - Build f time
 46.5 ±  0.8 ms - Apply f time
638.1 ±  5.4 ms - Real f time 
188.0 ±  2.8 ms - Add time
  7.3 ±  0.3 ms - Find child
 10.4 ±  0.4 ms - Add child
203.4 ±  1.7 ms - Hash
101.4 ± 37.4 ms - Map
 72.4 ± 14.3 ms - getState
0.0820197
0.0896624
0.135537
1166.4 ±  0.0 ms - Total time
889.3 ±  0.0 ms - Build f time
 55.5 ±  0.9 ms - Apply f time
708.1 ±  6.0 ms - Real f time 
216.5 ±  2.9 ms - Add time
  9.5 ±  0.3 ms - Find child
 13.1 ±  0.4 ms - Add child
233.8 ±  1.7 ms - Hash
111.0 ± 37.4 ms - Map
 85.0 ± 14.4 ms - getState
0.0768641
0.083707
0.12934
1295.8 ±  0.0 ms - Total time
966.1 ±  0.0 ms - Build f time
 63.9 ±  0.9 ms - Apply f time
771.8 ±  6.2 ms - Real f time 
245.2 ±  3.0 ms - Add time
 11.0 ±  0.4 ms - Find child
 15.4 ±  0.4 ms - Add child
262.4 ±  1.8 ms - Hash
119.8 ± 37.4 ms - Map
 96.9 ± 14.4 ms - getState
0.0813384
0.0922065
0.149056
1444.9 ±  0.0 ms - Total time
1047.5 ±  0.0 ms - Build f time
 75.3 ±  1.0 ms - Apply f time
843.0 ±  6.6 ms - Real f time 
281.2 ±  4.4 ms - Add time
 13.0 ±  0.4 ms - Find child
 18.5 ±  0.5 ms - Add child
295.2 ±  1.9 ms - Hash
129.3 ± 37.4 ms - Map
112.7 ± 14.4 ms - getState
0.100913
0.110592
0.179081
1624.0 ±  0.0 ms - Total time
1148.4 ±  0.0 ms - Build f time
 85.9 ±  1.1 ms - Apply f time
922.6 ±  6.9 ms - Real f time 
346.9 ± 26.4 ms - Add time
 15.1 ±  0.4 ms - Find child
 20.9 ±  0.5 ms - Add child
335.7 ±  2.0 ms - Hash
140.6 ± 37.4 ms - Map
131.2 ± 14.3 ms - getState
Dag sizes: 59439 52699 65374 59419 52672 65423 60231 
brutePieces time: 1.00471
 61.6 ±  0.0 ms - Piece loop time
 54.0 ± 41.8 ms - Set time
 44.1 ±  1.3 ms - Child looking time
Nodes:  415257
Pieces: 53485
makePieces time: 0.0626893
Memory: 9.6 + 17.0 + 13.3 + 36.0 + 3.8 MB
190.1 ±  9.6 ms - Greedy fill time
composePieces time: 2.55596
                                                                                