Running only task # 224
Using max depth 33
 |                                        | 0 / 416 (0.0%)Function count: 142
0.0958099
0.103049
0.103792
0.112601
0.127016
0.138125
0.0898895
0.0966575
0.104356
0.113042
0.124386
0.134544
0.139524
0.151416
 49.3 ±  0.0 ms - Piece loop time
 51.4 ± 40.9 ms - Set time
 36.6 ±  1.5 ms - Child looking time
0.088752
0.0953015
0.195649
1045.4 ±  0.0 ms - Total time
873.5 ±  0.0 ms - Build f time
 42.6 ±  0.8 ms - Apply f time
682.6 ±  5.4 ms - Real f time 
213.3 ±  9.9 ms - Add time
  7.3 ±  0.3 ms - Find child
 10.3 ±  0.4 ms - Add child
160.5 ±  3.5 ms - Hash
147.7 ± 43.0 ms - Map
 51.2 ±  1.1 ms - getState
0.102672
0.110927
0.249153
1294.5 ±  0.0 ms - Total time
976.2 ±  0.0 ms - Build f time
 69.1 ±  1.0 ms - Apply f time
780.3 ±  5.6 ms - Real f time 
275.9 ± 10.0 ms - Add time
 14.3 ±  0.4 ms - Find child
 21.2 ±  0.5 ms - Add child
206.8 ±  3.5 ms - Hash
179.9 ± 43.0 ms - Map
 87.0 ±  1.2 ms - getState
0.123972
0.134048
0.299691
1594.3 ±  0.0 ms - Total time
1100.2 ±  0.0 ms - Build f time
 96.5 ±  1.1 ms - Apply f time
898.0 ±  6.0 ms - Real f time 
352.5 ± 10.0 ms - Add time
 21.8 ±  0.5 ms - Find child
 33.2 ±  1.5 ms - Add child
266.1 ±  3.6 ms - Hash
217.4 ± 43.0 ms - Map
129.0 ±  1.4 ms - getState
0.0904278
0.0970801
0.198199
1792.5 ±  0.0 ms - Total time
1190.6 ±  0.0 ms - Build f time
115.7 ±  1.2 ms - Apply f time
981.5 ±  6.2 ms - Real f time 
404.4 ± 10.6 ms - Add time
 27.1 ±  0.6 ms - Find child
 40.6 ±  1.5 ms - Add child
304.6 ±  3.6 ms - Hash
274.1 ± 53.7 ms - Map
154.2 ±  1.5 ms - getState
0.105038
0.113757
0.241577
2034.1 ±  0.0 ms - Total time
1295.6 ±  0.0 ms - Build f time
140.7 ±  1.4 ms - Apply f time
1078.9 ±  6.5 ms - Real f time 
463.0 ± 10.7 ms - Add time
 34.0 ±  0.7 ms - Find child
 51.4 ±  1.6 ms - Add child
351.0 ±  3.7 ms - Hash
304.3 ± 53.6 ms - Map
185.9 ±  1.6 ms - getState
0.129606
0.139745
0.305179
2339.4 ±  0.0 ms - Total time
1425.2 ±  0.0 ms - Build f time
167.7 ±  1.5 ms - Apply f time
1198.1 ±  6.7 ms - Real f time 
542.6 ± 10.7 ms - Add time
 41.6 ±  0.7 ms - Find child
 61.4 ±  1.7 ms - Add child
410.2 ±  3.8 ms - Hash
339.8 ± 53.6 ms - Map
228.7 ±  1.7 ms - getState
0.159365
0.172635
0.368642
2708.0 ±  0.0 ms - Total time
1584.6 ±  0.0 ms - Build f time
199.1 ±  1.6 ms - Apply f time
1341.1 ±  7.5 ms - Real f time 
636.6 ± 10.8 ms - Add time
 49.1 ±  0.8 ms - Find child
 71.6 ±  1.7 ms - Add child
480.0 ±  3.9 ms - Hash
384.1 ± 53.6 ms - Map
278.8 ±  1.9 ms - getState
Dag sizes: 169151 209952 229711 170286 211508 230366 244003 
brutePieces time: 1.86187
214.0 ±  0.0 ms - Piece loop time
 99.7 ± 42.7 ms - Set time
142.9 ±  2.3 ms - Child looking time
Nodes:  1464977
Pieces: 209149
makePieces time: 0.215855
Memory: 19.1 + 53.7 + 46.9 + 52.8 + 13.3 MB
 34.0 ±  1.1 ms - Greedy fill time
composePieces time: 5.39483
                                                                                