Running only task # 352
Using max depth 23
 |                                        | 0 / 416 (0.0%)Function count: 142
0.972325
1.06721
1.16645
1.33272
0.869467
0.952905
0.942795
1.03798
1.16468
1.33
0.90739
0.999067
1.27486
1.44126
 69.7 ±  0.0 ms - Piece loop time
 39.5 ± 30.3 ms - Set time
 58.0 ±  1.6 ms - Child looking time
0.941908
1.03669
1.61889
9780.3 ±  0.0 ms - Total time
8239.9 ±  0.0 ms - Build f time
440.4 ± 10.7 ms - Apply f time
7693.3 ± 103.5 ms - Real f time 
1465.0 ± 23.0 ms - Add time
 14.1 ±  0.4 ms - Find child
 22.7 ±  0.5 ms - Add child
863.1 ±  4.4 ms - Hash
203.7 ± 41.1 ms - Map
539.7 ± 12.0 ms - getState
1.17123
1.33036
2.15989
11940.2 ±  0.0 ms - Total time
9411.1 ±  0.0 ms - Build f time
586.1 ± 11.6 ms - Apply f time
8823.7 ± 108.2 ms - Real f time 
1950.4 ± 25.4 ms - Add time
 28.8 ±  0.7 ms - Find child
 43.3 ±  0.7 ms - Add child
1191.4 ±  4.9 ms - Hash
276.7 ± 41.1 ms - Map
798.2 ± 12.7 ms - getState
0.886404
0.970589
1.55444
13494.7 ±  0.0 ms - Total time
10297.5 ±  0.0 ms - Build f time
677.3 ± 12.0 ms - Apply f time
9698.3 ± 114.0 ms - Real f time 
2261.5 ± 26.3 ms - Add time
 39.7 ±  0.8 ms - Find child
 58.5 ±  0.8 ms - Add child
1449.5 ±  5.1 ms - Hash
330.4 ± 41.0 ms - Map
962.4 ± 13.3 ms - getState
0.966071
1.06083
1.65891
15153.7 ±  0.0 ms - Total time
11263.6 ±  0.0 ms - Build f time
779.5 ± 12.5 ms - Apply f time
10575.6 ± 115.1 ms - Real f time 
2605.7 ± 27.6 ms - Add time
 51.7 ±  1.1 ms - Find child
 73.6 ±  1.0 ms - Add child
1719.0 ±  7.3 ms - Hash
387.0 ± 41.0 ms - Map
1137.5 ± 13.7 ms - getState
1.19646
1.36276
2.23168
17385.4 ±  0.0 ms - Total time
12460.0 ±  0.0 ms - Build f time
941.1 ± 13.9 ms - Apply f time
11738.4 ± 117.7 ms - Real f time 
3138.4 ± 35.0 ms - Add time
 65.8 ±  1.2 ms - Find child
 92.9 ±  1.1 ms - Add child
2054.2 ±  7.5 ms - Hash
468.3 ± 41.1 ms - Map
1406.0 ± 14.2 ms - getState
0.903302
0.989333
1.58766
18973.1 ±  0.0 ms - Total time
13363.3 ±  0.0 ms - Build f time
1037.3 ± 14.3 ms - Apply f time
12607.7 ± 120.5 ms - Real f time 
3477.9 ± 35.9 ms - Add time
 76.7 ±  1.2 ms - Find child
107.3 ±  1.1 ms - Add child
2320.5 ±  8.2 ms - Hash
526.3 ± 41.2 ms - Map
1572.6 ± 14.5 ms - getState
1.27294
1.4414
2.37497
21348.1 ±  0.0 ms - Total time
14636.3 ±  0.0 ms - Build f time
1193.2 ± 14.9 ms - Apply f time
13814.7 ± 124.0 ms - Real f time 
4060.9 ± 44.2 ms - Add time
 92.4 ±  1.3 ms - Find child
129.3 ±  1.4 ms - Add child
2687.7 ±  8.6 ms - Hash
631.5 ± 42.8 ms - Map
1856.2 ± 15.3 ms - getState
Dag sizes: 276158 403969 276636 282937 407722 279203 434267 
brutePieces time: 13.1898
392.8 ±  0.0 ms - Piece loop time
146.6 ± 45.7 ms - Set time
268.8 ±  5.8 ms - Child looking time
Nodes:  2360892
Pieces: 409416
makePieces time: 0.39562
Memory: 160.3 + 77.5 + 75.5 + 67.1 + 24.0 MB
988.4 ± 112.3 ms - Greedy fill time
composePieces time: 35.7066
                                                                                