Running only task # 140
Using max depth 3
 |                                        | 0 / 416 (0.0%)Function count: 142
0.0846466
0.0941674
0.0279035
0.0311026
0.0431452
0.0476951
0.0608628
0.0674918
0.122124
0.135373
 15.7 ±  0.0 ms - Piece loop time
 40.6 ± 37.5 ms - Set time
 12.9 ±  1.1 ms - Child looking time
0.0861972
0.0956414
0.150376
526.5 ±  0.0 ms - Total time
424.9 ±  0.0 ms - Build f time
 24.2 ±  0.7 ms - Apply f time
352.0 ±  4.3 ms - Real f time 
 94.3 ±  3.3 ms - Add time
  2.8 ±  0.2 ms - Find child
  4.2 ±  0.2 ms - Add child
 92.1 ±  4.1 ms - Hash
 82.8 ± 47.5 ms - Map
 30.7 ±  0.6 ms - getState
0.0303281
0.0347415
0.0528224
579.4 ±  0.0 ms - Total time
455.2 ±  0.0 ms - Build f time
 29.6 ±  0.8 ms - Apply f time
380.7 ±  4.4 ms - Real f time 
104.1 ±  3.3 ms - Add time
  4.5 ±  0.2 ms - Find child
  6.1 ±  0.3 ms - Add child
100.1 ±  4.1 ms - Hash
 90.0 ± 47.5 ms - Map
 35.8 ±  0.7 ms - getState
0.0477682
0.0549989
0.0883959
667.8 ±  0.0 ms - Total time
503.0 ±  0.0 ms - Build f time
 39.1 ±  1.0 ms - Apply f time
426.6 ±  4.5 ms - Real f time 
134.1 ± 12.7 ms - Add time
  6.7 ±  0.5 ms - Find child
  9.3 ±  0.3 ms - Add child
113.8 ±  4.1 ms - Hash
 99.6 ± 47.4 ms - Map
 45.6 ±  0.8 ms - getState
0.0722634
0.0789008
0.125304
793.2 ±  0.0 ms - Total time
575.2 ±  0.0 ms - Build f time
 48.6 ±  1.1 ms - Apply f time
490.0 ±  4.8 ms - Real f time 
160.7 ± 12.8 ms - Add time
  8.8 ±  0.6 ms - Find child
 12.5 ±  0.4 ms - Add child
134.1 ±  4.1 ms - Hash
112.8 ± 47.4 ms - Map
 60.3 ±  0.8 ms - getState
0.12525
0.138178
0.218101
1011.3 ±  0.0 ms - Total time
700.5 ±  0.0 ms - Build f time
 63.1 ±  1.2 ms - Apply f time
594.2 ±  5.4 ms - Real f time 
204.6 ± 12.9 ms - Add time
 11.5 ±  0.6 ms - Find child
 18.0 ±  2.3 ms - Add child
176.0 ±  4.2 ms - Hash
128.3 ± 47.5 ms - Map
 85.9 ±  1.0 ms - getState
Dag sizes: 65549 34242 48096 57291 77228 
brutePieces time: 0.639708
 50.8 ±  0.0 ms - Piece loop time
 62.5 ± 51.7 ms - Set time
 37.3 ±  1.0 ms - Child looking time
Nodes:  282406
Pieces: 48742
makePieces time: 0.0520491
Memory: 5.4 + 12.5 + 9.0 + 25.5 + 2.6 MB
 29.2 ±  0.0 ms - Greedy fill time
composePieces time: 0.401426
                                                                                