Running only task # 100
Using max depth 3
 |                                        | 0 / 416 (0.0%)Function count: 142
0.0716178
0.0783583
0.0643225
0.0699275
0.0762503
0.0826009
0.0689858
0.0749709
0.0708406
0.0775573
 15.1 ±  0.0 ms - Piece loop time
 39.6 ± 36.6 ms - Set time
 11.5 ±  0.9 ms - Child looking time
0.0701335
0.0762671
0.10594
489.5 ±  0.0 ms - Total time
422.1 ±  0.0 ms - Build f time
 16.6 ±  0.4 ms - Apply f time
350.0 ±  4.2 ms - Real f time 
 81.0 ±  2.8 ms - Add time
  2.5 ±  0.2 ms - Find child
  3.3 ±  0.2 ms - Add child
 84.8 ±  1.4 ms - Hash
 74.7 ± 37.8 ms - Map
 20.9 ±  0.4 ms - getState
0.0642835
0.0697248
0.0959583
585.5 ±  0.0 ms - Total time
486.4 ±  0.0 ms - Build f time
 23.1 ±  0.6 ms - Apply f time
407.2 ±  4.3 ms - Real f time 
 99.7 ±  2.9 ms - Add time
  3.9 ±  0.2 ms - Find child
  5.5 ±  0.3 ms - Add child
103.5 ±  1.4 ms - Hash
 82.9 ± 37.7 ms - Map
 29.2 ±  0.5 ms - getState
0.0745368
0.0807734
0.109529
695.1 ±  0.0 ms - Total time
561.0 ±  0.0 ms - Build f time
 29.9 ±  0.7 ms - Apply f time
470.7 ±  4.7 ms - Real f time 
132.2 ± 11.8 ms - Add time
  5.6 ±  0.3 ms - Find child
  7.6 ±  0.3 ms - Add child
124.1 ±  1.5 ms - Hash
 91.1 ± 37.8 ms - Map
 38.6 ±  0.6 ms - getState
0.0732569
0.0793122
0.106074
801.2 ±  0.0 ms - Total time
634.2 ±  0.0 ms - Build f time
 36.7 ±  0.7 ms - Apply f time
531.9 ±  4.9 ms - Real f time 
152.3 ± 11.8 ms - Add time
  7.2 ±  0.3 ms - Find child
  9.8 ±  0.4 ms - Add child
144.8 ±  1.6 ms - Hash
100.6 ± 37.8 ms - Map
 46.5 ±  0.6 ms - getState
0.0718926
0.0782525
0.107735
908.9 ±  0.0 ms - Total time
706.1 ±  0.0 ms - Build f time
 43.6 ±  0.8 ms - Apply f time
592.5 ±  5.0 ms - Real f time 
172.6 ± 11.9 ms - Add time
  8.9 ±  0.3 ms - Find child
 12.1 ±  0.4 ms - Add child
166.1 ±  1.6 ms - Hash
109.6 ± 37.8 ms - Map
 58.8 ±  2.7 ms - getState
Dag sizes: 57087 49136 55569 51828 56802 
brutePieces time: 0.528473
 29.2 ±  0.0 ms - Piece loop time
 41.2 ± 34.2 ms - Set time
 20.0 ±  1.2 ms - Child looking time
Nodes:  270422
Pieces: 38523
makePieces time: 0.0301199
Memory: 3.8 + 13.4 + 8.7 + 25.3 + 2.1 MB
 11.2 ±  0.4 ms - Greedy fill time
composePieces time: 0.448719
                                                                                