Running only task # 137
Using max depth 33
 |                                        | 0 / 416 (0.0%)Function count: 142
0.0183914
0.0204796
0.0218437
0.0240463
0.0191622
0.0211689
0.0132896
0.01445
0.0204122
0.0223629
0.0217128
0.0237981
0.0215491
0.0237571
0.0132218
0.0144594
0.0173987
0.0190543
 37.6 ±  0.0 ms - Piece loop time
 40.2 ± 36.7 ms - Set time
 33.2 ±  1.5 ms - Child looking time
0.0241791
0.0267235
0.0350377
218.8 ±  0.0 ms - Total time
191.2 ±  0.0 ms - Build f time
 10.2 ±  0.4 ms - Apply f time
184.8 ±  2.5 ms - Real f time 
 47.3 ±  4.1 ms - Add time
  2.2 ±  0.2 ms - Find child
  2.7 ±  0.2 ms - Add child
 31.6 ±  0.6 ms - Hash
 64.9 ± 38.2 ms - Map
  8.3 ±  0.3 ms - getState
0.0287531
0.0315861
0.0425539
261.4 ±  0.0 ms - Total time
219.9 ±  0.0 ms - Build f time
 13.9 ±  0.5 ms - Apply f time
214.5 ±  2.6 ms - Real f time 
 56.7 ±  4.1 ms - Add time
  3.7 ±  0.2 ms - Find child
  4.3 ±  0.2 ms - Add child
 38.4 ±  0.7 ms - Hash
 72.1 ± 38.1 ms - Map
 11.3 ±  0.3 ms - getState
0.0261798
0.0289389
0.0391237
300.6 ±  0.0 ms - Total time
246.1 ±  0.0 ms - Build f time
 17.7 ±  0.5 ms - Apply f time
240.6 ±  2.7 ms - Real f time 
 66.0 ±  4.1 ms - Add time
  5.0 ±  0.2 ms - Find child
  6.0 ±  0.3 ms - Add child
 44.7 ±  0.7 ms - Hash
 78.1 ± 38.2 ms - Map
 14.7 ±  0.4 ms - getState
0.0187723
0.0206135
0.0264561
327.0 ±  0.0 ms - Total time
264.9 ±  0.0 ms - Build f time
 19.8 ±  0.5 ms - Apply f time
259.2 ±  2.7 ms - Real f time 
 73.8 ±  4.7 ms - Add time
  6.0 ±  0.3 ms - Find child
  7.2 ±  0.3 ms - Add child
 49.3 ±  0.8 ms - Hash
 83.1 ± 38.2 ms - Map
 16.6 ±  0.4 ms - getState
0.0284397
0.0313177
0.0408313
367.9 ±  0.0 ms - Total time
293.3 ±  0.0 ms - Build f time
 23.2 ±  0.6 ms - Apply f time
288.6 ±  3.0 ms - Real f time 
 83.8 ±  4.7 ms - Add time
  7.4 ±  0.3 ms - Find child
  8.7 ±  0.3 ms - Add child
 54.9 ±  0.8 ms - Hash
 89.6 ± 38.2 ms - Map
 19.7 ±  0.4 ms - getState
0.0296958
0.0326984
0.043608
411.5 ±  0.0 ms - Total time
323.0 ±  0.0 ms - Build f time
 27.3 ±  0.6 ms - Apply f time
318.2 ±  3.0 ms - Real f time 
 92.8 ±  4.7 ms - Add time
  8.7 ±  0.3 ms - Find child
 10.5 ±  0.4 ms - Add child
 62.0 ±  0.9 ms - Hash
 97.0 ± 38.2 ms - Map
 23.2 ±  0.5 ms - getState
0.0294344
0.0322492
0.0431461
454.7 ±  0.0 ms - Total time
352.4 ±  0.0 ms - Build f time
 31.1 ±  0.7 ms - Apply f time
346.8 ±  3.1 ms - Real f time 
105.3 ±  5.9 ms - Add time
 10.2 ±  0.4 ms - Find child
 12.3 ±  0.4 ms - Add child
 68.5 ±  0.9 ms - Hash
103.8 ± 38.2 ms - Map
 26.6 ±  0.5 ms - getState
0.0184489
0.019916
0.0262739
481.0 ±  0.0 ms - Total time
370.9 ±  0.0 ms - Build f time
 33.6 ±  0.7 ms - Apply f time
365.4 ±  3.1 ms - Real f time 
111.7 ±  5.9 ms - Add time
 11.2 ±  0.4 ms - Find child
 13.4 ±  0.4 ms - Add child
 72.8 ±  0.9 ms - Hash
107.8 ± 38.2 ms - Map
 28.3 ±  0.5 ms - getState
0.0279891
0.0304922
0.0422746
523.3 ±  0.0 ms - Total time
398.9 ±  0.0 ms - Build f time
 37.3 ±  0.7 ms - Apply f time
394.5 ±  3.2 ms - Real f time 
121.0 ±  5.9 ms - Add time
 13.5 ±  1.2 ms - Find child
 15.0 ±  0.5 ms - Add child
 79.7 ±  1.0 ms - Hash
113.6 ± 38.3 ms - Map
 32.3 ±  0.5 ms - getState
Dag sizes: 30443 36679 34051 20794 32842 36279 36374 21129 35064 
brutePieces time: 0.346717
102.7 ±  0.0 ms - Piece loop time
 61.8 ± 48.7 ms - Set time
 81.2 ±  1.6 ms - Child looking time
Nodes:  283655
Pieces: 52142
makePieces time: 0.104027
Memory: 1.3 + 16.7 + 9.1 + 42.3 + 5.1 MB
  6.5 ±  0.0 ms - Greedy fill time
composePieces time: 0.372713
                                                                                