Running only task # 0
Using max depth 23
 |                                        | 0 / 416 (0.0%)Function count: 142
0.00737871
0.00780877
0.00695278
0.00722868
0.00584233
0.00605564
0.00679466
0.00707785
0.00681089
0.0070905
0.0069481
0.00721748
0.00587538
0.00609234
0.00678247
0.00703261
0.00862371
0.00902166
 30.2 ±  0.0 ms - Piece loop time
 38.7 ± 36.7 ms - Set time
 28.4 ±  1.0 ms - Child looking time
0.00691107
0.00718062
0.0074337
 72.2 ±  0.0 ms - Total time
 68.9 ±  0.0 ms - Build f time
  1.2 ±  0.1 ms - Apply f time
 69.2 ±  0.8 ms - Real f time 
 11.2 ±  0.7 ms - Add time
  0.4 ±  0.1 ms - Find child
  0.5 ±  0.1 ms - Add child
 13.2 ±  0.4 ms - Hash
 51.5 ± 42.7 ms - Map
  1.5 ±  0.1 ms - getState
0.0078518
0.00816166
0.021837
 94.0 ±  0.0 ms - Total time
 76.8 ±  0.0 ms - Build f time
  1.4 ±  0.1 ms - Apply f time
 76.7 ±  0.8 ms - Real f time 
 12.6 ±  0.7 ms - Add time
  0.5 ±  0.1 ms - Find child
  0.6 ±  0.1 ms - Add child
 14.5 ±  0.4 ms - Hash
 52.6 ± 42.8 ms - Map
  1.8 ±  0.1 ms - getState
0.00581346
0.00601995
0.00624889
100.3 ±  0.0 ms - Total time
 82.6 ±  0.0 ms - Build f time
  1.6 ±  0.1 ms - Apply f time
 83.0 ±  0.9 ms - Real f time 
 13.7 ±  0.7 ms - Add time
  0.5 ±  0.1 ms - Find child
  0.7 ±  0.1 ms - Add child
 15.6 ±  0.4 ms - Hash
 53.6 ± 42.8 ms - Map
  1.9 ±  0.1 ms - getState
0.00756333
0.00793934
0.00827733
108.6 ±  0.0 ms - Total time
 90.1 ±  0.0 ms - Build f time
  2.0 ±  0.1 ms - Apply f time
 91.4 ±  0.9 ms - Real f time 
 14.9 ±  0.7 ms - Add time
  0.7 ±  0.1 ms - Find child
  0.8 ±  0.1 ms - Add child
 17.2 ±  0.5 ms - Hash
 54.6 ± 42.8 ms - Map
  2.1 ±  0.2 ms - getState
0.00694204
0.00722883
0.00750239
116.1 ±  0.0 ms - Total time
 97.1 ±  0.0 ms - Build f time
  2.2 ±  0.1 ms - Apply f time
 98.5 ±  1.0 ms - Real f time 
 16.0 ±  0.7 ms - Add time
  0.8 ±  0.1 ms - Find child
  1.0 ±  0.1 ms - Add child
 18.8 ±  0.5 ms - Hash
 55.6 ± 42.7 ms - Map
  2.4 ±  0.2 ms - getState
0.00738798
0.00772544
0.00802862
124.1 ±  0.0 ms - Total time
104.5 ±  0.0 ms - Build f time
  2.5 ±  0.2 ms - Apply f time
106.0 ±  1.0 ms - Real f time 
 17.0 ±  0.7 ms - Add time
  0.9 ±  0.1 ms - Find child
  1.1 ±  0.1 ms - Add child
 20.2 ±  0.5 ms - Hash
 56.9 ± 42.7 ms - Map
  2.6 ±  0.2 ms - getState
0.00611671
0.00634163
0.0066552
130.8 ±  0.0 ms - Total time
110.6 ±  0.0 ms - Build f time
  2.7 ±  0.2 ms - Apply f time
112.2 ±  1.0 ms - Real f time 
 17.8 ±  0.7 ms - Add time
  1.0 ±  0.1 ms - Find child
  1.3 ±  0.1 ms - Add child
 21.5 ±  0.5 ms - Hash
 57.7 ± 42.7 ms - Map
  2.8 ±  0.2 ms - getState
0.00791534
0.00826613
0.00858995
139.4 ±  0.0 ms - Total time
118.5 ±  0.0 ms - Build f time
  3.0 ±  0.2 ms - Apply f time
119.9 ±  1.1 ms - Real f time 
 19.2 ±  0.8 ms - Add time
  1.2 ±  0.1 ms - Find child
  1.5 ±  0.1 ms - Add child
 23.2 ±  0.5 ms - Hash
 58.7 ± 42.6 ms - Map
  3.1 ±  0.2 ms - getState
0.00878115
0.00917468
0.00958426
149.0 ±  0.0 ms - Total time
127.3 ±  0.0 ms - Build f time
  3.4 ±  0.2 ms - Apply f time
128.5 ±  1.1 ms - Real f time 
 20.6 ±  0.8 ms - Add time
  1.3 ±  0.1 ms - Find child
  1.7 ±  0.2 ms - Add child
 24.9 ±  0.5 ms - Hash
 60.3 ± 42.7 ms - Map
  3.4 ±  0.2 ms - getState
Dag sizes: 2488 2497 2095 2662 2475 2502 2096 2655 3403 
brutePieces time: 0.0913406
 38.9 ±  0.0 ms - Piece loop time
 39.4 ± 36.1 ms - Set time
 34.9 ±  1.0 ms - Child looking time
Nodes:  22873
Pieces: 812
makePieces time: 0.0396654
Memory: 0.1 + 4.6 + 0.7 + 38.1 + 0.9 MB
  0.2 ±  0.0 ms - Greedy fill time
composePieces time: 0.00441557
                                                                                