Running only task # 362
Using max depth 23
 |                                        | 0 / 416 (0.0%)Function count: 142
0.409638
0.469991
0.364156
0.414145
0.353293
0.402621
0.400066
0.459619
0.34755
0.397509
0.354469
0.404874
0.288043
0.330614
 53.9 ±  0.0 ms - Piece loop time
 28.6 ± 17.1 ms - Set time
 40.3 ±  1.5 ms - Child looking time
0.412772
0.471219
0.682341
3562.0 ±  0.0 ms - Total time
2930.0 ±  0.0 ms - Build f time
157.9 ±  2.0 ms - Apply f time
2368.1 ± 27.7 ms - Real f time 
652.3 ± 17.4 ms - Add time
 10.3 ±  0.4 ms - Find child
 15.3 ±  0.4 ms - Add child
532.5 ±  2.5 ms - Hash
207.6 ± 48.7 ms - Map
170.6 ±  1.7 ms - getState
0.359278
0.407977
0.581364
4143.4 ±  0.0 ms - Total time
3289.3 ±  0.0 ms - Build f time
194.3 ±  2.3 ms - Apply f time
2666.0 ± 28.3 ms - Real f time 
773.3 ± 17.5 ms - Add time
 16.3 ±  0.5 ms - Find child
 23.7 ±  0.5 ms - Add child
635.4 ±  2.7 ms - Hash
246.3 ± 48.7 ms - Map
234.1 ±  2.0 ms - getState
0.353083
0.401818
0.586795
4730.3 ±  0.0 ms - Total time
3642.3 ±  0.0 ms - Build f time
231.7 ±  2.5 ms - Apply f time
2958.8 ± 28.7 ms - Real f time 
895.9 ± 17.6 ms - Add time
 22.8 ±  0.5 ms - Find child
 32.3 ±  0.6 ms - Add child
735.8 ±  2.9 ms - Hash
286.4 ± 48.6 ms - Map
304.6 ±  2.6 ms - getState
0.41729
0.477396
0.685834
5416.1 ±  0.0 ms - Total time
4059.6 ±  0.0 ms - Build f time
271.8 ±  2.7 ms - Apply f time
3296.9 ± 30.0 ms - Real f time 
1054.4 ± 21.6 ms - Add time
 29.3 ±  0.6 ms - Find child
 41.4 ±  0.9 ms - Add child
863.7 ±  3.1 ms - Hash
323.2 ± 48.6 ms - Map
382.6 ±  2.8 ms - getState
0.368613
0.417716
0.591914
6008.1 ±  0.0 ms - Total time
4428.2 ±  0.0 ms - Build f time
309.5 ±  2.8 ms - Apply f time
3592.7 ± 30.4 ms - Real f time 
1237.6 ± 62.5 ms - Add time
 35.8 ±  0.7 ms - Find child
 50.4 ±  1.0 ms - Add child
965.9 ±  3.3 ms - Hash
359.5 ± 48.6 ms - Map
447.7 ±  3.0 ms - getState
0.371741
0.421602
0.600851
6609.0 ±  0.0 ms - Total time
4800.0 ±  0.0 ms - Build f time
345.7 ±  3.0 ms - Apply f time
3905.3 ± 30.9 ms - Real f time 
1360.4 ± 62.6 ms - Add time
 42.6 ±  0.7 ms - Find child
 59.0 ±  1.1 ms - Add child
1066.9 ±  3.4 ms - Hash
403.1 ± 48.6 ms - Map
513.8 ±  3.4 ms - getState
0.310809
0.352844
0.496909
7105.9 ±  0.0 ms - Total time
5110.8 ±  0.0 ms - Build f time
376.3 ±  3.1 ms - Apply f time
4173.8 ± 31.6 ms - Real f time 
1460.3 ± 62.7 ms - Add time
 48.6 ±  0.8 ms - Find child
 66.2 ±  1.1 ms - Add child
1146.8 ±  3.5 ms - Hash
444.3 ± 48.6 ms - Map
582.1 ± 14.6 ms - getState
Dag sizes: 200574 202912 198856 201434 201931 199992 181555 
brutePieces time: 4.23046
188.4 ±  0.0 ms - Piece loop time
 65.0 ± 16.4 ms - Set time
125.5 ±  2.1 ms - Child looking time
Nodes:  1387254
Pieces: 117802
makePieces time: 0.189669
Memory: 44.0 + 54.5 + 44.4 + 51.6 + 11.4 MB
  9.2 ±  0.0 ms - Greedy fill time
composePieces time: 1.02175
                                                                                