Running only task # 165
Using max depth 4
 |                                        | 0 / 416 (0.0%)Function count: 142
0.260565
0.288941
0.125097
0.138459
0.19739
0.216406
0.305179
0.335638
 45.6 ±  0.0 ms - Piece loop time
 25.0 ± 15.9 ms - Set time
 36.5 ±  1.1 ms - Child looking time
7.58058
8.39607
12.7066
13686.2 ±  0.0 ms - Total time
8468.8 ±  0.0 ms - Build f time
845.2 ±  5.8 ms - Apply f time
6783.5 ± 43.7 ms - Real f time 
2636.3 ± 22.8 ms - Add time
170.2 ±  3.7 ms - Find child
257.4 ±  3.1 ms - Add child
2614.5 ± 10.3 ms - Hash
1413.7 ± 43.6 ms - Map
1354.8 ±  6.1 ms - getState
3.47288
3.83326
5.99089
19677.2 ±  0.0 ms - Total time
11941.7 ±  0.0 ms - Build f time
1303.4 ±  7.7 ms - Apply f time
9772.1 ± 45.1 ms - Real f time 
3753.5 ± 28.0 ms - Add time
299.6 ±  5.0 ms - Find child
438.2 ±  3.8 ms - Add child
3653.1 ± 11.4 ms - Hash
2347.9 ± 45.4 ms - Map
1932.6 ±  8.0 ms - getState
4.87397
5.46951
8.53696
28214.2 ±  0.0 ms - Total time
16815.7 ±  0.0 ms - Build f time
1942.0 ±  8.7 ms - Apply f time
13931.6 ± 47.5 ms - Real f time 
5598.1 ± 158.7 ms - Add time
462.9 ±  5.5 ms - Find child
669.6 ±  4.2 ms - Add child
5084.2 ± 14.4 ms - Hash
3607.3 ± 46.0 ms - Map
2788.8 ±  9.0 ms - getState
8.61823
9.53885
15.0221
43236.3 ±  0.0 ms - Total time
25433.9 ±  0.0 ms - Build f time
2866.9 ± 10.5 ms - Apply f time
20912.8 ± 59.5 ms - Real f time 
8674.9 ± 163.6 ms - Add time
643.8 ±  5.8 ms - Find child
968.5 ± 19.4 ms - Add child
7990.0 ± 16.9 ms - Hash
5056.4 ± 47.3 ms - Map
4444.7 ± 12.0 ms - getState
Dag sizes: 3758200 2682584 3577213 4107557 
brutePieces time: 42.2582
6661.7 ±  0.0 ms - Piece loop time
3653.2 ± 1429.0 ms - Set time
4227.0 ± 18.7 ms - Child looking time
Nodes:  14125554
Pieces: 1297311
makePieces time: 6.66918
Memory: 416.9 + 761.4 + 452.0 + 343.4 + 204.7 MB
 35.8 ±  0.0 ms - Greedy fill time
composePieces time: 1.98542
                                                                                