Running only task # 247
Using max depth 23
 |                                        | 0 / 416 (0.0%)Function count: 142
0.0800443
0.0860662
0.0533912
0.0576203
0.0645527
0.0695937
0.0779641
0.0836275
0.0527834
0.0571609
0.064086
0.0693149
0.0747887
0.0805719
 39.2 ±  0.0 ms - Piece loop time
 46.9 ± 38.7 ms - Set time
 36.8 ±  4.9 ms - Child looking time
0.0827296
0.0882181
0.152715
656.9 ±  0.0 ms - Total time
550.3 ±  0.0 ms - Build f time
 21.2 ±  0.5 ms - Apply f time
445.0 ±  4.0 ms - Real f time 
126.9 ±  5.9 ms - Add time
  4.4 ±  0.2 ms - Find child
  5.7 ±  0.3 ms - Add child
118.0 ±  2.3 ms - Hash
100.9 ± 39.4 ms - Map
 28.0 ±  1.0 ms - getState
0.0530996
0.057031
0.0931421
750.1 ±  0.0 ms - Total time
603.4 ±  0.0 ms - Build f time
 30.3 ±  0.8 ms - Apply f time
495.0 ±  4.1 ms - Real f time 
146.6 ±  6.0 ms - Add time
  7.7 ±  0.7 ms - Find child
  9.4 ±  0.3 ms - Add child
136.7 ±  2.4 ms - Hash
112.8 ± 39.4 ms - Map
 37.8 ±  1.1 ms - getState
0.063966
0.06885
0.11297
863.1 ±  0.0 ms - Total time
667.4 ±  0.0 ms - Build f time
 40.3 ±  0.9 ms - Apply f time
555.3 ±  4.4 ms - Real f time 
171.3 ±  6.0 ms - Add time
 10.2 ±  0.7 ms - Find child
 13.1 ±  0.4 ms - Add child
159.3 ±  2.4 ms - Hash
126.2 ± 39.4 ms - Map
 50.0 ±  1.2 ms - getState
0.0808894
0.0865903
0.153653
1016.8 ±  0.0 ms - Total time
748.3 ±  0.0 ms - Build f time
 51.7 ±  1.0 ms - Apply f time
626.1 ±  4.6 ms - Real f time 
205.6 ±  6.0 ms - Add time
 13.7 ±  1.0 ms - Find child
 16.9 ±  0.5 ms - Add child
192.1 ±  2.5 ms - Hash
142.2 ± 39.5 ms - Map
 66.1 ±  1.3 ms - getState
0.0592842
0.0636401
0.102385
1119.2 ±  0.0 ms - Total time
807.6 ±  0.0 ms - Build f time
 59.6 ±  1.0 ms - Apply f time
678.2 ±  4.7 ms - Real f time 
227.4 ±  6.1 ms - Add time
 16.2 ±  1.0 ms - Find child
 20.4 ±  0.5 ms - Add child
210.6 ±  2.5 ms - Hash
156.5 ± 39.4 ms - Map
 76.0 ±  1.3 ms - getState
0.0649972
0.0699734
0.114939
1234.2 ±  0.0 ms - Total time
872.6 ±  0.0 ms - Build f time
 69.7 ±  1.1 ms - Apply f time
740.3 ±  6.7 ms - Real f time 
252.4 ±  6.1 ms - Add time
 18.8 ±  1.0 ms - Find child
 24.5 ±  0.6 ms - Add child
233.7 ±  2.6 ms - Hash
170.5 ± 39.4 ms - Map
 87.5 ±  1.4 ms - getState
0.0761177
0.0815925
0.140854
1375.1 ±  0.0 ms - Total time
948.7 ±  0.0 ms - Build f time
 83.0 ±  1.6 ms - Apply f time
808.9 ±  6.8 ms - Real f time 
284.6 ±  6.1 ms - Add time
 21.8 ±  1.0 ms - Find child
 28.7 ±  0.6 ms - Add child
261.9 ±  2.6 ms - Hash
186.6 ± 39.4 ms - Map
102.3 ±  1.4 ms - getState
Dag sizes: 97402 78927 91756 97353 78990 91746 106012 
brutePieces time: 0.875894
103.5 ±  0.0 ms - Piece loop time
 64.2 ± 43.7 ms - Set time
 75.5 ±  1.9 ms - Child looking time
Nodes:  642186
Pieces: 90358
makePieces time: 0.104903
Memory: 7.3 + 25.5 + 20.5 + 39.6 + 6.2 MB
 32.8 ±  5.5 ms - Greedy fill time
composePieces time: 1.4828
                                                                                