Running only task # 212
Using max depth 23
 |                                        | 0 / 416 (0.0%)Function count: 142
0.0166047
0.0176027
0.0181675
0.0191546
0.0156854
0.0165317
0.017244
0.0180796
0.0250914
0.0260837
0.0151166
0.0159263
0.014567
0.0152725
 36.4 ±  0.0 ms - Piece loop time
 39.8 ± 36.8 ms - Set time
 32.4 ±  1.2 ms - Child looking time
0.0242849
0.0254384
0.0337225
162.5 ±  0.0 ms - Total time
146.8 ±  0.0 ms - Build f time
  4.7 ±  0.2 ms - Apply f time
139.1 ±  1.5 ms - Real f time 
 23.6 ±  0.6 ms - Add time
  1.1 ±  0.1 ms - Find child
  1.8 ±  0.2 ms - Add child
 25.2 ±  0.5 ms - Hash
 64.8 ± 47.0 ms - Map
  4.4 ±  0.2 ms - getState
0.0242921
0.0254677
0.0315724
194.1 ±  0.0 ms - Total time
171.0 ±  0.0 ms - Build f time
  6.7 ±  0.3 ms - Apply f time
163.6 ±  1.7 ms - Real f time 
 29.2 ±  0.7 ms - Add time
  1.7 ±  0.1 ms - Find child
  2.6 ±  0.2 ms - Add child
 30.2 ±  0.6 ms - Hash
 68.9 ± 47.1 ms - Map
  6.3 ±  0.2 ms - getState
0.0201712
0.0211049
0.0266249
220.8 ±  0.0 ms - Total time
191.2 ±  0.0 ms - Build f time
  8.6 ±  0.3 ms - Apply f time
184.4 ±  1.7 ms - Real f time 
 35.1 ±  0.9 ms - Add time
  2.2 ±  0.2 ms - Find child
  3.5 ±  0.2 ms - Add child
 34.7 ±  0.6 ms - Hash
 72.2 ± 47.0 ms - Map
  7.9 ±  0.3 ms - getState
0.0233466
0.0244051
0.0317604
252.6 ±  0.0 ms - Total time
214.6 ±  0.0 ms - Build f time
 11.2 ±  0.3 ms - Apply f time
207.2 ±  1.8 ms - Real f time 
 41.5 ±  0.9 ms - Add time
  2.9 ±  0.2 ms - Find child
  4.6 ±  0.3 ms - Add child
 40.7 ±  0.7 ms - Hash
 76.0 ± 46.9 ms - Map
  9.7 ±  0.3 ms - getState
0.0242334
0.0253654
0.031363
284.0 ±  0.0 ms - Total time
238.8 ±  0.0 ms - Build f time
 13.0 ±  0.4 ms - Apply f time
233.1 ±  2.0 ms - Real f time 
 50.2 ±  3.2 ms - Add time
  3.6 ±  0.2 ms - Find child
  5.4 ±  0.3 ms - Add child
 45.5 ±  0.7 ms - Hash
 79.5 ± 46.9 ms - Map
 11.4 ±  0.3 ms - getState
0.0221142
0.0232395
0.0296381
313.7 ±  0.0 ms - Total time
260.9 ±  0.0 ms - Build f time
 14.9 ±  0.4 ms - Apply f time
254.4 ±  2.2 ms - Real f time 
 55.9 ±  3.4 ms - Add time
  4.3 ±  0.2 ms - Find child
  6.2 ±  0.3 ms - Add child
 50.3 ±  0.8 ms - Hash
 84.1 ± 47.0 ms - Map
 13.1 ±  0.4 ms - getState
0.0206982
0.0216466
0.0276408
341.3 ±  0.0 ms - Total time
281.6 ±  0.0 ms - Build f time
 16.9 ±  0.4 ms - Apply f time
273.5 ±  2.3 ms - Real f time 
 60.9 ±  3.4 ms - Add time
  5.0 ±  0.3 ms - Find child
  7.0 ±  0.3 ms - Add child
 54.6 ±  0.9 ms - Hash
 88.4 ± 47.0 ms - Map
 14.7 ±  0.4 ms - getState
Dag sizes: 28097 22483 21213 28058 22490 21236 21620 
brutePieces time: 0.21735
 93.0 ±  0.0 ms - Piece loop time
 57.5 ± 44.7 ms - Set time
 75.8 ±  1.4 ms - Child looking time
Nodes:  165197
Pieces: 53500
makePieces time: 0.0942323
Memory: 0.7 + 10.7 + 5.3 + 32.0 + 4.1 MB
  2.3 ±  0.1 ms - Greedy fill time
composePieces time: 0.432776
                                                                                