Running only task # 29
Using max depth 3
 |                                        | 0 / 416 (0.0%)Function count: 142
0.00720808
0.00770049
0.00680308
0.00717207
0.00784099
0.00818054
0.00661637
0.00696228
  8.2 ±  0.0 ms - Piece loop time
 45.4 ± 43.7 ms - Set time
  6.6 ±  0.5 ms - Child looking time
0.0139362
0.0145633
0.0169425
 47.0 ±  0.0 ms - Total time
 42.4 ±  0.0 ms - Build f time
  1.6 ±  0.1 ms - Apply f time
 41.5 ±  0.8 ms - Real f time 
  7.6 ±  0.5 ms - Add time
  0.3 ±  0.1 ms - Find child
  0.7 ±  0.1 ms - Add child
  8.2 ±  0.3 ms - Hash
 47.0 ± 41.9 ms - Map
  1.3 ±  0.1 ms - getState
0.013525
0.0142159
0.0170924
 64.1 ±  0.0 ms - Total time
 55.9 ±  0.0 ms - Build f time
  2.8 ±  0.2 ms - Apply f time
 54.2 ±  0.9 ms - Real f time 
 10.3 ±  0.5 ms - Add time
  0.8 ±  0.1 ms - Find child
  1.1 ±  0.1 ms - Add child
 11.3 ±  0.4 ms - Hash
 49.3 ± 42.1 ms - Map
  2.3 ±  0.1 ms - getState
0.017378
0.0180814
0.0219667
 86.1 ±  0.0 ms - Total time
 73.3 ±  0.0 ms - Build f time
  4.4 ±  0.2 ms - Apply f time
 71.2 ±  1.0 ms - Real f time 
 15.1 ±  1.0 ms - Add time
  1.3 ±  0.1 ms - Find child
  1.7 ±  0.2 ms - Add child
 15.5 ±  0.4 ms - Hash
 51.9 ± 42.0 ms - Map
  3.5 ±  0.2 ms - getState
0.0128829
0.0135808
0.0160439
102.2 ±  0.0 ms - Total time
 86.2 ±  0.0 ms - Build f time
  5.4 ±  0.2 ms - Apply f time
 83.8 ±  1.1 ms - Real f time 
 17.7 ±  1.0 ms - Add time
  1.7 ±  0.1 ms - Find child
  2.2 ±  0.2 ms - Add child
 18.2 ±  0.5 ms - Hash
 53.9 ± 41.9 ms - Map
  4.3 ±  0.2 ms - getState
Dag sizes: 9299 10260 13639 9194 
brutePieces time: 0.0748916
 18.9 ±  0.0 ms - Piece loop time
 38.4 ± 35.5 ms - Set time
 15.7 ±  0.6 ms - Child looking time
Nodes:  42392
Pieces: 14665
makePieces time: 0.0196494
Memory: 0.3 + 3.6 + 1.4 + 17.5 + 0.7 MB
  0.1 ±  0.0 ms - Greedy fill time
composePieces time: 0.0165016
                                                                                