Running only task # 303
Using max depth 3
 |                                        | 0 / 416 (0.0%)Function count: 142
0.147332
0.167303
0.140572
0.160483
0.120937
0.137224
0.134927
0.152716
 30.0 ±  0.0 ms - Piece loop time
 51.1 ± 43.8 ms - Set time
 22.5 ±  0.9 ms - Child looking time
0.148626
0.168378
0.281179
899.1 ±  0.0 ms - Total time
692.4 ±  0.0 ms - Build f time
 49.2 ±  0.8 ms - Apply f time
609.3 ±  6.1 ms - Real f time 
174.4 ±  4.2 ms - Add time
  7.0 ±  0.3 ms - Find child
  9.6 ±  0.3 ms - Add child
123.0 ±  1.7 ms - Hash
111.2 ± 37.9 ms - Map
 51.6 ±  0.6 ms - getState
0.137981
0.15778
0.270702
1169.8 ±  0.0 ms - Total time
830.4 ±  0.0 ms - Build f time
 72.6 ±  1.0 ms - Apply f time
739.9 ±  6.6 ms - Real f time 
239.3 ±  5.6 ms - Add time
 12.0 ±  0.4 ms - Find child
 17.0 ±  0.5 ms - Add child
168.8 ±  1.8 ms - Hash
140.2 ± 37.9 ms - Map
 84.6 ±  0.8 ms - getState
0.114445
0.130233
0.21207
1381.9 ±  0.0 ms - Total time
944.8 ±  0.0 ms - Build f time
 90.3 ±  1.1 ms - Apply f time
845.8 ±  6.8 ms - Real f time 
286.1 ±  5.7 ms - Add time
 15.7 ±  0.4 ms - Find child
 22.1 ±  0.5 ms - Add child
206.4 ±  2.3 ms - Hash
161.0 ± 37.9 ms - Map
108.6 ±  0.9 ms - getState
0.13811
0.155882
0.257661
1639.6 ±  0.0 ms - Total time
1082.9 ±  0.0 ms - Build f time
111.7 ±  1.2 ms - Apply f time
976.2 ±  7.1 ms - Real f time 
343.8 ±  5.7 ms - Add time
 20.4 ±  0.5 ms - Find child
 28.8 ±  0.6 ms - Add child
252.9 ±  2.4 ms - Hash
187.9 ± 37.9 ms - Map
137.2 ±  1.1 ms - getState
Dag sizes: 180391 189316 138040 168008 
brutePieces time: 1.02375
107.7 ±  0.0 ms - Piece loop time
 47.5 ± 14.6 ms - Set time
 74.6 ±  3.3 ms - Child looking time
Nodes:  675755
Pieces: 161956
makePieces time: 0.108478
Memory: 9.6 + 22.6 + 21.6 + 27.6 + 6.9 MB
  7.2 ±  0.0 ms - Greedy fill time
composePieces time: 0.616868
                                                                                