Running only task # 97
Using max depth 23
 |                                        | 0 / 416 (0.0%)Function count: 142
0.195565
0.215099
0.171395
0.190119
0.185871
0.209225
0.209266
0.228539
0.171119
0.189685
0.188632
0.208227
0.206659
0.228562
 28.2 ±  0.0 ms - Piece loop time
 44.0 ± 35.7 ms - Set time
 18.6 ±  1.2 ms - Child looking time
0.183019
0.201914
0.373596
1843.4 ±  0.0 ms - Total time
1511.5 ±  0.0 ms - Build f time
 71.5 ±  1.2 ms - Apply f time
1118.9 ±  9.7 ms - Real f time 
339.2 ±  9.5 ms - Add time
  8.0 ±  0.7 ms - Find child
 10.3 ±  0.4 ms - Add child
349.0 ±  9.4 ms - Hash
141.8 ± 39.3 ms - Map
 95.9 ±  3.3 ms - getState
0.178853
0.19633
0.379701
2223.1 ±  0.0 ms - Total time
1690.4 ±  0.0 ms - Build f time
 96.9 ±  1.4 ms - Apply f time
1267.2 ± 10.2 ms - Real f time 
434.4 ±  9.7 ms - Add time
 12.9 ±  0.8 ms - Find child
 17.1 ±  0.5 ms - Add child
432.0 ±  9.5 ms - Hash
169.2 ± 39.3 ms - Map
145.2 ±  3.3 ms - getState
0.187037
0.206147
0.403999
2627.2 ±  0.0 ms - Total time
1877.4 ±  0.0 ms - Build f time
124.4 ±  1.5 ms - Apply f time
1423.9 ± 10.8 ms - Real f time 
536.3 ±  9.8 ms - Add time
 17.4 ±  0.8 ms - Find child
 23.4 ±  0.6 ms - Add child
540.5 ± 19.6 ms - Hash
195.6 ± 39.3 ms - Map
200.1 ±  3.4 ms - getState
0.184863
0.203891
0.376549
3003.7 ±  0.0 ms - Total time
2062.3 ±  0.0 ms - Build f time
148.7 ±  1.6 ms - Apply f time
1569.6 ± 11.1 ms - Real f time 
632.0 ± 10.9 ms - Add time
 22.1 ±  0.8 ms - Find child
 29.3 ±  0.6 ms - Add child
622.8 ± 19.6 ms - Hash
221.0 ± 39.3 ms - Map
248.4 ±  3.4 ms - getState
0.172693
0.190481
0.368381
3372.2 ±  0.0 ms - Total time
2235.0 ±  0.0 ms - Build f time
174.0 ±  1.8 ms - Apply f time
1720.9 ± 11.6 ms - Real f time 
724.9 ± 11.0 ms - Add time
 27.2 ±  0.9 ms - Find child
 35.5 ±  0.7 ms - Add child
721.4 ± 24.9 ms - Hash
245.1 ± 39.2 ms - Map
296.3 ±  3.5 ms - getState
0.188955
0.208414
0.411926
3784.1 ±  0.0 ms - Total time
2423.9 ±  0.0 ms - Build f time
201.4 ±  1.9 ms - Apply f time
1875.2 ± 12.6 ms - Real f time 
829.2 ± 11.1 ms - Add time
 32.8 ±  0.9 ms - Find child
 41.9 ±  0.7 ms - Add child
815.8 ± 24.9 ms - Hash
273.2 ± 39.2 ms - Map
350.3 ±  3.5 ms - getState
0.211484
0.232932
0.458681
4242.8 ±  0.0 ms - Total time
2635.4 ±  0.0 ms - Build f time
230.8 ±  1.9 ms - Apply f time
2050.2 ± 13.4 ms - Real f time 
995.9 ± 52.0 ms - Add time
 37.6 ±  0.9 ms - Find child
 48.3 ±  0.8 ms - Add child
922.1 ± 24.9 ms - Hash
300.1 ± 39.2 ms - Map
411.7 ±  3.6 ms - getState
Dag sizes: 160543 168657 164483 160606 168677 164457 167420 
brutePieces time: 2.77771
 83.3 ±  0.0 ms - Piece loop time
 54.3 ± 29.8 ms - Set time
 53.2 ±  1.4 ms - Child looking time
Nodes:  1154843
Pieces: 116993
makePieces time: 0.0844967
Memory: 37.6 + 36.9 + 37.0 + 47.8 + 7.9 MB
276.9 ± 26.3 ms - Greedy fill time
composePieces time: 7.89531
                                                                                