Running only task # 155
Using max depth 23
 |                                        | 0 / 416 (0.0%)Function count: 142
0.153146
0.166727
0.160307
0.174878
0.163134
0.178366
0.147344
0.161133
0.157629
0.172225
0.168146
0.184909
0.168575
0.18581
 66.8 ±  0.0 ms - Piece loop time
 61.9 ± 40.5 ms - Set time
 48.0 ±  1.7 ms - Child looking time
0.141448
0.154419
0.316057
1540.5 ±  0.0 ms - Total time
1259.7 ±  0.0 ms - Build f time
 76.3 ±  1.3 ms - Apply f time
1001.2 ± 10.2 ms - Real f time 
343.6 ± 10.3 ms - Add time
 15.6 ±  0.4 ms - Find child
 20.6 ±  0.5 ms - Add child
210.6 ±  1.7 ms - Hash
193.6 ± 50.2 ms - Map
 82.3 ±  1.3 ms - getState
0.154208
0.168898
0.339112
1879.6 ±  0.0 ms - Total time
1413.9 ±  0.0 ms - Build f time
119.7 ±  3.6 ms - Apply f time
1152.4 ± 10.7 ms - Real f time 
435.4 ± 10.5 ms - Add time
 28.2 ±  0.6 ms - Find child
 39.2 ±  2.4 ms - Add child
271.5 ±  1.9 ms - Hash
232.7 ± 50.2 ms - Map
126.2 ±  1.5 ms - getState
0.169911
0.187914
0.352371
2232.0 ±  0.0 ms - Total time
1583.8 ±  0.0 ms - Build f time
158.5 ±  3.7 ms - Apply f time
1309.0 ± 11.0 ms - Real f time 
527.3 ± 11.7 ms - Add time
 41.5 ±  0.7 ms - Find child
 55.7 ±  2.5 ms - Add child
334.2 ±  2.0 ms - Hash
271.4 ± 50.1 ms - Map
170.2 ±  1.7 ms - getState
0.151497
0.164377
0.319976
2552.0 ±  0.0 ms - Total time
1735.3 ±  0.0 ms - Build f time
194.6 ±  3.8 ms - Apply f time
1446.1 ± 11.2 ms - Real f time 
624.1 ± 16.9 ms - Add time
 53.2 ±  0.8 ms - Find child
 74.3 ±  4.0 ms - Add child
392.6 ±  2.2 ms - Hash
308.7 ± 50.1 ms - Map
209.2 ±  1.9 ms - getState
0.154098
0.168462
0.337461
2889.5 ±  0.0 ms - Total time
1889.4 ±  0.0 ms - Build f time
235.0 ±  3.9 ms - Apply f time
1593.7 ± 11.5 ms - Real f time 
717.7 ± 17.0 ms - Add time
 67.4 ±  0.9 ms - Find child
 91.7 ±  4.0 ms - Add child
454.6 ±  2.4 ms - Hash
344.7 ± 50.1 ms - Map
254.0 ±  2.0 ms - getState
0.160979
0.176496
0.349983
3239.5 ±  0.0 ms - Total time
2050.4 ±  0.0 ms - Build f time
277.4 ±  5.0 ms - Apply f time
1748.0 ± 11.8 ms - Real f time 
821.4 ± 20.5 ms - Add time
 79.6 ±  1.0 ms - Find child
108.5 ±  4.0 ms - Add child
517.1 ±  2.5 ms - Hash
383.3 ± 50.2 ms - Map
298.6 ±  2.1 ms - getState
0.163699
0.182144
0.355021
3594.6 ±  0.0 ms - Total time
2214.1 ±  0.0 ms - Build f time
318.2 ±  5.1 ms - Apply f time
1902.1 ± 12.1 ms - Real f time 
911.9 ± 20.5 ms - Add time
 92.9 ±  1.1 ms - Find child
125.4 ±  4.0 ms - Add child
579.1 ±  2.7 ms - Hash
425.5 ± 50.2 ms - Map
344.2 ±  2.2 ms - getState
Dag sizes: 239234 254703 245734 240649 254766 246391 254910 
brutePieces time: 2.37462
241.1 ±  0.0 ms - Piece loop time
 94.9 ± 36.6 ms - Set time
173.5 ±  2.4 ms - Child looking time
Nodes:  1736387
Pieces: 42086
makePieces time: 0.242528
Memory: 23.3 + 82.5 + 55.6 + 57.1 + 14.8 MB
  3.9 ±  0.4 ms - Greedy fill time
composePieces time: 0.50863
                                                                                