Running only task # 55
Using max depth 3
 |                                        | 0 / 416 (0.0%)Function count: 142
0.0572675
0.0640317
0.0815518
0.0911779
0.0755632
0.0842626
0.0703542
0.0782125
0.0884641
0.0988267
 46.9 ±  0.0 ms - Piece loop time
 45.3 ± 35.7 ms - Set time
 36.2 ±  1.1 ms - Child looking time
0.0678579
0.0741375
0.11063
527.3 ±  0.0 ms - Total time
441.1 ±  0.0 ms - Build f time
 26.0 ±  0.5 ms - Apply f time
388.9 ±  3.4 ms - Real f time 
104.8 ±  1.5 ms - Add time
  5.3 ±  0.3 ms - Find child
  8.0 ±  1.1 ms - Add child
 64.0 ±  0.9 ms - Hash
100.5 ± 38.2 ms - Map
 25.4 ±  0.5 ms - getState
0.0894765
0.0996408
0.159964
687.4 ±  0.0 ms - Total time
530.5 ±  0.0 ms - Build f time
 41.4 ±  0.7 ms - Apply f time
474.6 ±  3.6 ms - Real f time 
142.9 ±  1.7 ms - Add time
 10.2 ±  0.4 ms - Find child
 15.2 ±  1.2 ms - Add child
 87.5 ±  1.0 ms - Hash
126.6 ± 38.2 ms - Map
 43.7 ±  0.6 ms - getState
0.0831043
0.0922027
0.152269
839.7 ±  0.0 ms - Total time
613.6 ±  0.0 ms - Build f time
 56.5 ±  0.8 ms - Apply f time
555.5 ±  4.0 ms - Real f time 
180.5 ±  2.9 ms - Add time
 15.2 ±  0.4 ms - Find child
 21.7 ±  1.2 ms - Add child
109.9 ±  1.1 ms - Hash
152.4 ± 38.2 ms - Map
 60.9 ±  0.7 ms - getState
0.0778905
0.0860841
0.140334
980.1 ±  0.0 ms - Total time
691.5 ±  0.0 ms - Build f time
 71.2 ±  0.9 ms - Apply f time
632.9 ±  4.2 ms - Real f time 
214.4 ±  3.0 ms - Add time
 19.9 ±  0.5 ms - Find child
 27.7 ±  1.3 ms - Add child
130.1 ±  1.2 ms - Hash
173.5 ± 38.1 ms - Map
 76.4 ±  0.8 ms - getState
0.0955051
0.106427
0.166953
1147.0 ±  0.0 ms - Total time
787.0 ±  0.0 ms - Build f time
 87.9 ±  1.0 ms - Apply f time
721.8 ±  4.4 ms - Real f time 
276.4 ± 16.4 ms - Add time
 24.9 ±  0.6 ms - Find child
 33.8 ±  1.3 ms - Add child
153.2 ±  1.3 ms - Hash
196.0 ± 38.1 ms - Map
 96.8 ±  1.9 ms - getState
Dag sizes: 110269 160114 152443 148049 157987 
brutePieces time: 0.733152
143.8 ±  0.0 ms - Piece loop time
 70.2 ± 35.3 ms - Set time
100.2 ±  1.6 ms - Child looking time
Nodes:  728862
Pieces: 133691
makePieces time: 0.14502
Memory: 4.4 + 29.1 + 23.3 + 32.6 + 8.7 MB
  2.3 ±  0.0 ms - Greedy fill time
composePieces time: 0.621257
                                                                                