Running only task # 140
Using max depth 4
 |                                        | 0 / 416 (0.0%)Function count: 142
0.0818119
0.0909927
0.0273058
0.0299402
0.0418159
0.0460019
0.0592861
0.0655166
0.118794
0.131557
 15.3 ±  0.0 ms - Piece loop time
 39.6 ± 37.0 ms - Set time
 12.1 ±  0.7 ms - Child looking time
1.83067
2.02332
2.96903
3333.2 ±  0.0 ms - Total time
2159.7 ±  0.0 ms - Build f time
203.1 ±  2.0 ms - Apply f time
1866.1 ± 11.0 ms - Real f time 
587.8 ±  8.0 ms - Add time
 40.0 ±  1.0 ms - Find child
 57.3 ±  1.0 ms - Add child
598.1 ±  2.8 ms - Hash
362.5 ± 42.2 ms - Map
300.1 ±  5.8 ms - getState
0.55879
0.609548
0.855336
4188.5 ±  0.0 ms - Total time
2718.5 ±  0.0 ms - Build f time
270.9 ±  2.3 ms - Apply f time
2400.5 ± 14.0 ms - Real f time 
752.3 ± 16.9 ms - Add time
 59.1 ±  1.3 ms - Find child
 84.3 ±  1.2 ms - Add child
741.7 ±  3.2 ms - Hash
482.8 ± 42.3 ms - Map
369.5 ±  5.9 ms - getState
0.892143
0.977211
1.43802
5626.6 ±  0.0 ms - Total time
3610.6 ±  0.0 ms - Build f time
383.1 ±  3.5 ms - Apply f time
3211.8 ± 15.2 ms - Real f time 
1022.9 ± 19.2 ms - Add time
 86.4 ±  1.4 ms - Find child
122.3 ±  1.4 ms - Add child
999.2 ±  8.5 ms - Hash
711.5 ± 63.9 ms - Map
499.8 ±  6.1 ms - getState
1.28482
1.41349
2.12142
7748.1 ±  0.0 ms - Total time
4895.4 ±  0.0 ms - Build f time
536.2 ±  3.8 ms - Apply f time
4360.3 ± 16.9 ms - Real f time 
1400.6 ± 19.7 ms - Add time
120.6 ±  1.6 ms - Find child
170.6 ±  1.7 ms - Add child
1368.6 ±  9.0 ms - Hash
977.8 ± 64.1 ms - Map
697.5 ±  6.4 ms - getState
2.61489
2.88249
4.18264
11930.7 ±  0.0 ms - Total time
7510.3 ±  0.0 ms - Build f time
795.4 ±  5.2 ms - Apply f time
6593.1 ± 21.8 ms - Real f time 
2217.9 ± 41.4 ms - Add time
164.3 ±  1.8 ms - Find child
236.2 ±  2.1 ms - Add child
2167.3 ±  9.7 ms - Hash
1321.4 ± 64.1 ms - Map
1117.3 ± 10.8 ms - getState
Dag sizes: 1077241 472256 741766 921344 1288315 
brutePieces time: 11.5692
1246.6 ±  0.0 ms - Piece loop time
332.1 ± 16.1 ms - Set time
875.4 ±  6.0 ms - Child looking time
Nodes:  4500922
Pieces: 830720
makePieces time: 1.25024
Memory: 91.8 + 216.8 + 144.0 + 109.8 + 50.0 MB
 34.1 ±  0.0 ms - Greedy fill time
composePieces time: 5.56524
                                                                                