Running only task # 163
Using max depth 33
 |                                        | 0 / 416 (0.0%)Function count: 142
0.136275
0.153598
0.138224
0.155657
0.1266
0.142464
0.139704
0.156214
0.134364
0.151981
0.12859
0.144929
0.129452
0.145636
0.14654
0.1635
0.143009
0.161566
 81.0 ±  0.0 ms - Piece loop time
 47.2 ± 31.6 ms - Set time
 58.7 ±  2.0 ms - Child looking time
0.135231
0.152642
0.218962
1602.1 ±  0.0 ms - Total time
1358.0 ±  0.0 ms - Build f time
 73.2 ±  1.2 ms - Apply f time
1202.8 ±  9.4 ms - Real f time 
280.3 ±  4.2 ms - Add time
  9.0 ±  0.3 ms - Find child
 12.4 ±  0.4 ms - Add child
188.6 ±  2.0 ms - Hash
208.9 ± 57.2 ms - Map
 68.6 ±  0.8 ms - getState
0.138987
0.156211
0.232444
1834.6 ±  0.0 ms - Total time
1497.0 ±  0.0 ms - Build f time
 94.5 ±  1.3 ms - Apply f time
1329.1 ±  9.5 ms - Real f time 
340.7 ± 17.8 ms - Add time
 14.8 ±  0.4 ms - Find child
 19.8 ±  0.5 ms - Add child
221.4 ±  2.1 ms - Hash
243.1 ± 57.1 ms - Map
 92.0 ±  0.9 ms - getState
0.134333
0.1507
0.220315
2055.0 ±  0.0 ms - Total time
1631.3 ±  0.0 ms - Build f time
113.7 ±  1.4 ms - Apply f time
1457.3 ±  9.8 ms - Real f time 
465.5 ± 83.6 ms - Add time
 20.8 ±  0.6 ms - Find child
 26.7 ±  0.6 ms - Add child
262.4 ±  7.4 ms - Hash
274.6 ± 57.1 ms - Map
113.0 ±  1.0 ms - getState
0.139852
0.15743
0.221938
2277.0 ±  0.0 ms - Total time
1771.2 ±  0.0 ms - Build f time
133.0 ±  1.5 ms - Apply f time
1590.1 ±  9.9 ms - Real f time 
505.6 ± 83.5 ms - Add time
 26.0 ±  0.7 ms - Find child
 33.2 ±  0.7 ms - Add child
292.1 ±  7.4 ms - Hash
303.5 ± 57.0 ms - Map
133.4 ±  1.1 ms - getState
0.143556
0.163072
0.244726
2521.8 ±  0.0 ms - Total time
1914.7 ±  0.0 ms - Build f time
155.1 ±  1.6 ms - Apply f time
1719.2 ± 10.1 ms - Real f time 
600.0 ± 96.0 ms - Add time
 32.0 ±  0.7 ms - Find child
 41.1 ±  0.7 ms - Add child
326.8 ±  7.5 ms - Hash
338.2 ± 57.0 ms - Map
158.3 ±  1.2 ms - getState
0.141538
0.15818
0.222909
2744.7 ±  0.0 ms - Total time
2056.2 ±  0.0 ms - Build f time
173.6 ±  1.7 ms - Apply f time
1848.2 ± 10.3 ms - Real f time 
642.2 ± 96.0 ms - Add time
 37.1 ±  0.8 ms - Find child
 46.9 ±  0.8 ms - Add child
357.7 ±  7.5 ms - Hash
369.3 ± 57.0 ms - Map
178.6 ±  1.2 ms - getState
0.136584
0.1528
0.228522
2973.3 ±  0.0 ms - Total time
2192.8 ±  0.0 ms - Build f time
193.1 ±  1.7 ms - Apply f time
1972.4 ± 10.5 ms - Real f time 
686.3 ± 96.1 ms - Add time
 42.7 ±  0.8 ms - Find child
 54.4 ±  0.8 ms - Add child
391.2 ±  7.5 ms - Hash
404.5 ± 57.1 ms - Map
200.6 ±  1.3 ms - getState
0.146411
0.164792
0.234829
3208.2 ±  0.0 ms - Total time
2339.2 ±  0.0 ms - Build f time
212.6 ±  1.8 ms - Apply f time
2108.9 ± 10.6 ms - Real f time 
731.9 ± 96.1 ms - Add time
 47.6 ±  0.9 ms - Find child
 61.9 ±  0.9 ms - Add child
423.9 ±  7.5 ms - Hash
440.2 ± 57.1 ms - Map
223.7 ±  1.5 ms - getState
0.147701
0.172966
0.233076
3441.3 ±  0.0 ms - Total time
2486.9 ±  0.0 ms - Build f time
232.6 ±  1.9 ms - Apply f time
2248.3 ± 10.8 ms - Real f time 
777.4 ± 96.1 ms - Add time
 52.4 ±  0.9 ms - Find child
 68.4 ±  0.9 ms - Add child
454.8 ±  7.6 ms - Hash
469.6 ± 57.1 ms - Map
246.1 ±  1.6 ms - getState
Dag sizes: 129595 131867 130930 121479 140358 123182 137784 130138 112899 
brutePieces time: 2.06513
244.9 ±  0.0 ms - Piece loop time
113.1 ± 48.9 ms - Set time
181.9 ±  4.9 ms - Child looking time
Nodes:  1158232
Pieces: 23031
makePieces time: 0.246287
Memory: 13.4 + 57.4 + 37.1 + 56.3 + 11.0 MB
  3.7 ±  0.8 ms - Greedy fill time
composePieces time: 0.214483
                                                                                