Running only task # 217
Using max depth 4
 |                                        | 0 / 416 (0.0%)Function count: 142
0.861318
0.994273
0.92668
1.07741
0.861055
0.991525
0.98559
1.15422
1.08642
1.25054
 62.2 ±  0.0 ms - Piece loop time
 25.5 ± 14.9 ms - Set time
 48.0 ±  1.5 ms - Child looking time
27.5435
31.1209
48.6039
54072.1 ±  0.0 ms - Total time
32264.6 ±  0.0 ms - Build f time
3256.9 ± 16.4 ms - Apply f time
31796.2 ± 114.0 ms - Real f time 
11393.3 ± 278.6 ms - Add time
362.6 ±  2.4 ms - Find child
547.6 ±  3.8 ms - Add child
7287.0 ± 31.2 ms - Hash
3126.5 ± 37.8 ms - Map
5423.5 ± 22.1 ms - getState
29.3682
33.0294
52.4139
106486.1 ±  0.0 ms - Total time
61632.8 ±  0.0 ms - Build f time
6453.5 ± 22.9 ms - Apply f time
61635.8 ± 154.3 ms - Real f time 
24352.3 ± 1867.0 ms - Add time
760.7 ±  3.8 ms - Find child
1145.3 ±  6.3 ms - Add child
14370.1 ± 39.8 ms - Hash
6364.5 ± 39.1 ms - Map
10976.9 ± 29.1 ms - getState
27.3026
30.8525
50.1599
