Running only task # 134
Using max depth 33
 |                                        | 0 / 416 (0.0%)Function count: 142
0.0297578
0.0323709
0.037415
0.0407108
0.0336441
0.0365676
0.0337782
0.0363138
0.036009
0.0387944
0.0278771
0.0303214
0.0363358
0.0395945
0.0338592
0.0369956
0.0346672
0.0373373
0.0364673
0.039312
0.0352051
0.0382243
111.1 ±  0.0 ms - Piece loop time
 49.9 ± 41.8 ms - Set time
 95.2 ±  2.1 ms - Child looking time
0.0328772
0.0353211
0.0417781
448.6 ±  0.0 ms - Total time
407.9 ±  0.0 ms - Build f time
 14.1 ±  0.3 ms - Apply f time
374.4 ±  2.1 ms - Real f time 
 78.2 ±  1.4 ms - Add time
  2.8 ±  0.2 ms - Find child
  3.5 ±  0.2 ms - Add child
 67.7 ±  0.9 ms - Hash
 98.9 ± 43.3 ms - Map
 13.5 ±  0.3 ms - getState
0.0431737
0.0465293
0.0551141
503.7 ±  0.0 ms - Total time
451.1 ±  0.0 ms - Build f time
 17.9 ±  0.4 ms - Apply f time
416.9 ±  2.3 ms - Real f time 
 87.0 ±  1.5 ms - Add time
  4.2 ±  0.2 ms - Find child
  4.8 ±  0.2 ms - Add child
 76.3 ±  1.0 ms - Hash
107.4 ± 43.3 ms - Map
 16.6 ±  0.4 ms - getState
0.0354578
0.0389329
0.0464698
550.2 ±  0.0 ms - Total time
486.5 ±  0.0 ms - Build f time
 21.4 ±  0.5 ms - Apply f time
452.0 ±  2.3 ms - Real f time 
101.2 ±  6.2 ms - Add time
  5.3 ±  0.3 ms - Find child
  6.1 ±  0.3 ms - Add child
 84.4 ±  1.0 ms - Hash
115.0 ± 43.3 ms - Map
 19.3 ±  0.4 ms - getState
0.0468342
0.0496237
0.0579731
608.2 ±  0.0 ms - Total time
533.4 ±  0.0 ms - Build f time
 24.9 ±  0.5 ms - Apply f time
494.5 ±  2.4 ms - Real f time 
110.8 ±  6.2 ms - Add time
  6.2 ±  0.3 ms - Find child
  7.7 ±  0.3 ms - Add child
 93.2 ±  1.1 ms - Hash
125.1 ± 43.3 ms - Map
 22.3 ±  0.5 ms - getState
0.0369106
0.0397696
0.0487841
657.0 ±  0.0 ms - Total time
570.3 ±  0.0 ms - Build f time
 28.5 ±  0.5 ms - Apply f time
530.9 ±  2.5 ms - Real f time 
119.9 ±  6.2 ms - Add time
  8.0 ±  0.7 ms - Find child
  9.1 ±  0.3 ms - Add child
101.1 ±  1.1 ms - Hash
132.6 ± 43.3 ms - Map
 25.4 ±  0.5 ms - getState
0.0301225
0.0324665
0.0390188
696.1 ±  0.0 ms - Total time
600.4 ±  0.0 ms - Build f time
 31.3 ±  0.6 ms - Apply f time
560.1 ±  2.6 ms - Real f time 
127.4 ±  6.3 ms - Add time
  8.8 ±  0.7 ms - Find child
 10.5 ±  0.4 ms - Add child
107.7 ±  1.1 ms - Hash
138.4 ± 43.3 ms - Map
 28.7 ±  1.0 ms - getState
0.0432916
0.046648
0.0560017
752.1 ±  0.0 ms - Total time
643.7 ±  0.0 ms - Build f time
 35.3 ±  0.6 ms - Apply f time
601.2 ±  2.7 ms - Real f time 
137.4 ±  6.3 ms - Add time
 10.2 ±  0.7 ms - Find child
 12.3 ±  0.4 ms - Add child
116.3 ±  1.2 ms - Hash
147.2 ± 43.3 ms - Map
 32.1 ±  1.0 ms - getState
0.0354807
0.0385718
0.0464417
798.5 ±  0.0 ms - Total time
679.2 ±  0.0 ms - Build f time
 38.7 ±  0.6 ms - Apply f time
636.1 ±  2.8 ms - Real f time 
146.9 ±  6.3 ms - Add time
 11.7 ±  0.7 ms - Find child
 13.8 ±  0.4 ms - Add child
123.3 ±  1.2 ms - Hash
154.1 ± 43.3 ms - Map
 34.9 ±  1.0 ms - getState
0.0351347
0.0376447
0.0454701
844.0 ±  0.0 ms - Total time
714.3 ±  0.0 ms - Build f time
 41.8 ±  0.7 ms - Apply f time
670.4 ±  2.9 ms - Real f time 
156.0 ±  6.3 ms - Add time
 12.9 ±  0.7 ms - Find child
 15.3 ±  0.4 ms - Add child
130.2 ±  1.2 ms - Hash
160.3 ± 43.2 ms - Map
 37.8 ±  1.0 ms - getState
0.0367814
0.0393956
0.0479887
892.0 ±  0.0 ms - Total time
751.1 ±  0.0 ms - Build f time
 45.3 ±  0.7 ms - Apply f time
706.1 ±  3.0 ms - Real f time 
171.6 ±  8.6 ms - Add time
 14.5 ±  0.8 ms - Find child
 17.1 ±  0.5 ms - Add child
138.5 ±  1.3 ms - Hash
167.3 ± 43.2 ms - Map
 40.8 ±  1.0 ms - getState
0.0361042
0.0390348
0.0468071
938.9 ±  0.0 ms - Total time
787.2 ±  0.0 ms - Build f time
 48.7 ±  0.7 ms - Apply f time
741.2 ±  3.1 ms - Real f time 
181.2 ±  8.7 ms - Add time
 15.7 ±  0.8 ms - Find child
 18.5 ±  0.5 ms - Add child
146.7 ±  1.3 ms - Hash
174.3 ± 43.2 ms - Map
 43.6 ±  1.0 ms - getState
Dag sizes: 27413 36269 33398 32958 35101 27227 38464 33766 33163 36258 33355 
brutePieces time: 0.539527
223.1 ±  0.0 ms - Piece loop time
 63.8 ± 42.3 ms - Set time
188.9 ±  3.3 ms - Child looking time
Nodes:  367372
Pieces: 28947
makePieces time: 0.224508
Memory: 1.5 + 28.2 + 11.8 + 52.0 + 8.3 MB
  1.6 ±  0.2 ms - Greedy fill time
composePieces time: 0.251433
                                                                                