Running only task # 67
Using max depth 3
 |                                        | 0 / 416 (0.0%)Function count: 142
0.0147404
0.0159214
0.0358564
0.0388439
0.0236055
0.0253978
0.0379611
0.0412051
0.0332499
0.0357923
 30.1 ±  0.0 ms - Piece loop time
 50.2 ± 45.5 ms - Set time
 24.2 ±  0.8 ms - Child looking time
0.0153385
0.0164215
0.0217093
179.0 ±  0.0 ms - Total time
160.7 ±  0.0 ms - Build f time
 13.2 ±  6.8 ms - Apply f time
147.8 ±  1.4 ms - Real f time 
 31.2 ±  2.4 ms - Add time
  1.4 ±  0.1 ms - Find child
  1.9 ±  0.2 ms - Add child
 25.9 ±  0.6 ms - Hash
 59.4 ± 36.2 ms - Map
  5.4 ±  0.2 ms - getState
0.0369204
0.0397351
0.0663938
245.5 ±  0.0 ms - Total time
197.7 ±  0.0 ms - Build f time
 19.4 ±  6.7 ms - Apply f time
185.4 ±  1.7 ms - Real f time 
 44.2 ±  2.4 ms - Add time
  3.6 ±  0.2 ms - Find child
  5.2 ±  0.3 ms - Add child
 35.1 ±  0.6 ms - Hash
 73.1 ± 36.2 ms - Map
 11.4 ±  0.3 ms - getState
0.0236859
0.0256247
0.036051
281.6 ±  0.0 ms - Total time
221.4 ±  0.0 ms - Build f time
 22.6 ±  6.8 ms - Apply f time
209.3 ±  1.8 ms - Real f time 
 51.3 ±  2.4 ms - Add time
  4.8 ±  0.2 ms - Find child
  6.6 ±  0.3 ms - Add child
 41.2 ±  0.7 ms - Hash
 80.0 ± 36.2 ms - Map
 13.9 ±  0.4 ms - getState
0.0410677
0.0445941
0.0676812
349.3 ±  0.0 ms - Total time
262.4 ±  0.0 ms - Build f time
 27.8 ±  6.8 ms - Apply f time
249.0 ±  2.0 ms - Real f time 
 65.6 ±  2.5 ms - Add time
  6.5 ±  0.3 ms - Find child
  8.7 ±  0.3 ms - Add child
 51.1 ±  0.8 ms - Hash
 94.2 ± 36.2 ms - Map
 19.0 ±  0.4 ms - getState
0.0397196
0.0425914
0.0605696
409.9 ±  0.0 ms - Total time
302.1 ±  0.0 ms - Build f time
 32.6 ±  6.8 ms - Apply f time
286.3 ±  2.1 ms - Real f time 
 77.8 ±  2.5 ms - Add time
  8.1 ±  0.3 ms - Find child
 10.5 ±  0.4 ms - Add child
 60.9 ±  0.8 ms - Hash
113.4 ± 36.9 ms - Map
 23.4 ±  0.5 ms - getState
Dag sizes: 15930 58628 32165 63091 51159 
brutePieces time: 0.256465
 82.1 ±  0.0 ms - Piece loop time
 80.7 ± 50.6 ms - Set time
 59.9 ±  1.2 ms - Child looking time
Nodes:  220973
Pieces: 61221
makePieces time: 0.0833914
Memory: 0.9 + 11.2 + 7.1 + 24.5 + 3.5 MB
  1.3 ±  0.0 ms - Greedy fill time
composePieces time: 0.203815
                                                                                