Running only task # 103
Using max depth 23
 |                                        | 0 / 416 (0.0%)Function count: 142
0.153288
0.177394
0.19098
0.216804
0.258544
0.300943
0.151768
0.172586
0.182297
0.208139
0.260535
0.301948
0.241072
0.280252
 43.6 ±  0.0 ms - Piece loop time
 46.6 ± 39.0 ms - Set time
 35.3 ±  1.4 ms - Child looking time
0.148323
0.173887
0.324927
1983.3 ±  0.0 ms - Total time
1586.8 ±  0.0 ms - Build f time
107.3 ±  2.0 ms - Apply f time
1261.0 ± 12.6 ms - Real f time 
363.1 ±  4.8 ms - Add time
  9.7 ±  0.4 ms - Find child
 13.2 ±  0.4 ms - Add child
301.7 ±  2.7 ms - Hash
138.2 ± 39.1 ms - Map
112.6 ±  3.4 ms - getState
0.186267
0.212525
0.367175
2350.5 ±  0.0 ms - Total time
1773.1 ±  0.0 ms - Build f time
137.4 ±  2.1 ms - Apply f time
1426.7 ± 13.3 ms - Real f time 
448.6 ±  5.3 ms - Add time
 15.5 ±  0.4 ms - Find child
 21.5 ±  0.5 ms - Add child
372.5 ±  2.9 ms - Hash
167.8 ± 39.1 ms - Map
155.6 ±  3.7 ms - getState
0.281317
0.323407
0.593088
2943.7 ±  0.0 ms - Total time
2054.4 ±  0.0 ms - Build f time
183.3 ±  2.4 ms - Apply f time
1671.7 ± 17.9 ms - Real f time 
597.1 ±  6.6 ms - Add time
 25.3 ±  1.9 ms - Find child
 33.1 ±  0.6 ms - Add child
488.9 ±  3.4 ms - Hash
212.0 ± 39.1 ms - Map
231.7 ±  3.9 ms - getState
0.151176
0.172283
0.310082
3253.8 ±  0.0 ms - Total time
2205.6 ±  0.0 ms - Build f time
209.5 ±  2.5 ms - Apply f time
1807.6 ± 18.2 ms - Real f time 
670.8 ±  6.8 ms - Add time
 31.3 ±  1.9 ms - Find child
 41.3 ±  0.7 ms - Add child
548.6 ±  3.5 ms - Hash
244.3 ± 39.2 ms - Map
267.2 ±  4.0 ms - getState
0.189303
0.215571
0.371635
3625.5 ±  0.0 ms - Total time
2394.9 ±  0.0 ms - Build f time
238.4 ±  2.6 ms - Apply f time
1974.3 ± 18.6 ms - Real f time 
790.9 ± 33.4 ms - Add time
 48.4 ± 11.7 ms - Find child
 49.5 ±  0.8 ms - Add child
621.1 ±  3.6 ms - Hash
273.9 ± 39.2 ms - Map
310.4 ±  4.1 ms - getState
0.282875
0.325394
0.590691
4216.2 ±  0.0 ms - Total time
2677.7 ±  0.0 ms - Build f time
286.3 ±  3.9 ms - Apply f time
2232.5 ± 21.2 ms - Real f time 
937.6 ± 33.4 ms - Add time
 56.6 ± 11.7 ms - Find child
 60.8 ±  0.9 ms - Add child
737.6 ±  4.1 ms - Hash
322.9 ± 39.2 ms - Map
384.4 ±  4.3 ms - getState
0.250743
0.289373
0.523869
4740.2 ±  0.0 ms - Total time
2928.5 ±  0.0 ms - Build f time
328.1 ±  4.0 ms - Apply f time
2448.3 ± 21.7 ms - Real f time 
1062.8 ± 33.5 ms - Add time
 64.4 ± 11.7 ms - Find child
 72.5 ±  1.0 ms - Add child
840.3 ±  4.3 ms - Hash
362.3 ± 39.2 ms - Map
448.3 ±  4.4 ms - getState
Dag sizes: 147276 143265 232196 147817 144138 230581 188793 
brutePieces time: 3.08599
250.4 ±  0.0 ms - Piece loop time
117.7 ± 52.7 ms - Set time
187.6 ± 10.6 ms - Child looking time
Nodes:  1234066
Pieces: 137947
makePieces time: 0.25237
Memory: 35.1 + 47.9 + 39.5 + 49.1 + 13.1 MB
136.4 ± 79.5 ms - Greedy fill time
composePieces time: 2.4798
                                                                                