Running only task # 221
Using max depth 4
 |                                        | 0 / 416 (0.0%)Function count: 142
0.06908
0.0761485
0.0656358
0.0718075
0.0711115
0.0774286
0.0874037
0.0948384
 12.6 ±  0.0 ms - Piece loop time
 41.5 ± 38.4 ms - Set time
 10.2 ±  0.7 ms - Child looking time
1.4601
1.59003
2.30104
2621.4 ±  0.0 ms - Total time
1753.3 ±  0.0 ms - Build f time
140.8 ±  1.4 ms - Apply f time
1495.8 ± 10.0 ms - Real f time 
512.3 ± 47.1 ms - Add time
 29.4 ±  0.6 ms - Find child
 39.0 ±  0.7 ms - Add child
527.1 ±  2.3 ms - Hash
291.0 ± 39.9 ms - Map
197.0 ±  2.6 ms - getState
1.38155
1.49575
2.14465
4766.1 ±  0.0 ms - Total time
3134.9 ±  0.0 ms - Build f time
260.0 ±  1.9 ms - Apply f time
2671.3 ± 14.4 ms - Real f time 
892.4 ± 47.5 ms - Add time
 55.2 ±  1.1 ms - Find child
 70.9 ±  1.0 ms - Add child
993.4 ± 11.7 ms - Hash
487.4 ± 40.2 ms - Map
374.6 ±  3.1 ms - getState
1.58464
1.73237
2.61176
7377.9 ±  0.0 ms - Total time
4719.5 ±  0.0 ms - Build f time
414.0 ±  2.5 ms - Apply f time
4019.3 ± 17.5 ms - Real f time 
922.9 ± 458.5 ms - Add time
 87.3 ±  1.2 ms - Find child
112.5 ±  1.3 ms - Add child
1535.7 ± 11.9 ms - Hash
773.1 ± 40.4 ms - Map
603.4 ±  3.7 ms - getState
1.90936
2.06424
3.06262
10440.5 ±  0.0 ms - Total time
6628.9 ±  0.0 ms - Build f time
578.3 ±  3.6 ms - Apply f time
5604.6 ± 23.1 ms - Real f time 
1500.2 ± 458.5 ms - Add time
117.6 ±  1.6 ms - Find child
150.1 ±  1.5 ms - Add child
2223.1 ± 13.9 ms - Hash
1011.5 ± 40.6 ms - Map
870.5 ±  4.2 ms - getState
Dag sizes: 828705 709989 954713 865172 
brutePieces time: 10.1221
909.0 ±  0.0 ms - Piece loop time
288.1 ± 15.6 ms - Set time
599.7 ±  5.0 ms - Child looking time
Nodes:  3358579
Pieces: 782714
makePieces time: 0.912329
Memory: 82.8 + 156.0 + 107.5 + 87.3 + 37.7 MB
 38.6 ±  0.0 ms - Greedy fill time
composePieces time: 5.15458
                                                                                