Running only task # 308
Using max depth 4
 |                                        | 0 / 416 (0.0%)Function count: 142
0.109229
0.120489
0.113189
0.123946
0.0686323
0.0752956
0.101458
0.112722
 21.2 ±  0.0 ms - Piece loop time
 43.7 ± 38.0 ms - Set time
 14.2 ±  0.8 ms - Child looking time
2.47227
2.73662
3.9694
4402.1 ±  0.0 ms - Total time
2864.8 ±  0.0 ms - Build f time
284.3 ±  2.0 ms - Apply f time
2659.4 ± 11.1 ms - Real f time 
771.6 ± 13.5 ms - Add time
 68.3 ±  1.0 ms - Find child
 96.0 ±  1.3 ms - Add child
591.8 ±  3.1 ms - Hash
770.9 ± 39.9 ms - Map
342.7 ±  2.0 ms - getState
2.39132
2.65706
3.86424
8266.4 ±  0.0 ms - Total time
5256.1 ±  0.0 ms - Build f time
557.6 ±  2.9 ms - Apply f time
4930.2 ± 13.3 ms - Real f time 
1475.3 ± 24.0 ms - Add time
135.9 ±  1.3 ms - Find child
188.3 ±  1.8 ms - Add child
1140.1 ±  9.2 ms - Hash
1415.7 ± 40.3 ms - Map
668.4 ±  2.8 ms - getState
1.45485
1.59815
2.2492
10515.6 ±  0.0 ms - Total time
6710.9 ±  0.0 ms - Build f time
709.3 ±  3.2 ms - Apply f time
6303.3 ± 14.6 ms - Real f time 
1845.4 ± 24.1 ms - Add time
174.0 ±  1.5 ms - Find child
240.4 ±  2.0 ms - Add child
1474.7 ±  9.9 ms - Hash
1976.1 ± 144.9 ms - Map
838.6 ±  3.0 ms - getState
2.52474
2.79498
4.01475
14530.4 ±  0.0 ms - Total time
9235.7 ±  0.0 ms - Build f time
990.1 ±  3.8 ms - Apply f time
8711.2 ± 17.9 ms - Real f time 
2568.0 ± 26.6 ms - Add time
244.0 ±  1.8 ms - Find child
339.1 ±  2.4 ms - Add child
2024.9 ± 10.2 ms - Hash
2610.8 ± 145.9 ms - Map
1181.0 ±  4.3 ms - getState
Dag sizes: 2173467 2170112 1214682 2234825 
brutePieces time: 14.0992
2084.4 ±  0.0 ms - Piece loop time
748.0 ± 16.7 ms - Set time
1223.2 ±  8.8 ms - Child looking time
Nodes:  7793086
Pieces: 1909048
makePieces time: 2.08994
Memory: 75.9 + 338.1 + 249.4 + 183.4 + 89.1 MB
 22.5 ±  0.0 ms - Greedy fill time
composePieces time: 4.29514
                                                                                