Running only task # 208
Using max depth 4
 |                                        | 0 / 416 (0.0%)Function count: 142
0.144269
0.165337
0.121612
0.139093
0.113291
0.127777
0.18489
0.211234
 17.6 ±  0.0 ms - Piece loop time
 41.8 ± 38.0 ms - Set time
 13.8 ±  0.7 ms - Child looking time
3.98568
4.49832
8.26622
8909.8 ±  0.0 ms - Total time
4549.7 ±  0.0 ms - Build f time
608.9 ± 14.8 ms - Apply f time
4009.5 ± 29.4 ms - Real f time 
2012.4 ± 33.6 ms - Add time
100.9 ±  1.1 ms - Find child
153.7 ±  1.6 ms - Add child
1732.9 ±  7.5 ms - Hash
1920.6 ± 1020.9 ms - Map
963.4 ±  5.6 ms - getState
3.3764
3.79956
7.13662
16046.5 ±  0.0 ms - Total time
7926.1 ±  0.0 ms - Build f time
1131.9 ± 15.1 ms - Apply f time
7094.9 ± 37.8 ms - Real f time 
3589.0 ± 38.8 ms - Add time
205.2 ±  1.7 ms - Find child
311.1 ±  3.0 ms - Add child
3095.6 ± 17.9 ms - Hash
2921.2 ± 1036.7 ms - Map
1802.9 ± 13.3 ms - getState
3.00267
3.35661
6.24606
22292.7 ±  0.0 ms - Total time
10928.8 ±  0.0 ms - Build f time
1586.9 ± 20.9 ms - Apply f time
9762.3 ± 40.9 ms - Real f time 
5109.8 ± 164.7 ms - Add time
289.8 ±  2.4 ms - Find child
435.7 ±  3.3 ms - Add child
4371.6 ± 18.4 ms - Hash
3565.8 ± 1036.9 ms - Map
2518.6 ± 14.1 ms - getState
5.28115
5.9586
11.1753
33468.1 ±  0.0 ms - Total time
16210.0 ±  0.0 ms - Build f time
2311.2 ± 21.4 ms - Apply f time
14372.5 ± 50.5 ms - Real f time 
7747.1 ± 166.8 ms - Add time
417.5 ±  9.4 ms - Find child
610.0 ±  3.9 ms - Add child
6702.1 ± 22.7 ms - Hash
4527.8 ± 1037.4 ms - Map
3860.4 ± 21.7 ms - getState
Dag sizes: 3099986 3082153 2384128 3514981 
brutePieces time: 32.8264
3231.6 ±  0.0 ms - Piece loop time
1244.9 ± 23.0 ms - Set time
1971.4 ± 21.6 ms - Child looking time
Nodes:  12081248
Pieces: 3229362
makePieces time: 3.23989
Memory: 384.3 + 440.6 + 386.6 + 310.7 + 145.8 MB
122.7 ±  0.0 ms - Greedy fill time
composePieces time: 25.295
                                                                                