Running only task # 104
Using max depth 3
 |                                        | 0 / 416 (0.0%)Function count: 142
0.0157119
0.0171567
0.026365
0.0291925
0.0246068
0.027337
0.0219547
0.0240626
0.0330662
0.0368887
 24.3 ±  0.0 ms - Piece loop time
 40.2 ± 36.9 ms - Set time
 20.2 ±  0.8 ms - Child looking time
0.0212346
0.0231477
0.0331059
167.9 ±  0.0 ms - Total time
142.9 ±  0.0 ms - Build f time
  8.9 ±  0.3 ms - Apply f time
135.0 ±  1.5 ms - Real f time 
 35.9 ±  3.2 ms - Add time
  1.9 ±  0.1 ms - Find child
  2.9 ±  0.2 ms - Add child
 24.7 ±  0.5 ms - Hash
 58.0 ± 38.1 ms - Map
  7.3 ±  0.3 ms - getState
0.035547
0.038837
0.0623782
230.3 ±  0.0 ms - Total time
178.5 ±  0.0 ms - Build f time
 16.3 ±  0.4 ms - Apply f time
171.7 ±  1.7 ms - Real f time 
 51.4 ±  3.2 ms - Add time
  4.6 ±  0.2 ms - Find child
  6.2 ±  0.3 ms - Add child
 35.1 ±  0.6 ms - Hash
 67.1 ± 38.0 ms - Map
 14.1 ±  0.4 ms - getState
0.0317369
0.0345209
0.0546268
284.9 ±  0.0 ms - Total time
210.2 ±  0.0 ms - Build f time
 22.9 ±  0.5 ms - Apply f time
203.0 ±  1.8 ms - Real f time 
 67.4 ±  3.7 ms - Add time
  7.1 ±  0.3 ms - Find child
  9.3 ±  0.3 ms - Add child
 43.9 ±  0.7 ms - Hash
 75.8 ± 38.0 ms - Map
 19.9 ±  0.4 ms - getState
0.0295329
0.0320761
0.0497727
334.7 ±  0.0 ms - Total time
239.8 ±  0.0 ms - Build f time
 28.9 ±  0.6 ms - Apply f time
232.9 ±  1.9 ms - Real f time 
 80.1 ±  3.7 ms - Add time
  9.3 ±  0.3 ms - Find child
 12.5 ±  0.4 ms - Add child
 51.6 ±  0.8 ms - Hash
 84.4 ± 38.0 ms - Map
 24.1 ±  0.5 ms - getState
0.0478212
0.0560981
0.0981627
433.0 ±  0.0 ms - Total time
287.6 ±  0.0 ms - Build f time
 40.7 ±  0.7 ms - Apply f time
282.5 ±  2.3 ms - Real f time 
105.4 ±  3.8 ms - Add time
 13.3 ±  0.4 ms - Find child
 17.5 ±  0.5 ms - Add child
 66.1 ±  0.9 ms - Hash
135.7 ± 52.7 ms - Map
 36.6 ±  0.6 ms - getState
Dag sizes: 33465 63117 59008 50102 94613 
brutePieces time: 0.301583
 94.1 ±  0.0 ms - Piece loop time
 54.0 ± 35.9 ms - Set time
 72.4 ±  1.2 ms - Child looking time
Nodes:  300305
Pieces: 85204
makePieces time: 0.0951269
Memory: 1.4 + 15.3 + 9.6 + 25.8 + 4.7 MB
  1.2 ±  0.0 ms - Greedy fill time
composePieces time: 0.277159
                                                                                