Running only task # 7
Using max depth 33
 |                                        | 0 / 416 (0.0%)Function count: 142
0.0399258
0.045095
0.0670242
0.072168
0.0630609
0.0686124
0.0617847
0.0674558
0.0359037
0.0389041
0.0483426
0.0525465
0.036612
0.0396495
0.0609013
0.0657529
0.0602207
0.0652514
0.0609248
0.0662907
0.0359445
0.0390575
0.0521989
0.0562693
0.0592094
0.0642801
 73.4 ±  0.0 ms - Piece loop time
 55.4 ± 46.0 ms - Set time
 61.3 ±  2.3 ms - Child looking time
0.0389063
0.0420732
0.0580018
799.7 ±  0.0 ms - Total time
721.0 ±  0.0 ms - Build f time
 28.0 ±  1.1 ms - Apply f time
614.0 ±  5.7 ms - Real f time 
134.2 ±  4.2 ms - Add time
  5.5 ±  0.8 ms - Find child
  5.8 ±  0.3 ms - Add child
126.2 ±  1.2 ms - Hash
117.8 ± 37.6 ms - Map
 24.8 ±  0.4 ms - getState
0.0721966
0.0773354
0.0960853
895.8 ±  0.0 ms - Total time
793.1 ±  0.0 ms - Build f time
 33.5 ±  1.1 ms - Apply f time
676.6 ±  5.8 ms - Real f time 
152.8 ±  4.9 ms - Add time
  7.2 ±  0.8 ms - Find child
  8.2 ±  0.3 ms - Add child
141.8 ±  1.2 ms - Hash
128.9 ± 37.6 ms - Map
 32.1 ±  0.5 ms - getState
0.0662887
0.0716588
0.0915582
987.4 ±  0.0 ms - Total time
859.4 ±  0.0 ms - Build f time
 39.8 ±  1.2 ms - Apply f time
735.2 ±  5.9 ms - Real f time 
172.0 ±  5.7 ms - Add time
  9.3 ±  0.8 ms - Find child
 10.7 ±  0.4 ms - Add child
158.1 ±  1.3 ms - Hash
140.7 ± 37.5 ms - Map
 39.5 ±  0.6 ms - getState
0.0643558
0.0700656
0.0903927
1077.9 ±  0.0 ms - Total time
923.8 ±  0.0 ms - Build f time
 46.5 ±  1.2 ms - Apply f time
792.4 ±  6.0 ms - Real f time 
188.7 ±  5.7 ms - Add time
 11.3 ±  0.8 ms - Find child
 13.3 ±  0.4 ms - Add child
173.4 ±  1.4 ms - Hash
151.8 ± 37.5 ms - Map
 46.9 ±  0.6 ms - getState
0.0404417
0.043918
0.0552746
1133.2 ±  0.0 ms - Total time
964.2 ±  0.0 ms - Build f time
 50.8 ±  1.2 ms - Apply f time
830.9 ±  6.1 ms - Real f time 
199.3 ±  5.7 ms - Add time
 13.0 ±  0.8 ms - Find child
 15.2 ±  0.5 ms - Add child
181.4 ±  1.4 ms - Hash
160.2 ± 37.6 ms - Map
 51.4 ±  0.7 ms - getState
0.0548963
0.0593121
0.0757362
1208.9 ±  0.0 ms - Total time
1019.1 ±  0.0 ms - Build f time
 56.8 ±  1.3 ms - Apply f time
880.1 ±  6.3 ms - Real f time 
214.1 ±  5.9 ms - Add time
 14.9 ±  0.8 ms - Find child
 17.4 ±  0.5 ms - Add child
193.4 ±  1.5 ms - Hash
171.0 ± 37.5 ms - Map
 57.0 ±  0.7 ms - getState
0.0381092
0.041056
0.0517434
1260.7 ±  0.0 ms - Total time
1057.2 ±  0.0 ms - Build f time
 60.9 ±  1.3 ms - Apply f time
916.6 ±  6.3 ms - Real f time 
231.5 ±  8.8 ms - Add time
 16.4 ±  0.9 ms - Find child
 19.2 ±  0.5 ms - Add child
202.4 ±  1.5 ms - Hash
177.2 ± 37.5 ms - Map
 60.6 ±  0.7 ms - getState
0.0595095
0.0642601
0.0815958
1342.3 ±  0.0 ms - Total time
1116.7 ±  0.0 ms - Build f time
 66.5 ±  1.4 ms - Apply f time
968.9 ±  6.5 ms - Real f time 
246.3 ±  8.8 ms - Add time
 18.1 ±  0.9 ms - Find child
 21.6 ±  0.7 ms - Add child
216.5 ±  1.5 ms - Hash
186.6 ± 37.5 ms - Map
 66.9 ±  0.8 ms - getState
0.0633807
0.0686637
0.087672
1430.0 ±  0.0 ms - Total time
1180.1 ±  0.0 ms - Build f time
 72.4 ±  1.4 ms - Apply f time
1025.5 ±  6.6 ms - Real f time 
261.1 ±  8.8 ms - Add time
 20.2 ±  0.9 ms - Find child
 24.1 ±  0.7 ms - Add child
232.2 ±  1.6 ms - Hash
195.8 ± 37.5 ms - Map
 74.1 ±  0.9 ms - getState
0.0628947
0.0683574
0.087521
1517.6 ±  0.0 ms - Total time
1243.0 ±  0.0 ms - Build f time
 78.3 ±  1.4 ms - Apply f time
1081.9 ±  6.6 ms - Real f time 
277.1 ±  8.8 ms - Add time
 21.9 ±  0.9 ms - Find child
 26.4 ±  0.7 ms - Add child
247.2 ±  1.6 ms - Hash
205.6 ± 37.5 ms - Map
 80.7 ±  0.9 ms - getState
0.0440234
0.0478393
0.0585685
1576.2 ±  0.0 ms - Total time
1287.0 ±  0.0 ms - Build f time
 82.5 ±  1.4 ms - Apply f time
1120.7 ±  6.7 ms - Real f time 
288.5 ±  8.8 ms - Add time
 23.4 ±  0.9 ms - Find child
 27.9 ±  0.7 ms - Add child
256.9 ±  1.7 ms - Hash
213.8 ± 37.5 ms - Map
 84.7 ±  0.9 ms - getState
0.0496922
0.053912
0.0688809
1645.1 ±  0.0 ms - Total time
1336.7 ±  0.0 ms - Build f time
 88.2 ±  1.5 ms - Apply f time
1166.3 ±  6.8 ms - Real f time 
301.6 ±  8.8 ms - Add time
 25.2 ±  0.9 ms - Find child
 30.2 ±  0.7 ms - Add child
268.4 ±  1.8 ms - Hash
223.3 ± 37.5 ms - Map
 89.9 ±  0.9 ms - getState
0.0694261
0.0779968
0.109045
1754.2 ±  0.0 ms - Total time
1406.2 ±  0.0 ms - Build f time
 97.6 ±  1.5 ms - Apply f time
1228.6 ±  6.8 ms - Real f time 
320.8 ±  8.8 ms - Add time
 27.8 ±  0.9 ms - Find child
 34.0 ±  0.8 ms - Add child
284.6 ±  1.8 ms - Hash
236.6 ± 37.5 ms - Map
102.0 ±  1.2 ms - getState
Dag sizes: 38250 47925 51084 51453 38639 46377 37709 46045 48800 49584 37337 44717 47216 
brutePieces time: 1.02089
157.1 ±  0.0 ms - Piece loop time
 60.2 ± 42.7 ms - Set time
125.7 ±  3.0 ms - Child looking time
Nodes:  585136
Pieces: 15539
makePieces time: 0.158277
Memory: 4.8 + 38.9 + 18.7 + 63.9 + 7.2 MB
  1.7 ±  0.2 ms - Greedy fill time
composePieces time: 0.163917
                                                                                