Running only task # 158
Using max depth 4
 |                                        | 0 / 416 (0.0%)Function count: 142
0.0151547
0.0161759
0.0224252
0.0239282
0.0404382
0.0431133
0.0352048
0.0373665
0.0101184
0.0106278
0.0367118
0.0390383
0.0366557
0.0393232
0.0408197
0.0436538
0.0416138
0.0445445
 57.4 ±  0.0 ms - Piece loop time
 44.7 ± 38.8 ms - Set time
 48.2 ±  1.4 ms - Child looking time
0.236565
0.253252
0.294415
592.4 ±  0.0 ms - Total time
515.7 ±  0.0 ms - Build f time
 21.5 ±  0.5 ms - Apply f time
479.3 ±  4.5 ms - Real f time 
 86.3 ±  1.8 ms - Add time
  6.7 ±  0.3 ms - Find child
  8.0 ±  0.4 ms - Add child
 93.0 ±  2.0 ms - Hash
123.9 ± 43.4 ms - Map
 22.0 ±  0.5 ms - getState
0.389091
0.413409
0.471797
1064.2 ±  0.0 ms - Total time
904.8 ±  0.0 ms - Build f time
 43.4 ±  0.7 ms - Apply f time
836.0 ±  5.2 ms - Real f time 
152.2 ±  2.3 ms - Add time
 14.8 ±  0.5 ms - Find child
 18.0 ±  0.6 ms - Add child
166.2 ±  2.3 ms - Hash
196.6 ± 43.4 ms - Map
 45.0 ±  0.7 ms - getState
0.747293
0.80008
0.95449
2018.8 ±  0.0 ms - Total time
1652.1 ±  0.0 ms - Build f time
 94.5 ±  1.1 ms - Apply f time
1522.7 ±  6.3 ms - Real f time 
293.3 ±  2.8 ms - Add time
 33.5 ±  0.7 ms - Find child
 42.2 ±  1.0 ms - Add child
314.5 ±  2.6 ms - Hash
339.0 ± 43.5 ms - Map
 99.6 ±  1.2 ms - getState
0.646411
0.686582
0.84212
2860.9 ±  0.0 ms - Total time
2298.5 ±  0.0 ms - Build f time
144.7 ±  1.4 ms - Apply f time
2116.0 ±  7.2 ms - Real f time 
450.4 ± 34.5 ms - Add time
 50.3 ±  0.8 ms - Find child
 64.0 ±  1.2 ms - Add child
446.5 ±  2.9 ms - Hash
478.7 ± 43.5 ms - Map
148.4 ±  1.5 ms - getState
0.110974
0.117629
0.128816
2989.8 ±  0.0 ms - Total time
2409.5 ±  0.0 ms - Build f time
150.1 ±  1.4 ms - Apply f time
2226.5 ±  7.4 ms - Real f time 
469.7 ± 34.6 ms - Add time
 51.8 ±  0.8 ms - Find child
 66.0 ±  1.2 ms - Add child
467.0 ±  3.0 ms - Hash
497.9 ± 43.5 ms - Map
153.3 ±  1.5 ms - getState
0.684647
0.727115
0.873429
3863.2 ±  0.0 ms - Total time
3094.1 ±  0.0 ms - Build f time
198.1 ±  1.6 ms - Apply f time
2861.1 ±  8.2 ms - Real f time 
598.5 ± 34.6 ms - Add time
 69.0 ±  1.2 ms - Find child
 85.2 ±  1.3 ms - Add child
604.3 ±  3.3 ms - Hash
626.3 ± 43.6 ms - Map
203.2 ±  1.7 ms - getState
0.732483
0.787509
0.94757
4810.9 ±  0.0 ms - Total time
3826.6 ±  0.0 ms - Build f time
252.0 ±  1.8 ms - Apply f time
3540.4 ±  9.2 ms - Real f time 
740.2 ± 34.7 ms - Add time
 86.9 ±  1.2 ms - Find child
107.6 ±  1.4 ms - Add child
748.9 ±  3.5 ms - Hash
762.6 ± 43.6 ms - Map
260.4 ±  2.3 ms - getState
0.823862
0.876934
1.0595
5870.4 ±  0.0 ms - Total time
4650.5 ±  0.0 ms - Build f time
311.0 ±  2.0 ms - Apply f time
4289.9 ± 10.4 ms - Real f time 
898.8 ± 34.9 ms - Add time
107.0 ±  1.3 ms - Find child
133.8 ±  1.6 ms - Add child
912.7 ±  4.3 ms - Hash
926.2 ± 43.6 ms - Map
320.1 ±  2.4 ms - getState
0.851745
0.910184
1.1089
6979.3 ±  0.0 ms - Total time
5502.2 ±  0.0 ms - Build f time
372.9 ±  2.2 ms - Apply f time
5063.9 ± 11.3 ms - Real f time 
1067.9 ± 35.2 ms - Add time
126.6 ±  1.4 ms - Find child
161.5 ±  1.7 ms - Add child
1082.9 ±  4.7 ms - Hash
1091.0 ± 43.6 ms - Map
388.3 ±  3.4 ms - getState
Dag sizes: 107496 193392 440930 386075 47760 403116 455218 498048 532754 
brutePieces time: 6.68852
3279.3 ±  0.0 ms - Piece loop time
397.9 ± 15.5 ms - Set time
2665.7 ± 16.2 ms - Child looking time
Nodes:  3064789
Pieces: 61234
makePieces time: 3.28107
Memory: 21.9 + 256.2 + 98.1 + 86.8 + 78.0 MB
  2.0 ±  0.2 ms - Greedy fill time
composePieces time: 0.592526
                                                                                