Running only task # 365
Using max depth 4
 |                                        | 0 / 416 (0.0%)Function count: 142
0.00741502
0.00792957
0.00716039
0.00753083
0.00719946
0.00760768
0.00716357
0.00755037
0.00740591
0.00781608
  2.3 ±  0.0 ms - Piece loop time
 41.5 ± 41.3 ms - Set time
  2.2 ±  0.5 ms - Child looking time
0.0713684
0.074962
0.0790073
117.5 ±  0.0 ms - Total time
107.7 ±  0.0 ms - Build f time
  3.5 ±  0.2 ms - Apply f time
107.1 ±  1.5 ms - Real f time 
 17.6 ±  0.5 ms - Add time
  1.1 ±  0.1 ms - Find child
  1.3 ±  0.1 ms - Add child
 20.3 ±  0.7 ms - Hash
 52.2 ± 36.4 ms - Map
  3.7 ±  0.2 ms - getState
0.0720052
0.0756328
0.0798132
197.3 ±  0.0 ms - Total time
179.7 ±  0.0 ms - Build f time
  6.1 ±  0.3 ms - Apply f time
179.7 ±  1.7 ms - Real f time 
 28.9 ±  0.7 ms - Add time
  2.0 ±  0.2 ms - Find child
  2.6 ±  0.2 ms - Add child
 33.8 ±  0.8 ms - Hash
 62.3 ± 36.3 ms - Map
  6.4 ±  0.2 ms - getState
0.0705446
0.0738808
0.0778866
275.2 ±  0.0 ms - Total time
250.3 ±  0.0 ms - Build f time
  9.0 ±  0.5 ms - Apply f time
254.9 ±  3.4 ms - Real f time 
 43.3 ±  3.5 ms - Add time
  2.9 ±  0.2 ms - Find child
  3.4 ±  0.2 ms - Add child
 46.8 ±  0.9 ms - Hash
 72.2 ± 36.4 ms - Map
  9.0 ±  0.3 ms - getState
0.0727469
0.0764623
0.0807141
356.0 ±  0.0 ms - Total time
323.0 ±  0.0 ms - Build f time
 11.2 ±  0.5 ms - Apply f time
328.3 ±  3.5 ms - Real f time 
 55.2 ±  3.6 ms - Add time
  3.9 ±  0.2 ms - Find child
  4.5 ±  0.3 ms - Add child
 59.6 ±  1.0 ms - Hash
 83.3 ± 36.4 ms - Map
 11.8 ±  0.3 ms - getState
0.0741884
0.0780053
0.0825023
438.5 ±  0.0 ms - Total time
397.2 ±  0.0 ms - Build f time
 14.2 ±  0.6 ms - Apply f time
403.5 ±  4.0 ms - Real f time 
 67.5 ±  3.7 ms - Add time
  4.9 ±  0.2 ms - Find child
  5.4 ±  0.3 ms - Add child
 73.8 ±  1.0 ms - Hash
 94.0 ± 36.4 ms - Map
 15.1 ±  0.4 ms - getState
Dag sizes: 26676 27562 26661 27566 28224 
brutePieces time: 0.403512
 24.5 ±  0.0 ms - Piece loop time
 42.1 ± 37.8 ms - Set time
 16.7 ±  1.1 ms - Child looking time
Nodes:  136689
Pieces: 6025
makePieces time: 0.0253889
Memory: 0.5 + 21.2 + 4.4 + 23.2 + 0.8 MB
  0.2 ±  0.0 ms - Greedy fill time
composePieces time: 0.0136669
                                                                                