Running only task # 88
Using max depth 33
 |                                        | 0 / 416 (0.0%)Function count: 142
0.0544408
0.0584608
0.0544134
0.0580252
0.0566757
0.0610214
0.0540626
0.0580623
0.0502622
0.0540795
0.057077
0.0613092
0.0450079
0.0488479
 32.8 ±  0.0 ms - Piece loop time
 41.3 ± 36.9 ms - Set time
 27.5 ±  1.2 ms - Child looking time
0.0574859
0.0632464
0.102667
512.7 ±  0.0 ms - Total time
429.4 ±  0.0 ms - Build f time
 18.1 ±  0.5 ms - Apply f time
374.0 ± 11.1 ms - Real f time 
 81.7 ±  3.8 ms - Add time
  3.5 ±  0.2 ms - Find child
  4.2 ±  0.2 ms - Add child
 81.5 ±  0.9 ms - Hash
 80.0 ± 38.3 ms - Map
 21.6 ±  0.5 ms - getState
0.0653129
0.0690989
0.106908
619.6 ±  0.0 ms - Total time
494.7 ±  0.0 ms - Build f time
 26.3 ±  0.6 ms - Apply f time
431.2 ± 11.1 ms - Real f time 
107.7 ±  6.0 ms - Add time
  5.8 ±  0.3 ms - Find child
  6.6 ±  0.3 ms - Add child
 98.8 ±  1.0 ms - Hash
 94.1 ± 38.3 ms - Map
 30.9 ±  0.6 ms - getState
0.0772165
0.0813237
0.114733
734.4 ±  0.0 ms - Total time
572.0 ±  0.0 ms - Build f time
 33.3 ±  0.6 ms - Apply f time
499.2 ± 11.3 ms - Real f time 
129.2 ±  6.0 ms - Add time
  7.7 ±  0.3 ms - Find child
  8.6 ±  0.3 ms - Add child
118.7 ±  1.1 ms - Hash
106.6 ± 38.4 ms - Map
 39.1 ±  0.7 ms - getState
0.0557564
0.0598475
0.0923838
826.8 ±  0.0 ms - Total time
627.7 ±  0.0 ms - Build f time
 40.3 ±  0.7 ms - Apply f time
550.1 ± 11.4 ms - Real f time 
147.9 ±  6.0 ms - Add time
  9.9 ±  0.4 ms - Find child
 11.0 ±  0.4 ms - Add child
136.2 ±  1.1 ms - Hash
117.2 ± 38.4 ms - Map
 47.5 ±  0.7 ms - getState
0.052336
0.0559805
0.0880528
914.9 ±  0.0 ms - Total time
680.0 ±  0.0 ms - Build f time
 46.8 ±  0.8 ms - Apply f time
597.6 ± 11.4 ms - Real f time 
165.0 ±  6.0 ms - Add time
 11.6 ±  0.4 ms - Find child
 13.0 ±  0.4 ms - Add child
153.0 ±  1.2 ms - Hash
127.9 ± 38.4 ms - Map
 55.2 ±  0.8 ms - getState
0.059697
0.0640269
0.097317
1012.3 ±  0.0 ms - Total time
739.7 ±  0.0 ms - Build f time
 54.3 ±  0.8 ms - Apply f time
651.6 ± 11.5 ms - Real f time 
185.8 ±  6.1 ms - Add time
 13.9 ±  0.4 ms - Find child
 15.6 ±  0.5 ms - Add child
172.8 ±  1.4 ms - Hash
137.8 ± 38.4 ms - Map
 63.2 ±  0.8 ms - getState
0.0483873
0.0522714
0.0779383
1090.2 ±  0.0 ms - Total time
788.1 ±  0.0 ms - Build f time
 59.9 ±  0.9 ms - Apply f time
692.8 ± 11.5 ms - Real f time 
201.3 ±  6.1 ms - Add time
 15.6 ±  0.4 ms - Find child
 17.5 ±  0.5 ms - Add child
187.1 ±  1.5 ms - Hash
145.7 ± 38.4 ms - Map
 69.5 ±  0.8 ms - getState
Dag sizes: 55613 52679 57018 55612 52679 60052 44551 
brutePieces time: 0.686106
 90.1 ±  0.0 ms - Piece loop time
 54.2 ± 37.9 ms - Set time
 67.5 ±  1.6 ms - Child looking time
Nodes:  378204
Pieces: 74303
makePieces time: 0.0912675
Memory: 4.6 + 16.7 + 12.1 + 35.4 + 5.2 MB
160.1 ± 18.6 ms - Greedy fill time
composePieces time: 1.83697
                                                                                