Running only task # 72
Using max depth 23
 |                                        | 0 / 416 (0.0%)Function count: 142
0.0932464
0.0993592
0.0795587
0.0849045
0.094325
0.100306
0.091137
0.0976589
0.0797279
0.0849715
0.0918165
0.0977804
0.107329
0.114339
 27.3 ±  0.0 ms - Piece loop time
 46.6 ± 39.5 ms - Set time
 21.0 ±  1.5 ms - Child looking time
0.0912929
0.0970471
0.217128
896.8 ±  0.0 ms - Total time
728.4 ±  0.0 ms - Build f time
 33.4 ±  0.6 ms - Apply f time
567.1 ±  4.7 ms - Real f time 
180.3 ±  9.5 ms - Add time
  6.7 ±  0.3 ms - Find child
  9.6 ±  0.3 ms - Add child
150.2 ±  1.2 ms - Hash
128.2 ± 39.9 ms - Map
 43.1 ±  0.6 ms - getState
0.0817668
0.0871285
0.182333
1079.1 ±  0.0 ms - Total time
810.2 ±  0.0 ms - Build f time
 49.5 ±  0.8 ms - Apply f time
641.1 ±  5.0 ms - Real f time 
227.5 ± 10.8 ms - Add time
 11.6 ±  0.4 ms - Find child
 16.0 ±  0.4 ms - Add child
186.3 ±  1.3 ms - Hash
156.9 ± 39.9 ms - Map
 64.6 ±  0.7 ms - getState
0.095695
0.101803
0.212137
1291.3 ±  0.0 ms - Total time
905.9 ±  0.0 ms - Build f time
 67.2 ±  1.0 ms - Apply f time
723.6 ±  5.3 ms - Real f time 
297.8 ± 22.0 ms - Add time
 16.2 ±  0.5 ms - Find child
 22.6 ±  0.5 ms - Add child
231.2 ±  1.4 ms - Hash
183.2 ± 40.0 ms - Map
 90.3 ±  0.9 ms - getState
0.092122
0.0979205
0.210881
1502.2 ±  0.0 ms - Total time
998.0 ±  0.0 ms - Build f time
 85.7 ±  1.1 ms - Apply f time
808.0 ±  5.8 ms - Real f time 
363.2 ± 24.9 ms - Add time
 21.1 ±  0.5 ms - Find child
 29.3 ±  0.6 ms - Add child
278.5 ±  2.8 ms - Hash
211.2 ± 40.0 ms - Map
116.0 ±  1.2 ms - getState
0.0790425
0.0842573
0.174338
1676.6 ±  0.0 ms - Total time
1077.1 ±  0.0 ms - Build f time
102.7 ±  1.2 ms - Apply f time
882.7 ±  6.0 ms - Real f time 
408.5 ± 25.0 ms - Add time
 26.2 ±  0.6 ms - Find child
 36.3 ±  0.7 ms - Add child
315.8 ±  3.2 ms - Hash
233.8 ± 40.0 ms - Map
137.6 ±  1.4 ms - getState
0.0948365
0.100736
0.213545
1890.2 ±  0.0 ms - Total time
1171.9 ±  0.0 ms - Build f time
120.7 ±  1.3 ms - Apply f time
968.8 ±  6.2 ms - Real f time 
462.6 ± 25.0 ms - Add time
 31.2 ±  0.6 ms - Find child
 42.7 ±  0.8 ms - Add child
359.9 ±  3.2 ms - Hash
260.4 ± 39.9 ms - Map
162.4 ±  1.5 ms - getState
0.116204
0.123032
0.264738
2155.0 ±  0.0 ms - Total time
1288.1 ±  0.0 ms - Build f time
143.6 ±  1.4 ms - Apply f time
1070.9 ±  6.5 ms - Real f time 
545.2 ± 28.5 ms - Add time
 36.4 ±  0.7 ms - Find child
 50.0 ±  0.8 ms - Add child
416.0 ±  3.3 ms - Hash
288.7 ± 39.9 ms - Map
195.1 ±  1.6 ms - getState
Dag sizes: 149661 141571 140838 149719 141481 140746 167883 
brutePieces time: 1.48027
104.0 ±  0.0 ms - Piece loop time
 56.2 ± 32.0 ms - Set time
 72.1 ±  1.7 ms - Child looking time
Nodes:  1031899
Pieces: 123200
makePieces time: 0.105251
Memory: 15.1 + 40.0 + 33.0 + 45.9 + 7.9 MB
 27.4 ±  1.2 ms - Greedy fill time
composePieces time: 2.97977
                                                                                