Running only task # 362
Using max depth 3
 |                                        | 0 / 416 (0.0%)Function count: 142
0.386318
0.444522
0.334619
0.382937
0.334723
0.382828
0.279204
0.323529
 30.8 ±  0.0 ms - Piece loop time
 32.9 ± 24.6 ms - Set time
 21.5 ±  1.0 ms - Child looking time
0.408138
0.468112
0.69622
2230.2 ±  0.0 ms - Total time
1743.0 ±  0.0 ms - Build f time
110.0 ±  1.9 ms - Apply f time
1431.5 ± 15.6 ms - Real f time 
411.9 ±  4.1 ms - Add time
  8.5 ±  0.3 ms - Find child
 11.2 ±  0.4 ms - Add child
345.1 ±  2.1 ms - Hash
139.2 ± 37.9 ms - Map
141.7 ±  1.6 ms - getState
0.349658
0.398174
0.579753
2810.0 ±  0.0 ms - Total time
2092.7 ±  0.0 ms - Build f time
146.0 ±  2.2 ms - Apply f time
1735.9 ± 17.1 ms - Real f time 
533.4 ±  4.6 ms - Add time
 14.6 ±  0.4 ms - Find child
 19.2 ±  0.5 ms - Add child
445.4 ±  2.4 ms - Hash
179.8 ± 37.9 ms - Map
211.5 ±  2.0 ms - getState
0.34761
0.396677
0.563572
3373.6 ±  0.0 ms - Total time
2440.3 ±  0.0 ms - Build f time
182.6 ±  2.4 ms - Apply f time
2021.6 ± 17.7 ms - Real f time 
649.1 ±  5.1 ms - Add time
 19.9 ±  0.5 ms - Find child
 27.4 ±  0.6 ms - Add child
542.3 ±  2.6 ms - Hash
217.7 ± 37.9 ms - Map
275.2 ±  2.2 ms - getState
0.291615
0.330778
0.458489
3832.2 ±  0.0 ms - Total time
2731.9 ±  0.0 ms - Build f time
213.0 ±  2.5 ms - Apply f time
2272.1 ± 18.4 ms - Real f time 
756.2 ± 14.9 ms - Add time
 25.5 ±  0.6 ms - Find child
 35.1 ±  0.7 ms - Add child
618.8 ±  2.7 ms - Hash
249.2 ± 37.9 ms - Map
324.1 ±  2.4 ms - getState
Dag sizes: 193345 195496 191704 175540 
brutePieces time: 2.30006
 92.0 ±  0.0 ms - Piece loop time
 43.7 ± 19.1 ms - Set time
 63.8 ±  1.2 ms - Child looking time
Nodes:  756085
Pieces: 96764
makePieces time: 0.0927406
Memory: 23.8 + 29.9 + 24.2 + 28.9 + 6.1 MB
  1.0 ±  0.0 ms - Greedy fill time
composePieces time: 0.166807
                                                                                