Running only task # 96
Using max depth 3
 |                                        | 0 / 416 (0.0%)Function count: 142
0.095233
0.102988
0.0834046
0.0903292
0.0581802
0.0620446
0.11889
0.127318
 19.0 ±  0.0 ms - Piece loop time
 43.3 ± 37.2 ms - Set time
 13.3 ±  0.7 ms - Child looking time
0.107496
0.114782
0.139239
522.1 ±  0.0 ms - Total time
463.2 ±  0.0 ms - Build f time
 16.9 ±  0.5 ms - Apply f time
372.7 ±  4.3 ms - Real f time 
 80.7 ±  7.2 ms - Add time
  3.3 ±  0.2 ms - Find child
  3.8 ±  0.2 ms - Add child
 85.2 ±  0.9 ms - Hash
 85.9 ± 40.4 ms - Map
 16.0 ±  0.4 ms - getState
0.0932801
0.099903
0.117861
640.0 ±  0.0 ms - Total time
556.5 ±  0.0 ms - Build f time
 23.4 ±  0.6 ms - Apply f time
452.0 ±  4.8 ms - Real f time 
 97.4 ±  7.3 ms - Add time
  5.1 ±  0.3 ms - Find child
  5.9 ±  0.3 ms - Add child
108.0 ±  1.4 ms - Hash
 98.5 ± 40.4 ms - Map
 21.9 ±  0.4 ms - getState
0.0630377
0.0668224
0.0786568
718.7 ±  0.0 ms - Total time
619.5 ±  0.0 ms - Build f time
 28.0 ±  0.7 ms - Apply f time
507.1 ±  5.0 ms - Real f time 
109.0 ±  7.3 ms - Add time
  6.7 ±  0.3 ms - Find child
  8.0 ±  0.3 ms - Add child
121.4 ±  1.4 ms - Hash
107.3 ± 40.5 ms - Map
 26.0 ±  0.5 ms - getState
0.132702
0.141496
0.170911
889.7 ±  0.0 ms - Total time
752.2 ±  0.0 ms - Build f time
 38.0 ±  0.8 ms - Apply f time
621.6 ±  5.6 ms - Real f time 
150.9 ± 16.0 ms - Add time
  9.0 ±  0.3 ms - Find child
 10.6 ±  0.4 ms - Add child
151.2 ±  1.5 ms - Hash
124.9 ± 40.5 ms - Map
 34.9 ±  0.5 ms - getState
Dag sizes: 50448 42034 31941 57834 
brutePieces time: 0.509686
 35.3 ±  0.0 ms - Piece loop time
 43.7 ± 36.2 ms - Set time
 27.2 ±  1.2 ms - Child looking time
Nodes:  182257
Pieces: 12754
makePieces time: 0.0362009
Memory: 2.1 + 12.1 + 5.8 + 19.7 + 1.5 MB
  0.1 ±  0.0 ms - Greedy fill time
composePieces time: 0.0118242
                                                                                