Running only task # 254
Using max depth 23
 |                                        | 0 / 416 (0.0%)Function count: 142
0.180508
0.19845
0.228949
0.250716
0.158792
0.173764
0.185358
0.203618
0.195115
0.212735
0.224097
0.246015
0.156656
0.172164
0.184271
0.203314
0.209319
0.230641
 41.3 ±  0.0 ms - Piece loop time
 47.9 ± 37.6 ms - Set time
 29.1 ±  1.5 ms - Child looking time
0.179572
0.197347
0.324068
2216.0 ±  0.0 ms - Total time
1902.6 ±  0.0 ms - Build f time
 89.8 ±  1.9 ms - Apply f time
1539.2 ± 12.5 ms - Real f time 
397.7 ±  8.1 ms - Add time
  9.8 ±  0.4 ms - Find child
 13.1 ±  0.4 ms - Add child
313.1 ±  1.9 ms - Hash
189.5 ± 40.5 ms - Map
 99.8 ±  1.7 ms - getState
0.215593
0.237204
0.386464
2602.5 ±  0.0 ms - Total time
2118.2 ±  0.0 ms - Build f time
118.2 ±  2.0 ms - Apply f time
1730.9 ± 13.0 ms - Real f time 
481.0 ±  8.3 ms - Add time
 16.7 ±  0.5 ms - Find child
 22.6 ±  0.5 ms - Add child
381.8 ±  2.0 ms - Hash
222.9 ± 40.5 ms - Map
145.9 ±  1.9 ms - getState
0.156053
0.17109
0.28181
2884.4 ±  0.0 ms - Total time
2274.3 ±  0.0 ms - Build f time
142.5 ±  2.3 ms - Apply f time
1871.6 ± 13.2 ms - Real f time 
540.7 ±  8.3 ms - Add time
 23.3 ±  0.5 ms - Find child
 32.2 ±  0.6 ms - Add child
429.6 ±  2.2 ms - Hash
258.1 ± 40.4 ms - Map
178.1 ±  2.0 ms - getState
0.183402
0.201348
0.322974
3207.4 ±  0.0 ms - Total time
2457.7 ±  0.0 ms - Build f time
169.5 ±  2.4 ms - Apply f time
2035.3 ± 13.6 ms - Real f time 
613.1 ±  9.0 ms - Add time
 30.8 ±  0.6 ms - Find child
 40.7 ±  0.7 ms - Add child
486.3 ±  2.3 ms - Hash
285.2 ± 40.4 ms - Map
217.6 ±  2.7 ms - getState
0.182107
0.199906
0.314315
3521.7 ±  0.0 ms - Total time
2639.8 ±  0.0 ms - Build f time
195.1 ±  2.6 ms - Apply f time
2197.0 ± 14.0 ms - Real f time 
684.4 ±  9.5 ms - Add time
 37.7 ±  0.8 ms - Find child
 49.3 ±  0.8 ms - Add child
542.7 ±  2.5 ms - Hash
314.4 ± 40.6 ms - Map
253.6 ±  2.9 ms - getState
0.218266
0.239887
0.385553
3907.3 ±  0.0 ms - Total time
2858.1 ±  0.0 ms - Build f time
223.4 ±  2.7 ms - Apply f time
2385.7 ± 14.5 ms - Real f time 
769.0 ±  9.8 ms - Add time
 45.1 ±  0.8 ms - Find child
 60.3 ±  1.3 ms - Add child
611.4 ±  2.6 ms - Hash
346.2 ± 40.6 ms - Map
298.4 ±  3.0 ms - getState
0.154445
0.169095
0.273205
4180.5 ±  0.0 ms - Total time
3012.5 ±  0.0 ms - Build f time
247.2 ±  2.8 ms - Apply f time
2536.2 ± 17.2 ms - Real f time 
846.4 ± 18.8 ms - Add time
 52.1 ±  0.9 ms - Find child
 70.3 ±  1.3 ms - Add child
660.6 ±  2.7 ms - Hash
370.9 ± 40.6 ms - Map
331.2 ±  3.0 ms - getState
0.184456
0.202609
0.334784
4515.4 ±  0.0 ms - Total time
3197.0 ±  0.0 ms - Build f time
276.8 ±  2.9 ms - Apply f time
2698.3 ± 17.5 ms - Real f time 
994.2 ± 58.5 ms - Add time
 60.1 ±  1.0 ms - Find child
 79.6 ±  1.4 ms - Add child
718.9 ±  2.9 ms - Hash
399.3 ± 40.6 ms - Map
384.2 ±  9.3 ms - getState
0.219895
0.240984
0.389669
4905.1 ±  0.0 ms - Total time
3416.8 ±  0.0 ms - Build f time
308.2 ±  3.0 ms - Apply f time
2894.9 ± 17.8 ms - Real f time 
1079.9 ± 58.5 ms - Add time
 68.5 ±  1.0 ms - Find child
 90.2 ±  1.4 ms - Add child
794.9 ±  5.8 ms - Hash
429.0 ± 40.7 ms - Map
430.7 ±  9.3 ms - getState
Dag sizes: 145023 158525 150826 151734 144969 158746 151080 151599 179120 
brutePieces time: 3.01865
154.9 ±  0.0 ms - Piece loop time
 67.5 ± 41.9 ms - Set time
117.3 ±  3.3 ms - Child looking time
Nodes:  1391622
Pieces: 26982
makePieces time: 0.156263
Memory: 28.6 + 72.6 + 44.5 + 60.0 + 9.9 MB
  0.5 ±  0.0 ms - Greedy fill time
composePieces time: 0.145916
                                                                                