Running only task # 109
Using max depth 23
 |                                        | 0 / 416 (0.0%)Function count: 142
0.0962871
0.102879
0.0853777
0.0912561
0.109747
0.116592
0.0919705
0.098624
0.0857745
0.0917072
0.112886
0.119759
0.106728
0.115626
 37.3 ±  0.0 ms - Piece loop time
 51.0 ± 43.1 ms - Set time
 26.9 ±  1.5 ms - Child looking time
0.0936116
0.0994575
0.168397
905.2 ±  0.0 ms - Total time
782.4 ±  0.0 ms - Build f time
 27.7 ±  0.6 ms - Apply f time
602.1 ±  6.3 ms - Real f time 
168.7 ± 12.1 ms - Add time
  4.4 ±  0.2 ms - Find child
  5.6 ±  0.3 ms - Add child
154.0 ±  1.2 ms - Hash
112.5 ± 42.1 ms - Map
 36.1 ±  0.6 ms - getState
0.0847141
0.0904286
0.156825
1062.0 ±  0.0 ms - Total time
867.1 ±  0.0 ms - Build f time
 39.8 ±  0.7 ms - Apply f time
678.2 ±  6.6 ms - Real f time 
203.3 ± 12.1 ms - Add time
  7.3 ±  0.3 ms - Find child
  9.4 ±  0.3 ms - Add child
188.2 ±  1.3 ms - Hash
126.6 ± 42.1 ms - Map
 53.0 ±  0.7 ms - getState
0.108861
0.115273
0.202634
1264.7 ±  0.0 ms - Total time
976.0 ±  0.0 ms - Build f time
 53.6 ±  0.8 ms - Apply f time
770.8 ±  7.2 ms - Real f time 
249.5 ± 12.2 ms - Add time
 10.6 ±  0.4 ms - Find child
 13.7 ±  0.4 ms - Add child
233.4 ±  1.4 ms - Hash
142.5 ± 42.0 ms - Map
 74.9 ±  0.8 ms - getState
0.0950117
0.100746
0.171134
1435.9 ±  0.0 ms - Total time
1071.0 ±  0.0 ms - Build f time
 65.3 ±  0.9 ms - Apply f time
853.2 ±  7.4 ms - Real f time 
287.6 ± 12.2 ms - Add time
 13.5 ±  0.4 ms - Find child
 17.5 ±  0.5 ms - Add child
270.0 ±  1.5 ms - Hash
156.7 ± 42.1 ms - Map
 93.5 ±  1.1 ms - getState
0.0860216
0.0915835
0.160501
1596.4 ±  0.0 ms - Total time
1157.0 ±  0.0 ms - Build f time
 77.0 ±  1.0 ms - Apply f time
927.1 ±  7.6 ms - Real f time 
325.8 ± 12.2 ms - Add time
 16.6 ±  0.5 ms - Find child
 21.3 ±  0.5 ms - Add child
304.0 ±  1.9 ms - Hash
171.9 ± 42.1 ms - Map
110.8 ±  1.1 ms - getState
0.107258
0.113718
0.206314
1802.7 ±  0.0 ms - Total time
1264.2 ±  0.0 ms - Build f time
 90.8 ±  1.1 ms - Apply f time
1020.4 ±  7.8 ms - Real f time 
370.8 ± 12.3 ms - Add time
 19.7 ±  0.5 ms - Find child
 26.1 ±  0.6 ms - Add child
349.3 ±  2.0 ms - Hash
187.1 ± 42.0 ms - Map
135.8 ±  1.4 ms - getState
0.111492
0.11756
0.202516
2005.3 ±  0.0 ms - Total time
1375.7 ±  0.0 ms - Build f time
105.3 ±  1.1 ms - Apply f time
1116.9 ±  8.1 ms - Real f time 
416.5 ± 12.3 ms - Add time
 22.6 ±  0.5 ms - Find child
 30.6 ±  0.6 ms - Add child
394.4 ±  2.1 ms - Hash
202.3 ± 42.1 ms - Map
157.6 ±  1.4 ms - getState
Dag sizes: 95015 92102 99370 94985 92056 99328 102311 
brutePieces time: 1.27354
 91.3 ±  0.0 ms - Piece loop time
 53.1 ± 36.0 ms - Set time
 68.2 ±  1.4 ms - Child looking time
Nodes:  675167
Pieces: 95128
makePieces time: 0.0927039
Memory: 12.7 + 26.7 + 21.6 + 40.2 + 6.2 MB
 61.0 ±  2.4 ms - Greedy fill time
composePieces time: 4.10451
                                                                                