Running only task # 147
Using max depth 3
 |                                        | 0 / 416 (0.0%)Function count: 142
0.221092
0.259975
0.193713
0.214738
0.190965
0.212109
0.217789
0.244657
 52.1 ±  0.0 ms - Piece loop time
 27.7 ± 15.8 ms - Set time
 34.4 ±  1.3 ms - Child looking time
0.239066
0.267351
0.368287
1299.9 ±  0.0 ms - Total time
1062.6 ±  0.0 ms - Build f time
 59.6 ±  1.2 ms - Apply f time
822.3 ±  6.9 ms - Real f time 
258.8 ±  3.0 ms - Add time
  8.1 ±  0.3 ms - Find child
 11.7 ±  1.0 ms - Add child
190.4 ±  1.6 ms - Hash
130.3 ± 39.4 ms - Map
 78.3 ±  1.1 ms - getState
0.18922
0.209544
0.29312
1593.1 ±  0.0 ms - Total time
1251.8 ±  0.0 ms - Build f time
 78.7 ±  1.3 ms - Apply f time
977.7 ±  7.4 ms - Real f time 
319.9 ±  3.2 ms - Add time
 12.8 ±  0.4 ms - Find child
 19.1 ±  1.0 ms - Add child
241.0 ±  2.0 ms - Hash
157.3 ± 39.5 ms - Map
112.9 ±  1.3 ms - getState
0.194597
0.215684
0.307969
1901.1 ±  0.0 ms - Total time
1446.4 ±  0.0 ms - Build f time
100.2 ±  1.5 ms - Apply f time
1136.8 ±  8.0 ms - Real f time 
383.3 ±  3.6 ms - Add time
 17.5 ±  0.5 ms - Find child
 26.5 ±  1.1 ms - Add child
292.0 ±  2.1 ms - Hash
189.1 ± 39.6 ms - Map
150.5 ±  1.4 ms - getState
0.217134
0.244363
0.350029
2251.2 ±  0.0 ms - Total time
1663.6 ±  0.0 ms - Build f time
125.9 ±  1.6 ms - Apply f time
1312.3 ±  8.6 ms - Real f time 
456.1 ±  3.8 ms - Add time
 23.5 ±  0.5 ms - Find child
 34.3 ±  1.1 ms - Add child
347.6 ±  2.2 ms - Hash
216.0 ± 39.6 ms - Map
196.4 ±  1.6 ms - getState
Dag sizes: 160467 137838 148006 154441 
brutePieces time: 1.32142
 94.9 ±  0.0 ms - Piece loop time
 71.0 ± 45.6 ms - Set time
 61.5 ±  1.2 ms - Child looking time
Nodes:  600752
Pieces: 18238
makePieces time: 0.0959953
Memory: 12.4 + 29.8 + 19.2 + 26.4 + 4.9 MB
  0.1 ±  0.0 ms - Greedy fill time
composePieces time: 0.031957
                                                                                