Running only task # 47
Using max depth 4
 |                                        | 0 / 416 (0.0%)Function count: 142
0.109385
0.117252
0.0983798
0.106508
0.0940119
0.101725
0.0903606
0.0973315
0.105844
0.114686
 28.1 ±  0.0 ms - Piece loop time
 44.0 ± 38.4 ms - Set time
 21.2 ±  1.1 ms - Child looking time
2.44137
2.63572
3.70343
4241.1 ±  0.0 ms - Total time
2939.3 ±  0.0 ms - Build f time
215.6 ±  3.0 ms - Apply f time
2480.7 ± 25.1 ms - Real f time 
755.2 ± 21.1 ms - Add time
 45.5 ±  0.8 ms - Find child
 62.7 ±  1.0 ms - Add child
770.2 ±  5.0 ms - Hash
549.3 ± 43.3 ms - Map
311.6 ±  1.8 ms - getState
2.32298
2.51987
3.57447
7815.6 ±  0.0 ms - Total time
5262.3 ±  0.0 ms - Build f time
405.4 ±  3.3 ms - Apply f time
4425.9 ± 28.7 ms - Real f time 
1396.3 ± 41.0 ms - Add time
 88.2 ±  1.1 ms - Find child
118.4 ±  1.3 ms - Add child
1418.6 ±  5.7 ms - Hash
1024.9 ± 44.1 ms - Map
598.9 ±  2.5 ms - getState
2.23657
2.42307
3.43633
11252.0 ±  0.0 ms - Total time
7498.9 ±  0.0 ms - Build f time
588.8 ±  3.7 ms - Apply f time
6324.0 ± 34.0 ms - Real f time 
1962.7 ± 41.1 ms - Add time
127.6 ±  1.3 ms - Find child
170.7 ±  1.6 ms - Add child
2038.7 ±  6.2 ms - Hash
1465.9 ± 44.2 ms - Map
880.6 ±  3.2 ms - getState
2.11716
2.28739
3.22365
14475.6 ±  0.0 ms - Total time
9616.1 ±  0.0 ms - Build f time
761.2 ±  4.4 ms - Apply f time
8106.6 ± 34.8 ms - Real f time 
2514.0 ± 43.2 ms - Add time
165.9 ±  1.5 ms - Find child
223.6 ±  1.8 ms - Add child
2649.0 ± 11.0 ms - Hash
1893.4 ± 44.5 ms - Map
1146.9 ±  4.0 ms - getState
2.57864
2.80087
3.99088
18466.6 ±  0.0 ms - Total time
12194.7 ±  0.0 ms - Build f time
976.0 ±  4.7 ms - Apply f time
10289.1 ± 37.3 ms - Real f time 
3224.3 ± 50.1 ms - Add time
215.9 ±  1.7 ms - Find child
289.0 ±  2.2 ms - Add child
3374.5 ± 11.6 ms - Hash
2414.4 ± 44.6 ms - Map
1478.1 ±  5.1 ms - getState
Dag sizes: 1524475 1438884 1386651 1316736 1651873 
brutePieces time: 17.9308
2136.4 ±  0.0 ms - Piece loop time
625.9 ± 16.8 ms - Set time
1374.3 ±  8.0 ms - Child looking time
Nodes:  7318619
Pieces: 1486486
makePieces time: 2.14148
Memory: 123.5 + 350.8 + 234.2 + 184.2 + 84.8 MB
 49.6 ±  0.0 ms - Greedy fill time
composePieces time: 14.5104
                                                                                