Running only task # 186
Using max depth 3
 |                                        | 0 / 416 (0.0%)Function count: 142
0.0510443
0.0536241
0.0445566
0.0468995
0.0570228
0.0597637
  9.6 ±  0.0 ms - Piece loop time
 49.6 ± 47.6 ms - Set time
  7.3 ±  0.5 ms - Child looking time
0.0467252
0.048988
0.0720628
244.6 ±  0.0 ms - Total time
199.3 ±  0.0 ms - Build f time
  7.5 ±  0.3 ms - Apply f time
174.4 ±  2.5 ms - Real f time 
 37.0 ±  2.1 ms - Add time
  1.5 ±  0.1 ms - Find child
  2.2 ±  0.2 ms - Add child
 40.5 ±  0.6 ms - Hash
 68.5 ± 51.5 ms - Map
  8.6 ±  0.3 ms - getState
0.0463538
0.0487397
0.072398
317.0 ±  0.0 ms - Total time
245.7 ±  0.0 ms - Build f time
 12.5 ±  0.4 ms - Apply f time
215.1 ±  2.7 ms - Real f time 
 51.1 ±  2.2 ms - Add time
  2.9 ±  0.2 ms - Find child
  4.1 ±  0.2 ms - Add child
 55.9 ±  0.7 ms - Hash
 75.1 ± 51.3 ms - Map
 14.0 ±  0.3 ms - getState
0.0615933
0.0644883
0.100618
417.6 ±  0.0 ms - Total time
307.3 ±  0.0 ms - Build f time
 19.3 ±  0.5 ms - Apply f time
266.7 ±  3.0 ms - Real f time 
 71.0 ±  2.3 ms - Add time
  4.5 ±  0.2 ms - Find child
  6.3 ±  0.3 ms - Add child
 76.6 ±  0.9 ms - Hash
 84.4 ± 51.3 ms - Map
 22.4 ±  0.4 ms - getState
Dag sizes: 43234 42987 51706 
brutePieces time: 0.259691
 24.6 ±  0.0 ms - Piece loop time
 48.8 ± 42.8 ms - Set time
 18.6 ±  0.6 ms - Child looking time
Nodes:  137927
Pieces: 42352
makePieces time: 0.0255798
Memory: 1.8 + 6.6 + 4.4 + 14.8 + 1.4 MB
  0.8 ±  0.0 ms - Greedy fill time
composePieces time: 0.0733281
                                                                                