Running only task # 159
Using max depth 23
 |                                        | 0 / 416 (0.0%)Function count: 142
0.133004
0.14823
0.0643949
0.0706871
0.0268667
0.0293087
0.135631
0.152978
0.0658711
0.0721822
0.0275081
0.0298785
0.149304
0.168164
104.3 ±  0.0 ms - Piece loop time
 61.0 ± 45.8 ms - Set time
 85.7 ±  2.0 ms - Child looking time
0.135756
0.150709
0.291895
963.6 ±  0.0 ms - Total time
738.3 ±  0.0 ms - Build f time
 53.0 ±  2.5 ms - Apply f time
608.6 ±  4.5 ms - Real f time 
225.8 ±  8.9 ms - Add time
  9.8 ±  0.4 ms - Find child
 14.3 ±  0.4 ms - Add child
132.7 ±  1.3 ms - Hash
145.0 ± 38.5 ms - Map
 62.4 ±  0.8 ms - getState
0.0641446
0.0703268
0.127028
1090.7 ±  0.0 ms - Total time
802.5 ±  0.0 ms - Build f time
 66.5 ±  2.6 ms - Apply f time
670.5 ±  4.6 ms - Real f time 
256.4 ±  9.0 ms - Add time
 15.5 ±  0.6 ms - Find child
 20.9 ±  0.5 ms - Add child
152.9 ±  1.4 ms - Hash
170.9 ± 38.7 ms - Map
 77.0 ±  0.9 ms - getState
0.0272773
0.0296706
0.0432377
1134.0 ±  0.0 ms - Total time
829.8 ±  0.0 ms - Build f time
 71.0 ±  2.6 ms - Apply f time
697.1 ±  4.7 ms - Real f time 
267.2 ±  9.1 ms - Add time
 17.0 ±  0.6 ms - Find child
 23.2 ±  0.5 ms - Add child
159.7 ±  1.5 ms - Hash
178.2 ± 38.7 ms - Map
 80.5 ±  0.9 ms - getState
0.138775
0.155055
0.293805
1427.8 ±  0.0 ms - Total time
968.5 ±  0.0 ms - Build f time
 98.9 ±  2.6 ms - Apply f time
826.4 ±  5.2 ms - Real f time 
340.0 ±  9.2 ms - Add time
 24.3 ±  0.7 ms - Find child
 33.8 ±  0.7 ms - Add child
207.1 ±  1.6 ms - Hash
216.6 ± 38.7 ms - Map
119.6 ±  1.1 ms - getState
0.0676697
0.073761
0.12441
1552.3 ±  0.0 ms - Total time
1036.2 ±  0.0 ms - Build f time
113.6 ±  2.7 ms - Apply f time
891.1 ±  5.3 ms - Real f time 
384.8 ± 16.8 ms - Add time
 29.0 ±  0.8 ms - Find child
 40.2 ±  0.7 ms - Add child
227.5 ±  1.7 ms - Hash
236.4 ± 38.7 ms - Map
133.6 ±  1.2 ms - getState
0.0272931
0.0296785
0.0426215
1594.9 ±  0.0 ms - Total time
1063.5 ±  0.0 ms - Build f time
118.7 ±  2.7 ms - Apply f time
917.8 ±  5.3 ms - Real f time 
394.3 ± 16.8 ms - Add time
 30.5 ±  0.8 ms - Find child
 42.6 ±  0.7 ms - Add child
236.5 ±  2.4 ms - Hash
242.7 ± 38.6 ms - Map
137.1 ±  1.2 ms - getState
0.147494
0.164075
0.32353
1918.5 ±  0.0 ms - Total time
1211.0 ±  0.0 ms - Build f time
149.1 ±  2.8 ms - Apply f time
1051.5 ±  5.7 ms - Real f time 
488.3 ± 18.1 ms - Add time
 39.1 ±  0.8 ms - Find child
 54.3 ±  0.8 ms - Add child
307.6 ± 15.2 ms - Hash
278.9 ± 38.6 ms - Map
183.0 ±  1.4 ms - getState
Dag sizes: 227205 124376 33205 229894 125819 32981 242478 
brutePieces time: 1.25162
371.2 ±  0.0 ms - Piece loop time
 98.2 ± 35.5 ms - Set time
293.6 ±  2.6 ms - Child looking time
Nodes:  1015958
Pieces: 252376
makePieces time: 0.37334
Memory: 10.6 + 43.2 + 32.5 + 45.6 + 16.6 MB
 15.4 ±  3.1 ms - Greedy fill time
composePieces time: 2.9746
                                                                                