Running only task # 268
Using max depth 33
 |                                        | 0 / 416 (0.0%)Function count: 142
0.137081
0.150252
0.127771
0.140216
0.139951
0.15422
0.137863
0.151149
0.133057
0.146213
0.141597
0.156566
0.137678
0.15137
 54.2 ±  0.0 ms - Piece loop time
 54.1 ± 44.6 ms - Set time
 41.6 ±  1.4 ms - Child looking time
0.141343
0.154895
0.338816
1389.1 ±  0.0 ms - Total time
1096.3 ±  0.0 ms - Build f time
 64.4 ±  0.9 ms - Apply f time
902.9 ± 16.5 ms - Real f time 
269.8 ±  2.7 ms - Add time
 10.5 ±  0.4 ms - Find child
 14.9 ±  0.4 ms - Add child
215.3 ±  2.2 ms - Hash
177.2 ± 41.9 ms - Map
 73.7 ±  0.9 ms - getState
0.133751
0.146045
0.304906
1694.0 ±  0.0 ms - Total time
1230.1 ±  0.0 ms - Build f time
 91.0 ±  1.2 ms - Apply f time
1023.8 ± 16.6 ms - Real f time 
349.2 ±  4.7 ms - Add time
 17.6 ±  0.5 ms - Find child
 24.1 ±  0.5 ms - Add child
272.4 ±  2.5 ms - Hash
224.9 ± 41.9 ms - Map
109.7 ±  1.0 ms - getState
0.15131
0.166063
0.350339
2044.4 ±  0.0 ms - Total time
1381.4 ±  0.0 ms - Build f time
122.6 ±  1.4 ms - Apply f time
1163.0 ± 16.8 ms - Real f time 
463.3 ± 18.7 ms - Add time
 25.9 ±  0.6 ms - Find child
 36.3 ±  0.7 ms - Add child
336.6 ±  2.7 ms - Hash
272.7 ± 41.9 ms - Map
153.7 ±  1.2 ms - getState
0.146754
0.161081
0.342912
2387.4 ±  0.0 ms - Total time
1528.1 ±  0.0 ms - Build f time
153.1 ±  1.5 ms - Apply f time
1300.4 ± 17.8 ms - Real f time 
552.3 ± 18.8 ms - Add time
 34.7 ±  1.1 ms - Find child
 47.0 ±  0.8 ms - Add child
398.8 ±  2.8 ms - Hash
323.2 ± 41.8 ms - Map
195.4 ±  1.3 ms - getState
0.138879
0.152505
0.321533
2709.0 ±  0.0 ms - Total time
1667.0 ±  0.0 ms - Build f time
181.7 ±  1.6 ms - Apply f time
1424.7 ± 17.9 ms - Real f time 
635.0 ± 19.6 ms - Add time
 41.8 ±  1.2 ms - Find child
 57.9 ±  0.9 ms - Add child
458.5 ±  2.9 ms - Hash
372.3 ± 41.8 ms - Map
234.4 ±  1.5 ms - getState
0.148203
0.16335
0.362052
3071.1 ±  0.0 ms - Total time
1815.2 ±  0.0 ms - Build f time
214.9 ±  1.8 ms - Apply f time
1565.1 ± 18.2 ms - Real f time 
726.8 ± 19.6 ms - Add time
 50.5 ±  1.2 ms - Find child
 70.4 ±  0.9 ms - Add child
523.1 ±  3.0 ms - Hash
426.7 ± 41.9 ms - Map
281.1 ±  1.6 ms - getState
0.140706
0.154375
0.325517
3396.6 ±  0.0 ms - Total time
1955.9 ±  0.0 ms - Build f time
243.5 ±  1.9 ms - Apply f time
1693.6 ± 18.3 ms - Real f time 
806.2 ± 19.7 ms - Add time
 57.9 ±  1.2 ms - Find child
 81.2 ±  1.0 ms - Add child
585.8 ±  3.6 ms - Hash
478.9 ± 42.0 ms - Map
320.5 ±  1.7 ms - getState
Dag sizes: 273564 232330 284039 266440 245438 285436 254616 
brutePieces time: 2.35107
254.5 ±  0.0 ms - Piece loop time
127.2 ± 41.0 ms - Set time
164.0 ±  2.4 ms - Child looking time
Nodes:  1841863
Pieces: 277622
makePieces time: 0.256476
Memory: 24.0 + 65.4 + 58.9 + 58.8 + 17.5 MB
105.9 ± 71.5 ms - Greedy fill time
composePieces time: 4.94488
                                                                                