Running only task # 305
Using max depth 23
 |                                        | 0 / 416 (0.0%)Function count: 142
0.0071809
0.00759856
0.00790528
0.00822752
0.0087112
0.00902033
0.00861829
0.00920698
0.00616946
0.0064248
0.0100056
0.0105251
0.00786183
0.0082023
0.011959
0.0125715
0.00821715
0.00866245
0.00846857
0.00883783
0.00722523
0.00756561
0.00786809
0.00818977
0.00795418
0.00827777
0.00812631
0.00845121
0.00621068
0.00645856
0.00942988
0.00982527
0.00784724
0.00820136
0.0115836
0.01215
0.0083714
0.00882399
0.00862329
0.00901555
0.00761223
0.00790371
120.3 ±  0.0 ms - Piece loop time
 40.2 ± 34.7 ms - Set time
109.2 ±  3.3 ms - Child looking time
0.00797728
0.00847679
0.00922648
193.7 ±  0.0 ms - Total time
183.9 ±  0.0 ms - Build f time
  3.1 ±  0.2 ms - Apply f time
182.0 ±  1.3 ms - Real f time 
 33.4 ±  1.8 ms - Add time
  0.9 ±  0.1 ms - Find child
  1.2 ±  0.1 ms - Add child
 35.1 ±  0.7 ms - Hash
 60.5 ± 35.5 ms - Map
  4.0 ±  0.2 ms - getState
0.0106734
0.011045
0.0115817
205.3 ±  0.0 ms - Total time
194.6 ±  0.0 ms - Build f time
  3.4 ±  0.2 ms - Apply f time
191.8 ±  1.4 ms - Real f time 
 35.2 ±  1.8 ms - Add time
  1.0 ±  0.1 ms - Find child
  1.4 ±  0.1 ms - Add child
 37.0 ±  0.7 ms - Hash
 62.3 ± 35.5 ms - Map
  4.3 ±  0.2 ms - getState
0.0083865
0.00876668
0.00931661
214.6 ±  0.0 ms - Total time
203.0 ±  0.0 ms - Build f time
  3.6 ±  0.2 ms - Apply f time
201.2 ±  1.7 ms - Real f time 
 36.5 ±  1.8 ms - Add time
  1.1 ±  0.1 ms - Find child
  1.6 ±  0.1 ms - Add child
 38.5 ±  0.7 ms - Hash
 63.7 ± 35.5 ms - Map
  4.6 ±  0.3 ms - getState
0.00832896
0.00874323
0.00932654
223.9 ±  0.0 ms - Total time
211.3 ±  0.0 ms - Build f time
  4.0 ±  0.2 ms - Apply f time
210.3 ±  1.8 ms - Real f time 
 38.1 ±  1.8 ms - Add time
  1.3 ±  0.1 ms - Find child
  1.7 ±  0.1 ms - Add child
 40.0 ±  0.7 ms - Hash
 65.3 ± 35.5 ms - Map
  4.8 ±  0.3 ms - getState
0.00638209
0.00664109
0.00711821
231.0 ±  0.0 ms - Total time
217.7 ±  0.0 ms - Build f time
  4.2 ±  0.2 ms - Apply f time
217.2 ±  1.8 ms - Real f time 
 39.2 ±  1.8 ms - Add time
  1.4 ±  0.1 ms - Find child
  1.9 ±  0.2 ms - Add child
 41.3 ±  0.7 ms - Hash
 66.3 ± 35.5 ms - Map
  5.0 ±  0.3 ms - getState
0.00991485
0.0103684
0.0112089
242.3 ±  0.0 ms - Total time
227.6 ±  0.0 ms - Build f time
  4.6 ±  0.2 ms - Apply f time
227.2 ±  1.8 ms - Real f time 
 41.0 ±  1.8 ms - Add time
  1.6 ±  0.1 ms - Find child
  2.1 ±  0.2 ms - Add child
 43.2 ±  0.7 ms - Hash
 68.3 ± 35.5 ms - Map
  5.4 ±  0.3 ms - getState
0.00821816
0.00859068
0.00925151
251.7 ±  0.0 ms - Total time
235.8 ±  0.0 ms - Build f time
  4.9 ±  0.2 ms - Apply f time
235.5 ±  1.9 ms - Real f time 
 42.6 ±  1.8 ms - Add time
  1.7 ±  0.2 ms - Find child
  2.2 ±  0.2 ms - Add child
 44.9 ±  0.7 ms - Hash
 69.6 ± 35.5 ms - Map
  5.6 ±  0.3 ms - getState
0.0129041
0.0135685
0.0144753
266.2 ±  0.0 ms - Total time
248.7 ±  0.0 ms - Build f time
  5.4 ±  0.2 ms - Apply f time
248.0 ±  1.9 ms - Real f time 
 44.8 ±  1.8 ms - Add time
  2.0 ±  0.2 ms - Find child
  2.5 ±  0.2 ms - Add child
 47.3 ±  0.8 ms - Hash
 71.6 ± 35.5 ms - Map
  5.8 ±  0.3 ms - getState
0.00855944
0.00897157
0.00959721
275.8 ±  0.0 ms - Total time
257.3 ±  0.0 ms - Build f time
  5.7 ±  0.2 ms - Apply f time
256.6 ±  1.9 ms - Real f time 
 46.6 ±  1.8 ms - Add time
  2.2 ±  0.2 ms - Find child
  2.6 ±  0.2 ms - Add child
 49.2 ±  0.8 ms - Hash
 72.9 ± 35.5 ms - Map
  6.1 ±  0.3 ms - getState
0.00897109
0.0094158
0.0102049
286.1 ±  0.0 ms - Total time
266.3 ±  0.0 ms - Build f time
  6.0 ±  0.3 ms - Apply f time
265.2 ±  1.9 ms - Real f time 
 48.1 ±  1.9 ms - Add time
  2.2 ±  0.2 ms - Find child
  2.8 ±  0.2 ms - Add child
 51.0 ±  0.8 ms - Hash
 74.2 ± 35.5 ms - Map
  6.5 ±  0.3 ms - getState
0.00734925
0.00765623
0.00811208
294.2 ±  0.0 ms - Total time
273.6 ±  0.0 ms - Build f time
  6.4 ±  0.3 ms - Apply f time
272.5 ±  2.0 ms - Real f time 
 49.3 ±  1.9 ms - Add time
  2.4 ±  0.2 ms - Find child
  2.9 ±  0.2 ms - Add child
 52.5 ±  0.8 ms - Hash
 75.4 ± 35.5 ms - Map
  6.8 ±  0.3 ms - getState
0.00809573
0.00842929
0.00895339
303.1 ±  0.0 ms - Total time
281.7 ±  0.0 ms - Build f time
  6.7 ±  0.3 ms - Apply f time
280.9 ±  2.0 ms - Real f time 
 50.8 ±  1.9 ms - Add time
  2.5 ±  0.2 ms - Find child
  3.1 ±  0.2 ms - Add child
 54.3 ±  0.8 ms - Hash
 76.5 ± 35.5 ms - Map
  7.1 ±  0.3 ms - getState
0.00799216
0.00829736
0.00881646
312.0 ±  0.0 ms - Total time
289.7 ±  0.0 ms - Build f time
  7.1 ±  0.3 ms - Apply f time
289.1 ±  2.0 ms - Real f time 
 52.0 ±  1.9 ms - Add time
  2.6 ±  0.2 ms - Find child
  3.3 ±  0.2 ms - Add child
 55.8 ±  0.8 ms - Hash
 77.5 ± 35.5 ms - Map
  7.5 ±  0.3 ms - getState
0.00869298
0.00904505
0.00960956
321.6 ±  0.0 ms - Total time
298.4 ±  0.0 ms - Build f time
  7.4 ±  0.3 ms - Apply f time
297.4 ±  2.0 ms - Real f time 
 53.9 ±  1.9 ms - Add time
  2.7 ±  0.2 ms - Find child
  3.5 ±  0.2 ms - Add child
 57.7 ±  0.8 ms - Hash
 78.8 ± 35.5 ms - Map
  7.8 ±  0.3 ms - getState
0.00621411
0.00645268
0.00688788
328.5 ±  0.0 ms - Total time
304.6 ±  0.0 ms - Build f time
  7.7 ±  0.3 ms - Apply f time
303.6 ±  2.0 ms - Real f time 
 55.1 ±  1.9 ms - Add time
  2.8 ±  0.2 ms - Find child
  3.6 ±  0.2 ms - Add child
 59.3 ±  0.8 ms - Hash
 79.6 ± 35.5 ms - Map
  8.1 ±  0.3 ms - getState
0.0100374
0.0104424
0.0111329
339.6 ±  0.0 ms - Total time
314.6 ±  0.0 ms - Build f time
  8.1 ±  0.3 ms - Apply f time
314.0 ±  2.1 ms - Real f time 
 56.6 ±  1.9 ms - Add time
  3.1 ±  0.2 ms - Find child
  3.8 ±  0.2 ms - Add child
 61.5 ±  0.9 ms - Hash
 81.2 ± 35.5 ms - Map
  8.4 ±  0.3 ms - getState
0.00863847
0.00923713
0.0102212
349.9 ±  0.0 ms - Total time
323.3 ±  0.0 ms - Build f time
  8.7 ±  0.3 ms - Apply f time
322.6 ±  2.1 ms - Real f time 
 58.3 ±  1.9 ms - Add time
  3.2 ±  0.2 ms - Find child
  4.1 ±  0.2 ms - Add child
 63.1 ±  0.9 ms - Hash
 82.7 ± 35.5 ms - Map
  8.8 ±  0.3 ms - getState
0.01638
0.0169457
0.0177332
367.6 ±  0.0 ms - Total time
339.7 ±  0.0 ms - Build f time
  9.1 ±  0.3 ms - Apply f time
337.8 ±  2.1 ms - Real f time 
 60.8 ±  1.9 ms - Add time
  3.4 ±  0.2 ms - Find child
  4.3 ±  0.2 ms - Add child
 65.9 ±  0.9 ms - Hash
 85.0 ± 35.5 ms - Map
  9.3 ±  0.3 ms - getState
0.00826162
0.00863504
0.00937606
377.0 ±  0.0 ms - Total time
347.9 ±  0.0 ms - Build f time
  9.5 ±  0.3 ms - Apply f time
346.3 ±  2.2 ms - Real f time 
 62.2 ±  2.0 ms - Add time
  3.5 ±  0.2 ms - Find child
  4.6 ±  0.2 ms - Add child
 67.6 ±  0.9 ms - Hash
 86.2 ± 35.5 ms - Map
  9.6 ±  0.3 ms - getState
0.00864463
0.0090136
0.00970429
386.7 ±  0.0 ms - Total time
356.6 ±  0.0 ms - Build f time
  9.8 ±  0.3 ms - Apply f time
355.4 ±  2.2 ms - Real f time 
 63.8 ±  2.0 ms - Add time
  3.6 ±  0.2 ms - Find child
  4.7 ±  0.2 ms - Add child
 69.3 ±  0.9 ms - Hash
 87.4 ± 35.5 ms - Map
 10.0 ±  0.3 ms - getState
0.0078473
0.00814249
0.00860411
395.3 ±  0.0 ms - Total time
364.4 ±  0.0 ms - Build f time
 10.0 ±  0.3 ms - Apply f time
364.3 ±  2.3 ms - Real f time 
 65.1 ±  2.0 ms - Add time
  3.7 ±  0.2 ms - Find child
  4.9 ±  0.2 ms - Add child
 70.8 ±  0.9 ms - Hash
 88.6 ± 35.5 ms - Map
 10.3 ±  0.4 ms - getState
Dag sizes: 3244 3729 3596 3857 2987 4522 3707 5506 3902 4423 3243 3729 3596 3873 2993 4514 3707 5508 3894 4423 3360 
brutePieces time: 0.226859
162.9 ±  0.0 ms - Piece loop time
 31.3 ± 24.1 ms - Set time
157.3 ± 11.6 ms - Child looking time
Nodes:  82313
Pieces: 13376
makePieces time: 0.163686
Memory: 0.4 + 13.3 + 2.6 + 89.4 + 4.7 MB
  0.9 ±  0.0 ms - Greedy fill time
composePieces time: 0.101693
                                                                                