Running only task # 222
Using max depth 3
 |                                        | 0 / 416 (0.0%)Function count: 142
0.0111476
0.0119566
0.0394383
0.042261
0.0291788
0.0312596
0.0525707
0.0564654
 18.2 ±  0.0 ms - Piece loop time
 43.9 ± 41.4 ms - Set time
 14.7 ±  0.8 ms - Child looking time
0.0108098
0.0114492
0.0144426
156.5 ±  0.0 ms - Total time
143.1 ±  0.0 ms - Build f time
  4.3 ±  0.3 ms - Apply f time
129.3 ±  1.9 ms - Real f time 
 26.3 ±  2.3 ms - Add time
  0.7 ±  0.1 ms - Find child
  1.2 ±  0.1 ms - Add child
 23.0 ±  0.5 ms - Hash
 48.4 ± 36.5 ms - Map
  4.8 ±  0.2 ms - getState
0.039464
0.0420953
0.0619419
218.4 ±  0.0 ms - Total time
182.6 ±  0.0 ms - Build f time
  9.3 ±  0.3 ms - Apply f time
167.9 ±  2.2 ms - Real f time 
 54.0 ± 14.6 ms - Add time
  2.1 ±  0.2 ms - Find child
  3.3 ±  0.2 ms - Add child
 34.5 ±  0.6 ms - Hash
 55.8 ± 36.5 ms - Map
  9.8 ±  0.3 ms - getState
0.0290154
0.0310085
0.0455066
264.0 ±  0.0 ms - Total time
211.6 ±  0.0 ms - Build f time
 15.4 ±  1.8 ms - Apply f time
197.4 ±  2.3 ms - Real f time 
 63.3 ± 14.6 ms - Add time
  3.4 ±  0.2 ms - Find child
  4.8 ±  0.2 ms - Add child
 42.4 ±  0.7 ms - Hash
 61.1 ± 36.4 ms - Map
 13.2 ±  0.4 ms - getState
0.0501862
0.0527494
0.0818796
345.9 ±  0.0 ms - Total time
261.8 ±  0.0 ms - Build f time
 20.6 ±  1.8 ms - Apply f time
243.2 ±  3.0 ms - Real f time 
 81.1 ± 14.6 ms - Add time
  4.7 ±  0.2 ms - Find child
  6.7 ±  0.3 ms - Add child
 63.5 ±  4.7 ms - Hash
 68.6 ± 36.4 ms - Map
 20.5 ±  0.4 ms - getState
Dag sizes: 10157 45196 38544 44911 
brutePieces time: 0.207449
 31.6 ±  0.0 ms - Piece loop time
 46.4 ± 41.3 ms - Set time
 25.4 ±  0.7 ms - Child looking time
Nodes:  138808
Pieces: 33829
makePieces time: 0.0325935
Memory: 1.3 + 6.6 + 4.4 + 19.0 + 1.5 MB
  0.6 ±  0.0 ms - Greedy fill time
composePieces time: 0.0636277
                                                                                