Running only task # 358
Using max depth 4
 |                                        | 0 / 416 (0.0%)Function count: 142
0.0170891
0.0185194
0.0237737
0.0256186
0.0245573
0.026897
0.031588
0.0343569
0.037298
0.0401606
 11.4 ±  0.0 ms - Piece loop time
 38.8 ± 36.6 ms - Set time
  9.0 ±  0.7 ms - Child looking time
0.253729
0.273872
0.326409
472.1 ±  0.0 ms - Total time
388.0 ±  0.0 ms - Build f time
 25.9 ±  0.5 ms - Apply f time
378.2 ±  2.4 ms - Real f time 
 88.3 ±  8.5 ms - Add time
  7.6 ±  0.3 ms - Find child
  9.8 ±  0.4 ms - Add child
 72.7 ±  1.0 ms - Hash
 93.6 ± 37.8 ms - Map
 23.7 ±  0.5 ms - getState
0.405923
0.436622
0.551694
1023.8 ±  0.0 ms - Total time
794.0 ±  0.0 ms - Build f time
 65.0 ±  0.9 ms - Apply f time
781.5 ±  3.6 ms - Real f time 
179.3 ±  8.5 ms - Add time
 19.2 ±  0.5 ms - Find child
 24.3 ±  0.6 ms - Add child
160.0 ±  1.5 ms - Hash
210.4 ± 52.6 ms - Map
 61.4 ±  1.3 ms - getState
0.436963
0.469901
0.593015
1616.9 ±  0.0 ms - Total time
1230.9 ±  0.0 ms - Build f time
107.7 ±  1.3 ms - Apply f time
1205.2 ±  4.4 ms - Real f time 
298.0 ± 14.4 ms - Add time
 32.3 ±  0.6 ms - Find child
 40.1 ±  0.7 ms - Add child
253.0 ±  1.9 ms - Hash
299.9 ± 52.6 ms - Map
101.3 ±  1.5 ms - getState
0.589898
0.638762
0.875156
2492.1 ±  0.0 ms - Total time
1820.8 ±  0.0 ms - Build f time
173.1 ±  1.6 ms - Apply f time
1790.0 ±  9.9 ms - Real f time 
449.9 ± 14.5 ms - Add time
 51.1 ±  0.8 ms - Find child
 65.9 ±  1.0 ms - Add child
396.1 ±  2.4 ms - Hash
421.2 ± 52.6 ms - Map
169.6 ±  1.7 ms - getState
0.728242
0.783771
1.11914
3611.3 ±  0.0 ms - Total time
2549.1 ±  0.0 ms - Build f time
249.8 ±  2.0 ms - Apply f time
2485.3 ± 12.6 ms - Real f time 
643.5 ± 14.7 ms - Add time
 71.5 ±  1.0 ms - Find child
 93.4 ±  1.1 ms - Add child
578.3 ±  2.8 ms - Hash
590.1 ± 52.8 ms - Map
261.4 ±  3.0 ms - getState
Dag sizes: 172118 329316 349093 556681 638345 
brutePieces time: 3.46815
772.1 ±  0.0 ms - Piece loop time
173.3 ± 14.9 ms - Set time
559.9 ±  3.7 ms - Child looking time
Nodes:  2045553
Pieces: 430012
makePieces time: 0.773889
Memory: 15.5 + 123.8 + 65.5 + 53.7 + 25.9 MB
  7.1 ±  0.0 ms - Greedy fill time
composePieces time: 1.89612
                                                                                