Running only task # 242
Using max depth 4
 |                                        | 0 / 416 (0.0%)Function count: 142
0.00946417
0.0101273
0.00694697
0.00723235
0.00689723
0.00718412
0.00792932
0.00832352
0.00756833
0.00794533
0.00938046
0.00991306
0.00537848
0.00563422
0.00965568
0.0101965
 17.3 ±  0.0 ms - Piece loop time
 41.6 ± 40.2 ms - Set time
 15.5 ±  0.8 ms - Child looking time
0.0892931
0.0933794
0.0959438
162.6 ±  0.0 ms - Total time
152.5 ±  0.0 ms - Build f time
  3.1 ±  0.2 ms - Apply f time
154.5 ±  3.5 ms - Real f time 
 36.5 ±  7.9 ms - Add time
  1.2 ±  0.1 ms - Find child
  1.4 ±  0.2 ms - Add child
 26.9 ±  0.6 ms - Hash
 93.7 ± 51.7 ms - Map
  4.5 ±  0.2 ms - getState
0.0551829
0.0571413
0.0584201
221.1 ±  0.0 ms - Total time
207.7 ±  0.0 ms - Build f time
  4.2 ±  0.2 ms - Apply f time
211.9 ±  3.6 ms - Real f time 
 43.9 ±  7.9 ms - Add time
  1.6 ±  0.1 ms - Find child
  2.0 ±  0.2 ms - Add child
 36.1 ±  0.7 ms - Hash
138.8 ± 64.3 ms - Map
  5.9 ±  0.2 ms - getState
0.054514
0.0565265
0.057878
279.0 ±  0.0 ms - Total time
262.2 ±  0.0 ms - Build f time
  5.2 ±  0.2 ms - Apply f time
268.5 ±  3.8 ms - Real f time 
 51.4 ±  7.9 ms - Add time
  2.0 ±  0.2 ms - Find child
  2.5 ±  0.2 ms - Add child
 46.0 ±  0.7 ms - Hash
145.7 ± 64.4 ms - Map
  7.3 ±  0.3 ms - getState
0.069505
0.0724563
0.0743239
353.3 ±  0.0 ms - Total time
331.7 ±  0.0 ms - Build f time
  6.6 ±  0.3 ms - Apply f time
336.9 ±  3.9 ms - Real f time 
 61.5 ±  7.9 ms - Add time
  2.7 ±  0.2 ms - Find child
  3.3 ±  0.2 ms - Add child
 59.5 ±  0.8 ms - Hash
156.1 ± 64.4 ms - Map
  9.5 ±  0.3 ms - getState
0.0680638
0.070891
0.0727948
426.1 ±  0.0 ms - Total time
399.8 ±  0.0 ms - Build f time
  8.2 ±  0.3 ms - Apply f time
407.1 ±  4.5 ms - Real f time 
 72.3 ±  8.0 ms - Add time
  3.5 ±  0.2 ms - Find child
  3.8 ±  0.2 ms - Add child
 73.0 ±  0.9 ms - Hash
165.5 ± 64.4 ms - Map
 12.0 ±  0.3 ms - getState
0.0896092
0.0934776
0.0960606
522.2 ±  0.0 ms - Total time
489.4 ±  0.0 ms - Build f time
 10.3 ±  0.3 ms - Apply f time
497.6 ±  4.8 ms - Real f time 
 84.9 ±  8.0 ms - Add time
  4.5 ±  0.2 ms - Find child
  5.4 ±  1.0 ms - Add child
 94.0 ±  5.3 ms - Hash
179.2 ± 64.3 ms - Map
 14.8 ±  0.4 ms - getState
0.0450357
0.0468152
0.0479979
570.2 ±  0.0 ms - Total time
534.4 ±  0.0 ms - Build f time
 11.1 ±  0.3 ms - Apply f time
543.7 ±  4.9 ms - Real f time 
 91.5 ±  8.0 ms - Add time
  4.9 ±  0.2 ms - Find child
  5.7 ±  1.0 ms - Add child
101.8 ±  5.4 ms - Hash
185.6 ± 64.4 ms - Map
 16.0 ±  0.4 ms - getState
0.0902736
0.0941608
0.0966706
666.9 ±  0.0 ms - Total time
624.7 ±  0.0 ms - Build f time
 13.2 ±  0.4 ms - Apply f time
634.1 ±  5.0 ms - Real f time 
104.3 ±  8.0 ms - Add time
  5.8 ±  0.3 ms - Find child
  6.7 ±  1.0 ms - Add child
118.8 ±  5.4 ms - Hash
198.6 ± 64.3 ms - Map
 18.8 ±  0.4 ms - getState
Dag sizes: 26348 14497 14497 21293 21293 26348 12622 26348 
brutePieces time: 0.606029
189.3 ±  0.0 ms - Piece loop time
 55.2 ± 35.3 ms - Set time
149.2 ±  2.3 ms - Child looking time
Nodes:  163246
Pieces: 10
makePieces time: 0.190035
Memory: 0.6 + 32.0 + 5.2 + 36.2 + 3.8 MB
  0.0 ±  0.0 ms - Greedy fill time
composePieces time: 0.00282549
                                                                                