Running only task # 205
Using max depth 33
 |                                        | 0 / 416 (0.0%)Function count: 142
0.0283615
0.0309009
0.0234092
0.0252951
0.0276613
0.0299756
0.0230026
0.0248815
0.0242901
0.0267116
 31.3 ±  0.0 ms - Piece loop time
 51.5 ± 47.2 ms - Set time
 28.0 ±  1.9 ms - Child looking time
0.0512142
0.0551305
0.0981052
236.0 ±  0.0 ms - Total time
177.9 ±  0.0 ms - Build f time
 13.2 ±  0.4 ms - Apply f time
166.4 ±  2.0 ms - Real f time 
 48.0 ±  2.2 ms - Add time
  2.9 ±  0.2 ms - Find child
  4.1 ±  0.3 ms - Add child
 38.6 ±  0.7 ms - Hash
 64.2 ± 38.1 ms - Map
 16.6 ±  0.4 ms - getState
0.0445533
0.0478694
0.0787599
314.8 ±  0.0 ms - Total time
222.5 ±  0.0 ms - Build f time
 20.3 ±  0.5 ms - Apply f time
208.1 ±  2.2 ms - Real f time 
 65.7 ±  2.2 ms - Add time
  4.8 ±  0.2 ms - Find child
  7.0 ±  0.3 ms - Add child
 53.6 ±  0.8 ms - Hash
 72.5 ± 38.0 ms - Map
 25.3 ±  0.5 ms - getState
0.0572241
0.063729
0.117942
432.8 ±  0.0 ms - Total time
279.7 ±  0.0 ms - Build f time
 33.6 ±  0.6 ms - Apply f time
265.3 ±  2.4 ms - Real f time 
 93.3 ±  2.3 ms - Add time
  7.9 ±  0.3 ms - Find child
 12.5 ±  1.0 ms - Add child
 71.2 ±  0.9 ms - Hash
 86.1 ± 38.1 ms - Map
 41.2 ±  0.6 ms - getState
0.0622966
0.0673883
0.10128
534.1 ±  0.0 ms - Total time
342.0 ±  0.0 ms - Build f time
 42.0 ±  0.7 ms - Apply f time
320.8 ±  2.7 ms - Real f time 
115.0 ±  2.5 ms - Add time
 11.2 ±  1.0 ms - Find child
 15.1 ±  1.0 ms - Add child
 87.8 ±  1.0 ms - Hash
 98.2 ± 38.1 ms - Map
 51.0 ±  0.7 ms - getState
0.0459675
0.0487804
0.0816819
615.8 ±  0.0 ms - Total time
388.0 ±  0.0 ms - Build f time
 49.2 ±  0.7 ms - Apply f time
363.9 ±  2.9 ms - Real f time 
133.9 ±  2.6 ms - Add time
 13.1 ±  1.0 ms - Find child
 17.6 ±  1.1 ms - Add child
103.6 ±  1.1 ms - Hash
108.2 ± 38.1 ms - Map
 59.6 ±  0.7 ms - getState
Dag sizes: 69642 61699 70739 61169 63193 
brutePieces time: 0.481092
 86.4 ±  0.0 ms - Piece loop time
 54.8 ± 36.6 ms - Set time
 65.9 ±  2.3 ms - Child looking time
Nodes:  326442
Pieces: 91959
makePieces time: 0.0875029
Memory: 3.4 + 14.8 + 10.4 + 26.2 + 4.7 MB
 11.4 ±  0.0 ms - Greedy fill time
composePieces time: 0.403018
                                                                                