Running only task # 92
Using max depth 23
 |                                        | 0 / 416 (0.0%)Function count: 142
0.154282
0.168919
0.146996
0.15715
0.0817068
0.0880185
0.15606
0.170019
0.140614
0.150785
0.0814773
0.0875592
0.120252
0.13055
 48.0 ±  0.0 ms - Piece loop time
 48.2 ± 38.7 ms - Set time
 34.6 ±  1.3 ms - Child looking time
0.157354
0.171516
0.329332
1282.7 ±  0.0 ms - Total time
1038.7 ±  0.0 ms - Build f time
 45.8 ±  1.0 ms - Apply f time
824.9 ±  6.6 ms - Real f time 
258.3 ± 29.4 ms - Add time
  6.6 ±  0.3 ms - Find child
  8.8 ±  0.3 ms - Add child
218.2 ±  2.6 ms - Hash
135.9 ± 39.5 ms - Map
 59.7 ±  0.7 ms - getState
0.150406
0.1603
0.302568
1585.3 ±  0.0 ms - Total time
1189.1 ±  0.0 ms - Build f time
 66.1 ±  1.2 ms - Apply f time
952.9 ±  7.1 ms - Real f time 
332.4 ± 29.5 ms - Add time
 10.7 ±  0.4 ms - Find child
 14.3 ±  0.4 ms - Add child
282.7 ±  2.7 ms - Hash
167.7 ± 39.5 ms - Map
 92.3 ±  0.8 ms - getState
0.083096
0.0894031
0.156951
1742.3 ±  0.0 ms - Total time
1272.2 ±  0.0 ms - Build f time
 78.3 ±  1.2 ms - Apply f time
1026.7 ±  7.4 ms - Real f time 
367.0 ± 29.5 ms - Add time
 14.4 ±  0.4 ms - Find child
 18.9 ±  0.5 ms - Add child
312.9 ±  2.8 ms - Hash
190.2 ± 39.5 ms - Map
108.3 ±  0.9 ms - getState
0.158015
0.171804
0.332412
2074.7 ±  0.0 ms - Total time
1430.3 ±  0.0 ms - Build f time
100.8 ±  1.3 ms - Apply f time
1167.0 ±  7.9 ms - Real f time 
450.2 ± 29.5 ms - Add time
 18.8 ±  0.5 ms - Find child
 24.9 ±  0.6 ms - Add child
381.7 ±  2.8 ms - Hash
222.4 ± 39.5 ms - Map
144.3 ±  1.0 ms - getState
0.139065
0.14887
0.289322
2364.1 ±  0.0 ms - Total time
1569.3 ±  0.0 ms - Build f time
120.7 ±  1.4 ms - Apply f time
1289.6 ±  8.4 ms - Real f time 
529.1 ± 30.3 ms - Add time
 23.1 ±  0.5 ms - Find child
 31.0 ±  0.6 ms - Add child
445.9 ±  2.9 ms - Hash
249.5 ± 39.5 ms - Map
176.7 ±  1.1 ms - getState
0.0825575
0.0883684
0.149433
2513.6 ±  0.0 ms - Total time
1651.9 ±  0.0 ms - Build f time
133.9 ±  1.5 ms - Apply f time
1363.9 ±  8.5 ms - Real f time 
584.8 ± 34.5 ms - Add time
 26.4 ±  0.6 ms - Find child
 35.1 ±  0.7 ms - Add child
475.1 ±  3.0 ms - Hash
265.6 ± 39.4 ms - Map
191.9 ±  1.2 ms - getState
0.125616
0.135858
0.248212
2761.8 ±  0.0 ms - Total time
1777.5 ±  0.0 ms - Build f time
152.3 ±  1.6 ms - Apply f time
1473.3 ±  8.7 ms - Real f time 
646.5 ± 34.5 ms - Add time
 30.8 ±  0.6 ms - Find child
 40.9 ±  0.7 ms - Add child
523.7 ±  3.0 ms - Hash
292.3 ± 39.5 ms - Map
219.7 ±  1.3 ms - getState
Dag sizes: 166481 155957 115142 166161 155996 115123 158731 
brutePieces time: 1.81336
138.5 ±  0.0 ms - Piece loop time
 69.4 ± 36.7 ms - Set time
 95.1 ±  1.8 ms - Child looking time
Nodes:  1033591
Pieces: 148519
makePieces time: 0.140023
Memory: 19.7 + 34.8 + 33.1 + 45.9 + 10.0 MB
 48.7 ± 18.4 ms - Greedy fill time
composePieces time: 3.69572
                                                                                