Running only task # 290
Using max depth 33
 |                                        | 0 / 416 (0.0%)Function count: 142
0.127532
0.141578
0.268625
0.299233
0.253618
0.279763
0.25522
0.281454
0.140487
0.15653
0.264766
0.292112
0.271008
0.304582
0.25507
0.282855
0.269909
0.297326
 68.0 ±  0.0 ms - Piece loop time
 27.8 ± 16.2 ms - Set time
 51.9 ±  1.8 ms - Child looking time
0.12858
0.142708
0.266839
2602.7 ±  0.0 ms - Total time
2234.8 ±  0.0 ms - Build f time
 90.0 ±  1.5 ms - Apply f time
1667.9 ± 21.8 ms - Real f time 
495.9 ± 28.7 ms - Add time
  8.3 ±  0.4 ms - Find child
 11.7 ±  0.4 ms - Add child
465.8 ±  3.1 ms - Hash
179.1 ± 38.6 ms - Map
105.3 ±  4.6 ms - getState
0.279192
0.305541
0.602981
3205.7 ±  0.0 ms - Total time
2514.0 ±  0.0 ms - Build f time
126.9 ±  1.7 ms - Apply f time
1888.4 ± 22.2 ms - Real f time 
645.7 ± 28.8 ms - Add time
 14.1 ±  0.5 ms - Find child
 19.4 ±  0.5 ms - Add child
605.3 ±  3.3 ms - Hash
220.9 ± 38.6 ms - Map
179.2 ±  4.6 ms - getState
0.266815
0.295011
0.585965
3791.7 ±  0.0 ms - Total time
2780.8 ±  0.0 ms - Build f time
161.9 ±  1.9 ms - Apply f time
2096.2 ± 22.5 ms - Real f time 
879.8 ± 78.2 ms - Add time
 20.1 ±  0.5 ms - Find child
 26.8 ±  0.6 ms - Add child
745.3 ±  3.5 ms - Hash
262.0 ± 38.6 ms - Map
252.3 ±  4.7 ms - getState
0.283582
0.310499
0.594841
4386.6 ±  0.0 ms - Total time
3064.4 ±  0.0 ms - Build f time
196.3 ±  2.0 ms - Apply f time
2327.1 ± 24.9 ms - Real f time 
1063.3 ± 86.4 ms - Add time
 25.4 ±  0.6 ms - Find child
 33.8 ±  0.7 ms - Add child
883.6 ±  3.7 ms - Hash
299.8 ± 38.6 ms - Map
323.1 ±  4.8 ms - getState
0.129884
0.143839
0.272746
4659.4 ±  0.0 ms - Total time
3194.3 ±  0.0 ms - Build f time
221.0 ±  2.6 ms - Apply f time
2443.1 ± 25.1 ms - Real f time 
1124.9 ± 86.4 ms - Add time
 31.4 ±  0.7 ms - Find child
 41.9 ±  0.7 ms - Add child
936.1 ±  3.9 ms - Hash
333.7 ± 38.6 ms - Map
354.7 ±  4.8 ms - getState
0.262783
0.289918
0.58904
5248.5 ±  0.0 ms - Total time
3457.1 ±  0.0 ms - Build f time
256.3 ±  2.7 ms - Apply f time
2655.0 ± 25.5 ms - Real f time 
1278.3 ± 86.4 ms - Add time
 37.1 ±  0.7 ms - Find child
 49.5 ±  0.8 ms - Add child
1076.7 ±  4.1 ms - Hash
375.0 ± 38.6 ms - Map
428.2 ±  4.9 ms - getState
0.267617
0.295057
0.586363
5834.9 ±  0.0 ms - Total time
3724.7 ±  0.0 ms - Build f time
291.3 ±  2.8 ms - Apply f time
2866.1 ± 25.9 ms - Real f time 
1464.4 ± 95.3 ms - Add time
 42.6 ±  0.8 ms - Find child
 57.3 ±  0.9 ms - Add child
1214.9 ±  4.2 ms - Hash
415.6 ± 38.6 ms - Map
498.4 ±  5.0 ms - getState
0.268239
0.294868
0.596547
6431.5 ±  0.0 ms - Total time
3992.9 ±  0.0 ms - Build f time
328.2 ±  3.0 ms - Apply f time
3083.3 ± 26.7 ms - Real f time 
1684.6 ± 115.8 ms - Add time
 48.3 ±  0.8 ms - Find child
 65.6 ±  0.9 ms - Add child
1355.2 ±  4.4 ms - Hash
456.9 ± 38.6 ms - Map
572.2 ±  5.0 ms - getState
0.283113
0.31079
0.614264
7045.8 ±  0.0 ms - Total time
4276.0 ±  0.0 ms - Build f time
364.5 ±  3.0 ms - Apply f time
3315.9 ± 27.5 ms - Real f time 
1858.0 ± 117.0 ms - Add time
 54.0 ±  0.8 ms - Find child
 73.0 ±  1.0 ms - Add child
1499.4 ±  4.8 ms - Hash
496.8 ± 38.7 ms - Map
648.4 ±  5.1 ms - getState
Dag sizes: 157330 187791 187513 181085 154778 184856 185498 192206 191512 
brutePieces time: 4.71443
227.9 ±  0.0 ms - Piece loop time
 67.5 ± 17.3 ms - Set time
161.6 ±  3.5 ms - Child looking time
Nodes:  1622569
Pieces: 179423
makePieces time: 0.229351
Memory: 61.9 + 54.2 + 51.9 + 63.7 + 15.2 MB
365.3 ± 43.6 ms - Greedy fill time
composePieces time: 13.7383
                                                                                