Running only task # 131
Using max depth 23
 |                                        | 0 / 416 (0.0%)Function count: 142
0.101377
0.108995
0.0816533
0.0873488
0.117041
0.125598
0.100211
0.107658
0.0815944
0.0872852
0.117443
0.125647
0.0953323
0.10277
 45.7 ±  0.0 ms - Piece loop time
 50.4 ± 44.6 ms - Set time
 37.9 ±  1.5 ms - Child looking time
0.101193
0.108617
0.196124
941.6 ±  0.0 ms - Total time
795.8 ±  0.0 ms - Build f time
 30.8 ±  0.7 ms - Apply f time
652.5 ±  6.1 ms - Real f time 
178.8 ± 15.2 ms - Add time
  5.2 ±  0.3 ms - Find child
  6.2 ±  0.3 ms - Add child
153.2 ±  1.2 ms - Hash
107.6 ± 40.2 ms - Map
 38.4 ±  0.9 ms - getState
0.0840293
0.0893535
0.15419
1095.8 ±  0.0 ms - Total time
879.9 ±  0.0 ms - Build f time
 42.3 ±  0.8 ms - Apply f time
726.1 ±  6.4 ms - Real f time 
216.0 ± 15.4 ms - Add time
  7.6 ±  0.3 ms - Find child
  9.6 ±  0.3 ms - Add child
186.0 ±  1.3 ms - Hash
120.7 ± 40.2 ms - Map
 54.9 ±  1.0 ms - getState
0.118439
0.126647
0.219482
1315.3 ±  0.0 ms - Total time
998.3 ±  0.0 ms - Build f time
 58.4 ±  0.9 ms - Apply f time
837.5 ±  6.8 ms - Real f time 
279.4 ± 21.2 ms - Add time
 11.6 ±  0.6 ms - Find child
 14.6 ±  0.4 ms - Add child
229.3 ±  1.4 ms - Hash
138.2 ± 40.2 ms - Map
 78.4 ±  1.1 ms - getState
0.102148
0.109299
0.192748
1508.1 ±  0.0 ms - Total time
1100.5 ±  0.0 ms - Build f time
 73.2 ±  1.0 ms - Apply f time
927.2 ±  7.0 ms - Real f time 
323.8 ± 21.2 ms - Add time
 14.6 ±  0.7 ms - Find child
 19.0 ±  0.5 ms - Add child
270.4 ±  1.5 ms - Hash
155.5 ± 40.2 ms - Map
 99.0 ±  1.2 ms - getState
0.0842796
0.0897971
0.156812
1665.0 ±  0.0 ms - Total time
1184.7 ±  0.0 ms - Build f time
 84.9 ±  1.0 ms - Apply f time
1003.9 ±  7.2 ms - Real f time 
368.0 ± 22.3 ms - Add time
 17.0 ±  0.7 ms - Find child
 22.9 ±  0.6 ms - Add child
303.6 ±  1.6 ms - Hash
205.2 ± 54.2 ms - Map
115.9 ±  1.2 ms - getState
0.126742
0.135356
0.22672
1891.7 ±  0.0 ms - Total time
1311.5 ±  0.0 ms - Build f time
100.7 ±  1.1 ms - Apply f time
1118.3 ±  7.5 ms - Real f time 
418.0 ± 22.3 ms - Add time
 21.0 ±  0.7 ms - Find child
 28.2 ±  0.6 ms - Add child
349.5 ±  2.7 ms - Hash
225.3 ± 54.3 ms - Map
138.8 ±  1.3 ms - getState
0.109175
0.116182
0.196247
2088.0 ±  0.0 ms - Total time
1420.7 ±  0.0 ms - Build f time
114.8 ±  1.2 ms - Apply f time
1210.3 ±  7.7 ms - Real f time 
464.8 ± 22.3 ms - Add time
 24.5 ±  0.7 ms - Find child
 32.6 ±  0.7 ms - Add child
389.1 ±  2.7 ms - Hash
245.3 ± 54.3 ms - Map
158.7 ±  1.3 ms - getState
Dag sizes: 115456 88500 118338 115530 88452 118294 110987 
brutePieces time: 1.34762
137.5 ±  0.0 ms - Piece loop time
 69.4 ± 42.2 ms - Set time
104.6 ±  2.3 ms - Child looking time
Nodes:  755557
Pieces: 115444
makePieces time: 0.139049
Memory: 13.2 + 27.4 + 24.2 + 41.4 + 7.8 MB
 42.4 ±  1.9 ms - Greedy fill time
composePieces time: 3.93402
                                                                                