Running only task # 59
Using max depth 4
 |                                        | 0 / 416 (0.0%)Function count: 142
0.312651
0.349494
0.323001
0.358229
0.320742
0.356389
0.348697
0.387876
 43.8 ±  0.0 ms - Piece loop time
 51.4 ± 40.7 ms - Set time
 30.3 ±  1.1 ms - Child looking time
12.6028
14.1279
30.3714
31823.5 ±  0.0 ms - Total time
13907.9 ±  0.0 ms - Build f time
2424.5 ± 25.7 ms - Apply f time
12297.5 ± 41.0 ms - Real f time 
8459.1 ± 1403.5 ms - Add time
486.9 ±  2.7 ms - Find child
752.2 ±  3.7 ms - Add child
6022.7 ± 11.1 ms - Hash
4146.5 ± 45.1 ms - Map
3934.9 ± 12.4 ms - getState
11.2623
12.5576
23.0379
54861.5 ±  0.0 ms - Total time
25170.1 ±  0.0 ms - Build f time
4179.5 ± 26.8 ms - Apply f time
22318.9 ± 59.7 ms - Real f time 
13712.8 ± 1446.1 ms - Add time
861.7 ±  3.5 ms - Find child
1310.3 ±  5.2 ms - Add child
10262.5 ± 22.1 ms - Hash
6933.0 ± 48.6 ms - Map
6571.9 ± 15.4 ms - getState
12.9112
14.4204
31.7735
86635.0 ±  0.0 ms - Total time
38081.3 ±  0.0 ms - Build f time
6634.3 ± 27.6 ms - Apply f time
33714.7 ± 70.0 ms - Real f time 
24204.0 ± 3382.0 ms - Add time
1396.5 ±  4.8 ms - Find child
2128.8 ±  6.6 ms - Add child
16397.1 ± 25.2 ms - Hash
11369.0 ± 53.3 ms - Map
10696.7 ± 19.2 ms - getState
13.6548
15.2292
35.6452
122280.3 ±  0.0 ms - Total time
51736.2 ±  0.0 ms - Build f time
9209.8 ± 28.9 ms - Apply f time
45740.9 ± 81.3 ms - Real f time 
33246.5 ± 3383.0 ms - Add time
1866.1 ±  6.0 ms - Find child
2896.2 ± 21.6 ms - Add child
23962.6 ± 31.1 ms - Hash
15334.6 ± 71.8 ms - Map
15511.1 ± 25.9 ms - getState
Dag sizes: 13766408 8697468 14798845 13666461 
brutePieces time: 120.831
13625.6 ±  0.0 ms - Piece loop time
18458.1 ± 11781.6 ms - Set time
7627.5 ± 18.3 ms - Child looking time
Nodes:  50929182
Pieces: 11268670
makePieces time: 13.661
