Running only task # 17
Using max depth 23
 |                                        | 0 / 416 (0.0%)Function count: 142
0.0626186
0.0670689
0.0673156
0.0718661
0.0626962
0.0667989
0.0635749
0.068062
0.0537247
0.0573481
 18.7 ±  0.0 ms - Piece loop time
 39.6 ± 36.1 ms - Set time
 14.6 ±  0.8 ms - Child looking time
0.061914
0.0658939
0.124035
455.3 ±  0.0 ms - Total time
371.8 ±  0.0 ms - Build f time
 18.8 ±  0.5 ms - Apply f time
313.2 ±  4.2 ms - Real f time 
 90.7 ±  7.7 ms - Add time
  4.2 ±  0.2 ms - Find child
  5.2 ±  0.3 ms - Add child
 81.0 ±  0.9 ms - Hash
158.0 ± 67.7 ms - Map
 20.4 ±  0.4 ms - getState
0.0650301
0.0696103
0.135862
591.2 ±  0.0 ms - Total time
436.9 ±  0.0 ms - Build f time
 32.1 ±  0.7 ms - Apply f time
375.2 ±  4.4 ms - Real f time 
124.2 ±  7.8 ms - Add time
  7.8 ±  0.3 ms - Find child
 10.0 ±  0.4 ms - Add child
109.6 ±  1.1 ms - Hash
173.4 ± 67.7 ms - Map
 35.2 ±  0.5 ms - getState
0.0635143
0.0677069
0.130572
721.8 ±  0.0 ms - Total time
500.4 ±  0.0 ms - Build f time
 43.7 ±  0.8 ms - Apply f time
435.4 ±  4.6 ms - Real f time 
153.3 ±  7.8 ms - Add time
 11.0 ±  0.4 ms - Find child
 14.8 ±  0.5 ms - Add child
136.9 ±  1.3 ms - Hash
190.4 ± 67.7 ms - Map
 48.3 ±  0.6 ms - getState
0.0674768
0.0720247
0.140777
862.7 ±  0.0 ms - Total time
567.9 ±  0.0 ms - Build f time
 56.2 ±  0.9 ms - Apply f time
498.7 ±  4.7 ms - Real f time 
199.2 ± 15.4 ms - Add time
 13.9 ±  0.4 ms - Find child
 19.4 ±  0.5 ms - Add child
165.4 ±  1.4 ms - Hash
208.3 ± 67.8 ms - Map
 62.9 ±  0.7 ms - getState
0.059291
0.0642159
0.113521
976.2 ±  0.0 ms - Total time
627.2 ±  0.0 ms - Build f time
 66.1 ±  0.9 ms - Apply f time
554.3 ±  4.9 ms - Real f time 
225.0 ± 15.4 ms - Add time
 16.8 ±  0.5 ms - Find child
 23.1 ±  0.6 ms - Add child
188.2 ±  1.5 ms - Hash
220.3 ± 67.8 ms - Map
 74.8 ±  0.8 ms - getState
Dag sizes: 98322 107074 98204 106952 80046 
brutePieces time: 0.648232
 65.2 ±  0.0 ms - Piece loop time
 38.2 ± 23.0 ms - Set time
 48.0 ±  1.1 ms - Child looking time
Nodes:  490598
Pieces: 96329
makePieces time: 0.0660466
Memory: 6.0 + 20.1 + 15.7 + 28.8 + 4.8 MB
  9.8 ±  0.0 ms - Greedy fill time
composePieces time: 0.666023
                                                                                