Running only task # 55
Using max depth 33
 |                                        | 0 / 416 (0.0%)Function count: 142
0.0737954
0.0808356
0.0867185
0.0967986
0.082915
0.0923254
0.0783419
0.087
0.0631103
0.0704478
0.08957
0.100487
0.0820257
0.0912562
0.0783728
0.087594
0.0929691
0.105717
121.8 ±  0.0 ms - Piece loop time
 56.0 ± 37.9 ms - Set time
 95.3 ±  2.0 ms - Child looking time
0.0683894
0.0783939
0.127782
940.7 ±  0.0 ms - Total time
796.2 ±  0.0 ms - Build f time
 53.4 ±  5.1 ms - Apply f time
677.7 ±  4.6 ms - Real f time 
194.3 ±  8.2 ms - Add time
  7.8 ±  0.3 ms - Find child
 11.2 ±  0.4 ms - Add child
112.6 ±  1.1 ms - Hash
187.6 ± 48.3 ms - Map
 41.4 ±  0.6 ms - getState
0.0887892
0.0984062
0.16652
1107.2 ±  0.0 ms - Total time
885.0 ±  0.0 ms - Build f time
 72.7 ±  5.2 ms - Apply f time
766.4 ±  4.8 ms - Real f time 
235.8 ±  8.2 ms - Add time
 13.3 ±  0.4 ms - Find child
 18.7 ±  0.6 ms - Add child
137.0 ±  1.2 ms - Hash
212.1 ± 48.2 ms - Map
 62.0 ±  0.8 ms - getState
0.0862792
0.0958069
0.162358
1269.6 ±  0.0 ms - Total time
971.3 ±  0.0 ms - Build f time
 90.0 ±  5.2 ms - Apply f time
851.8 ±  4.9 ms - Real f time 
274.8 ±  8.3 ms - Add time
 18.8 ±  0.5 ms - Find child
 26.1 ±  0.6 ms - Add child
161.2 ±  1.4 ms - Hash
236.7 ± 48.2 ms - Map
 82.3 ±  0.9 ms - getState
0.0837251
0.0926962
0.152982
1422.7 ±  0.0 ms - Total time
1055.0 ±  0.0 ms - Build f time
106.2 ±  5.2 ms - Apply f time
933.3 ±  5.1 ms - Real f time 
309.9 ±  8.3 ms - Add time
 24.4 ±  0.6 ms - Find child
 33.4 ±  0.7 ms - Add child
184.2 ±  1.4 ms - Hash
259.7 ± 48.2 ms - Map
100.1 ±  1.0 ms - getState
0.0658676
0.0731215
0.123939
1546.6 ±  0.0 ms - Total time
1120.9 ±  0.0 ms - Build f time
121.7 ±  5.3 ms - Apply f time
1001.0 ±  5.2 ms - Real f time 
339.3 ±  8.3 ms - Add time
 28.8 ±  0.6 ms - Find child
 39.9 ±  0.8 ms - Add child
203.0 ±  1.5 ms - Hash
279.8 ± 48.1 ms - Map
113.9 ±  1.1 ms - getState
0.0934406
0.103927
0.16774
1714.4 ±  0.0 ms - Total time
1214.3 ±  0.0 ms - Build f time
139.4 ±  5.3 ms - Apply f time
1088.7 ±  5.3 ms - Real f time 
380.2 ±  8.3 ms - Add time
 34.0 ±  0.7 ms - Find child
 47.6 ±  0.9 ms - Add child
227.6 ±  1.6 ms - Hash
304.2 ± 48.2 ms - Map
134.6 ±  1.7 ms - getState
0.0874834
0.0971437
0.159776
1874.2 ±  0.0 ms - Total time
1301.8 ±  0.0 ms - Build f time
155.5 ±  5.3 ms - Apply f time
1171.3 ±  5.4 ms - Real f time 
438.3 ± 16.8 ms - Add time
 38.8 ±  0.7 ms - Find child
 55.2 ±  1.0 ms - Add child
251.5 ±  1.7 ms - Hash
363.9 ± 59.9 ms - Map
152.3 ±  1.8 ms - getState
0.0834302
0.0922069
0.150308
2024.6 ±  0.0 ms - Total time
1385.2 ±  0.0 ms - Build f time
172.4 ±  5.3 ms - Apply f time
1253.9 ±  5.5 ms - Real f time 
474.3 ± 16.8 ms - Add time
 43.7 ±  0.7 ms - Find child
 62.6 ±  1.1 ms - Add child
275.2 ±  1.8 ms - Hash
386.3 ± 59.9 ms - Map
169.3 ±  1.9 ms - getState
0.0994951
0.110507
0.173035
2197.6 ±  0.0 ms - Total time
1484.7 ±  0.0 ms - Build f time
190.0 ±  5.4 ms - Apply f time
1345.1 ±  5.7 ms - Real f time 
514.5 ± 16.9 ms - Add time
 49.4 ±  0.8 ms - Find child
 69.9 ±  1.1 ms - Add child
299.5 ±  1.9 ms - Hash
412.4 ± 59.9 ms - Map
188.5 ±  1.9 ms - getState
Dag sizes: 121298 171076 163469 159429 121645 172180 163460 164644 164985 
brutePieces time: 1.39077
395.9 ±  0.0 ms - Piece loop time
106.7 ± 34.3 ms - Set time
304.8 ± 16.6 ms - Child looking time
Nodes:  1402186
Pieces: 210724
makePieces time: 0.398132
Memory: 8.3 + 56.9 + 44.9 + 60.2 + 21.7 MB
  7.7 ±  0.3 ms - Greedy fill time
composePieces time: 2.74579
                                                                                