Running only task # 289
Using max depth 33
 |                                        | 0 / 416 (0.0%)Function count: 142
0.174699
0.202178
0.181062
0.208698
0.172383
0.198317
0.181886
0.20839
0.179028
0.205242
0.174128
0.199009
0.173179
0.199902
0.1886
0.216003
0.171818
0.19995
0.180567
0.206784
0.176487
0.202344
0.171745
0.196814
0.187436
0.217344
128.5 ±  0.0 ms - Piece loop time
 36.4 ± 17.9 ms - Set time
106.6 ±  3.9 ms - Child looking time
0.187483
0.214141
0.351463
3013.5 ±  0.0 ms - Total time
2500.5 ±  0.0 ms - Build f time
156.5 ±  1.7 ms - Apply f time
2085.8 ±  8.8 ms - Real f time 
605.8 ± 17.6 ms - Add time
 17.7 ±  0.5 ms - Find child
 27.1 ±  3.1 ms - Add child
356.4 ±  2.0 ms - Hash
946.8 ± 625.6 ms - Map
143.3 ±  1.4 ms - getState
0.186315
0.214124
0.352503
3366.0 ±  0.0 ms - Total time
2686.8 ±  0.0 ms - Build f time
192.4 ±  1.9 ms - Apply f time
2262.1 ±  9.5 ms - Real f time 
689.5 ± 18.2 ms - Add time
 27.7 ±  0.6 ms - Find child
 39.9 ±  3.2 ms - Add child
408.7 ±  2.1 ms - Hash
1008.2 ± 626.0 ms - Map
183.6 ±  1.6 ms - getState
0.1821
0.208813
0.345755
3711.8 ±  0.0 ms - Total time
2868.9 ±  0.0 ms - Build f time
225.2 ±  2.0 ms - Apply f time
2434.4 ± 10.9 ms - Real f time 
765.6 ± 18.2 ms - Add time
 38.2 ±  0.7 ms - Find child
 53.0 ±  3.2 ms - Add child
458.7 ±  2.2 ms - Hash
1066.3 ± 626.2 ms - Map
223.4 ±  1.7 ms - getState
0.188044
0.215592
0.356277
4068.2 ±  0.0 ms - Total time
3057.0 ±  0.0 ms - Build f time
260.0 ±  2.1 ms - Apply f time
2606.2 ± 11.1 ms - Real f time 
846.2 ± 18.3 ms - Add time
 48.0 ±  0.8 ms - Find child
 65.7 ±  3.2 ms - Add child
511.2 ±  2.8 ms - Hash
1129.5 ± 626.5 ms - Map
264.3 ±  1.8 ms - getState
0.182799
0.20918
0.349502
4417.7 ±  0.0 ms - Total time
3239.8 ±  0.0 ms - Build f time
296.8 ±  3.5 ms - Apply f time
2770.6 ± 11.3 ms - Real f time 
923.2 ± 18.3 ms - Add time
 57.8 ±  0.9 ms - Find child
 79.4 ±  3.3 ms - Add child
561.1 ±  2.9 ms - Hash
1204.6 ± 626.5 ms - Map
303.5 ±  1.9 ms - getState
0.180899
0.206862
0.340806
4758.6 ±  0.0 ms - Total time
3420.7 ±  0.0 ms - Build f time
329.5 ±  3.5 ms - Apply f time
2942.8 ± 12.2 ms - Real f time 
1059.1 ± 65.5 ms - Add time
 67.4 ±  0.9 ms - Find child
 93.1 ±  3.3 ms - Add child
610.8 ±  3.0 ms - Hash
1262.1 ± 626.6 ms - Map
341.8 ±  2.0 ms - getState
0.181178
0.207854
0.347098
5105.7 ±  0.0 ms - Total time
3601.8 ±  0.0 ms - Build f time
363.3 ±  3.6 ms - Apply f time
3109.4 ± 12.4 ms - Real f time 
1135.9 ± 65.5 ms - Add time
 77.1 ±  1.0 ms - Find child
106.8 ±  3.3 ms - Add child
661.3 ±  3.1 ms - Hash
1318.8 ± 626.5 ms - Map
381.6 ±  2.1 ms - getState
0.186378
0.214794
0.351969
5457.7 ±  0.0 ms - Total time
3788.2 ±  0.0 ms - Build f time
397.7 ±  3.6 ms - Apply f time
3281.4 ± 12.6 ms - Real f time 
1213.2 ± 65.5 ms - Add time
 86.8 ±  1.1 ms - Find child
120.6 ±  3.4 ms - Add child
712.2 ±  3.2 ms - Hash
1376.4 ± 626.6 ms - Map
419.6 ±  2.2 ms - getState
0.181137
0.207838
0.346839
5804.6 ±  0.0 ms - Total time
3969.3 ±  0.0 ms - Build f time
429.5 ±  3.7 ms - Apply f time
3451.8 ± 12.9 ms - Real f time 
1291.7 ± 65.6 ms - Add time
 96.6 ±  1.1 ms - Find child
134.8 ±  3.4 ms - Add child
763.7 ±  3.3 ms - Hash
1432.3 ± 626.7 ms - Map
458.4 ±  2.3 ms - getState
0.187178
0.215076
0.351105
6155.8 ±  0.0 ms - Total time
4156.5 ±  0.0 ms - Build f time
464.7 ±  3.9 ms - Apply f time
3623.3 ± 13.2 ms - Real f time 
1370.7 ± 65.6 ms - Add time
106.8 ±  1.2 ms - Find child
148.7 ±  3.4 ms - Add child
816.6 ±  3.5 ms - Hash
1486.1 ± 627.0 ms - Map
498.0 ±  2.4 ms - getState
0.183689
0.210467
0.36505
6520.9 ±  0.0 ms - Total time
4340.2 ±  0.0 ms - Build f time
498.8 ±  4.0 ms - Apply f time
3792.7 ± 13.4 ms - Real f time 
1447.7 ± 65.6 ms - Add time
116.3 ±  1.2 ms - Find child
162.8 ±  3.5 ms - Add child
866.7 ±  3.5 ms - Hash
1540.3 ± 627.0 ms - Map
538.4 ±  2.5 ms - getState
0.181554
0.207495
0.345615
6866.5 ±  0.0 ms - Total time
4521.8 ±  0.0 ms - Build f time
533.0 ±  4.0 ms - Apply f time
3956.0 ± 13.5 ms - Real f time 
1523.2 ± 65.6 ms - Add time
125.5 ±  1.3 ms - Find child
176.1 ±  3.5 ms - Add child
917.5 ±  3.6 ms - Hash
1594.5 ± 626.9 ms - Map
577.5 ±  2.6 ms - getState
0.196696
0.223846
0.377411
7244.0 ±  0.0 ms - Total time
4718.5 ±  0.0 ms - Build f time
571.1 ±  4.1 ms - Apply f time
4136.5 ± 13.8 ms - Real f time 
1617.5 ± 66.9 ms - Add time
135.8 ±  1.3 ms - Find child
191.6 ±  3.6 ms - Add child
969.7 ±  3.7 ms - Hash
1652.9 ± 626.7 ms - Map
621.4 ±  2.6 ms - getState
Dag sizes: 242462 246067 241115 245814 240765 232755 244636 243754 242525 242373 239278 236449 245377 
brutePieces time: 4.59095
562.6 ±  0.0 ms - Piece loop time
170.7 ± 61.4 ms - Set time
397.2 ±  5.7 ms - Child looking time
Nodes:  3143370
Pieces: 126908
makePieces time: 0.565747
Memory: 35.6 + 148.2 + 100.6 + 104.8 + 30.0 MB
  7.1 ±  1.4 ms - Greedy fill time
composePieces time: 1.41803
                                                                                