Running only task # 387
Using max depth 33
 |                                        | 0 / 416 (0.0%)Function count: 142
0.233997
0.266622
0.241336
0.271591
0.248086
0.280559
0.23888
0.269706
0.236689
0.267184
 43.6 ±  0.0 ms - Piece loop time
 54.2 ± 38.4 ms - Set time
 28.7 ±  1.1 ms - Child looking time
0.232402
0.263726
0.402262
1758.2 ±  0.0 ms - Total time
1431.4 ±  0.0 ms - Build f time
 74.4 ±  1.1 ms - Apply f time
1184.9 ± 16.9 ms - Real f time 
322.4 ±  3.2 ms - Add time
  7.3 ±  0.3 ms - Find child
 10.3 ±  0.4 ms - Add child
252.9 ±  3.0 ms - Hash
150.5 ± 42.3 ms - Map
 95.1 ±  1.3 ms - getState
0.241259
0.272776
0.453565
2211.8 ±  0.0 ms - Total time
1672.6 ±  0.0 ms - Build f time
102.9 ±  1.3 ms - Apply f time
1396.8 ± 17.4 ms - Real f time 
426.0 ±  3.7 ms - Add time
 12.5 ±  0.4 ms - Find child
 17.9 ±  0.5 ms - Add child
338.2 ±  3.2 ms - Hash
184.2 ± 42.3 ms - Map
154.6 ±  1.5 ms - getState
0.245984
0.278253
0.419017
2630.9 ±  0.0 ms - Total time
1918.6 ±  0.0 ms - Build f time
128.9 ±  1.5 ms - Apply f time
1614.0 ± 17.7 ms - Real f time 
550.2 ± 24.1 ms - Add time
 17.5 ±  0.5 ms - Find child
 24.2 ±  0.5 ms - Add child
408.3 ±  3.3 ms - Hash
212.2 ± 42.2 ms - Map
211.7 ±  6.6 ms - getState
0.240528
0.270815
0.439984
3070.9 ±  0.0 ms - Total time
2159.2 ±  0.0 ms - Build f time
156.5 ±  1.6 ms - Apply f time
1824.4 ± 18.0 ms - Real f time 
667.2 ± 28.8 ms - Add time
 22.1 ±  0.5 ms - Find child
 31.2 ±  0.6 ms - Add child
490.9 ±  3.4 ms - Hash
282.9 ± 59.3 ms - Map
267.5 ±  6.6 ms - getState
0.239195
0.269682
0.443705
3514.6 ±  0.0 ms - Total time
2398.4 ±  0.0 ms - Build f time
183.5 ±  1.7 ms - Apply f time
2027.1 ± 18.3 ms - Real f time 
771.9 ± 28.9 ms - Add time
 27.0 ±  0.6 ms - Find child
 38.1 ±  0.7 ms - Add child
575.0 ±  3.5 ms - Hash
312.0 ± 59.2 ms - Map
325.0 ±  6.6 ms - getState
Dag sizes: 172941 199853 171677 186545 193097 
brutePieces time: 2.16146
107.6 ±  0.0 ms - Piece loop time
 77.0 ± 47.1 ms - Set time
 71.3 ±  1.5 ms - Child looking time
Nodes:  924113
Pieces: 156759
makePieces time: 0.109078
Memory: 24.2 + 31.4 + 29.6 + 35.8 + 8.0 MB
 30.9 ±  0.0 ms - Greedy fill time
composePieces time: 1.22238
                                                                                