Running only task # 413
Using max depth 4
 |                                        | 0 / 416 (0.0%)Function count: 142
0.342179
0.40175
0.258503
0.303954
0.295061
0.345127
0.362315
0.426153
 29.0 ±  0.0 ms - Piece loop time
 24.4 ± 16.4 ms - Set time
 22.1 ±  0.9 ms - Child looking time
11.6058
13.3621
18.3013
19778.5 ±  0.0 ms - Total time
12863.9 ±  0.0 ms - Build f time
1122.4 ± 17.4 ms - Apply f time
11274.3 ± 52.0 ms - Real f time 
3918.9 ± 35.4 ms - Add time
124.5 ±  1.5 ms - Find child
188.4 ±  1.9 ms - Add child
2657.3 ± 27.2 ms - Hash
1449.2 ± 45.1 ms - Map
2232.1 ±  8.2 ms - getState
8.54658
9.85133
13.4609
33239.4 ±  0.0 ms - Total time
21410.4 ±  0.0 ms - Build f time
1886.2 ± 18.1 ms - Apply f time
18678.4 ± 62.9 ms - Real f time 
6712.2 ± 154.3 ms - Add time
223.7 ±  1.9 ms - Find child
339.2 ±  2.9 ms - Add child
4545.1 ± 29.8 ms - Hash
2557.6 ± 51.2 ms - Map
3828.8 ± 23.6 ms - getState
9.87157
11.3721
15.4557
48695.2 ±  0.0 ms - Total time
31282.0 ±  0.0 ms - Build f time
2765.2 ± 23.6 ms - Apply f time
27310.5 ± 70.0 ms - Real f time 
9729.0 ± 158.4 ms - Add time
326.8 ±  2.3 ms - Find child
505.9 ±  6.8 ms - Add child
6703.4 ± 38.7 ms - Hash
3700.3 ± 56.2 ms - Map
5635.5 ± 26.2 ms - getState
12.6451
14.566
19.1541
67849.3 ±  0.0 ms - Total time
43927.1 ±  0.0 ms - Build f time
3823.4 ± 25.1 ms - Apply f time
38594.9 ± 85.3 ms - Real f time 
16560.3 ± 3179.3 ms - Add time
441.0 ±  2.7 ms - Find child
683.2 ±  7.1 ms - Add child
9128.6 ± 40.4 ms - Hash
4917.4 ± 58.4 ms - Map
7793.5 ± 34.3 ms - getState
Dag sizes: 4315298 3676894 3810013 4121304 
brutePieces time: 66.3737
4296.0 ±  0.0 ms - Piece loop time
1607.8 ± 22.9 ms - Set time
2554.7 ± 12.9 ms - Child looking time
Nodes:  15923509
Pieces: 3926530
makePieces time: 4.30762
Memory: 642.3 + 597.7 + 509.6 + 389.0 + 180.4 MB
115.8 ±  0.0 ms - Greedy fill time
composePieces time: 18.6995
                                                                                