Running only task # 141
Using max depth 4
 |                                        | 0 / 416 (0.0%)Function count: 142
0.117319
0.124276
0.0899803
0.0955428
0.103428
0.109339
0.0781738
0.0828576
0.135553
0.143269
 20.1 ±  0.0 ms - Piece loop time
 39.9 ± 36.3 ms - Set time
 16.0 ±  0.8 ms - Child looking time
2.97655
3.19887
5.04103
5596.4 ±  0.0 ms - Total time
3501.0 ±  0.0 ms - Build f time
285.4 ±  2.1 ms - Apply f time
2948.2 ± 27.6 ms - Real f time 
1101.0 ± 32.6 ms - Add time
 52.6 ±  0.9 ms - Find child
 77.9 ±  2.1 ms - Add child
1165.4 ±  9.0 ms - Hash
535.1 ± 42.7 ms - Map
486.5 ± 15.8 ms - getState
2.17014
2.33694
3.57863
9175.1 ±  0.0 ms - Total time
5671.1 ±  0.0 ms - Build f time
493.1 ±  2.8 ms - Apply f time
4837.4 ± 33.6 ms - Real f time 
1743.2 ± 34.4 ms - Add time
 99.6 ±  1.2 ms - Find child
144.2 ±  2.3 ms - Add child
1879.9 ± 17.0 ms - Hash
950.3 ± 43.3 ms - Map
796.3 ± 16.1 ms - getState
2.55966
2.74647
4.26506
13440.2 ±  0.0 ms - Total time
8230.8 ±  0.0 ms - Build f time
739.7 ±  3.5 ms - Apply f time
7016.5 ± 35.7 ms - Real f time 
2536.2 ± 36.9 ms - Add time
151.2 ±  1.5 ms - Find child
214.3 ±  2.5 ms - Add child
2757.5 ± 18.0 ms - Hash
1366.9 ± 43.7 ms - Map
1180.6 ± 16.3 ms - getState
1.74794
1.87145
2.73165
16171.9 ±  0.0 ms - Total time
9978.7 ±  0.0 ms - Build f time
895.3 ±  4.0 ms - Apply f time
8533.1 ± 37.1 ms - Real f time 
3016.7 ± 37.1 ms - Add time
182.6 ±  1.6 ms - Find child
257.2 ±  2.6 ms - Add child
3317.9 ± 18.2 ms - Hash
1627.0 ± 47.6 ms - Map
1413.0 ± 16.6 ms - getState
3.33154
3.56525
5.60464
21776.6 ±  0.0 ms - Total time
13310.3 ±  0.0 ms - Build f time
1189.0 ±  4.9 ms - Apply f time
11320.8 ± 41.0 ms - Real f time 
4065.2 ± 38.8 ms - Add time
235.9 ±  1.8 ms - Find child
328.6 ±  2.8 ms - Add child
4528.5 ± 19.7 ms - Hash
2088.4 ± 47.9 ms - Map
1932.8 ± 16.9 ms - getState
Dag sizes: 1545750 1348905 1499011 892935 1551218 
brutePieces time: 21.223
2065.9 ±  0.0 ms - Piece loop time
596.6 ± 15.7 ms - Set time
1385.2 ± 18.3 ms - Child looking time
Nodes:  6837819
Pieces: 1609883
makePieces time: 2.07258
Memory: 184.9 + 308.5 + 218.8 + 176.5 + 84.1 MB
148.0 ± 97.0 ms - Greedy fill time
composePieces time: 25.173
                                                                                