Running only task # 129
Using max depth 3
 |                                        | 0 / 416 (0.0%)Function count: 142
0.102339
0.112997
0.0735439
0.0813828
0.0825402
0.0915549
0.0810625
0.0898943
0.108358
0.122169
 56.6 ±  0.0 ms - Piece loop time
 52.7 ± 39.4 ms - Set time
 40.7 ±  1.3 ms - Child looking time
0.104607
0.1148
0.157551
655.8 ±  0.0 ms - Total time
552.4 ±  0.0 ms - Build f time
 30.0 ±  0.7 ms - Apply f time
447.0 ±  3.6 ms - Real f time 
134.7 ±  8.6 ms - Add time
  5.6 ±  0.3 ms - Find child
  7.2 ±  0.4 ms - Add child
 95.9 ±  1.1 ms - Hash
114.3 ± 38.4 ms - Map
 32.5 ±  0.6 ms - getState
0.0755457
0.0833986
0.110197
766.0 ±  0.0 ms - Total time
628.0 ±  0.0 ms - Build f time
 38.9 ±  0.8 ms - Apply f time
515.7 ±  3.7 ms - Real f time 
164.8 ± 11.4 ms - Add time
  8.3 ±  0.3 ms - Find child
 11.1 ±  0.5 ms - Add child
114.2 ±  1.2 ms - Hash
128.8 ± 38.4 ms - Map
 42.6 ±  0.7 ms - getState
0.0845595
0.0934037
0.1259
891.9 ±  0.0 ms - Total time
712.6 ±  0.0 ms - Build f time
 50.0 ±  0.8 ms - Apply f time
589.0 ±  3.9 ms - Real f time 
190.0 ± 11.4 ms - Add time
 11.3 ±  0.4 ms - Find child
 15.3 ±  0.5 ms - Add child
136.2 ±  1.3 ms - Hash
143.5 ± 38.4 ms - Map
 55.1 ±  0.7 ms - getState
0.0850602
0.0942495
0.126648
1018.6 ±  0.0 ms - Total time
797.6 ±  0.0 ms - Build f time
 60.4 ±  0.9 ms - Apply f time
661.9 ±  4.1 ms - Real f time 
214.6 ± 11.4 ms - Add time
 14.5 ±  0.4 ms - Find child
 19.2 ±  0.6 ms - Add child
156.0 ±  1.4 ms - Hash
159.9 ± 38.4 ms - Map
 67.3 ±  0.8 ms - getState
0.11293
0.127541
0.173987
1192.6 ±  0.0 ms - Total time
910.5 ±  0.0 ms - Build f time
 74.7 ±  1.0 ms - Apply f time
761.0 ±  5.2 ms - Real f time 
254.3 ± 11.9 ms - Add time
 18.4 ±  0.5 ms - Find child
 24.2 ±  0.6 ms - Add child
183.4 ±  1.5 ms - Hash
179.7 ± 38.4 ms - Map
 86.8 ±  0.9 ms - getState
Dag sizes: 98185 76954 85618 82927 108527 
brutePieces time: 0.697456
105.0 ±  0.0 ms - Piece loop time
 58.0 ± 35.5 ms - Set time
 74.7 ±  1.5 ms - Child looking time
Nodes:  452211
Pieces: 26822
makePieces time: 0.106079
Memory: 4.4 + 24.9 + 14.5 + 28.2 + 4.9 MB
  0.2 ±  0.0 ms - Greedy fill time
composePieces time: 0.0559913
                                                                                