Running only task # 286
Using max depth 23
 |                                        | 0 / 416 (0.0%)Function count: 142
0.0311554
0.0347987
0.0283616
0.0313231
0.0341276
0.0378846
0.0292318
0.0326098
0.0272802
0.0301503
0.0330273
0.0366794
0.0324072
0.0364005
 33.0 ±  0.0 ms - Piece loop time
 40.8 ± 36.5 ms - Set time
 28.9 ±  1.1 ms - Child looking time
0.0288806
0.0322263
0.0465184
286.6 ±  0.0 ms - Total time
244.5 ±  0.0 ms - Build f time
 15.0 ±  1.1 ms - Apply f time
231.5 ±  1.8 ms - Real f time 
 54.5 ±  1.0 ms - Add time
  2.5 ±  0.2 ms - Find child
  4.2 ±  0.3 ms - Add child
 42.2 ±  6.1 ms - Hash
 67.5 ± 36.8 ms - Map
 18.7 ±  6.4 ms - getState
0.0271873
0.0301441
0.0417197
328.3 ±  0.0 ms - Total time
271.7 ±  0.0 ms - Build f time
 19.4 ±  1.1 ms - Apply f time
259.8 ±  1.9 ms - Real f time 
 63.8 ±  1.0 ms - Add time
  3.8 ±  0.2 ms - Find child
  6.6 ±  0.3 ms - Add child
 48.3 ±  6.1 ms - Hash
 74.3 ± 36.7 ms - Map
 21.8 ±  6.3 ms - getState
0.0338789
0.0375611
0.0536663
382.0 ±  0.0 ms - Total time
305.5 ±  0.0 ms - Build f time
 24.7 ±  1.2 ms - Apply f time
294.2 ±  2.0 ms - Real f time 
 75.7 ±  1.2 ms - Add time
  5.7 ±  0.3 ms - Find child
  9.3 ±  0.4 ms - Add child
 55.9 ±  6.1 ms - Hash
 84.4 ± 36.9 ms - Map
 26.1 ±  6.4 ms - getState
0.0306668
0.0344307
0.0488077
430.8 ±  0.0 ms - Total time
336.2 ±  0.0 ms - Build f time
 29.5 ±  1.2 ms - Apply f time
324.9 ±  2.1 ms - Real f time 
 85.8 ±  1.2 ms - Add time
  7.3 ±  0.3 ms - Find child
 11.6 ±  0.4 ms - Add child
 62.9 ±  6.1 ms - Hash
 91.8 ± 36.9 ms - Map
 30.1 ±  6.4 ms - getState
0.0276991
0.030607
0.0442257
475.1 ±  0.0 ms - Total time
363.9 ±  0.0 ms - Build f time
 34.1 ±  1.2 ms - Apply f time
353.8 ±  2.2 ms - Real f time 
 95.7 ±  1.3 ms - Add time
  9.1 ±  0.3 ms - Find child
 14.0 ±  0.5 ms - Add child
 69.4 ±  6.1 ms - Hash
 98.7 ± 36.9 ms - Map
 33.7 ±  6.4 ms - getState
0.0339548
0.0379224
0.0540062
529.1 ±  0.0 ms - Total time
397.9 ±  0.0 ms - Build f time
 39.9 ±  1.2 ms - Apply f time
389.1 ±  2.4 ms - Real f time 
107.5 ±  1.5 ms - Add time
 11.1 ±  0.4 ms - Find child
 16.9 ±  0.5 ms - Add child
 76.9 ±  6.1 ms - Hash
107.3 ± 36.9 ms - Map
 41.5 ±  7.0 ms - getState
0.0330398
0.0369979
0.0541014
583.2 ±  0.0 ms - Total time
430.9 ±  0.0 ms - Build f time
 46.0 ±  1.3 ms - Apply f time
422.2 ±  2.5 ms - Real f time 
119.5 ±  1.5 ms - Add time
 13.7 ±  1.1 ms - Find child
 19.5 ±  0.5 ms - Add child
 84.5 ±  6.1 ms - Hash
115.3 ± 36.9 ms - Map
 46.0 ±  7.0 ms - getState
Dag sizes: 46288 37103 47312 45397 37450 47132 50535 
brutePieces time: 0.347975
 90.1 ±  0.0 ms - Piece loop time
 61.2 ± 45.3 ms - Set time
 70.1 ±  1.7 ms - Child looking time
Nodes:  311217
Pieces: 61740
makePieces time: 0.0914463
Memory: 1.4 + 17.4 + 10.0 + 34.3 + 4.8 MB
  5.8 ±  0.8 ms - Greedy fill time
composePieces time: 0.419664
                                                                                