Running only task # 200
Using max depth 23
 |                                        | 0 / 416 (0.0%)Function count: 142
0.0767377
0.0836623
0.0717243
0.0779213
0.0814867
0.0883614
0.074978
0.0813665
0.0719058
0.0781847
0.0874463
0.0941257
0.0787535
0.0854451
 47.7 ±  0.0 ms - Piece loop time
 47.1 ± 36.7 ms - Set time
 36.2 ±  1.3 ms - Child looking time
0.0735133
0.0795824
0.116575
705.9 ±  0.0 ms - Total time
616.5 ±  0.0 ms - Build f time
 25.8 ±  0.6 ms - Apply f time
501.1 ±  4.6 ms - Real f time 
131.6 ± 10.9 ms - Add time
  4.4 ±  0.2 ms - Find child
  7.1 ±  0.5 ms - Add child
116.1 ±  1.6 ms - Hash
130.1 ± 60.3 ms - Map
 26.2 ±  0.5 ms - getState
0.0727879
0.0786502
0.11879
824.7 ±  0.0 ms - Total time
689.3 ±  0.0 ms - Build f time
 36.7 ±  0.7 ms - Apply f time
565.6 ±  4.7 ms - Real f time 
155.6 ± 10.9 ms - Add time
  7.5 ±  0.3 ms - Find child
 11.2 ±  0.5 ms - Add child
137.4 ±  1.7 ms - Hash
145.4 ± 60.3 ms - Map
 37.7 ±  0.6 ms - getState
0.0820599
0.0886775
0.129418
954.2 ±  0.0 ms - Total time
771.4 ±  0.0 ms - Build f time
 49.1 ±  0.8 ms - Apply f time
637.6 ±  4.9 ms - Real f time 
181.6 ± 11.0 ms - Add time
 11.1 ±  0.4 ms - Find child
 15.6 ±  0.6 ms - Add child
161.8 ±  1.9 ms - Hash
160.4 ± 60.4 ms - Map
 49.7 ±  0.7 ms - getState
0.0743831
0.0807652
0.118761
1073.0 ±  0.0 ms - Total time
845.8 ±  0.0 ms - Build f time
 58.7 ±  0.9 ms - Apply f time
702.8 ±  5.1 ms - Real f time 
208.7 ± 11.5 ms - Add time
 14.3 ±  0.4 ms - Find child
 19.5 ±  0.6 ms - Add child
183.3 ±  2.0 ms - Hash
174.1 ± 60.3 ms - Map
 60.8 ±  0.7 ms - getState
0.071516
0.0776126
0.114281
1187.3 ±  0.0 ms - Total time
917.3 ±  0.0 ms - Build f time
 69.7 ±  1.0 ms - Apply f time
767.8 ±  5.4 ms - Real f time 
232.7 ± 11.5 ms - Add time
 17.5 ±  0.5 ms - Find child
 23.2 ±  0.7 ms - Add child
204.1 ±  2.0 ms - Hash
187.7 ± 60.3 ms - Map
 71.3 ±  0.8 ms - getState
0.080814
0.0873705
0.126831
1314.2 ±  0.0 ms - Total time
998.1 ±  0.0 ms - Build f time
 80.7 ±  1.1 ms - Apply f time
838.7 ±  5.5 ms - Real f time 
270.6 ± 14.2 ms - Add time
 21.0 ±  0.5 ms - Find child
 28.2 ±  0.7 ms - Add child
230.4 ±  3.1 ms - Hash
202.3 ± 60.3 ms - Map
 83.3 ±  0.8 ms - getState
0.0797986
0.0863002
0.129826
1444.0 ±  0.0 ms - Total time
1077.9 ±  0.0 ms - Build f time
 91.9 ±  1.2 ms - Apply f time
909.5 ±  5.7 ms - Real f time 
296.5 ± 14.2 ms - Add time
 24.6 ±  0.6 ms - Find child
 33.0 ±  0.7 ms - Add child
254.5 ±  3.2 ms - Hash
218.4 ± 60.2 ms - Map
 95.8 ±  0.9 ms - getState
Dag sizes: 74021 70564 81984 73505 70088 82134 85210 
brutePieces time: 0.859542
116.2 ±  0.0 ms - Piece loop time
 57.7 ± 35.9 ms - Set time
 87.3 ±  2.6 ms - Child looking time
Nodes:  537506
Pieces: 14290
makePieces time: 0.117345
Memory: 5.8 + 29.4 + 17.2 + 38.0 + 5.9 MB
  2.7 ±  0.0 ms - Greedy fill time
composePieces time: 0.105288
                                                                                