Running only task # 399
Using max depth 4
 |                                        | 0 / 416 (0.0%)Function count: 142
0.0714176
0.0786403
0.070929
0.077647
0.0792782
0.086203
 15.8 ±  0.0 ms - Piece loop time
 41.2 ± 37.1 ms - Set time
 16.5 ±  5.1 ms - Child looking time
1.58646
1.72915
2.79992
3042.5 ±  0.0 ms - Total time
1808.1 ±  0.0 ms - Build f time
204.3 ±  1.9 ms - Apply f time
1671.6 ±  8.9 ms - Real f time 
570.9 ±  8.7 ms - Add time
 51.3 ±  0.8 ms - Find child
 66.4 ±  1.2 ms - Add child
508.9 ±  2.8 ms - Hash
522.7 ± 36.0 ms - Map
229.6 ±  3.1 ms - getState
1.54575
1.67116
2.62425
5666.8 ±  0.0 ms - Total time
3353.8 ±  0.0 ms - Build f time
381.5 ±  2.4 ms - Apply f time
3093.4 ± 11.1 ms - Real f time 
1173.2 ± 106.6 ms - Add time
 96.9 ±  1.5 ms - Find child
129.1 ±  2.1 ms - Add child
957.0 ±  4.2 ms - Hash
933.8 ± 36.2 ms - Map
439.5 ±  4.2 ms - getState
1.74606
1.88431
3.02255
8689.4 ±  0.0 ms - Total time
5099.9 ±  0.0 ms - Build f time
589.7 ±  2.9 ms - Apply f time
4728.4 ± 15.4 ms - Real f time 
1756.8 ± 108.7 ms - Add time
151.1 ±  1.7 ms - Find child
198.6 ±  2.4 ms - Add child
1484.4 ±  7.1 ms - Hash
1399.1 ± 36.4 ms - Map
690.1 ±  4.7 ms - getState
Dag sizes: 1719204 1624287 1839111 
brutePieces time: 8.44814
1482.0 ±  0.0 ms - Piece loop time
653.7 ± 21.3 ms - Set time
815.7 ±  5.3 ms - Child looking time
Nodes:  5182602
Pieces: 1827503
makePieces time: 1.48603
Memory: 59.1 + 210.5 + 165.8 + 133.3 + 65.8 MB
 17.6 ±  0.0 ms - Greedy fill time
composePieces time: 2.79103
                                                                                