Running only task # 85
Using max depth 23
 |                                        | 0 / 416 (0.0%)Function count: 142
0.151375
0.164967
0.16423
0.178791
0.216819
0.240335
0.236956
0.263288
0.147171
0.160315
0.166673
0.181183
0.244343
0.270474
0.247373
0.273918
0.248664
0.2793
105.8 ±  0.0 ms - Piece loop time
 54.8 ± 38.7 ms - Set time
 84.8 ±  2.5 ms - Child looking time
0.15162
0.164946
0.315148
2328.2 ±  0.0 ms - Total time
1975.2 ±  0.0 ms - Build f time
 89.9 ±  1.6 ms - Apply f time
1515.4 ±  9.5 ms - Real f time 
502.8 ± 30.7 ms - Add time
  8.9 ±  0.3 ms - Find child
 13.3 ±  0.4 ms - Add child
345.5 ±  3.1 ms - Hash
212.2 ± 40.7 ms - Map
105.5 ±  1.5 ms - getState
0.164002
0.178525
0.357341
2685.6 ±  0.0 ms - Total time
2139.2 ±  0.0 ms - Build f time
118.0 ±  1.8 ms - Apply f time
1662.8 ±  9.8 ms - Real f time 
592.6 ± 30.7 ms - Add time
 16.3 ±  0.8 ms - Find child
 21.7 ±  0.5 ms - Add child
416.7 ±  3.2 ms - Hash
250.8 ± 40.7 ms - Map
151.4 ±  1.7 ms - getState
0.21392
0.236271
0.485517
3171.1 ±  0.0 ms - Total time
2353.1 ±  0.0 ms - Build f time
154.7 ±  1.9 ms - Apply f time
1848.5 ± 10.2 ms - Real f time 
747.0 ± 43.6 ms - Add time
 24.0 ±  0.8 ms - Find child
 32.4 ±  0.6 ms - Add child
508.7 ±  3.3 ms - Hash
304.1 ± 40.7 ms - Map
222.0 ±  1.9 ms - getState
0.242273
0.269494
0.566638
3737.8 ±  0.0 ms - Total time
2595.4 ±  0.0 ms - Build f time
198.1 ±  2.1 ms - Apply f time
2062.2 ± 10.8 ms - Real f time 
959.7 ± 84.4 ms - Add time
 33.3 ±  0.9 ms - Find child
 45.1 ±  0.7 ms - Add child
614.7 ±  4.0 ms - Hash
369.5 ± 40.7 ms - Map
304.6 ±  2.2 ms - getState
0.158079
0.171138
0.333183
4071.0 ±  0.0 ms - Total time
2753.5 ±  0.0 ms - Build f time
223.5 ±  2.2 ms - Apply f time
2198.9 ± 11.2 ms - Real f time 
1103.6 ± 105.8 ms - Add time
 38.7 ±  0.9 ms - Find child
 52.3 ±  0.8 ms - Add child
681.4 ±  4.9 ms - Hash
405.3 ± 40.7 ms - Map
355.9 ±  9.1 ms - getState
0.167546
0.181925
0.359449
4430.5 ±  0.0 ms - Total time
2921.0 ±  0.0 ms - Build f time
250.7 ±  2.3 ms - Apply f time
2349.3 ± 11.6 ms - Real f time 
1199.7 ± 106.0 ms - Add time
 44.9 ±  1.0 ms - Find child
 60.1 ±  0.9 ms - Add child
754.3 ±  5.1 ms - Hash
448.2 ± 40.8 ms - Map
403.6 ±  9.3 ms - getState
0.220177
0.24313
0.496372
4926.9 ±  0.0 ms - Total time
3141.2 ±  0.0 ms - Build f time
288.4 ±  2.7 ms - Apply f time
2532.7 ± 11.9 ms - Real f time 
1323.8 ± 106.1 ms - Add time
 53.1 ±  1.0 ms - Find child
 71.4 ±  0.9 ms - Add child
847.2 ±  5.2 ms - Hash
503.4 ± 40.8 ms - Map
477.7 ±  9.5 ms - getState
0.244406
0.270726
0.565099
5492.1 ±  0.0 ms - Total time
3385.6 ±  0.0 ms - Build f time
332.7 ±  2.8 ms - Apply f time
2742.3 ± 12.3 ms - Real f time 
1464.8 ± 106.2 ms - Add time
 62.5 ±  1.1 ms - Find child
 83.6 ±  1.0 ms - Add child
955.2 ±  5.9 ms - Hash
566.3 ± 40.9 ms - Map
561.1 ±  9.8 ms - getState
0.25533
0.28439
0.580452
6072.6 ±  0.0 ms - Total time
3640.9 ±  0.0 ms - Build f time
376.0 ±  2.9 ms - Apply f time
2964.6 ± 12.9 ms - Real f time 
1625.0 ± 106.6 ms - Add time
 72.0 ±  1.1 ms - Find child
 95.6 ±  1.1 ms - Add child
1060.1 ±  6.1 ms - Hash
629.7 ± 40.9 ms - Map
643.1 ±  9.8 ms - getState
Dag sizes: 178477 206134 276793 318587 178570 205993 277952 319620 326295 
brutePieces time: 4.06399
416.8 ±  0.0 ms - Piece loop time
102.7 ± 15.0 ms - Set time
285.4 ±  5.0 ms - Child looking time
Nodes:  2288421
Pieces: 284177
makePieces time: 0.419101
Memory: 46.6 + 72.5 + 73.2 + 74.4 + 22.8 MB
 91.6 ±  8.4 ms - Greedy fill time
composePieces time: 18.6056
                                                                                