Running only task # 156
Using max depth 23
 |                                        | 0 / 416 (0.0%)Function count: 142
0.0162124
0.017221
0.0233588
0.0248245
0.0442995
0.0468012
0.0348401
0.0368121
0.0102586
0.0107389
0.0366503
0.038879
0.0375116
0.0401087
0.0404642
0.0431033
0.018008
0.0189957
0.0238239
0.025091
0.0425799
0.045402
0.0363899
0.0384202
0.0103284
0.010902
0.037013
0.0392284
0.0385884
0.0413515
0.0419844
0.0450237
0.0369202
0.0393977
113.4 ±  0.0 ms - Piece loop time
 53.7 ± 45.6 ms - Set time
 97.6 ±  2.4 ms - Child looking time
0.0170644
0.0183139
0.0211816
583.8 ±  0.0 ms - Total time
546.3 ±  0.0 ms - Build f time
 13.4 ±  0.4 ms - Apply f time
488.6 ±  3.2 ms - Real f time 
100.8 ±  6.0 ms - Add time
  2.4 ±  0.2 ms - Find child
  3.5 ±  0.2 ms - Add child
 89.9 ±  1.1 ms - Hash
 98.7 ± 37.1 ms - Map
 14.1 ±  0.9 ms - getState
0.0243288
0.0256971
0.0305306
614.4 ±  0.0 ms - Total time
570.6 ±  0.0 ms - Build f time
 15.2 ±  0.4 ms - Apply f time
512.8 ±  3.3 ms - Real f time 
105.9 ±  6.0 ms - Add time
  3.0 ±  0.2 ms - Find child
  4.6 ±  0.2 ms - Add child
 94.9 ±  1.1 ms - Hash
102.6 ± 37.1 ms - Map
 15.9 ±  0.9 ms - getState
0.0411431
0.0435798
0.0546304
669.0 ±  0.0 ms - Total time
611.8 ±  0.0 ms - Build f time
 18.9 ±  0.5 ms - Apply f time
550.6 ±  3.4 ms - Real f time 
115.2 ±  6.0 ms - Add time
  4.2 ±  0.2 ms - Find child
  6.2 ±  0.3 ms - Add child
105.0 ±  1.1 ms - Hash
110.5 ± 37.1 ms - Map
 19.5 ±  0.9 ms - getState
0.0367515
0.038851
0.0489181
718.0 ±  0.0 ms - Total time
648.5 ±  0.0 ms - Build f time
 22.6 ±  0.5 ms - Apply f time
585.9 ±  3.4 ms - Real f time 
124.4 ±  6.0 ms - Add time
  5.4 ±  0.3 ms - Find child
  8.0 ±  0.3 ms - Add child
113.5 ±  1.2 ms - Hash
117.8 ± 37.1 ms - Map
 22.9 ±  1.0 ms - getState
0.0103954
0.0108602
0.0120772
730.1 ±  0.0 ms - Total time
658.9 ±  0.0 ms - Build f time
 23.4 ±  0.5 ms - Apply f time
596.5 ±  3.4 ms - Real f time 
126.6 ±  6.0 ms - Add time
  5.6 ±  0.3 ms - Find child
  8.2 ±  0.3 ms - Add child
115.6 ±  1.2 ms - Hash
119.4 ± 37.1 ms - Map
 23.5 ±  1.0 ms - getState
0.0379485
0.0401634
0.0505792
780.7 ±  0.0 ms - Total time
696.9 ±  0.0 ms - Build f time
 26.9 ±  0.5 ms - Apply f time
632.2 ±  3.5 ms - Real f time 
139.7 ±  7.2 ms - Add time
  6.7 ±  0.3 ms - Find child
  9.8 ±  0.4 ms - Add child
124.7 ±  1.2 ms - Hash
124.9 ± 37.1 ms - Map
 26.7 ±  1.0 ms - getState
0.0400111
0.0428414
0.0541397
834.8 ±  0.0 ms - Total time
736.9 ±  0.0 ms - Build f time
 31.1 ±  0.6 ms - Apply f time
670.0 ±  3.6 ms - Real f time 
149.3 ±  7.2 ms - Add time
  8.2 ±  0.3 ms - Find child
 11.3 ±  0.4 ms - Add child
133.5 ±  1.3 ms - Hash
131.8 ± 37.1 ms - Map
 30.3 ±  1.0 ms - getState
0.0432629
0.0458154
0.0597079
894.6 ±  0.0 ms - Total time
780.1 ±  0.0 ms - Build f time
 35.1 ±  0.6 ms - Apply f time
711.1 ±  3.7 ms - Real f time 
159.8 ±  7.2 ms - Add time
  9.8 ±  0.4 ms - Find child
 13.2 ±  0.4 ms - Add child
143.4 ±  1.3 ms - Hash
139.1 ± 37.1 ms - Map
 35.1 ±  1.0 ms - getState
0.017594
0.0185611
0.0214513
916.0 ±  0.0 ms - Total time
797.7 ±  0.0 ms - Build f time
 36.3 ±  0.6 ms - Apply f time
729.5 ±  3.8 ms - Real f time 
163.3 ±  7.2 ms - Add time
 10.1 ±  0.4 ms - Find child
 13.8 ±  0.4 ms - Add child
146.7 ±  1.3 ms - Hash
141.4 ± 37.1 ms - Map
 36.1 ±  1.0 ms - getState
0.024946
0.0262863
0.0315329
947.6 ±  0.0 ms - Total time
822.7 ±  0.0 ms - Build f time
 38.3 ±  0.7 ms - Apply f time
753.4 ±  3.8 ms - Real f time 
168.6 ±  7.2 ms - Add time
 11.0 ±  0.4 ms - Find child
 14.6 ±  0.4 ms - Add child
152.4 ±  1.4 ms - Hash
145.3 ± 37.1 ms - Map
 38.1 ±  1.0 ms - getState
0.0409783
0.0438167
0.0556769
1003.3 ±  0.0 ms - Total time
863.6 ±  0.0 ms - Build f time
 42.2 ±  0.7 ms - Apply f time
791.1 ±  3.9 ms - Real f time 
178.8 ±  7.2 ms - Add time
 12.5 ±  0.4 ms - Find child
 16.5 ±  0.5 ms - Add child
162.1 ±  1.4 ms - Hash
152.1 ± 37.0 ms - Map
 41.9 ±  1.0 ms - getState
0.0365869
0.0386553
0.0485951
1051.9 ±  0.0 ms - Total time
900.2 ±  0.0 ms - Build f time
 46.0 ±  0.7 ms - Apply f time
826.8 ±  4.0 ms - Real f time 
187.4 ±  7.3 ms - Add time
 14.0 ±  0.4 ms - Find child
 18.2 ±  0.5 ms - Add child
170.3 ±  1.4 ms - Hash
158.6 ± 37.0 ms - Map
 45.1 ±  1.1 ms - getState
0.0103124
0.0107889
0.012035
1064.0 ±  0.0 ms - Total time
910.5 ±  0.0 ms - Build f time
 46.6 ±  0.7 ms - Apply f time
837.8 ±  4.0 ms - Real f time 
189.6 ±  7.3 ms - Add time
 14.1 ±  0.4 ms - Find child
 18.6 ±  0.5 ms - Add child
172.3 ±  1.4 ms - Hash
197.6 ± 52.6 ms - Map
 45.6 ±  1.1 ms - getState
0.0392093
0.0415155
0.0523258
1116.3 ±  0.0 ms - Total time
949.8 ±  0.0 ms - Build f time
 50.1 ±  0.8 ms - Apply f time
873.1 ±  4.1 ms - Real f time 
199.1 ±  7.3 ms - Add time
 15.4 ±  0.4 ms - Find child
 20.4 ±  0.5 ms - Add child
181.2 ±  1.5 ms - Hash
204.1 ± 52.6 ms - Map
 49.2 ±  1.1 ms - getState
0.0394606
0.0420483
0.0531193
1169.4 ±  0.0 ms - Total time
989.2 ±  0.0 ms - Build f time
 53.7 ±  0.8 ms - Apply f time
910.0 ±  4.2 ms - Real f time 
208.3 ±  7.3 ms - Add time
 16.7 ±  0.5 ms - Find child
 22.0 ±  0.5 ms - Add child
190.3 ±  1.5 ms - Hash
209.8 ± 52.6 ms - Map
 52.9 ±  1.1 ms - getState
0.0436717
0.0463964
0.0591741
1228.7 ±  0.0 ms - Total time
1032.9 ±  0.0 ms - Build f time
 57.7 ±  0.8 ms - Apply f time
950.9 ±  4.2 ms - Real f time 
219.2 ±  7.3 ms - Add time
 18.5 ±  0.5 ms - Find child
 23.9 ±  0.6 ms - Add child
200.3 ±  1.6 ms - Hash
217.5 ± 52.6 ms - Map
 56.8 ±  1.1 ms - getState
0.0394637
0.0418348
0.0527861
1281.5 ±  0.0 ms - Total time
1072.4 ±  0.0 ms - Build f time
 61.4 ±  0.8 ms - Apply f time
987.1 ±  4.3 ms - Real f time 
229.3 ±  7.3 ms - Add time
 19.8 ±  0.5 ms - Find child
 25.6 ±  0.6 ms - Add child
209.0 ±  1.6 ms - Hash
224.6 ± 52.6 ms - Map
 60.3 ±  1.1 ms - getState
Dag sizes: 11674 19688 37047 34438 6298 33178 35457 39168 11674 19688 37047 34368 6298 33242 35457 39178 36583 
brutePieces time: 0.729726
239.2 ±  0.0 ms - Piece loop time
 56.7 ± 39.0 ms - Set time
208.9 ±  3.7 ms - Child looking time
Nodes:  470483
Pieces: 13070
makePieces time: 0.240418
Memory: 3.0 + 35.2 + 15.1 + 78.8 + 8.6 MB
  1.4 ±  0.2 ms - Greedy fill time
composePieces time: 0.14045
                                                                                