Running only task # 383
Using max depth 3
 |                                        | 0 / 416 (0.0%)Function count: 142
0.03413
0.0393326
0.0547467
0.0595962
0.0431342
0.047822
0.0685548
0.0722529
 21.0 ±  0.0 ms - Piece loop time
 42.0 ± 37.1 ms - Set time
 16.0 ±  0.9 ms - Child looking time
0.0352095
0.0399411
0.0707432
289.9 ±  0.0 ms - Total time
235.8 ±  0.0 ms - Build f time
 15.8 ±  0.4 ms - Apply f time
204.2 ±  2.4 ms - Real f time 
 52.3 ±  1.0 ms - Add time
  3.6 ±  0.2 ms - Find child
  5.3 ±  0.3 ms - Add child
 42.0 ±  0.7 ms - Hash
 74.0 ± 38.8 ms - Map
 14.8 ±  0.9 ms - getState
0.0809105
0.0884361
0.130216
420.2 ±  0.0 ms - Total time
316.7 ±  0.0 ms - Build f time
 27.0 ±  0.5 ms - Apply f time
279.0 ±  3.0 ms - Real f time 
 80.7 ±  1.3 ms - Add time
  7.3 ±  0.6 ms - Find child
  9.6 ±  0.3 ms - Add child
 63.4 ±  0.8 ms - Hash
 87.7 ± 38.8 ms - Map
 26.6 ±  1.0 ms - getState
0.0426209
0.0462056
0.0762656
496.5 ±  0.0 ms - Total time
359.3 ±  0.0 ms - Build f time
 35.2 ±  0.6 ms - Apply f time
324.9 ±  3.7 ms - Real f time 
 98.9 ±  1.4 ms - Add time
 10.0 ±  0.6 ms - Find child
 13.2 ±  0.4 ms - Add child
 76.7 ±  0.9 ms - Hash
 97.7 ± 38.9 ms - Map
 34.4 ±  1.0 ms - getState
0.0690857
0.0726928
0.123721
620.2 ±  0.0 ms - Total time
428.4 ±  0.0 ms - Build f time
 44.2 ±  0.7 ms - Apply f time
385.2 ±  3.9 ms - Real f time 
151.4 ± 25.1 ms - Add time
 12.3 ±  0.6 ms - Find child
 16.9 ±  0.5 ms - Add child
103.2 ±  1.0 ms - Hash
108.5 ± 38.9 ms - Map
 47.1 ±  1.1 ms - getState
Dag sizes: 49625 80515 72368 73443 
brutePieces time: 0.403707
 59.7 ±  0.0 ms - Piece loop time
 50.1 ± 36.7 ms - Set time
 46.2 ±  0.9 ms - Child looking time
Nodes:  275951
Pieces: 71265
makePieces time: 0.0606682
Memory: 2.5 + 13.5 + 8.8 + 21.2 + 3.3 MB
  1.1 ±  0.0 ms - Greedy fill time
composePieces time: 0.147627
                                                                                