Running only task # 210
Using max depth 3
 |                                        | 0 / 416 (0.0%)Function count: 142
0.143317
0.157726
0.145405
0.161931
0.173948
0.192007
 24.7 ±  0.0 ms - Piece loop time
 41.1 ± 35.1 ms - Set time
 17.6 ±  0.7 ms - Child looking time
0.145479
0.163062
0.303351
815.1 ±  0.0 ms - Total time
608.1 ±  0.0 ms - Build f time
 40.8 ±  0.8 ms - Apply f time
506.7 ±  5.2 ms - Real f time 
156.6 ±  2.0 ms - Add time
  6.4 ±  0.3 ms - Find child
  8.0 ±  0.3 ms - Add child
131.1 ±  1.4 ms - Hash
 97.7 ± 37.3 ms - Map
 55.9 ±  0.7 ms - getState
0.150203
0.166709
0.320267
1135.4 ±  0.0 ms - Total time
758.3 ±  0.0 ms - Build f time
 65.0 ±  0.9 ms - Apply f time
638.1 ±  5.5 ms - Real f time 
238.7 ±  3.0 ms - Add time
 11.5 ±  0.4 ms - Find child
 15.3 ±  0.4 ms - Add child
187.8 ±  1.5 ms - Hash
126.5 ± 37.3 ms - Map
103.1 ±  0.9 ms - getState
0.164871
0.183243
0.321041
1456.5 ±  0.0 ms - Total time
923.2 ±  0.0 ms - Build f time
 88.5 ±  1.1 ms - Apply f time
782.0 ±  6.1 ms - Real f time 
319.5 ±  5.3 ms - Add time
 16.4 ±  0.5 ms - Find child
 21.5 ±  0.5 ms - Add child
246.5 ±  1.7 ms - Hash
160.0 ± 37.3 ms - Map
139.9 ±  1.0 ms - getState
Dag sizes: 176368 190321 176402 
brutePieces time: 0.946863
106.7 ±  0.0 ms - Piece loop time
 54.5 ± 16.6 ms - Set time
 61.3 ±  1.0 ms - Child looking time
Nodes:  543091
Pieces: 167853
makePieces time: 0.107581
Memory: 9.7 + 18.2 + 17.4 + 21.3 + 5.6 MB
  1.7 ±  0.0 ms - Greedy fill time
composePieces time: 0.312118
                                                                                