Running only task # 401
Using max depth 33
 |                                        | 0 / 416 (0.0%)Function count: 142
0.0919034
0.0993226
0.0947229
0.102564
0.0921419
0.0993342
0.0947157
0.102635
0.0973584
0.105484
 25.1 ±  0.0 ms - Piece loop time
 48.5 ± 42.5 ms - Set time
 17.5 ±  1.0 ms - Child looking time
0.0929257
0.100413
0.179064
688.6 ±  0.0 ms - Total time
563.8 ±  0.0 ms - Build f time
 27.8 ±  0.7 ms - Apply f time
470.9 ±  5.3 ms - Real f time 
129.9 ±  4.3 ms - Add time
  4.8 ±  0.2 ms - Find child
  6.3 ±  0.3 ms - Add child
108.9 ±  1.2 ms - Hash
101.5 ± 37.6 ms - Map
 33.8 ±  0.6 ms - getState
0.103914
0.111633
0.195667
884.3 ±  0.0 ms - Total time
667.7 ±  0.0 ms - Build f time
 44.1 ±  1.5 ms - Apply f time
562.4 ±  5.6 ms - Real f time 
175.7 ±  4.6 ms - Add time
  9.1 ±  0.3 ms - Find child
 12.1 ±  0.4 ms - Add child
144.8 ±  1.3 ms - Hash
124.4 ± 37.7 ms - Map
 55.8 ±  0.7 ms - getState
0.0932984
0.100866
0.176674
1061.0 ±  0.0 ms - Total time
761.0 ±  0.0 ms - Build f time
 58.3 ±  1.6 ms - Apply f time
649.9 ±  6.1 ms - Real f time 
216.4 ±  4.7 ms - Add time
 13.4 ±  0.4 ms - Find child
 17.0 ±  0.5 ms - Add child
178.9 ±  1.4 ms - Hash
143.6 ± 37.7 ms - Map
 76.9 ±  1.1 ms - getState
0.0966788
0.104303
0.189789
1250.8 ±  0.0 ms - Total time
857.7 ±  0.0 ms - Build f time
 74.8 ±  1.6 ms - Apply f time
740.9 ±  6.4 ms - Real f time 
258.4 ±  4.8 ms - Add time
 17.7 ±  0.5 ms - Find child
 22.8 ±  0.5 ms - Add child
213.6 ±  1.5 ms - Hash
163.7 ± 37.7 ms - Map
 99.9 ±  1.2 ms - getState
0.0992237
0.107139
0.195805
1454.2 ±  0.0 ms - Total time
956.9 ±  0.0 ms - Build f time
 90.9 ±  1.7 ms - Apply f time
831.6 ±  6.6 ms - Real f time 
306.5 ±  5.2 ms - Add time
 22.2 ±  0.5 ms - Find child
 28.3 ±  0.6 ms - Add child
250.8 ±  1.6 ms - Hash
193.5 ± 38.6 ms - Map
127.6 ±  3.0 ms - getState
Dag sizes: 127569 135853 126740 132487 144607 
brutePieces time: 0.946961
 77.3 ±  0.0 ms - Piece loop time
 33.8 ± 13.5 ms - Set time
 54.0 ±  1.3 ms - Child looking time
Nodes:  667256
Pieces: 116005
makePieces time: 0.0779958
Memory: 8.5 + 24.0 + 21.4 + 31.6 + 5.6 MB
 12.8 ±  0.5 ms - Greedy fill time
composePieces time: 1.18226
                                                                                