Running only task # 143
Using max depth 4
 |                                        | 0 / 416 (0.0%)Function count: 142
0.123664
0.136721
0.185622
0.200433
0.0487054
0.0524471
0.0877733
0.0960434
 24.2 ±  0.0 ms - Piece loop time
 44.4 ± 39.2 ms - Set time
 18.0 ±  0.8 ms - Child looking time
2.74994
2.99359
3.94801
4433.9 ±  0.0 ms - Total time
3195.7 ±  0.0 ms - Build f time
213.1 ±  2.4 ms - Apply f time
2765.2 ± 13.6 ms - Real f time 
690.5 ±  6.3 ms - Add time
 44.3 ±  0.8 ms - Find child
 60.5 ±  1.3 ms - Add child
795.9 ±  4.8 ms - Hash
544.8 ± 37.2 ms - Map
263.0 ±  1.6 ms - getState
4.1994
4.54742
6.23442
10668.3 ±  0.0 ms - Total time
7395.1 ±  0.0 ms - Build f time
505.4 ±  3.5 ms - Apply f time
6361.4 ± 28.6 ms - Real f time 
1813.1 ± 36.4 ms - Add time
 97.1 ±  1.1 ms - Find child
134.4 ±  1.8 ms - Add child
2024.8 ±  6.5 ms - Hash
1097.8 ± 37.3 ms - Map
700.4 ±  4.2 ms - getState
0.94135
1.00919
1.20719
11875.6 ±  0.0 ms - Total time
8336.4 ±  0.0 ms - Build f time
574.7 ±  5.2 ms - Apply f time
7214.2 ± 29.0 ms - Real f time 
1974.1 ± 36.4 ms - Add time
115.2 ±  1.2 ms - Find child
157.6 ±  1.9 ms - Add child
2227.8 ±  6.9 ms - Hash
1269.5 ± 37.4 ms - Map
772.5 ± 11.6 ms - getState
1.94166
2.1007
2.6624
14538.0 ±  0.0 ms - Total time
10278.1 ±  0.0 ms - Build f time
715.6 ±  5.8 ms - Apply f time
8967.7 ± 30.1 ms - Real f time 
2376.5 ± 38.8 ms - Add time
150.2 ±  1.4 ms - Find child
202.5 ±  2.1 ms - Add child
2662.8 ±  7.3 ms - Hash
1628.3 ± 37.6 ms - Map
925.4 ± 11.7 ms - getState
Dag sizes: 1362558 1677274 504820 1034876 
brutePieces time: 14.0542
1673.6 ±  0.0 ms - Piece loop time
533.6 ± 16.9 ms - Set time
1090.2 ±  6.4 ms - Child looking time
Nodes:  4579528
Pieces: 1221804
makePieces time: 1.67803
Memory: 88.5 + 241.9 + 146.5 + 111.0 + 59.3 MB
 30.8 ±  0.0 ms - Greedy fill time
composePieces time: 4.26622
                                                                                