Running only task # 112
Using max depth 4
 |                                        | 0 / 416 (0.0%)Function count: 142
0.270174
0.295557
0.188687
0.208163
0.165877
0.181388
0.427137
0.474067
 40.4 ±  0.0 ms - Piece loop time
 46.6 ± 37.6 ms - Set time
 31.8 ±  1.5 ms - Child looking time
7.56337
8.41152
13.4344
14593.8 ±  0.0 ms - Total time
8615.2 ±  0.0 ms - Build f time
711.4 ±  3.9 ms - Apply f time
6796.2 ± 38.7 ms - Real f time 
3069.3 ± 34.5 ms - Add time
100.8 ±  1.2 ms - Find child
151.1 ±  1.7 ms - Add child
2963.8 ± 26.2 ms - Hash
1168.9 ± 43.9 ms - Map
1635.6 ±  6.7 ms - getState
5.59845
6.24787
9.71973
24313.5 ±  0.0 ms - Total time
14213.7 ±  0.0 ms - Build f time
1246.5 ±  5.2 ms - Apply f time
11377.4 ± 49.7 ms - Real f time 
5098.5 ± 77.6 ms - Add time
209.7 ± 13.9 ms - Find child
292.3 ±  2.3 ms - Add child
4770.9 ± 32.4 ms - Hash
2171.9 ± 46.3 ms - Map
2736.9 ±  8.4 ms - getState
4.6322
5.08428
7.89458
32208.1 ±  0.0 ms - Total time
18845.9 ±  0.0 ms - Build f time
1662.5 ±  6.5 ms - Apply f time
15162.8 ± 52.6 ms - Real f time 
6664.9 ± 78.9 ms - Add time
283.7 ± 14.0 ms - Find child
398.4 ±  2.7 ms - Add child
6324.4 ± 32.8 ms - Hash
2952.3 ± 47.1 ms - Map
3541.6 ± 11.0 ms - getState
13.763
15.4635
25.0837
57291.9 ±  0.0 ms - Total time
32608.9 ±  0.0 ms - Build f time
2901.6 ±  9.1 ms - Apply f time
26009.9 ± 74.0 ms - Real f time 
12165.1 ± 86.1 ms - Add time
426.4 ± 14.4 ms - Find child
615.3 ±  3.3 ms - Add child
11409.9 ± 35.3 ms - Hash
4497.4 ± 48.7 ms - Map
6885.2 ± 18.3 ms - getState
Dag sizes: 3620433 3437515 2682121 5125909 
brutePieces time: 56.1341
5121.9 ±  0.0 ms - Piece loop time
1815.1 ± 37.7 ms - Set time
3203.4 ± 18.6 ms - Child looking time
Nodes:  14865978
Pieces: 4602784
makePieces time: 5.13713
Memory: 676.8 + 566.3 + 475.7 + 355.3 + 204.2 MB
 48.8 ±  0.0 ms - Greedy fill time
composePieces time: 38.5799
                                                                                