Running only task # 117
Using max depth 23
 |                                        | 0 / 416 (0.0%)Function count: 142
0.218998
0.236587
0.246891
0.265877
0.272366
0.294977
0.209269
0.22635
0.256867
0.2755
0.273136
0.29581
0.332893
0.359614
 53.5 ±  0.0 ms - Piece loop time
 61.6 ± 49.0 ms - Set time
 39.1 ±  1.6 ms - Child looking time
0.22281
0.240204
0.393939
2349.0 ±  0.0 ms - Total time
2033.2 ±  0.0 ms - Build f time
 69.5 ±  1.3 ms - Apply f time
1460.8 ± 15.2 ms - Real f time 
410.3 ±  6.8 ms - Add time
  7.5 ±  0.3 ms - Find child
 10.5 ±  0.4 ms - Add child
455.0 ±  2.5 ms - Hash
166.2 ± 45.3 ms - Map
 90.9 ±  1.6 ms - getState
0.245204
0.264243
0.407975
2757.1 ±  0.0 ms - Total time
2278.4 ±  0.0 ms - Build f time
 94.0 ±  1.5 ms - Apply f time
1660.7 ± 17.4 ms - Real f time 
494.9 ±  7.3 ms - Add time
 12.7 ±  0.4 ms - Find child
 17.0 ±  0.5 ms - Add child
551.9 ±  7.2 ms - Hash
199.0 ± 45.3 ms - Map
134.2 ±  3.1 ms - getState
0.299253
0.321493
0.536871
3294.0 ±  0.0 ms - Total time
2577.7 ±  0.0 ms - Build f time
125.5 ±  1.7 ms - Apply f time
1894.0 ± 19.6 ms - Real f time 
645.0 ± 33.4 ms - Add time
 18.7 ±  0.5 ms - Find child
 25.4 ±  0.6 ms - Add child
678.1 ±  7.3 ms - Hash
237.9 ± 45.3 ms - Map
190.3 ±  3.2 ms - getState
0.22417
0.241398
0.39855
3692.6 ±  0.0 ms - Total time
2801.9 ±  0.0 ms - Build f time
157.2 ±  5.5 ms - Apply f time
2066.3 ± 20.0 ms - Real f time 
726.9 ± 33.5 ms - Add time
 24.2 ±  0.6 ms - Find child
 32.9 ±  0.6 ms - Add child
766.4 ±  7.4 ms - Hash
274.9 ± 45.2 ms - Map
231.5 ±  3.3 ms - getState
0.255281
0.274352
0.418807
4111.4 ±  0.0 ms - Total time
3057.1 ±  0.0 ms - Build f time
183.3 ±  5.6 ms - Apply f time
2260.6 ± 20.6 ms - Real f time 
809.8 ± 33.5 ms - Add time
 29.8 ±  0.6 ms - Find child
 39.6 ±  0.7 ms - Add child
857.8 ±  7.5 ms - Hash
307.4 ± 45.2 ms - Map
273.3 ±  3.4 ms - getState
0.296506
0.319003
0.541288
4652.8 ±  0.0 ms - Total time
3353.6 ±  0.0 ms - Build f time
216.8 ±  5.6 ms - Apply f time
2491.7 ± 21.4 ms - Real f time 
940.1 ± 36.8 ms - Add time
 36.2 ±  0.7 ms - Find child
 48.1 ±  0.8 ms - Add child
983.9 ±  7.7 ms - Hash
349.2 ± 45.2 ms - Map
331.6 ±  3.5 ms - getState
0.367154
0.405297
0.667489
5320.3 ±  0.0 ms - Total time
3720.8 ±  0.0 ms - Build f time
257.5 ±  5.7 ms - Apply f time
2781.1 ± 25.1 ms - Real f time 
1078.6 ± 36.9 ms - Add time
 42.4 ±  0.7 ms - Find child
 56.0 ±  0.8 ms - Add child
1147.6 ±  7.9 ms - Hash
389.9 ± 45.2 ms - Map
405.6 ±  3.9 ms - getState
Dag sizes: 152917 125300 160362 152630 125315 160793 164856 
brutePieces time: 3.37047
212.8 ±  0.0 ms - Piece loop time
 67.9 ± 16.8 ms - Set time
147.2 ±  2.2 ms - Child looking time
Nodes:  1042173
Pieces: 108112
makePieces time: 0.214135
Memory: 35.8 + 44.1 + 33.3 + 46.0 + 11.0 MB
 15.9 ±  4.3 ms - Greedy fill time
composePieces time: 1.60452
                                                                                