Running only task # 23
Using max depth 3
 |                                        | 0 / 416 (0.0%)Function count: 142
0.0197192
0.0209594
0.0299037
0.0317914
0.0338699
0.035913
0.0471076
0.0500057
0.0651634
0.0692931
0.0819338
0.0864243
0.0196196
0.0206792
0.0197449
0.0207784
 54.2 ±  0.0 ms - Piece loop time
 39.1 ± 34.8 ms - Set time
 46.7 ±  1.5 ms - Child looking time
0.0197882
0.0208557
0.0273821
363.4 ±  0.0 ms - Total time
336.8 ±  0.0 ms - Build f time
  9.6 ±  0.3 ms - Apply f time
286.0 ±  2.7 ms - Real f time 
 68.1 ±  7.4 ms - Add time
  1.7 ±  0.1 ms - Find child
  1.9 ±  0.2 ms - Add child
 57.0 ±  0.8 ms - Hash
 73.8 ± 38.8 ms - Map
  9.9 ±  0.3 ms - getState
0.0288848
0.0304763
0.0414591
404.9 ±  0.0 ms - Total time
365.7 ±  0.0 ms - Build f time
 13.2 ±  0.4 ms - Apply f time
314.7 ±  2.8 ms - Real f time 
 76.6 ±  7.4 ms - Add time
  3.1 ±  0.2 ms - Find child
  3.4 ±  0.2 ms - Add child
 65.2 ±  0.9 ms - Hash
 79.4 ± 38.8 ms - Map
 13.1 ±  0.4 ms - getState
0.0374385
0.0399943
0.0566665
461.6 ±  0.0 ms - Total time
403.2 ±  0.0 ms - Build f time
 18.1 ±  0.5 ms - Apply f time
351.0 ±  2.9 ms - Real f time 
 88.1 ±  7.4 ms - Add time
  4.7 ±  0.2 ms - Find child
  5.4 ±  0.3 ms - Add child
 74.8 ±  0.9 ms - Hash
 87.5 ± 38.8 ms - Map
 18.6 ±  0.8 ms - getState
0.0481984
0.0513031
0.0838011
545.4 ±  0.0 ms - Total time
451.4 ±  0.0 ms - Build f time
 25.4 ±  0.5 ms - Apply f time
395.5 ±  3.0 ms - Real f time 
109.9 ±  8.1 ms - Add time
  7.1 ±  0.3 ms - Find child
  8.4 ±  0.3 ms - Add child
 90.3 ±  1.0 ms - Hash
100.0 ± 38.9 ms - Map
 26.1 ±  0.8 ms - getState
0.0680082
0.0720356
0.116523
662.0 ±  0.0 ms - Total time
519.4 ±  0.0 ms - Build f time
 33.8 ±  0.6 ms - Apply f time
455.1 ±  3.2 ms - Real f time 
136.7 ±  8.9 ms - Add time
  9.5 ±  0.4 ms - Find child
 11.5 ±  0.4 ms - Add child
113.8 ±  1.1 ms - Hash
113.5 ± 38.9 ms - Map
 36.9 ±  0.9 ms - getState
0.0774063
0.0820506
0.137477
799.5 ±  0.0 ms - Total time
596.8 ±  0.0 ms - Build f time
 44.0 ±  0.7 ms - Apply f time
521.6 ±  3.5 ms - Real f time 
167.1 ±  9.0 ms - Add time
 12.1 ±  0.4 ms - Find child
 15.6 ±  0.6 ms - Add child
142.5 ±  1.2 ms - Hash
129.8 ± 38.9 ms - Map
 50.6 ±  0.9 ms - getState
0.0196406
0.0206892
0.0274258
827.0 ±  0.0 ms - Total time
616.4 ±  0.0 ms - Build f time
 46.5 ±  0.7 ms - Apply f time
541.1 ±  3.5 ms - Real f time 
173.0 ±  9.0 ms - Add time
 13.0 ±  0.4 ms - Find child
 16.5 ±  0.6 ms - Add child
147.6 ±  1.3 ms - Hash
133.2 ± 38.9 ms - Map
 52.4 ±  0.9 ms - getState
0.020536
0.021829
0.0285728
855.6 ±  0.0 ms - Total time
637.0 ±  0.0 ms - Build f time
 48.9 ±  0.7 ms - Apply f time
561.1 ±  3.6 ms - Real f time 
178.7 ±  9.0 ms - Add time
 13.9 ±  0.4 ms - Find child
 17.5 ±  0.6 ms - Add child
153.0 ±  1.3 ms - Hash
136.7 ± 38.9 ms - Map
 54.3 ±  0.9 ms - getState
Dag sizes: 18687 31943 43589 67792 68502 80261 18746 18817 
brutePieces time: 0.524818
138.9 ±  0.0 ms - Piece loop time
 53.3 ± 35.2 ms - Set time
111.1 ±  1.6 ms - Child looking time
Nodes:  348337
Pieces: 73733
makePieces time: 0.140077
Memory: 3.4 + 19.0 + 11.1 + 39.1 + 5.8 MB
  6.9 ±  0.8 ms - Greedy fill time
composePieces time: 0.862932
                                                                                