Running only task # 194
Using max depth 3
 |                                        | 0 / 416 (0.0%)Function count: 142
0.0492496
0.0531712
0.0563934
0.0602017
0.0613178
0.0654963
0.0556478
0.0601085
0.125883
0.135321
 30.4 ±  0.0 ms - Piece loop time
 49.4 ± 45.0 ms - Set time
 24.8 ±  1.1 ms - Child looking time
0.050871
0.0547228
0.0871597
461.6 ±  0.0 ms - Total time
399.4 ±  0.0 ms - Build f time
 14.4 ±  0.5 ms - Apply f time
324.3 ±  6.4 ms - Real f time 
 79.0 ±  2.5 ms - Add time
  2.0 ±  0.2 ms - Find child
  3.4 ±  0.2 ms - Add child
 86.1 ±  7.5 ms - Hash
 72.5 ± 40.6 ms - Map
 21.7 ±  1.9 ms - getState
0.064239
0.070455
0.111355
573.0 ±  0.0 ms - Total time
463.6 ±  0.0 ms - Build f time
 23.4 ±  0.6 ms - Apply f time
380.5 ±  6.6 ms - Real f time 
100.5 ±  2.6 ms - Add time
  3.9 ±  0.2 ms - Find child
  5.8 ±  0.3 ms - Add child
107.3 ±  7.6 ms - Hash
 82.5 ± 40.6 ms - Map
 34.2 ±  2.1 ms - getState
0.0638401
0.0679843
0.10574
678.8 ±  0.0 ms - Total time
527.4 ±  0.0 ms - Build f time
 30.3 ±  0.6 ms - Apply f time
434.0 ±  6.7 ms - Real f time 
122.0 ±  2.7 ms - Add time
  5.5 ±  0.3 ms - Find child
  8.0 ±  0.3 ms - Add child
130.1 ±  7.6 ms - Hash
129.4 ± 56.6 ms - Map
 44.6 ±  2.1 ms - getState
0.0562586
0.0607301
0.0895758
768.4 ±  0.0 ms - Total time
583.7 ±  0.0 ms - Build f time
 38.1 ±  0.7 ms - Apply f time
484.5 ±  6.8 ms - Real f time 
141.3 ±  2.9 ms - Add time
  7.8 ±  0.3 ms - Find child
 10.8 ±  0.4 ms - Add child
146.3 ±  7.6 ms - Hash
138.9 ± 56.7 ms - Map
 52.9 ±  2.1 ms - getState
0.129226
0.137222
0.213535
982.0 ±  0.0 ms - Total time
712.9 ±  0.0 ms - Build f time
 49.1 ±  0.8 ms - Apply f time
595.7 ±  7.5 ms - Real f time 
184.9 ±  3.2 ms - Add time
 10.1 ±  0.4 ms - Find child
 13.7 ±  0.4 ms - Add child
195.1 ±  7.7 ms - Hash
151.3 ± 56.7 ms - Map
 73.8 ±  2.2 ms - getState
Dag sizes: 45775 47646 48130 59029 68363 
brutePieces time: 0.612033
 67.1 ±  0.0 ms - Piece loop time
 47.0 ± 36.0 ms - Set time
 53.3 ±  1.1 ms - Child looking time
Nodes:  268943
Pieces: 68633
makePieces time: 0.0680632
Memory: 5.1 + 12.2 + 8.6 + 25.3 + 3.5 MB
 16.4 ±  1.0 ms - Greedy fill time
composePieces time: 0.960779
                                                                                