Running only task # 282
Using max depth 3
 |                                        | 0 / 416 (0.0%)Function count: 142
0.0440722
0.0490391
0.059556
0.0671308
0.0719266
0.0808697
0.0724418
0.0818085
0.0741984
0.0826357
0.0640846
0.0720752
0.0787637
0.0885271
 56.3 ±  0.0 ms - Piece loop time
 43.5 ± 35.0 ms - Set time
 47.5 ±  1.5 ms - Child looking time
0.0432753
0.0477222
0.0532914
575.6 ±  0.0 ms - Total time
508.3 ±  0.0 ms - Build f time
 23.6 ±  0.6 ms - Apply f time
453.4 ±  3.1 ms - Real f time 
105.4 ±  3.2 ms - Add time
  2.8 ±  0.2 ms - Find child
  4.2 ±  0.2 ms - Add child
 72.5 ±  2.5 ms - Hash
133.0 ± 53.4 ms - Map
 20.9 ±  0.4 ms - getState
0.0572872
0.0643252
0.0741685
649.8 ±  0.0 ms - Total time
565.6 ±  0.0 ms - Build f time
 28.7 ±  0.7 ms - Apply f time
506.1 ±  3.3 ms - Real f time 
119.2 ±  3.2 ms - Add time
  4.0 ±  0.2 ms - Find child
  5.8 ±  0.3 ms - Add child
 83.1 ±  2.5 ms - Hash
141.3 ± 53.4 ms - Map
 27.1 ±  0.5 ms - getState
0.0684618
0.0770234
0.0877918
737.6 ±  0.0 ms - Total time
634.1 ±  0.0 ms - Build f time
 34.5 ±  0.7 ms - Apply f time
571.1 ±  3.5 ms - Real f time 
135.5 ±  3.2 ms - Add time
  5.4 ±  0.3 ms - Find child
  7.4 ±  0.3 ms - Add child
 95.1 ±  2.5 ms - Hash
167.0 ± 55.9 ms - Map
 34.3 ±  0.5 ms - getState
0.0698478
0.0785632
0.0904774
828.1 ±  0.0 ms - Total time
703.9 ±  0.0 ms - Build f time
 39.9 ±  0.8 ms - Apply f time
637.0 ±  3.7 ms - Real f time 
152.8 ±  3.3 ms - Add time
  6.9 ±  0.3 ms - Find child
  9.6 ±  0.4 ms - Add child
107.4 ±  2.6 ms - Hash
175.6 ± 55.9 ms - Map
 41.8 ±  0.6 ms - getState
0.0754993
0.0842194
0.0987578
926.9 ±  0.0 ms - Total time
779.4 ±  0.0 ms - Build f time
 46.0 ±  0.8 ms - Apply f time
706.7 ±  3.8 ms - Real f time 
171.0 ±  3.3 ms - Add time
  8.5 ±  0.3 ms - Find child
 11.6 ±  0.4 ms - Add child
120.3 ±  2.6 ms - Hash
188.0 ± 55.9 ms - Map
 49.2 ±  0.6 ms - getState
0.0624289
0.069981
0.079393
1006.3 ±  0.0 ms - Total time
841.8 ±  0.0 ms - Build f time
 51.0 ±  0.9 ms - Apply f time
764.4 ±  3.9 ms - Real f time 
185.2 ±  3.4 ms - Add time
  9.7 ±  0.4 ms - Find child
 13.4 ±  0.4 ms - Add child
130.5 ±  2.6 ms - Hash
195.7 ± 55.9 ms - Map
 55.0 ±  0.7 ms - getState
0.108148
0.12316
0.138963
1145.3 ±  0.0 ms - Total time
950.0 ±  0.0 ms - Build f time
 59.3 ±  0.9 ms - Apply f time
871.9 ± 14.9 ms - Real f time 
210.6 ±  3.5 ms - Add time
 11.0 ±  0.4 ms - Find child
 15.8 ±  0.5 ms - Add child
146.3 ±  2.6 ms - Hash
207.2 ± 55.9 ms - Map
 67.0 ±  1.4 ms - getState
Dag sizes: 31566 45871 50148 53175 53860 45847 58303 
brutePieces time: 0.62708
 72.8 ±  0.0 ms - Piece loop time
 48.9 ± 38.0 ms - Set time
 58.4 ±  1.6 ms - Child looking time
Nodes:  338770
Pieces: 29
makePieces time: 0.0736467
Memory: 2.6 + 22.6 + 10.8 + 34.8 + 3.2 MB
  0.0 ±  0.0 ms - Greedy fill time
composePieces time: 0.00503271
                                                                                