Running only task # 167
Using max depth 3
 |                                        | 0 / 416 (0.0%)Function count: 142
0.0450659
0.0479705
0.0553383
0.0585566
0.0517014
0.0545791
0.0618873
0.0655036
 15.7 ±  0.0 ms - Piece loop time
 39.6 ± 36.1 ms - Set time
 11.9 ±  1.0 ms - Child looking time
0.0442968
0.0468341
0.056622
283.3 ±  0.0 ms - Total time
258.3 ±  0.0 ms - Build f time
  6.9 ±  0.3 ms - Apply f time
220.2 ±  2.4 ms - Real f time 
 48.5 ±  6.2 ms - Add time
  1.5 ±  0.1 ms - Find child
  2.0 ±  0.2 ms - Add child
 51.2 ±  2.4 ms - Hash
 95.3 ± 52.4 ms - Map
  8.2 ±  0.3 ms - getState
0.0566778
0.0599785
0.0748376
358.2 ±  0.0 ms - Total time
315.0 ±  0.0 ms - Build f time
 11.7 ±  0.4 ms - Apply f time
272.8 ±  2.9 ms - Real f time 
 61.7 ±  6.5 ms - Add time
  2.5 ±  0.2 ms - Find child
  3.3 ±  0.2 ms - Add child
 66.9 ±  2.5 ms - Hash
102.4 ± 52.4 ms - Map
 12.4 ±  0.3 ms - getState
0.0539363
0.056942
0.0719817
430.2 ±  0.0 ms - Total time
368.9 ±  0.0 ms - Build f time
 15.4 ±  0.4 ms - Apply f time
320.2 ±  3.1 ms - Real f time 
 73.4 ±  6.5 ms - Add time
  3.7 ±  0.2 ms - Find child
  4.8 ±  0.2 ms - Add child
 81.4 ±  2.5 ms - Hash
109.5 ± 52.3 ms - Map
 16.4 ±  0.4 ms - getState
0.0649333
0.068734
0.0857869
516.0 ±  0.0 ms - Total time
433.8 ±  0.0 ms - Build f time
 20.2 ±  0.5 ms - Apply f time
378.3 ±  3.3 ms - Real f time 
 86.7 ±  6.5 ms - Add time
  4.9 ±  0.3 ms - Find child
  6.5 ±  0.3 ms - Add child
 98.0 ±  2.5 ms - Hash
117.1 ± 52.3 ms - Map
 21.4 ±  0.4 ms - getState
Dag sizes: 24565 33238 32672 38504 
brutePieces time: 0.291899
 22.4 ±  0.0 ms - Piece loop time
 39.0 ± 34.6 ms - Set time
 17.2 ±  0.8 ms - Child looking time
Nodes:  128979
Pieces: 26240
makePieces time: 0.0232157
Memory: 1.4 + 8.3 + 4.1 + 18.8 + 1.2 MB
  2.8 ±  0.0 ms - Greedy fill time
composePieces time: 0.100804
                                                                                