Running only task # 33
Using max depth 3
 |                                        | 0 / 416 (0.0%)Function count: 142
0.0616329
0.0654448
0.0655821
0.0696019
0.0704294
0.0753979
0.0673303
0.0716647
0.0643675
0.0686122
 21.3 ±  0.0 ms - Piece loop time
 43.7 ± 40.0 ms - Set time
 17.0 ±  1.0 ms - Child looking time
0.0627154
0.0662838
0.13488
485.7 ±  0.0 ms - Total time
392.1 ±  0.0 ms - Build f time
 20.9 ±  0.5 ms - Apply f time
329.1 ±  3.5 ms - Real f time 
 92.4 ±  3.3 ms - Add time
  4.4 ±  0.2 ms - Find child
  6.1 ±  0.3 ms - Add child
 86.7 ±  1.3 ms - Hash
 76.9 ± 37.1 ms - Map
 23.2 ±  0.5 ms - getState
0.0670145
0.071243
0.148909
634.7 ±  0.0 ms - Total time
459.1 ±  0.0 ms - Build f time
 34.3 ±  0.6 ms - Apply f time
391.2 ±  3.7 ms - Real f time 
130.8 ±  3.4 ms - Add time
  8.2 ±  0.3 ms - Find child
 11.1 ±  0.4 ms - Add child
117.4 ±  1.4 ms - Hash
 92.2 ± 37.2 ms - Map
 40.2 ±  0.6 ms - getState
0.0726908
0.0776092
0.169146
803.9 ±  0.0 ms - Total time
531.8 ±  0.0 ms - Build f time
 50.7 ±  0.8 ms - Apply f time
460.8 ±  3.9 ms - Real f time 
237.3 ± 61.0 ms - Add time
 12.6 ±  0.4 ms - Find child
 17.2 ±  0.5 ms - Add child
153.2 ±  1.5 ms - Hash
110.5 ± 37.2 ms - Map
 60.3 ±  0.7 ms - getState
0.0767196
0.0814547
0.167479
971.4 ±  0.0 ms - Total time
608.5 ±  0.0 ms - Build f time
 66.4 ±  1.1 ms - Apply f time
533.3 ±  4.2 ms - Real f time 
281.1 ± 61.0 ms - Add time
 17.0 ±  0.5 ms - Find child
 22.9 ±  0.5 ms - Add child
185.7 ±  1.6 ms - Hash
129.2 ± 37.2 ms - Map
 79.5 ±  0.9 ms - getState
0.0666379
0.0709136
0.155052
1126.5 ±  0.0 ms - Total time
675.1 ±  0.0 ms - Build f time
 80.3 ±  1.1 ms - Apply f time
596.0 ±  4.3 ms - Real f time 
322.3 ± 61.0 ms - Add time
 21.1 ±  0.5 ms - Find child
 28.4 ±  0.6 ms - Add child
218.0 ±  1.7 ms - Hash
146.1 ± 37.2 ms - Map
 98.0 ±  1.0 ms - getState
Dag sizes: 122909 133369 157862 148297 140339 
brutePieces time: 0.779155
 85.2 ±  0.0 ms - Piece loop time
 62.9 ± 42.4 ms - Set time
 60.8 ±  1.2 ms - Child looking time
Nodes:  702776
Pieces: 142151
makePieces time: 0.0865064
Memory: 8.2 + 26.0 + 22.5 + 32.2 + 6.9 MB
  7.1 ±  0.0 ms - Greedy fill time
composePieces time: 0.908793
                                                                                