Running only task # 324
Using max depth 23
 |                                        | 0 / 416 (0.0%)Function count: 142
0.0148856
0.0162919
0.018243
0.01984
0.0324872
0.0360666
0.0154784
0.0168332
0.0193079
0.0212528
0.0323087
0.0355693
0.0242944
0.0266516
 32.7 ±  0.0 ms - Piece loop time
 49.8 ± 46.7 ms - Set time
 28.8 ±  1.1 ms - Child looking time
0.0217929
0.0235797
0.0377098
210.4 ±  0.0 ms - Total time
178.8 ±  0.0 ms - Build f time
 10.5 ±  0.7 ms - Apply f time
164.2 ±  1.5 ms - Real f time 
 45.2 ±  2.0 ms - Add time
  3.0 ±  0.5 ms - Find child
  3.3 ±  0.2 ms - Add child
 29.2 ±  0.7 ms - Hash
 72.3 ± 44.4 ms - Map
  9.1 ±  0.3 ms - getState
0.0273252
0.0296572
0.0487466
259.2 ±  0.0 ms - Total time
206.1 ±  0.0 ms - Build f time
 16.2 ±  0.8 ms - Apply f time
191.8 ±  1.6 ms - Real f time 
 57.2 ±  2.1 ms - Add time
  5.2 ±  0.5 ms - Find child
  6.6 ±  0.3 ms - Add child
 37.1 ±  0.8 ms - Hash
 80.4 ± 44.3 ms - Map
 14.0 ±  0.3 ms - getState
0.0478142
0.0522542
0.0864547
345.7 ±  0.0 ms - Total time
253.9 ±  0.0 ms - Build f time
 26.5 ±  0.8 ms - Apply f time
238.4 ±  1.8 ms - Real f time 
 78.1 ±  2.2 ms - Add time
 11.1 ±  2.3 ms - Find child
 11.8 ±  0.4 ms - Add child
 50.2 ±  1.0 ms - Hash
 94.4 ± 44.4 ms - Map
 22.5 ±  0.4 ms - getState
0.0210657
0.0228374
0.0366631
382.4 ±  0.0 ms - Total time
275.0 ±  0.0 ms - Build f time
 30.9 ±  0.9 ms - Apply f time
260.4 ±  1.8 ms - Real f time 
 87.4 ±  2.2 ms - Add time
 12.9 ±  2.3 ms - Find child
 14.5 ±  0.5 ms - Add child
 56.5 ±  1.0 ms - Hash
100.2 ± 44.4 ms - Map
 26.2 ±  0.5 ms - getState
0.0280033
0.0303716
0.0496597
432.1 ±  0.0 ms - Total time
303.0 ±  0.0 ms - Build f time
 36.9 ±  0.9 ms - Apply f time
287.4 ±  1.9 ms - Real f time 
 99.9 ±  2.3 ms - Add time
 15.1 ±  2.3 ms - Find child
 18.0 ±  0.5 ms - Add child
 64.6 ±  1.1 ms - Hash
108.4 ± 44.4 ms - Map
 31.1 ±  0.5 ms - getState
0.0479293
0.0523186
0.0862465
518.4 ±  0.0 ms - Total time
350.9 ±  0.0 ms - Build f time
 46.8 ±  1.0 ms - Apply f time
333.7 ±  2.1 ms - Real f time 
121.2 ±  2.5 ms - Add time
 18.9 ±  2.3 ms - Find child
 23.4 ±  0.7 ms - Add child
 77.9 ±  1.1 ms - Hash
122.6 ± 44.4 ms - Map
 39.8 ±  0.6 ms - getState
0.0333695
0.0364019
0.0619041
580.3 ±  0.0 ms - Total time
384.3 ±  0.0 ms - Build f time
 53.7 ±  1.0 ms - Apply f time
366.9 ±  2.2 ms - Real f time 
136.9 ±  2.5 ms - Add time
 21.6 ±  2.3 ms - Find child
 27.6 ±  0.7 ms - Add child
 87.5 ±  1.2 ms - Hash
133.7 ± 44.4 ms - Map
 46.4 ±  0.6 ms - getState
Dag sizes: 36843 49181 78115 36840 49171 78058 59541 
brutePieces time: 0.412057
107.1 ±  0.0 ms - Piece loop time
 56.7 ± 37.0 ms - Set time
 80.7 ±  1.8 ms - Child looking time
Nodes:  387749
Pieces: 76136
makePieces time: 0.108231
Memory: 1.9 + 21.4 + 12.4 + 35.6 + 5.5 MB
  3.0 ±  0.3 ms - Greedy fill time
composePieces time: 0.544319
                                                                                