Running only task # 74
Using max depth 4
 |                                        | 0 / 416 (0.0%)Function count: 142
0.0108175
0.0118441
0.0140028
0.015445
0.0080045
0.0085564
0.0139256
0.0151643
0.0135461
0.0147286
 19.5 ±  0.0 ms - Piece loop time
 42.4 ± 40.2 ms - Set time
 16.9 ±  1.0 ms - Child looking time
0.14216
0.151862
0.163388
229.2 ±  0.0 ms - Total time
202.5 ±  0.0 ms - Build f time
  8.4 ±  0.3 ms - Apply f time
196.7 ±  1.8 ms - Real f time 
 33.6 ±  0.9 ms - Add time
  2.6 ±  0.2 ms - Find child
  3.7 ±  0.3 ms - Add child
 36.3 ±  1.5 ms - Hash
 66.8 ± 35.6 ms - Map
  8.7 ±  0.3 ms - getState
0.203946
0.218117
0.232598
461.9 ±  0.0 ms - Total time
406.4 ±  0.0 ms - Build f time
 18.1 ±  0.4 ms - Apply f time
395.0 ±  2.5 ms - Real f time 
 90.3 ± 22.6 ms - Add time
  5.6 ±  0.3 ms - Find child
  7.5 ±  0.3 ms - Add child
 69.6 ±  1.6 ms - Hash
101.9 ± 35.7 ms - Map
 26.7 ±  8.6 ms - getState
0.0862875
0.090748
0.0971923
559.1 ±  0.0 ms - Total time
492.7 ±  0.0 ms - Build f time
 21.3 ±  0.5 ms - Apply f time
477.9 ±  2.7 ms - Real f time 
103.9 ± 22.6 ms - Add time
  7.0 ±  0.3 ms - Find child
  8.7 ±  0.4 ms - Add child
 85.4 ±  1.7 ms - Hash
116.8 ± 35.7 ms - Map
 30.6 ±  8.7 ms - getState
0.1997
0.213478
0.225608
784.7 ±  0.0 ms - Total time
692.4 ±  0.0 ms - Build f time
 31.2 ±  1.7 ms - Apply f time
672.8 ±  3.1 ms - Real f time 
136.5 ± 22.6 ms - Add time
  9.8 ±  0.4 ms - Find child
 11.5 ±  0.4 ms - Add child
117.4 ±  1.8 ms - Hash
147.4 ± 35.7 ms - Map
 39.6 ±  8.7 ms - getState
0.169796
0.179616
0.192465
977.2 ±  0.0 ms - Total time
862.2 ±  0.0 ms - Build f time
 38.0 ±  1.8 ms - Apply f time
841.0 ±  3.4 ms - Real f time 
162.9 ± 22.6 ms - Add time
 12.1 ±  0.4 ms - Find child
 15.1 ±  0.8 ms - Add child
145.6 ±  1.9 ms - Hash
173.8 ± 35.6 ms - Map
 47.0 ±  8.8 ms - getState
Dag sizes: 64143 89615 36282 77562 69488 
brutePieces time: 0.915175
495.3 ±  0.0 ms - Piece loop time
105.3 ± 35.9 ms - Set time
394.0 ±  5.0 ms - Child looking time
Nodes:  337090
Pieces: 84125
makePieces time: 0.4965
Memory: 1.4 + 42.0 + 10.8 + 26.4 + 11.6 MB
  1.2 ±  0.0 ms - Greedy fill time
composePieces time: 0.195974
                                                                                