Running only task # 175
Using max depth 33
 |                                        | 0 / 416 (0.0%)Function count: 142
0.0460534
0.0502417
0.0703822
0.0768159
0.0766447
0.0830558
0.0910145
0.0986561
0.0474679
0.0515719
0.0675017
0.0737589
0.0768464
0.0833096
0.0913414
0.0996022
0.10675
0.115092
 68.6 ±  0.0 ms - Piece loop time
 45.4 ± 36.7 ms - Set time
 57.2 ±  1.6 ms - Child looking time
0.0472282
0.0514386
0.0795967
811.9 ±  0.0 ms - Total time
721.2 ±  0.0 ms - Build f time
 26.8 ±  0.5 ms - Apply f time
590.9 ±  4.7 ms - Real f time 
156.5 ± 15.5 ms - Add time
  3.7 ±  0.2 ms - Find child
  5.9 ±  0.4 ms - Add child
130.4 ±  1.2 ms - Hash
106.1 ± 38.3 ms - Map
 27.5 ±  0.5 ms - getState
0.0686543
0.0747024
0.122877
934.8 ±  0.0 ms - Total time
789.9 ±  0.0 ms - Build f time
 37.7 ±  0.7 ms - Apply f time
654.7 ±  4.8 ms - Real f time 
185.8 ± 15.7 ms - Add time
  6.8 ±  0.3 ms - Find child
 10.0 ±  0.5 ms - Add child
153.6 ±  1.3 ms - Hash
141.1 ± 42.1 ms - Map
 40.0 ±  0.6 ms - getState
0.078139
0.0844245
0.141335
1076.2 ±  0.0 ms - Total time
868.0 ±  0.0 ms - Build f time
 49.7 ±  0.8 ms - Apply f time
724.5 ±  5.0 ms - Real f time 
217.9 ± 15.7 ms - Add time
  9.9 ±  0.4 ms - Find child
 14.6 ±  0.5 ms - Add child
182.0 ±  1.5 ms - Hash
157.2 ± 42.1 ms - Map
 55.9 ±  1.0 ms - getState
0.0932161
0.100659
0.182433
1258.7 ±  0.0 ms - Total time
961.2 ±  0.0 ms - Build f time
 64.4 ±  0.9 ms - Apply f time
806.8 ±  5.2 ms - Real f time 
260.0 ± 15.7 ms - Add time
 13.5 ±  0.4 ms - Find child
 18.6 ±  0.6 ms - Add child
219.8 ±  1.9 ms - Hash
174.5 ± 42.0 ms - Map
 77.5 ±  1.1 ms - getState
0.0473185
0.0515203
0.0841791
1342.9 ±  0.0 ms - Total time
1008.6 ±  0.0 ms - Build f time
 72.3 ±  0.9 ms - Apply f time
851.0 ±  5.3 ms - Real f time 
278.4 ± 15.7 ms - Add time
 15.9 ±  0.4 ms - Find child
 21.9 ±  0.6 ms - Add child
234.8 ±  1.9 ms - Hash
186.6 ± 42.1 ms - Map
 85.7 ±  1.1 ms - getState
0.0695787
0.0761664
0.1246
1467.6 ±  0.0 ms - Total time
1078.1 ±  0.0 ms - Build f time
 82.9 ±  1.0 ms - Apply f time
914.1 ±  5.4 ms - Real f time 
305.9 ± 15.8 ms - Add time
 19.1 ±  0.5 ms - Find child
 26.1 ±  0.7 ms - Add child
257.8 ±  2.0 ms - Hash
202.5 ± 42.0 ms - Map
 99.2 ±  1.2 ms - getState
0.0779817
0.0843295
0.143811
1611.4 ±  0.0 ms - Total time
1156.1 ±  0.0 ms - Build f time
 95.5 ±  1.0 ms - Apply f time
987.2 ±  5.6 ms - Real f time 
339.0 ± 15.8 ms - Add time
 22.3 ±  0.5 ms - Find child
 31.1 ±  0.7 ms - Add child
284.1 ±  2.1 ms - Hash
218.8 ± 42.0 ms - Map
114.4 ±  1.3 ms - getState
0.0954814
0.10361
0.180673
1792.1 ±  0.0 ms - Total time
1251.6 ±  0.0 ms - Build f time
108.9 ±  1.1 ms - Apply f time
1070.1 ±  5.8 ms - Real f time 
380.5 ± 15.8 ms - Add time
 25.7 ±  0.6 ms - Find child
 35.6 ±  0.7 ms - Add child
321.4 ±  2.1 ms - Hash
239.0 ± 42.0 ms - Map
134.2 ±  1.3 ms - getState
0.131994
0.140613
0.227942
2020.1 ±  0.0 ms - Total time
1383.6 ±  0.0 ms - Build f time
124.2 ±  1.2 ms - Apply f time
1183.4 ±  6.1 ms - Real f time 
428.4 ± 15.8 ms - Add time
 29.2 ±  0.6 ms - Find child
 40.7 ±  0.8 ms - Add child
364.6 ±  2.2 ms - Hash
261.2 ± 42.0 ms - Map
156.7 ±  1.4 ms - getState
Dag sizes: 68314 98238 111283 108561 72181 100728 109649 107636 126075 
brutePieces time: 1.29375
224.3 ±  0.0 ms - Piece loop time
 72.8 ± 36.3 ms - Set time
172.1 ±  2.4 ms - Child looking time
Nodes:  902665
Pieces: 142836
makePieces time: 0.225891
Memory: 10.5 + 35.8 + 28.9 + 52.2 + 12.3 MB
 21.9 ±  1.8 ms - Greedy fill time
composePieces time: 3.02583
                                                                                