Running only task # 223
Using max depth 3
 |                                        | 0 / 416 (0.0%)Function count: 142
0.301351
0.334644
0.363687
0.414892
0.297085
0.325129
0.33689
0.373124
 37.8 ±  0.0 ms - Piece loop time
 22.9 ± 16.0 ms - Set time
 29.9 ±  1.0 ms - Child looking time
0.301951
0.334998
0.636235
2084.2 ±  0.0 ms - Total time
1601.0 ±  0.0 ms - Build f time
 91.7 ±  1.7 ms - Apply f time
1431.8 ± 14.6 ms - Real f time 
370.5 ±  5.6 ms - Add time
  8.9 ±  0.3 ms - Find child
 13.0 ±  0.4 ms - Add child
278.9 ±  1.7 ms - Hash
179.0 ± 60.7 ms - Map
133.1 ±  1.9 ms - getState
0.353564
0.403672
0.775083
2859.3 ±  0.0 ms - Total time
1954.5 ±  0.0 ms - Build f time
147.5 ±  2.8 ms - Apply f time
1776.9 ± 16.7 ms - Real f time 
569.0 ±  6.2 ms - Add time
 16.8 ±  0.5 ms - Find child
 23.4 ±  0.5 ms - Add child
421.3 ±  2.1 ms - Hash
222.4 ± 60.9 ms - Map
233.6 ±  2.2 ms - getState
0.319181
0.347027
0.539384
3398.8 ±  0.0 ms - Total time
2273.7 ±  0.0 ms - Build f time
177.2 ±  2.9 ms - Apply f time
2100.9 ± 20.1 ms - Real f time 
679.8 ±  6.6 ms - Add time
 21.9 ±  0.5 ms - Find child
 30.0 ±  0.6 ms - Add child
510.5 ±  2.3 ms - Hash
249.0 ± 60.9 ms - Map
286.0 ±  2.4 ms - getState
0.346998
0.393184
0.6299
4028.7 ±  0.0 ms - Total time
2620.7 ±  0.0 ms - Build f time
217.9 ±  3.1 ms - Apply f time
2439.3 ± 21.8 ms - Real f time 
812.6 ±  7.2 ms - Add time
 27.9 ±  0.6 ms - Find child
 38.0 ±  0.7 ms - Add child
615.7 ±  2.6 ms - Hash
284.5 ± 60.8 ms - Map
355.3 ±  2.8 ms - getState
Dag sizes: 232221 293729 148172 182608 
brutePieces time: 2.58225
167.1 ±  0.0 ms - Piece loop time
 74.6 ± 16.8 ms - Set time
108.0 ±  1.4 ms - Child looking time
Nodes:  856730
Pieces: 251876
makePieces time: 0.168165
Memory: 30.7 + 28.6 + 27.4 + 30.5 + 10.4 MB
 12.9 ±  0.0 ms - Greedy fill time
composePieces time: 1.79659
                                                                                