Running only task # 108
Using max depth 23
 |                                        | 0 / 416 (0.0%)Function count: 142
0.214254
0.23504
0.245625
0.27149
0.0995181
0.110233
0.215869
0.23654
0.244338
0.269967
0.100462
0.111193
0.362269
0.399841
 44.4 ±  0.0 ms - Piece loop time
 45.4 ± 36.7 ms - Set time
 37.0 ±  4.6 ms - Child looking time
0.2155
0.236043
0.301543
1936.2 ±  0.0 ms - Total time
1697.8 ±  0.0 ms - Build f time
 65.9 ±  1.6 ms - Apply f time
1286.4 ± 13.9 ms - Real f time 
344.4 ± 27.2 ms - Add time
  5.0 ±  0.3 ms - Find child
  7.0 ±  0.3 ms - Add child
332.5 ±  3.3 ms - Hash
134.3 ± 43.6 ms - Map
 76.9 ±  1.2 ms - getState
0.2567
0.282048
0.357323
2293.5 ±  0.0 ms - Total time
1954.5 ±  0.0 ms - Build f time
 83.0 ±  1.7 ms - Apply f time
1489.2 ± 15.1 ms - Real f time 
413.6 ± 27.7 ms - Add time
  7.6 ±  0.3 ms - Find child
 11.5 ±  0.7 ms - Add child
400.9 ±  3.6 ms - Hash
154.4 ± 43.6 ms - Map
109.6 ±  1.5 ms - getState
0.102764
0.112428
0.147182
2440.8 ±  0.0 ms - Total time
2057.3 ±  0.0 ms - Build f time
109.2 ± 16.8 ms - Apply f time
1581.0 ± 15.3 ms - Real f time 
441.3 ± 27.7 ms - Add time
 10.1 ±  0.4 ms - Find child
 14.6 ±  0.7 ms - Add child
425.7 ±  3.8 ms - Hash
170.2 ± 43.7 ms - Map
123.1 ±  1.6 ms - getState
0.217831
0.238817
0.303953
2744.8 ±  0.0 ms - Total time
2275.1 ±  0.0 ms - Build f time
124.2 ± 16.8 ms - Apply f time
1755.8 ± 16.3 ms - Real f time 
494.9 ± 27.8 ms - Add time
 13.0 ±  0.4 ms - Find child
 18.3 ±  0.8 ms - Add child
484.1 ±  4.0 ms - Hash
188.7 ± 43.6 ms - Map
148.7 ±  1.7 ms - getState
0.255673
0.281166
0.358104
3102.9 ±  0.0 ms - Total time
2530.8 ±  0.0 ms - Build f time
142.4 ± 16.8 ms - Apply f time
1949.9 ± 17.0 ms - Real f time 
561.4 ± 27.8 ms - Add time
 16.0 ±  0.5 ms - Find child
 22.3 ±  0.8 ms - Add child
551.7 ±  4.2 ms - Hash
249.8 ± 58.9 ms - Map
182.4 ±  1.8 ms - getState
0.103644
0.113562
0.147104
3250.1 ±  0.0 ms - Total time
2634.4 ±  0.0 ms - Build f time
151.7 ± 16.9 ms - Apply f time
2039.2 ± 17.2 ms - Real f time 
589.4 ± 27.9 ms - Add time
 18.5 ±  0.5 ms - Find child
 25.6 ±  0.8 ms - Add child
576.1 ±  4.2 ms - Hash
264.3 ± 58.9 ms - Map
196.2 ±  1.9 ms - getState
0.375046
0.413348
0.529468
3779.6 ±  0.0 ms - Total time
3009.5 ±  0.0 ms - Build f time
176.6 ± 16.9 ms - Apply f time
2310.3 ± 18.5 ms - Real f time 
696.3 ± 28.3 ms - Add time
 22.4 ±  0.5 ms - Find child
 30.3 ±  0.8 ms - Add child
679.0 ±  4.5 ms - Hash
292.1 ± 59.0 ms - Map
246.0 ±  2.2 ms - getState
Dag sizes: 75609 85589 64930 75614 85552 64904 103280 
brutePieces time: 2.15007
101.1 ±  0.0 ms - Piece loop time
 35.7 ± 17.0 ms - Set time
 74.3 ±  1.6 ms - Child looking time
Nodes:  555478
Pieces: 22618
makePieces time: 0.101975
Memory: 19.0 + 30.1 + 17.8 + 38.2 + 4.9 MB
  2.3 ±  0.2 ms - Greedy fill time
composePieces time: 0.223396
                                                                                