Running only task # 348
Using max depth 3
 |                                        | 0 / 416 (0.0%)Function count: 142
0.0670271
0.0738769
0.112817
0.124746
0.14253
0.15543
0.168063
0.183961
0.241307
0.268082
 32.9 ±  0.0 ms - Piece loop time
 20.9 ± 14.6 ms - Set time
 24.9 ±  1.0 ms - Child looking time
0.0904657
0.0962105
0.115544
928.6 ±  0.0 ms - Total time
822.2 ±  0.0 ms - Build f time
 31.1 ±  1.1 ms - Apply f time
643.7 ±  6.0 ms - Real f time 
170.8 ± 13.9 ms - Add time
  3.5 ±  0.2 ms - Find child
  5.0 ±  0.2 ms - Add child
134.2 ±  1.2 ms - Hash
114.3 ± 47.8 ms - Map
 32.8 ±  0.8 ms - getState
0.112544
0.122708
0.164712
1093.3 ±  0.0 ms - Total time
934.8 ±  0.0 ms - Build f time
 44.2 ±  1.7 ms - Apply f time
745.8 ±  6.3 ms - Real f time 
202.9 ± 13.9 ms - Add time
  6.8 ±  0.3 ms - Find child
  9.5 ±  0.3 ms - Add child
160.5 ±  1.4 ms - Hash
130.8 ± 47.8 ms - Map
 48.8 ±  0.9 ms - getState
0.139954
0.152293
0.205955
1299.3 ±  0.0 ms - Total time
1074.7 ±  0.0 ms - Build f time
 58.1 ±  1.8 ms - Apply f time
860.1 ±  6.6 ms - Real f time 
242.5 ± 13.9 ms - Add time
 10.0 ±  0.4 ms - Find child
 15.1 ±  0.5 ms - Add child
197.2 ±  1.5 ms - Hash
150.0 ± 47.9 ms - Map
 68.8 ±  1.0 ms - getState
0.174676
0.1891
0.268912
1568.3 ±  0.0 ms - Total time
1249.4 ±  0.0 ms - Build f time
 75.5 ±  1.9 ms - Apply f time
1004.7 ±  7.3 ms - Real f time 
295.9 ± 14.0 ms - Add time
 14.0 ±  0.4 ms - Find child
 20.5 ±  0.6 ms - Add child
245.3 ±  1.6 ms - Hash
173.3 ± 47.8 ms - Map
 97.1 ±  1.2 ms - getState
0.256656
0.279367
0.418891
1987.2 ±  0.0 ms - Total time
1506.0 ±  0.0 ms - Build f time
100.0 ±  2.0 ms - Apply f time
1209.3 ± 10.7 ms - Real f time 
381.1 ± 14.0 ms - Add time
 19.1 ±  0.5 ms - Find child
 27.1 ±  0.6 ms - Add child
340.7 ± 14.8 ms - Hash
207.1 ± 47.9 ms - Map
144.1 ±  1.4 ms - getState
Dag sizes: 63895 97821 103007 132074 175466 
brutePieces time: 1.18416
104.4 ±  0.0 ms - Piece loop time
 44.3 ± 21.4 ms - Set time
 83.0 ±  3.4 ms - Child looking time
Nodes:  572263
Pieces: 78523
makePieces time: 0.105489
Memory: 9.6 + 26.6 + 18.3 + 30.1 + 5.9 MB
  0.9 ±  0.0 ms - Greedy fill time
composePieces time: 0.257756
                                                                                