Running only task # 248
Using max depth 3
 |                                        | 0 / 416 (0.0%)Function count: 142
0.182745
0.20568
0.236898
0.262648
0.218864
0.24667
0.208453
0.233096
 32.6 ±  0.0 ms - Piece loop time
 23.5 ± 15.3 ms - Set time
 23.3 ±  1.0 ms - Child looking time
0.183802
0.206247
0.461745
1410.0 ±  0.0 ms - Total time
1030.8 ±  0.0 ms - Build f time
 80.0 ±  1.3 ms - Apply f time
862.7 ± 12.4 ms - Real f time 
349.2 ± 35.5 ms - Add time
 13.2 ±  0.4 ms - Find child
 18.0 ±  0.5 ms - Add child
209.2 ±  1.5 ms - Hash
195.0 ± 53.4 ms - Map
101.3 ±  3.1 ms - getState
0.203551
0.229165
0.518007
1928.0 ±  0.0 ms - Total time
1234.3 ±  0.0 ms - Build f time
128.0 ±  1.6 ms - Apply f time
1059.7 ± 12.8 ms - Real f time 
489.2 ± 35.5 ms - Add time
 24.7 ±  0.6 ms - Find child
 35.5 ±  0.7 ms - Add child
307.1 ±  1.8 ms - Hash
272.0 ± 54.8 ms - Map
171.5 ±  3.2 ms - getState
0.224431
0.25166
0.553141
2481.2 ±  0.0 ms - Total time
1458.7 ±  0.0 ms - Build f time
180.2 ±  1.9 ms - Apply f time
1270.9 ± 13.1 ms - Real f time 
699.3 ± 68.9 ms - Add time
 37.4 ±  0.7 ms - Find child
 52.8 ±  0.8 ms - Add child
413.7 ±  2.4 ms - Hash
338.8 ± 54.8 ms - Map
244.3 ±  3.3 ms - getState
0.209478
0.234667
0.533378
3014.6 ±  0.0 ms - Total time
1668.2 ±  0.0 ms - Build f time
232.2 ±  2.0 ms - Apply f time
1474.1 ± 13.5 ms - Real f time 
840.5 ± 68.8 ms - Add time
 50.3 ±  0.8 ms - Find child
 70.9 ±  0.9 ms - Add child
513.7 ±  2.6 ms - Hash
398.1 ± 54.7 ms - Map
318.4 ±  3.6 ms - getState
Dag sizes: 339108 376915 390882 369380 
brutePieces time: 2.06837
133.0 ±  0.0 ms - Piece loop time
 62.9 ± 17.3 ms - Set time
 80.9 ±  1.5 ms - Child looking time
Nodes:  1476285
Pieces: 269341
makePieces time: 0.134024
Memory: 23.7 + 50.8 + 47.2 + 40.4 + 11.0 MB
 14.0 ±  0.0 ms - Greedy fill time
composePieces time: 1.47412
                                                                                