Running only task # 328
Using max depth 3
 |                                        | 0 / 416 (0.0%)Function count: 142
0.0145759
0.0155503
0.0160048
0.0170331
0.0102248
0.0107913
0.0179135
0.0191728
 18.1 ±  0.0 ms - Piece loop time
 43.4 ± 40.1 ms - Set time
 15.0 ±  0.6 ms - Child looking time
0.0266628
0.0280004
0.0356305
 98.3 ±  0.0 ms - Total time
 85.4 ±  0.0 ms - Build f time
  3.4 ±  0.2 ms - Apply f time
 80.5 ±  1.0 ms - Real f time 
 16.9 ±  1.3 ms - Add time
  1.0 ±  0.1 ms - Find child
  1.4 ±  0.1 ms - Add child
 17.4 ±  0.6 ms - Hash
 52.4 ± 39.0 ms - Map
  3.4 ±  0.2 ms - getState
0.0293666
0.0314634
0.0398185
138.2 ±  0.0 ms - Total time
114.7 ±  0.0 ms - Build f time
  6.0 ±  0.3 ms - Apply f time
108.6 ±  1.3 ms - Real f time 
 23.8 ±  1.4 ms - Add time
  1.8 ±  0.2 ms - Find child
  2.4 ±  0.2 ms - Add child
 24.3 ±  0.7 ms - Hash
 59.4 ± 39.1 ms - Map
  5.7 ±  0.2 ms - getState
0.0201303
0.0211909
0.0265487
164.7 ±  0.0 ms - Total time
134.9 ±  0.0 ms - Build f time
  7.8 ±  0.3 ms - Apply f time
126.3 ±  1.4 ms - Real f time 
 28.3 ±  1.4 ms - Add time
  2.3 ±  0.2 ms - Find child
  3.1 ±  0.2 ms - Add child
 28.5 ±  0.7 ms - Hash
 63.7 ± 39.0 ms - Map
  7.2 ±  0.3 ms - getState
0.0335843
0.0353518
0.0453464
210.1 ±  0.0 ms - Total time
168.5 ±  0.0 ms - Build f time
 10.6 ±  0.3 ms - Apply f time
156.3 ±  1.5 ms - Real f time 
 36.1 ±  1.4 ms - Add time
  3.2 ±  0.2 ms - Find child
  4.1 ±  0.2 ms - Add child
 36.4 ±  0.8 ms - Hash
 71.2 ± 39.0 ms - Map
  9.9 ±  0.3 ms - getState
Dag sizes: 20435 25090 15791 27306 
brutePieces time: 0.150737
 38.7 ±  0.0 ms - Piece loop time
 47.1 ± 39.2 ms - Set time
 31.5 ±  1.9 ms - Child looking time
Nodes:  88622
Pieces: 28062
makePieces time: 0.0396734
Memory: 0.5 + 6.2 + 2.8 + 18.2 + 1.4 MB
  0.3 ±  0.0 ms - Greedy fill time
composePieces time: 0.0356827
                                                                                