Running only task # 219
Using max depth 4
 |                                        | 0 / 416 (0.0%)Function count: 142
0.0841207
0.0905122
0.0635979
0.0684244
0.0498042
0.0522452
0.0453012
0.0474026
0.0696008
0.0748115
 28.0 ±  0.0 ms - Piece loop time
 42.5 ± 38.1 ms - Set time
 22.6 ±  0.9 ms - Child looking time
2.35422
2.56464
3.6098
3943.3 ±  0.0 ms - Total time
2666.6 ±  0.0 ms - Build f time
221.9 ±  1.9 ms - Apply f time
2319.6 ± 11.3 ms - Real f time 
694.1 ± 15.6 ms - Add time
 50.9 ±  0.9 ms - Find child
 73.5 ±  2.8 ms - Add child
633.8 ±  3.9 ms - Hash
580.8 ± 37.0 ms - Map
331.2 ±  3.6 ms - getState
1.64825
1.79122
2.47638
6419.8 ±  0.0 ms - Total time
4314.9 ±  0.0 ms - Build f time
378.6 ±  2.4 ms - Apply f time
3778.7 ± 13.6 ms - Real f time 
1105.9 ± 16.0 ms - Add time
 94.1 ±  1.2 ms - Find child
132.4 ±  3.0 ms - Add child
1020.4 ± 11.3 ms - Hash
1021.4 ± 37.4 ms - Map
533.9 ±  4.0 ms - getState
1.03831
1.09548
1.38641
7806.2 ±  0.0 ms - Total time
5353.2 ±  0.0 ms - Build f time
453.1 ±  2.6 ms - Apply f time
4706.4 ± 14.6 ms - Real f time 
1305.3 ± 16.1 ms - Add time
113.7 ±  1.3 ms - Find child
157.7 ±  3.1 ms - Add child
1275.0 ± 11.4 ms - Hash
1173.3 ± 37.4 ms - Map
621.5 ±  4.6 ms - getState
0.909723
0.960127
1.19274
8999.0 ±  0.0 ms - Total time
6262.9 ±  0.0 ms - Build f time
518.4 ±  2.8 ms - Apply f time
5534.0 ± 16.8 ms - Real f time 
1480.9 ± 16.2 ms - Add time
132.4 ±  1.4 ms - Find child
182.8 ±  3.1 ms - Add child
1490.6 ± 12.8 ms - Hash
1334.8 ± 37.5 ms - Map
692.0 ±  4.7 ms - getState
1.90301
2.07304
2.89982
11898.8 ±  0.0 ms - Total time
8165.9 ±  0.0 ms - Build f time
698.3 ±  3.3 ms - Apply f time
7206.0 ± 19.5 ms - Real f time 
2656.3 ± 534.9 ms - Add time
176.7 ±  1.6 ms - Find child
246.4 ±  3.5 ms - Add child
1949.5 ± 13.0 ms - Hash
1790.8 ± 37.7 ms - Map
934.0 ±  4.9 ms - getState
Dag sizes: 1676911 1387533 533505 524072 1533733 
brutePieces time: 11.5679
2575.3 ±  0.0 ms - Piece loop time
603.3 ± 15.8 ms - Set time
1838.7 ±  8.3 ms - Child looking time
Nodes:  5655754
Pieces: 1596699
makePieces time: 2.5818
Memory: 64.8 + 298.4 + 181.0 + 140.8 + 87.7 MB
 20.7 ±  0.0 ms - Greedy fill time
composePieces time: 7.8894
                                                                                