Running only task # 179
Using max depth 23
 |                                        | 0 / 416 (0.0%)Function count: 142
0.0219276
0.0238906
0.0272572
0.0293043
0.0324101
0.0348113
0.0294044
0.0318124
0.0212978
0.0229972
0.0263245
0.0283844
0.0309824
0.0331849
0.0290947
0.0315512
0.0451003
0.0485357
 48.9 ±  0.0 ms - Piece loop time
 42.9 ± 38.4 ms - Set time
 42.4 ±  1.4 ms - Child looking time
0.0309337
0.0328332
0.050046
334.7 ±  0.0 ms - Total time
294.7 ±  0.0 ms - Build f time
 12.4 ±  0.4 ms - Apply f time
260.8 ±  2.5 ms - Real f time 
 67.7 ±  5.1 ms - Add time
  2.7 ±  0.2 ms - Find child
  3.5 ±  0.2 ms - Add child
 51.7 ±  1.2 ms - Hash
 75.2 ± 37.0 ms - Map
 12.3 ±  0.3 ms - getState
0.0399588
0.0422256
0.0718319
406.6 ±  0.0 ms - Total time
334.7 ±  0.0 ms - Build f time
 19.8 ±  0.5 ms - Apply f time
302.2 ±  3.5 ms - Real f time 
 85.2 ±  5.1 ms - Add time
  5.0 ±  0.2 ms - Find child
  6.5 ±  0.3 ms - Add child
 64.3 ±  1.3 ms - Hash
 85.6 ± 37.0 ms - Map
 20.0 ±  0.4 ms - getState
0.0511587
0.0542367
0.0987396
505.4 ±  0.0 ms - Total time
385.8 ±  0.0 ms - Build f time
 30.1 ±  0.6 ms - Apply f time
350.9 ±  3.6 ms - Real f time 
108.9 ±  5.2 ms - Add time
  7.9 ±  0.3 ms - Find child
 10.8 ±  0.4 ms - Add child
 81.8 ±  1.3 ms - Hash
100.4 ± 37.0 ms - Map
 30.6 ±  0.6 ms - getState
0.0416955
0.0440875
0.077066
582.5 ±  0.0 ms - Total time
427.5 ±  0.0 ms - Build f time
 37.3 ±  0.7 ms - Apply f time
393.3 ±  4.8 ms - Real f time 
127.3 ±  5.2 ms - Add time
 10.2 ±  0.4 ms - Find child
 13.7 ±  0.4 ms - Add child
 96.1 ±  1.4 ms - Hash
110.3 ± 37.0 ms - Map
 38.9 ±  0.6 ms - getState
0.0314687
0.033574
0.0534044
635.9 ±  0.0 ms - Total time
459.0 ±  0.0 ms - Build f time
 42.7 ±  0.7 ms - Apply f time
425.6 ±  5.3 ms - Real f time 
139.2 ±  5.2 ms - Add time
 11.9 ±  0.4 ms - Find child
 16.0 ±  0.5 ms - Add child
105.0 ±  1.4 ms - Hash
119.1 ± 37.0 ms - Map
 43.6 ±  0.7 ms - getState
0.0421627
0.0446851
0.0760948
712.0 ±  0.0 ms - Total time
501.2 ±  0.0 ms - Build f time
 50.1 ±  0.8 ms - Apply f time
465.7 ±  5.3 ms - Real f time 
163.9 ±  8.4 ms - Add time
 13.9 ±  0.4 ms - Find child
 19.1 ±  0.5 ms - Add child
118.1 ±  1.7 ms - Hash
149.1 ± 41.0 ms - Map
 51.1 ±  0.7 ms - getState
0.0491448
0.0521489
0.0944706
806.6 ±  0.0 ms - Total time
550.3 ±  0.0 ms - Build f time
 61.6 ±  1.6 ms - Apply f time
513.4 ±  5.4 ms - Real f time 
186.7 ±  8.4 ms - Add time
 16.5 ±  0.5 ms - Find child
 23.8 ±  0.9 ms - Add child
135.0 ±  1.7 ms - Hash
162.6 ± 41.0 ms - Map
 62.2 ±  0.8 ms - getState
0.0523034
0.0561924
0.0936526
900.3 ±  0.0 ms - Total time
602.6 ±  0.0 ms - Build f time
 70.8 ±  1.6 ms - Apply f time
562.4 ±  5.5 ms - Real f time 
207.8 ±  8.4 ms - Add time
 19.4 ±  0.5 ms - Find child
 27.4 ±  0.9 ms - Add child
150.0 ±  1.8 ms - Hash
174.9 ± 41.0 ms - Map
 71.6 ±  0.8 ms - getState
0.0741765
0.0779153
0.163047
1063.4 ±  0.0 ms - Total time
676.8 ±  0.0 ms - Build f time
 85.7 ±  1.7 ms - Apply f time
633.8 ±  5.6 ms - Real f time 
250.6 ±  8.4 ms - Add time
 23.3 ±  0.5 ms - Find child
 33.5 ±  1.1 ms - Add child
182.6 ±  1.9 ms - Hash
195.8 ± 41.0 ms - Map
 90.8 ±  0.9 ms - getState
Dag sizes: 48526 72477 88215 68785 48603 72408 88109 68785 128499 
brutePieces time: 0.790343
172.4 ±  0.0 ms - Piece loop time
 70.0 ± 44.9 ms - Set time
133.9 ±  2.1 ms - Child looking time
Nodes:  684407
Pieces: 104969
makePieces time: 0.174078
Memory: 5.3 + 29.0 + 21.9 + 48.7 + 8.7 MB
 13.2 ±  0.9 ms - Greedy fill time
composePieces time: 1.57086
                                                                                