Running only task # 173
Using max depth 33
 |                                        | 0 / 416 (0.0%)Function count: 142
0.237587
0.262275
0.114518
0.125085
0.141318
0.155868
0.239759
0.277686
0.113772
0.128938
0.141264
0.155533
0.193109
0.215216
 45.4 ±  0.0 ms - Piece loop time
 54.7 ± 44.1 ms - Set time
 32.8 ±  1.4 ms - Child looking time
0.24143
0.265769
0.801906
2122.8 ±  0.0 ms - Total time
1422.8 ±  0.0 ms - Build f time
 99.4 ±  1.7 ms - Apply f time
1119.9 ± 10.8 ms - Real f time 
500.6 ±  7.6 ms - Add time
 11.6 ±  0.4 ms - Find child
 17.4 ±  0.5 ms - Add child
387.9 ±  7.7 ms - Hash
174.1 ± 42.9 ms - Map
167.6 ±  4.2 ms - getState
0.111783
0.122872
0.287593
2410.4 ±  0.0 ms - Total time
1534.5 ±  0.0 ms - Build f time
126.2 ±  1.8 ms - Apply f time
1232.5 ± 12.0 ms - Real f time 
587.7 ±  9.8 ms - Add time
 18.5 ±  0.5 ms - Find child
 26.2 ±  0.6 ms - Add child
446.0 ±  7.8 ms - Hash
206.6 ± 42.9 ms - Map
206.6 ±  4.3 ms - getState
0.142088
0.15604
0.435409
2845.9 ±  0.0 ms - Total time
1676.6 ±  0.0 ms - Build f time
162.1 ±  1.9 ms - Apply f time
1372.6 ± 12.2 ms - Real f time 
718.6 ±  9.9 ms - Add time
 26.5 ±  0.6 ms - Find child
 37.2 ±  0.7 ms - Add child
533.0 ±  7.8 ms - Hash
271.4 ± 45.9 ms - Map
271.6 ±  4.4 ms - getState
0.251533
0.275701
0.843285
3689.2 ±  0.0 ms - Total time
1928.2 ±  0.0 ms - Build f time
217.9 ±  2.1 ms - Apply f time
1603.4 ± 13.0 ms - Real f time 
1004.2 ± 10.7 ms - Add time
 36.2 ±  0.7 ms - Find child
 50.6 ±  0.8 ms - Add child
718.2 ±  8.0 ms - Hash
326.8 ± 45.9 ms - Map
400.2 ±  4.6 ms - getState
0.111918
0.122028
0.298324
3987.6 ±  0.0 ms - Total time
2040.1 ±  0.0 ms - Build f time
245.3 ±  2.2 ms - Apply f time
1711.1 ± 13.1 ms - Real f time 
1116.0 ± 20.3 ms - Add time
 42.5 ±  0.7 ms - Find child
 60.2 ±  0.9 ms - Add child
778.2 ±  8.0 ms - Hash
357.5 ± 45.9 ms - Map
441.7 ±  4.7 ms - getState
0.147736
0.161581
0.426729
4414.3 ±  0.0 ms - Total time
2187.8 ±  0.0 ms - Build f time
280.7 ±  2.3 ms - Apply f time
1853.8 ± 13.5 ms - Real f time 
1248.1 ± 21.5 ms - Add time
 50.3 ±  0.8 ms - Find child
 70.7 ±  0.9 ms - Add child
866.2 ±  8.4 ms - Hash
398.7 ± 45.9 ms - Map
503.7 ±  4.7 ms - getState
0.18273
0.201903
0.582389
4996.8 ±  0.0 ms - Total time
2370.5 ±  0.0 ms - Build f time
326.2 ±  2.5 ms - Apply f time
2028.7 ± 13.9 ms - Real f time 
1430.7 ± 21.6 ms - Add time
 58.7 ±  0.9 ms - Find child
 82.6 ±  1.0 ms - Add child
987.4 ±  8.4 ms - Hash
453.9 ± 46.0 ms - Map
591.0 ±  4.8 ms - getState
Dag sizes: 350903 243515 320019 370025 253406 302770 370805 
brutePieces time: 3.68
243.8 ±  0.0 ms - Piece loop time
 99.1 ± 15.9 ms - Set time
155.9 ±  2.3 ms - Child looking time
Nodes:  2211443
Pieces: 310480
makePieces time: 0.245856
Memory: 56.4 + 64.0 + 70.8 + 64.7 + 20.3 MB
 57.4 ±  4.4 ms - Greedy fill time
composePieces time: 9.78578
                                                                                