Running only task # 340
Using max depth 33
 |                                        | 0 / 416 (0.0%)Function count: 142
0.367959
0.423184
0.287752
0.328095
0.301849
0.344162
0.276194
0.31571
0.354277
0.407458
0.304204
0.344395
0.282925
0.322961
0.279942
0.324857
0.301306
0.347051
 92.9 ±  0.0 ms - Piece loop time
 35.2 ± 18.1 ms - Set time
 72.8 ±  2.5 ms - Child looking time
0.351546
0.404488
0.671793
3830.2 ±  0.0 ms - Total time
3107.9 ±  0.0 ms - Build f time
194.1 ±  3.2 ms - Apply f time
2601.3 ± 21.6 ms - Real f time 
850.5 ± 77.5 ms - Add time
 17.0 ±  0.5 ms - Find child
 26.0 ±  0.7 ms - Add child
439.8 ±  2.6 ms - Hash
294.9 ± 42.1 ms - Map
229.4 ±  2.6 ms - getState
0.291231
0.331556
0.590579
4420.9 ±  0.0 ms - Total time
3399.2 ±  0.0 ms - Build f time
242.2 ±  3.4 ms - Apply f time
2866.8 ± 22.0 ms - Real f time 
987.5 ± 77.4 ms - Add time
 28.0 ±  0.6 ms - Find child
 40.7 ±  0.8 ms - Add child
538.0 ±  2.8 ms - Hash
363.6 ± 42.1 ms - Map
304.6 ±  2.9 ms - getState
0.274111
0.314298
0.555152
4976.0 ±  0.0 ms - Total time
3673.3 ±  0.0 ms - Build f time
288.2 ±  3.5 ms - Apply f time
3120.0 ± 22.3 ms - Real f time 
1113.5 ± 77.5 ms - Add time
 39.6 ±  1.8 ms - Find child
 54.6 ±  0.9 ms - Add child
629.2 ±  3.4 ms - Hash
427.5 ± 42.1 ms - Map
375.9 ±  3.1 ms - getState
0.322896
0.362216
0.618231
5594.3 ±  0.0 ms - Total time
3996.2 ±  0.0 ms - Build f time
337.7 ±  3.7 ms - Apply f time
3410.0 ± 22.9 ms - Real f time 
1259.3 ± 77.6 ms - Add time
 50.4 ±  1.8 ms - Find child
 69.0 ±  1.0 ms - Add child
726.1 ±  3.5 ms - Hash
498.7 ± 42.1 ms - Map
445.3 ±  3.2 ms - getState
0.362786
0.421194
0.68896
6283.3 ±  0.0 ms - Total time
4359.0 ±  0.0 ms - Build f time
393.0 ±  3.9 ms - Apply f time
3736.9 ± 23.4 ms - Real f time 
1418.5 ± 77.7 ms - Add time
 61.8 ±  2.0 ms - Find child
 84.0 ±  1.1 ms - Add child
829.7 ±  3.7 ms - Hash
580.8 ± 43.8 ms - Map
530.4 ±  3.5 ms - getState
0.308311
0.348375
0.617885
6901.3 ±  0.0 ms - Total time
4667.3 ±  0.0 ms - Build f time
446.6 ±  4.2 ms - Apply f time
4021.7 ± 24.3 ms - Real f time 
1565.3 ± 77.7 ms - Add time
 73.5 ±  2.0 ms - Find child
 98.5 ±  1.2 ms - Add child
927.6 ±  3.8 ms - Hash
651.9 ± 43.8 ms - Map
603.4 ±  3.6 ms - getState
0.293848
0.33336
0.573664
7475.0 ±  0.0 ms - Total time
4961.1 ±  0.0 ms - Build f time
492.1 ±  4.3 ms - Apply f time
4284.6 ± 24.5 ms - Real f time 
1715.7 ± 79.2 ms - Add time
 83.9 ±  2.0 ms - Find child
112.4 ±  1.2 ms - Add child
1018.9 ±  3.9 ms - Hash
715.7 ± 43.9 ms - Map
670.9 ±  3.7 ms - getState
0.292905
0.333115
0.585386
8060.4 ±  0.0 ms - Total time
5254.0 ±  0.0 ms - Build f time
539.4 ±  4.4 ms - Apply f time
4556.9 ± 25.0 ms - Real f time 
1851.2 ± 79.2 ms - Add time
 94.5 ±  2.1 ms - Find child
126.4 ±  1.3 ms - Add child
1116.0 ±  4.1 ms - Hash
781.3 ± 43.9 ms - Map
741.9 ±  3.8 ms - getState
0.306238
0.350952
0.596954
8657.4 ±  0.0 ms - Total time
5560.3 ±  0.0 ms - Build f time
586.7 ±  4.8 ms - Apply f time
4842.4 ± 25.5 ms - Real f time 
1985.6 ± 79.2 ms - Add time
105.0 ±  2.1 ms - Find child
139.4 ±  1.4 ms - Add child
1207.4 ±  4.3 ms - Hash
848.3 ± 43.9 ms - Map
814.8 ±  3.9 ms - getState
Dag sizes: 320635 309589 293434 305010 320675 313329 291714 303365 296282 
brutePieces time: 5.50654
352.0 ±  0.0 ms - Piece loop time
132.1 ± 41.5 ms - Set time
231.0 ±  3.5 ms - Child looking time
Nodes:  2754033
Pieces: 317112
makePieces time: 0.354667
Memory: 52.7 + 105.0 + 88.1 + 81.8 + 23.2 MB
 72.7 ± 15.8 ms - Greedy fill time
composePieces time: 14.528
                                                                                