Running only task # 248
Using max depth 4
 |                                        | 0 / 416 (0.0%)Function count: 142
0.198883
0.222718
0.220768
0.246601
0.222592
0.250449
0.20807
0.232824
 33.3 ±  0.0 ms - Piece loop time
 25.7 ± 16.5 ms - Set time
 23.7 ±  1.0 ms - Child looking time
6.07892
6.82027
13.292
14244.8 ±  0.0 ms - Total time
6929.2 ±  0.0 ms - Build f time
1115.0 ± 17.8 ms - Apply f time
6368.1 ± 39.0 ms - Real f time 
3115.1 ± 28.7 ms - Add time
268.6 ±  2.9 ms - Find child
405.0 ± 17.0 ms - Add child
2379.1 ± 37.6 ms - Hash
2413.6 ± 56.8 ms - Map
1578.3 ± 19.0 ms - getState
6.44771
7.2401
14.2933
28538.1 ±  0.0 ms - Total time
13376.9 ±  0.0 ms - Build f time
2257.4 ± 19.8 ms - Apply f time
12461.1 ± 52.1 ms - Real f time 
6268.3 ± 36.6 ms - Add time
554.2 ± 14.1 ms - Find child
812.8 ± 17.2 ms - Add child
4736.7 ± 44.3 ms - Hash
4782.7 ± 61.3 ms - Map
3197.8 ± 19.7 ms - getState
7.28777
8.18068
15.5509
44089.1 ±  0.0 ms - Total time
20664.7 ±  0.0 ms - Build f time
3481.7 ± 22.1 ms - Apply f time
19159.5 ± 59.5 ms - Real f time 
9746.8 ± 55.1 ms - Add time
847.6 ± 14.5 ms - Find child
1256.3 ± 19.3 ms - Add child
7282.6 ± 47.5 ms - Hash
7671.7 ± 308.2 ms - Map
4943.9 ± 26.4 ms - getState
6.72403
7.57977
14.5581
58647.2 ±  0.0 ms - Total time
27388.8 ±  0.0 ms - Build f time
4657.0 ± 24.0 ms - Apply f time
25457.5 ± 64.6 ms - Real f time 
13004.7 ± 65.7 ms - Add time
1131.9 ± 14.7 ms - Find child
1678.1 ± 20.3 ms - Add child
9679.2 ± 48.5 ms - Hash
10081.1 ± 325.6 ms - Map
6622.4 ± 28.8 ms - getState
Dag sizes: 7355745 8142335 8378816 8106553 
brutePieces time: 57.6968
5577.3 ±  0.0 ms - Piece loop time
2434.5 ± 21.6 ms - Set time
2906.9 ± 10.6 ms - Child looking time
Nodes:  31983449
Pieces: 6223579
makePieces time: 5.59383
Memory: 540.5 + 1175.2 + 1023.5 + 780.2 + 274.6 MB
199.1 ±  0.0 ms - Greedy fill time
composePieces time: 30.0939
                                                                                