Running only task # 76
Using max depth 4
 |                                        | 0 / 416 (0.0%)Function count: 142
0.151945
0.159221
0.170482
0.179125
0.148194
0.155328
0.233085
0.244422
 11.6 ±  0.0 ms - Piece loop time
 40.5 ± 38.3 ms - Set time
  9.0 ±  0.6 ms - Child looking time
3.20463
3.38311
4.22123
4959.5 ±  0.0 ms - Total time
3908.3 ±  0.0 ms - Build f time
154.4 ±  2.0 ms - Apply f time
3102.8 ± 26.8 ms - Real f time 
685.4 ±  9.7 ms - Add time
 21.5 ±  2.1 ms - Find child
 27.7 ±  0.9 ms - Add child
1059.7 ±  4.5 ms - Hash
255.1 ± 36.8 ms - Map
253.2 ±  3.0 ms - getState
3.32823
3.5172
4.37975
9339.2 ±  0.0 ms - Total time
7236.6 ±  0.0 ms - Build f time
305.4 ±  2.8 ms - Apply f time
5750.0 ± 38.2 ms - Real f time 
1298.3 ± 17.2 ms - Add time
 41.5 ±  2.2 ms - Find child
 54.4 ±  1.1 ms - Add child
2019.9 ±  6.2 ms - Hash
452.0 ± 36.9 ms - Map
502.5 ±  3.8 ms - getState
3.11063
3.28601
4.10479
13444.1 ±  0.0 ms - Total time
10347.2 ±  0.0 ms - Build f time
446.1 ±  3.4 ms - Apply f time
8324.7 ± 54.4 ms - Real f time 
1874.3 ± 18.4 ms - Add time
 60.6 ±  2.2 ms - Find child
 78.5 ±  1.2 ms - Add child
2913.3 ±  7.1 ms - Hash
635.7 ± 37.0 ms - Map
732.7 ±  4.2 ms - getState
5.31911
5.61579
7.28754
20731.6 ±  0.0 ms - Total time
15666.3 ±  0.0 ms - Build f time
685.0 ±  4.2 ms - Apply f time
12429.2 ± 70.2 ms - Real f time 
2984.1 ± 21.6 ms - Add time
 88.5 ±  2.3 ms - Find child
116.5 ±  1.4 ms - Add child
4632.1 ±  9.8 ms - Hash
891.1 ± 37.2 ms - Map
1188.4 ±  5.3 ms - getState
Dag sizes: 535113 556919 534866 762776 
brutePieces time: 19.9953
625.7 ±  0.0 ms - Piece loop time
187.6 ± 20.5 ms - Set time
423.2 ±  3.8 ms - Child looking time
Nodes:  2389674
Pieces: 535058
makePieces time: 0.627397
Memory: 139.6 + 145.0 + 76.5 + 59.2 + 24.2 MB
 41.6 ±  0.0 ms - Greedy fill time
composePieces time: 8.94143
                                                                                