Running only task # 105
Using max depth 3
 |                                        | 0 / 416 (0.0%)Function count: 142
0.312534
0.349769
0.197204
0.218559
0.405157
0.452505
 34.0 ±  0.0 ms - Piece loop time
 39.8 ± 31.8 ms - Set time
 25.3 ±  0.8 ms - Child looking time
0.319988
0.356546
0.792635
1813.6 ±  0.0 ms - Total time
1234.9 ±  0.0 ms - Build f time
 92.9 ±  1.5 ms - Apply f time
953.9 ± 12.2 ms - Real f time 
403.8 ±  7.5 ms - Add time
 10.8 ±  0.4 ms - Find child
 15.6 ±  0.4 ms - Add child
365.1 ±  4.7 ms - Hash
125.6 ± 36.6 ms - Map
147.8 ±  1.7 ms - getState
0.205438
0.227225
0.524338
2338.0 ±  0.0 ms - Total time
1440.3 ±  0.0 ms - Build f time
139.1 ±  1.7 ms - Apply f time
1148.2 ± 12.8 ms - Real f time 
580.9 ± 37.6 ms - Add time
 21.7 ±  0.5 ms - Find child
 29.8 ±  0.6 ms - Add child
490.2 ± 15.1 ms - Hash
171.7 ± 36.6 ms - Map
220.2 ±  2.1 ms - getState
0.41472
0.46242
1.06621
3404.2 ±  0.0 ms - Total time
1855.0 ±  0.0 ms - Build f time
207.0 ±  2.1 ms - Apply f time
1489.1 ± 14.5 ms - Real f time 
882.2 ± 37.7 ms - Add time
 30.9 ±  0.6 ms - Find child
 42.4 ±  0.7 ms - Add child
760.5 ± 15.2 ms - Hash
222.9 ± 36.6 ms - Map
362.2 ±  2.8 ms - getState
Dag sizes: 249635 314908 274560 
brutePieces time: 2.38504
157.2 ±  0.0 ms - Piece loop time
 90.7 ± 38.4 ms - Set time
103.5 ±  1.2 ms - Child looking time
Nodes:  839103
Pieces: 293721
makePieces time: 0.158555
Memory: 33.8 + 29.2 + 26.9 + 26.0 + 9.5 MB
  2.1 ±  0.0 ms - Greedy fill time
composePieces time: 1.10618
                                                                                