Running only task # 329
Using max depth 33
 |                                        | 0 / 416 (0.0%)Function count: 142
0.500403
0.550703
0.548859
0.603746
0.552352
0.611703
0.499561
0.549493
0.558148
0.619272
0.560683
0.624161
0.646027
0.712291
 70.8 ±  0.0 ms - Piece loop time
 29.1 ± 15.3 ms - Set time
 57.2 ±  1.7 ms - Child looking time
0.509769
0.560122
0.921746
5193.5 ±  0.0 ms - Total time
4375.8 ±  0.0 ms - Build f time
227.5 ± 17.8 ms - Apply f time
4084.9 ± 46.6 ms - Real f time 
920.1 ± 77.4 ms - Add time
 13.0 ±  0.4 ms - Find child
 17.2 ±  0.5 ms - Add child
488.2 ±  6.0 ms - Hash
202.4 ± 42.2 ms - Map
267.8 ±  4.6 ms - getState
0.545051
0.599968
0.990935
6184.5 ±  0.0 ms - Total time
4920.8 ±  0.0 ms - Build f time
293.2 ± 17.8 ms - Apply f time
4630.5 ± 49.4 ms - Real f time 
1116.6 ± 77.5 ms - Add time
 23.1 ±  0.5 ms - Find child
 31.1 ±  0.6 ms - Add child
637.2 ±  6.1 ms - Hash
266.3 ± 42.2 ms - Map
375.3 ±  4.9 ms - getState
0.550074
0.608042
0.973982
7158.5 ±  0.0 ms - Total time
5470.9 ±  0.0 ms - Build f time
356.1 ± 18.0 ms - Apply f time
5163.4 ± 51.4 ms - Real f time 
1325.2 ± 77.7 ms - Add time
 32.8 ±  0.6 ms - Find child
 43.6 ±  0.7 ms - Add child
783.9 ±  6.1 ms - Hash
325.1 ± 42.2 ms - Map
481.4 ±  5.3 ms - getState
0.49323
0.542272
0.893559
8052.1 ±  0.0 ms - Total time
5964.2 ±  0.0 ms - Build f time
413.8 ± 18.0 ms - Apply f time
5661.1 ± 53.0 ms - Real f time 
1514.1 ± 77.8 ms - Add time
 42.5 ±  0.7 ms - Find child
 56.4 ±  0.8 ms - Add child
926.8 ±  6.3 ms - Hash
376.5 ± 42.2 ms - Map
579.2 ±  5.6 ms - getState
0.57578
0.634666
1.00999
9062.2 ±  0.0 ms - Total time
6539.9 ±  0.0 ms - Build f time
475.5 ± 18.1 ms - Apply f time
6237.4 ± 55.3 ms - Real f time 
1717.3 ± 77.9 ms - Add time
 52.6 ±  0.8 ms - Find child
 69.2 ±  0.9 ms - Add child
1081.3 ±  6.3 ms - Hash
449.1 ± 45.0 ms - Map
688.5 ±  6.0 ms - getState
0.551738
0.612671
0.991028
10053.2 ±  0.0 ms - Total time
7091.7 ±  0.0 ms - Build f time
542.9 ± 18.4 ms - Apply f time
6787.7 ± 58.3 ms - Real f time 
1922.4 ± 78.1 ms - Add time
 62.1 ±  0.9 ms - Find child
 82.8 ±  1.0 ms - Add child
1245.5 ± 17.0 ms - Hash
503.3 ± 45.0 ms - Map
802.8 ±  6.3 ms - getState
0.6722
0.737777
1.1878
11241.1 ±  0.0 ms - Total time
7763.9 ±  0.0 ms - Build f time
617.4 ± 18.5 ms - Apply f time
7455.5 ± 61.6 ms - Real f time 
2418.2 ± 252.2 ms - Add time
 74.8 ±  1.3 ms - Find child
 98.7 ±  1.1 ms - Add child
1461.7 ± 29.4 ms - Hash
576.2 ± 45.3 ms - Map
928.3 ±  6.6 ms - getState
Dag sizes: 254191 265488 258626 253013 270457 256930 316011 
brutePieces time: 6.97242
330.0 ±  0.0 ms - Piece loop time
128.1 ± 48.9 ms - Set time
232.3 ±  2.7 ms - Child looking time
Nodes:  1874716
Pieces: 338064
makePieces time: 0.332694
Memory: 75.7 + 63.9 + 60.0 + 59.4 + 19.5 MB
 88.9 ±  0.0 ms - Greedy fill time
composePieces time: 7.23878
                                                                                