Running only task # 318
Using max depth 23
 |                                        | 0 / 416 (0.0%)Function count: 142
0.468947
0.538773
0.571298
0.66329
0.558506
0.653203
0.456757
0.525385
0.57482
0.671258
0.562001
0.65078
0.80287
0.924017
101.8 ±  0.0 ms - Piece loop time
 62.8 ± 41.5 ms - Set time
 73.1 ±  2.2 ms - Child looking time
0.46295
0.531902
0.930484
5557.6 ±  0.0 ms - Total time
4458.1 ±  0.0 ms - Build f time
278.4 ±  4.1 ms - Apply f time
3442.0 ± 43.0 ms - Real f time 
1210.6 ± 57.6 ms - Add time
 17.2 ±  0.5 ms - Find child
 25.1 ±  0.6 ms - Add child
855.5 ±  7.2 ms - Hash
275.6 ± 41.9 ms - Map
312.3 ±  3.1 ms - getState
0.564097
0.655806
1.17978
6737.4 ±  0.0 ms - Total time
5022.2 ±  0.0 ms - Build f time
366.7 ±  4.5 ms - Apply f time
3916.1 ± 43.7 ms - Real f time 
1503.3 ± 57.6 ms - Add time
 31.2 ±  0.6 ms - Find child
 45.3 ±  0.8 ms - Add child
1069.1 ±  7.5 ms - Hash
347.4 ± 41.8 ms - Map
488.5 ±  3.8 ms - getState
0.568838
0.660385
1.1821
7919.6 ±  0.0 ms - Total time
5591.1 ±  0.0 ms - Build f time
453.7 ±  4.8 ms - Apply f time
4382.4 ± 44.9 ms - Real f time 
1895.0 ± 110.6 ms - Add time
 46.8 ±  0.8 ms - Find child
 65.2 ±  0.9 ms - Add child
1287.7 ±  7.9 ms - Hash
424.4 ± 41.8 ms - Map
677.7 ± 10.3 ms - getState
0.457843
0.52674
0.930906
8850.5 ±  0.0 ms - Total time
6048.9 ±  0.0 ms - Build f time
526.3 ±  7.7 ms - Apply f time
4767.5 ± 45.8 ms - Real f time 
2126.2 ± 110.9 ms - Add time
 58.4 ±  0.9 ms - Find child
 80.5 ±  1.0 ms - Add child
1463.2 ±  8.1 ms - Hash
483.8 ± 41.9 ms - Map
802.3 ± 10.4 ms - getState
0.592348
0.683499
1.20328
10053.9 ±  0.0 ms - Total time
6641.3 ±  0.0 ms - Build f time
613.0 ±  7.8 ms - Apply f time
5257.0 ± 46.7 ms - Real f time 
2422.1 ± 111.0 ms - Add time
 73.4 ±  1.0 ms - Find child
100.3 ±  1.1 ms - Add child
1685.0 ±  8.4 ms - Hash
556.6 ± 41.9 ms - Map
974.6 ± 10.6 ms - getState
0.562149
0.656012
1.17052
11224.4 ±  0.0 ms - Total time
7203.4 ±  0.0 ms - Build f time
697.0 ±  8.0 ms - Apply f time
5719.1 ± 47.4 ms - Real f time 
2715.1 ± 111.2 ms - Add time
 88.3 ±  1.1 ms - Find child
121.1 ±  1.3 ms - Add child
1900.7 ±  8.6 ms - Hash
629.6 ± 42.0 ms - Map
1147.2 ± 10.8 ms - getState
0.79881
0.917721
1.62965
12854.1 ±  0.0 ms - Total time
8002.2 ±  0.0 ms - Build f time
798.8 ±  8.2 ms - Apply f time
6353.8 ± 51.3 ms - Real f time 
3131.8 ± 111.3 ms - Add time
103.2 ±  1.1 ms - Find child
141.5 ±  1.4 ms - Add child
2234.0 ± 10.1 ms - Hash
700.4 ± 42.0 ms - Map
1386.8 ± 11.1 ms - getState
Dag sizes: 266928 341403 333113 266275 339317 339141 338634 
brutePieces time: 8.22978
273.2 ±  0.0 ms - Piece loop time
 82.7 ± 15.9 ms - Set time
189.4 ±  2.4 ms - Child looking time
Nodes:  2224811
Pieces: 12461
makePieces time: 0.273777
Memory: 119.6 + 104.0 + 71.2 + 65.0 + 16.8 MB
  0.5 ±  0.0 ms - Greedy fill time
composePieces time: 0.0856858
                                                                                