Running only task # 259
Using max depth 3
 |                                        | 0 / 416 (0.0%)Function count: 142
0.112236
0.119044
0.0963127
0.10234
0.111275
0.117606
0.112237
0.122691
 16.0 ±  0.0 ms - Piece loop time
 44.7 ± 39.9 ms - Set time
 12.0 ±  1.0 ms - Child looking time
0.115305
0.121789
0.250536
712.3 ±  0.0 ms - Total time
547.4 ±  0.0 ms - Build f time
 27.5 ±  0.7 ms - Apply f time
430.5 ±  5.7 ms - Real f time 
150.2 ±  8.8 ms - Add time
  4.2 ±  0.2 ms - Find child
  7.2 ±  0.3 ms - Add child
137.7 ±  1.2 ms - Hash
 92.6 ± 48.1 ms - Map
 42.4 ±  0.7 ms - getState
0.0982435
0.104528
0.219295
931.7 ±  0.0 ms - Total time
645.6 ±  0.0 ms - Build f time
 45.0 ±  0.8 ms - Apply f time
519.9 ±  6.0 ms - Real f time 
239.1 ± 37.6 ms - Add time
  8.6 ±  0.3 ms - Find child
 13.1 ±  0.4 ms - Add child
187.8 ±  1.5 ms - Hash
111.0 ± 48.1 ms - Map
 68.8 ±  0.8 ms - getState
0.117103
0.123251
0.240898
1172.6 ±  0.0 ms - Total time
762.7 ±  0.0 ms - Build f time
 63.0 ±  1.0 ms - Apply f time
621.8 ±  6.4 ms - Real f time 
296.5 ± 37.6 ms - Add time
 12.8 ±  0.4 ms - Find child
 19.4 ±  0.5 ms - Add child
240.4 ±  1.6 ms - Hash
129.5 ± 48.2 ms - Map
 95.4 ±  1.0 ms - getState
0.103774
0.110247
0.231524
1404.2 ±  0.0 ms - Total time
866.5 ±  0.0 ms - Build f time
 81.4 ±  1.1 ms - Apply f time
713.1 ±  6.7 ms - Real f time 
357.0 ± 37.7 ms - Add time
 16.8 ±  0.5 ms - Find child
 25.2 ±  0.6 ms - Add child
293.9 ±  1.8 ms - Hash
150.1 ± 48.2 ms - Map
122.7 ±  1.0 ms - getState
Dag sizes: 120787 131459 132427 137384 
brutePieces time: 0.945325
 50.4 ±  0.0 ms - Piece loop time
 58.2 ± 44.2 ms - Set time
 38.0 ±  1.6 ms - Child looking time
Nodes:  522057
Pieces: 103315
makePieces time: 0.0516337
Memory: 10.8 + 20.6 + 16.7 + 25.1 + 4.1 MB
  5.6 ±  0.0 ms - Greedy fill time
composePieces time: 0.496205
                                                                                