Running only task # 272
Using max depth 4
 |                                        | 0 / 416 (0.0%)Function count: 142
0.0571002
0.0599232
0.0506339
0.0531717
0.0533875
0.0563508
  6.6 ±  0.0 ms - Piece loop time
 40.5 ± 39.0 ms - Set time
  4.6 ±  0.5 ms - Child looking time
1.14154
1.21137
1.71749
1887.2 ±  0.0 ms - Total time
1302.7 ±  0.0 ms - Build f time
 95.9 ±  1.1 ms - Apply f time
1124.1 ±  8.0 ms - Real f time 
324.0 ± 15.5 ms - Add time
 21.7 ±  0.5 ms - Find child
 28.7 ±  0.7 ms - Add child
381.0 ±  1.8 ms - Hash
208.5 ± 41.8 ms - Map
131.9 ±  2.3 ms - getState
0.941723
1.00007
1.37359
3260.8 ±  0.0 ms - Total time
2244.4 ±  0.0 ms - Build f time
169.6 ±  1.6 ms - Apply f time
1959.4 ± 11.3 ms - Real f time 
551.7 ± 15.9 ms - Add time
 39.0 ±  0.7 ms - Find child
 51.3 ±  1.0 ms - Add child
657.2 ±  2.4 ms - Hash
317.0 ± 41.7 ms - Map
233.5 ±  2.8 ms - getState
1.05491
1.12322
1.61061
4871.5 ±  0.0 ms - Total time
3299.3 ±  0.0 ms - Build f time
256.3 ±  2.0 ms - Apply f time
2895.0 ± 13.4 ms - Real f time 
855.8 ± 29.0 ms - Add time
 60.2 ±  0.9 ms - Find child
 75.8 ±  1.1 ms - Add child
978.0 ±  3.7 ms - Hash
474.7 ± 41.8 ms - Map
353.2 ±  3.1 ms - getState
Dag sizes: 593180 466401 547720 
brutePieces time: 4.70409
392.3 ±  0.0 ms - Piece loop time
132.8 ± 16.6 ms - Set time
250.5 ±  3.8 ms - Child looking time
Nodes:  1607301
Pieces: 460994
makePieces time: 0.393649
Memory: 32.4 + 83.1 + 51.4 + 38.3 + 16.4 MB
  6.3 ±  0.0 ms - Greedy fill time
composePieces time: 1.27583
                                                                                