Running only task # 403
Using max depth 4
 |                                        | 0 / 416 (0.0%)Function count: 142
0.0275255
0.0293576
0.0409188
0.0442175
0.0383539
0.0410482
0.0314834
0.0335895
0.032592
0.034945
0.0361716
0.038349
 34.6 ±  0.0 ms - Piece loop time
 43.3 ± 38.5 ms - Set time
 30.6 ±  1.3 ms - Child looking time
0.450565
0.479754
0.53349
755.1 ±  0.0 ms - Total time
657.6 ±  0.0 ms - Build f time
 31.9 ±  0.8 ms - Apply f time
617.0 ±  3.1 ms - Real f time 
102.9 ±  2.8 ms - Add time
  9.6 ±  0.4 ms - Find child
 10.8 ±  0.4 ms - Add child
112.3 ±  1.2 ms - Hash
143.0 ± 38.3 ms - Map
 28.0 ±  0.6 ms - getState
0.778248
0.831471
0.920657
1675.8 ±  0.0 ms - Total time
1435.9 ±  0.0 ms - Build f time
 75.6 ±  1.1 ms - Apply f time
1355.9 ±  7.2 ms - Real f time 
222.1 ±  5.0 ms - Add time
 24.3 ±  0.6 ms - Find child
 27.5 ±  0.7 ms - Add child
249.7 ±  2.1 ms - Hash
319.3 ± 47.9 ms - Map
 67.3 ±  0.8 ms - getState
0.756859
0.807624
0.899463
2575.3 ±  0.0 ms - Total time
2192.7 ±  0.0 ms - Build f time
117.4 ±  1.3 ms - Apply f time
2054.3 ± 10.7 ms - Real f time 
335.8 ±  6.3 ms - Add time
 37.3 ±  0.7 ms - Find child
 44.1 ±  0.9 ms - Add child
390.5 ±  6.1 ms - Hash
472.5 ± 48.0 ms - Map
103.4 ±  1.2 ms - getState
0.588529
0.622462
0.68471
3260.1 ±  0.0 ms - Total time
2781.2 ±  0.0 ms - Build f time
147.5 ±  1.4 ms - Apply f time
2612.9 ± 11.8 ms - Real f time 
438.7 ± 16.3 ms - Add time
 46.7 ±  0.8 ms - Find child
 59.8 ±  4.0 ms - Add child
495.6 ±  6.2 ms - Hash
571.3 ± 48.1 ms - Map
130.8 ±  1.3 ms - getState
0.604838
0.641205
0.707498
3967.6 ±  0.0 ms - Total time
3386.1 ±  0.0 ms - Build f time
182.7 ±  1.6 ms - Apply f time
3198.5 ± 13.7 ms - Real f time 
534.2 ± 16.8 ms - Add time
 57.7 ±  0.9 ms - Find child
 73.8 ±  4.0 ms - Add child
604.3 ±  6.4 ms - Hash
670.3 ± 48.1 ms - Map
160.8 ±  1.5 ms - getState
0.684586
0.729219
0.807753
4775.4 ±  0.0 ms - Total time
4070.7 ±  0.0 ms - Build f time
221.4 ±  1.8 ms - Apply f time
3867.6 ± 20.9 ms - Real f time 
681.3 ± 45.5 ms - Add time
 71.3 ±  1.0 ms - Find child
 95.2 ±  8.5 ms - Add child
730.4 ±  6.5 ms - Hash
785.9 ± 48.1 ms - Map
196.4 ±  1.8 ms - getState
Dag sizes: 168114 323435 317600 231411 252513 294340 
brutePieces time: 4.5583
1340.8 ±  0.0 ms - Piece loop time
237.5 ± 37.2 ms - Set time
1038.3 ±  9.5 ms - Child looking time
Nodes:  1587413
Pieces: 16201
makePieces time: 1.34188
Memory: 9.5 + 171.5 + 50.8 + 50.6 + 30.5 MB
  1.3 ±  0.0 ms - Greedy fill time
composePieces time: 0.116218
                                                                                