Running only task # 119
Using max depth 4
 |                                        | 0 / 416 (0.0%)Function count: 142
0.158912
0.172636
0.0987058
0.106649
0.143373
0.156239
0.169105
0.185211
 28.1 ±  0.0 ms - Piece loop time
 39.4 ± 33.6 ms - Set time
 20.7 ±  0.9 ms - Child looking time
4.52714
4.9534
10.0276
10648.5 ±  0.0 ms - Total time
5097.2 ±  0.0 ms - Build f time
763.4 ±  4.5 ms - Apply f time
4341.6 ± 23.0 ms - Real f time 
2353.5 ± 27.6 ms - Add time
148.8 ±  1.4 ms - Find child
227.1 ±  2.1 ms - Add child
2148.6 ±  7.0 ms - Hash
1381.0 ± 41.9 ms - Map
1239.5 ±  4.2 ms - getState
2.65709
2.89892
5.58393
16232.5 ±  0.0 ms - Total time
7754.3 ±  0.0 ms - Build f time
1200.9 ± 14.8 ms - Apply f time
6705.6 ± 25.5 ms - Real f time 
3513.0 ± 28.5 ms - Add time
252.9 ±  2.4 ms - Find child
378.7 ±  2.6 ms - Add child
3237.8 ±  7.9 ms - Hash
2203.9 ± 42.4 ms - Map
1860.8 ± 10.9 ms - getState
4.06313
4.46992
8.83648
25069.0 ±  0.0 ms - Total time
11817.4 ±  0.0 ms - Build f time
1860.8 ± 18.8 ms - Apply f time
10239.0 ± 30.0 ms - Real f time 
5509.3 ± 42.1 ms - Add time
408.4 ±  5.8 ms - Find child
601.5 ±  3.9 ms - Add child
4986.7 ± 20.5 ms - Hash
3476.8 ± 43.6 ms - Map
2897.0 ± 11.7 ms - getState
4.95635
5.45993
11.1344
36203.4 ±  0.0 ms - Total time
16773.8 ±  0.0 ms - Build f time
2665.2 ± 20.0 ms - Apply f time
14528.8 ± 34.2 ms - Real f time 
8043.3 ± 52.4 ms - Add time
579.9 ±  6.1 ms - Find child
861.7 ±  4.6 ms - Add child
7195.8 ± 22.1 ms - Hash
5077.1 ± 46.5 ms - Map
4252.7 ± 12.9 ms - getState
Dag sizes: 4570546 3058866 4467163 5400003 
brutePieces time: 35.5843
5085.3 ±  0.0 ms - Piece loop time
1964.2 ± 25.4 ms - Set time
3001.9 ± 12.1 ms - Child looking time
Nodes:  17496578
Pieces: 5065336
makePieces time: 5.10038
Memory: 393.8 + 670.4 + 559.9 + 414.2 + 219.2 MB
 74.3 ±  0.0 ms - Greedy fill time
composePieces time: 21.2437
                                                                                