Running only task # 61
Using max depth 33
 |                                        | 0 / 416 (0.0%)Function count: 142
0.0329071
0.0362845
0.0291101
0.0320248
0.0310637
0.0342028
0.0311194
0.0340477
0.0264274
0.029133
0.0296166
0.0326004
0.0323587
0.035829
 26.7 ±  0.0 ms - Piece loop time
 41.0 ± 37.6 ms - Set time
 23.2 ±  1.0 ms - Child looking time
0.0490654
0.0533419
0.0930638
327.4 ±  0.0 ms - Total time
261.7 ±  0.0 ms - Build f time
 17.9 ±  0.6 ms - Apply f time
237.9 ±  4.0 ms - Real f time 
 68.0 ±  2.7 ms - Add time
  3.4 ±  0.2 ms - Find child
  4.7 ±  0.2 ms - Add child
 47.9 ±  0.7 ms - Hash
 67.0 ± 37.9 ms - Map
 20.0 ±  0.6 ms - getState
0.0453596
0.0503502
0.0881481
415.5 ±  0.0 ms - Total time
307.0 ±  0.0 ms - Build f time
 26.5 ±  0.7 ms - Apply f time
282.6 ±  4.2 ms - Real f time 
 89.4 ±  2.7 ms - Add time
  5.9 ±  0.3 ms - Find child
  7.8 ±  0.3 ms - Add child
 64.1 ±  0.9 ms - Hash
 76.5 ± 37.8 ms - Map
 30.5 ±  0.6 ms - getState
0.0486733
0.0538479
0.0933493
508.9 ±  0.0 ms - Total time
355.7 ±  0.0 ms - Build f time
 35.9 ±  0.8 ms - Apply f time
331.2 ±  4.4 ms - Real f time 
111.1 ±  2.8 ms - Add time
  8.4 ±  0.3 ms - Find child
 11.7 ±  0.4 ms - Add child
 80.4 ±  1.0 ms - Hash
 87.6 ± 37.9 ms - Map
 42.0 ±  0.8 ms - getState
0.0486058
0.0536891
0.0951692
604.1 ±  0.0 ms - Total time
404.3 ±  0.0 ms - Build f time
 45.6 ±  0.9 ms - Apply f time
379.5 ±  4.6 ms - Real f time 
134.3 ±  2.9 ms - Add time
 10.6 ±  0.4 ms - Find child
 15.2 ±  0.4 ms - Add child
 97.9 ±  1.0 ms - Hash
 97.9 ± 37.9 ms - Map
 54.1 ±  0.9 ms - getState
0.0605654
0.0677901
0.116628
720.8 ±  0.0 ms - Total time
464.9 ±  0.0 ms - Build f time
 57.9 ±  1.0 ms - Apply f time
436.8 ±  4.8 ms - Real f time 
162.6 ±  3.0 ms - Add time
 13.4 ±  0.4 ms - Find child
 19.8 ±  0.5 ms - Add child
114.6 ±  1.1 ms - Hash
125.4 ± 40.6 ms - Map
 68.8 ±  0.9 ms - getState
0.0511525
0.0561629
0.0964373
817.3 ±  0.0 ms - Total time
516.0 ±  0.0 ms - Build f time
 67.1 ±  1.0 ms - Apply f time
492.4 ±  6.7 ms - Real f time 
185.5 ±  3.1 ms - Add time
 16.3 ±  0.5 ms - Find child
 23.4 ±  0.6 ms - Add child
131.0 ±  1.2 ms - Hash
136.4 ± 40.6 ms - Map
 81.1 ±  1.2 ms - getState
0.053494
0.0588465
0.105565
922.9 ±  0.0 ms - Total time
569.5 ±  0.0 ms - Build f time
 77.7 ±  1.1 ms - Apply f time
544.5 ±  6.8 ms - Real f time 
213.1 ±  3.5 ms - Add time
 19.5 ±  0.5 ms - Find child
 27.1 ±  0.6 ms - Add child
149.8 ±  1.4 ms - Hash
152.8 ± 40.7 ms - Map
 93.7 ±  1.2 ms - getState
Dag sizes: 71323 69456 69834 71324 66186 70797 77815 
brutePieces time: 0.693586
 86.4 ±  0.0 ms - Piece loop time
 59.6 ± 38.3 ms - Set time
 64.3 ±  1.4 ms - Child looking time
Nodes:  496735
Pieces: 79413
makePieces time: 0.0876895
Memory: 5.7 + 22.7 + 15.9 + 37.3 + 5.4 MB
 23.7 ±  2.3 ms - Greedy fill time
composePieces time: 1.23787
                                                                                