Running only task # 158
Using max depth 33
 |                                        | 0 / 416 (0.0%)Function count: 142
0.0173475
0.0186473
0.0243755
0.0258464
0.0424878
0.0452486
0.0368246
0.039135
0.0108686
0.0113928
0.0440109
0.0465013
0.039398
0.04214
0.049054
0.0531842
0.0271338
0.0288109
0.0271576
0.0288985
0.0422353
0.044941
0.0367389
0.0390565
0.0108671
0.0114429
0.0391883
0.0417197
0.0397544
0.042615
0.0443754
0.0472611
0.0446585
0.0478083
127.1 ±  0.0 ms - Piece loop time
 63.8 ± 48.1 ms - Set time
104.7 ±  2.8 ms - Child looking time
0.018325
0.01928
0.0225026
637.6 ±  0.0 ms - Total time
594.8 ±  0.0 ms - Build f time
 15.0 ±  0.7 ms - Apply f time
520.7 ±  3.0 ms - Real f time 
109.2 ±  8.0 ms - Add time
  2.8 ±  0.2 ms - Find child
  3.5 ±  0.2 ms - Add child
 95.6 ±  1.0 ms - Hash
118.8 ± 42.7 ms - Map
 15.3 ±  0.4 ms - getState
0.0252708
0.0267771
0.0322887
670.0 ±  0.0 ms - Total time
620.1 ±  0.0 ms - Build f time
 17.1 ±  0.7 ms - Apply f time
545.3 ±  3.0 ms - Real f time 
114.4 ±  8.0 ms - Add time
  3.8 ±  0.2 ms - Find child
  4.7 ±  0.2 ms - Add child
101.5 ±  1.1 ms - Hash
123.4 ± 42.7 ms - Map
 17.1 ±  0.4 ms - getState
0.048064
0.0510968
0.0640223
734.1 ±  0.0 ms - Total time
668.1 ±  0.0 ms - Build f time
 21.6 ±  0.8 ms - Apply f time
588.8 ±  3.1 ms - Real f time 
124.9 ±  8.0 ms - Add time
  5.4 ±  0.3 ms - Find child
  6.5 ±  0.3 ms - Add child
111.6 ±  1.1 ms - Hash
133.0 ± 42.7 ms - Map
 21.2 ±  0.4 ms - getState
0.0384935
0.040712
0.0510906
785.2 ±  0.0 ms - Total time
706.6 ±  0.0 ms - Build f time
 25.2 ±  0.8 ms - Apply f time
623.1 ±  3.2 ms - Real f time 
133.1 ±  8.0 ms - Add time
  6.6 ±  0.3 ms - Find child
  8.2 ±  0.3 ms - Add child
120.5 ±  1.2 ms - Hash
141.4 ± 42.6 ms - Map
 24.5 ±  0.5 ms - getState
0.0107343
0.0112301
0.0125128
797.7 ±  0.0 ms - Total time
717.4 ±  0.0 ms - Build f time
 25.9 ±  0.8 ms - Apply f time
633.8 ±  3.2 ms - Real f time 
135.2 ±  8.0 ms - Add time
  6.9 ±  0.3 ms - Find child
  8.5 ±  0.3 ms - Add child
123.4 ±  1.2 ms - Hash
143.0 ± 42.6 ms - Map
 25.0 ±  0.5 ms - getState
0.0399337
0.04226
0.0537375
851.5 ±  0.0 ms - Total time
757.3 ±  0.0 ms - Build f time
 29.6 ±  0.8 ms - Apply f time
683.2 ± 12.6 ms - Real f time 
144.4 ±  8.0 ms - Add time
  8.3 ±  0.3 ms - Find child
 10.4 ±  0.4 ms - Add child
132.5 ±  1.3 ms - Hash
150.4 ± 42.6 ms - Map
 28.5 ±  0.5 ms - getState
0.0456312
0.0484491
0.0603351
911.8 ±  0.0 ms - Total time
802.9 ±  0.0 ms - Build f time
 33.5 ±  0.9 ms - Apply f time
723.5 ± 12.6 ms - Real f time 
154.8 ±  8.0 ms - Add time
  9.5 ±  0.4 ms - Find child
 12.0 ±  0.4 ms - Add child
142.2 ±  1.4 ms - Hash
158.7 ± 42.7 ms - Map
 32.0 ±  0.5 ms - getState
0.0452028
0.0480284
0.0612356
973.1 ±  0.0 ms - Total time
848.1 ±  0.0 ms - Build f time
 37.5 ±  0.9 ms - Apply f time
766.0 ± 12.7 ms - Real f time 
165.8 ±  8.0 ms - Add time
 11.0 ±  0.4 ms - Find child
 13.8 ±  0.4 ms - Add child
152.4 ±  1.5 ms - Hash
166.8 ± 42.6 ms - Map
 35.8 ±  0.6 ms - getState
0.018266
0.0191499
0.0222371
995.4 ±  0.0 ms - Total time
866.4 ±  0.0 ms - Build f time
 38.7 ±  0.9 ms - Apply f time
783.7 ± 12.7 ms - Real f time 
169.7 ±  8.0 ms - Add time
 11.6 ±  0.4 ms - Find child
 14.5 ±  0.4 ms - Add child
156.9 ±  1.5 ms - Hash
170.2 ± 42.6 ms - Map
 36.9 ±  0.6 ms - getState
0.024943
0.0263264
0.0315717
1026.9 ±  0.0 ms - Total time
891.3 ±  0.0 ms - Build f time
 40.8 ±  0.9 ms - Apply f time
808.0 ± 12.7 ms - Real f time 
175.4 ±  8.0 ms - Add time
 12.4 ±  0.4 ms - Find child
 15.4 ±  0.5 ms - Add child
162.2 ±  1.5 ms - Hash
174.3 ± 42.6 ms - Map
 38.8 ±  0.6 ms - getState
0.0430813
0.0456816
0.0639761
1090.9 ±  0.0 ms - Total time
934.4 ±  0.0 ms - Build f time
 46.0 ±  0.9 ms - Apply f time
848.4 ± 12.7 ms - Real f time 
187.5 ±  8.0 ms - Add time
 14.4 ±  0.4 ms - Find child
 17.4 ±  0.5 ms - Add child
172.5 ±  1.5 ms - Hash
183.1 ± 42.6 ms - Map
 43.8 ±  0.6 ms - getState
0.0374014
0.0394429
0.0491516
1140.1 ±  0.0 ms - Total time
971.8 ±  0.0 ms - Build f time
 49.5 ±  1.0 ms - Apply f time
884.1 ± 12.7 ms - Real f time 
196.8 ±  8.1 ms - Add time
 15.5 ±  0.4 ms - Find child
 19.1 ±  0.5 ms - Add child
181.0 ±  1.6 ms - Hash
189.4 ± 42.5 ms - Map
 46.7 ±  0.7 ms - getState
0.0108543
0.0114326
0.012793
1152.9 ±  0.0 ms - Total time
982.7 ±  0.0 ms - Build f time
 50.1 ±  1.0 ms - Apply f time
894.8 ± 12.7 ms - Real f time 
198.8 ±  8.1 ms - Add time
 15.8 ±  0.4 ms - Find child
 19.4 ±  0.5 ms - Add child
183.2 ±  1.6 ms - Hash
191.5 ± 42.6 ms - Map
 47.2 ±  0.7 ms - getState
0.0398015
0.0419933
0.0529397
1205.9 ±  0.0 ms - Total time
1022.5 ±  0.0 ms - Build f time
 53.9 ±  1.0 ms - Apply f time
931.4 ± 12.8 ms - Real f time 
208.2 ±  8.1 ms - Add time
 17.1 ±  0.5 ms - Find child
 20.9 ±  0.5 ms - Add child
192.6 ±  1.6 ms - Hash
200.1 ± 42.6 ms - Map
 51.0 ±  0.7 ms - getState
0.0405211
0.0431291
0.0539344
1259.8 ±  0.0 ms - Total time
1063.0 ±  0.0 ms - Build f time
 57.6 ±  1.0 ms - Apply f time
971.8 ± 12.8 ms - Real f time 
218.2 ±  8.1 ms - Add time
 18.6 ±  0.5 ms - Find child
 22.5 ±  0.6 ms - Add child
201.5 ±  1.7 ms - Hash
207.4 ± 42.6 ms - Map
 54.5 ±  0.7 ms - getState
0.0460747
0.0491066
0.0630795
1322.9 ±  0.0 ms - Total time
1109.1 ±  0.0 ms - Build f time
 62.1 ±  1.0 ms - Apply f time
1014.7 ± 12.8 ms - Real f time 
229.5 ±  8.1 ms - Add time
 20.3 ±  0.5 ms - Find child
 24.7 ±  0.6 ms - Add child
212.0 ±  1.7 ms - Hash
216.0 ± 42.6 ms - Map
 58.6 ±  0.7 ms - getState
0.0466411
0.0495165
0.0627174
1385.7 ±  0.0 ms - Total time
1155.7 ±  0.0 ms - Build f time
 66.4 ±  1.1 ms - Apply f time
1057.1 ± 12.9 ms - Real f time 
241.1 ±  8.1 ms - Add time
 22.1 ±  0.5 ms - Find child
 26.9 ±  0.6 ms - Add child
222.4 ±  1.7 ms - Hash
230.8 ± 43.1 ms - Map
 62.7 ±  0.8 ms - getState
Dag sizes: 12111 19971 37509 34830 6459 33676 35922 39609 12450 20036 37464 34545 6326 33746 35523 41615 41304 
brutePieces time: 0.781475
269.2 ±  0.0 ms - Piece loop time
 53.9 ± 35.0 ms - Set time
226.8 ±  4.4 ms - Child looking time
Nodes:  483096
Pieces: 14629
makePieces time: 0.270318
Memory: 3.1 + 36.2 + 15.5 + 79.0 + 8.9 MB
  1.8 ±  0.2 ms - Greedy fill time
composePieces time: 0.168711
                                                                                