Running only task # 287
Using max depth 4
 |                                        | 0 / 416 (0.0%)Function count: 142
0.0554121
0.0623021
0.0613884
0.0678473
0.0502146
0.0564169
0.0479905
0.0533784
0.0597994
0.0660013
 45.5 ±  0.0 ms - Piece loop time
 44.5 ± 36.1 ms - Set time
 47.8 ± 13.4 ms - Child looking time
1.37257
1.50246
1.92006
2226.2 ±  0.0 ms - Total time
1647.4 ±  0.0 ms - Build f time
138.2 ±  1.6 ms - Apply f time
1494.6 ±  7.4 ms - Real f time 
388.5 ± 18.9 ms - Add time
 41.1 ±  1.0 ms - Find child
 54.1 ±  1.1 ms - Add child
301.2 ±  2.6 ms - Hash
456.1 ± 41.2 ms - Map
138.5 ±  1.3 ms - getState
1.45891
1.58907
2.03176
4258.0 ±  0.0 ms - Total time
3106.3 ±  0.0 ms - Build f time
267.8 ±  2.0 ms - Apply f time
2847.3 ±  9.5 ms - Real f time 
716.3 ± 20.0 ms - Add time
 82.9 ±  1.3 ms - Find child
107.7 ±  1.4 ms - Add child
580.3 ±  3.4 ms - Hash
845.6 ± 41.3 ms - Map
276.2 ±  2.1 ms - getState
1.16128
1.28085
1.60362
5861.6 ±  0.0 ms - Total time
4267.6 ±  0.0 ms - Build f time
373.6 ±  2.3 ms - Apply f time
3906.3 ± 10.3 ms - Real f time 
983.2 ± 23.4 ms - Add time
116.0 ±  1.6 ms - Find child
150.3 ±  1.6 ms - Add child
805.6 ±  3.8 ms - Hash
1144.9 ± 44.1 ms - Map
386.2 ±  2.5 ms - getState
1.14566
1.26214
1.59623
7457.9 ±  0.0 ms - Total time
5413.2 ±  0.0 ms - Build f time
479.5 ±  2.7 ms - Apply f time
4961.7 ± 18.2 ms - Real f time 
1235.0 ± 23.5 ms - Add time
147.0 ±  1.7 ms - Find child
192.3 ±  1.8 ms - Add child
1028.9 ±  6.5 ms - Hash
1452.6 ± 44.2 ms - Map
494.7 ±  3.7 ms - getState
1.44517
1.57017
1.98489
9442.8 ±  0.0 ms - Total time
6858.4 ±  0.0 ms - Build f time
603.6 ±  3.0 ms - Apply f time
6282.5 ± 19.9 ms - Real f time 
1541.3 ± 24.1 ms - Add time
186.9 ±  2.0 ms - Find child
242.9 ±  2.0 ms - Add child
1296.9 ±  6.7 ms - Hash
1830.3 ± 44.4 ms - Map
627.0 ±  5.5 ms - getState
Dag sizes: 1114391 1140650 930044 889138 1072466 
brutePieces time: 9.13853
3535.9 ±  0.0 ms - Piece loop time
844.7 ± 15.5 ms - Set time
2453.2 ±  9.9 ms - Child looking time
Nodes:  5146689
Pieces: 648831
makePieces time: 3.54037
Memory: 29.4 + 340.5 + 164.7 + 124.3 + 101.3 MB
  2.1 ±  0.0 ms - Greedy fill time
composePieces time: 2.37022
                                                                                